# name/game/hands/seed sample_game_35 ../lib/python-client/acpc_infrastructure/holdem.nolimit.6p.game 10000 35
#--t_response 600000000
#--t_hand 600000000
#--t_per_hand 600000000
STATE:0:fffr225fc/cc/cc/cr475c:4s9c|7d7c|3c2h|Jc9s|6dJd|Kc8d/5dKdAs/5h/6h:-50|-475|0|0|0|525:MrWhite|Gogo|Budd|Eddie|Bill|Pluribus
STATE:1:ffffr300f:Ac7c|3c6s|3s4c|6d5h|9h8d|5cTd:100|-100|0|0|0|0:Gogo|Budd|Eddie|Bill|Pluribus|MrWhite
STATE:2:fffff:4d5c|2s8h|Kd2h|9d4h|4c3h|3d9h:-50|50|0|0|0|0:Budd|Eddie|Bill|Pluribus|MrWhite|Gogo
STATE:3:ffr200ffr900c/r1375c/r2300f:Qh9c|9d7d|7c8d|9s2c|5s5d|3dKc/4h2h7h/4c:-50|1425|0|0|-1375|0:Eddie|Bill|Pluribus|MrWhite|Gogo|Budd
STATE:4:r225fffff:4c5c|5s2h|9sTs|7c9h|Ad6s|8d2s:-50|-100|150|0|0|0:Bill|Pluribus|MrWhite|Gogo|Budd|Eddie
STATE:5:fr225fffc/cr475c/cr2025c/cc:3s2h|9d9s|2dQd|AcQc|7c5d|Tc7d/3d4cKc/9h/6h:-50|2075|0|-2025|0|0:Pluribus|MrWhite|Gogo|Budd|Eddie|Bill
STATE:6:ffr225fr775fc/r1600c/r4075c/cr10000f:KdQs|7s6h|9c3d|9hQd|JdQh|4cJs/Kh2hTh/7d/6c:-4075|-100|0|0|4175|0:MrWhite|Gogo|Budd|Eddie|Bill|Pluribus
STATE:7:fffr225ff:4dKh|4c7s|Kc3c|9cTh|7cAd|3s3d:-50|-100|0|0|0|150:Gogo|Budd|Eddie|Bill|Pluribus|MrWhite
STATE:8:fffr200fc/cc/r750c/r3500c:5s5c|KhTh|6cJc|9h6h|9d7c|Ad7h/7sJs9c/Jd/3c:-50|-3500|0|0|0|3550:Budd|Eddie|Bill|Pluribus|MrWhite|Gogo
STATE:9:ffffcc/cr200c/cc/cr400f:2h2d|4sAd|Jh4d|5cJc|7h8c|6h9d/As7d5h/Qc/6s:-200|200|0|0|0|0:Eddie|Bill|Pluribus|MrWhite|Gogo|Budd
STATE:10:ffr225cff/cr375f:Qh9d|3c4s|3hKd|4h5s|9sKs|6dAd/5d4d2h:-50|-100|0|0|-225|375:Bill|Pluribus|MrWhite|Gogo|Budd|Eddie
STATE:11:r200ffffc/cr350r912c/cc/cr1587f:Qh9h|Ah6h|AsTc|9c5d|7h4d|7sQs/3hTsKh/2c/6c:-50|-912|962|0|0|0:Pluribus|MrWhite|Gogo|Budd|Eddie|Bill
STATE:12:r225fr700ffff:Ah2s|Th3d|2dAd|6cKd|AcTc|Js4d:-50|-100|-225|0|375|0:MrWhite|Gogo|Budd|Eddie|Bill|Pluribus
STATE:13:ffr350ffc/cc/cc/cr725f:5h9s|2h2d|Js6h|Td6d|AhKc|8s3s/4h8cAc/3h/9c:-50|-350|0|0|400|0:Gogo|Budd|Eddie|Bill|Pluribus|MrWhite
STATE:14:ffffr300c/cc/r750f:9hTd|4h4d|7cQs|8s4c|Kh9s|3sTh/8cAdJh/3c:300|-300|0|0|0|0:Budd|Eddie|Bill|Pluribus|MrWhite|Gogo
STATE:15:ffr200fr1100r2300ff:ThJh|KcKh|6hAd|Ac5h|9hKd|4c9c:-1100|1300|0|0|-200|0:Eddie|Bill|Pluribus|MrWhite|Gogo|Budd
STATE:16:r225fffff:Td7d|Th2h|Kc9c|7s3c|Qh3h|5c6h:-50|-100|150|0|0|0:Bill|Pluribus|MrWhite|Gogo|Budd|Eddie
STATE:17:r200fffff:Kd3d|2cQd|TsAd|Js6d|9s5d|Ah3c:-50|-100|150|0|0|0:Pluribus|MrWhite|Gogo|Budd|Eddie|Bill
STATE:18:fffr200fc/cr425r900c/cr2750f:4c3d|7d7s|5c3h|Ad3s|As3c|7cQc/8cKc4h/6c:-50|-900|0|0|0|950:MrWhite|Gogo|Budd|Eddie|Bill|Pluribus
STATE:19:fffff:7d9c|8dAc|6cQc|5h4d|5sTc|2d3c:-50|50|0|0|0|0:Gogo|Budd|Eddie|Bill|Pluribus|MrWhite
STATE:20:r225fccfc/cccr550fcf/cr1750f:Ac4d|JdQc|9d9s|7sTd|8s8c|5h6h/5c5sKs/Ts:-50|-225|-550|0|-225|1050:Budd|Eddie|Bill|Pluribus|MrWhite|Gogo
STATE:21:ffffr300c/r660f:8sAd|4d4s|9s5d|5cAs|2d8c|6cQd/JdKd2h:300|-300|0|0|0|0:Eddie|Bill|Pluribus|MrWhite|Gogo|Budd
STATE:22:fr200ffff:Ad3h|7cKd|6c9d|KhQs|2cKc|TdQc:-50|-100|0|150|0|0:Bill|Pluribus|MrWhite|Gogo|Budd|Eddie
STATE:23:fr225fffc/cc/r475f:Qd5c|8hKh|5h9h|7hAh|8cQc|6d2d/5s3d8s/Qh:-50|275|0|-225|0|0:Pluribus|MrWhite|Gogo|Budd|Eddie|Bill
STATE:24:ffr225ffc/cr375r900f:6s7d|Ac9h|4hQd|5c8d|Ts8s|6h9c/7hJhKh:-50|425|0|0|-375|0:MrWhite|Gogo|Budd|Eddie|Bill|Pluribus
STATE:25:ffr200ffc/cr425c/cr1775f:Jc6s|5sAd|Qs2c|ThKd|9d8d|3s8c/5dQc7h/Tc:-50|-425|0|0|475|0:Gogo|Budd|Eddie|Bill|Pluribus|MrWhite
STATE:26:r225r525ffffc/cr1725f:4d7h|QdTc|KhJc|KcQh|4h8h|6hTd/5c8s9c:-50|-100|-525|675|0|0:Budd|Eddie|Bill|Pluribus|MrWhite|Gogo
STATE:27:ffr200ffr900f:5s4d|QsAd|8c6d|3h9s|KhJs|5h7c:-50|250|0|0|-200|0:Eddie|Bill|Pluribus|MrWhite|Gogo|Budd
STATE:28:r225ffffc/cc/r350c/cr912c:3h5d|ThJs|KdAh|8d2c|7dTd|Qs7h/6dJc5s/9h/7s:-50|962|-912|0|0|0:Bill|Pluribus|MrWhite|Gogo|Budd|Eddie
STATE:29:fr225ffr1325ff:KsKh|QdJs|2cQs|6h6s|8h2d|5d9d:325|-100|0|-225|0|0:Pluribus|MrWhite|Gogo|Budd|Eddie|Bill
STATE:30:ffffr300r900f:7s6h|AhTh|8d2h|7h9d|5h9c|2c8h:-300|300|0|0|0|0:MrWhite|Gogo|Budd|Eddie|Bill|Pluribus
STATE:31:r200fcfff/cc/r660c/cr1395f:KsTd|9s2d|9dQd|Jc3h|6s6c|3cJs/7d5d4s/2c/Ah:-50|-100|-660|0|810|0:Gogo|Budd|Eddie|Bill|Pluribus|MrWhite
STATE:32:r225ffffc/cr400f:Jc8c|2s5s|As9s|TcAh|8hTd|8d3c/QcJhKh:-50|-225|275|0|0|0:Budd|Eddie|Bill|Pluribus|MrWhite|Gogo
STATE:33:ffffcc/cc/cr250c/cc:4cKs|Jd8s|7d8d|8h5d|5hQs|3hJc/4d3c5c/Js/2h:-250|250|0|0|0|0:Eddie|Bill|Pluribus|MrWhite|Gogo|Budd
STATE:34:fffr222fc/cc/cc/cc:8dQs|7s5s|6hQc|Qd8s|Kh9d|JdJc/5cQhKd/9h/3h:-50|-222|0|0|0|272:Bill|Pluribus|MrWhite|Gogo|Budd|Eddie
STATE:35:fffr250cc/ccr450ff:JdKc|8hTh|2sQd|8cAd|Ks9h|5sJs/As7s6s:-250|-250|0|0|0|500:Pluribus|MrWhite|Gogo|Budd|Eddie|Bill
STATE:36:fr200fcfc/ccc/ccr525ff:4h5s|Qc7c|5d8d|8s6s|Ad4c|Ac6c/As4dQh/Kc:-50|-200|0|-200|0|450:MrWhite|Gogo|Budd|Eddie|Bill|Pluribus
STATE:37:fffff:2cQs|3dAh|4h8d|9hJs|9d3c|5d6h:-50|50|0|0|0|0:Gogo|Budd|Eddie|Bill|Pluribus|MrWhite
STATE:38:fffr200ff:Kc5d|Jh5c|Tc7d|Qd9s|5s3s|Js9d:-50|-100|0|0|0|150:Budd|Eddie|Bill|Pluribus|MrWhite|Gogo
STATE:39:ffffr300c/cr600r1100c/cr1650f:2s2c|8s9d|Js6d|9c4d|2hKs|6h3s/7s9h9s/8c:-1100|1100|0|0|0|0:Eddie|Bill|Pluribus|MrWhite|Gogo|Budd
STATE:40:fr200r700fffc/cr1250c/cr3050c/cc:KcTh|8s7h|Kd8d|6h6d|9s9d|Qs2s/5h3h5c/7s/Ah:-50|-100|0|-3050|3200|0:Bill|Pluribus|MrWhite|Gogo|Budd|Eddie
STATE:41:fffr250fc/cc/cr525f:4cAs|7dTd|2dQh|9s6c|9cKh|3dAd/7hQs8s/Kd:-50|-250|0|0|0|300:Pluribus|MrWhite|Gogo|Budd|Eddie|Bill
STATE:42:fffff:4sTs|As2h|Qd9d|6d9c|3h6s|4dQh:-50|50|0|0|0|0:MrWhite|Gogo|Budd|Eddie|Bill|Pluribus
STATE:43:fffr225fc/cc/r600f:Js3c|QsTh|Qh6c|7dQd|9d2s|QcAh/7c9hTd/5c:-50|275|0|0|0|-225:Gogo|Budd|Eddie|Bill|Pluribus|MrWhite
STATE:44:ffr225ffc/cr600f:3d7s|9s4s|6h2h|2cAh|TdQd|TcJd/5c9hKc:-50|-225|0|0|275|0:Budd|Eddie|Bill|Pluribus|MrWhite|Gogo
STATE:45:fr225ffff:8h6d|2s7d|7h8c|5d4d|9sTd|QcTh:-50|-100|0|150|0|0:Eddie|Bill|Pluribus|MrWhite|Gogo|Budd
STATE:46:r225fffff:2dJh|3d6c|Ks9s|Ad5c|7cQd|6s2s:-50|-100|150|0|0|0:Bill|Pluribus|MrWhite|Gogo|Budd|Eddie
STATE:47:ffffcc/cc/cc/r300f:7hTc|3h9c|TsQh|Th6c|2hQd|5s9d/QsKc3c/5h/Jd:100|-100|0|0|0|0:Pluribus|MrWhite|Gogo|Budd|Eddie|Bill
STATE:48:ffffr300r900c/cr1500c/cc/cc:9hQh|Kd6h|9d7c|7s4s|5sTh|2sJc/2hQsAs/8s/2d:1500|-1500|0|0|0|0:MrWhite|Gogo|Budd|Eddie|Bill|Pluribus
STATE:49:ffr200fff:2hTh|2s4d|Qc6d|5dTd|3s3d|9h8d:-50|-100|0|0|150|0:Gogo|Budd|Eddie|Bill|Pluribus|MrWhite
STATE:50:ffr225ffc/cc/cc/r1225f:Th7h|Jc9d|9c2h|Js8h|JhAd|6cTd/2s2cQh/5c/Tc:-50|275|0|0|-225|0:Budd|Eddie|Bill|Pluribus|MrWhite|Gogo
STATE:51:ffffcc/cc/cr250c/cr500f:9cJs|Ts8d|As8c|Td6s|2d9h|2h9s/Qs9d5s/6h/7d:-250|250|0|0|0|0:Eddie|Bill|Pluribus|MrWhite|Gogo|Budd
STATE:52:fr200r700fffc/cr1250c/cr3050c/cr10000f:AhJc|6c3h|Kc7d|JdJh|QcAs|QdTd/Js2s3s/Qh/7s:-50|-100|0|-3050|3200|0:Bill|Pluribus|MrWhite|Gogo|Budd|Eddie
STATE:53:ffr200fff:5sQd|5d8h|2d9h|Jh9d|JcAh|6hQc:-50|-100|0|0|150|0:Pluribus|MrWhite|Gogo|Budd|Eddie|Bill
STATE:54:fr200ffff:8s6d|5d6c|9c7c|AhQd|4s3d|7d9d:-50|-100|0|150|0|0:MrWhite|Gogo|Budd|Eddie|Bill|Pluribus
STATE:55:fffff:3cQh|4dTc|9s7d|Js4c|9h4s|Qc6h:-50|50|0|0|0|0:Gogo|Budd|Eddie|Bill|Pluribus|MrWhite
STATE:56:fffr200fc/cr350f:AsKc|8dTc|9h3d|9c3h|Ad3s|8cJc/2cJdJh:-50|-200|0|0|0|250:Budd|Eddie|Bill|Pluribus|MrWhite|Gogo
STATE:57:fr225fffc/cr600c/cr1537c/cc:6c5d|2s6s|Kc5s|As9s|QhJc|4cJh/2c8c3s/Qs/5c:-50|1587|0|-1537|0|0:Eddie|Bill|Pluribus|MrWhite|Gogo|Budd
STATE:58:fr200ffff:Js9d|Kc3s|Td3c|AdAc|8sQh|4hKd:-50|-100|0|150|0|0:Bill|Pluribus|MrWhite|Gogo|Budd|Eddie
STATE:59:ffr200r725ffc/cc/cc/r3525f:5c4d|3cAc|2dQs|9c8s|Jd9d|AhTh/QdTd3s/Kc/Qc:-50|-100|0|0|875|-725:Pluribus|MrWhite|Gogo|Budd|Eddie|Bill
STATE:60:fffff:5c3c|Js7s|Qd8d|3s5h|6hJh|2sAd:-50|50|0|0|0|0:MrWhite|Gogo|Budd|Eddie|Bill|Pluribus
STATE:61:ffffr300f:3hKh|2c8h|4d6d|6c9c|3cTd|8d3s:100|-100|0|0|0|0:Gogo|Budd|Eddie|Bill|Pluribus|MrWhite
STATE:62:fffr200fc/cr350f:8d9h|7cKs|9cQh|8h2h|Kc7h|JsAc/6sJhAd:-50|-200|0|0|0|250:Budd|Eddie|Bill|Pluribus|MrWhite|Gogo
STATE:63:ffffr300f:Qd2d|3c7h|7s6d|JhTs|3dAh|4cJd:100|-100|0|0|0|0:Eddie|Bill|Pluribus|MrWhite|Gogo|Budd
STATE:64:fffr222r950ff:6d6c|9h4h|9sAd|6hJh|7hQs|TsJd:322|-100|0|0|0|-222:Bill|Pluribus|MrWhite|Gogo|Budd|Eddie
STATE:65:ffr200fcr950cf/cc/cr2525f:TsAd|JdJc|5c8h|6cKh|JsQs|5d9c/7dAh8c/7h:-200|-950|0|0|1150|0:Pluribus|MrWhite|Gogo|Budd|Eddie|Bill
STATE:66:fffr225fc/cr1225f:5c9c|As8d|3hQs|Jh4d|Tc9h|6sTs/JcKd4s:-50|-225|0|0|0|275:MrWhite|Gogo|Budd|Eddie|Bill|Pluribus
STATE:67:ffr200fff:8h2h|3hTs|Jc2c|8d3c|9dJd|Td7c:-50|-100|0|0|150|0:Gogo|Budd|Eddie|Bill|Pluribus|MrWhite
STATE:68:fffr200fc/cr350f:2dQd|Jd9c|Kd4h|5s7s|7cJs|Td9s/As7h4c:-50|-200|0|0|0|250:Budd|Eddie|Bill|Pluribus|MrWhite|Gogo
STATE:69:ffffcr350f:4d9d|5sJc|5d7c|Ad2c|8dKh|5c6h:-100|100|0|0|0|0:Eddie|Bill|Pluribus|MrWhite|Gogo|Budd
STATE:70:ffffr300f:Ad7c|7h3c|5h9h|7dQs|3dJd|4cTd:100|-100|0|0|0|0:Bill|Pluribus|MrWhite|Gogo|Budd|Eddie
STATE:71:r200fffcc/ccc/ccc/ccc:5h5d|Ad7h|AcQh|9h3s|JhTc|QdJc/2d4c7d/4d/3c:-200|400|-200|0|0|0:Pluribus|MrWhite|Gogo|Budd|Eddie|Bill
