# name/game/hands/seed sample_game_33 ../lib/python-client/acpc_infrastructure/holdem.nolimit.6p.game 10000 33
#--t_response 600000000
#--t_hand 600000000
#--t_per_hand 600000000
STATE:0:fr200fffr900c/cc/r2150c/cc:9d6c|AsKs|7d9h|6d6h|Ah4s|2dJc/Qs7h5s/4h/7c:-50|-2150|0|2200|0|0:MrWhite|Gogo|Budd|Eddie|Bill|Pluribus
STATE:1:ffffr300c/cc/cc/cr675c:7c6c|JdKc|2sQs|9cKd|2c8c|3dKs/6h9d8h/7h/Ah:675|-675|0|0|0|0:Gogo|Budd|Eddie|Bill|Pluribus|MrWhite
STATE:2:fffr200fc/cr350c/cc/cr725f:2s8s|Ad4d|8dQc|6c8h|5c3d|Ts5s/JhJs3h/Th/7c:-50|-350|0|0|0|400:Budd|Eddie|Bill|Pluribus|MrWhite|Gogo
STATE:3:fffr250fc/cr425f:2hTc|As9d|Js5h|Qc4s|5sQs|Qh9s/JhKh3h:-50|-250|0|0|0|300:Eddie|Bill|Pluribus|MrWhite|Gogo|Budd
STATE:4:ffffr300f:3h4h|8s5h|9h3c|2d4d|Jd9s|9d2h:100|-100|0|0|0|0:Bill|Pluribus|MrWhite|Gogo|Budd|Eddie
STATE:5:fr225ffcc/ccr625cf/cc/cc:As9s|Jd6d|2c4d|9cKc|4c6h|6sKh/3c4hAc/3d/2d:850|-225|0|-625|0|0:Pluribus|MrWhite|Gogo|Budd|Eddie|Bill
STATE:6:r225ffccf/ccc/ccr612fc/cr1386c:6s7d|3c9s|KhJh|Td2s|Qc7c|TcKc/5cQhAs/Jc/5d:-225|-100|-1386|0|0|1711:MrWhite|Gogo|Budd|Eddie|Bill|Pluribus
STATE:7:r200r625ffffc/cr1100c/cc/r5100f:3s6d|JdAh|QcQh|JsJh|5hKh|Ad2d/Kc3c2h/4s/Qs:-50|-100|1250|-1100|0|0:Gogo|Budd|Eddie|Bill|Pluribus|MrWhite
STATE:8:r225fffff:9sJc|6s8c|KdQd|6d7c|9d5c|4d3d:-50|-100|150|0|0|0:Budd|Eddie|Bill|Pluribus|MrWhite|Gogo
STATE:9:fr225fffc/cr600r1350c/r4100c/cr10000f:Qc2c|7hJh|5h2d|8d8h|Js9d|Kh2s/Td8s2h/6h/Kc:-50|-4100|0|4150|0|0:Eddie|Bill|Pluribus|MrWhite|Gogo|Budd
STATE:10:ffr225fff:7h3d|4hJc|Qs9c|Kc2h|AdJd|2c8s:-50|-100|0|0|150|0:Bill|Pluribus|MrWhite|Gogo|Budd|Eddie
STATE:11:fffr250ff:6cTc|2s4h|6s9s|8hJh|9cQh|4c4d:-50|-100|0|0|0|150:Pluribus|MrWhite|Gogo|Budd|Eddie|Bill
STATE:12:fffr200fc/cr650c/cc/cr1325f:9sKc|Ah8h|6h2h|Jc2s|Kd9c|JhQs/Qd8s4c/7c/Tc:-50|-650|0|0|0|700:MrWhite|Gogo|Budd|Eddie|Bill|Pluribus
STATE:13:ffffr300r900c/cr1500c/cc/cc:5dKd|8hAc|2cKs|2h7h|6s5h|8c9h/3h4d5s/Tc/Ah:-1500|1500|0|0|0|0:Gogo|Budd|Eddie|Bill|Pluribus|MrWhite
STATE:14:fffff:3c2d|8hJh|7d9s|2c8s|6cQd|6hQc:-50|50|0|0|0|0:Budd|Eddie|Bill|Pluribus|MrWhite|Gogo
STATE:15:ffffcr350c/cc/cc/r1600c:Qc4c|KhAc|5dQh|Kd8s|6c5h|3hQd/6h2d9h/3d/8c:-1600|1600|0|0|0|0:Eddie|Bill|Pluribus|MrWhite|Gogo|Budd
STATE:16:r225cffff/cc/r675f:5dQc|4h8d|Ac7c|5s5c|Jh8s|Qh6c/TsAd3c/2c:-50|-100|375|-225|0|0:Bill|Pluribus|MrWhite|Gogo|Budd|Eddie
STATE:17:r200fffff:5s6h|2s5h|TsAs|ThAd|Ah7d|6cKs:-50|-100|150|0|0|0:Pluribus|MrWhite|Gogo|Budd|Eddie|Bill
STATE:18:ffr225ffc/cr375c/cc/cc:2s6s|AhJd|7sQs|Ts9h|KdAc|3h7c/5d9d4d/Tc/4s:-50|-375|0|0|425|0:MrWhite|Gogo|Budd|Eddie|Bill|Pluribus
STATE:19:fr225fcff/cc/cc/cc:Ad5c|7sKh|Kc9d|5s5h|2d2c|7d7c/9s8dQs/3s/6c:-50|-100|0|-225|0|375:Gogo|Budd|Eddie|Bill|Pluribus|MrWhite
STATE:20:fr200fffc/cc/r425c/cr875f:Kd9c|9s6s|2sKc|3c3s|Jc4h|Ts8d/8c4s6d/5s/3d:-50|-425|0|475|0|0:Budd|Eddie|Bill|Pluribus|MrWhite|Gogo
STATE:21:ffffr300c/cc/cc/cc:7dAh|As7c|4cQc|9d4s|5dJh|9h3c/Td9s9c/Qd/Ks:0|0|0|0|0|0:Eddie|Bill|Pluribus|MrWhite|Gogo|Budd
STATE:22:r225cffff/r525c/cc/cr1325f:JcKs|7c9s|QcAc|6h6d|3dKc|6cJd/2sJh5c/Kd/6s:-50|-100|-525|675|0|0:Bill|Pluribus|MrWhite|Gogo|Budd|Eddie
STATE:23:ffr200fr1200fc/r2450f:JcKh|Kd3s|Th2d|Qc8s|AhQs|TsJd/4h7dKs:1300|-100|0|0|-1200|0:Pluribus|MrWhite|Gogo|Budd|Eddie|Bill
STATE:24:r225ffffc/cr400f:2cJs|4c7c|AdQc|Jh3d|8cAh|Jc9h/3cAs8h:-50|-225|275|0|0|0:MrWhite|Gogo|Budd|Eddie|Bill|Pluribus
STATE:25:ffffr300c/r500c/cc/cc:JsQd|9c8c|6c9s|4dQc|Qs4h|Tc2d/8dQh5c/5s/Ks:500|-500|0|0|0|0:Gogo|Budd|Eddie|Bill|Pluribus|MrWhite
STATE:26:r225fffff:Jc4h|Ad4c|KcJh|Tc8c|4dQh|8s4s:-50|-100|150|0|0|0:Budd|Eddie|Bill|Pluribus|MrWhite|Gogo
STATE:27:ffr200fcf/cr370c/cr870c/cr2070f:5c5s|Jc6h|Jh3d|4s8h|AhAs|7hKd/7sJs9s/Ks/9h:-870|-100|0|0|970|0:Eddie|Bill|Pluribus|MrWhite|Gogo|Budd
STATE:28:ffffr300f:Qs2s|6sTc|8s4d|3h7d|2h5d|2cQh:100|-100|0|0|0|0:Bill|Pluribus|MrWhite|Gogo|Budd|Eddie
STATE:29:fr225fr800fff:9s5d|4s7c|JsQd|5h4h|4cAd|KsKc:-50|-100|0|-225|0|375:Pluribus|MrWhite|Gogo|Budd|Eddie|Bill
STATE:30:ffr225fff:3sKh|8d6s|Ts3d|Qs3c|JsKs|Kd8c:-50|-100|0|0|150|0:MrWhite|Gogo|Budd|Eddie|Bill|Pluribus
STATE:31:ffffr300c/r500c/cr1100f:4d4h|6cKc|Ad5c|6hTd|Qh8s|Kd7s/9sKs8c/7d:-500|500|0|0|0|0:Gogo|Budd|Eddie|Bill|Pluribus|MrWhite
STATE:32:fr200fffc/cr425r800c/r2800c/r4450r10000c:3dKd|5hQh|Ah3c|JdJh|2s8c|8h6s/4h4s2h/7c/Kh:-50|10050|0|-10000|0|0:Budd|Eddie|Bill|Pluribus|MrWhite|Gogo
STATE:33:ffr200fff:4c5h|Th6s|As9h|4d7h|JcTd|2h2c:-50|-100|0|0|150|0:Eddie|Bill|Pluribus|MrWhite|Gogo|Budd
STATE:34:r225fffff:5h9d|2sTh|Js8s|Kh7d|TcQc|Kd3c:-50|-100|150|0|0|0:Bill|Pluribus|MrWhite|Gogo|Budd|Eddie
STATE:35:fr225ffff:QhTd|4h6c|Kd5d|2d2s|8d4c|2c5s:-50|-100|0|150|0|0:Pluribus|MrWhite|Gogo|Budd|Eddie|Bill
STATE:36:fffff:Td4c|4d2c|2d5s|Qs8h|Ks7d|2h7h:-50|50|0|0|0|0:MrWhite|Gogo|Budd|Eddie|Bill|Pluribus
STATE:37:ffr225cfc/cr1675ff:Jh9c|Ts6s|2d7s|Kh9s|Kd7d|AdJc/4s5d8h:-50|-225|0|0|500|-225:Gogo|Budd|Eddie|Bill|Pluribus|MrWhite
STATE:38:r225cffff/cr525f:7h6d|7d3d|Ad8d|AsQd|Ts3s|8c4d/3h4h2h:-50|-100|-225|375|0|0:Budd|Eddie|Bill|Pluribus|MrWhite|Gogo
STATE:39:fffr250fr1100c/r1675c/cr3375f:5s3d|QhAc|2cTs|5c7c|Th2h|Jc9c/4c3c4h/5d:-50|-1675|0|0|0|1725:Eddie|Bill|Pluribus|MrWhite|Gogo|Budd
STATE:40:ffr225fr950fr2250c/cc/r3450c/cr6150f:QcAc|JhQd|3s8h|6sJd|AhJs|Th6d/QhTd4h/3h/5h:-3450|-100|0|0|3550|0:Bill|Pluribus|MrWhite|Gogo|Budd|Eddie
STATE:41:ffffr200f:9d9h|6h2c|5hAs|JhQc|Kc4h|Jc2s:100|-100|0|0|0|0:Pluribus|MrWhite|Gogo|Budd|Eddie|Bill
STATE:42:fffr225r775fc/r2012f:9hJh|2c7s|7d4d|Qs6c|Qd8c|As4s/8h6hTd:875|-100|0|0|0|-775:MrWhite|Gogo|Budd|Eddie|Bill|Pluribus
STATE:43:r200ffcff/cc/cc/cc:4dQh|Jc8h|2d2c|5cJs|Tc9h|7c7s/8cTs3c/Ad/6s:-50|-100|-200|0|0|350:Gogo|Budd|Eddie|Bill|Pluribus|MrWhite
STATE:44:r225fffcf/cc/r637c/r1667c:JdQd|2s5c|ThAc|Qh5h|4s6s|3d2c/KdQs3s/Js/6d:-1667|-100|1767|0|0|0:Budd|Eddie|Bill|Pluribus|MrWhite|Gogo
STATE:45:r200fffcf/cr450c/cc/r1450f:Ac3c|6h9c|JcKh|3dKs|4s2c|3s4h/AsAh7d/Ts/5s:550|-100|-450|0|0|0:Eddie|Bill|Pluribus|MrWhite|Gogo|Budd
STATE:46:fffr222fc/cr372r769c/cc/cc:2h4s|8s9d|Js4h|Qc5c|3d5d|AdQd/KdJd7h/Ks/Jc:-50|-769|0|0|0|819:Bill|Pluribus|MrWhite|Gogo|Budd|Eddie
STATE:47:ffr200fcc/ccr350cf/r575r1250f:5h5c|Jd5d|9c3d|4s2s|3sKs|3cTs/6s7h7d/9s:-575|-200|0|0|775|0:Pluribus|MrWhite|Gogo|Budd|Eddie|Bill
STATE:48:r225fffff:Jd5c|6s5d|7d7h|9hKc|7cAs|2s4d:-50|-100|150|0|0|0:MrWhite|Gogo|Budd|Eddie|Bill|Pluribus
STATE:49:ffffr300r900f:Tc9h|As5h|4sTh|Td6s|3s2c|Qc7s:-300|300|0|0|0|0:Gogo|Budd|Eddie|Bill|Pluribus|MrWhite
STATE:50:r225ffffc/cr600f:6c5c|Ts9h|8h8d|5sKd|4d3d|2h6s/4h7s2s:-50|-225|275|0|0|0:Budd|Eddie|Bill|Pluribus|MrWhite|Gogo
STATE:51:ffr200fcf/cr450f:8sKs|2hKc|4d5d|4c9c|6d9d|Ad6h/Qh8cJd:-200|-100|0|0|300|0:Eddie|Bill|Pluribus|MrWhite|Gogo|Budd
STATE:52:fffr222fc/cr672f:2h8s|Ts8d|9h3h|Qh6d|4d2c|7dTd/AhJd5h:-50|-222|0|0|0|272:Bill|Pluribus|MrWhite|Gogo|Budd|Eddie
STATE:53:fffff:Jc2s|Th3s|2d7s|6sAh|4d7c|2hTc:-50|50|0|0|0|0:Pluribus|MrWhite|Gogo|Budd|Eddie|Bill
STATE:54:fr200fcfc/cr363fr950c/cc/r1650f:5hJh|Kc2c|3dAs|9h8h|3h8c|Ad7d/Th3c6c/Kd/Tc:-50|1200|0|-950|0|-200:MrWhite|Gogo|Budd|Eddie|Bill|Pluribus
STATE:55:ffffr300f:3cAs|5d3s|Td7s|6hJs|6c2c|8cQd:100|-100|0|0|0|0:Gogo|Budd|Eddie|Bill|Pluribus|MrWhite
STATE:56:fffr200fr1250f:6d9c|AcKh|7c4d|Qc5c|QsTd|3s5s:-50|250|0|0|0|-200:Budd|Eddie|Bill|Pluribus|MrWhite|Gogo
STATE:57:ffffr300f:QdAd|4c3s|2s2d|7cJd|6c9h|Th6d:100|-100|0|0|0|0:Eddie|Bill|Pluribus|MrWhite|Gogo|Budd
STATE:58:fffr222fc/cc/cc/r469f:3cQh|8d7c|Jh5s|6s9d|4cQd|7sAd/6hTh3d/Ks/Td:-50|272|0|0|0|-222:Bill|Pluribus|MrWhite|Gogo|Budd|Eddie
STATE:59:fr225ffr1325ff:AdKh|3h3s|4hQs|JdKc|As8d|2c9h:325|-100|0|-225|0|0:Pluribus|MrWhite|Gogo|Budd|Eddie|Bill
STATE:60:r225fffff:Jd9d|9h5s|AsTs|Qd5d|4sKh|3s7d:-50|-100|150|0|0|0:MrWhite|Gogo|Budd|Eddie|Bill|Pluribus
STATE:61:fffr225r900fr2325f:8sAd|6h4h|Qs4d|Qd3h|7s3s|KsKc:-900|-100|0|0|0|1000:Gogo|Budd|Eddie|Bill|Pluribus|MrWhite
STATE:62:fffr200fc/cr350f:JcTh|7cQs|Qc5s|3s5h|3cKd|TdAd/4hKc3h:-50|-200|0|0|0|250:Budd|Eddie|Bill|Pluribus|MrWhite|Gogo
STATE:63:ffr200ffc/cr350r675f:3dAs|8d5d|2dKh|5c8c|JcQh|Qc3s/6s3cAd:-50|400|0|0|-350|0:Eddie|Bill|Pluribus|MrWhite|Gogo|Budd
STATE:64:ffr225fff:7dJc|8c6d|Ks2h|Qh4s|AcQs|5h3h:-50|-100|0|0|150|0:Bill|Pluribus|MrWhite|Gogo|Budd|Eddie
STATE:65:ffr200fff:Kd8c|2c5s|TcJs|6hJd|Th9h|6s4c:-50|-100|0|0|150|0:Pluribus|MrWhite|Gogo|Budd|Eddie|Bill
STATE:66:fr200fffc/cr335c/cr905f:2d6d|5d5h|5sQd|KhAd|7cKc|9d7h/Ks7sKd/6h:-50|-335|0|385|0|0:MrWhite|Gogo|Budd|Eddie|Bill|Pluribus
STATE:67:fffff:5cQh|6s8s|2s6c|3hAs|Td7h|9s7d:-50|50|0|0|0|0:Gogo|Budd|Eddie|Bill|Pluribus|MrWhite
STATE:68:r225ffr700ffc/cr1200c/cc/r3750r10000f:7s4d|6c6d|8h8s|Td2s|4hKd|AsQd/ThJs2c/3h/Kc:-50|-100|-3750|0|0|3900:Budd|Eddie|Bill|Pluribus|MrWhite|Gogo
STATE:69:fffff:Qs4c|8hJh|9sJd|3cQh|8c2c|9d3h:-50|50|0|0|0|0:Eddie|Bill|Pluribus|MrWhite|Gogo|Budd
STATE:70:fffff:3s7s|Ad9s|7h6s|Kd2h|9c3d|5cJh:-50|50|0|0|0|0:Bill|Pluribus|MrWhite|Gogo|Budd|Eddie
STATE:71:fffff:3h8d|7c5s|Kc2c|Qs6h|3c4d|6s4c:-50|50|0|0|0|0:Pluribus|MrWhite|Gogo|Budd|Eddie|Bill
STATE:72:fffr225fr1000f:8sJd|5cTc|4h6s|2s8c|2dQc|TsAh:-50|275|0|0|0|-225:MrWhite|Gogo|Budd|Eddie|Bill|Pluribus
STATE:73:r200fffr900ff:4cAc|5s6c|Td8d|4s2c|Ts5d|Jh9d:300|-100|-200|0|0|0:Gogo|Budd|Eddie|Bill|Pluribus|MrWhite
STATE:74:r225ffffc/cc/cr600c/cr1537f:9s3h|5d8d|Qd9d|Ah6c|QhJs|Tc7d/Th4c7h/8h/As:-50|-600|650|0|0|0:Budd|Eddie|Bill|Pluribus|MrWhite|Gogo
STATE:75:r225fffff:Jc4s|8s4c|5c5s|9cJs|9d2d|Tc6c:-50|-100|150|0|0|0:Eddie|Bill|Pluribus|MrWhite|Gogo|Budd
STATE:76:fr200fffc/cr350f:9h3h|QdJh|8c2c|JcAd|7h5d|8hKd/3s6cKs:-50|-200|0|250|0|0:Bill|Pluribus|MrWhite|Gogo|Budd|Eddie
STATE:77:fr225fr800fff:3s6s|9s4c|Th4d|TsAc|2s2h|KsAs:-50|-100|0|-225|0|375:Pluribus|MrWhite|Gogo|Budd|Eddie|Bill
STATE:78:fffr250fc/cr800f:9cTd|8s6c|Ts3s|6h5d|Kc4h|4c4d/KsJd4s:-50|-250|0|0|0|300:MrWhite|Gogo|Budd|Eddie|Bill|Pluribus
STATE:79:ffr225fff:6d8h|4hKs|2cKd|Ts7h|AdTd|9d5s:-50|-100|0|0|150|0:Gogo|Budd|Eddie|Bill|Pluribus|MrWhite
STATE:80:ffr225fff:3sQd|7c3d|9c5c|6d8d|AhAd|4cQc:-50|-100|0|0|150|0:Budd|Eddie|Bill|Pluribus|MrWhite|Gogo
STATE:81:fr225r700fffc/cr1700r4475f:3s7c|8c7d|Qc3h|TcTs|8hAh|JcKh/2c5c4d:-50|-100|0|1850|-1700|0:Eddie|Bill|Pluribus|MrWhite|Gogo|Budd
STATE:82:fffff:7dTs|3s5h|Qs3c|7h5s|2c9h|3hTc:-50|50|0|0|0|0:Bill|Pluribus|MrWhite|Gogo|Budd|Eddie
STATE:83:ffffr300c/r600f:4hJh|Td5d|Qd8h|7d9h|Jc4s|6s2s/3sJdQc:300|-300|0|0|0|0:Pluribus|MrWhite|Gogo|Budd|Eddie|Bill
STATE:84:ffr225fff:As8c|9d4c|9h2h|Jc7d|KcQs|Jd7h:-50|-100|0|0|150|0:MrWhite|Gogo|Budd|Eddie|Bill|Pluribus
STATE:85:ffffr300r900c/cc/cr2100c/cr6300f:5s7s|9s9c|Jc7h|4hJs|Kd2c|9h6d/9d8sJh/5c/Kh:-2100|2100|0|0|0|0:Gogo|Budd|Eddie|Bill|Pluribus|MrWhite
STATE:86:fffff:8s5h|Qd3h|Qc9s|Qh2d|3s6s|5d4c:-50|50|0|0|0|0:Budd|Eddie|Bill|Pluribus|MrWhite|Gogo
STATE:87:fffr250fc/cc/r525c/r1075f:Ah9d|7d9h|Td3s|8s2h|4c3h|2dAs/2c3d7c/4d/8h:-50|575|0|0|0|-525:Eddie|Bill|Pluribus|MrWhite|Gogo|Budd
