# name/game/hands/seed sample_game_78 ../lib/python-client/acpc_infrastructure/holdem.nolimit.6p.game 10000 78
#--t_response 600000000
#--t_hand 600000000
#--t_per_hand 600000000
STATE:0:ffr225fff:6dQh|5h8d|Jc2s|Ks5c|TcKh|9s7c:-50|-100|0|0|150|0:Budd|MrWhite|MrOrange|Hattori|MrBlue|Pluribus
STATE:1:ffr200fff:8hJh|7d3c|Qd5s|5dTs|7cAc|4cKc:-50|-100|0|0|150|0:MrWhite|MrOrange|Hattori|MrBlue|Pluribus|Budd
STATE:2:ffr225cfr1300ff:5hTh|QsTs|6dAh|5d6s|8cAc|KsJd:-50|500|0|0|-225|-225:MrOrange|Hattori|MrBlue|Pluribus|Budd|MrWhite
STATE:3:ffffr233r738f:6cJc|5d4s|9s7h|3s3d|6sTh|6h4h:-233|233|0|0|0|0:Hattori|MrBlue|Pluribus|Budd|MrWhite|MrOrange
STATE:4:fffr225ff:6d2c|3dKc|8s6c|2d5h|Kd2s|6h9h:-50|-100|0|0|0|150:MrBlue|Pluribus|Budd|MrWhite|MrOrange|Hattori
STATE:5:fffff:Ks2h|JcTc|8hJd|Th7h|As5h|5d8s:-50|50|0|0|0|0:Pluribus|Budd|MrWhite|MrOrange|Hattori|MrBlue
STATE:6:ffr225ffc/cc/cr600r1850f:4d2c|Tc9d|Jh4c|6s9s|TdQd|ThKc/2h6h8d/As:-50|650|0|0|-600|0:Budd|MrWhite|MrOrange|Hattori|MrBlue|Pluribus
STATE:7:fr225ffff:8hKc|8dAs|4cTh|6c5c|Ac6s|QhJd:-50|-100|0|150|0|0:MrWhite|MrOrange|Hattori|MrBlue|Pluribus|Budd
STATE:8:ffr225fff:9hJd|3dQc|4sAd|3sTc|Kh5h|7s6c:-50|-100|0|0|150|0:MrOrange|Hattori|MrBlue|Pluribus|Budd|MrWhite
STATE:9:fffr224ff:2hTc|Js4d|6c7h|5h7s|9c5c|Ks8s:-50|-100|0|0|0|150:Hattori|MrBlue|Pluribus|Budd|MrWhite|MrOrange
STATE:10:r225ffr800fff:6hQs|7h5s|Kh9h|6cKd|5cJd|4hAh:-50|-100|-225|0|0|375:MrBlue|Pluribus|Budd|MrWhite|MrOrange|Hattori
STATE:11:r225cffff/cc/r675f:2c9d|6s4c|AsTs|TcTd|4sQh|Qc9c/4dKh9h/Jh:-50|-100|375|-225|0|0:Pluribus|Budd|MrWhite|MrOrange|Hattori|MrBlue
STATE:12:fr200ffcc/ccc/r650fc/r2150f:TdTs|2sKd|4h2c|Ad3d|9sQc|Jh9c/4c6s9d/5s/6h:850|-200|0|-650|0|0:Budd|MrWhite|MrOrange|Hattori|MrBlue|Pluribus
STATE:13:fffr250fc/cr425c/cc/cc:4h8h|AcTh|6sTc|TsJh|Jc3h|6c6d/7cKh4c/2h/8d:-50|-425|0|0|0|475:MrWhite|MrOrange|Hattori|MrBlue|Pluribus|Budd
STATE:14:r225ffffc/cc/cc/r325c:Ad9d|2dJd|JcAc|8s2h|Ah6c|6dQc/7c2sTd/9h/7d:-50|375|-325|0|0|0:MrOrange|Hattori|MrBlue|Pluribus|Budd|MrWhite
STATE:15:r200ffffc/cr425f:Qs9c|Th4h|KsAc|Qd4d|3hJc|8c9s/Js5s4s:-50|-200|250|0|0|0:Hattori|MrBlue|Pluribus|Budd|MrWhite|MrOrange
STATE:16:fffr225r1075fc/r1925c/cc/cr5925r10000c:KsAh|Jc8c|5sJd|Jh3d|6s8h|KhQd/Qh5cJs/Ad/Qs:-10000|-100|0|0|0|10100:MrBlue|Pluribus|Budd|MrWhite|MrOrange|Hattori
STATE:17:ffr211fcr1200ff:Kd7d|8sTc|Ad2s|Jd3c|Qc8c|6dJc:-211|422|0|0|-211|0:Pluribus|Budd|MrWhite|MrOrange|Hattori|MrBlue
STATE:18:ffffcr300c/cr750f:JsKh|AhAs|3c9h|Jh2d|2hJd|Qh4d/Ts8d6s:-300|300|0|0|0|0:Budd|MrWhite|MrOrange|Hattori|MrBlue|Pluribus
STATE:19:r200ffr720ffc/cr1270f:2d2c|Kd8h|3c3h|6sJs|3sAh|KsAd/9sTd4h:-50|-100|-720|0|0|870:MrWhite|MrOrange|Hattori|MrBlue|Pluribus|Budd
STATE:20:ffffr250c/cc/cc/cc:4sAs|4h6s|Kh5h|3s7d|5d8s|Qc7h/9s5cTd/Kd/Qh:250|-250|0|0|0|0:MrOrange|Hattori|MrBlue|Pluribus|Budd|MrWhite
STATE:21:ffffr235c/cr435f:5h4h|As6h|8h2s|6cKs|2d7s|Ts4d/TdQd7c:-235|235|0|0|0|0:Hattori|MrBlue|Pluribus|Budd|MrWhite|MrOrange
STATE:22:r225cffff/cr525c/cr1250c/cr2450f:8s4c|Jh4s|9cTc|JdJc|9d3h|Ad5s/3dTs3s/6c/5c:-50|-100|-1250|1400|0|0:MrBlue|Pluribus|Budd|MrWhite|MrOrange|Hattori
STATE:23:fffr225ff:2sKc|2d6h|9dQs|5sQd|4s8s|QcAs:-50|-100|0|0|0|150:Pluribus|Budd|MrWhite|MrOrange|Hattori|MrBlue
STATE:24:ffr225fff:4hTc|8h4d|Qc7s|4c2h|7h6h|Ks5h:-50|-100|0|0|150|0:Budd|MrWhite|MrOrange|Hattori|MrBlue|Pluribus
STATE:25:r200fffff:6hJs|Jh9c|4d4h|8h6c|2sTc|TdAh:-50|-100|150|0|0|0:MrWhite|MrOrange|Hattori|MrBlue|Pluribus|Budd
STATE:26:fr250fccf/ccc/ccc/ccr675fr2375c:6c6d|Ts8c|KhTc|AcQs|8dAd|KdQd/9h2h2s/9s/Kc:-250|-100|0|-2375|0|2725:MrOrange|Hattori|MrBlue|Pluribus|Budd|MrWhite
STATE:27:cfr362fffc/cc/r580c/cr1562r3199f:8sTh|3h5d|JdJc|9s7s|Ad7d|Ks9h/7h5c6s/8c/4c:-50|-100|1712|0|-1562|0:Hattori|MrBlue|Pluribus|Budd|MrWhite|MrOrange
STATE:28:ffffr300c/cc/cc/r750f:3cAh|Kc2c|5hTs|5s6h|3s2h|4cJs/6c4hTd/Ad/4d:300|-300|0|0|0|0:MrBlue|Pluribus|Budd|MrWhite|MrOrange|Hattori
STATE:29:fffr225fc/cc/cc/r475f:Jc5d|5c5h|Qd9s|TdQc|Ts7c|KhJh/9d3d9c/As/3s:-50|275|0|0|0|-225:Pluribus|Budd|MrWhite|MrOrange|Hattori|MrBlue
STATE:30:fffff:5c7h|2d4h|7d8c|5sAc|7s2s|4c8d:-50|50|0|0|0|0:Budd|MrWhite|MrOrange|Hattori|MrBlue|Pluribus
STATE:31:fffff:2sQs|JcJh|8d9s|2d6s|3s5d|Jd2c:-50|50|0|0|0|0:MrWhite|MrOrange|Hattori|MrBlue|Pluribus|Budd
STATE:32:fffff:9s6d|Js5h|ThAd|Ah8c|3s7s|3h4d:-50|50|0|0|0|0:MrOrange|Hattori|MrBlue|Pluribus|Budd|MrWhite
STATE:33:ffr225fcc/ccc/ccc/ccc:TsKs|Qh4h|5c6h|4dJs|JhQd|9c8s/6dKdQc/Ah/7s:450|-225|0|0|-225|0:Hattori|MrBlue|Pluribus|Budd|MrWhite|MrOrange
STATE:34:ffffcc/cc/cr300f:3c5d|Jd4h|7c2h|4d7d|TdJc|As3h/3d4cKd/Kh:-100|100|0|0|0|0:MrBlue|Pluribus|Budd|MrWhite|MrOrange|Hattori
STATE:35:ffr211ffc/cr686f:2h6c|Ad3s|Tc5s|Td3c|Kd8d|5dKs/Jc7d2s:-50|-211|0|0|261|0:Pluribus|Budd|MrWhite|MrOrange|Hattori|MrBlue
STATE:36:ffr225fff:Kd5h|2s3d|Qh6d|9c8s|Ad8c|Qs5d:-50|-100|0|0|150|0:Budd|MrWhite|MrOrange|Hattori|MrBlue|Pluribus
STATE:37:ffr225fff:9s6h|2dQd|7dQh|2h4d|KhQs|7sQc:-50|-100|0|0|150|0:MrWhite|MrOrange|Hattori|MrBlue|Pluribus|Budd
STATE:38:fr200ffr1100ff:AhKd|4d9d|Qc3h|AsQd|9h8s|2s9s:300|-100|0|-200|0|0:MrOrange|Hattori|MrBlue|Pluribus|Budd|MrWhite
STATE:39:fffff:4cJh|7d6c|7c8s|Jd4d|2d7s|As5d:-50|50|0|0|0|0:Hattori|MrBlue|Pluribus|Budd|MrWhite|MrOrange
STATE:40:ffffcr275c/cr1375f:3s3d|AcTd|TcAd|9cAh|5h9s|Kh4s/5d4dTh:-275|275|0|0|0|0:MrBlue|Pluribus|Budd|MrWhite|MrOrange|Hattori
STATE:41:fffr225fc/cc/cc/cc:6h2h|4dJd|7s4s|2sAd|Jc4h|8hQd/TcTsKc/Kh/3c:-50|-225|0|0|0|275:Pluribus|Budd|MrWhite|MrOrange|Hattori|MrBlue
STATE:42:fr200fffc/cr315f:Qh8c|9sQs|7sJs|AdAs|5c7h|TsKd/AhJd2c:-50|-200|0|250|0|0:Budd|MrWhite|MrOrange|Hattori|MrBlue|Pluribus
STATE:43:fffr250fc/cc/cc/r705c:2c2s|JcTd|Ks3s|Jh4c|Kd5c|7sTs/4h5d5h/7h/9c:-50|-705|0|0|0|755:MrWhite|MrOrange|Hattori|MrBlue|Pluribus|Budd
STATE:44:r225fcfff/r475c/cr1300f:Qs2h|9s8h|2s2c|Jh4d|AsQh|JcKd/6sKhAh/Js:-50|-100|-475|0|625|0:MrOrange|Hattori|MrBlue|Pluribus|Budd|MrWhite
STATE:45:ffr225fff:2sQh|Kh5d|4h6c|3d7h|5c4c|8d4s:-50|-100|0|0|150|0:Hattori|MrBlue|Pluribus|Budd|MrWhite|MrOrange
STATE:46:fr225fcfc/r587cf/cc/cc:8s2s|JhAs|4hQs|TdKd|8c7h|Ac5c/Ks5s4d/2d/7c:-50|-587|0|862|0|-225:MrBlue|Pluribus|Budd|MrWhite|MrOrange|Hattori
STATE:47:ffr211ffc/cr761f:3d9h|Ac8s|7dAh|5d6h|Jh8h|8d7s/9c2c7h:-50|-211|0|0|261|0:Pluribus|Budd|MrWhite|MrOrange|Hattori|MrBlue
STATE:48:ffr225cfr950ff:7d8c|3c7c|5sTc|6s2h|Kc6c|6dKd:-50|500|0|0|-225|-225:Budd|MrWhite|MrOrange|Hattori|MrBlue|Pluribus
STATE:49:r200fcfff/cc/cc/cr475r1850f:2c3d|7d5h|ThTs|Ks3s|Ad9d|6c9c/TcQh7h/9s/As:-50|-100|625|0|-475|0:MrWhite|MrOrange|Hattori|MrBlue|Pluribus|Budd
STATE:50:fffff:Th4s|TsJc|Kc5d|3c8c|3d5c|3h8d:-50|50|0|0|0|0:MrOrange|Hattori|MrBlue|Pluribus|Budd|MrWhite
STATE:51:ffr225ffc/cc/cc/cc:5cQc|TdAd|6d3h|2c7h|4d4c|5s3d/8s9c6c/Qd/5d:-50|-225|0|0|275|0:Hattori|MrBlue|Pluribus|Budd|MrWhite|MrOrange
STATE:52:r225fffff:9c3d|7sKc|QcQh|Ah7c|Ks4h|8h2d:-50|-100|150|0|0|0:MrBlue|Pluribus|Budd|MrWhite|MrOrange|Hattori
STATE:53:fffr225fc/cc/r475f:5s4d|Ad6h|Jh5c|Qs9h|3dQh|Jd5d/7sAh8h/6d:-50|275|0|0|0|-225:Pluribus|Budd|MrWhite|MrOrange|Hattori|MrBlue
STATE:54:fffr225fc/cr475f:Qc8d|JdTh|4h5d|6h9s|7dQs|5sTs/3c3s5c:-50|-225|0|0|0|275:Budd|MrWhite|MrOrange|Hattori|MrBlue|Pluribus
STATE:55:r200fffff:8h2s|8s7h|AhJh|7dTc|7s3h|Ac4s:-50|-100|150|0|0|0:MrWhite|MrOrange|Hattori|MrBlue|Pluribus|Budd
STATE:56:fr250ffff:Jc5c|Js4h|2h8h|QcJd|8sAc|Qd8d:-50|-100|0|150|0|0:MrOrange|Hattori|MrBlue|Pluribus|Budd|MrWhite
STATE:57:fffr224fr1069r2300r10000c///:Jh7d|KsKc|8hKd|5h6d|9s2h|AhAs/7hTs8c/6s/Qh:-50|-10000|0|0|0|10050:Hattori|MrBlue|Pluribus|Budd|MrWhite|MrOrange
STATE:58:r225fffff:2hTs|7h3s|Ks9s|5c2s|JhAs|Qc7c:-50|-100|150|0|0|0:MrBlue|Pluribus|Budd|MrWhite|MrOrange|Hattori
STATE:59:fffff:2hJs|AhJd|5hTc|Jc9s|6d2c|8cQs:-50|50|0|0|0|0:Pluribus|Budd|MrWhite|MrOrange|Hattori|MrBlue
STATE:60:fffr225fc/cc/r600f:Jd8s|Ts2s|Kh7c|5cKd|Kc3h|JhTc/9c7s5s/4s:-50|275|0|0|0|-225:Budd|MrWhite|MrOrange|Hattori|MrBlue|Pluribus
STATE:61:fr225r675ffff:Ks2h|3d4s|Jd4d|Jh7h|5d5s|6h6s:-50|-100|0|-225|375|0:MrWhite|MrOrange|Hattori|MrBlue|Pluribus|Budd
STATE:62:fffr225fr1330c/r3130f:Ts4h|9s8s|4d7h|As3h|5hTc|JhQh/Ah9c8c:-50|1380|0|0|0|-1330:MrOrange|Hattori|MrBlue|Pluribus|Budd|MrWhite
STATE:63:fr225fr700fff:9h3c|Ts5d|4dKd|7sKs|6c8d|AhJc:-50|-100|0|-225|0|375:Hattori|MrBlue|Pluribus|Budd|MrWhite|MrOrange
STATE:64:ffr215r750ffc/cc/r3000f:Kh5h|ThJd|3sJs|9d8s|TsAs|JhKd/2sKs5s/8h:-50|-100|0|0|900|-750:MrBlue|Pluribus|Budd|MrWhite|MrOrange|Hattori
STATE:65:ffr211fff:6cQs|Tc3h|Jc2h|2s4d|6sKs|7h4c:-50|-100|0|0|150|0:Pluribus|Budd|MrWhite|MrOrange|Hattori|MrBlue
STATE:66:fffr225fc/cr475c/cr1475c/cc:9h5c|QhJh|4dTh|Kd3s|9s4c|9c8d/6sJsJd/Kh/Ah:-50|1525|0|0|0|-1475:Budd|MrWhite|MrOrange|Hattori|MrBlue|Pluribus
STATE:67:ffr225fff:9sAc|3cTs|5s2h|Ad8s|Jh7h|Js5h:-50|-100|0|0|150|0:MrWhite|MrOrange|Hattori|MrBlue|Pluribus|Budd
STATE:68:r225fffff:7d9d|5sQh|5d5h|9hAd|8d6h|Qd8h:-50|-100|150|0|0|0:MrOrange|Hattori|MrBlue|Pluribus|Budd|MrWhite
STATE:69:ffffr235r769f:Ad7h|QhAs|7cJd|9hAc|3c4h|2cQc:-235|235|0|0|0|0:Hattori|MrBlue|Pluribus|Budd|MrWhite|MrOrange
STATE:70:r225fffff:9cAd|Ks3d|QcAc|6cJc|6sTc|3cJd:-50|-100|150|0|0|0:MrBlue|Pluribus|Budd|MrWhite|MrOrange|Hattori
STATE:71:fr215fffc/cc/cr365f:6d4c|KsJd|8d6c|9cTc|2h8c|4h3c/2c2dTs/5h:-50|-215|0|265|0|0:Pluribus|Budd|MrWhite|MrOrange|Hattori|MrBlue
STATE:72:r200ffcfc/ccc/ccc/ccc:6c7s|2d9d|JsAd|8dAc|3hQs|9cQc/5d2s2c/Ah/7c:-50|450|-200|0|0|-200:Budd|MrWhite|MrOrange|Hattori|MrBlue|Pluribus
STATE:73:fffr250fr1200c/r2025c/cr3875c/cr10000c:Ks3s|QcAs|2h7h|7sKc|6c3c|9hAh/4c9s3h/Ac/Js:-50|-10000|0|0|0|10050:MrWhite|MrOrange|Hattori|MrBlue|Pluribus|Budd
STATE:74:fr200fffc/cr425c/cc/r1325f:3h3c|Ad4c|3s8c|KhTh|JcTs|5sJh/JsKdTc/Qs/2c:-50|475|0|-425|0|0:MrOrange|Hattori|MrBlue|Pluribus|Budd|MrWhite
STATE:75:ffffcr350r1400c/r2800f:Tc8c|8h5h|Td8s|4s5d|3dQs|7c2d/7s3hJd:1400|-1400|0|0|0|0:Hattori|MrBlue|Pluribus|Budd|MrWhite|MrOrange
STATE:76:ffffr300r825f:Qd7h|6h6c|KdTs|Ks5c|6sQc|5sJc:-300|300|0|0|0|0:MrBlue|Pluribus|Budd|MrWhite|MrOrange|Hattori
STATE:77:r225fffff:Ac4h|6s4d|AsJd|9sKd|Th2h|Ts7c:-50|-100|150|0|0|0:Pluribus|Budd|MrWhite|MrOrange|Hattori|MrBlue
STATE:78:ffr225r675fff:6h8s|4d8c|Ad7c|3hKc|9hAs|9dKd:-50|-100|0|0|-225|375:Budd|MrWhite|MrOrange|Hattori|MrBlue|Pluribus
STATE:79:ffr200cfc/cr525ff:7hKd|JhTs|7dQh|7c6d|8sQs|JcTc/TdAdQd:-50|-200|0|0|450|-200:MrWhite|MrOrange|Hattori|MrBlue|Pluribus|Budd
STATE:80:r225fffff:6h3s|2s9h|KdJd|TsAd|8c4d|Qc3h:-50|-100|150|0|0|0:MrOrange|Hattori|MrBlue|Pluribus|Budd|MrWhite
STATE:81:fr225fffc/cr400c/cr1675f:7d5d|4cAs|Ad9h|AcKs|5sTd|4h2s/Ah8c7s/3s:-50|-400|0|450|0|0:Hattori|MrBlue|Pluribus|Budd|MrWhite|MrOrange
STATE:82:fffr225fr1225c/r1850c/r4662c/r10000c:3h9s|KsAh|7c5c|5d4h|2hKd|Ad8d/7d2sAs/Qh/8h:-50|-10000|0|0|0|10050:MrBlue|Pluribus|Budd|MrWhite|MrOrange|Hattori
STATE:83:fffr225fc/cc/cr600f:2sAh|JhTs|3s2d|4c3h|9h8s|As8d/AdTcKd/Kc:-50|-225|0|0|0|275:Pluribus|Budd|MrWhite|MrOrange|Hattori|MrBlue
STATE:84:ffffr300c/r475c/r1050f:Js6s|QhTh|2cQd|8hAs|6dKc|8d5c/KsKh4d/7s:475|-475|0|0|0|0:Budd|MrWhite|MrOrange|Hattori|MrBlue|Pluribus
STATE:85:ffr200fr700fr2200r4450f:KcKs|2cTc|3d4h|4d6h|ThKd|9d2h:2300|-100|0|0|-2200|0:MrWhite|MrOrange|Hattori|MrBlue|Pluribus|Budd
STATE:86:ffr225ffc/cc/cc/cc:7cJd|Ah2d|QcJh|9c7d|8d8h|5hJc/3s9dQs/Ks/3d:-50|-225|0|0|275|0:MrOrange|Hattori|MrBlue|Pluribus|Budd|MrWhite
STATE:87:ffffr235r769c/cc/r1969f:TcAs|2s6s|4sTd|8sJc|4h3c|2cTh/3h6hAc/9h:769|-769|0|0|0|0:Hattori|MrBlue|Pluribus|Budd|MrWhite|MrOrange
STATE:88:fffr225fr1225c/cr2475c/cc/r4975f:8d3h|6h5h|5s7d|5c2s|9dJc|JdAc/7h8s2c/2h/6s:-50|2525|0|0|0|-2475:MrBlue|Pluribus|Budd|MrWhite|MrOrange|Hattori
STATE:89:r225ffffc/cc/cc/cc:Js7s|3s3c|4h4s|6dKh|5s6h|Ac8s/AdQc9c/Ks/8h:-50|-225|275|0|0|0:Pluribus|Budd|MrWhite|MrOrange|Hattori|MrBlue
STATE:90:ffr225ffr725f:Ac8d|AsKc|9s3d|Qh4s|JhQd|6s5d:-50|275|0|0|-225|0:Budd|MrWhite|MrOrange|Hattori|MrBlue|Pluribus
STATE:91:fffff:2d7d|2h7h|Kc6s|3h4c|3c4d|9c6h:-50|50|0|0|0|0:MrWhite|MrOrange|Hattori|MrBlue|Pluribus|Budd
STATE:92:ffr225r675ffc/cc/cc/cc:7cJh|2h5c|7sAh|5d4c|QsAs|3d4d/Tc3c9c/5s/9h:-50|-100|0|0|-675|825:MrOrange|Hattori|MrBlue|Pluribus|Budd|MrWhite
STATE:93:fffr224fc/cc/cr524f:Qd2d|7cTs|6cKh|2s9d|3c8h|AhAs/3h5d2c/Jc:-50|-224|0|0|0|274:Hattori|MrBlue|Pluribus|Budd|MrWhite|MrOrange
STATE:94:fr225ffff:9c5h|7c8d|Ks3h|KhJh|6sAs|5dQd:-50|-100|0|150|0|0:MrBlue|Pluribus|Budd|MrWhite|MrOrange|Hattori
STATE:95:ffr211ffc/cr321f:7s3h|6d5d|Ks3c|Qs8c|AsTs|Th6h/2hJsKd:-50|-211|0|0|261|0:Pluribus|Budd|MrWhite|MrOrange|Hattori|MrBlue
STATE:96:ffr225ffr725f:3dKd|QhQd|9h7d|2s5s|Ad2c|9c8d:-50|275|0|0|-225|0:Budd|MrWhite|MrOrange|Hattori|MrBlue|Pluribus
STATE:97:fffr250cc/ccr625cf/cc/cc:KdTd|2sQs|Ad3c|8sTc|Kc5d|ThQc/Ac9dJc/2d/7h:875|-250|0|0|0|-625:MrWhite|MrOrange|Hattori|MrBlue|Pluribus|Budd
STATE:98:ffr225fff:8d2c|6d4h|Kd6h|Ah6c|JdKh|Jh3h:-50|-100|0|0|150|0:MrOrange|Hattori|MrBlue|Pluribus|Budd|MrWhite
STATE:99:r250fffr1325fc/cc/cc/r2125f:6d5d|5sAc|7c7s|8s5c|Qc2d|Qh9h/ThKh2c/2s/Kd:1425|-100|-1325|0|0|0:Hattori|MrBlue|Pluribus|Budd|MrWhite|MrOrange
STATE:100:r225fffcf/cr400f:As8s|2h6d|9c9s|Ts2d|TdJs|Ah6s/5d9h5h:-225|-100|325|0|0|0:MrBlue|Pluribus|Budd|MrWhite|MrOrange|Hattori
STATE:101:ffffr250c/cr400r1200f:8s9c|6dAc|2hJc|2s3h|Kd9h|Qs2c/3s7s5c:400|-400|0|0|0|0:Pluribus|Budd|MrWhite|MrOrange|Hattori|MrBlue
STATE:102:ffr225cff/cr825f:KcJd|4dTc|8dTh|3h8s|8cQc|5h6h/As5cJs:-50|-100|0|0|-225|375:Budd|MrWhite|MrOrange|Hattori|MrBlue|Pluribus
STATE:103:fffr250r850ff:AhQc|Jh2d|Ac5d|8c7d|9h6s|9cJd:350|-100|0|0|0|-250:MrWhite|MrOrange|Hattori|MrBlue|Pluribus|Budd
STATE:104:ffffr250c/cc/cc/cr750c:5cAs|3dKh|8sTd|Tc9s|Ah5s|3cKs/8cKdQh/Qc/8h:-750|750|0|0|0|0:MrOrange|Hattori|MrBlue|Pluribus|Budd|MrWhite
STATE:105:ffr225ffc/cc/r425c/r1100f:2s3s|Qs6s|7sKd|TsQc|9dJs|Jd9h/JhQd6h/Ks/5h:-50|475|0|0|-425|0:Hattori|MrBlue|Pluribus|Budd|MrWhite|MrOrange
STATE:106:ffr210ffc/cr360c/cc/cc:5h2s|AhTc|7d4d|Kh5s|TdTh|9cJd/AcAd4h/Jc/9d:-50|410|0|0|-360|0:MrBlue|Pluribus|Budd|MrWhite|MrOrange|Hattori
STATE:107:ffr211fr1200ff:6d5d|Td5c|Ts5s|Qs3d|Qh5h|Tc9s:311|-100|0|0|-211|0:Pluribus|Budd|MrWhite|MrOrange|Hattori|MrBlue
STATE:108:ffr225ffc/cc/cc/r600c:Ts8c|9s4s|7hJs|6d2h|QsQd|5sTd/3cAd6s/Th/7d:-50|-600|0|0|650|0:Budd|MrWhite|MrOrange|Hattori|MrBlue|Pluribus
STATE:109:ffr200ffc/cc/r1000c/r2750f:Jh9c|6h3h|7cJc|Kc5s|KdKs|TcQd/4s5d7d/Qc/8h:-50|1050|0|0|-1000|0:MrWhite|MrOrange|Hattori|MrBlue|Pluribus|Budd
STATE:110:r225fffff:9d6d|Td2s|QhAs|QsTc|Qc7s|AhTs:-50|-100|150|0|0|0:MrOrange|Hattori|MrBlue|Pluribus|Budd|MrWhite
STATE:111:ffffr235c/cc/r385f:4h4c|7sJd|2dTc|As7h|Th8d|7c9d/9c5d9s/3s:235|-235|0|0|0|0:Hattori|MrBlue|Pluribus|Budd|MrWhite|MrOrange
STATE:112:fffr250ff:Qh7h|5dJh|Js4h|Kh7c|6dKd|TsQd:-50|-100|0|0|0|150:MrBlue|Pluribus|Budd|MrWhite|MrOrange|Hattori
STATE:113:ffffcr350c/cc/cc/cr700f:5d5h|2d8c|5cQd|7cKc|Jc6c|Kh7s/7dAdTc/6s/As:-350|350|0|0|0|0:Pluribus|Budd|MrWhite|MrOrange|Hattori|MrBlue
STATE:114:fr200cffc/ccr450ff:2h7h|Ah3h|9s4s|8c9c|Ad9d|8hQs/5s4dKc:-50|-200|0|-200|450|0:Budd|MrWhite|MrOrange|Hattori|MrBlue|Pluribus
STATE:115:fr225fr720ffc/cr1270c/cr3070c/cc:8h7c|8c5h|6cAs|TcAc|9c5s|QcQh/3c4dTs/6h/9s:-50|-100|0|-3070|0|3220:MrWhite|MrOrange|Hattori|MrBlue|Pluribus|Budd
STATE:116:ffffr250c/r400c/cc/r1840c:6dAc|7dTh|7sJs|Jd7h|6s4d|9s7c/6c2h2d/6h/Ts:1840|-1840|0|0|0|0:MrOrange|Hattori|MrBlue|Pluribus|Budd|MrWhite
STATE:117:r200fffff:Ks3d|Qd7c|JdAh|6dKc|7s2c|Qh9d:-50|-100|150|0|0|0:Hattori|MrBlue|Pluribus|Budd|MrWhite|MrOrange
STATE:118:fffr225cf/cc/cc/cc:8hAh|9s2h|3h6h|3dAc|Jc8d|7hAd/Ks5d5h/3c/6c:325|-100|0|0|0|-225:MrBlue|Pluribus|Budd|MrWhite|MrOrange|Hattori
STATE:119:fr210ffff:Jd4s|9h7c|8d4c|KhAs|5d9s|4d6h:-50|-100|0|150|0|0:Pluribus|Budd|MrWhite|MrOrange|Hattori|MrBlue
STATE:120:ffr225cfc/cr587cf/cr949c/cr3122f:2d7s|Qs4s|2c5c|Ks8d|AsJs|3c3h/2sAd3d/9d/6c:-50|-225|0|0|-949|1224:Budd|MrWhite|MrOrange|Hattori|MrBlue|Pluribus
STATE:121:fffr250ff:6h9c|Ts3s|Qc9d|2c4d|Ah6d|KhJs:-50|-100|0|0|0|150:MrWhite|MrOrange|Hattori|MrBlue|Pluribus|Budd
STATE:122:ffffr300c/cc/cc/cc:TdKd|Ac9d|6s9h|8sJh|Ad6h|9sTh/8d7d8c/4h/Qs:-300|300|0|0|0|0:MrOrange|Hattori|MrBlue|Pluribus|Budd|MrWhite
STATE:123:r200ffffc/cc/cc/cc:Qs9h|9dKc|6hAh|Ks2c|9cKd|5hAc/4d3h5c/Ts/Jh:-50|-200|250|0|0|0:Hattori|MrBlue|Pluribus|Budd|MrWhite|MrOrange
STATE:124:r225fffcf/cc/cr450f:Kh5h|Qd2c|KdTd|Kc2h|QcJh|5d4s/3c7s8d/2s:-225|-100|325|0|0|0:MrBlue|Pluribus|Budd|MrWhite|MrOrange|Hattori
STATE:125:ffr211ffc/cr336f:9c7h|2s9s|3sQs|6sQc|Kh9h|2h7c/3h8hJs:-50|-211|0|0|261|0:Pluribus|Budd|MrWhite|MrOrange|Hattori|MrBlue
STATE:126:fr200fffc/cr310c/cc/cr980f:5s5h|8cTs|Th4d|KcQd|Jc7s|6c9d/9cJh8h/2h/4s:-50|-310|0|360|0|0:Budd|MrWhite|MrOrange|Hattori|MrBlue|Pluribus
STATE:127:ffr225ffr1200c/r1950c/cr3925f:9s3s|8s6s|6c5s|JcQh|KdTd|9h8c/KsQd2c/3h:-50|-1950|0|0|2000|0:MrWhite|MrOrange|Hattori|MrBlue|Pluribus|Budd
STATE:128:ffffr300f:Jc5c|2c7d|2hAd|6d8s|9s8c|9h6c:100|-100|0|0|0|0:MrOrange|Hattori|MrBlue|Pluribus|Budd|MrWhite
STATE:129:fffr224fr1075c/r1875c/r3975c/cc:7sKd|AcJc|8h2h|6hAs|Td3h|QcTc/Ks9c6s/Th/Ad:-50|4025|0|0|0|-3975:Hattori|MrBlue|Pluribus|Budd|MrWhite|MrOrange
STATE:130:fffr225fc/cc/r975c/r2475c:5c2h|3sJs|6s7d|7hQh|Ks3c|9h8c/8sAd5s/6d/9c:-50|-2475|0|0|0|2525:MrBlue|Pluribus|Budd|MrWhite|MrOrange|Hattori
STATE:131:fffr225ff:2d9s|4hKd|4c2h|7s9h|5hAc|KsKc:-50|-100|0|0|0|150:Pluribus|Budd|MrWhite|MrOrange|Hattori|MrBlue
STATE:132:ffr225cff/r475c/cc/cc:5c6d|4h8c|4cTc|2sJc|7dTd|7c7h/2c2dTs/Ks/As:-50|-100|0|0|625|-475:Budd|MrWhite|MrOrange|Hattori|MrBlue|Pluribus
STATE:133:fr225fffr1250f:8c2c|9c6c|Kh3h|9d7d|8h5c|Tc2h:-50|275|0|-225|0|0:MrWhite|MrOrange|Hattori|MrBlue|Pluribus|Budd
STATE:134:fffff:5hTd|QdKd|Ac4d|9hQc|8s9d|3d2s:-50|50|0|0|0|0:MrOrange|Hattori|MrBlue|Pluribus|Budd|MrWhite
STATE:135:fffr224fc/cc/cc/cc:4h7c|5dKs|2c9s|3dQs|3c2d|TcTh/8cAdJs/As/5s:-50|-224|0|0|0|274:Hattori|MrBlue|Pluribus|Budd|MrWhite|MrOrange
STATE:136:r225fcfff/cc/r1125f:QdJc|7s9h|AsAd|9cKd|AhQh|8s4s/5h9s6c/Tc:-50|-100|375|0|-225|0:MrBlue|Pluribus|Budd|MrWhite|MrOrange|Hattori
STATE:137:ffr211r766fff:Ah5s|8sQc|2h9s|Td4c|6dKd|AcKs:-50|-100|0|0|-211|361:Pluribus|Budd|MrWhite|MrOrange|Hattori|MrBlue
STATE:138:ffr225cfc/ccr587ff:Jh3h|7sJs|5d2d|4hAc|Th8h|As9s/5c5h9c:-50|-225|0|0|-225|500:Budd|MrWhite|MrOrange|Hattori|MrBlue|Pluribus
STATE:139:fffr250ff:4h3d|9h2s|5cTs|2hKc|Jd7c|7dAs:-50|-100|0|0|0|150:MrWhite|MrOrange|Hattori|MrBlue|Pluribus|Budd
STATE:140:r225ffffc/cc/r375c/cr975c:8hAc|5sTs|Jc8c|7c3s|8s5h|4c6s/7d2s5d/4h/Jd:-50|-975|1025|0|0|0:MrOrange|Hattori|MrBlue|Pluribus|Budd|MrWhite
STATE:141:fffff:5hTd|Tc4s|Jc4c|Ah8d|As2c|5c2s:-50|50|0|0|0|0:Hattori|MrBlue|Pluribus|Budd|MrWhite|MrOrange
STATE:142:ffffr300f:2dAh|Qc2s|6s4s|KhTs|8s3s|8d4d:100|-100|0|0|0|0:MrBlue|Pluribus|Budd|MrWhite|MrOrange|Hattori
STATE:143:ffr211fff:Js3s|Th5s|Qd7c|Jh6h|8cAd|5c8d:-50|-100|0|0|150|0:Pluribus|Budd|MrWhite|MrOrange|Hattori|MrBlue
STATE:144:cr350fffff:Ac8c|3c2c|Ah6c|TsTh|Js2s|6d7s:-50|-100|-100|250|0|0:Budd|MrWhite|MrOrange|Hattori|MrBlue|Pluribus
STATE:145:ffr225fcf/cc/cr362c/cr1186c:7h7s|6s4d|6d8h|Td3h|9cAs|5dAh/7c6c8c/Th/Ks:-1186|-100|0|0|1286|0:MrWhite|MrOrange|Hattori|MrBlue|Pluribus|Budd
STATE:146:fffff:Js9s|6cTd|Qc3d|8s5h|4h2h|3h4s:-50|50|0|0|0|0:MrOrange|Hattori|MrBlue|Pluribus|Budd|MrWhite
STATE:147:ffr225fff:Ad4h|Qs6h|4dJs|6cAs|Th8h|7d2h:-50|-100|0|0|150|0:Hattori|MrBlue|Pluribus|Budd|MrWhite|MrOrange
STATE:148:fffr225cf/cr350f:KdTh|5hJd|2s5c|3dAs|8h2c|KcJh/9c9hAh:-225|-100|0|0|0|325:MrBlue|Pluribus|Budd|MrWhite|MrOrange|Hattori
