# name/game/hands/seed sample_game_83 ../lib/python-client/acpc_infrastructure/holdem.nolimit.6p.game 10000 83
#--t_response 600000000
#--t_hand 600000000
#--t_per_hand 600000000
STATE:0:fr225ffcc/ccr450ff:QcKs|AhJs|8hQs|AcKh|Qh3d|Jd9h/2c9d4h:-225|-225|0|450|0|0:MrWhite|Budd|MrOrange|Bill|MrBlue|Pluribus
STATE:1:fr225fffc/cr425c/cr1100f:8c6s|TdKh|6c5s|9hQh|3dQs|5cTc/6d8s8d/Jc:-50|-425|0|475|0|0:Budd|MrOrange|Bill|MrBlue|Pluribus|MrWhite
STATE:2:r225fffff:7dJd|7sTd|Ks9s|3d3h|Jh5h|4cAh:-50|-100|150|0|0|0:MrOrange|Bill|MrBlue|Pluribus|MrWhite|Budd
STATE:3:ffffcr350c/cc/r750c/r1750c:3dKd|Td4h|3cQd|Ks3s|5dQh|9c2s/6hTs5c/4d/Jc:-1750|1750|0|0|0|0:Bill|MrBlue|Pluribus|MrWhite|Budd|MrOrange
STATE:4:fr225fffc/cr525f:9h2d|4s2s|Jc7s|AcJd|5s9c|4dQh/KhAd6h:-50|-225|0|275|0|0:MrBlue|Pluribus|MrWhite|Budd|MrOrange|Bill
STATE:5:fffr225ff:5cTh|7d3c|6hJc|7sQh|Kh2c|3h3s:-50|-100|0|0|0|150:Pluribus|MrWhite|Budd|MrOrange|Bill|MrBlue
STATE:6:r200ffcfc/ccc/ccc/r700cr2850fc:Jd9h|Qh3h|9dKd|3dAd|3c5c|6hAh/6d2d7s/Kc/6s:-50|-700|-2850|0|0|3600:MrWhite|Budd|MrOrange|Bill|MrBlue|Pluribus
STATE:7:r225ffffc/cr475f:Kd4s|6d6h|TsJs|Th4d|3sQc|Ks7d/3cAd4c:-50|-225|275|0|0|0:Budd|MrOrange|Bill|MrBlue|Pluribus|MrWhite
STATE:8:fffr250ff:6sKc|4sJd|Th9c|4d6h|9hKs|8sAh:-50|-100|0|0|0|150:MrOrange|Bill|MrBlue|Pluribus|MrWhite|Budd
STATE:9:ffffcr350c/cc/cr875c/cc:Kc7s|TdTs|3c6s|Jc6h|2d5d|Jh7d/6c6dQc/7h/8c:-875|875|0|0|0|0:Bill|MrBlue|Pluribus|MrWhite|Budd|MrOrange
STATE:10:r225fffcr900r1575fc/cr2574f:AhTh|6c5c|AsAc|7hQd|7cTd|Qs9h/JdJs2d:-225|-1575|1800|0|0|0:MrBlue|Pluribus|MrWhite|Budd|MrOrange|Bill
STATE:11:fr210ffff:Jc2c|2h9c|4sQc|KdQd|9s8h|6hJs:-50|-100|0|150|0|0:Pluribus|MrWhite|Budd|MrOrange|Bill|MrBlue
STATE:12:r200fr675ffff:4sTs|6h7c|JdKc|7s5d|Ac4c|Th9s:-50|-100|-200|0|350|0:MrWhite|Budd|MrOrange|Bill|MrBlue|Pluribus
STATE:13:fr225fcff/cr525c/cr1425c/cr4425f:5c6c|9s6h|9d8s|AdQc|8h5h|JhKd/9cTdQh/2h/3h:-50|-100|0|-1425|0|1575:Budd|MrOrange|Bill|MrBlue|Pluribus|MrWhite
STATE:14:fffr250fr1100f:6h5s|AdJs|8h2c|Qd2h|3hKh|TcJh:-50|300|0|0|0|-250:MrOrange|Bill|MrBlue|Pluribus|MrWhite|Budd
STATE:15:fr225ffr925fr1900c/cr3500f:KcJc|3sKd|9cAd|QsAh|5hJs|6dTc/2c7s2s:-1900|-100|0|2000|0|0:Bill|MrBlue|Pluribus|MrWhite|Budd|MrOrange
STATE:16:ffffr300c/cc/cr1200f:KdQc|3c3d|7cQh|4sAh|Th7d|8d2h/4h6hAs/3h:-300|300|0|0|0|0:MrBlue|Pluribus|MrWhite|Budd|MrOrange|Bill
STATE:17:cfffr1300ff:KcAs|3hJc|5cKs|4d2h|2s9c|2c4s:200|-100|-100|0|0|0:Pluribus|MrWhite|Budd|MrOrange|Bill|MrBlue
STATE:18:ffffr250f:7h7s|Td4h|4s6d|Qs4c|2cKh|2sAd:100|-100|0|0|0|0:MrWhite|Budd|MrOrange|Bill|MrBlue|Pluribus
STATE:19:fffr225fc/cc/cr600f:2c5d|Js8h|Ac6h|Ts9d|Tc8d|8cJc/6dKdQs/Th:-50|-225|0|0|0|275:Budd|MrOrange|Bill|MrBlue|Pluribus|MrWhite
STATE:20:fffr250fc/cr425c/cr1175c/cc:7c8s|9hQd|Jh4d|2d5d|5s4h|Jc6c/9c4s3c/8d/Ad:-50|1225|0|0|0|-1175:MrOrange|Bill|MrBlue|Pluribus|MrWhite|Budd
STATE:21:ffr225ffc/cr400c/cc/r1037f:Tc4d|Ad7d|2s6s|9cTd|8s9s|7cAh/Jd2cQh/Jc/As:-50|450|0|0|-400|0:Bill|MrBlue|Pluribus|MrWhite|Budd|MrOrange
STATE:22:fr225fcff/cc/cc/cc:9cAh|Jh8s|7s4s|KsTs|5d9h|2d2c/8hAd4d/4h/9s:-50|-100|0|-225|0|375:MrBlue|Pluribus|MrWhite|Budd|MrOrange|Bill
STATE:23:fffr225fc/cr600f:Td7h|4cQs|ThJs|6sQd|Ks8d|5c5d/6d5hJc:-50|-225|0|0|0|275:Pluribus|MrWhite|Budd|MrOrange|Bill|MrBlue
STATE:24:fr225cfff/cr475c/cr2350c/cr6452c:3dKh|2s3h|3s5c|QcQh|9d9h|JcTs/8d4c9s/2d/4d:-50|-100|0|-6452|6602|0:MrWhite|Budd|MrOrange|Bill|MrBlue|Pluribus
STATE:25:fffr225fr1150f:7cAc|7d3d|5cTh|2dQd|Qc8d|JsTc:-50|275|0|0|0|-225:Budd|MrOrange|Bill|MrBlue|Pluribus|MrWhite
STATE:26:fffr250r1150ff:AhKd|4cJs|3d8s|Tc4h|2c9d|QsJh:350|-100|0|0|0|-250:MrOrange|Bill|MrBlue|Pluribus|MrWhite|Budd
STATE:27:ffr225ffc/cc/cc/r425c:Jh2c|Td3d|3hJc|ThKd|JsAs|8cKc/7c6h7h/3c/7d:-50|475|0|0|-425|0:Bill|MrBlue|Pluribus|MrWhite|Budd|MrOrange
STATE:28:fffr250r1100fc/r2100c/cc/cr5300c:QsQc|Td8h|3cJc|5d7d|8s9h|AhJh/3hTc9c/6d/Kd:5400|-100|0|0|0|-5300:MrBlue|Pluribus|MrWhite|Budd|MrOrange|Bill
STATE:29:fffff:3c2h|4sKh|KdTc|Ks6s|8s4c|5dJc:-50|50|0|0|0|0:Pluribus|MrWhite|Budd|MrOrange|Bill|MrBlue
STATE:30:ffr225fff:9s7d|4sKd|Ac9d|7s2d|3dAs|6cKs:-50|-100|0|0|150|0:MrWhite|Budd|MrOrange|Bill|MrBlue|Pluribus
STATE:31:fr225r675ffr1755fc/r2643f:Kc7c|QdQs|3s2c|TsTc|8d8h|4d5s/2hKh5c:-50|2030|0|-225|-1755|0:Budd|MrOrange|Bill|MrBlue|Pluribus|MrWhite
STATE:32:fffff:7d5c|7s4h|3s8h|Ah4d|8sQd|3c6c:-50|50|0|0|0|0:MrOrange|Bill|MrBlue|Pluribus|MrWhite|Budd
STATE:33:fr225fr700fff:6hQd|9cAd|8h7s|7hAh|Kc6d|KhKs:-50|-100|0|-225|0|375:Bill|MrBlue|Pluribus|MrWhite|Budd|MrOrange
STATE:34:fr225fffc/cr400c/cr1075f:Td3c|3d4d|Th5s|KhJc|9s4c|8h7s/2s8d2d/Tc:-50|-400|0|450|0|0:MrBlue|Pluribus|MrWhite|Budd|MrOrange|Bill
STATE:35:fr200fffc/cc/cc/cr300c:9d2s|6s6c|4d9s|AdJs|3cJd|Ks8h/7h8c7d/Jh/Ts:-50|-300|0|350|0|0:Pluribus|MrWhite|Budd|MrOrange|Bill|MrBlue
STATE:36:fffff:7d2s|5dJd|2h6c|Qs4s|9d7h|8c6s:-50|50|0|0|0|0:MrWhite|Budd|MrOrange|Bill|MrBlue|Pluribus
STATE:37:fr225ffff:4cQd|Kd6h|4d7h|8c6c|5c8s|Ts2s:-50|-100|0|150|0|0:Budd|MrOrange|Bill|MrBlue|Pluribus|MrWhite
STATE:38:ffffr250c/cc/cc/cr600c:8h8c|5dAh|Jc6h|3dQc|Th6c|8s2h/7s9h4h/As/3s:-600|600|0|0|0|0:MrOrange|Bill|MrBlue|Pluribus|MrWhite|Budd
STATE:39:ffffcc/cc/r200c/cc:5c4s|QdTh|4d9c|Jh6h|7sAd|3s4h/Ks6d7c/Ah/9h:-200|200|0|0|0|0:Bill|MrBlue|Pluribus|MrWhite|Budd|MrOrange
STATE:40:r225fffcf/cr500f:6sAs|Ah5s|KsQc|JdTc|3s4c|Jc4d/8sKd5d:-225|-100|325|0|0|0:MrBlue|Pluribus|MrWhite|Budd|MrOrange|Bill
STATE:41:ffr225ffc/cr375c/cr875c/cc:6h9d|4cAd|Ks8d|3cAh|6d6s|7dJs/2c5h5d/3s/Kc:-50|925|0|0|-875|0:Pluribus|MrWhite|Budd|MrOrange|Bill|MrBlue
STATE:42:ffr225r750fff:9c7s|5hTc|Qh4h|6d2h|JsAd|QdAc:-50|-100|0|0|-225|375:MrWhite|Budd|MrOrange|Bill|MrBlue|Pluribus
STATE:43:r225fffff:8d3s|4hKh|AdAc|Kc9d|Tc8s|6h5h:-50|-100|150|0|0|0:Budd|MrOrange|Bill|MrBlue|Pluribus|MrWhite
STATE:44:ffffr250c/r350c/cc/cc:JsAs|Ah9c|Qd6h|4hAc|9s3s|Jh5c/4c4sQs/7h/Tc:350|-350|0|0|0|0:MrOrange|Bill|MrBlue|Pluribus|MrWhite|Budd
STATE:45:ffffcc/cc/cr250f:Kc8d|Jc3h|7dJh|4h2s|Js6h|9sTd/TsJd4s/2c:-100|100|0|0|0|0:Bill|MrBlue|Pluribus|MrWhite|Budd|MrOrange
STATE:46:ffffr300f:6h5d|3h9c|6s8d|2d5c|2c5s|4s9d:100|-100|0|0|0|0:MrBlue|Pluribus|MrWhite|Budd|MrOrange|Bill
STATE:47:fffr225ff:4sJh|6hJc|2s9h|Ad2d|2c8h|As9c:-50|-100|0|0|0|150:Pluribus|MrWhite|Budd|MrOrange|Bill|MrBlue
STATE:48:fffff:2c4d|9dQd|Tc4s|Kd5h|Th8d|3c8s:-50|50|0|0|0|0:MrWhite|Budd|MrOrange|Bill|MrBlue|Pluribus
STATE:49:r225fffff:3d6d|7sTd|AsAh|2c4h|3h3s|7c8h:-50|-100|150|0|0|0:Budd|MrOrange|Bill|MrBlue|Pluribus|MrWhite
STATE:50:fffr250ff:3s6s|2c6h|9cQd|Ks7h|5dKc|Td8h:-50|-100|0|0|0|150:MrOrange|Bill|MrBlue|Pluribus|MrWhite|Budd
STATE:51:fr225fffc/cr475f:2s5s|4h4c|Tc6c|AhJs|Jc4d|5c8d/Ad3h7h:-50|-225|0|275|0|0:Bill|MrBlue|Pluribus|MrWhite|Budd|MrOrange
STATE:52:fffr250ff:7sKc|4d6h|2sJh|6sKh|Jd4c|3sAs:-50|-100|0|0|0|150:MrBlue|Pluribus|MrWhite|Budd|MrOrange|Bill
STATE:53:fffff:2d6d|8sTc|7cQs|2s7s|4s8h|Kd2c:-50|50|0|0|0|0:Pluribus|MrWhite|Budd|MrOrange|Bill|MrBlue
STATE:54:cfffcc/ccc/r325ff:Ac2h|8c5d|8s3s|4s2d|6d3c|9d2c/JhQh4h/Ks:200|-100|-100|0|0|0:MrWhite|Budd|MrOrange|Bill|MrBlue|Pluribus
STATE:55:fffff:7sJc|3hTs|5cAd|Jd4h|8dJs|4c2h:-50|50|0|0|0|0:Budd|MrOrange|Bill|MrBlue|Pluribus|MrWhite
STATE:56:fr250ffff:4s6d|4dAh|Qd6h|Js9s|KhTd|5c7h:-50|-100|0|150|0|0:MrOrange|Bill|MrBlue|Pluribus|MrWhite|Budd
STATE:57:r250ffffc/cc/cr387f:Ah4h|5d6s|Ac8c|Qc6d|7dTd|Ad8d/2c7cKd/7h:-50|-250|300|0|0|0:Bill|MrBlue|Pluribus|MrWhite|Budd|MrOrange
STATE:58:r225fffff:Js8c|5dQs|6d6c|5sTd|2d9h|Jc3h:-50|-100|150|0|0|0:MrBlue|Pluribus|MrWhite|Budd|MrOrange|Bill
STATE:59:fffr225fr725c/cr1350f:3h6c|6d5d|4sTh|3s7d|6hAs|8dTc/Js7sQc:-50|-725|0|0|0|775:Pluribus|MrWhite|Budd|MrOrange|Bill|MrBlue
STATE:60:ffffr250r800c/cr1700f:KhQc|AhAc|6sQs|6c3s|Jc3h|4s2s/Tc6h4c:-800|800|0|0|0|0:MrWhite|Budd|MrOrange|Bill|MrBlue|Pluribus
STATE:61:ffffr300r900f:4sKs|AhQd|7dAc|6cJh|8hJc|8d5c:-300|300|0|0|0|0:Budd|MrOrange|Bill|MrBlue|Pluribus|MrWhite
STATE:62:fffff:6d2d|6hTs|6cAs|Td5d|3sAd|5s2c:-50|50|0|0|0|0:MrOrange|Bill|MrBlue|Pluribus|MrWhite|Budd
STATE:63:ffffcc/cc/cc/cc:6s8h|Ah8s|4h3d|2s5c|6cQd|8c5h/JcQh3s/2d/Qs:-100|100|0|0|0|0:Bill|MrBlue|Pluribus|MrWhite|Budd|MrOrange
STATE:64:fr225ffff:As2c|6dQc|9d8h|KcTc|Th2s|8s9h:-50|-100|0|150|0|0:MrBlue|Pluribus|MrWhite|Budd|MrOrange|Bill
STATE:65:ffr225ffc/cr475c/cc/cc:7s6d|Kh4h|Kd4c|Th4d|QsKc|4s8d/5h8cAc/2d/Ts:-50|-475|0|0|525|0:Pluribus|MrWhite|Budd|MrOrange|Bill|MrBlue
STATE:66:fffr250fc/cr525f:Qs5c|3d7d|8s9c|4h9d|6cQd|7s6s/2c2h2s:-50|-250|0|0|0|300:MrWhite|Budd|MrOrange|Bill|MrBlue|Pluribus
STATE:67:fr225ffff:5d9h|Jc7h|2cTc|AcQd|Kh6s|Ah9s:-50|-100|0|150|0|0:Budd|MrOrange|Bill|MrBlue|Pluribus|MrWhite
STATE:68:ffr225ffc/cc/r475f:6dQh|KdTh|5d9s|8s9h|3hAh|Kc5s/7d6s3d/Tc:-50|275|0|0|-225|0:MrOrange|Bill|MrBlue|Pluribus|MrWhite|Budd
STATE:69:ffr225ffc/cr375r775c/cr1175c/cr2975c:Ah7s|4d6c|Kd8s|3d2s|QdQc|4s8h/Qs6h6d/Ac/Th:-50|-2975|0|0|3025|0:Bill|MrBlue|Pluribus|MrWhite|Budd|MrOrange
STATE:70:fcffcc/ccr200ff:Ad7s|9sTh|2s4s|9h4d|7d3d|7c2c/QhQs3s:-100|-100|0|200|0|0:MrBlue|Pluribus|MrWhite|Budd|MrOrange|Bill
STATE:71:r225fffff:Kc8s|3s6h|TsAs|KhTh|4hKs|7c5s:-50|-100|150|0|0|0:Pluribus|MrWhite|Budd|MrOrange|Bill|MrBlue
STATE:72:fffff:AsJc|Jh9h|5h4h|4dKs|2s5d|4sTd:-50|50|0|0|0|0:MrWhite|Budd|MrOrange|Bill|MrBlue|Pluribus
STATE:73:fr225ffff:Tc4c|9d3c|Ks3s|AsQc|ThJc|Jd4d:-50|-100|0|150|0|0:Budd|MrOrange|Bill|MrBlue|Pluribus|MrWhite
STATE:74:fffr250ff:3s2c|5d8s|3d4h|As2d|8h2h|Th7h:-50|-100|0|0|0|150:MrOrange|Bill|MrBlue|Pluribus|MrWhite|Budd
STATE:75:fr225r720fr2025ffc/r3150f:KdAh|Td3d|7h4d|Jc9c|4h5h|4cTc/2d7dQs:2350|-100|0|-225|-2025|0:Bill|MrBlue|Pluribus|MrWhite|Budd|MrOrange
STATE:76:fffr250cf/cc/r500r1050c/cr2150f:QcTs|Jd3h|3d4c|2cTh|8s9d|Jh9h/Tc8h2h/7s/6s:-1050|-100|0|0|0|1150:MrBlue|Pluribus|MrWhite|Budd|MrOrange|Bill
STATE:77:fffr225fc/cc/cr600f:9s7h|8s8d|5hKd|Js3d|Qs5s|Ah9c/Ac5d4d/2h:-50|-225|0|0|0|275:Pluribus|MrWhite|Budd|MrOrange|Bill|MrBlue
STATE:78:r200fffff:2cQc|7d3s|KsJs|8s2h|7cQh|Tc7h:-50|-100|150|0|0|0:MrWhite|Budd|MrOrange|Bill|MrBlue|Pluribus
STATE:79:fr225ffr900ff:JhKh|7cQc|2c3s|AsTd|4d9d|8s5s:325|-100|0|-225|0|0:Budd|MrOrange|Bill|MrBlue|Pluribus|MrWhite
STATE:80:ffr225fff:6hQh|Qd8c|3d9d|Td3c|5s6s|3h2c:-50|-100|0|0|150|0:MrOrange|Bill|MrBlue|Pluribus|MrWhite|Budd
STATE:81:fffff:3hQd|6c9h|5d6s|7c8d|5h2c|4d3c:-50|50|0|0|0|0:Bill|MrBlue|Pluribus|MrWhite|Budd|MrOrange
STATE:82:ffr210fr1050fr2350f:5s7s|Tc4d|3hQd|9dQh|AdJh|Kc4c:-1050|-100|0|0|1150|0:MrBlue|Pluribus|MrWhite|Budd|MrOrange|Bill
STATE:83:fffff:8h5d|4sTh|4hQh|7c9s|9c7h|9d6c:-50|50|0|0|0|0:Pluribus|MrWhite|Budd|MrOrange|Bill|MrBlue
STATE:84:r200ffffc/cc/cc/cc:9h4h|8h3h|9s9c|3d6s|KhQd|Jh5c/TcAhJs/8d/Kc:-50|-200|250|0|0|0:MrWhite|Budd|MrOrange|Bill|MrBlue|Pluribus
STATE:85:ffr200cff/cc/r337f:Td8c|4hJs|Ad6h|9s2d|Kh9h|Tc7c/8sKsQs/5s:-50|-100|0|0|350|-200:Budd|MrOrange|Bill|MrBlue|Pluribus|MrWhite
STATE:86:fffr250fc/cc/cc/cc:2d8d|Ah8s|Js4c|Jd9s|9cQs|JcAd/4d3h6s/9h/5d:-50|-250|0|0|0|300:MrOrange|Bill|MrBlue|Pluribus|MrWhite|Budd
STATE:87:ffr225r700ffc/cr1255f:5h6h|Qd9d|9sKh|Jc2h|AdJd|TsTd/3s2s7s:-50|-100|0|0|-700|850:Bill|MrBlue|Pluribus|MrWhite|Budd|MrOrange
STATE:88:fffff:3h9s|2cTc|7h5s|6h4d|9c2h|Th2s:-50|50|0|0|0|0:MrBlue|Pluribus|MrWhite|Budd|MrOrange|Bill
STATE:89:fr205ffff:JhTs|Tc4h|3c8s|JdQd|6dJc|2s6h:-50|-100|0|150|0|0:Pluribus|MrWhite|Budd|MrOrange|Bill|MrBlue
STATE:90:r200ffcff/cc/cr337c/cc:Kc8d|7hQc|JcAc|7sJh|2h8h|7c7d/4s5dTc/9d/Qd:-50|-100|-337|0|0|487:MrWhite|Budd|MrOrange|Bill|MrBlue|Pluribus
STATE:91:r225cfcfc/cr575r1400ffc/cr3900c/cc:QsTc|Qd7d|Ad8d|6c7c|5sQc|JsTs/Ac5d8c/4d/4h:-50|-225|-3900|4400|0|-225:Budd|MrOrange|Bill|MrBlue|Pluribus|MrWhite
STATE:92:r225ffr720fff:8cJc|2c9d|JdAs|Js2d|Ac3h|KcQh:-50|-100|-225|0|0|375:MrOrange|Bill|MrBlue|Pluribus|MrWhite|Budd
STATE:93:fr225fffc/cr600c/cr1537r3880f:2d2h|Jc8c|Qh2s|Js9s|7s4s|4hKh/2c7d6c/Ks:-50|1587|0|-1537|0|0:Bill|MrBlue|Pluribus|MrWhite|Budd|MrOrange
STATE:94:fffr250fr1350f:4c6h|Jd9c|3d9h|7d6s|8d3c|Qh8h:-50|300|0|0|0|-250:MrBlue|Pluribus|MrWhite|Budd|MrOrange|Bill
STATE:95:fffr225cf/cr455c/cc/cc:Ac3c|Kh3d|4hKd|3hTs|Tc8d|Th9d/AhJh2h/Jd/Qc:555|-100|0|0|0|-455:Pluribus|MrWhite|Budd|MrOrange|Bill|MrBlue
STATE:96:ffr225fff:6cJs|Tc7s|3hQd|Kd3c|AdQs|Th6d:-50|-100|0|0|150|0:MrWhite|Budd|MrOrange|Bill|MrBlue|Pluribus
STATE:97:fr225r675fffc/cr1425f:5s4c|JcTs|Ah4d|Tc7c|AcKd|8c3c/6sKh4h:-50|-100|0|-675|825|0:Budd|MrOrange|Bill|MrBlue|Pluribus|MrWhite
STATE:98:ffr225fff:Ts2c|Kc5h|Js4d|2s9d|QdQc|5cKh:-50|-100|0|0|150|0:MrOrange|Bill|MrBlue|Pluribus|MrWhite|Budd
STATE:99:ffr225ffc/cr400r825c/r2100c/cr6350c:7c6d|8sJh|3c2c|4s5c|9h9s|4c3h/8h7d8c/5h/9d:-50|-6350|0|0|6400|0:Bill|MrBlue|Pluribus|MrWhite|Budd|MrOrange
STATE:100:ffr210cff/cr410c/cc/cc:Qh8d|2c9c|7cKc|6d8c|Ad3d|5d5h/Jd2h4h/9h/3c:-50|-100|0|0|-410|560:MrBlue|Pluribus|MrWhite|Budd|MrOrange|Bill
STATE:101:fr205ffff:JdTh|5cKh|8c6s|Ah2h|5d3h|Ks3d:-50|-100|0|150|0|0:Pluribus|MrWhite|Budd|MrOrange|Bill|MrBlue
STATE:102:ffr225ffc/cr475c/cr1175c/cr3090r10000f:8cTh|Ad8d|7cQh|9cJd|5c4c|7dJs/6h4sKd/4d/Td:-50|3140|0|0|-3090|0:MrWhite|Budd|MrOrange|Bill|MrBlue|Pluribus
STATE:103:ffffr300c/cc/r750c/r1875f:2hAc|4hAh|As9c|6d2s|Qs8d|6c7h/9hAdKc/7d/3s:750|-750|0|0|0|0:Budd|MrOrange|Bill|MrBlue|Pluribus|MrWhite
STATE:104:r225r750ffffc/cc/cr1162c/cr6110r10000f:JcKd|8s7d|QdQc|7c6c|5c7s|5s6s/8dQsTc/Qh/Td:-50|-100|6260|-6110|0|0:MrOrange|Bill|MrBlue|Pluribus|MrWhite|Budd
STATE:105:ffffcr350c/cc/cr875c/cc:8s7c|TsQh|2d3s|5s6d|5cAh|Jh3h/7d6c8c/7h/4s:875|-875|0|0|0|0:Bill|MrBlue|Pluribus|MrWhite|Budd|MrOrange
STATE:106:fffr250ff:3h4s|3dQc|4cJh|8c6s|5s3s|9cJd:-50|-100|0|0|0|150:MrBlue|Pluribus|MrWhite|Budd|MrOrange|Bill
STATE:107:ffr225fff:Ts7h|2d4c|Ah7c|6hAs|5s5d|Qd3h:-50|-100|0|0|150|0:Pluribus|MrWhite|Budd|MrOrange|Bill|MrBlue
STATE:108:ffr225ffc/cr475f:3h6s|8s9d|4d5c|6d2d|Ks5s|8h9c/Tc4sAh:-50|-225|0|0|275|0:MrWhite|Budd|MrOrange|Bill|MrBlue|Pluribus
STATE:109:r225fffff:3d5d|6d7h|QsTs|7c3s|Jc4c|5sKs:-50|-100|150|0|0|0:Budd|MrOrange|Bill|MrBlue|Pluribus|MrWhite
STATE:110:fffr250fc/cc/cc/r1350c:3s9c|Js5s|4h2c|6h3c|Jh2h|Jd8c/7d4d6d/8d/5c:-50|-1350|0|0|0|1400:MrOrange|Bill|MrBlue|Pluribus|MrWhite|Budd
STATE:111:fr225r720fffc/cr1270f:5s7c|6cQs|9sTc|9c9d|Kh9h|4d3c/Qh5cKs:-50|-100|0|-720|870|0:Bill|MrBlue|Pluribus|MrWhite|Budd|MrOrange
STATE:112:fffr250fc/cc/r1075f:7s9d|3hQh|4hKh|9hAs|2s9c|5hAh/8cQd2c/3d:-50|300|0|0|0|-250:MrBlue|Pluribus|MrWhite|Budd|MrOrange|Bill
STATE:113:ffffr200c/r400f:Ks6d|3hKd|Ah5c|9h8d|6h9d|3dQc/AcQdJc:200|-200|0|0|0|0:Pluribus|MrWhite|Budd|MrOrange|Bill|MrBlue
STATE:114:fr225fcff/cc/r525r1125c/cc:4d3d|Jd4s|Qh3h|KsKd|8dJh|5hAh/6h2c6d/8h/2s:-50|-100|0|1275|0|-1125:MrWhite|Budd|MrOrange|Bill|MrBlue|Pluribus
STATE:115:fffff:3d9h|2sTh|Kd7c|Ad5c|7h8d|4cQh:-50|50|0|0|0|0:Budd|MrOrange|Bill|MrBlue|Pluribus|MrWhite
STATE:116:fffr250ff:9c3d|6hQs|4hTs|9d8h|Qh8s|TcQc:-50|-100|0|0|0|150:MrOrange|Bill|MrBlue|Pluribus|MrWhite|Budd
STATE:117:ffffcc/cc/cc/r300f:7dJd|4d2c|9hQs|9cTs|Ah5d|9sQc/JhKsKh/3d/Jc:100|-100|0|0|0|0:Bill|MrBlue|Pluribus|MrWhite|Budd|MrOrange
STATE:118:fffr250cf/cr550c/cr1750f:JcTh|5sTd|7h8d|7c9h|5cJh|Qs3s/5hTsKc/3d:-550|-100|0|0|0|650:MrBlue|Pluribus|MrWhite|Budd|MrOrange|Bill
STATE:119:fffr225cc/ccr725ff:2c2h|Qs8c|TcQd|9dAh|5d9s|5c5h/4c3c7s:-225|-225|0|0|0|450:Pluribus|MrWhite|Budd|MrOrange|Bill|MrBlue
STATE:120:fr225fcr1000ffc/r1900f:3cAc|8cTd|6hAd|5s4s|8h7d|3sAs/Kd4c9h:1325|-100|0|-225|0|-1000:MrWhite|Budd|MrOrange|Bill|MrBlue|Pluribus
