# name/game/hands/seed sample_game_72 ../lib/python-client/acpc_infrastructure/holdem.nolimit.6p.game 10000 72
#--t_response 600000000
#--t_hand 600000000
#--t_per_hand 600000000
STATE:0:r200fffff:Qh3c|6h4s|KhJh|Ks3d|Qs2d|Qd6d:-50|-100|150|0|0|0:Budd|Eddie|MrOrange|Bill|MrBlue|Pluribus
STATE:1:r225ffffc/cr375c/cr975f:2c8s|9hTh|QcKc|7d6h|3s7c|As6d/KhAhKs/8d:-50|-375|425|0|0|0:Eddie|MrOrange|Bill|MrBlue|Pluribus|Budd
STATE:2:ffffr250r850f:5cJc|3h9h|TsAd|7hKd|7dKs|6cQh:-250|250|0|0|0|0:MrOrange|Bill|MrBlue|Pluribus|Budd|Eddie
STATE:3:fffr234fc/cr384c/cc/r1504c:3d5s|4hAd|Kh3h|Jc4c|7d4s|Ah5h/As8c2c/4d/7c:-50|1554|0|0|0|-1504:Bill|MrBlue|Pluribus|Budd|Eddie|MrOrange
STATE:4:ffr210fff:3dQc|2h9s|6sKs|8s7d|Th8h|Ts5c:-50|-100|0|0|150|0:MrBlue|Pluribus|Budd|Eddie|MrOrange|Bill
STATE:5:fffr225fc/cr475f:3cAs|2sAc|2h6s|5dQd|4s5h|4hAh/6cKhQh:-50|-225|0|0|0|275:Pluribus|Budd|Eddie|MrOrange|Bill|MrBlue
STATE:6:ffffr300c/cc/cr750f:9c9h|8s7d|5hKd|6c2h|7c4h|7h9s/ThAsJh/Ks:-300|300|0|0|0|0:Budd|Eddie|MrOrange|Bill|MrBlue|Pluribus
STATE:7:r225fffff:Qh9h|2d6s|KhAs|9dKd|3s5s|TsQc:-50|-100|150|0|0|0:Eddie|MrOrange|Bill|MrBlue|Pluribus|Budd
STATE:8:ffr225ffr1000r2400r10000c///:6s7d|AcAs|7cTh|7h6c|KcKd|Jc3h/Qs6hKs/Td/2h:-50|-10000|0|0|10050|0:MrOrange|Bill|MrBlue|Pluribus|Budd|Eddie
STATE:9:ffr200ffc/cr335f:JsKd|2s9s|7d4s|2c6s|Kh6h|Qd6d/3hTcTh:-50|-200|0|0|250|0:Bill|MrBlue|Pluribus|Budd|Eddie|MrOrange
STATE:10:ffffr300c/cc/cc/r550f:Qh9c|5d4d|8sQd|5hQc|Jd7c|6d4s/3cKc8h/8c/Qs:300|-300|0|0|0|0:MrBlue|Pluribus|Budd|Eddie|MrOrange|Bill
STATE:11:ffr225cr1387ffc/r2161f:QdAc|Jh8d|4dTc|9cKs|4c5c|8s9s/AdQcAs:1712|-100|0|0|-225|-1387:Pluribus|Budd|Eddie|MrOrange|Bill|MrBlue
STATE:12:fr225r780fffc/cc/cr1685c/cr4400f:4h9s|Tc5h|Th6c|JsJc|AsQh|Ts8d/Ac7s2d/9h/3s:-50|-100|0|-1685|1835|0:Budd|Eddie|MrOrange|Bill|MrBlue|Pluribus
STATE:13:fffff:3s4d|7d3c|6dQd|2s5d|9d8s|Jc6h:-50|50|0|0|0|0:Eddie|MrOrange|Bill|MrBlue|Pluribus|Budd
STATE:14:ffr225cff/cc/r600f:3sQs|7s2h|9d3c|Th5d|JsTd|QcKd/2s4dAh/8s:-50|-100|0|0|375|-225:MrOrange|Bill|MrBlue|Pluribus|Budd|Eddie
STATE:15:ffffr300r900c/cc/r2100c/r4900f:QdTh|8s7s|5hAd|8h5c|7hKd|As4d/6s4s9d/Jd/3h:2100|-2100|0|0|0|0:Bill|MrBlue|Pluribus|Budd|Eddie|MrOrange
STATE:16:r225fffff:3dQh|2h3c|JsAs|6hJh|6s3s|Kd5s:-50|-100|150|0|0|0:MrBlue|Pluribus|Budd|Eddie|MrOrange|Bill
STATE:17:fffr225fr1100r2500r10000f:9s3s|AcKh|4d6h|5c8d|2s3c|JcAh:-50|2550|0|0|0|-2500:Pluribus|Budd|Eddie|MrOrange|Bill|MrBlue
STATE:18:ffr225fff:7s5d|8c3s|7hJs|9d5c|Ad7d|3dJh:-50|-100|0|0|150|0:Budd|Eddie|MrOrange|Bill|MrBlue|Pluribus
STATE:19:fffr250fc/cr425c/cr875f:Qc5s|Qs8s|8cJh|9h8d|4sTc|6cAd/As6dQh/6h:-50|-425|0|0|0|475:Eddie|MrOrange|Bill|MrBlue|Pluribus|Budd
STATE:20:ffr225fff:8d2c|Tc5d|3d7c|2hKc|As2s|3h5c:-50|-100|0|0|150|0:MrOrange|Bill|MrBlue|Pluribus|Budd|Eddie
STATE:21:ffffr300f:3s3d|Jc4d|7h8s|4sTd|3h4c|9c6d:100|-100|0|0|0|0:Bill|MrBlue|Pluribus|Budd|Eddie|MrOrange
STATE:22:fr200ffcc/ccc/cr500cf/r2300f:5sAs|8h7c|Qh4h|7s8s|Jh5c|Kc7h/9h7dJd/5d/3h:-200|700|0|-500|0|0:MrBlue|Pluribus|Budd|Eddie|MrOrange|Bill
STATE:23:ffffr200c/cc/r300f:4s4h|3h8h|7d4c|8dJc|5cTc|2h3s/9s9dKc/Kh:200|-200|0|0|0|0:Pluribus|Budd|Eddie|MrOrange|Bill|MrBlue
STATE:24:ffr225fff:QcJd|2cQh|7c2s|6s8h|TdKs|3sTh:-50|-100|0|0|150|0:Budd|Eddie|MrOrange|Bill|MrBlue|Pluribus
STATE:25:fffff:Th2c|3c2h|9h2d|Ah4d|7h5h|Jc7d:-50|50|0|0|0|0:Eddie|MrOrange|Bill|MrBlue|Pluribus|Budd
STATE:26:ffr225ffc/cr475c/cr1225c/cr2945r8885c:2sTh|8h8s|2dKh|5c7s|TsTd|KdTc/8c6s9d/Qc/Qd:-50|8935|0|0|-8885|0:MrOrange|Bill|MrBlue|Pluribus|Budd|Eddie
STATE:27:r250ffffr1100c/r1900c/cc/cr7675c:7cAc|KhKc|KdJd|3h2c|4d9d|6cQs/4s5dKs/6h/Ts:-50|7725|-7675|0|0|0:Bill|MrBlue|Pluribus|Budd|Eddie|MrOrange
STATE:28:r225ffr800fff:2s7c|3h4d|QcJs|As9c|6d5d|KsAc:-50|-100|-225|0|0|375:MrBlue|Pluribus|Budd|Eddie|MrOrange|Bill
STATE:29:fr207fffc/cc/cc/cc:8dQd|Qc6c|7s6s|QsAd|8s3h|8hKc/8c6dJc/Ks/5d:-50|257|0|-207|0|0:Pluribus|Budd|Eddie|MrOrange|Bill|MrBlue
STATE:30:fffff:7d2c|3s5c|8dAs|Qh9s|Tc5h|4sJh:-50|50|0|0|0|0:Budd|Eddie|MrOrange|Bill|MrBlue|Pluribus
STATE:31:fffr250ff:Kc2s|Tc4h|8d5c|3h6h|As4d|9dTh:-50|-100|0|0|0|150:Eddie|MrOrange|Bill|MrBlue|Pluribus|Budd
STATE:32:fffff:9c2s|Jd5c|KsTh|Jh8h|5hKd|Qc8d:-50|50|0|0|0|0:MrOrange|Bill|MrBlue|Pluribus|Budd|Eddie
STATE:33:ffr200ffc/cr335f:7d4s|Td8c|2c7s|8hJh|9sTs|4cJd/3c6d6s:-50|-200|0|0|250|0:Bill|MrBlue|Pluribus|Budd|Eddie|MrOrange
STATE:34:cffffc/cc/cc/cr200f:Qd4c|6c6h|5cAc|9h8c|6s2s|2d3h/JcAsJd/5h/3d:-50|-100|150|0|0|0:MrBlue|Pluribus|Budd|Eddie|MrOrange|Bill
STATE:35:fffr225cc/ccc/ccc/ccc:4s4h|Ad3c|8h5s|Kd6c|Kh4d|AhTs/8s7h9d/7c/2s:450|-225|0|0|0|-225:Pluribus|Budd|Eddie|MrOrange|Bill|MrBlue
STATE:36:ffr225fff:Ad4c|3c7h|6hJd|4s6d|5hQh|8cKs:-50|-100|0|0|150|0:Budd|Eddie|MrOrange|Bill|MrBlue|Pluribus
STATE:37:ffr200ffc/cr425f:6d5c|Th8c|4s7s|5d9d|Jh8h|4c8d/TsJsKh:-50|-200|0|0|250|0:Eddie|MrOrange|Bill|MrBlue|Pluribus|Budd
STATE:38:r225fr720fffc/cc/cc/r1912f:4d6c|7c6d|2d2c|Qh9c|8hAh|TdAs/8s9hQc/5c/Tc:-50|-100|870|0|-720|0:MrOrange|Bill|MrBlue|Pluribus|Budd|Eddie
STATE:39:fr225ffr950fr2350c/cr3850c/cr10000c/:AhJh|6sTs|4hQd|7cKc|5cKs|8sKd/5sAc3c/9d/6d:10100|-100|0|-10000|0|0:Bill|MrBlue|Pluribus|Budd|Eddie|MrOrange
STATE:40:fr200ffcf/cr350f:KcQs|9s2c|Jc3c|KhQc|Ts8d|2h3s/7dThTd:-200|-100|0|300|0|0:MrBlue|Pluribus|Budd|Eddie|MrOrange|Bill
STATE:41:ffr225fff:3cJh|7c2s|Ks6c|Ac7s|7dAd|5sTs:-50|-100|0|0|150|0:Pluribus|Budd|Eddie|MrOrange|Bill|MrBlue
STATE:42:fffff:Jc6d|7h9s|TdAs|4hKs|Kd7c|4c2h:-50|50|0|0|0|0:Budd|Eddie|MrOrange|Bill|MrBlue|Pluribus
STATE:43:fr225ffff:9sJd|6d5c|2hKd|Th8h|7h5s|7d4d:-50|-100|0|150|0|0:Eddie|MrOrange|Bill|MrBlue|Pluribus|Budd
STATE:44:fffr222ff:9d3d|2c5d|Js6h|7s8d|6d4h|AhAc:-50|-100|0|0|0|150:MrOrange|Bill|MrBlue|Pluribus|Budd|Eddie
STATE:45:ffr200ffc/cr605r1550c/cc/r3912f:6dQc|3h9h|7cAh|Qd2d|KhJh|3s4s/Jc3c8h/Kc/Ts:-50|1600|0|0|-1550|0:Bill|MrBlue|Pluribus|Budd|Eddie|MrOrange
STATE:46:ffffr300c/cc/cc/cr600c:3sAd|7sAh|8h6c|3cKc|2sJh|9d7h/ThQd5s/2c/Ac:-600|600|0|0|0|0:MrBlue|Pluribus|Budd|Eddie|MrOrange|Bill
STATE:47:fffr225r637fc/r3385f:KcQc|4c4h|9c4d|ThJd|Ks2h|7s6d/Kh5h6s:737|-100|0|0|0|-637:Pluribus|Budd|Eddie|MrOrange|Bill|MrBlue
STATE:48:ffr225ffc/cr600f:5dJd|7dAs|Kh8c|7s3s|2dQd|Jh4c/2hTh8h:-50|-225|0|0|275|0:Budd|Eddie|MrOrange|Bill|MrBlue|Pluribus
STATE:49:fffff:3c6h|Jh2s|5c4h|2d6c|4c5s|2h4d:-50|50|0|0|0|0:Eddie|MrOrange|Bill|MrBlue|Pluribus|Budd
STATE:50:ffr225fr1100ff:9sTs|3h7d|4h6s|Kh5s|Ad9c|8cAh:325|-100|0|0|-225|0:MrOrange|Bill|MrBlue|Pluribus|Budd|Eddie
STATE:51:fr225fccc/cccc/ccr775cff/r2275c:2c2d|7d9h|Jd5s|8cQc|4dJs|AcQs/5d8sTh/Qd/4c:-225|-225|0|2725|0|-2275:Bill|MrBlue|Pluribus|Budd|Eddie|MrOrange
STATE:52:fffr250fc/cr525f:7hQs|JcKd|5cAh|6h4s|9c6s|6dAd/3h8c9d:-50|-250|0|0|0|300:MrBlue|Pluribus|Budd|Eddie|MrOrange|Bill
STATE:53:ffffcc/cc/r200c/cr600f:6sKc|4dAs|Th2d|3d7d|7c6d|2sJh/9sTc2c/5d/3h:-200|200|0|0|0|0:Pluribus|Budd|Eddie|MrOrange|Bill|MrBlue
STATE:54:fffr250fc/cc/cc/r415r855f:Qs7s|JcTs|Js5c|7h8s|9s4c|8hTh/5d3c6d/Ah/Jd:-50|-415|0|0|0|465:Budd|Eddie|MrOrange|Bill|MrBlue|Pluribus
STATE:55:r225fffff:2s5c|As3c|6d6h|8cJc|7s8h|Qd5h:-50|-100|150|0|0|0:Eddie|MrOrange|Bill|MrBlue|Pluribus|Budd
STATE:56:fffr222fc/cr372c/cc/r647r1997c:4c8c|7h9c|Qh3c|Kd3d|5h2s|7cQc/3hTs9d/9h/8d:-50|2047|0|0|0|-1997:MrOrange|Bill|MrBlue|Pluribus|Budd|Eddie
STATE:57:ffr200fff:8h9s|Jc6s|5hKc|2dQc|AdKh|9d2c:-50|-100|0|0|150|0:Bill|MrBlue|Pluribus|Budd|Eddie|MrOrange
STATE:58:r225fffff:2h6h|6sQc|7d7h|2d4d|3c5c|6d2c:-50|-100|150|0|0|0:MrBlue|Pluribus|Budd|Eddie|MrOrange|Bill
STATE:59:fffff:Tc3s|AdQd|4cAs|4hKs|Td7c|3d4s:-50|50|0|0|0|0:Pluribus|Budd|Eddie|MrOrange|Bill|MrBlue
STATE:60:fffff:5s2h|5h3c|4dQs|8s3s|8h4c|7c6h:-50|50|0|0|0|0:Budd|Eddie|MrOrange|Bill|MrBlue|Pluribus
STATE:61:r225ffffc/cr600c/cc/r1555r2805f:Jd9h|5s3s|KhAc|4d8d|Kc8s|4s2s/Td9sJs/Ad/Qh:-50|-1555|1605|0|0|0:Eddie|MrOrange|Bill|MrBlue|Pluribus|Budd
STATE:62:ffr225fff:3d9c|5h6c|2h3h|8dJc|KsKd|TcQh:-50|-100|0|0|150|0:MrOrange|Bill|MrBlue|Pluribus|Budd|Eddie
STATE:63:fffr234fc/cc/cc/cr454f:QdTh|Ks2s|8h3d|5d8c|2dKh|Ad6s/Td4h3h/4d/Ah:-50|-234|0|0|0|284:Bill|MrBlue|Pluribus|Budd|Eddie|MrOrange
STATE:64:fr200ffff:Ks6h|Th7d|4h9c|KdAd|4c6s|Qh2h:-50|-100|0|150|0|0:MrBlue|Pluribus|Budd|Eddie|MrOrange|Bill
STATE:65:fffr225ff:5s7d|4d9c|Ac9s|2hAs|3s4s|8sQc:-50|-100|0|0|0|150:Pluribus|Budd|Eddie|MrOrange|Bill|MrBlue
STATE:66:ffr225ffr1300f:4sQc|Td8d|8h4c|5c2s|QhJs|Qs7s:-50|275|0|0|-225|0:Budd|Eddie|MrOrange|Bill|MrBlue|Pluribus
STATE:67:fr225ffcf/cr440r875c/r2725c/cc:ThKh|5hQc|3s9d|Js9s|7h5c|5sTs/KsKd4d/9h/5d:2825|-100|0|-2725|0|0:Eddie|MrOrange|Bill|MrBlue|Pluribus|Budd
STATE:68:ffr225fff:4dTs|Tc7d|7c9h|5cKh|8s8c|3s9c:-50|-100|0|0|150|0:MrOrange|Bill|MrBlue|Pluribus|Budd|Eddie
STATE:69:ffffr300c/cr658f:QdTh|Qs8c|7h9h|7c3s|9c3h|8dJs/5c8h2c:-300|300|0|0|0|0:Bill|MrBlue|Pluribus|Budd|Eddie|MrOrange
STATE:70:r225fffff:3h6c|7hJc|4c4d|Ac3c|5c4h|8hJh:-50|-100|150|0|0|0:MrBlue|Pluribus|Budd|Eddie|MrOrange|Bill
STATE:71:r200fffff:2h4h|5c8d|8cKc|2c5s|8s7h|Js7c:-50|-100|150|0|0|0:Pluribus|Budd|Eddie|MrOrange|Bill|MrBlue
STATE:72:ffr225fr900ff:AsAd|6s5s|3s8s|9s8h|5dKd|2cTc:325|-100|0|0|-225|0:Budd|Eddie|MrOrange|Bill|MrBlue|Pluribus
STATE:73:fffr250ff:7s3d|Jc4h|Js7d|Kc5h|Kh4s|QsQc:-50|-100|0|0|0|150:Eddie|MrOrange|Bill|MrBlue|Pluribus|Budd
STATE:74:fr287cfff/cr649f:Qs8c|2sTh|5c3h|JsKd|8s8h|7dTc/3s2h6h:-50|-100|0|-287|437|0:MrOrange|Bill|MrBlue|Pluribus|Budd|Eddie
STATE:75:fffff:3sJc|Jd2c|2dTs|Tc2s|9s8c|4dKh:-50|50|0|0|0|0:Bill|MrBlue|Pluribus|Budd|Eddie|MrOrange
STATE:76:ffffr300c/cc/cc/r600c:2cAd|Kh9h|7hTh|5dQs|Qc3h|Kd7s/AsJc9s/Qh/8d:600|-600|0|0|0|0:MrBlue|Pluribus|Budd|Eddie|MrOrange|Bill
STATE:77:fffr225fc/cc/cc/r600f:As2c|6hAd|7dJc|TdAc|6d3d|7h7s/QsJd9h/4s/Kd:-50|275|0|0|0|-225:Pluribus|Budd|Eddie|MrOrange|Bill|MrBlue
STATE:78:fr225fffc/cc/r375c/cc:9s8c|5dAs|Qh4d|4h4c|Tc8d|6h7d/6d5c9h/6s/8s:-50|425|0|-375|0|0:Budd|Eddie|MrOrange|Bill|MrBlue|Pluribus
STATE:79:r225fffff:Kh2d|2c9h|As4s|8s6s|7h9c|JsQh:-50|-100|150|0|0|0:Eddie|MrOrange|Bill|MrBlue|Pluribus|Budd
STATE:80:r225ffffc/cr475f:6h9c|6c7c|AcKs|7d5h|2dAd|TsKh/4hQsTc:-50|-225|275|0|0|0:MrOrange|Bill|MrBlue|Pluribus|Budd|Eddie
STATE:81:ffffr300c/cr550c/cr1433f:Ad6d|5cAh|Th8d|9hTc|8cKs|Td5d/5hJs5s/2d:-550|550|0|0|0|0:Bill|MrBlue|Pluribus|Budd|Eddie|MrOrange
STATE:82:fr200fffc/cc/cc/r875f:5dKh|3s3d|Jc6d|6h8h|7c8s|Kd4d/6cKs9h/As/Ac:-50|250|0|-200|0|0:MrBlue|Pluribus|Budd|Eddie|MrOrange|Bill
STATE:83:ffffr250c/r500c/cr1250c/cr2825f:Tc9d|QsTs|3s6h|3c6d|2cQh|Qd4s/Kh9sTh/Js/6c:-1250|1250|0|0|0|0:Pluribus|Budd|Eddie|MrOrange|Bill|MrBlue
STATE:84:r200ffffc/cc/r425f:2dAh|Jc5c|9h8h|5h8s|Th7c|9s7s/QdTdKd/6s:-50|250|-200|0|0|0:Budd|Eddie|MrOrange|Bill|MrBlue|Pluribus
STATE:85:fr225fcff/cc/r440f:Js8h|8d6h|3h9s|Ts8s|6d2c|JdJh/4cAcKc/5c:-50|-100|0|375|0|-225:Eddie|MrOrange|Bill|MrBlue|Pluribus|Budd
STATE:86:ffffr250r850c/cr1400c/cr3500c/cc:QsAs|QdJd|4h7h|9d5d|7s6h|Qc8h/Qh9h2h/4d/4s:3500|-3500|0|0|0|0:MrOrange|Bill|MrBlue|Pluribus|Budd|Eddie
STATE:87:ffr200cfc/ccc/cr417cf/r744f:4s5d|2sKs|3dTd|7h5c|JdAd|8h8d/4cJh2d/3s/6s:-50|-200|0|0|667|-417:Bill|MrBlue|Pluribus|Budd|Eddie|MrOrange
STATE:88:fffff:8d2c|AhJc|3c9s|8sTd|6c4h|2hKd:-50|50|0|0|0|0:MrBlue|Pluribus|Budd|Eddie|MrOrange|Bill
STATE:89:ffffcr350c/cr575f:5d3d|As4c|Tc3h|9c3c|Td5h|7sJc/JhThJs:-350|350|0|0|0|0:Pluribus|Budd|Eddie|MrOrange|Bill|MrBlue
STATE:90:ffffr300c/r600r1200f:6s8s|6d8d|Jc4h|TcQd|7dKs|9h7c/2d2h3c:-600|600|0|0|0|0:Budd|Eddie|MrOrange|Bill|MrBlue|Pluribus
STATE:91:fr225ffff:6h9s|5c9c|6cJc|KhKs|Qd3d|Kc3c:-50|-100|0|150|0|0:Eddie|MrOrange|Bill|MrBlue|Pluribus|Budd
STATE:92:ffffr250r850r2300c/r3650c/cc/r10000f:KsAc|QhAh|Ad7h|2s8c|5hQs|Th3s/5d2c8h/Td/Kc:3650|-3650|0|0|0|0:MrOrange|Bill|MrBlue|Pluribus|Budd|Eddie
STATE:93:fr200fffc/cc/cc/cr537f:4cJd|JsTh|6s9d|Ks5s|Tc8c|7sAc/Qc3cTs/Ah/6c:-50|-200|0|250|0|0:Bill|MrBlue|Pluribus|Budd|Eddie|MrOrange
STATE:94:fffr250ff:Th3s|3h7s|Ac5h|7hJh|3c8h|KcQc:-50|-100|0|0|0|150:MrBlue|Pluribus|Budd|Eddie|MrOrange|Bill
STATE:95:fffr225fc/cc/r600f:3c7d|As9d|Qs6d|7c9h|Kd2h|Ah3h/Kc8h9c/5c:-50|275|0|0|0|-225:Pluribus|Budd|Eddie|MrOrange|Bill|MrBlue
STATE:96:fr225cffr1200cc/r2113cc/cr4088cf/r10000f:6sTs|TdKd|Jh8s|AhQd|7h6h|9d2c/Th3c3h/9h/4h:-50|-2113|0|6251|-4088|0:Budd|Eddie|MrOrange|Bill|MrBlue|Pluribus
STATE:97:r225fffff:Qh3c|JsTd|KcKd|2h5d|4c4s|2s4d:-50|-100|150|0|0|0:Eddie|MrOrange|Bill|MrBlue|Pluribus|Budd
STATE:98:fffr222r1100ff:9s9d|Qh6s|7h4s|Ks4h|8cAs|8sAh:322|-100|0|0|0|-222:MrOrange|Bill|MrBlue|Pluribus|Budd|Eddie
STATE:99:ffffr300c/cc/cr750c/cc:7c7s|4sAh|2c2d|Kd5s|4c3s|8hQd/9s8cQs/As/6s:750|-750|0|0|0|0:Bill|MrBlue|Pluribus|Budd|Eddie|MrOrange
STATE:100:fffr250fr1350c/r2725c/r4100c/cr10000f:Qd3c|9dTs|4h9h|9c2c|7h8s|3dAd/Kd7d2h/8h/Qc:-50|-4100|0|0|0|4150:MrBlue|Pluribus|Budd|Eddie|MrOrange|Bill
STATE:101:r200fr625ccff/ccc/ccc/ccr2085ff:KcAd|6c7d|Qc9c|3cKh|Ac8c|8d9d/4h4d5h/Qs/Jh:-625|-100|-200|0|-625|1550:Pluribus|Budd|Eddie|MrOrange|Bill|MrBlue
STATE:102:fr225fffc/cr575c/cc/r2975f:ThAd|9cJc|5h7h|7c6c|2hKh|3s7s/8hQhKd/Ac/8s:-50|625|0|-575|0|0:Budd|Eddie|MrOrange|Bill|MrBlue|Pluribus
STATE:103:r225fffff:9s6h|9h2d|AdKc|3hQc|7sTd|6c4d:-50|-100|150|0|0|0:Eddie|MrOrange|Bill|MrBlue|Pluribus|Budd
STATE:104:fffr222fc/cr672c/cr2172c/cr10000f:As9h|TsQd|Ad7h|3cQh|5c2c|Js9d/3s9sJc/5h/4h:-50|-2172|0|0|0|2222:MrOrange|Bill|MrBlue|Pluribus|Budd|Eddie
STATE:105:fffr250fc/cr425c/cr1100f:Jd3d|5s9s|4d8h|8c6s|Td4c|Ac5c/7c6cKs/9c:-50|-425|0|0|0|475:Bill|MrBlue|Pluribus|Budd|Eddie|MrOrange
STATE:106:fffr250r1100fc/cc/cc/r2575f:KcAc|6hTd|8dTh|3s5d|Tc2h|2s2d/8hQs6s/6d/Kd:1200|-100|0|0|0|-1100:MrBlue|Pluribus|Budd|Eddie|MrOrange|Bill
STATE:107:r200ffffc/cr335f:Jc5c|7s8d|KdAs|2d7c|2h7h|6cJd/3hQd6d:-50|-200|250|0|0|0:Pluribus|Budd|Eddie|MrOrange|Bill|MrBlue
STATE:108:fr225fffc/cc/cc/r375c:4h9d|2cAc|9c6s|8s8d|4d3c|3h8c/Ts7c6c/Ah/Kh:-50|425|0|-375|0|0:Budd|Eddie|MrOrange|Bill|MrBlue|Pluribus
STATE:109:fr225fr720fff:3c6c|4s3d|Kh2d|Ah2h|Ad6d|KcAc:-50|-100|0|-225|0|375:Eddie|MrOrange|Bill|MrBlue|Pluribus|Budd
STATE:110:ffr225ffc/cc/cr425c/cc:6dKs|7d6h|2s3s|4dQd|TdKh|4sTs/Kd9h7h/5d/9d:-50|-425|0|0|475|0:MrOrange|Bill|MrBlue|Pluribus|Budd|Eddie
STATE:111:fr225fffc/cc/cc/cc:Qd2d|QhAd|5hJd|QsAs|5c7c|9c6h/5d6d8c/2h/7s:-50|25|0|25|0|0:Bill|MrBlue|Pluribus|Budd|Eddie|MrOrange
STATE:112:fffr250ff:7d9s|3hQd|Ad2c|7c5s|8cTc|6hQh:-50|-100|0|0|0|150:MrBlue|Pluribus|Budd|Eddie|MrOrange|Bill
STATE:113:r200fffff:Kd3d|5h7c|QcKc|9hAs|8hJd|6c9c:-50|-100|150|0|0|0:Pluribus|Budd|Eddie|MrOrange|Bill|MrBlue
STATE:114:fffff:5cTd|Ah9s|4hKd|Qd8h|6s2s|4s8d:-50|50|0|0|0|0:Budd|Eddie|MrOrange|Bill|MrBlue|Pluribus
STATE:115:r225fffcf/r390r775c/cr2025f:4h4d|3c8h|Qd8d|Kd7h|7dTd|7c2d/3dJc5d/Qc:-775|-100|875|0|0|0:Eddie|MrOrange|Bill|MrBlue|Pluribus|Budd
STATE:116:fffr222fc/cr372r697f:Ad5c|JhKc|2cQh|3sKd|4sAc|JdTh/8c8s5h:-50|422|0|0|0|-372:MrOrange|Bill|MrBlue|Pluribus|Budd|Eddie
STATE:117:r200fffff:5c8h|9c3d|JsTs|KhJc|8cAh|9sTc:-50|-100|150|0|0|0:Bill|MrBlue|Pluribus|Budd|Eddie|MrOrange
STATE:118:fffr250cf/cr700c/cc/cc:TdJd|Qs2h|5dQh|Ts9d|Ks6d|Ac7s/Tc3cQd/5s/Qc:800|-100|0|0|0|-700:MrBlue|Pluribus|Budd|Eddie|MrOrange|Bill
STATE:119:fffff:7h5d|KdQh|6h9c|3dAc|Jd3s|7sQd:-50|50|0|0|0|0:Pluribus|Budd|Eddie|MrOrange|Bill|MrBlue
STATE:120:fffff:Ts5h|5s2c|2h4c|8h7s|7hJc|4hKc:-50|50|0|0|0|0:Budd|Eddie|MrOrange|Bill|MrBlue|Pluribus
STATE:121:fr225ffff:5d3s|9h4h|2h6c|8hTh|Jc9s|3c6d:-50|-100|0|150|0|0:Eddie|MrOrange|Bill|MrBlue|Pluribus|Budd
STATE:122:ffr225ffc/cr400r750c/cc/r1800f:5s6h|Qh9d|7c2c|8h4c|4sAs|2hTc/Qc2d3s/4h/Qd:-50|800|0|0|-750|0:MrOrange|Bill|MrBlue|Pluribus|Budd|Eddie
