# name/game/hands/seed sample_game_90 ../lib/python-client/acpc_infrastructure/holdem.nolimit.6p.game 10000 90
#--t_response 600000000
#--t_hand 600000000
#--t_per_hand 600000000
STATE:0:fffr225fc/cc/cc/r465r955f:Ts3h|9d6s|5c8h|4hTc|Jc2c|4cKc/Jh7s4s/Jd/Kh:-50|-465|0|0|0|515:MrOrange|MrWhite|MrBlue|Budd|Bill|Pluribus
STATE:1:fffff:Jc3s|Ts5s|5dTc|3c8s|6cQs|Js9h:-50|50|0|0|0|0:MrWhite|MrBlue|Budd|Bill|Pluribus|MrOrange
STATE:2:ffr210ffc/cr360c/cc/r810c:7s9c|Js9h|6hQs|Kd5h|AdTd|4d6d/4cJd5d/8h/Th:-50|860|0|0|-810|0:MrBlue|Budd|Bill|Pluribus|MrOrange|MrWhite
STATE:3:fffff:2h3h|5c6c|5dJd|4hJh|Qh2d|9sKh:-50|50|0|0|0|0:Budd|Bill|Pluribus|MrOrange|MrWhite|MrBlue
STATE:4:fr225fffr1225r2475c/cc/cc/r7475f:Ac5h|QdQs|AdTs|AsKs|7hTc|5dJd/3c9d3d/5s/4s:-50|2525|0|-2475|0|0:Bill|Pluribus|MrOrange|MrWhite|MrBlue|Budd
STATE:5:fr225ffff:6s8h|Qs5h|As5d|7c6c|QcTh|Ks5c:-50|-100|0|150|0|0:Pluribus|MrOrange|MrWhite|MrBlue|Budd|Bill
STATE:6:r225ffffc/cc/cc/cc:3h5s|QdKd|KhAs|5cJd|2cQs|8s3d/6c4hTs/4d/6d:-50|-225|275|0|0|0:MrOrange|MrWhite|MrBlue|Budd|Bill|Pluribus
STATE:7:fffff:7c2h|Ah7s|9h6h|Qc6c|5c2c|8sJd:-50|50|0|0|0|0:MrWhite|MrBlue|Budd|Bill|Pluribus|MrOrange
STATE:8:ffr214ffc/cc/cr389c/cc:7sAc|2h2d|Qc4c|8d3h|QhQd|5hTh/4hTs7h/8h/Jd:-50|-389|0|0|439|0:MrBlue|Budd|Bill|Pluribus|MrOrange|MrWhite
STATE:9:fcffcc/ccc/ccc/cr250ff:Jd7d|9c4h|9sJh|Ah4s|Qh2h|3sAd/Qc6c5s/Td/2c:-100|200|0|-100|0|0:Budd|Bill|Pluribus|MrOrange|MrWhite|MrBlue
STATE:10:fffff:5h6s|9hKc|2d4c|8s2c|6hJc|7c4h:-50|50|0|0|0|0:Bill|Pluribus|MrOrange|MrWhite|MrBlue|Budd
STATE:11:ffr225ffc/cc/cr424f:4sKd|9sQd|3hKc|Jc5s|AcQh|4d9d/3d2dAh/6h:-50|-225|0|0|275|0:Pluribus|MrOrange|MrWhite|MrBlue|Budd|Bill
STATE:12:fffr200r1000ff:JsKs|7s2s|3d5h|3sTc|9dAs|Ad6d:300|-100|0|0|0|-200:MrOrange|MrWhite|MrBlue|Budd|Bill|Pluribus
STATE:13:ffr225fr775fc/cr1187c/cc/cc:JdAd|6dQd|6hTs|5dAc|8d7d|2h5s/JcQs9d/Td/Jh:-1187|-100|0|0|1287|0:MrWhite|MrBlue|Budd|Bill|Pluribus|MrOrange
STATE:14:ffffcr350c/cr600f:8dKd|9cTc|6sKs|4sJd|8cAd|Th4h/9sAs7c:-350|350|0|0|0|0:MrBlue|Budd|Bill|Pluribus|MrOrange|MrWhite
STATE:15:ffffr300c/cr600c/cc/cc:AhTh|9s2s|QcTd|7s2c|Jc6c|2h4d/6s7hQh/Jd/Jh:600|-600|0|0|0|0:Budd|Bill|Pluribus|MrOrange|MrWhite|MrBlue
STATE:16:fffr250ff:2sKs|2d9d|Th5c|Ts4d|3h6h|Ah8d:-50|-100|0|0|0|150:Bill|Pluribus|MrOrange|MrWhite|MrBlue|Budd
STATE:17:fffr250fc/cr600c/cr1600c/cr4100c:4dQs|Kd8d|7c3d|2h4s|9hJc|6sKs/Qd9dJh/Th/2c:-50|25|0|0|0|25:Pluribus|MrOrange|MrWhite|MrBlue|Budd|Bill
STATE:18:fr225ffff:7d5d|Qc7s|3sAd|6hAh|8sJh|3d4c:-50|-100|0|150|0|0:MrOrange|MrWhite|MrBlue|Budd|Bill|Pluribus
STATE:19:fffff:3c7s|Th8d|3dQc|Jh4s|6dKc|As2d:-50|50|0|0|0|0:MrWhite|MrBlue|Budd|Bill|Pluribus|MrOrange
STATE:20:fr200ffff:3cQh|9c4s|7hTc|JhJc|8cQs|2h5h:-50|-100|0|150|0|0:MrBlue|Budd|Bill|Pluribus|MrOrange|MrWhite
STATE:21:r200ffffc/cc/cr425f:TcJh|TdQs|7dAd|Kh8c|6h2c|7hAs/9c3h5s/Ks:-50|-200|250|0|0|0:Budd|Bill|Pluribus|MrOrange|MrWhite|MrBlue
STATE:22:ffr225fff:2h4c|Jd2c|4d6c|8c5h|Ad8s|7h6d:-50|-100|0|0|150|0:Bill|Pluribus|MrOrange|MrWhite|MrBlue|Budd
STATE:23:ffffcc/r300c/cc/cc:Qd6h|Ts8d|2hTd|6dKh|7s4s|4d8s/TcKdJc/2c/3h:-300|300|0|0|0|0:Pluribus|MrOrange|MrWhite|MrBlue|Budd|Bill
STATE:24:fr225fffc/cr400c/cr1100f:KsQh|Qs8h|AcJh|7hAh|9cTh|7d4s/JcJs8s/3s:-50|-400|0|450|0|0:MrOrange|MrWhite|MrBlue|Budd|Bill|Pluribus
STATE:25:fffff:4d5h|9cKs|3dTc|9dJh|3c8d|Ah8c:-50|50|0|0|0|0:MrWhite|MrBlue|Budd|Bill|Pluribus|MrOrange
STATE:26:fffff:Ts2d|QcJd|5h8h|5sJs|9hAs|6s3s:-50|50|0|0|0|0:MrBlue|Budd|Bill|Pluribus|MrOrange|MrWhite
STATE:27:fffr225ff:Js5d|8d3h|4s8c|As6c|8h4h|7d9d:-50|-100|0|0|0|150:Budd|Bill|Pluribus|MrOrange|MrWhite|MrBlue
STATE:28:r200ffffc/cr350f:2sTc|9s9d|4dAd|JcTh|2h6d|Qh3h/7hAh4h:-50|-200|250|0|0|0:Bill|Pluribus|MrOrange|MrWhite|MrBlue|Budd
STATE:29:fr225fffc/cc/cc/r550c:4c7h|Jc9h|7c6s|4hAh|5sTs|Js5d/3s5c4s/3d/Jd:-50|600|0|-550|0|0:Pluribus|MrOrange|MrWhite|MrBlue|Budd|Bill
STATE:30:fffr225ff:Kh4d|2h6s|7c2d|5d7d|3dTs|Ac6d:-50|-100|0|0|0|150:MrOrange|MrWhite|MrBlue|Budd|Bill|Pluribus
STATE:31:ffr225ffc/cr725f:Qc8s|Th7c|6dJs|8h2c|TcKc|8cKd/Qd9dKs:-50|-225|0|0|275|0:MrWhite|MrBlue|Budd|Bill|Pluribus|MrOrange
STATE:32:fr200fffc/cr425c/cr650c/cc:9cJs|Kc7c|7h8c|9dKd|2dTs|9sQh/KhJh5h/Td/3h:-50|-650|0|700|0|0:MrBlue|Budd|Bill|Pluribus|MrOrange|MrWhite
STATE:33:r225fffff:3s4s|5c6d|AdKc|Kd7h|2sAs|5s9c:-50|-100|150|0|0|0:Budd|Bill|Pluribus|MrOrange|MrWhite|MrBlue
STATE:34:fr225cfff/cc/cr675f:9s8c|Kh9c|5c6s|4s4h|KsAc|6c2c/2hQd8d/Ad:-50|-100|0|-225|375|0:Bill|Pluribus|MrOrange|MrWhite|MrBlue|Budd
STATE:35:r225ffffc/cc/r600f:4h9s|TdTc|6s6c|Ks8s|3d6h|Jh2h/2cQhKc/Ts:-50|275|-225|0|0|0:Pluribus|MrOrange|MrWhite|MrBlue|Budd|Bill
STATE:36:fr225ffff:2cJh|5c3d|8h2d|As5s|7sKc|5h6c:-50|-100|0|150|0|0:MrOrange|MrWhite|MrBlue|Budd|Bill|Pluribus
STATE:37:fr225ffff:4s8d|5s9h|Kh6d|KcQh|Jh8c|9s3c:-50|-100|0|150|0|0:MrWhite|MrBlue|Budd|Bill|Pluribus|MrOrange
STATE:38:ffffcc/cc/cc/cc:8cAd|8sAh|Tc2d|4hKs|5h3s|8h9d/Kc5cJc/6h/6d:0|0|0|0|0|0:MrBlue|Budd|Bill|Pluribus|MrOrange|MrWhite
STATE:39:r200ffcfc/ccr525ff:2h4h|3c3s|QhKc|Tc5c|4dJc|QdAd/AhKs9c:-50|-200|-200|0|0|450:Budd|Bill|Pluribus|MrOrange|MrWhite|MrBlue
STATE:40:ffffcc/r200f:QcKc|9d4c|2h9h|6sQs|3h5d|5c8h/KhJh3c:100|-100|0|0|0|0:Bill|Pluribus|MrOrange|MrWhite|MrBlue|Budd
STATE:41:fffff:3dQh|4h7d|2hJd|8s9h|2c8d|4d9d:-50|50|0|0|0|0:Pluribus|MrOrange|MrWhite|MrBlue|Budd|Bill
STATE:42:fffr225ff:2d7d|9h3s|Qs2c|2h5h|3h6c|Qh6h:-50|-100|0|0|0|150:MrOrange|MrWhite|MrBlue|Budd|Bill|Pluribus
STATE:43:ffr250ffc/cc/cc/cr525r1810c:Qs7s|3sAh|As4c|TcJd|QhAc|3hKc/2s5cQd/9c/4s:-50|1860|0|0|-1810|0:MrWhite|MrBlue|Budd|Bill|Pluribus|MrOrange
STATE:44:fffr225fc/cr475c/cc/cc:2dKd|Ah3c|Jc6c|8s6d|5cJd|JsKs/2hQs4d/Qh/3h:-50|525|0|0|0|-475:MrBlue|Budd|Bill|Pluribus|MrOrange|MrWhite
STATE:45:ffr225ffr900f:6hKh|8d6d|3d5s|2c9c|TsAc|4h2d:-50|275|0|0|-225|0:Budd|Bill|Pluribus|MrOrange|MrWhite|MrBlue
STATE:46:fr225r780fr2250fff:QhAd|7sKs|8c7h|8h8s|KhJh|Qs9d:1105|-100|0|-225|-780|0:Bill|Pluribus|MrOrange|MrWhite|MrBlue|Budd
STATE:47:r225ffr800ffc/cr1675f:Td5s|3dJs|8h9h|6s4h|3sJh|QcQh/QdKc8s:-50|-100|-800|0|0|950:Pluribus|MrOrange|MrWhite|MrBlue|Budd|Bill
STATE:48:r225ffffc/cc/cr525c/cr1375f:5h3h|9sJd|5d7d|8dTd|3d2s|9hAd/Th8c9d/4c/3c:-50|-525|575|0|0|0:MrOrange|MrWhite|MrBlue|Budd|Bill|Pluribus
STATE:49:fffr245ff:Td3h|6hQc|5cKs|Qh7h|8s5s|Ad6c:-50|-100|0|0|0|150:MrWhite|MrBlue|Budd|Bill|Pluribus|MrOrange
STATE:50:ffr210fcr1200ff:ThKs|QsAd|Tc3s|4dAh|8sJs|5h2h:-210|420|0|0|-210|0:MrBlue|Budd|Bill|Pluribus|MrOrange|MrWhite
STATE:51:r200ffffc/cc/cr312f:Jc3d|QcJd|KhAh|5cKs|9d5h|QsTc/2s4h4s/Kd:-50|-200|250|0|0|0:Budd|Bill|Pluribus|MrOrange|MrWhite|MrBlue
STATE:52:ffr225cff/cc/cr525f:7d3c|3h5c|5s9s|9cJs|As5h|Th9h/TdJh3d/8c:-50|-100|0|0|-225|375:Bill|Pluribus|MrOrange|MrWhite|MrBlue|Budd
STATE:53:fffr250fc/cr600c/r1000c/cc:Kh6d|Ks7h|6c4s|5cJh|Jd2c|AhTc/Kd8hTh/8s/2h:-50|1050|0|0|0|-1000:Pluribus|MrOrange|MrWhite|MrBlue|Budd|Bill
STATE:54:ffffcc/r200f:TsTh|2c6d|2dTc|Qd9h|2h3h|2s7d/9d4h6s:100|-100|0|0|0|0:MrOrange|MrWhite|MrBlue|Budd|Bill|Pluribus
STATE:55:ffr200ffc/cr425f:JcTh|Td8s|5d7c|2hKc|QsTc|3d9h/Qh3h6s:-50|-200|0|0|250|0:MrWhite|MrBlue|Budd|Bill|Pluribus|MrOrange
STATE:56:ffffcc/cr200f:Tc8d|7d3s|Qh7h|5d4s|8sJc|6dKh/Jd2d6h:-100|100|0|0|0|0:MrBlue|Budd|Bill|Pluribus|MrOrange|MrWhite
STATE:57:fffr225r900fc/r1850c/r4750c/cc:QcQh|3c9c|Tc4h|As8h|6c4s|8sTs/7sQs5c/Jc/2c:4850|-100|0|0|0|-4750:Budd|Bill|Pluribus|MrOrange|MrWhite|MrBlue
STATE:58:fffff:2dTh|9h4s|6s5h|7d5s|6c8h|9c4h:-50|50|0|0|0|0:Bill|Pluribus|MrOrange|MrWhite|MrBlue|Budd
STATE:59:r225fffff:Qh2c|2s3c|QdJs|Ah3h|Qc8c|5c7h:-50|-100|150|0|0|0:Pluribus|MrOrange|MrWhite|MrBlue|Budd|Bill
STATE:60:fffr225ff:8dJh|Ks6c|Qh3d|3c5d|8hTc|Qd6d:-50|-100|0|0|0|150:MrOrange|MrWhite|MrBlue|Budd|Bill|Pluribus
STATE:61:fffff:2d3s|Td6h|8dQh|7d3h|Ks8c|6c9h:-50|50|0|0|0|0:MrWhite|MrBlue|Budd|Bill|Pluribus|MrOrange
STATE:62:r225fffff:9s3c|8cJd|QcAs|TcJh|Ah5h|JcKd:-50|-100|150|0|0|0:MrBlue|Budd|Bill|Pluribus|MrOrange|MrWhite
STATE:63:fffr225ff:9dQh|2d6s|7h4h|3hAs|6h4c|7c6d:-50|-100|0|0|0|150:Budd|Bill|Pluribus|MrOrange|MrWhite|MrBlue
STATE:64:fffr250r1050ff:6d5d|TcJs|5cAs|3c6c|7d8c|Th8s:350|-100|0|0|0|-250:Bill|Pluribus|MrOrange|MrWhite|MrBlue|Budd
STATE:65:fffr250ff:8s2d|8h6s|Jc4s|5sQd|4cJs|5c5d:-50|-100|0|0|0|150:Pluribus|MrOrange|MrWhite|MrBlue|Budd|Bill
STATE:66:ffffcc/cc/cc/cc:6cQc|Jd9h|8h5h|2dTd|9d8c|9s4s/7hAhKs/5d/As:100|-100|0|0|0|0:MrOrange|MrWhite|MrBlue|Budd|Bill|Pluribus
STATE:67:fffff:5s6c|3s2d|Ad8s|4dJh|2sQs|4hQd:-50|50|0|0|0|0:MrWhite|MrBlue|Budd|Bill|Pluribus|MrOrange
STATE:68:fffff:As4d|JhQc|Ah7d|Kc4h|Ac4s|3h6s:-50|50|0|0|0|0:MrBlue|Budd|Bill|Pluribus|MrOrange|MrWhite
STATE:69:ffr225ffc/cc/cc/cc:QcTc|Ah7s|4dKh|9dKs|JhAc|Ad9c/2d4h8s/9s/Qd:-50|-225|0|0|275|0:Budd|Bill|Pluribus|MrOrange|MrWhite|MrBlue
STATE:70:fr225ffff:Kc5c|2sKh|4h9h|JdKd|Qc5h|3d9s:-50|-100|0|150|0|0:Bill|Pluribus|MrOrange|MrWhite|MrBlue|Budd
STATE:71:fffr250ff:Kh7s|Ts3d|Qh4h|6h9d|Qs7c|ThJc:-50|-100|0|0|0|150:Pluribus|MrOrange|MrWhite|MrBlue|Budd|Bill
STATE:72:fffr200fc/cc/cr312f:Ks6h|4dAs|Kh5h|9s4s|Qh5c|7h9h/Jd2cTs/8s:-50|-200|0|0|0|250:MrOrange|MrWhite|MrBlue|Budd|Bill|Pluribus
STATE:73:fffr244r832r2300fr10000c///:KcAd|KhKd|4c5s|8cTd|7cAh|9h9s/6c3sJc/Th/Jh:-10000|10244|0|0|0|-244:MrWhite|MrBlue|Budd|Bill|Pluribus|MrOrange
