STATE:33:fr225fr700ffc/cr1255c/cr3005c/cr10000c:8d5h|6sTs|4d9h|7c7d|4sQc|KhKc/4c2s7h/Js/2h:-50|-100|0|10150|0|-10000:Hattori|MrBlue|Pluribus|Budd|MrWhite|MrOrange
STATE:34:ffr210ffr2000f:7c2h|7h6h|6s5d|Js4d|AdJh|Jc3h:-50|260|0|0|-210|0:MrBlue|Pluribus|Budd|MrWhite|MrOrange|Hattori
STATE:35:r225ffr760fff:Tc4s|5c6d|6hAh|Kd7h|4cTd|2d2c:-50|-100|-225|0|0|375:Pluribus|Budd|MrWhite|MrOrange|Hattori|MrBlue
STATE:36:fffr225ff:8dKs|7s2h|JhKd|2d4s|4cTd|7hKh:-50|-100|0|0|0|150:Budd|MrWhite|MrOrange|Hattori|MrBlue|Pluribus
STATE:37:fffff:4h3d|9sTc|2h6s|4s8s|5dQh|8d3c:-50|50|0|0|0|0:MrWhite|MrOrange|Hattori|MrBlue|Pluribus|Budd
STATE:38:fr200ffff:4sAd|3h6d|9hJd|7s7d|KhTd|Tc4d:-50|-100|0|150|0|0:MrOrange|Hattori|MrBlue|Pluribus|Budd|MrWhite
STATE:39:ffffr235c/cc/cc/cc:6hAc|Ah7h|4hTc|4c9c|Qh3s|7dQc/2cKd3c/Jh/Qd:-235|235|0|0|0|0:Hattori|MrBlue|Pluribus|Budd|MrWhite|MrOrange
STATE:40:ffffr300r1500f:9c7c|Kc4d|Js3d|Qh4h|8cAs|8h3s:-300|300|0|0|0|0:MrBlue|Pluribus|Budd|MrWhite|MrOrange|Hattori
STATE:41:fffff:4dQh|Th7h|5s7d|2sQc|Kh8s|Ks4h:-50|50|0|0|0|0:Pluribus|Budd|MrWhite|MrOrange|Hattori|MrBlue
STATE:42:r200fcffc/cr650cf/cr3000f:8c6h|7hJs|AdJh|9s2h|TdTs|5c3s/QdKc9d/Ac:-50|-200|-650|0|900|0:Budd|MrWhite|MrOrange|Hattori|MrBlue|Pluribus
STATE:43:ffr200fff:2h3c|2d9d|3s8c|4hKc|JhQd|6c7h:-50|-100|0|0|150|0:MrWhite|MrOrange|Hattori|MrBlue|Pluribus|Budd
STATE:44:r225fcfr1350fr3025fr10000c///:KcKs|7hQs|AhAs|6h8c|TsJs|3d5c/7s3c7c/5s/Jc:-10000|-100|10325|0|-225|0:MrOrange|Hattori|MrBlue|Pluribus|Budd|MrWhite
STATE:45:r200fffcc/r400cf/cr1150c/cr5775r10000f:6c6s|2hTh|TsAd|3c8h|Jc3d|8sKs/4c6h5h/4s/7d:5975|-5775|-200|0|0|0:Hattori|MrBlue|Pluribus|Budd|MrWhite|MrOrange
STATE:46:fffr211cc/ccc/ccc/ccc:KsQc|4c4h|5s2d|7sTc|Ts3h|QdJc/6s9h3d/2c/7h:-211|422|0|0|0|-211:MrBlue|Pluribus|Budd|MrWhite|MrOrange|Hattori
STATE:47:ffr211cfc/ccr536fc/cr1664f:6d9c|3h6h|4c5h|2cQd|TsTh|9hQh/8hAc9d/5s:-50|-211|0|0|-536|797:Pluribus|Budd|MrWhite|MrOrange|Hattori|MrBlue
STATE:48:r200ffffc/cc/cc/cc:4h9s|8cAc|KhAs|6s2c|8sJh|2d4s/3s3cTc/7s/5d:-50|-200|250|0|0|0:Budd|MrWhite|MrOrange|Hattori|MrBlue|Pluribus
STATE:49:fr225ffr775fc/cc/cr2012c/cr5137f:JsJc|As7c|8h6c|ThQh|Jd4d|TcAh/2c9sAc/4c/3d:-2012|-100|0|2112|0|0:MrWhite|MrOrange|Hattori|MrBlue|Pluribus|Budd
STATE:50:fffr225r1100ff:QdQh|2s4s|7cKh|TcKd|3d2c|9cAs:325|-100|0|0|0|-225:MrOrange|Hattori|MrBlue|Pluribus|Budd|MrWhite
STATE:51:fffff:6dTs|8cJd|Td4h|Qh5c|Kc3s|7dQd:-50|50|0|0|0|0:Hattori|MrBlue|Pluribus|Budd|MrWhite|MrOrange
STATE:52:ffr210ffc/cr360c/cr1460f:6c9c|Tc8h|2c4c|Th6h|As8s|2h5c/8c4hQh/Ad:-50|-360|0|0|410|0:MrBlue|Pluribus|Budd|MrWhite|MrOrange|Hattori
STATE:53:ffr211ffc/cr336r661f:7s6c|JdTd|8c5s|6h4d|6d7d|8dKh/2c3hJh:-50|386|0|0|-336|0:Pluribus|Budd|MrWhite|MrOrange|Hattori|MrBlue
STATE:54:ffr225ffc/cr600f:9s3d|4hTh|7dJc|Ks7c|TcTs|6h8d/4c5c2d:-50|-225|0|0|275|0:Budd|MrWhite|MrOrange|Hattori|MrBlue|Pluribus
STATE:55:fffr250r850ff:2sAs|8cTd|Ks9h|7h4c|Qh9s|Qs4s:350|-100|0|0|0|-250:MrWhite|MrOrange|Hattori|MrBlue|Pluribus|Budd
STATE:56:ffffr250f:Ac4d|9h2s|6s7d|Qc3h|7s5h|Qs5c:100|-100|0|0|0|0:MrOrange|Hattori|MrBlue|Pluribus|Budd|MrWhite
STATE:57:r200ffffc/cr425f:2h3h|8hQh|ThTc|Kd8d|5c6s|8s5s/4c6cJd:-50|-200|250|0|0|0:Hattori|MrBlue|Pluribus|Budd|MrWhite|MrOrange
STATE:58:ffffr300r825f:Ks3h|9sJd|2sAc|Kd5d|9d6s|6hTs:-300|300|0|0|0|0:MrBlue|Pluribus|Budd|MrWhite|MrOrange|Hattori
STATE:59:fffr225ff:3h9c|Th6c|Jc6s|6hJh|4h7s|5c7c:-50|-100|0|0|0|150:Pluribus|Budd|MrWhite|MrOrange|Hattori|MrBlue
STATE:60:ffr225r750fcc/ccc/ccc/ccr1900fc:5h8h|ThQh|7sAd|6h8s|2dQd|Ah4h/3c5sQc/7h/Kh:-50|-750|0|0|2700|-1900:Budd|MrWhite|MrOrange|Hattori|MrBlue|Pluribus
STATE:61:fffr250fr1200f:JsKh|QhAh|Ts5h|Kd8c|7d2h|7cTc:-50|300|0|0|0|-250:MrWhite|MrOrange|Hattori|MrBlue|Pluribus|Budd
STATE:62:ffffr250c/cc/cc/r585f:3hQh|5hKc|8dAs|4d3d|9d7h|8cKh/5s7cTh/Js/8h:250|-250|0|0|0|0:MrOrange|Hattori|MrBlue|Pluribus|Budd|MrWhite
STATE:63:r200ffffc/cr1100f:Th6d|6cKs|6s7s|8s7h|9d5c|2s7c/4dAsJd:-50|-200|250|0|0|0:Hattori|MrBlue|Pluribus|Budd|MrWhite|MrOrange
STATE:64:fffr225r1075fc/r1883f:QhAh|8h3s|6cKc|6h7d|6d2h|8s7s/JhAc3d:1175|-100|0|0|0|-1075:MrBlue|Pluribus|Budd|MrWhite|MrOrange|Hattori
STATE:65:fr210ffcc/ccr432cf/cr1987f:2d2c|8h5h|5c9c|7s7c|9s8c|3hAc/7hKcKd/Ad:-432|-210|0|642|0|0:Pluribus|Budd|MrWhite|MrOrange|Hattori|MrBlue
STATE:66:ffr225fr900ff:KdKh|2hJd|5d8h|7h8s|JcAs|3d5s:325|-100|0|0|-225|0:Budd|MrWhite|MrOrange|Hattori|MrBlue|Pluribus
STATE:67:fffr250fc/cc/cc/cr800f:5d8s|3h3s|Kc4c|3c8h|2c5s|QhQs/7hJs8d/Ks/6d:-50|-250|0|0|0|300:MrWhite|MrOrange|Hattori|MrBlue|Pluribus|Budd
STATE:68:ffr225r675fff:2d6d|4c4d|Qh3c|5c4s|JsKd|3sAs:-50|-100|0|0|-225|375:MrOrange|Hattori|MrBlue|Pluribus|Budd|MrWhite
STATE:69:ffr225ffc/cr600c/cc/r1685f:2c5s|Ad4c|9hQs|2d9s|JdJh|5hAs/4d6c7c/8c/Kd:-50|650|0|0|-600|0:Hattori|MrBlue|Pluribus|Budd|MrWhite|MrOrange
STATE:70:r225fffff:6s9c|8c9h|Qs9s|5d4d|JhAd|Kh2d:-50|-100|150|0|0|0:MrBlue|Pluribus|Budd|MrWhite|MrOrange|Hattori
STATE:71:ffffr200f:Kd9d|3d8s|Kh9s|9h4c|4dJd|5c3s:100|-100|0|0|0|0:Pluribus|Budd|MrWhite|MrOrange|Hattori|MrBlue
STATE:72:r200ffffc/cr350c/cr794f:4hAh|AcTd|9h9s|2d5s|4s7c|QdTs/KhKc6h/4d:-50|-350|400|0|0|0:Budd|MrWhite|MrOrange|Hattori|MrBlue|Pluribus
STATE:73:fffr250cr1350ff:6d6h|QsAc|Ah4d|Qd2d|2hJs|8d9s:-250|500|0|0|0|-250:MrWhite|MrOrange|Hattori|MrBlue|Pluribus|Budd
STATE:74:ffr225fff:Kc7h|6sJh|9c5c|Kh9d|TdAc|3s6h:-50|-100|0|0|150|0:MrOrange|Hattori|MrBlue|Pluribus|Budd|MrWhite
STATE:75:r287ffcff/cc/cc/cc:Ad7s|8d3c|AcAh|4dKh|5c9h|TcTh/5dAs8c/Qh/3s:-50|-100|437|0|0|-287:Hattori|MrBlue|Pluribus|Budd|MrWhite|MrOrange
STATE:76:ffr210r750ffc/cr1175f:5h8d|3h4h|Qc4d|7h5c|6d6h|8cJc/Kc7sAc:-50|-100|0|0|-750|900:MrBlue|Pluribus|Budd|MrWhite|MrOrange|Hattori
STATE:77:r225fffff:8d5s|6dQh|Td9d|3cAh|2sJs|4h8s:-50|-100|150|0|0|0:Pluribus|Budd|MrWhite|MrOrange|Hattori|MrBlue
STATE:78:r200fcffc/ccr500ff:2h9c|9sTc|TsKs|8h3d|KdKh|8sTd/8cQh5d:-50|-200|-200|0|450|0:Budd|MrWhite|MrOrange|Hattori|MrBlue|Pluribus
STATE:79:fffr250fc/cr450f:Jd6h|2h2d|7cKh|9hTd|3h8c|Ac7h/5dTh7s:-50|-250|0|0|0|300:MrWhite|MrOrange|Hattori|MrBlue|Pluribus|Budd
STATE:80:ffr225ffc/cr400f:Ts9h|Kc9c|Qc6d|Ac7d|5s5d|5c7h/4dAh3d:-50|-225|0|0|275|0:MrOrange|Hattori|MrBlue|Pluribus|Budd|MrWhite
STATE:81:ffr225ffc/cc/cc/r425f:2d6s|8c5s|4hKc|As6h|7dAd|Js5d/Qc3h9c/Kh/Ks:-50|275|0|0|-225|0:Hattori|MrBlue|Pluribus|Budd|MrWhite|MrOrange
STATE:82:ffffr300c/cc/cr600f:Qd8s|KhJc|7sQs|3sTc|8d5d|4c6d/Kc6s5s/6h:-300|300|0|0|0|0:MrBlue|Pluribus|Budd|MrWhite|MrOrange|Hattori
STATE:83:ffr211fcr1200cf/r2100f:Qc9c|AdTd|4hQs|6h5s|TsTh|2h5h/3cKhJd:-211|1411|0|0|-1200|0:Pluribus|Budd|MrWhite|MrOrange|Hattori|MrBlue
STATE:84:fffr250r1050ff:QsKc|Ts9c|6sTh|Qc3s|4c6h|5cJc:350|-100|0|0|0|-250:Budd|MrWhite|MrOrange|Hattori|MrBlue|Pluribus
STATE:85:fr225r750ffr1850ff:8d7h|KdAc|9s4h|2dAd|QsKc|8s5h:-50|1025|0|-225|-750|0:MrWhite|MrOrange|Hattori|MrBlue|Pluribus|Budd
STATE:86:fffff:Ah5d|Ts7s|6sJc|4c3c|9h8s|3h6h:-50|50|0|0|0|0:MrOrange|Hattori|MrBlue|Pluribus|Budd|MrWhite
STATE:87:ffffr235c/cr435c/cc/cc:4sAc|3h3c|8h2d|7h9s|5dQs|8s4h/Th6d6c/6h/2c:-435|435|0|0|0|0:Hattori|MrBlue|Pluribus|Budd|MrWhite|MrOrange
STATE:88:fr225ffff:2d9d|4dKs|7sTh|Ac3c|QdTs|2hAd:-50|-100|0|150|0|0:MrBlue|Pluribus|Budd|MrWhite|MrOrange|Hattori
STATE:89:r225cfffc/cr768cf/cr1823f:QsKd|9d8s|KcJc|TdTc|2c4s|9hQc/2h7c4d/Th:-50|-225|-768|1043|0|0:Pluribus|Budd|MrWhite|MrOrange|Hattori|MrBlue
STATE:90:ffr225ffc/cr475c/cr1350f:9c4c|Ad7d|3s6h|2c9h|Ah9s|2dQd/7hKcJc/4h:-50|-475|0|0|525|0:Budd|MrWhite|MrOrange|Hattori|MrBlue|Pluribus
STATE:91:r200cfffc/ccc/ccc/ccc:6d8c|2h2c|TcTh|6c7c|9s3h|Jd9c/Kh3s8d/Jc/7h:-50|-200|450|-200|0|0:MrWhite|MrOrange|Hattori|MrBlue|Pluribus|Budd
STATE:92:r225ffffc/cr475c/cc/r3475f:Jd7d|3c2c|5d5h|Td2d|Ks8s|Qh9d/4c7hAd/6s/4d:-50|525|-475|0|0|0:MrOrange|Hattori|MrBlue|Pluribus|Budd|MrWhite
STATE:93:fr225r525fffc/cr1425c/cc/cc:8d4d|9c8s|TdQh|9hTh|AsAh|3c2s/6cQcTs/Js/Jd:-50|-100|0|-1425|1575|0:Hattori|MrBlue|Pluribus|Budd|MrWhite|MrOrange
STATE:94:cffr350fff:9s4h|KhTh|7h8c|3h6h|Jd8s|7d7s:-50|-100|-100|0|0|250:MrBlue|Pluribus|Budd|MrWhite|MrOrange|Hattori
STATE:95:r225ffffc/cr475f:5sAd|7d8c|4s3s|KcQd|8d2s|9d7c/6d2h6h:-50|-225|275|0|0|0:Pluribus|Budd|MrWhite|MrOrange|Hattori|MrBlue
STATE:96:ffr225ffc/cc/r600c/r1537f:7sQd|Jc9h|6dJd|2s5h|JhQc|7d8s/Th5d8d/3s/3c:-50|650|0|0|-600|0:Budd|MrWhite|MrOrange|Hattori|MrBlue|Pluribus
STATE:97:ffr200fr799fc/cr2497c/cc/cc:AhAd|7s4s|4c5s|Jc6s|3c3d|Th6h/QdJhQh/4h/5d:2597|-100|0|0|-2497|0:MrWhite|MrOrange|Hattori|MrBlue|Pluribus|Budd
STATE:98:fffr225fc/cc/cc/cc:6hAd|9s2s|9d2c|4s5s|Td6c|QhQs/AsTh5d/8c/Kd:-50|-225|0|0|0|275:MrOrange|Hattori|MrBlue|Pluribus|Budd|MrWhite
STATE:99:ffffr235c/cc/cc/cc:QcKs|7s3s|Jc4c|3c4s|9sJh|4h7d/6s8s7h/5c/Td:-235|235|0|0|0|0:Hattori|MrBlue|Pluribus|Budd|MrWhite|MrOrange
STATE:100:ffr215ffc/cr365c/cc/r1145f:3c2c|4cAc|3dJh|6hJd|8c8h|Kh8d/5dAs6d/Ts/5h:-50|415|0|0|-365|0:MrBlue|Pluribus|Budd|MrWhite|MrOrange|Hattori
STATE:101:fr210ffff:2hAd|3c7c|6hKs|Qh9h|9s2s|4sJc:-50|-100|0|150|0|0:Pluribus|Budd|MrWhite|MrOrange|Hattori|MrBlue
STATE:102:ffffr300c/cc/cr750c/cr1875f:As5c|Ah7c|3s9h|Qc6s|2sJc|2hJs/5s7dJh/7h/Th:-750|750|0|0|0|0:Budd|MrWhite|MrOrange|Hattori|MrBlue|Pluribus
STATE:103:fffr250ff:4s5d|8c7d|Ad3h|Qc6c|Qs6d|8d8s:-50|-100|0|0|0|150:MrWhite|MrOrange|Hattori|MrBlue|Pluribus|Budd
STATE:104:fr225fffc/cc/r1225f:7s3h|3cKc|2d8s|TsJd|9c2s|Qc8d/5d2c7d/4h:-50|275|0|-225|0|0:MrOrange|Hattori|MrBlue|Pluribus|Budd|MrWhite
STATE:105:fffr224fc/cc/r984c/r4659f:2c8s|6h5s|4dJh|5d4h|5c7d|8hAc/4c8cKs/3s/9d:-50|1034|0|0|0|-984:Hattori|MrBlue|Pluribus|Budd|MrWhite|MrOrange
STATE:106:fffff:5c8d|4dJc|2c7c|7dJd|TsQc|Th6c:-50|50|0|0|0|0:MrBlue|Pluribus|Budd|MrWhite|MrOrange|Hattori
STATE:107:r225fcfff/r675c/r3075f:5sKd|2dTc|4s4d|AhTd|7d7h|3s9d/6c4hQc/3h:-50|-100|825|0|-675|0:Pluribus|Budd|MrWhite|MrOrange|Hattori|MrBlue
STATE:108:fr200fr750fr2249fr9499r10000c///:ThQd|AcAd|2s3d|KcJc|3s7d|KhKd/6d8c4s/5s/4c:-50|10250|0|-200|0|-10000:Budd|MrWhite|MrOrange|Hattori|MrBlue|Pluribus
STATE:109:fffr250ff:9s6s|3h4h|2h6h|7d9h|9dJh|JdTc:-50|-100|0|0|0|150:MrWhite|MrOrange|Hattori|MrBlue|Pluribus|Budd
STATE:110:ffr225r675ffc/cc/cr1425f:8d4c|5cJd|Qd7d|4hJs|6d6c|KsKc/Ad2dJc/Kh:-50|-100|0|0|-675|825:MrOrange|Hattori|MrBlue|Pluribus|Budd|MrWhite
STATE:111:ffr225fr1150ff:QhJh|3d8d|7c6d|Ac9s|AhJc|6s5h:325|-100|0|0|-225|0:Hattori|MrBlue|Pluribus|Budd|MrWhite|MrOrange
STATE:112:fffr225ff:As3h|5s2c|2d7c|Jd3s|Ac4s|9cQd:-50|-100|0|0|0|150:MrBlue|Pluribus|Budd|MrWhite|MrOrange|Hattori
STATE:113:r225fffff:7sAh|8d2s|QhTh|QdJh|8h9s|TcAs:-50|-100|150|0|0|0:Pluribus|Budd|MrWhite|MrOrange|Hattori|MrBlue
STATE:114:ffr225fff:2c6h|5c3s|9c3h|3cAs|JdKh|Qs9h:-50|-100|0|0|150|0:Budd|MrWhite|MrOrange|Hattori|MrBlue|Pluribus
STATE:115:ffr200fff:Js6s|5sTs|7h4d|3d7c|8c8s|4s6c:-50|-100|0|0|150|0:MrWhite|MrOrange|Hattori|MrBlue|Pluribus|Budd
STATE:116:ffr225ffc/cc/r1025f:4c8d|As6d|QcTd|Ad5c|QsKc|2sQh/5d7s3h/Jd:-50|275|0|0|-225|0:MrOrange|Hattori|MrBlue|Pluribus|Budd|MrWhite
STATE:117:ffffr235r769c/cc/r1869c/cr7794f:AcQc|AhTh|9h8d|3s4d|QdTc|7c8s/6sQs3h/Ts/Ks:-1869|1869|0|0|0|0:Hattori|MrBlue|Pluribus|Budd|MrWhite|MrOrange
STATE:118:fffr225fc/cr350c/cr1100f:7hQc|6cAs|9s5d|6d4s|8cTd|Js7s/3cKhKc/Qs:-50|-350|0|0|0|400:MrBlue|Pluribus|Budd|MrWhite|MrOrange|Hattori
STATE:119:fffr225ff:Ts3d|8h4d|Js7d|8c9d|7s2c|Ad4c:-50|-100|0|0|0|150:Pluribus|Budd|MrWhite|MrOrange|Hattori|MrBlue
STATE:120:fr200fffc/cr310f:9d2c|As8d|Jh2h|KcTd|Qh4h|6hTh/Jd7dQs:-50|-200|0|250|0|0:Budd|MrWhite|MrOrange|Hattori|MrBlue|Pluribus
STATE:121:fffr250ff:4sKd|Th8s|Qh3d|Ad4h|Tc6c|9cQc:-50|-100|0|0|0|150:MrWhite|MrOrange|Hattori|MrBlue|Pluribus|Budd
STATE:122:fffr225ff:8hJh|3h7s|JsQd|4h7h|6s5d|Ad3s:-50|-100|0|0|0|150:MrOrange|Hattori|MrBlue|Pluribus|Budd|MrWhite
STATE:123:fffff:7d4c|JsQh|9dAc|Jd8s|9s5d|3h7h:-50|50|0|0|0|0:Hattori|MrBlue|Pluribus|Budd|MrWhite|MrOrange
STATE:124:ffffcr300c/cc/cr600f:5s9s|8sTd|4hAd|3d4d|Jc2h|Jh6c/3cQhTc/4s:-300|300|0|0|0|0:MrBlue|Pluribus|Budd|MrWhite|MrOrange|Hattori
STATE:125:ffr211fff:KsTh|6s4d|6h4h|Jd8d|QdJs|Qs4s:-50|-100|0|0|150|0:Pluribus|Budd|MrWhite|MrOrange|Hattori|MrBlue
STATE:126:ffffr300c/r450c/cc/r750c:As4s|6cKc|Qd4c|5h7c|9h5d|Jd8c/3hAdAc/4d/6s:750|-750|0|0|0|0:Budd|MrWhite|MrOrange|Hattori|MrBlue|Pluribus
STATE:127:r200fffff:3s2s|Kh9s|9h7h|Kc8s|Ks4s|6h8d:-50|-100|150|0|0|0:MrWhite|MrOrange|Hattori|MrBlue|Pluribus|Budd
STATE:128:fffr225fc/cr475f:Kd8s|Ac2h|6c9d|2dJs|7s2c|7h6h/9c3s3h:-50|-225|0|0|0|275:MrOrange|Hattori|MrBlue|Pluribus|Budd|MrWhite
STATE:129:r200fffff:8hTd|4s8d|JsAs|2dQh|6sTs|6d2c:-50|-100|150|0|0|0:Hattori|MrBlue|Pluribus|Budd|MrWhite|MrOrange
STATE:130:fr225fcff/cc/cc/r675c:5cQh|5d7s|6dJd|JsJc|6h3h|QdQc/QsKs5s/As/4h:-50|-100|0|825|0|-675:MrBlue|Pluribus|Budd|MrWhite|MrOrange|Hattori
STATE:131:r225fffff:2sAs|Qd7s|5hAh|4dAc|5d9h|6c2c:-50|-100|150|0|0|0:Pluribus|Budd|MrWhite|MrOrange|Hattori|MrBlue
STATE:132:fffr225ff:4cAd|7sJd|6s3c|6hKd|7c4s|8h5h:-50|-100|0|0|0|150:Budd|MrWhite|MrOrange|Hattori|MrBlue|Pluribus
STATE:133:fffff:5sKd|Jd8s|5dAh|Qs9h|6hKc|Jc4d:-50|50|0|0|0|0:MrWhite|MrOrange|Hattori|MrBlue|Pluribus|Budd
STATE:134:fr200fffc/cr425c/cr1325f:2cAh|8hJs|4cQs|9sTs|Th8s|3s8d/QdJdAc/4h:-50|-425|0|475|0|0:MrOrange|Hattori|MrBlue|Pluribus|Budd|MrWhite
STATE:135:fffr224fc/cr499f:5sAd|9hAs|7cAh|4d3h|8h5c|9c8c/Jd6sQc:-50|-224|0|0|0|274:Hattori|MrBlue|Pluribus|Budd|MrWhite|MrOrange
STATE:136:fffr225fc/cc/cr425f:8c7h|8d9d|5d4s|2dQs|6sAh|7c5c/4d4hKs/3h:-50|-225|0|0|0|275:MrBlue|Pluribus|Budd|MrWhite|MrOrange|Hattori
STATE:137:fffff:Js2d|As2h|Qc5h|6hTc|Ah4d|2cTh:-50|50|0|0|0|0:Pluribus|Budd|MrWhite|MrOrange|Hattori|MrBlue
STATE:138:ffr225fff:Qs2h|3h8d|9dKd|2s3s|Ad4c|Kc9h:-50|-100|0|0|150|0:Budd|MrWhite|MrOrange|Hattori|MrBlue|Pluribus
STATE:139:fr225ffff:Td8d|4dJc|3c3h|QcKh|6cJs|Kc5c:-50|-100|0|150|0|0:MrWhite|MrOrange|Hattori|MrBlue|Pluribus|Budd
STATE:140:fffff:9s8h|QdTd|4sAd|5h3h|3cAh|6cQs:-50|50|0|0|0|0:MrOrange|Hattori|MrBlue|Pluribus|Budd|MrWhite
STATE:141:fr225fffr1075f:2d6s|KcAc|Qd6d|Ad9d|3d9c|As8h:-50|275|0|-225|0|0:Hattori|MrBlue|Pluribus|Budd|MrWhite|MrOrange
STATE:142:fr225ffff:Kd7c|8d4h|8hJh|AdJs|Kc5d|8cQs:-50|-100|0|150|0|0:MrBlue|Pluribus|Budd|MrWhite|MrOrange|Hattori
STATE:143:r225fffff:5dJc|7c4s|AsQc|5h9s|5c2d|3d6h:-50|-100|150|0|0|0:Pluribus|Budd|MrWhite|MrOrange|Hattori|MrBlue
STATE:144:fffr225r900fc/cc/cc/r2800c:AhQd|AcJh|Kc3d|5dKd|Tc2h|9cJc/9sQsQh/8s/4c:2900|-100|0|0|0|-2800:Budd|MrWhite|MrOrange|Hattori|MrBlue|Pluribus
STATE:145:ffr250fr850fc/cc/r2200f:QsKs|Js7c|Kc9d|3d8d|KhTh|8s5c/TcAs9s/6s:950|-100|0|0|-850|0:MrWhite|MrOrange|Hattori|MrBlue|Pluribus|Budd
STATE:146:fffr225fc/cr475r1125c/cr1925c/cr3425f:7d8d|6hQh|4h7s|8h3d|Td4c|JhAd/4d3hAc/Ah/6c:-50|-1925|0|0|0|1975:MrOrange|Hattori|MrBlue|Pluribus|Budd|MrWhite
STATE:147:fr225fffc/cr400c/cr1037f:7dAh|Td3d|6c9d|AcJh|5hTh|3c7c/AdTcJs/7h:-50|-400|0|450|0|0:Hattori|MrBlue|Pluribus|Budd|MrWhite|MrOrange
STATE:148:fffff:4h2d|AsTh|5c7d|7cJc|3s5d|3dKs:-50|50|0|0|0|0:MrBlue|Pluribus|Budd|MrWhite|MrOrange|Hattori
STATE:149:fr210fffc/cc/cc/cc:2sAd|5d2d|9d2h|QcTc|9sKc|Jd8c/5sQsAs/6s/3d:-50|-210|0|260|0|0:Pluribus|Budd|MrWhite|MrOrange|Hattori|MrBlue
STATE:150:fffr250ff:Qs9d|Td6s|8h4s|3dJd|4h9c|KhTs:-50|-100|0|0|0|150:Budd|MrWhite|MrOrange|Hattori|MrBlue|Pluribus
STATE:151:fffff:Jc8d|4h8c|3dAs|Kc5h|9sTc|Jd4s:-50|50|0|0|0|0:MrWhite|MrOrange|Hattori|MrBlue|Pluribus|Budd
STATE:152:fffff:7c6h|4sJh|Kc6d|4h6c|2s9c|5hJs:-50|50|0|0|0|0:MrOrange|Hattori|MrBlue|Pluribus|Budd|MrWhite
STATE:153:fr225fffc/cr600f:5d3d|5c6h|3s6s|AsAh|3h2h|Jc9h/TdAd8c:-50|-225|0|275|0|0:Hattori|MrBlue|Pluribus|Budd|MrWhite|MrOrange
STATE:154:ffffr300c/r550c/cc/cr1100f:7h7d|5dAc|Tc2h|9d7c|3cKd|5cJh/JsAh8c/8d/2d:-550|550|0|0|0|0:MrBlue|Pluribus|Budd|MrWhite|MrOrange|Hattori
STATE:155:fr220r730ffff:Th5s|2c2s|7dAs|AdQs|Kh9h|3h7c:-50|-100|0|-220|370|0:Pluribus|Budd|MrWhite|MrOrange|Hattori|MrBlue
STATE:156:fffr250fc/cr525f:Qc3s|8h7s|Ts9h|3c9c|Js5c|JcKd/3h2dKs:-50|-250|0|0|0|300:Budd|MrWhite|MrOrange|Hattori|MrBlue|Pluribus
STATE:157:ffr225ffc/cr475f:4s6d|AcJh|3d7s|Jc7h|5hAh|3h2h/6c7c9d:-50|-225|0|0|275|0:MrWhite|MrOrange|Hattori|MrBlue|Pluribus|Budd
STATE:158:fffff:Ts6d|TcAs|Jc7d|Kd5s|4c2s|3s2h:-50|50|0|0|0|0:MrOrange|Hattori|MrBlue|Pluribus|Budd|MrWhite
STATE:159:ffr225ffc/cc/r600f:Ac8s|7sKs|3hTs|Ad6s|JcAs|7cTc/4d2s7d/5s:-50|275|0|0|-225|0:Hattori|MrBlue|Pluribus|Budd|MrWhite|MrOrange
STATE:160:r225fffcf/cc/cc/cr500f:6c4c|8c9s|KhAc|Qh3h|9c6s|6hAs/2dJdQd/2c/Ah:-225|-100|325|0|0|0:MrBlue|Pluribus|Budd|MrWhite|MrOrange|Hattori
STATE:161:ffffr250c/cc/cr500c/cc:8sTh|7d9c|Kh7h|Qh3h|9d6h|6dJs/Qd4s8h/6s/Ac:500|-500|0|0|0|0:Pluribus|Budd|MrWhite|MrOrange|Hattori|MrBlue
STATE:162:fr200fr681r2123fff:AhKc|7c3s|2hQc|QsJd|7d3h|AcTd:981|-100|0|-200|0|-681:Budd|MrWhite|MrOrange|Hattori|MrBlue|Pluribus
STATE:163:fr225ffff:7d2d|6cTd|Ks6h|8c8s|7cKc|Th3c:-50|-100|0|150|0|0:MrWhite|MrOrange|Hattori|MrBlue|Pluribus|Budd
STATE:164:fr225ffr1000fc/r1700f:8d8c|Kc7c|Ad9h|TsAs|4c8h|Tc7s/6hJh2d:1100|-100|0|-1000|0|0:MrOrange|Hattori|MrBlue|Pluribus|Budd|MrWhite
STATE:165:ffffcc/cc/cr250f:Ks2s|7dQc|5d4c|5h6s|9c5s|Kd4h/9h4s3h/6c:-100|100|0|0|0|0:Hattori|MrBlue|Pluribus|Budd|MrWhite|MrOrange
STATE:166:fr225r700ffff:2s7s|Th7h|5h4c|QhKs|9dAd|7d3d:-50|-100|0|-225|375|0:MrBlue|Pluribus|Budd|MrWhite|MrOrange|Hattori
STATE:167:fffr225cf/cc/cc/r500r1600f:AcTc|3d4h|7cAs|QhJd|6d2c|Ad7h/6cKsJh/Kc/Th:-500|-100|0|0|0|600:Pluribus|Budd|MrWhite|MrOrange|Hattori|MrBlue
STATE:168:ffr225ffc/cc/cc/cr425r1775f:4c4s|TcKh|Ad7h|Ks8c|JdQc|KcTs/Td7sQd/As/2h:-50|475|0|0|-425|0:Budd|MrWhite|MrOrange|Hattori|MrBlue|Pluribus
STATE:169:fr225fffc/cc/cr525f:Ad7c|JhKd|Td5c|QhQd|Jd8d|9c3c/7sTc6d/Ts:-50|-225|0|275|0|0:MrWhite|MrOrange|Hattori|MrBlue|Pluribus|Budd
STATE:170:fffr225r1100fc/cc/cr2825c/cc:QhQs|5sKc|Jh5h|8s3s|Jc2h|7d6d/JdThKh/2d/Ks:2925|-100|0|0|0|-2825:MrOrange|Hattori|MrBlue|Pluribus|Budd|MrWhite
STATE:171:fffff:8c4s|5d4h|8d9d|Kd3h|7h4c|Kc6d:-50|50|0|0|0|0:Hattori|MrBlue|Pluribus|Budd|MrWhite|MrOrange
STATE:172:fffr225fc/cc/cr675f:2h9d|KhQs|Qd7h|7sTs|8d3c|ThJc/4c2c6s/9h:-50|-225|0|0|0|275:MrBlue|Pluribus|Budd|MrWhite|MrOrange|Hattori
STATE:173:fffr225r1325ff:JsJh|8dJd|Ad6h|8cKs|6c9s|As4s:325|-100|0|0|0|-225:Pluribus|Budd|MrWhite|MrOrange|Hattori|MrBlue
