# name/game/hands/seed sample_game_106 ../lib/python-client/acpc_infrastructure/holdem.nolimit.6p.game 10000 106
#--t_response 600000000
#--t_hand 600000000
#--t_per_hand 600000000
STATE:0:fr200r650fffr2150c/r3550c/r5750c/cc:5sAd|6s5d|7hQh|AsQc|TsTh|2sTc/2h8hKs/5c/Js:-50|-100|0|-5750|5900|0:MrWhite|MrBlonde|MrBlue|MrOrange|MrPink|Pluribus
STATE:1:fr210fffc/cc/cc/r410r1010f:4d4h|3h4s|3d7d|QdQh|As2s|6s8h/5dKh9h/Ks/8s:-50|-410|0|460|0|0:MrBlonde|MrBlue|MrOrange|MrPink|Pluribus|MrWhite
STATE:2:ffr287fr1100fr2250c/cr4050f:4d4c|Ts7h|2d8d|8hAd|AcAh|5c9s/3dQsTh:-2250|-100|0|0|2350|0:MrBlue|MrOrange|MrPink|Pluribus|MrWhite|MrBlonde
STATE:3:ffffr350c/r600f:JcTc|Kd9h|3hQs|8d5d|Td2d|5hKs/Ah8c7c:350|-350|0|0|0|0:MrOrange|MrPink|Pluribus|MrWhite|MrBlonde|MrBlue
STATE:4:fr250ffff:3d9d|3h8c|9h2d|KcQs|6c5s|5dJc:-50|-100|0|150|0|0:MrPink|Pluribus|MrWhite|MrBlonde|MrBlue|MrOrange
STATE:5:fr225fffc/cc/cr600f:5c3h|6d7s|2d4c|Ts8s|3sTh|7d6s/4dQcAc/6h:-50|-225|0|275|0|0:Pluribus|MrWhite|MrBlonde|MrBlue|MrOrange|MrPink
STATE:6:fffff:4d3s|3cJs|7cQc|3h8s|2h5s|Td5h:-50|50|0|0|0|0:MrWhite|MrBlonde|MrBlue|MrOrange|MrPink|Pluribus
STATE:7:fffr225fc/cc/cc/cr600r1975c:Ks6s|Qc9d|4c9s|Qs4s|7h2h|KdAh/8dJd9c/5h/Ad:-50|-1975|0|0|0|2025:MrBlonde|MrBlue|MrOrange|MrPink|Pluribus|MrWhite
STATE:8:fffr250fr1400f:9sKc|Jc4c|Ad3c|7d6s|Ah8s|JsKh:-50|300|0|0|0|-250:MrBlue|MrOrange|MrPink|Pluribus|MrWhite|MrBlonde
STATE:9:fffff:4cTd|AcAd|Kd8s|Tc7s|8d3d|7d5c:-50|50|0|0|0|0:MrOrange|MrPink|Pluribus|MrWhite|MrBlonde|MrBlue
STATE:10:fffr200fc/cc/r425c/r1100c:Qs8c|5s9s|3h7h|Ah7s|7c9h|AcKd/4c8h5c/3d/8d:-50|1150|0|0|0|-1100:MrPink|Pluribus|MrWhite|MrBlonde|MrBlue|MrOrange
STATE:11:ffffcr400c/cr1090c/cr2880c/cr7768r10000c:KhJc|KdJd|3c8s|3d6c|Tc2d|Ks7c/AsQdTd/5c/5h:0|0|0|0|0|0:Pluribus|MrWhite|MrBlonde|MrBlue|MrOrange|MrPink
STATE:12:fffff:9s4h|Qc4c|3cTs|4s3d|7s4d|7h6c:-50|50|0|0|0|0:MrWhite|MrBlonde|MrBlue|MrOrange|MrPink|Pluribus
STATE:13:cfffcc/ccc/ccr300cf/cr1000c:9d7d|Ad8s|6s7c|7hJd|4hTh|Kd2s/QdQc9c/8d/4d:1100|-100|-1000|0|0|0:MrBlonde|MrBlue|MrOrange|MrPink|Pluribus|MrWhite
STATE:14:r210fffcf/cc/cc/cc:6s6c|2h5d|8sAs|7d8d|4d3d|2dKd/4h9hQd/8h/5c:-210|-100|310|0|0|0:MrBlue|MrOrange|MrPink|Pluribus|MrWhite|MrBlonde
STATE:15:fr225ffff:3c2c|2h4s|5dJd|QhKd|KsJc|3dQs:-50|-100|0|150|0|0:MrOrange|MrPink|Pluribus|MrWhite|MrBlonde|MrBlue
STATE:16:ffr225ffc/cc/cr600f:Tc4s|Jc4c|5sQc|4dKh|Ad8s|6hQs/2s7d3c/Qh:-50|-225|0|0|275|0:MrPink|Pluribus|MrWhite|MrBlonde|MrBlue|MrOrange
STATE:17:fffr250ff:6s2s|2d8s|3hQh|9s4d|Ad7s|6dAs:-50|-100|0|0|0|150:Pluribus|MrWhite|MrBlonde|MrBlue|MrOrange|MrPink
STATE:18:fffff:4s5d|7hJs|6hTs|2s4h|Qs3s|8d5h:-50|50|0|0|0|0:MrWhite|MrBlonde|MrBlue|MrOrange|MrPink|Pluribus
STATE:19:r200fffff:Ad9s|9c5h|KdKh|4hQs|Ah2c|9d3c:-50|-100|150|0|0|0:MrBlonde|MrBlue|MrOrange|MrPink|Pluribus|MrWhite
STATE:20:fr200ffff:6sTc|Qc5s|3d7c|AdJc|Ks7h|Js4d:-50|-100|0|150|0|0:MrBlue|MrOrange|MrPink|Pluribus|MrWhite|MrBlonde
STATE:21:fffr225r1150fr2625f:5s5d|7c3c|5c7s|Kc3h|7h4s|KdQc:-1150|-100|0|0|0|1250:MrOrange|MrPink|Pluribus|MrWhite|MrBlonde|MrBlue
STATE:22:ffffr300c/cc/cc/r900c:8sAc|Qh3h|2s4c|Kc9s|9c2h|2c9d/6d5sQc/7h/Kd:-900|900|0|0|0|0:MrPink|Pluribus|MrWhite|MrBlonde|MrBlue|MrOrange
STATE:23:ffffcc/r200f:8dAc|9s4d|Ah5d|4c7d|5s3c|4hQc/8hAd5c:100|-100|0|0|0|0:Pluribus|MrWhite|MrBlonde|MrBlue|MrOrange|MrPink
STATE:24:fr200r650fffc/cr1375c/cr3175c/cr10000c:2cAd|QdAs|3h2h|QcJc|7d6d|9dTd/7s9c7c/Ac/Jh:-50|-100|0|10150|-10000|0:MrWhite|MrBlonde|MrBlue|MrOrange|MrPink|Pluribus
STATE:25:ffr287ffc/cr1535f:6cAs|5d6h|Td8s|4h8c|6dQd|9cAh/8dJc3d:-50|-287|0|0|337|0:MrBlonde|MrBlue|MrOrange|MrPink|Pluribus|MrWhite
STATE:26:fr250cfff/cr526f:Qs5d|8cAs|Kh7c|3dAd|5c5h|Js3s/2dQc2c:-50|-100|0|-250|400|0:MrBlue|MrOrange|MrPink|Pluribus|MrWhite|MrBlonde
STATE:27:fr225fffc/cr475c/cr1225f:3s7h|Qh4h|Tc6c|JdQc|JcKh|2c4d/Qs9h6d/8d:-50|-475|0|525|0|0:MrOrange|MrPink|Pluribus|MrWhite|MrBlonde|MrBlue
STATE:28:ffr225fff:2d9d|Kh3c|2sJh|3d2c|JsKc|5d2h:-50|-100|0|0|150|0:MrPink|Pluribus|MrWhite|MrBlonde|MrBlue|MrOrange
STATE:29:ffr200fff:3cAh|4sTc|4d8s|Kh5d|KsJh|2sJd:-50|-100|0|0|150|0:Pluribus|MrWhite|MrBlonde|MrBlue|MrOrange|MrPink
STATE:30:fr200r650fffc/cr1100f:Ad2c|Tc6h|As9h|QsKc|Ah5h|5s2d/Jd7s7c:-50|-100|0|-650|800|0:MrWhite|MrBlonde|MrBlue|MrOrange|MrPink|Pluribus
STATE:31:r200ffffc/cc/r537c/r1412c:6cAs|TdTh|JhQh|7hAc|AhTs|3c8c/6s2d4h/8h/2s:-50|1462|-1412|0|0|0:MrBlonde|MrBlue|MrOrange|MrPink|Pluribus|MrWhite
STATE:32:ffffcr450f:6d8h|TdTh|Kc3s|5h8c|Jc2h|6h4c:-100|100|0|0|0|0:MrBlue|MrOrange|MrPink|Pluribus|MrWhite|MrBlonde
STATE:33:fr225fr750ffc/cc/cc/r1987f:8c7h|2hKh|Td3h|7s8s|Ah8d|AdKd/7dQsQh/9s/6s:-50|-100|0|900|0|-750:MrOrange|MrPink|Pluribus|MrWhite|MrBlonde|MrBlue
STATE:34:ffffcc/r200f:5sAd|4c6s|Kd6h|7d5h|3sTh|2h6c/2dJs8s:100|-100|0|0|0|0:MrPink|Pluribus|MrWhite|MrBlonde|MrBlue|MrOrange
STATE:35:ffr200fff:5cJs|7h3s|Qd2c|3h6s|9c9d|3dTh:-50|-100|0|0|150|0:Pluribus|MrWhite|MrBlonde|MrBlue|MrOrange|MrPink
STATE:36:r225fffff:9d2c|7s2d|6c4c|TdAd|4sKc|2s3d:-50|-100|150|0|0|0:MrWhite|MrBlonde|MrBlue|MrOrange|MrPink|Pluribus
STATE:37:fffff:Qc4h|JsQs|8dTs|2s7d|Tc5c|9d2d:-50|50|0|0|0|0:MrBlonde|MrBlue|MrOrange|MrPink|Pluribus|MrWhite
STATE:38:ffr225ffc/cr600f:Ad2h|6d6h|2d3s|Jc8c|JdJs|QcTh/4cJh9h:-50|-225|0|0|275|0:MrBlue|MrOrange|MrPink|Pluribus|MrWhite|MrBlonde
STATE:39:r200fffff:3h6h|Kc2s|6d5d|9c4c|Jh9d|Qs2d:-50|-100|150|0|0|0:MrOrange|MrPink|Pluribus|MrWhite|MrBlonde|MrBlue
STATE:40:r225ffffc/cr799c/cr2199f:4h5h|7sQs|QhKs|Th7h|As5c|JsTd/Kc5s9s/6h:-50|-799|849|0|0|0:MrPink|Pluribus|MrWhite|MrBlonde|MrBlue|MrOrange
STATE:41:fffr250cf/cc/cc/r550c:6s6h|2hJc|9h8d|AhTs|6d9s|5c3c/Kh4dKd/9c/3s:650|-100|0|0|0|-550:Pluribus|MrWhite|MrBlonde|MrBlue|MrOrange|MrPink
STATE:42:fr200fffc/cr375c/cc/cc:3s2c|3c5c|4c6d|9hKh|8d6h|7s2d/5d6cQc/2h/8s:-50|425|0|-375|0|0:MrWhite|MrBlonde|MrBlue|MrOrange|MrPink|Pluribus
STATE:43:ffffr300c/cc/cc/r750f:4cAc|Ad3h|Kc2d|8c7s|6h4h|3c8h/Th5c8d/Jh/Qc:300|-300|0|0|0|0:MrBlonde|MrBlue|MrOrange|MrPink|Pluribus|MrWhite
STATE:44:r210r681ffffc/cr1059c/r1709c/cr4385f:6c9c|6hJd|TsTh|Ac7c|7h9s|Ad4h/Qd9h8c/6s/3c:-50|-100|-1709|1859|0|0:MrBlue|MrOrange|MrPink|Pluribus|MrWhite|MrBlonde
STATE:45:ffffr350c/r600c/cc/cr1400f:TcJc|8dKd|Js4s|Td8h|7d9c|Kh5s/6h3s9d/2h/4c:-600|600|0|0|0|0:MrOrange|MrPink|Pluribus|MrWhite|MrBlonde|MrBlue
STATE:46:r225fffcf/cc/cc/r625f:AsQd|5c3s|4s4c|9sTc|8cKd|8dTd/9d5sJh/Qh/Jc:325|-100|-225|0|0|0:MrPink|Pluribus|MrWhite|MrBlonde|MrBlue|MrOrange
STATE:47:r250fr750fffr2675f:TcJs|QdJc|AcAd|3h7h|JhAs|9s4h:-50|-100|900|0|-750|0:Pluribus|MrWhite|MrBlonde|MrBlue|MrOrange|MrPink
STATE:48:r225fffff:5hTd|3d4h|9sJs|Th3s|8s5c|7d5s:-50|-100|150|0|0|0:MrWhite|MrBlonde|MrBlue|MrOrange|MrPink|Pluribus
STATE:49:fffr225r1025ff:Th8h|Ks2h|Jd9h|6s5h|7c8d|Ah2d:325|-100|0|0|0|-225:MrBlonde|MrBlue|MrOrange|MrPink|Pluribus|MrWhite
STATE:50:fffr250cr1400ff:JhTd|QhAh|2c2d|4hTh|Qs5c|9hKs:-250|500|0|0|0|-250:MrBlue|MrOrange|MrPink|Pluribus|MrWhite|MrBlonde
STATE:51:fr225ffr1150ff:KsQs|3s7h|2d9c|5sAs|8s3h|7c8d:325|-100|0|-225|0|0:MrOrange|MrPink|Pluribus|MrWhite|MrBlonde|MrBlue
STATE:52:fffff:6h2c|4d9h|3sKh|TcJd|3h2h|9c5c:-50|50|0|0|0|0:MrPink|Pluribus|MrWhite|MrBlonde|MrBlue|MrOrange
STATE:53:fffr250ff:8h2s|Th4c|4s2c|As9d|6h3c|Jh5h:-50|-100|0|0|0|150:Pluribus|MrWhite|MrBlonde|MrBlue|MrOrange|MrPink
STATE:54:ffr210fr730fc/cr1510c/cc/cc:KcQh|9d2h|Ad3h|Td6s|7d5d|6h3d/6dAhKh/Th/9c:1610|-100|0|0|-1510|0:MrWhite|MrBlonde|MrBlue|MrOrange|MrPink|Pluribus
STATE:55:ffffr300c/cc/cr750c/cc:4s5s|2cKd|Ts2h|5d8s|3c8d|8c6h/3d7c4c/Qc/2s:750|-750|0|0|0|0:MrBlonde|MrBlue|MrOrange|MrPink|Pluribus|MrWhite
STATE:56:ffr225fcf/cc/cc/r637f:QsTd|7sKd|6c2c|Th3h|4dAd|6hTc/Js8cTs/Jc/8d:325|-100|0|0|-225|0:MrBlue|MrOrange|MrPink|Pluribus|MrWhite|MrBlonde
STATE:57:fffr225fc/cc/cc/cr425c:Jc3d|ThJs|6hJh|2d7s|Tc4d|6s5h/9c8dTs/Ah/Kh:-50|475|0|0|0|-425:MrOrange|MrPink|Pluribus|MrWhite|MrBlonde|MrBlue
STATE:58:ffr225fcf/cr500c/cr1375f:5d5s|7s9h|Ks4c|2hJc|8dQd|9c7d/2d6hAd/Td:-500|-100|0|0|600|0:MrPink|Pluribus|MrWhite|MrBlonde|MrBlue|MrOrange
STATE:59:fr225ffr1050fc/r2150c/r4350f:JsQs|6dTs|9cTh|8c8d|4s8s|Ac7h/6s2cKd/Td:2250|-100|0|-2150|0|0:Pluribus|MrWhite|MrBlonde|MrBlue|MrOrange|MrPink
STATE:60:r225fffff:4s3h|4h2h|8c8s|5cQc|4d2c|3s9c:-50|-100|150|0|0|0:MrWhite|MrBlonde|MrBlue|MrOrange|MrPink|Pluribus
STATE:61:fffff:3h7c|TdQs|7dQc|3c5d|Ac3s|Kc8s:-50|50|0|0|0|0:MrBlonde|MrBlue|MrOrange|MrPink|Pluribus|MrWhite
STATE:62:fffr250fc/cr550c/cr1300c/cc:Qs7c|QhKd|Js7d|5dAc|5c3d|8dTc/Jd3hAd/Ks/8c:-50|1350|0|0|0|-1300:MrBlue|MrOrange|MrPink|Pluribus|MrWhite|MrBlonde
STATE:63:ffr250fff:6sKs|8sKh|9d6h|6dJs|Ac7c|4sQh:-50|-100|0|0|150|0:MrOrange|MrPink|Pluribus|MrWhite|MrBlonde|MrBlue
STATE:64:ffffcc/r200c/r800c/cc:AsTd|8sQc|Ks8c|8dKd|3c7s|5c2d/6sJhQs/7h/4h:-800|800|0|0|0|0:MrPink|Pluribus|MrWhite|MrBlonde|MrBlue|MrOrange
STATE:65:ffffcr400c/cc/cc/cc:Ac5d|QhAd|2s4d|2hQs|4c6h|6cJd/ThTd7h/8c/9d:-400|400|0|0|0|0:Pluribus|MrWhite|MrBlonde|MrBlue|MrOrange|MrPink
STATE:66:ffr210fff:5s7s|2hKc|TcKd|9cAd|ThQs|6d3s:-50|-100|0|0|150|0:MrWhite|MrBlonde|MrBlue|MrOrange|MrPink|Pluribus
STATE:67:fffff:Qs5c|5dAh|7hQd|9d2s|Qh6d|4h8d:-50|50|0|0|0|0:MrBlonde|MrBlue|MrOrange|MrPink|Pluribus|MrWhite
STATE:68:ffffcc/cr200c/cr500c/cr1250c:4hAs|6hJs|9c7c|2c8d|8c5c|3s6s/6cAcJd/Th/9d:-1250|1250|0|0|0|0:MrBlue|MrOrange|MrPink|Pluribus|MrWhite|MrBlonde
STATE:69:fffr225fc/cr425f:4s3h|6d3d|8h2s|Js4d|As5d|9sQc/Qh9hTh:-50|-225|0|0|0|275:MrOrange|MrPink|Pluribus|MrWhite|MrBlonde|MrBlue
STATE:70:ffr225ffr1225r2575c/cr4375r8775r10000c//:3d5d|AdAc|4h8c|3c9h|KhKs|6dTs/KcThAh/9c/2h:-50|10050|0|0|-10000|0:MrPink|Pluribus|MrWhite|MrBlonde|MrBlue|MrOrange
STATE:71:fffr250ff:TcQh|Ad6s|3d3s|Jh5d|2c7d|Ts9d:-50|-100|0|0|0|150:Pluribus|MrWhite|MrBlonde|MrBlue|MrOrange|MrPink
STATE:72:r225fr700fffc/cr1200f:TcTd|2c7d|9h8h|7c4c|AhAd|Ks6d/KdKh5d:-50|-100|-700|0|850|0:MrWhite|MrBlonde|MrBlue|MrOrange|MrPink|Pluribus
STATE:73:fr210fffc/cr560f:8c7s|Td8s|6c9h|As3s|5c2h|Jc3h/9c5hKc:-50|-210|0|260|0|0:MrBlonde|MrBlue|MrOrange|MrPink|Pluribus|MrWhite
STATE:74:fffr250fr1400r3250r10000c///:5c7c|AsKd|8dQc|Qh6c|3h7s|AcAd/5dAh3s/8h/Th:-50|-10000|0|0|0|10050:MrBlue|MrOrange|MrPink|Pluribus|MrWhite|MrBlonde
STATE:75:fr225ffr1150ff:JcTc|Qc7h|Kh2d|5h5s|Kd3s|Qd3d:325|-100|0|-225|0|0:MrOrange|MrPink|Pluribus|MrWhite|MrBlonde|MrBlue
STATE:76:fffr300r1150r4310ff:8cAc|KhAd|8sQc|7c5s|Qd4s|Ah5h:-1150|1450|0|0|0|-300:MrPink|Pluribus|MrWhite|MrBlonde|MrBlue|MrOrange
STATE:77:fffff:2c7d|AdTs|8h9h|4dTh|2s8c|3hJs:-50|50|0|0|0|0:Pluribus|MrWhite|MrBlonde|MrBlue|MrOrange|MrPink
STATE:78:fffff:6dJs|6cAd|7s4h|3cKh|Kd7h|4dQs:-50|50|0|0|0|0:MrWhite|MrBlonde|MrBlue|MrOrange|MrPink|Pluribus
STATE:79:fffr225fc/cr600c/cr1537c/cr3099f:2h7c|QdKc|Jd9h|Qc2c|Qh4d|JhAh/6cThJs/6h/7d:-50|-1537|0|0|0|1587:MrBlonde|MrBlue|MrOrange|MrPink|Pluribus|MrWhite
STATE:80:r210ffcff/cr560f:Td6c|4cJd|5s5h|Th9d|8d3h|AcQc/2dAd4d:-50|-100|-210|0|0|360:MrBlue|MrOrange|MrPink|Pluribus|MrWhite|MrBlonde
STATE:81:ffr250fff:6dJs|5sJd|5hKh|9sAh|QhTs|8cKs:-50|-100|0|0|150|0:MrOrange|MrPink|Pluribus|MrWhite|MrBlonde|MrBlue
STATE:82:r225ffr750ffc/cr1500r3075c/r5475r10000c/:4s7c|Jd3s|9c9d|9s8h|Kd5s|AcAh/9h2cQc/5d/Jh:-50|-100|10150|0|0|-10000:MrPink|Pluribus|MrWhite|MrBlonde|MrBlue|MrOrange
STATE:83:ffr200ffc/cr350f:8sQh|TsQc|7cKh|Ah8c|KsJc|6s2s/Ad4s3d:-50|-200|0|0|250|0:Pluribus|MrWhite|MrBlonde|MrBlue|MrOrange|MrPink
STATE:84:fr200fffc/cr350c/cc/r450f:3s7d|QsAc|Js2h|4c4s|Tc9c|6dAh/KhKsKd/Kc/Jc:-50|400|0|-350|0|0:MrWhite|MrBlonde|MrBlue|MrOrange|MrPink|Pluribus
STATE:85:fffff:7c3h|4dAc|7d3c|9sKd|8sTc|3sTd:-50|50|0|0|0|0:MrBlonde|MrBlue|MrOrange|MrPink|Pluribus|MrWhite
STATE:86:fffr250fc/cc/cc/cr550f:3hKs|KcJc|3sKh|6dJd|7h3c|AdAs/2s9d9s/2c/5s:-50|-250|0|0|0|300:MrBlue|MrOrange|MrPink|Pluribus|MrWhite|MrBlonde
STATE:87:fr225r700ffff:4s5h|3hTd|2c5d|JcKd|AdAc|Js7d:-50|-100|0|-225|375|0:MrOrange|MrPink|Pluribus|MrWhite|MrBlonde|MrBlue
STATE:88:fffff:2dQc|6s8d|2h6d|3s6h|8s3d|9sJc:-50|50|0|0|0|0:MrPink|Pluribus|MrWhite|MrBlonde|MrBlue|MrOrange
STATE:89:fr225fffc/cc/r725c/cr1625f:3c7c|7hTh|5cAs|AhAc|7sJh|4d6s/4h3h2c/9s/Qs:-50|-725|0|775|0|0:Pluribus|MrWhite|MrBlonde|MrBlue|MrOrange|MrPink
STATE:90:fffff:9h2c|3d6s|7sAd|Qs2s|7cJd|5h4s:-50|50|0|0|0|0:MrWhite|MrBlonde|MrBlue|MrOrange|MrPink|Pluribus
STATE:91:ffffr300c/cc/cr700f:8s9d|8c4c|7s2h|Kh3h|Tc5s|Jc8d/5dKs3d/Ah:-300|300|0|0|0|0:MrBlonde|MrBlue|MrOrange|MrPink|Pluribus|MrWhite
STATE:92:fr225ffff:Ac8d|9dKh|Jh2h|AhTh|7h5d|Qd3c:-50|-100|0|150|0|0:MrBlue|MrOrange|MrPink|Pluribus|MrWhite|MrBlonde
STATE:93:fffr225fr1150f:QhTs|Jd8d|6c9h|6d2c|2hQs|8cAh:-50|275|0|0|0|-225:MrOrange|MrPink|Pluribus|MrWhite|MrBlonde|MrBlue
STATE:94:ffr225fff:4h2c|Jc6s|7s2h|9d3s|4d5d|QcJd:-50|-100|0|0|150|0:MrPink|Pluribus|MrWhite|MrBlonde|MrBlue|MrOrange
STATE:95:r250fffff:2cTs|3c9s|As7s|JhKs|8d5h|Js3h:-50|-100|150|0|0|0:Pluribus|MrWhite|MrBlonde|MrBlue|MrOrange|MrPink
STATE:96:fffff:9d7h|Qc4s|2sKc|5c6c|3s6d|4h8h:-50|50|0|0|0|0:MrWhite|MrBlonde|MrBlue|MrOrange|MrPink|Pluribus
STATE:97:fffr225fc/cc/cc/cr475c:4h4d|Js7h|3s5h|Ah4s|6h9d|Kc2c/5sAc3d/Ks/Jc:-50|-475|0|0|0|525:MrBlonde|MrBlue|MrOrange|MrPink|Pluribus|MrWhite
STATE:98:r210fr780fffc/cc/r1280c/r1930c:Th8d|Ah2d|JcAc|2c7c|QhQs|9sQd/Kc9cTd/Qc/6c:-50|-100|2080|0|-1930|0:MrBlue|MrOrange|MrPink|Pluribus|MrWhite|MrBlonde
STATE:99:ffr250ffc/cc/cc/cr600f:7c9s|TsQh|9d4d|Jh7s|5d6d|ThAd/4s3d6h/Kd/Kc:-50|-250|0|0|300|0:MrOrange|MrPink|Pluribus|MrWhite|MrBlonde|MrBlue
STATE:100:ffr225ffc/cr425c/cr1205c/cr3355c:4sQc|TdTh|9d2s|4h8h|TsAs|9h2d/Jh6dAc/Tc/8c:-50|3405|0|0|-3355|0:MrPink|Pluribus|MrWhite|MrBlonde|MrBlue|MrOrange
STATE:101:r250ffffc/cc/cc/r662f:7sKs|5c7c|9dAd|4cAs|2sQs|JcKh/5h4hTs/Qc/5s:-50|300|-250|0|0|0:Pluribus|MrWhite|MrBlonde|MrBlue|MrOrange|MrPink
STATE:102:fffr250fr1100r2175f:5h9c|QhKd|4d2d|3hTc|Js5s|AsAd:-50|-1100|0|0|0|1150:MrWhite|MrBlonde|MrBlue|MrOrange|MrPink|Pluribus
STATE:103:ffffr300c/cc/cr750f:Qd9c|Td8h|9d7h|Qs2h|5hTs|2dQc/4hAcKs/6d:-300|300|0|0|0|0:MrBlonde|MrBlue|MrOrange|MrPink|Pluribus|MrWhite
STATE:104:fr225fffc/cr475c/cr1975f:Th2d|7d7s|Jd6s|KhKs|Kc6d|AhTc/5s3dQh/Js:-50|-475|0|525|0|0:MrBlue|MrOrange|MrPink|Pluribus|MrWhite|MrBlonde
STATE:105:ffr250ffc/cr550f:8sJh|7hQh|6h9d|2h3d|Qc9c|2dAc/2sKs5d:-50|-250|0|0|300|0:MrOrange|MrPink|Pluribus|MrWhite|MrBlonde|MrBlue
STATE:106:ffr225ffr1225c/r1850c/r2787r4600f:QcTs|4c5c|9sQd|8s2d|6h8h|Ad7s/JdQhTh/3h:-50|-2787|0|0|2837|0:MrPink|Pluribus|MrWhite|MrBlonde|MrBlue|MrOrange
STATE:107:fffff:8c5d|6cTc|3sTs|Th5s|Kc7s|6d9s:-50|50|0|0|0|0:Pluribus|MrWhite|MrBlonde|MrBlue|MrOrange|MrPink
STATE:108:fffff:4s9h|3s9d|8dTc|2h5h|6c3h|Th4c:-50|50|0|0|0|0:MrWhite|MrBlonde|MrBlue|MrOrange|MrPink|Pluribus
STATE:109:fr210ffff:Tc6h|Qs3c|Ks9h|Kc9c|7d3s|Qh7h:-50|-100|0|150|0|0:MrBlonde|MrBlue|MrOrange|MrPink|Pluribus|MrWhite
STATE:110:ffffcc/cc/r250c/r635c:8cJc|3hQc|6hAs|8s7c|2s9s|Qd8h/6sQhAd/9h/4c:-635|635|0|0|0|0:MrBlue|MrOrange|MrPink|Pluribus|MrWhite|MrBlonde
STATE:111:ffr250fff:6dJc|4cJd|JsQh|5s7c|KcKs|9c3s:-50|-100|0|0|150|0:MrOrange|MrPink|Pluribus|MrWhite|MrBlonde|MrBlue
STATE:112:fffr300ff:KsJc|7sQh|5dTs|Kd6c|9s6h|3sAc:-50|-100|0|0|0|150:MrPink|Pluribus|MrWhite|MrBlonde|MrBlue|MrOrange
STATE:113:fffff:4h6d|Js4d|Th8c|7hTd|6s8h|9h3d:-50|50|0|0|0|0:Pluribus|MrWhite|MrBlonde|MrBlue|MrOrange|MrPink
STATE:114:ffffr300r1000f:4sKs|ThTc|4dKh|5h9d|3c2s|4h8s:-300|300|0|0|0|0:MrWhite|MrBlonde|MrBlue|MrOrange|MrPink|Pluribus
STATE:115:ffffr300c/r700c/cc/cc:5s4s|7h5d|Jc5h|JhTd|8h3h|7cTh/4d5cKs/Kh/Ts:0|0|0|0|0|0:MrBlonde|MrBlue|MrOrange|MrPink|Pluribus|MrWhite
STATE:116:r210ffffc/cc/cc/cr445f:Kd4c|7cQc|TdAh|7s5h|Kh2s|9hKs/8s8dAs/9c/4d:-50|-210|260|0|0|0:MrBlue|MrOrange|MrPink|Pluribus|MrWhite|MrBlonde
STATE:117:r200fffff:6h4c|5c3d|Ad8d|Jh7c|Qh2h|As7s:-50|-100|150|0|0|0:MrOrange|MrPink|Pluribus|MrWhite|MrBlonde|MrBlue
STATE:118:ffr225fff:6sKd|2dAh|TdKs|Jc5s|QhJh|Qs4c:-50|-100|0|0|150|0:MrPink|Pluribus|MrWhite|MrBlonde|MrBlue|MrOrange
STATE:119:ffffr250c/r500f:Qd8c|Kd9c|Ac8d|KsJh|8h3d|7d4c/6d5cAh:250|-250|0|0|0|0:Pluribus|MrWhite|MrBlonde|MrBlue|MrOrange|MrPink
STATE:120:ffffr300c/cr700f:8d9c|Ah6s|QhJc|8c3d|7c4c|8h2s/AcQs6h:-300|300|0|0|0|0:MrWhite|MrBlonde|MrBlue|MrOrange|MrPink|Pluribus
STATE:121:fffr225fr1000c/r1800c/cr3400f:Ts6c|2d3d|8sQh|4s9s|6dAs|9c8c/3cQsJs/Kc:-50|-1800|0|0|0|1850:MrBlonde|MrBlue|MrOrange|MrPink|Pluribus|MrWhite
STATE:122:r210ffr720fff:Jd4c|2d8h|AhTs|2sAs|Kc3h|TcQc:-50|-100|-210|0|0|360:MrBlue|MrOrange|MrPink|Pluribus|MrWhite|MrBlonde
STATE:123:ffffr350f:4hAs|3c5d|7c5c|Jd4d|3sQs|8cTd:100|-100|0|0|0|0:MrOrange|MrPink|Pluribus|MrWhite|MrBlonde|MrBlue
STATE:124:ffffr300c/r450c/cc/cr900r2250f:KcJc|4sAd|2cKd|Jh7s|9cTs|8cQs/3hAsJs/2d/Kh:900|-900|0|0|0|0:MrPink|Pluribus|MrWhite|MrBlonde|MrBlue|MrOrange
STATE:125:ffffcc/r200c/cc/cc:AdQc|4dAh|7c2d|5c7s|8dTs|Td6s/As5s9s/2s/3d:-200|200|0|0|0|0:Pluribus|MrWhite|MrBlonde|MrBlue|MrOrange|MrPink
STATE:126:fffff:4h6d|Kc9s|4d2d|7sAh|Th7h|3hQd:-50|50|0|0|0|0:MrWhite|MrBlonde|MrBlue|MrOrange|MrPink|Pluribus
STATE:127:ffr200ffc/cr425f:4cKh|Qs2s|4d2d|6d3s|Ac8c|9hKd/7d7h8h:-50|-200|0|0|250|0:MrBlonde|MrBlue|MrOrange|MrPink|Pluribus|MrWhite
STATE:128:fffr250fc/cc/r425c/r1125c:Kd6d|TcJh|5dKs|5s6h|Td4d|QsQh/7dJd7h/7c/Kc:-50|-1125|0|0|0|1175:MrBlue|MrOrange|MrPink|Pluribus|MrWhite|MrBlonde
STATE:129:fr225ffr1150ff:QdAd|7d4c|6d8c|JdKs|Kc8d|6s3c:325|-100|0|-225|0|0:MrOrange|MrPink|Pluribus|MrWhite|MrBlonde|MrBlue
STATE:130:fr250fffc/cr550f:3h3c|KhTh|5h2d|QcQd|9dAd|Kd2s/5d4s9s:-50|-250|0|300|0|0:MrPink|Pluribus|MrWhite|MrBlonde|MrBlue|MrOrange
STATE:131:ffffr200c/cc/r300c/r600f:Ad6h|5dTd|9cKs|3c8c|9h2c|7h3s/9d7s4c/4d/Ah:300|-300|0|0|0|0:Pluribus|MrWhite|MrBlonde|MrBlue|MrOrange|MrPink
STATE:132:fffr250r850fr1930c/cc/r3690c/cr10000f:AsQd|3d8s|Tc7s|5c6c|6dJs|KsAc/7h8hKh/9h/Qh:-3690|-100|0|0|0|3790:MrWhite|MrBlonde|MrBlue|MrOrange|MrPink|Pluribus
STATE:133:fffr225fc/cr600c/cr1537c/cc:Jc6s|7dJd|3h6h|4cTh|3cAh|TcKc/Ts2d6d/3d/As:-50|1587|0|0|0|-1537:MrBlonde|MrBlue|MrOrange|MrPink|Pluribus|MrWhite
STATE:134:fr200fffc/cr425c/cr1325f:Qc7s|KhJc|2h2c|9sKs|2s9h|3sJd/8sTs7d/3h:-50|-425|0|475|0|0:MrBlue|MrOrange|MrPink|Pluribus|MrWhite|MrBlonde
STATE:135:fffr225fr1150r2425c/cr4675f:8cTh|AdJd|6sJc|Ah8d|7d2s|QhQs/9c2d7c:-50|-2425|0|0|0|2475:MrOrange|MrPink|Pluribus|MrWhite|MrBlonde|MrBlue
STATE:136:fffff:8h4d|7c8c|Jh2c|5dKh|5sTh|2d4s:-50|50|0|0|0|0:MrPink|Pluribus|MrWhite|MrBlonde|MrBlue|MrOrange
STATE:137:fffr250fr800c/r2037c/r5130f:9h4c|KhKc|7cTh|6hJs|Jc5d|QcAd/6cJhTs/7s:-50|2087|0|0|0|-2037:Pluribus|MrWhite|MrBlonde|MrBlue|MrOrange|MrPink
STATE:138:fr200ffff:3hTs|2h6c|4sQc|AhQh|6h9h|8d9c:-50|-100|0|150|0|0:MrWhite|MrBlonde|MrBlue|MrOrange|MrPink|Pluribus
STATE:139:fr210fcff/cr637c/cr2061c/cr10000f:JcTs|9s3h|Kh7h|AdQd|6sQc|8s8h/Tc8d5c/7d/Ah:-50|-100|0|-2061|0|2211:MrBlonde|MrBlue|MrOrange|MrPink|Pluribus|MrWhite
STATE:140:fffr250fc/cr550f:7sTc|TsQh|Jc4s|9sQc|As4h|9dJd/2h5c8s:-50|-250|0|0|0|300:MrBlue|MrOrange|MrPink|Pluribus|MrWhite|MrBlonde
STATE:141:r200fffff:Kc8s|7d3c|KhAd|6h2d|4dJd|7hTc:-50|-100|150|0|0|0:MrOrange|MrPink|Pluribus|MrWhite|MrBlonde|MrBlue
STATE:142:fr250fffc/cc/cc/cr575r2975f:8c3s|ThKh|7sJs|9hJh|7d2d|Kd5d/TsQhJd/7h/Qs:-50|625|0|-575|0|0:MrPink|Pluribus|MrWhite|MrBlonde|MrBlue|MrOrange
STATE:143:fffr250fc/cr430c/cr1030c/cc:6sTc|KdTh|As2h|3c6h|2dQs|8s9h/5d5h3s/Td/Ah:-50|1080|0|0|0|-1030:Pluribus|MrWhite|MrBlonde|MrBlue|MrOrange|MrPink
STATE:144:ffffr300f:9hAc|Jh6c|5cTc|JsTd|Qd4h|2c4s:100|-100|0|0|0|0:MrWhite|MrBlonde|MrBlue|MrOrange|MrPink|Pluribus
STATE:145:ffffr300f:KsAh|6c2h|2s5s|Td6h|9s4c|2d5c:100|-100|0|0|0|0:MrBlonde|MrBlue|MrOrange|MrPink|Pluribus|MrWhite
STATE:146:fffr250fc/cr650c/cr1650f:3h5h|2sAc|2dJc|Kh4h|9hTd|Js5s/As9sQs/5c:-50|-650|0|0|0|700:MrBlue|MrOrange|MrPink|Pluribus|MrWhite|MrBlonde
STATE:147:ffr250r800fff:9sTd|5d8d|Jd3c|Qd8s|Kd6d|QcAc:-50|-100|0|0|-250|400:MrOrange|MrPink|Pluribus|MrWhite|MrBlonde|MrBlue
STATE:148:ffr225fcf/cr500f:3d3s|5cTs|7d9h|3hKd|KsTd|6c5d/4hTc2h:-225|-100|0|0|325|0:MrPink|Pluribus|MrWhite|MrBlonde|MrBlue|MrOrange
STATE:149:ffr225ffc/cc/cc/cc:Ah3c|8dAs|5c9h|7dKh|ThAc|2cQh/8c5sQd/4c/9c:-50|275|0|0|-225|0:Pluribus|MrWhite|MrBlonde|MrBlue|MrOrange|MrPink
STATE:150:fffr225ff:5s6d|5d2c|7c8d|Kc9h|5hJd|7sQs:-50|-100|0|0|0|150:MrWhite|MrBlonde|MrBlue|MrOrange|MrPink|Pluribus
STATE:151:ffr225fff:6dJd|2d9c|Th5s|8cJc|QsKs|Tc3h:-50|-100|0|0|150|0:MrBlonde|MrBlue|MrOrange|MrPink|Pluribus|MrWhite
STATE:152:fffr250fc/cr450f:3s7s|4h3h|Qh8d|Jc4s|Th2c|JsAc/7c2d2h:-50|-250|0|0|0|300:MrBlue|MrOrange|MrPink|Pluribus|MrWhite|MrBlonde
STATE:153:ffr250ffc/cr675f:6d6s|TdQs|2dQd|Qc7h|JcTs|8c5d/6c3h4c:-50|-250|0|0|300|0:MrOrange|MrPink|Pluribus|MrWhite|MrBlonde|MrBlue
STATE:154:fr250ffr1100ff:QhQs|5s4s|2dAh|KhTh|6h8c|6d7h:350|-100|0|-250|0|0:MrPink|Pluribus|MrWhite|MrBlonde|MrBlue|MrOrange
STATE:155:ffffcc/r200f:Qh7h|Th2h|9d4s|3d8h|9sQd|3c5d/7cKsAc:100|-100|0|0|0|0:Pluribus|MrWhite|MrBlonde|MrBlue|MrOrange|MrPink
STATE:156:r225fffff:9s4c|4h5c|AdKs|9d2d|Ac7d|8h7c:-50|-100|150|0|0|0:MrWhite|MrBlonde|MrBlue|MrOrange|MrPink|Pluribus
STATE:157:r200ffffc/cc/cc/r380f:9sTc|9c8d|5dAd|6sJh|9d8c|6d4h/8sKh6h/2s/Kd:-50|250|-200|0|0|0:MrBlonde|MrBlue|MrOrange|MrPink|Pluribus|MrWhite
STATE:158:ffffcr350f:8h6d|QcKh|Kd3h|3sTs|Jc5h|4cJh:-100|100|0|0|0|0:MrBlue|MrOrange|MrPink|Pluribus|MrWhite|MrBlonde
STATE:159:fffr225fc/cr475f:6c5c|9sQh|9h6d|3dTd|Kh3h|AdTs/5d8sAs:-50|-225|0|0|0|275:MrOrange|MrPink|Pluribus|MrWhite|MrBlonde|MrBlue
STATE:160:r225fr725ffff:3c4c|ThKc|3d3s|Ks8d|Ad4d|5d7h:-50|-100|-225|0|375|0:MrPink|Pluribus|MrWhite|MrBlonde|MrBlue|MrOrange
STATE:161:ffffcc/r200f:Ad2c|7c3s|Kc6s|9c5s|4h8h|8d6h/6dKdJs:100|-100|0|0|0|0:Pluribus|MrWhite|MrBlonde|MrBlue|MrOrange|MrPink
STATE:162:r225ffffc/cr475c/cc/cc:5h2d|9s9c|3c3s|4s6c|QcTd|3d9d/Jc5c7h/Ac/Kd:-50|525|-475|0|0|0:MrWhite|MrBlonde|MrBlue|MrOrange|MrPink|Pluribus
STATE:163:fffff:Ks5c|As8h|Qc9d|Jd6c|8s7c|Qd7h:-50|50|0|0|0|0:MrBlonde|MrBlue|MrOrange|MrPink|Pluribus|MrWhite
STATE:164:ffffcr350f:Td7s|QcJc|Jd9c|4s6d|Ks6h|Ts2c:-100|100|0|0|0|0:MrBlue|MrOrange|MrPink|Pluribus|MrWhite|MrBlonde
STATE:165:fffff:3c4h|Td2s|7cAs|3dAc|5hTh|2c3h:-50|50|0|0|0|0:MrOrange|MrPink|Pluribus|MrWhite|MrBlonde|MrBlue
STATE:166:ffffcr250c/cr500r1000c/r3200f:2d2s|Jc4h|Qc6h|7hJs|7c2h|Qh4c/2c5h3c/Kd:1000|-1000|0|0|0|0:MrPink|Pluribus|MrWhite|MrBlonde|MrBlue|MrOrange
STATE:167:ffr225fff:9dKc|3c8h|4d9s|4h7c|AdQd|5dAh:-50|-100|0|0|150|0:Pluribus|MrWhite|MrBlonde|MrBlue|MrOrange|MrPink
STATE:168:fr200ffff:6cTs|Kd5c|4cKc|8d7d|As6d|7c5s:-50|-100|0|150|0|0:MrWhite|MrBlonde|MrBlue|MrOrange|MrPink|Pluribus
STATE:169:ffr225fff:9d6c|2s5c|5h3d|4dQd|3c3h|6hTh:-50|-100|0|0|150|0:MrBlonde|MrBlue|MrOrange|MrPink|Pluribus|MrWhite
STATE:170:fffff:2h8h|JdKh|2sTd|6dAh|5h3h|5s4c:-50|50|0|0|0|0:MrBlue|MrOrange|MrPink|Pluribus|MrWhite|MrBlonde
STATE:171:fffff:Jd7h|6s7c|9s6d|Ac4d|Ts4s|9d2s:-50|50|0|0|0|0:MrOrange|MrPink|Pluribus|MrWhite|MrBlonde|MrBlue
STATE:172:fffr300ff:Ad4c|6dJc|Ah8c|7h9h|2hTh|2dKd:-50|-100|0|0|0|150:MrPink|Pluribus|MrWhite|MrBlonde|MrBlue|MrOrange
STATE:173:fffr250ff:Td7s|4c7h|5dQh|9hKd|Ad5s|QdTs:-50|-100|0|0|0|150:Pluribus|MrWhite|MrBlonde|MrBlue|MrOrange|MrPink
STATE:174:fffff:Js8c|QcAh|Jh3s|As6c|9cQh|6d8s:-50|50|0|0|0|0:MrWhite|MrBlonde|MrBlue|MrOrange|MrPink|Pluribus
STATE:175:ffr200ffc/cc/cc/cr537f:2c4h|Ah7d|5d7h|7c2d|Kd6d|Jc2s/3s9c6h/Qd/4c:-50|-200|0|0|250|0:MrBlonde|MrBlue|MrOrange|MrPink|Pluribus|MrWhite
STATE:176:ffffcc/cc/cc/cc:3hQh|Ts7d|Th9c|Kc4h|4c5h|Tc7h/QsJcJd/6c/Ks:100|-100|0|0|0|0:MrBlue|MrOrange|MrPink|Pluribus|MrWhite|MrBlonde
STATE:177:fr225fffc/cc/r575c/r875c:5s7h|Jh9c|TdQs|9h8h|8cKc|2sJs/9d3h7d/8s/2d:-50|-875|0|925|0|0:MrOrange|MrPink|Pluribus|MrWhite|MrBlonde|MrBlue
STATE:178:ffr225cff/cc/cc/cc:2cAs|7c2s|8cAh|Ts3d|2hAc|6s6h/AdQsJc/9s/Kd:-50|-100|0|0|375|-225:MrPink|Pluribus|MrWhite|MrBlonde|MrBlue|MrOrange
STATE:179:r250ffffc/cr550c/cc/cr2050f:2d7c|AcJs|KsQs|5d9c|8c9s|Td7h/Qh4dJd/5c/3s:-50|-550|600|0|0|0:Pluribus|MrWhite|MrBlonde|MrBlue|MrOrange|MrPink
STATE:180:ffr210fff:4s8d|Qs4d|2h7d|8hJd|KcKs|Tc7h:-50|-100|0|0|150|0:MrWhite|MrBlonde|MrBlue|MrOrange|MrPink|Pluribus
STATE:181:ffr225fr1025ff:AdJh|9c6c|2d3h|4h2h|QsKc|9h8d:325|-100|0|0|-225|0:MrBlonde|MrBlue|MrOrange|MrPink|Pluribus|MrWhite
STATE:182:ffr225r725ffr2325f:2s3d|Qc5d|Ks8d|7h6c|AhJc|8c7c:-50|-100|0|0|875|-725:MrBlue|MrOrange|MrPink|Pluribus|MrWhite|MrBlonde
STATE:183:ffr250fff:9s4s|3d2s|Ad8c|Jh5c|Kc6c|8s4d:-50|-100|0|0|150|0:MrOrange|MrPink|Pluribus|MrWhite|MrBlonde|MrBlue
STATE:184:ffr225ffc/cr425c/cr1205c/cc:8d5h|4cAs|JdKc|8c3c|TdQc|4h4s/9dAh5c/Jh/Th:-50|1255|0|0|-1205|0:MrPink|Pluribus|MrWhite|MrBlonde|MrBlue|MrOrange
STATE:185:fffff:5s9c|5d3s|3dQh|Ad7s|6hTc|6s9d:-50|50|0|0|0|0:Pluribus|MrWhite|MrBlonde|MrBlue|MrOrange|MrPink
STATE:186:ffr210fff:2c6h|4s6d|2dQs|Jc8c|ThAd|7dQc:-50|-100|0|0|150|0:MrWhite|MrBlonde|MrBlue|MrOrange|MrPink|Pluribus
STATE:187:fffff:2d7d|Ac5s|2s6d|ThQs|6hJc|Qh7s:-50|50|0|0|0|0:MrBlonde|MrBlue|MrOrange|MrPink|Pluribus|MrWhite
STATE:188:fffff:3dQs|KhJs|2s5h|8hKc|8sJd|7c2c:-50|50|0|0|0|0:MrBlue|MrOrange|MrPink|Pluribus|MrWhite|MrBlonde
STATE:189:r200fffff:6dTs|6sTd|QcKd|Ks5d|Ac2d|4c9h:-50|-100|150|0|0|0:MrOrange|MrPink|Pluribus|MrWhite|MrBlonde|MrBlue
STATE:190:ffffr300r825f:8c9h|AdAs|Kc3s|Td2c|6sTh|Ks3c:-300|300|0|0|0|0:MrPink|Pluribus|MrWhite|MrBlonde|MrBlue|MrOrange
STATE:191:ffr225r700ffc/cr1050c/cc/cr2175r10000f:9cQh|Ad9s|Kh8s|8d3h|AhQs|Ac4c/6s7sJs/8c/Kd:-50|-100|0|0|2325|-2175:Pluribus|MrWhite|MrBlonde|MrBlue|MrOrange|MrPink
STATE:192:r200fffcf/cc/r575f:TcJc|7s2s|7d4h|7h3d|2d2c|4d8c/4c8d9c/5c:300|-100|-200|0|0|0:MrWhite|MrBlonde|MrBlue|MrOrange|MrPink|Pluribus
STATE:193:ffr250cff/cc/cc/r900f:4h6h|Th2c|8h4s|7cAd|5c5h|9cJc/9h8d6c/7h/6s:-50|-100|0|0|400|-250:MrBlonde|MrBlue|MrOrange|MrPink|Pluribus|MrWhite
STATE:194:fr200ffff:9hQs|5s2d|Qh3h|JdKh|Ah6c|3c4h:-50|-100|0|150|0|0:MrBlue|MrOrange|MrPink|Pluribus|MrWhite|MrBlonde
STATE:195:fr225ffff:7d8d|Qs3h|4s9c|5sAs|4h7s|KsJh:-50|-100|0|150|0|0:MrOrange|MrPink|Pluribus|MrWhite|MrBlonde|MrBlue
STATE:196:fffr300r1150ff:QdQh|3c3h|3d8d|7s9h|4h5s|9dKd:400|-100|0|0|0|-300:MrPink|Pluribus|MrWhite|MrBlonde|MrBlue|MrOrange
STATE:197:ffffcc/cr250c/cc/cc:Jc7d|9sTc|8c3d|JhTs|5h2s|3s5c/7cQdKc/9h/2h:-250|250|0|0|0|0:Pluribus|MrWhite|MrBlonde|MrBlue|MrOrange|MrPink
STATE:198:fffr250ff:Ts2d|Td4h|Jd4c|8dTc|Jc2c|Kd9c:-50|-100|0|0|0|150:MrWhite|MrBlonde|MrBlue|MrOrange|MrPink|Pluribus
STATE:199:fr210r681fffc/cr1059f:Js6s|5h8s|Jc8d|7h8h|9hKh|Ts7d/Jd3hQc:-50|-100|0|-681|831|0:MrBlonde|MrBlue|MrOrange|MrPink|Pluribus|MrWhite
STATE:200:fffr250fc/cr600f:Qc7d|Kd8d|Qd8c|2h9c|4c6c|8hKs/9h2sQs:-50|-250|0|0|0|300:MrBlue|MrOrange|MrPink|Pluribus|MrWhite|MrBlonde
STATE:201:ffr250fr1150ff:ThTd|2s5s|As2c|Ah9s|9cKc|Kd6s:350|-100|0|0|-250|0:MrOrange|MrPink|Pluribus|MrWhite|MrBlonde|MrBlue
STATE:202:r225ffffc/cr475f:5d7s|AsTh|8h7h|Ks5c|2d8d|Jh3c/4cJc4h:-50|-225|275|0|0|0:MrPink|Pluribus|MrWhite|MrBlonde|MrBlue|MrOrange
STATE:203:fffff:8h2s|KcJs|9d7s|6h3c|Qc7d|Qh4c:-50|50|0|0|0|0:Pluribus|MrWhite|MrBlonde|MrBlue|MrOrange|MrPink
STATE:204:fffr225ff:5c8d|3hKd|3sQd|3d2s|Ac5s|6h8h:-50|-100|0|0|0|150:MrWhite|MrBlonde|MrBlue|MrOrange|MrPink|Pluribus
STATE:205:r200ffffc/cr350f:9s4h|Ks4s|JcAh|5dKc|Ts5s|2h8d/3cQdTc:-50|-200|250|0|0|0:MrBlonde|MrBlue|MrOrange|MrPink|Pluribus|MrWhite
STATE:206:r210fffff:5d3c|8d3d|ThAc|Kd9d|Td2h|Qs3h:-50|-100|150|0|0|0:MrBlue|MrOrange|MrPink|Pluribus|MrWhite|MrBlonde
STATE:207:fffr225fc/cc/cc/cc:9dTs|3c4c|6h2s|2c9h|Tc7h|AhQd/9c3sKh/Th/2d:-50|275|0|0|0|-225:MrOrange|MrPink|Pluribus|MrWhite|MrBlonde|MrBlue
STATE:208:fr250ffff:5h7d|Ks2c|4hKd|AcKh|5cTh|9d4c:-50|-100|0|150|0|0:MrPink|Pluribus|MrWhite|MrBlonde|MrBlue|MrOrange
STATE:209:ffr225fcc/ccr450cf/r731f:7dAd|TdQc|Qs5h|7cJs|Jd9d|3dTs/2d4cKh/4s:675|-225|0|0|-450|0:Pluribus|MrWhite|MrBlonde|MrBlue|MrOrange|MrPink
STATE:210:fffff:2hTs|5sJc|8c3s|2cTc|6sKd|8h3h:-50|50|0|0|0|0:MrWhite|MrBlonde|MrBlue|MrOrange|MrPink|Pluribus
STATE:211:fffff:3hAs|Ah5h|JcQd|7cAd|Qs4s|5cJh:-50|50|0|0|0|0:MrBlonde|MrBlue|MrOrange|MrPink|Pluribus|MrWhite
STATE:212:fr250ffff:2dJs|Jd5c|8cQs|9s8s|4sTc|7hKc:-50|-100|0|150|0|0:MrBlue|MrOrange|MrPink|Pluribus|MrWhite|MrBlonde
STATE:213:fr225fffc/cr600c/cc/r900c:9hJh|QsTh|2dKd|QdKs|8h5s|6dTc/7sQh6s/8s/2c:-50|-900|0|950|0|0:MrOrange|MrPink|Pluribus|MrWhite|MrBlonde|MrBlue
STATE:214:ffr225ffc/cr475c/cc/r2475f:7h8d|3d9d|5s9c|8hTd|JdKd|4dTh/2d6dTs/Tc/Ah:-50|525|0|0|-475|0:MrPink|Pluribus|MrWhite|MrBlonde|MrBlue|MrOrange
STATE:215:ffr225ffc/cc/cc/cr425f:2d6s|7d9c|8hQd|5d8s|QsTd|4sQc/5h4h5s/2h/3d:-50|-225|0|0|275|0:Pluribus|MrWhite|MrBlonde|MrBlue|MrOrange|MrPink
STATE:216:ffr210fr730fc/r1900r10000c//:TsTh|9sKd|2sJh|7d8c|JdJc|5cQc/4s5h3s/Tc/6d:10100|-100|0|0|-10000|0:MrWhite|MrBlonde|MrBlue|MrOrange|MrPink|Pluribus
STATE:217:fffr225ff:6s4h|Th3d|QhTd|9c6c|3s9d|5c4c:-50|-100|0|0|0|150:MrBlonde|MrBlue|MrOrange|MrPink|Pluribus|MrWhite
STATE:218:r210cfr1210fffr2210c/r3369c/r10000c/:2sTc|5dKh|2dAd|QhQc|5c3c|AsJh/8s3sJc/6d/2h:-50|-100|-210|10360|0|-10000:MrBlue|MrOrange|MrPink|Pluribus|MrWhite|MrBlonde
STATE:219:r200fffff:2hTh|4cKd|AdJs|Qc4s|5d8h|3h7h:-50|-100|150|0|0|0:MrOrange|MrPink|Pluribus|MrWhite|MrBlonde|MrBlue
STATE:220:ffr225ffc/cr475c/r725c/r3725r10000f:4s7d|JcQh|Ah9d|5sTc|3h3s|Kh2d/6c4hTs/Th/3c:-50|-3725|0|0|3775|0:MrPink|Pluribus|MrWhite|MrBlonde|MrBlue|MrOrange
STATE:221:fffr210r1200cf/cc/cc/cc:6h5h|7sQh|7c4h|Tc9s|6s9d|AdTh/7hJc2s/4c/8s:1410|-1200|0|0|0|-210:Pluribus|MrWhite|MrBlonde|MrBlue|MrOrange|MrPink
STATE:222:ffffr300r1000f:Ad2h|QhAh|8hJs|Kd7d|Jc6c|4s8d:-300|300|0|0|0|0:MrWhite|MrBlonde|MrBlue|MrOrange|MrPink|Pluribus
STATE:223:ffr200ffc/cr425c/cr2225f:JsQc|9d9s|Kd6s|2cTc|4hAh|8s3s/6c3dJc/Ts:-50|-425|0|0|475|0:MrBlonde|MrBlue|MrOrange|MrPink|Pluribus|MrWhite
STATE:224:fffff:8h3c|Qd7c|2c2d|8c6h|Qs3d|5s9c:-50|50|0|0|0|0:MrBlue|MrOrange|MrPink|Pluribus|MrWhite|MrBlonde
STATE:225:r287fffff:5cJd|5sQh|KdKh|Td7c|9d2h|7d5d:-50|-100|150|0|0|0:MrOrange|MrPink|Pluribus|MrWhite|MrBlonde|MrBlue
STATE:226:ffffcr300f:4d9d|KdAd|2d9h|2cJc|7hQs|3s2s:-100|100|0|0|0|0:MrPink|Pluribus|MrWhite|MrBlonde|MrBlue|MrOrange
STATE:227:ffr225ffc/cr375c/cr1075f:Kd3d|4dAd|Qs7c|4hJs|KcTc|3hTd/9c2h6d/Jh:-50|-375|0|0|425|0:Pluribus|MrWhite|MrBlonde|MrBlue|MrOrange|MrPink
STATE:228:fffff:8d5s|Kc3h|2dQd|Jd6d|3sKh|Jh5c:-50|50|0|0|0|0:MrWhite|MrBlonde|MrBlue|MrOrange|MrPink|Pluribus
STATE:229:ffffr300c/cc/r500f:TcAc|Ts5s|4cKc|4dJd|3h9h|7h2h/9c9d8h/9s:300|-300|0|0|0|0:MrBlonde|MrBlue|MrOrange|MrPink|Pluribus|MrWhite
STATE:230:fffff:2d8s|5d6c|6sJs|4hAd|2cKd|9d3h:-50|50|0|0|0|0:MrBlue|MrOrange|MrPink|Pluribus|MrWhite|MrBlonde
STATE:231:r225ffcfc/ccr587cc/ccc/ccc:7c2c|As5c|Ac4c|7h4d|6c2s|TcKc/5d9h3c/8c/Ah:-50|1224|-587|0|0|-587:MrOrange|MrPink|Pluribus|MrWhite|MrBlonde|MrBlue
STATE:232:ffr225r750fff:3d8h|2dTc|Kc7d|4c7s|5hAd|9d8d:-50|-100|0|0|-225|375:MrPink|Pluribus|MrWhite|MrBlonde|MrBlue|MrOrange
STATE:233:r250fcffc/ccc/r650ff:8h9s|AsJh|JdTd|7c9h|8d8s|Js2c/Ah3c2s/7s:-50|550|-250|0|-250|0:Pluribus|MrWhite|MrBlonde|MrBlue|MrOrange|MrPink
STATE:234:fr200fffc/cc/cr375f:TsKc|2h2s|7d8c|QsQd|5c3h|4sAc/7c4c5h/Qc:-50|-200|0|250|0|0:MrWhite|MrBlonde|MrBlue|MrOrange|MrPink|Pluribus
STATE:235:fffr225fc/cc/cr475f:Qc7c|4d6s|2hAh|8d6d|9c7s|JcQd/8cKd3h/Td:-50|-225|0|0|0|275:MrBlonde|MrBlue|MrOrange|MrPink|Pluribus|MrWhite
STATE:236:ffr225cff/cc/cc/cc:7d2s|5d8s|QhJc|7s6d|Ad9d|2d2c/4cJsKd/5s/4d:-50|-100|0|0|-225|375:MrBlue|MrOrange|MrPink|Pluribus|MrWhite|MrBlonde
STATE:237:fffr225fr1150f:7cTh|JhKh|QcTs|3h5h|6d5s|8h9s:-50|275|0|0|0|-225:MrOrange|MrPink|Pluribus|MrWhite|MrBlonde|MrBlue
STATE:238:ffffcr300r1400f:5d7d|4d7h|5cJh|3cQs|Qh3s|6d3d:300|-300|0|0|0|0:MrPink|Pluribus|MrWhite|MrBlonde|MrBlue|MrOrange
STATE:239:ffr225fcf/cc/cc/cr1525r7825c:5h5c|3c5s|Qc8d|4d9d|TsJc|2dKd/Td6s5d/Kh/Th:7925|-100|0|0|-7825|0:Pluribus|MrWhite|MrBlonde|MrBlue|MrOrange|MrPink
STATE:240:ffffr300c/r600c/cc/cr1325f:2s2h|5h5c|8s6d|9d7s|2c9h|4hJd/3dAcAd/Jh/Ah:-600|600|0|0|0|0:MrWhite|MrBlonde|MrBlue|MrOrange|MrPink|Pluribus
STATE:241:fr210fffc/cr360f:Qd9d|7s9c|8d6s|JcJs|4h5c|8cKc/TcTs5h:-50|-210|0|260|0|0:MrBlonde|MrBlue|MrOrange|MrPink|Pluribus|MrWhite
STATE:242:ffffcr300f:8sJh|9s9c|Tc8c|4dJc|Qs8d|Js5d:-100|100|0|0|0|0:MrBlue|MrOrange|MrPink|Pluribus|MrWhite|MrBlonde
STATE:243:r225fffff:3c6c|9h2c|KdJd|9dKc|Ts8c|5h3s:-50|-100|150|0|0|0:MrOrange|MrPink|Pluribus|MrWhite|MrBlonde|MrBlue
STATE:244:fffr300ff:Td5h|2c7d|JdKc|6sTh|9s3s|8sAc:-50|-100|0|0|0|150:MrPink|Pluribus|MrWhite|MrBlonde|MrBlue|MrOrange
STATE:245:ffffr250f:Ac3c|5h9d|7dAs|Jc2c|Td9c|6s2d:100|-100|0|0|0|0:Pluribus|MrWhite|MrBlonde|MrBlue|MrOrange|MrPink
STATE:246:fffff:Th8d|2dAh|Qc9h|Td5d|8c7h|Jc2h:-50|50|0|0|0|0:MrWhite|MrBlonde|MrBlue|MrOrange|MrPink|Pluribus
STATE:247:ffr225ffc/cc/cr475c/cc:6d5s|9h4h|Qs7h|2sKs|Ac5c|As5d/Jd9s2d/6s/3s:-50|525|0|0|-475|0:MrBlonde|MrBlue|MrOrange|MrPink|Pluribus|MrWhite
STATE:248:ffr225fff:9c4s|Qh8d|Kd4c|Js5s|JdQs|6dKs:-50|-100|0|0|150|0:MrBlue|MrOrange|MrPink|Pluribus|MrWhite|MrBlonde
STATE:249:fffr225fc/cc/cr600c/cr2550f:6cJc|4cKd|7cAd|2h6h|Ac2s|8sJs/2dJd4s/Th/8h:-50|-600|0|0|0|650:MrOrange|MrPink|Pluribus|MrWhite|MrBlonde|MrBlue
STATE:250:fffr300fr1535f:9dAs|QhQs|Kc6c|Js2s|8d4s|9sKh:-50|350|0|0|0|-300:MrPink|Pluribus|MrWhite|MrBlonde|MrBlue|MrOrange
STATE:251:fr225fffc/cr475f:5h2d|AcQd|3s2c|3d4d|4sKc|7c9h/Th8d5c:-50|-225|0|275|0|0:Pluribus|MrWhite|MrBlonde|MrBlue|MrOrange|MrPink
STATE:252:fffr250ff:4c7c|8h5d|Js7s|JdQc|9s6s|Ah3s:-50|-100|0|0|0|150:MrWhite|MrBlonde|MrBlue|MrOrange|MrPink|Pluribus
STATE:253:fffr225fc/cr475f:3d4c|Kd6d|3h5h|5sJd|9s6s|Td7d/Qd5c2h:-50|-225|0|0|0|275:MrBlonde|MrBlue|MrOrange|MrPink|Pluribus|MrWhite
STATE:254:fr200ffff:3dTs|Jc5s|Jd2h|AcAh|7c6d|3c9c:-50|-100|0|150|0|0:MrBlue|MrOrange|MrPink|Pluribus|MrWhite|MrBlonde
STATE:255:fr225ffff:Kc9d|4hQd|2s7d|AcAd|8s6c|As3h:-50|-100|0|150|0|0:MrOrange|MrPink|Pluribus|MrWhite|MrBlonde|MrBlue
STATE:256:ffr225ffc/cr475c/cc/r1975f:Kc6s|2c5c|3h8h|3d7h|Ah5h|Ad8s/KsQc3c/9d/4h:-50|525|0|0|-475|0:MrPink|Pluribus|MrWhite|MrBlonde|MrBlue|MrOrange
STATE:257:r250ffffc/cr550c/cr1750f:7cJc|5c6s|KcAc|3c4d|2d5d|Th4c/5h8sAd/Kd:-50|-550|600|0|0|0:Pluribus|MrWhite|MrBlonde|MrBlue|MrOrange|MrPink
STATE:258:fffr225fr1125c/cr1700f:3c6s|5h6h|9h2c|7d9c|Qc6d|4h4c/2sAs9s:-50|-1125|0|0|0|1175:MrWhite|MrBlonde|MrBlue|MrOrange|MrPink|Pluribus
STATE:259:ffr200ffc/cc/cr312c/cc:8dAd|9hAh|9d2c|5hTd|4s4d|7d3d/Kh6h6d/5c/Ts:-50|-312|0|0|362|0:MrBlonde|MrBlue|MrOrange|MrPink|Pluribus|MrWhite
STATE:260:r210ffffc/cr560c/cc/r2310f:9d2c|QhKc|QdKs|4h8s|5c6h|2hAd/4dTsJd/7h/3s:-50|610|-560|0|0|0:MrBlue|MrOrange|MrPink|Pluribus|MrWhite|MrBlonde
STATE:261:fffff:7s6c|9d6d|2sQc|Qd5d|4c9s|9h2h:-50|50|0|0|0|0:MrOrange|MrPink|Pluribus|MrWhite|MrBlonde|MrBlue
STATE:262:fffr275fc/cr425c/cr1202c/cc:Ks2h|4c4s|Qs4h|Ts8c|5h9c|Ad5d/Jc3d2s/2d/Jh:-50|1252|0|0|0|-1202:MrPink|Pluribus|MrWhite|MrBlonde|MrBlue|MrOrange
STATE:263:ffffr300c/cr701r1402f:3sQs|Td7c|2c4h|3c9s|2hKd|3h4d/4sJs9d:701|-701|0|0|0|0:Pluribus|MrWhite|MrBlonde|MrBlue|MrOrange|MrPink
STATE:264:fr200fffc/cc/cc/cr400c:2dTc|AcJd|Th4h|Kd9d|2cKc|Ah4s/8s6d6h/Ks/Kh:-50|-400|0|450|0|0:MrWhite|MrBlonde|MrBlue|MrOrange|MrPink|Pluribus
STATE:265:fffr225r1025fc/cr2100f:5c5h|5dAc|6c4h|Qs9h|Qd3c|QhTh/8s9cJs:-1025|-100|0|0|0|1125:MrBlonde|MrBlue|MrOrange|MrPink|Pluribus|MrWhite
STATE:266:fffr250ff:5sKh|Tc4d|QdTh|Ah9s|5c4h|Jd9d:-50|-100|0|0|0|150:MrBlue|MrOrange|MrPink|Pluribus|MrWhite|MrBlonde
STATE:267:fffff:Qd3s|Js5h|8dTc|QcTs|4s9h|3hTd:-50|50|0|0|0|0:MrOrange|MrPink|Pluribus|MrWhite|MrBlonde|MrBlue
STATE:268:r225ffffc/cc/cr600c/cc:6sQd|JsJd|Ah9h|6cAd|4c8h|4dTc/5sQcAs/3s/3c:-50|-600|650|0|0|0:MrPink|Pluribus|MrWhite|MrBlonde|MrBlue|MrOrange
STATE:269:fffr250ff:TsJd|4h6d|7d8c|4c9c|9h8d|KhQd:-50|-100|0|0|0|150:Pluribus|MrWhite|MrBlonde|MrBlue|MrOrange|MrPink
STATE:270:r225cffff/cc/r675f:4s8h|5hAd|KdAh|9s9d|Jc6s|Kh5c/QhKs7s/Jd:-50|-100|375|-225|0|0:MrWhite|MrBlonde|MrBlue|MrOrange|MrPink|Pluribus
STATE:271:ffr287ffc/cr599c/cc/cr1535c:6sKh|7s7c|6dAs|Qh6c|Jc8c|Qd5h/4s2cJs/9h/Jh:-50|-1535|0|0|1585|0:MrBlonde|MrBlue|MrOrange|MrPink|Pluribus|MrWhite
STATE:272:r210fffcf/cr610f:9s7s|6sQh|9dQd|7d4s|4h6h|3d2d/8hJc4c:-210|-100|310|0|0|0:MrBlue|MrOrange|MrPink|Pluribus|MrWhite|MrBlonde
STATE:273:fffff:9s7d|3s6d|8h3d|Qd5c|As8d|8c4d:-50|50|0|0|0|0:MrOrange|MrPink|Pluribus|MrWhite|MrBlonde|MrBlue
STATE:274:ffr225fff:Ac7d|4c9h|8h5s|3h5c|As8d|Qs4d:-50|-100|0|0|150|0:MrPink|Pluribus|MrWhite|MrBlonde|MrBlue|MrOrange
STATE:275:fffr250ff:8dJd|Js3c|7h6c|4c6h|Jc5d|7dTd:-50|-100|0|0|0|150:Pluribus|MrWhite|MrBlonde|MrBlue|MrOrange|MrPink
STATE:276:r225ffffc/cr475c/cr2350f:As9h|QdKc|4d3d|5cKh|5hTs|Jd6c/3c6hAc/2h:-50|-475|525|0|0|0:MrWhite|MrBlonde|MrBlue|MrOrange|MrPink|Pluribus
STATE:277:fr210r750fffc/cr1575r3125f:5dAd|6c9s|As3c|8d8s|QdAh|3dKh/8h7dTh:-50|-100|0|1725|-1575|0:MrBlonde|MrBlue|MrOrange|MrPink|Pluribus|MrWhite
STATE:278:r210fcffc/ccr550fr1230f:8hKd|AsTd|ThQh|Qd7s|Tc9c|9s3h/6h3d5h:-50|-210|810|0|-550|0:MrBlue|MrOrange|MrPink|Pluribus|MrWhite|MrBlonde
STATE:279:fffr225fr1150f:Ks8d|AdTd|7h8s|5c3h|3d6d|6hAs:-50|275|0|0|0|-225:MrOrange|MrPink|Pluribus|MrWhite|MrBlonde|MrBlue
STATE:280:fr250fffr937f:6c7c|5d6d|9sKd|ThAs|TcKc|4dJs:-50|300|0|-250|0|0:MrPink|Pluribus|MrWhite|MrBlonde|MrBlue|MrOrange
STATE:281:ffr222cfc/cr672ff:2hJc|Ad8c|7c4s|Ks6h|TsQs|6cAc/KhJh9c:-50|-222|0|0|494|-222:Pluribus|MrWhite|MrBlonde|MrBlue|MrOrange|MrPink
STATE:282:ffr210ffr1100c/cr2000c/cr3300c/cr10000f:9sQd|AdAs|Ts5d|6c8d|9cAc|4c2d/6d7d5s/8c/Js:-50|-3300|0|0|3350|0:MrWhite|MrBlonde|MrBlue|MrOrange|MrPink|Pluribus
STATE:283:fr210fffc/cc/cr445f:4dJc|Ad7c|KhTs|QdKc|6d5c|4hKd/8h9sQs/5s:-50|-210|0|260|0|0:MrBlonde|MrBlue|MrOrange|MrPink|Pluribus|MrWhite
STATE:284:fffr250ff:Td7d|5h3d|6cAh|8sJh|8d4h|5dAc:-50|-100|0|0|0|150:MrBlue|MrOrange|MrPink|Pluribus|MrWhite|MrBlonde
STATE:285:r250ffffc/cc/cc/cr662f:3cTs|2cKc|JsQc|Kd4d|Ah8d|4hKh/Jc3h5h/9d/9s:-50|-250|300|0|0|0:MrOrange|MrPink|Pluribus|MrWhite|MrBlonde|MrBlue
STATE:286:ffffr300c/cr900c/cc/cr1800r4500f:8s9s|9cQs|7s5c|Ac4d|5d6s|Jh4c/8h8c2h/3s/Js:1800|-1800|0|0|0|0:MrPink|Pluribus|MrWhite|MrBlonde|MrBlue|MrOrange
STATE:287:ffr222r700ffr2346c/r3790f:6hJh|Qh6d|8c9s|9d5c|KcAh|TcTh/2sKs3d:-50|-100|0|0|2496|-2346:Pluribus|MrWhite|MrBlonde|MrBlue|MrOrange|MrPink
STATE:288:ffr210ffr1200f:Ac9d|AdAs|5h6s|4h2d|Kc9c|KsTh:-50|260|0|0|-210|0:MrWhite|MrBlonde|MrBlue|MrOrange|MrPink|Pluribus
STATE:289:ffr225fff:Jd2c|5h9d|2s6s|4hJs|TsAh|Jc7h:-50|-100|0|0|150|0:MrBlonde|MrBlue|MrOrange|MrPink|Pluribus|MrWhite
STATE:290:ffffr300f:3c4c|5s3h|Tc4h|Jh7d|9d6s|7cQs:100|-100|0|0|0|0:MrBlue|MrOrange|MrPink|Pluribus|MrWhite|MrBlonde
STATE:291:fffr225r1150r2500ff:JdAh|KdKc|6h5c|5h8c|6sQs|2sAs:-1150|1375|0|0|0|-225:MrOrange|MrPink|Pluribus|MrWhite|MrBlonde|MrBlue
