# name/game/hands/seed sample_game_40 ../lib/python-client/acpc_infrastructure/holdem.nolimit.6p.game 10000 40
#--t_response 600000000
#--t_hand 600000000
#--t_per_hand 600000000
STATE:0:r225ffffc/cc/r725f:5sQd|Jh9d|KdAh|Qc9h|Ts4d|9s6s/9c3s7c/5c:-50|275|-225|0|0|0:Eddie|MrBrown|MrBlue|Bill|MrPink|Pluribus
STATE:1:r225fffff:KcTs|2hQs|TdTh|TcJh|8c9s|9d8s:-50|-100|150|0|0|0:MrBrown|MrBlue|Bill|MrPink|Pluribus|Eddie
STATE:2:ffr200fff:2sJd|4d2h|9c8s|9hQs|6cKc|7cTh:-50|-100|0|0|150|0:MrBlue|Bill|MrPink|Pluribus|Eddie|MrBrown
STATE:3:fr200ffr850fc/cc/cc/r3550f:5d5h|9s7d|Ad8c|6s6h|Jd2h|Th7s/TdAsQd/Kh/Ah:950|-100|0|-850|0|0:Bill|MrPink|Pluribus|Eddie|MrBrown|MrBlue
STATE:4:r200ffr725fff:9h5h|QsTs|Kd7d|6sQc|3d8d|JcTc:-50|-100|-200|0|0|350:MrPink|Pluribus|Eddie|MrBrown|MrBlue|Bill
STATE:5:fr225fffc/cr425c/cc/cc:Td5h|QdKs|4hAc|6c6s|TcJs|4s3h/2c7h2s/5s/Ad:-50|-425|0|475|0|0:Pluribus|Eddie|MrBrown|MrBlue|Bill|MrPink
STATE:6:ffffcc/cc/cc/cr200f:4cKc|5sJc|Ah9c|Ts6s|8hAd|8c6h/7d5c9s/9h/Qh:-100|100|0|0|0|0:Eddie|MrBrown|MrBlue|Bill|MrPink|Pluribus
STATE:7:fffr222fc/cr372f:Kd6d|5sQc|Kh4s|8d4c|6hKs|JcAs/7dJdJs:-50|-222|0|0|0|272:MrBrown|MrBlue|Bill|MrPink|Pluribus|Eddie
STATE:8:ffr200ffc/cr605f:4dJd|8s7h|Ts4s|Js4c|2h2s|As6h/3cAdKh:-50|-200|0|0|250|0:MrBlue|Bill|MrPink|Pluribus|Eddie|MrBrown
STATE:9:fffr225fc/cc/cr600f:JsTh|Ts7h|KcJd|9s5h|7c9d|JhQd/2sAs3c/3s:-50|-225|0|0|0|275:Bill|MrPink|Pluribus|Eddie|MrBrown|MrBlue
STATE:10:fr225r780ffff:Tc6h|8d7s|Ts8c|QhKd|ThKh|4c3h:-50|-100|0|-225|375|0:MrPink|Pluribus|Eddie|MrBrown|MrBlue|Bill
STATE:11:ffffcr300f:2dTd|Kc8h|4c3h|8d9h|5hAs|8s2h:-100|100|0|0|0|0:Pluribus|Eddie|MrBrown|MrBlue|Bill|MrPink
STATE:12:fr225ffff:Ks2d|3s8h|KcTd|7h7c|6d9h|7sJc:-50|-100|0|150|0|0:Eddie|MrBrown|MrBlue|Bill|MrPink|Pluribus
STATE:13:ffr200fff:4sKd|3hJd|2h6d|6c9c|Tc7c|7h3d:-50|-100|0|0|150|0:MrBrown|MrBlue|Bill|MrPink|Pluribus|Eddie
STATE:14:ffr200cff/cr612f:7h3c|Ac3h|9d5h|8cAs|2c2h|KcQs/Th5c9s:-50|-100|0|0|-200|350:MrBlue|Bill|MrPink|Pluribus|Eddie|MrBrown
STATE:15:r350fcffc/ccc/ccr1175fr2550c/cc:6hKc|3s3d|7c6c|Jd2d|9c9h|4sQc/6s5h8d/2c/Jc:-50|-350|-2550|0|2950|0:Bill|MrPink|Pluribus|Eddie|MrBrown|MrBlue
STATE:16:fffr287fr1223c/cc/cc/cc:2sTc|QsAd|7h3h|5dQd|4c2h|KdQc/6d3d8h/3c/8s:-50|1273|0|0|0|-1223:MrPink|Pluribus|Eddie|MrBrown|MrBlue|Bill
STATE:17:fffff:5h8s|Jd3h|3c7c|2dQd|8d5c|4s2s:-50|50|0|0|0|0:Pluribus|Eddie|MrBrown|MrBlue|Bill|MrPink
STATE:18:ffr210ffc/cc/r562f:Ac9h|Tc9c|ThQc|6hTd|KdJc|6dQh/4d4h8h/Qd:-50|260|0|0|-210|0:Eddie|MrBrown|MrBlue|Bill|MrPink|Pluribus
STATE:19:fr210ffff:Kc4c|9d3c|6d9h|TcJc|5d6c|4sTd:-50|-100|0|150|0|0:MrBrown|MrBlue|Bill|MrPink|Pluribus|Eddie
STATE:20:ffffr300c/cc/cr600c/r1312f:7c7s|8hJd|5dQs|5s2d|7hTd|2h7d/Tc8d6s/4s/5c:600|-600|0|0|0|0:MrBlue|Bill|MrPink|Pluribus|Eddie|MrBrown
STATE:21:ffffr300c/r750f:Tc8c|KhJs|7hKs|9sJc|5dQh|4d2s/7sTd2c:300|-300|0|0|0|0:Bill|MrPink|Pluribus|Eddie|MrBrown|MrBlue
STATE:22:ffr225fff:Ac7d|7c2d|6c5c|Jh6s|AsTh|TsQc:-50|-100|0|0|150|0:MrPink|Pluribus|Eddie|MrBrown|MrBlue|Bill
STATE:23:fffff:4dQc|JsKc|4hAs|Ts2c|6h7d|2s5c:-50|50|0|0|0|0:Pluribus|Eddie|MrBrown|MrBlue|Bill|MrPink
STATE:24:ffr210fff:7c3h|5cJh|Kc4c|7h4d|KdJc|9s6d:-50|-100|0|0|150|0:Eddie|MrBrown|MrBlue|Bill|MrPink|Pluribus
STATE:25:r225fffcf/cr500c/cr1325f:8s9s|6s9h|AdTc|QcJh|5cKh|TsAh/8hQd2d/7d:-500|-100|600|0|0|0:MrBrown|MrBlue|Bill|MrPink|Pluribus|Eddie
STATE:26:fr200ffcc/ccr500ff:3s4s|7sAc|9c5c|9sAs|8dKs|4h9h/Kd6cJc:-200|-200|0|400|0|0:MrBlue|Bill|MrPink|Pluribus|Eddie|MrBrown
STATE:27:ffffr300c/r600f:8dJh|Ts3s|9d2d|5dKc|4dTc|4sJc/6c2cKd:300|-300|0|0|0|0:Bill|MrPink|Pluribus|Eddie|MrBrown|MrBlue
STATE:28:fffr287ff:KcTd|3c5h|Qc7d|9dAc|8dTc|4h4d:-50|-100|0|0|0|150:MrPink|Pluribus|Eddie|MrBrown|MrBlue|Bill
STATE:29:fr225fffc/cc/cr600f:Ks8d|Ah4d|5hJh|QdQc|KhTc|Ts6s/6d7cJs/9h:-50|-225|0|275|0|0:Pluribus|Eddie|MrBrown|MrBlue|Bill|MrPink
STATE:30:fffff:5d8c|Qs8d|4c2c|Js5h|6cKh|Qc8h:-50|50|0|0|0|0:Eddie|MrBrown|MrBlue|Bill|MrPink|Pluribus
STATE:31:ffr225r800fr1925fc/r3505f:7c7s|ThTd|4h3s|4s5h|AdTc|KcAh/2d9d6d:-50|2200|0|0|-225|-1925:MrBrown|MrBlue|Bill|MrPink|Pluribus|Eddie
STATE:32:ffr200ffc/cc/r350r850c/cc:Jh3s|3d9d|9c8s|8h5c|KdTc|Ts7c/9h8d6d/Qc/Ks:-50|-850|0|0|900|0:MrBlue|Bill|MrPink|Pluribus|Eddie|MrBrown
STATE:33:fr200fffc/cr335f:7s9s|Ac6d|6h5c|TdAd|8c5h|4s7d/3s5sJd:-50|-200|0|250|0|0:Bill|MrPink|Pluribus|Eddie|MrBrown|MrBlue
STATE:34:r200fffcf/cr550c/cr1750f:ThKh|Qc9h|AdAh|4d7d|2dTd|9dKc/Js4sQd/4h:-550|-100|650|0|0|0:MrPink|Pluribus|Eddie|MrBrown|MrBlue|Bill
STATE:35:fffr250ff:4dJc|2s5d|9d8h|2h5s|3d7h|Td8d:-50|-100|0|0|0|150:Pluribus|Eddie|MrBrown|MrBlue|Bill|MrPink
STATE:36:fffr225r1100fc/r1790c/r3020c/r10000c:AcJd|JcTh|7d2s|3hKs|8h4s|3s3c/6d5d6s/Kd/9s:-10000|-100|0|0|0|10100:Eddie|MrBrown|MrBlue|Bill|MrPink|Pluribus
STATE:37:fffff:9d2s|ThQc|3s7h|4hAc|Ad5c|Jd8s:-50|50|0|0|0|0:MrBrown|MrBlue|Bill|MrPink|Pluribus|Eddie
STATE:38:fffr250cc/ccc/cr812ff:Jd8d|7h9d|8s9h|Jc9s|4h7s|Qs4s/2hAcJh/5h:-250|500|0|0|0|-250:MrBlue|Bill|MrPink|Pluribus|Eddie|MrBrown
STATE:39:fffff:6hTd|QdKs|2h7h|4c6s|4s7c|6d9c:-50|50|0|0|0|0:Bill|MrPink|Pluribus|Eddie|MrBrown|MrBlue
STATE:40:ffffcc/r200c/r600f:8sTd|4c8d|Js5h|Ac4s|6h3c|2dKc/QhTs8h/Ad:200|-200|0|0|0|0:MrPink|Pluribus|Eddie|MrBrown|MrBlue|Bill
STATE:41:fffr250fc/cc/cr385f:6sAd|Jd9c|7s4d|5h6d|9d3h|As9h/5sQd5d/Ah:-50|-250|0|0|0|300:Pluribus|Eddie|MrBrown|MrBlue|Bill|MrPink
STATE:42:r225ffffc/cr475f:4h8c|Ad3h|AcJc|4sQs|Jd7d|4c8s/Ts6hQd:-50|-225|275|0|0|0:Eddie|MrBrown|MrBlue|Bill|MrPink|Pluribus
STATE:43:fr210fffc/cr445c/cc/r760f:2cQd|8cJh|9h8s|Qc9c|4h8d|Ah6c/5h7s4d/Ac/5d:-50|495|0|-445|0|0:MrBrown|MrBlue|Bill|MrPink|Pluribus|Eddie
STATE:44:ffffcc/cc/cr200c/cr500f:Ks5c|6cTc|Jd8d|8c9d|3hTd|7c4d/Ah9h5s/Jc/3c:-200|200|0|0|0|0:MrBlue|Bill|MrPink|Pluribus|Eddie|MrBrown
STATE:45:fffff:4hKs|5sTd|4c2c|ThKd|8h3s|6dJs:-50|50|0|0|0|0:Bill|MrPink|Pluribus|Eddie|MrBrown|MrBlue
STATE:46:ffr225ffc/cc/cc/r475c:3cKs|Ah6c|AdTh|TcKh|7sJs|As7c/Kd4c5c/2s/Jd:-50|-475|0|0|525|0:MrPink|Pluribus|Eddie|MrBrown|MrBlue|Bill
STATE:47:fffff:2s8s|Ts9s|Qc7h|Ah6d|4dQd|Td5c:-50|50|0|0|0|0:Pluribus|Eddie|MrBrown|MrBlue|Bill|MrPink
STATE:48:ffffcc/cc/r200c/cc:Kc2c|5sAs|2s9d|6cTh|Ks4d|Qh7c/TsJs7h/Qc/Qd:-200|200|0|0|0|0:Eddie|MrBrown|MrBlue|Bill|MrPink|Pluribus
STATE:49:ffr250fr800fc/r1350c/cc/cr2750c:TcJc|4d8s|7hKc|Th5c|JhJd|6d9s/5s7d7c/Qs/Ts:-2750|-100|0|0|2850|0:MrBrown|MrBlue|Bill|MrPink|Pluribus|Eddie
STATE:50:fr250cffc/ccc/r525cf/r1200f:5s8d|6dTd|9h3s|3cAc|As4s|5c9c/Tc7cKc/Th/Kh:-50|825|0|-525|-250|0:MrBlue|Bill|MrPink|Pluribus|Eddie|MrBrown
STATE:51:fffr225fc/cc/cc/r575c:AcTh|9dAh|5h8d|Tc4h|6hQd|Js9s/3s9cKd/2d/7h:-50|625|0|0|0|-575:Bill|MrPink|Pluribus|Eddie|MrBrown|MrBlue
STATE:52:ffffr300c/cc/cc/cr750c:As8d|5s6c|6sKd|KsTh|3dQc|Td7h/Jd8s9d/7s/5h:-750|750|0|0|0|0:MrPink|Pluribus|Eddie|MrBrown|MrBlue|Bill
STATE:53:fffr250fc/cr1000c/cc/r4500c:7c3c|TcAd|5h9h|Qd2s|4hKc|Ks8h/3hTd8c/Ah/6d:-50|4550|0|0|0|-4500:Pluribus|Eddie|MrBrown|MrBlue|Bill|MrPink
STATE:54:r225fffr1100fc/r2500f:AdQd|ThJs|TcQc|2h9h|Kh4s|Ah3d/5c3sKd:1200|-100|-1100|0|0|0:Eddie|MrBrown|MrBlue|Bill|MrPink|Pluribus
STATE:55:fffff:9c3s|4s3c|4c9h|Th6c|Js6h|4dKs:-50|50|0|0|0|0:MrBrown|MrBlue|Bill|MrPink|Pluribus|Eddie
STATE:56:fffr250ff:Td4d|2s8d|JdTh|4h2d|Kh9c|QhKd:-50|-100|0|0|0|150:MrBlue|Bill|MrPink|Pluribus|Eddie|MrBrown
STATE:57:r200fffr850ff:QcQs|5s4d|6hAh|Kc2h|6dQh|7c8s:300|-100|-200|0|0|0:Bill|MrPink|Pluribus|Eddie|MrBrown|MrBlue
STATE:58:ffr225fff:5dJd|Jc4s|Td9s|Qc5h|Qh7h|3d4d:-50|-100|0|0|150|0:MrPink|Pluribus|Eddie|MrBrown|MrBlue|Bill
STATE:59:ffr225fff:2h8c|7hQc|3h2s|9cAd|6d7d|6h5s:-50|-100|0|0|150|0:Pluribus|Eddie|MrBrown|MrBlue|Bill|MrPink
STATE:60:fr225ffff:Qd8s|4dTc|2d6c|KsAs|2c3c|Jd4s:-50|-100|0|150|0|0:Eddie|MrBrown|MrBlue|Bill|MrPink|Pluribus
STATE:61:fffff:5dJs|Ah6c|Qc4h|8h4c|3s5h|8d2d:-50|50|0|0|0|0:MrBrown|MrBlue|Bill|MrPink|Pluribus|Eddie
STATE:62:ffr200fr925fc/r1735c/r3885f:6h5h|7hKs|8s7c|Kc3s|QhQd|6d2d/JcKh3c/5s:1835|-100|0|0|-1735|0:MrBlue|Bill|MrPink|Pluribus|Eddie|MrBrown
STATE:63:fr200fffc/cr335f:Kc6s|9dQh|8c3h|7dKd|QdTs|8h2c/6c2hJc:-50|-200|0|250|0|0:Bill|MrPink|Pluribus|Eddie|MrBrown|MrBlue
STATE:64:fr225ffff:Tc2c|6h9d|3d8c|8dTd|Qd4h|6sKc:-50|-100|0|150|0|0:MrPink|Pluribus|Eddie|MrBrown|MrBlue|Bill
STATE:65:fffff:8s4c|KdQh|Td7h|Qc6c|Ad3c|2h6s:-50|50|0|0|0|0:Pluribus|Eddie|MrBrown|MrBlue|Bill|MrPink
STATE:66:ffr210ffr750c/r1250f:6dTh|QdKc|7sTc|Kh4h|JsAd|Qc7c/Ks5d3h:-50|800|0|0|-750|0:Eddie|MrBrown|MrBlue|Bill|MrPink|Pluribus
STATE:67:fffr222fc/cr372c/cr1166f:2dAc|JhQs|6h2h|3s4d|Qd8c|5sKs/2c7s2s/3c:-50|-372|0|0|0|422:MrBrown|MrBlue|Bill|MrPink|Pluribus|Eddie
STATE:68:fffr250cc/ccr850cf/cr2312f:9h9c|JhTc|Jc4d|2s8h|8cKs|6c6d/2c6h7h/4c:-850|-250|0|0|0|1100:MrBlue|Bill|MrPink|Pluribus|Eddie|MrBrown
STATE:69:fr200fcfc/cr363ff:Qh6d|2sKs|Tc8d|JhAs|Qs4h|AdTd/5sJc7c:-50|-200|0|450|0|-200:Bill|MrPink|Pluribus|Eddie|MrBrown|MrBlue
STATE:70:fr225fffc/cc/cc/cc:7c9h|7s7d|3c2c|QhJc|6c3h|Kc4h/KsJs6d/5c/Ad:-50|-225|0|275|0|0:MrPink|Pluribus|Eddie|MrBrown|MrBlue|Bill
STATE:71:fffr250ff:As9d|5d4h|Qh9c|Kd4c|Kc7s|AdQs:-50|-100|0|0|0|150:Pluribus|Eddie|MrBrown|MrBlue|Bill|MrPink
STATE:72:fr225ffcf/cr637c/cr2011c/cr10000f:Qh9h|4c2h|Ks4d|Jd8d|Ac6h|6sAd/Qc9dTd/Tc/7d:-2011|-100|0|2111|0|0:Eddie|MrBrown|MrBlue|Bill|MrPink|Pluribus
STATE:73:r225fffr750fc/r1350c/r3150c/r10000f:KhAd|3h4c|KcQc|Qs2c|TcJh|2h8s/2dQdTs/4d/6h:3250|-100|-3150|0|0|0:MrBrown|MrBlue|Bill|MrPink|Pluribus|Eddie
STATE:74:r210ffr650fff:3dQs|6cQd|3hAh|Jd3s|JhTs|KcAc:-50|-100|-210|0|0|360:MrBlue|Bill|MrPink|Pluribus|Eddie|MrBrown
STATE:75:ffffr300r900c/cr1450f:Th8h|8cAc|5sTd|8dQc|4s2c|Kh5d/5c7cAs:-900|900|0|0|0|0:Bill|MrPink|Pluribus|Eddie|MrBrown|MrBlue
STATE:76:fffr287fc/cr599c/r911c/r1847c:8d4h|Ts9d|3s4s|4c7c|6hJd|7dQd/6c7hJc/Jh/3h:-50|-1847|0|0|0|1897:MrPink|Pluribus|Eddie|MrBrown|MrBlue|Bill
STATE:77:r225ffcfc/ccr525cc/ccc/cr1337ff:2h6d|JdKs|Jh9h|3d9d|6hKh|8h8d/Jc5d7c/Qd/6s:-50|-525|1100|0|0|-525:Pluribus|Eddie|MrBrown|MrBlue|Bill|MrPink
STATE:78:r225fffff:5s6d|3s6c|9hJh|8hAd|Ks7d|7s2h:-50|-100|150|0|0|0:Eddie|MrBrown|MrBlue|Bill|MrPink|Pluribus
STATE:79:ffffcc/r200c/r500f:9c8c|4d9h|2s7h|TcKh|8sJh|6c5s/Qs4cQc/3c:200|-200|0|0|0|0:MrBrown|MrBlue|Bill|MrPink|Pluribus|Eddie
STATE:80:fr200fcff/r475c/r2675f:6cQc|7d9s|8s9d|Ah7h|KhJs|8dKd/2c8hQh/2d:-50|-100|0|625|0|-475:MrBlue|Bill|MrPink|Pluribus|Eddie|MrBrown
STATE:81:fffr225ff:JsQc|9h3d|Qs2d|8s6c|5dKc|6dTd:-50|-100|0|0|0|150:Bill|MrPink|Pluribus|Eddie|MrBrown|MrBlue
STATE:82:ffr225fr1050fc/r1750f:6d5d|Qc6h|3s9d|Kd3d|Jd8d|4dKh/7dQs4c:1150|-100|0|0|-1050|0:MrPink|Pluribus|Eddie|MrBrown|MrBlue|Bill
STATE:83:ffr225ffc/cr600f:8dTh|5c6d|Kd5d|TdKh|AdAc|9s3c/9c7dJc:-50|-225|0|0|275|0:Pluribus|Eddie|MrBrown|MrBlue|Bill|MrPink
STATE:84:r225fffff:4cJs|Qc5s|Ad7d|9s8h|9h2h|8dAh:-50|-100|150|0|0|0:Eddie|MrBrown|MrBlue|Bill|MrPink|Pluribus
STATE:85:fr210fffc/cc/cr445f:2s6d|As6c|7h4s|KcQh|5dQc|8s3h/ThKh7d/Qs:-50|-210|0|260|0|0:MrBrown|MrBlue|Bill|MrPink|Pluribus|Eddie
STATE:86:fr250ccff/cr475cc/cr1000ff:7c3h|2sJh|6dQh|6cKc|AcJc|5d5h/4s3c7d/Qc:-50|-100|0|-475|1100|-475:MrBlue|Bill|MrPink|Pluribus|Eddie|MrBrown
STATE:87:fr200fcfc/ccc/cr720ff:Qd5c|Ah6c|Qc2c|JhKd|2s7c|9c9h/Ks4cTh/8h:-50|-200|0|450|0|-200:Bill|MrPink|Pluribus|Eddie|MrBrown|MrBlue
STATE:88:ffr225r800fff:QcTc|7d3h|Ks8h|5h4c|6dTd|JsJc:-50|-100|0|0|-225|375:MrPink|Pluribus|Eddie|MrBrown|MrBlue|Bill
STATE:89:fffff:2s6d|Th8h|5d7c|8d3d|5hAs|Js3h:-50|50|0|0|0|0:Pluribus|Eddie|MrBrown|MrBlue|Bill|MrPink
STATE:90:fffr250fc/cr800f:5h7h|QsTh|2c6c|2h6h|3sKd|9h9c/5c8s7d:-50|-250|0|0|0|300:Eddie|MrBrown|MrBlue|Bill|MrPink|Pluribus
STATE:91:fffr222r750fc/cc/cc/cc:5hAh|7dAd|9d7s|2dTh|Qh2s|6sKs/Kd9sQd/8d/Jd:-750|-100|0|0|0|850:MrBrown|MrBlue|Bill|MrPink|Pluribus|Eddie
STATE:92:ffffr300f:8c6c|3dQh|5h2d|2s4d|Kh5c|3sJd:100|-100|0|0|0|0:MrBlue|Bill|MrPink|Pluribus|Eddie|MrBrown
STATE:93:fffff:5s6d|9s7c|Jd2s|Qs5d|9d8h|6cKh:-50|50|0|0|0|0:Bill|MrPink|Pluribus|Eddie|MrBrown|MrBlue
STATE:94:fffff:Qd5c|8d2d|9d8s|Ks9h|9c4h|Th4s:-50|50|0|0|0|0:MrPink|Pluribus|Eddie|MrBrown|MrBlue|Bill
STATE:95:fffff:7h3s|4d2h|Jd3c|JsQc|Qd6h|9h5d:-50|50|0|0|0|0:Pluribus|Eddie|MrBrown|MrBlue|Bill|MrPink
STATE:96:fr225fffr750f:QcJs|JhJd|QsKd|5d4d|8h9h|2s5h:-50|275|0|-225|0|0:Eddie|MrBrown|MrBlue|Bill|MrPink|Pluribus
STATE:97:fr210fffc/cr680c/cc/r2800r10000f:3d7d|4hAc|2hJs|JcKd|ThQs|As3c/5d9h2s/8c/Tc:-50|-2800|0|2850|0|0:MrBrown|MrBlue|Bill|MrPink|Pluribus|Eddie
STATE:98:r210fffr1050fc/r1750f:QhQc|9hTs|4dAd|Kd3c|6hTc|8d9s/Jh7hJc:1150|-100|-1050|0|0|0:MrBlue|Bill|MrPink|Pluribus|Eddie|MrBrown
STATE:99:fffr225ff:6h5s|4hQc|Ah9c|Qd4d|6d2c|5d7d:-50|-100|0|0|0|150:Bill|MrPink|Pluribus|Eddie|MrBrown|MrBlue
STATE:100:r200cffcf/cr375cc/ccr987cf/cr2823r10000c:Ah4h|Ad7s|9cQc|5s5h|2d6c|6dAc/2sJc5d/3d/Kh:10475|-100|-375|-10000|0|0:MrPink|Pluribus|Eddie|MrBrown|MrBlue|Bill
STATE:101:ffr225fr1050cc/ccc/r2625ff:7s8s|4h4c|Qh5d|5cTc|QdJd|9s3s/ThAh3d/9h:2100|-1050|0|0|-1050|0:Pluribus|Eddie|MrBrown|MrBlue|Bill|MrPink
STATE:102:ffr210ffc/cc/r562f:6sKs|9cTd|3sKc|As4h|8dKd|9dTs/Th9h7h/2d:-50|260|0|0|-210|0:Eddie|MrBrown|MrBlue|Bill|MrPink|Pluribus
STATE:103:r225fr825ffff:5c8c|Js7s|5h6h|7dKd|ThKh|3dJc:-50|-100|-225|0|375|0:MrBrown|MrBlue|Bill|MrPink|Pluribus|Eddie
STATE:104:fr225ffff:5c3s|7c2d|5h6d|4c4s|8hQh|8sJd:-50|-100|0|150|0|0:MrBlue|Bill|MrPink|Pluribus|Eddie|MrBrown
STATE:105:r225fffff:Qd4h|3d2d|TcTh|Jd6s|Qs2h|2sJh:-50|-100|150|0|0|0:Bill|MrPink|Pluribus|Eddie|MrBrown|MrBlue
STATE:106:r200fcffc/ccr525ff:7hAc|KsJc|AhJd|9dJs|QdAd|7c8h/3c6d7d:-50|-200|-200|0|450|0:MrPink|Pluribus|Eddie|MrBrown|MrBlue|Bill
STATE:107:ffr225fcc/ccc/ccr562cf/cc:As6s|TsKc|4cTc|Qd8c|6dKd|Qs4h/2s3h8h/6h/9s:787|-225|0|0|-562|0:Pluribus|Eddie|MrBrown|MrBlue|Bill|MrPink
STATE:108:fr225ffff:Kh6h|2h3s|9c4c|7d6d|9sAc|8h7s:-50|-100|0|150|0|0:Eddie|MrBrown|MrBlue|Bill|MrPink|Pluribus
STATE:109:fffff:Qh6c|5dKh|8h5c|3hAs|3dQd|2hQs:-50|50|0|0|0|0:MrBrown|MrBlue|Bill|MrPink|Pluribus|Eddie
STATE:110:r210fffff:JhQd|4h2d|QcKh|5h6c|6h4s|8c4d:-50|-100|150|0|0|0:MrBlue|Bill|MrPink|Pluribus|Eddie|MrBrown
STATE:111:r200cfffr1200ff:Th5d|AsKs|AcTs|8s8h|4cTc|5s9d:-50|450|-200|-200|0|0:Bill|MrPink|Pluribus|Eddie|MrBrown|MrBlue
STATE:112:r200cffff/r525f:6h2d|3c8d|AsJs|5h2h|Qh9c|Qd4d/9sKdAc:-50|-100|350|-200|0|0:MrPink|Pluribus|Eddie|MrBrown|MrBlue|Bill
STATE:113:ffffcc/r200f:7hQd|Js2h|Th8c|9c7s|5cAd|Jc6d/TsQh3h:100|-100|0|0|0|0:Pluribus|Eddie|MrBrown|MrBlue|Bill|MrPink
STATE:114:r225ffffc/cr600c/cc/r1537c:2hTc|Jc8h|7h9h|8dKd|7cJh|6c9s/8c9c5s/Jd/As:-50|1587|-1537|0|0|0:Eddie|MrBrown|MrBlue|Bill|MrPink|Pluribus
STATE:115:ffr200fr750cc/ccr1875ff:9c9s|8s8d|4dQc|6sJd|7h6h|As4h/3s7sAh:-750|-750|0|0|1500|0:MrBrown|MrBlue|Bill|MrPink|Pluribus|Eddie
STATE:116:ffr200ffc/cc/r537c/r1380c:4s9h|Ac8d|3s5d|TdJh|9dKd|2c3d/Ah5h9c/8s/Kc:-50|1430|0|0|-1380|0:MrBlue|Bill|MrPink|Pluribus|Eddie|MrBrown
STATE:117:fffff:7c2s|Tc8s|4cQd|9h6d|5dQs|8dQh:-50|50|0|0|0|0:Bill|MrPink|Pluribus|Eddie|MrBrown|MrBlue
STATE:118:fffff:5c2d|7c2c|9s2s|8hAc|7sTh|6dQs:-50|50|0|0|0|0:MrPink|Pluribus|Eddie|MrBrown|MrBlue|Bill
STATE:119:fr225r700fffc/cc/cc/cc:2s3h|Ah4c|5s7c|6h6c|7s7h|Td2d/6sKdAs/6d/5h:-50|-100|0|850|-700|0:Pluribus|Eddie|MrBrown|MrBlue|Bill|MrPink
STATE:120:ffr215ffc/cr365c/cc/r1165c:2h3s|TsTd|Jh6h|2s6d|KsAd|8dQs/9sQdQc/5c/5h:-50|1215|0|0|-1165|0:Eddie|MrBrown|MrBlue|Bill|MrPink|Pluribus
