# name/game/hands/seed sample_game_107 ../lib/python-client/acpc_infrastructure/holdem.nolimit.6p.game 10000 107
#--t_response 600000000
#--t_hand 600000000
#--t_per_hand 600000000
STATE:0:fffff:2h9s|6s6h|3d5c|8h4c|5sJd|2sAh:-50|50|0|0|0|0:MrWhite|MrBlonde|MrBlue|MrOrange|MrPink|Pluribus
STATE:1:ffr200ffc/cc/cc/cr425c:Qs4c|5d9c|Tc3c|9s8c|Qh7h|Js4d/5s6s7d/Ts/6h:-50|-425|0|0|475|0:MrBlonde|MrBlue|MrOrange|MrPink|Pluribus|MrWhite
STATE:2:r210fcfff/cc/r495f:9c2d|Ac6h|7h7d|AdJs|2s2h|JdKh/8c3d5h/6c:-50|-100|360|0|-210|0:MrBlue|MrOrange|MrPink|Pluribus|MrWhite|MrBlonde
STATE:3:fffff:2cKs|8dJh|6c7d|3d2s|7h4h|Qd5h:-50|50|0|0|0|0:MrOrange|MrPink|Pluribus|MrWhite|MrBlonde|MrBlue
STATE:4:ffr225ffc/cc/cr600f:2cJs|Ts4s|3d5s|4d3s|JcQs|6d4c/8d4hQd/7h:-50|-225|0|0|275|0:MrPink|Pluribus|MrWhite|MrBlonde|MrBlue|MrOrange
STATE:5:r250fffff:Ac6c|3dJc|7sAs|JhQs|3s7h|8cTc:-50|-100|150|0|0|0:Pluribus|MrWhite|MrBlonde|MrBlue|MrOrange|MrPink
STATE:6:fr200fr681ffr1950c/r3400f:7cAh|5sJd|9s3c|JsQh|QdTh|TdTs/8h2cAc:-50|-100|0|2100|0|-1950:MrWhite|MrBlonde|MrBlue|MrOrange|MrPink|Pluribus
STATE:7:r200fcffc/cr450cf/cc/r2000c:5d3c|AsTs|QcKd|7dQh|AcQs|5hTh/Kh6c2c/Ad/Qd:-50|-200|-2000|0|2250|0:MrBlonde|MrBlue|MrOrange|MrPink|Pluribus|MrWhite
STATE:8:ffffcr400c/cr950c/cr2500c/cc:KdJc|7sKs|As4c|4d6s|7cJh|7hTd/Js9s5d/5c/7d:2500|-2500|0|0|0|0:MrBlue|MrOrange|MrPink|Pluribus|MrWhite|MrBlonde
STATE:9:fr225ffff:TsJh|2h9s|KhTc|QsQh|8c9h|Ah7h:-50|-100|0|150|0|0:MrOrange|MrPink|Pluribus|MrWhite|MrBlonde|MrBlue
STATE:10:r225ffr750ffr1987f:Kc7d|Qd3d|KsKh|9c3h|6hJc|AsTd:-50|-100|900|0|0|-750:MrPink|Pluribus|MrWhite|MrBlonde|MrBlue|MrOrange
STATE:11:fffr250fc/cr430f:4dJc|5hTh|KsJd|3sAh|7hKd|AcTc/3dKh2d:-50|-250|0|0|0|300:Pluribus|MrWhite|MrBlonde|MrBlue|MrOrange|MrPink
STATE:12:ffffr300c/r600f:3h4h|8sAh|4dKc|2d6c|5cKd|Jh6s/Jd4cKs:300|-300|0|0|0|0:MrWhite|MrBlonde|MrBlue|MrOrange|MrPink|Pluribus
STATE:13:ffffr300c/cc/cr750f:QsJc|Jh9d|3s9s|KcTd|4c5s|5d2c/Ah7c4s/Ac:-300|300|0|0|0|0:MrBlonde|MrBlue|MrOrange|MrPink|Pluribus|MrWhite
STATE:14:r210fffff:6dKd|Qs7d|AcKs|9dJd|3s2c|Th2h:-50|-100|150|0|0|0:MrBlue|MrOrange|MrPink|Pluribus|MrWhite|MrBlonde
STATE:15:ffr250fff:Tc5h|6s8c|Ah4s|Th3h|AcJd|8sKd:-50|-100|0|0|150|0:MrOrange|MrPink|Pluribus|MrWhite|MrBlonde|MrBlue
STATE:16:fr250fcfc/ccr550ff:7hJd|9h6h|Kc6c|ThAc|3h5d|9d9s/6s8d2s:-50|-250|0|-250|0|550:MrPink|Pluribus|MrWhite|MrBlonde|MrBlue|MrOrange
STATE:17:fr225fffc/cr475f:Th3h|2c2s|9hTd|7d8d|3s6c|5d3c/Ad4h8s:-50|-225|0|275|0|0:Pluribus|MrWhite|MrBlonde|MrBlue|MrOrange|MrPink
STATE:18:ffr210fff:9sJh|5h3s|3d8h|4s8c|AsTd|TcQh:-50|-100|0|0|150|0:MrWhite|MrBlonde|MrBlue|MrOrange|MrPink|Pluribus
STATE:19:fffr225fc/cr475f:9h4s|2d8d|Ac5d|2s9s|Qh5s|JdTs/4c9d3s:-50|-225|0|0|0|275:MrBlonde|MrBlue|MrOrange|MrPink|Pluribus|MrWhite
STATE:20:r210fffff:9cKd|2sQd|8d8s|Tc4h|7d5s|4s9s:-50|-100|150|0|0|0:MrBlue|MrOrange|MrPink|Pluribus|MrWhite|MrBlonde
STATE:21:ffr250ffc/cc/cc/r800c:2hJc|Jh6h|Ac6s|3s7c|AhQh|5hQc/4h7h5d/4s/Ts:-50|-800|0|0|850|0:MrOrange|MrPink|Pluribus|MrWhite|MrBlonde|MrBlue
STATE:22:fr250r800ffr2270ff:Kc9d|5hAh|6c2c|JcKd|Ac3c|Jh6s:-50|1100|0|-250|-800|0:MrPink|Pluribus|MrWhite|MrBlonde|MrBlue|MrOrange
STATE:23:ffffcr400c/cc/cr1000f:Qs7s|Ah2h|As6s|7hJc|Qh3c|Kd3s/Js8hAd/Td:-400|400|0|0|0|0:Pluribus|MrWhite|MrBlonde|MrBlue|MrOrange|MrPink
STATE:24:fr200ffff:2d7s|5d9h|8h3d|AdJh|Qs4s|2s6d:-50|-100|0|150|0|0:MrWhite|MrBlonde|MrBlue|MrOrange|MrPink|Pluribus
STATE:25:ffr287ffc/cr599c/cc/cc:5h7d|8sTd|5dQh|Qc4h|2s2c|As6s/6d8hQs/9d/9h:-50|649|0|0|-599|0:MrBlonde|MrBlue|MrOrange|MrPink|Pluribus|MrWhite
STATE:26:fffr250fc/cr550r1100f:8s3c|7dQd|7s6c|QsTh|3hKc|4hQh/7c2h6d:-50|600|0|0|0|-550:MrBlue|MrOrange|MrPink|Pluribus|MrWhite|MrBlonde
STATE:27:r225ffcff/cc/r375c/r3075f:Qc5s|4s3h|KhKc|9cJh|2s5c|8hAh/KsQhAc/9h/7c:-50|-100|525|0|0|-375:MrOrange|MrPink|Pluribus|MrWhite|MrBlonde|MrBlue
STATE:28:fffff:4cJs|Ah8d|5s3h|Tc2h|2c8h|4d7h:-50|50|0|0|0|0:MrPink|Pluribus|MrWhite|MrBlonde|MrBlue|MrOrange
STATE:29:fr225fffc/cc/cc/cr525c:Qc5d|JsTh|2hKs|8dJd|3cJh|9hKc/9c4h6h/Ad/Tc:-50|575|0|-525|0|0:Pluribus|MrWhite|MrBlonde|MrBlue|MrOrange|MrPink
STATE:30:ffffr300f:7c5c|4s6d|8cKs|Jc8s|3sQd|3c2h:100|-100|0|0|0|0:MrWhite|MrBlonde|MrBlue|MrOrange|MrPink|Pluribus
STATE:31:ffr225ffc/cc/r425f:Jd7d|6h9h|8c5h|2d8d|Ac6c|3dJh/KdQc8s/7s:-50|275|0|0|-225|0:MrBlonde|MrBlue|MrOrange|MrPink|Pluribus|MrWhite
STATE:32:ffffcc/cr200c/cr500c/cr1250c:AdAc|Jh9s|6s9c|5sJd|Kh3s|Ks2c/Th2dTs/8h/4s:1250|-1250|0|0|0|0:MrBlue|MrOrange|MrPink|Pluribus|MrWhite|MrBlonde
STATE:33:ffr250fff:Th4h|2c9s|3sTs|8dJc|JhQc|Qs7h:-50|-100|0|0|150|0:MrOrange|MrPink|Pluribus|MrWhite|MrBlonde|MrBlue
STATE:34:ffffr300c/r450f:Ah8s|6s7h|Js6h|3s5c|9h4d|Qc2h/AcTdJc:300|-300|0|0|0|0:MrPink|Pluribus|MrWhite|MrBlonde|MrBlue|MrOrange
STATE:35:fffff:3h8d|2d6d|8c9s|Tc3c|8h9c|8sJc:-50|50|0|0|0|0:Pluribus|MrWhite|MrBlonde|MrBlue|MrOrange|MrPink
STATE:36:ffffr300c/r750c/r1500r3550f:Qd7d|3sQs|6sQc|5sJs|4hTc|5hTd/2c7c3d/3h:-1500|1500|0|0|0|0:MrWhite|MrBlonde|MrBlue|MrOrange|MrPink|Pluribus
STATE:37:fr210fffc/cc/cc/cr680f:Jh2d|8d6s|3d9c|TsTh|9hJs|5hAs/AcJcJd/Qh/Ah:-50|-210|0|260|0|0:MrBlonde|MrBlue|MrOrange|MrPink|Pluribus|MrWhite
STATE:38:ffffcc/cc/cc/r200f:8s6h|As3d|6d2c|Ac6s|4h3s|6cTd/5cQh2d/8c/Jd:100|-100|0|0|0|0:MrBlue|MrOrange|MrPink|Pluribus|MrWhite|MrBlonde
STATE:39:ffr250fff:Kc4h|9s2h|Ac7h|7c5d|9d9c|TcQs:-50|-100|0|0|150|0:MrOrange|MrPink|Pluribus|MrWhite|MrBlonde|MrBlue
STATE:40:fffff:5h2h|JcQc|Qh6d|4h2s|3h9d|3s9s:-50|50|0|0|0|0:MrPink|Pluribus|MrWhite|MrBlonde|MrBlue|MrOrange
STATE:41:ffffr275c/cc/cc/cr665f:5s9s|7h4h|8cTh|4dJd|5cJc|6h2d/5dTdTs/Qd/6d:-275|275|0|0|0|0:Pluribus|MrWhite|MrBlonde|MrBlue|MrOrange|MrPink
STATE:42:ffr210fr730fc/r1729f:9h9c|6hJs|Qh2c|3cQd|8h8s|6sTh/KsTd9s:830|-100|0|0|-730|0:MrWhite|MrBlonde|MrBlue|MrOrange|MrPink|Pluribus
STATE:43:fr210fffc/cc/r390f:6h5s|TdJc|2c7h|5cKc|5dJh|4cAs/9d8h4d/Jd:-50|260|0|-210|0|0:MrBlonde|MrBlue|MrOrange|MrPink|Pluribus|MrWhite
STATE:44:fr250fccr1850cff/cc/cc/cc:5dKd|AsKh|6d4s|AcQc|2cKs|TcJc/9dTh2h/3s/9c:-250|2350|0|-1850|0|-250:MrBlue|MrOrange|MrPink|Pluribus|MrWhite|MrBlonde
STATE:45:ffr250ffc/cc/cc/cc:Qs3d|6c3c|5h7s|5sQd|7d9d|TdAs/AhQhJs/4s/9s:-50|-250|0|0|300|0:MrOrange|MrPink|Pluribus|MrWhite|MrBlonde|MrBlue
STATE:46:ffr225ffc/cr600c/cc/cc:2hAs|6h5d|Kd3s|Qc9d|Ad7c|4hQh/8h6c9h/2c/Jd:-50|650|0|0|-600|0:MrPink|Pluribus|MrWhite|MrBlonde|MrBlue|MrOrange
STATE:47:ffffr275r780f:6c7h|3d6d|4c2h|Qh9d|5s8s|6h9s:-275|275|0|0|0|0:Pluribus|MrWhite|MrBlonde|MrBlue|MrOrange|MrPink
STATE:48:fr200fffc/cc/cc/r500f:4s6s|TdTh|2d4h|Ad4d|6hAc|TcQh/7s5c8s/Qd/Qc:-50|250|0|-200|0|0:MrWhite|MrBlonde|MrBlue|MrOrange|MrPink|Pluribus
STATE:49:ffr200ffc/cr425f:Qc7h|9h2h|QdTh|3sKh|4dAd|Td9c/QsJsJc:-50|-200|0|0|250|0:MrBlonde|MrBlue|MrOrange|MrPink|Pluribus|MrWhite
STATE:50:fffr250r1000fr2500f:9sAs|8h7c|Qc5h|4cQs|Kc6d|KsJc:-1000|-100|0|0|0|1100:MrBlue|MrOrange|MrPink|Pluribus|MrWhite|MrBlonde
STATE:51:fr225ffff:7hAc|3sTc|3d8s|9d7d|Ks8d|5cJd:-50|-100|0|150|0|0:MrOrange|MrPink|Pluribus|MrWhite|MrBlonde|MrBlue
STATE:52:ffr225fff:7c5h|7hTs|9dAs|Tc4c|3d4d|Qd8s:-50|-100|0|0|150|0:MrPink|Pluribus|MrWhite|MrBlonde|MrBlue|MrOrange
STATE:53:ffr225ffc/cc/cc/cr525f:3d8d|QcKd|2s7c|6h4c|KcJh|3sTs/7d6s2d/5c/Js:-50|-225|0|0|275|0:Pluribus|MrWhite|MrBlonde|MrBlue|MrOrange|MrPink
STATE:54:fr200fr750fr2500ff:Ts9d|AdJd|Qd3c|4s4c|7cTh|8cKc:-50|1000|0|-200|0|-750:MrWhite|MrBlonde|MrBlue|MrOrange|MrPink|Pluribus
STATE:55:fffff:8d2c|AdQd|7d5c|Qh3h|Td3c|8hKs:-50|50|0|0|0|0:MrBlonde|MrBlue|MrOrange|MrPink|Pluribus|MrWhite
STATE:56:r210fffff:Qc6c|3d7d|JdAh|Kc2c|Qd7c|3hTd:-50|-100|150|0|0|0:MrBlue|MrOrange|MrPink|Pluribus|MrWhite|MrBlonde
STATE:57:fffff:5cTs|8sKc|7cTh|7sTd|Jc7d|8d3d:-50|50|0|0|0|0:MrOrange|MrPink|Pluribus|MrWhite|MrBlonde|MrBlue
