# name/game/hands/seed sample_game_31 ../lib/python-client/acpc_infrastructure/holdem.nolimit.6p.game 10000 31
#--t_response 600000000
#--t_hand 600000000
#--t_per_hand 600000000
STATE:0:ffr225fr775cc/ccc/r1937cf/r10000f:9sTs|6hAs|4cAh|4h6d|5d5c|Kd5h/Qc7dAc/8s/Jd:2712|-1937|0|0|-775|0:MrWhite|Gogo|Budd|Eddie|Bill|Pluribus
STATE:1:fr225ffff:Th7s|2sTs|Qd4h|6c5c|Qc9h|Jd6s:-50|-100|0|150|0|0:Gogo|Budd|Eddie|Bill|Pluribus|MrWhite
STATE:2:fr200fffc/cr425r1050c/r3450f:Jh9s|4c4d|7h6c|AsTd|3dTh|2c6h/Js4sQh/Qd:-50|1100|0|-1050|0|0:Budd|Eddie|Bill|Pluribus|MrWhite|Gogo
STATE:3:fffr250r1100ff:AdJs|7h5c|Jc5s|3d8h|8cKd|Ks7s:350|-100|0|0|0|-250:Eddie|Bill|Pluribus|MrWhite|Gogo|Budd
STATE:4:fffff:Qs3h|Ad7h|2c8c|3sJs|5s3d|Jc8d:-50|50|0|0|0|0:Bill|Pluribus|MrWhite|Gogo|Budd|Eddie
STATE:5:ffr200cfc/ccc/cr633cf/r1833c:JhQd|AsTh|8c3d|Td2c|AdKc|QhAh/QsKd9d/3c/9s:-50|-200|0|0|2083|-1833:Pluribus|MrWhite|Gogo|Budd|Eddie|Bill
STATE:6:ffr225fcc/ccr562ff:4h4d|2d6d|3c8h|Qd9h|TcAc|Jd9c/Ah6hQc:-225|-225|0|0|450|0:MrWhite|Gogo|Budd|Eddie|Bill|Pluribus
STATE:7:fffr225fc/cc/cc/r475c:9hJc|Qc6s|8c4s|9c3s|As6h|Ad5c/7dAcTc/Qh/2h:-50|-475|0|0|0|525:Gogo|Budd|Eddie|Bill|Pluribus|MrWhite
STATE:8:ffr225ffc/cc/cc/r725f:Jh3h|6sQs|2d4h|3sJc|JsAd|8h4s/QdKhKs/5h/8s:-50|275|0|0|-225|0:Budd|Eddie|Bill|Pluribus|MrWhite|Gogo
STATE:9:ffr200ffr900f:6h4d|QdKh|8cQc|Kd5c|3h5h|7d8h:-50|250|0|0|-200|0:Eddie|Bill|Pluribus|MrWhite|Gogo|Budd
STATE:10:fr200ffff:Ah6s|5dQh|8s3h|KhQc|8d7c|9d3d:-50|-100|0|150|0|0:Bill|Pluribus|MrWhite|Gogo|Budd|Eddie
STATE:11:r200ffffc/cr350r912c/r2317c/r10000c:5dAc|7h5s|QdAd|6h5h|8s6s|TdJc/2d3h6d/Tc/Ah:-50|-10000|10050|0|0|0:Pluribus|MrWhite|Gogo|Budd|Eddie|Bill
STATE:12:fffff:8s4h|Kh3d|5hKd|As7h|3c7s|8cQs:-50|50|0|0|0|0:MrWhite|Gogo|Budd|Eddie|Bill|Pluribus
STATE:13:r200fffff:9c2h|4h6c|Qd9d|Qs2c|7d8d|KcJs:-50|-100|150|0|0|0:Gogo|Budd|Eddie|Bill|Pluribus|MrWhite
STATE:14:ffr225r700r2250fff:AhJd|Kd7h|8d2h|3hJs|5s7s|ThQd:1025|-100|0|0|-225|-700:Budd|Eddie|Bill|Pluribus|MrWhite|Gogo
STATE:15:fffff:Jh2d|4c9s|7d5d|Ts7c|Kc3h|6s9d:-50|50|0|0|0|0:Eddie|Bill|Pluribus|MrWhite|Gogo|Budd
STATE:16:ffffr300f:7d9h|3c6s|8s3h|As2c|8c5s|Jh7s:100|-100|0|0|0|0:Bill|Pluribus|MrWhite|Gogo|Budd|Eddie
STATE:17:ffffcc/cc/cc/cc:Ac2d|2h2s|Jh5s|8sKc|5h9d|6c4d/8cTc6s/Qh/3d:-100|100|0|0|0|0:Pluribus|MrWhite|Gogo|Budd|Eddie|Bill
STATE:18:ffr225r825fff:8h7h|Qd6d|2h8c|5c3c|7cTc|AhAc:-50|-100|0|0|-225|375:MrWhite|Gogo|Budd|Eddie|Bill|Pluribus
STATE:19:fffff:6s9c|AsQs|6h3c|9sQd|Qc4h|2hJs:-50|50|0|0|0|0:Gogo|Budd|Eddie|Bill|Pluribus|MrWhite
STATE:20:fffr200fc/cc/cr350r1475c/r2375c:Ks3s|8dTd|5d2h|Th4c|Qd5c|AsKh/9d6s9c/Ad/Kd:-50|2425|0|0|0|-2375:Budd|Eddie|Bill|Pluribus|MrWhite|Gogo
STATE:21:fr225r700fffr2250f:5h7h|8sJc|QsJd|AsKs|6cAc|Jh4c:-50|-100|0|850|-700|0:Eddie|Bill|Pluribus|MrWhite|Gogo|Budd
STATE:22:r225fffff:Qs8s|7hTs|AcKh|5s4c|9cJs|7sQc:-50|-100|150|0|0|0:Bill|Pluribus|MrWhite|Gogo|Budd|Eddie
STATE:23:ffr200fcf/cr575c/r1200f:AcTs|3dQc|5sQs|6h8s|JcJh|Kd7d/9h9d9c/9s:675|-100|0|0|-575|0:Pluribus|MrWhite|Gogo|Budd|Eddie|Bill
STATE:24:ffr225ffr1000r2175c/cr4175r10000c//:9s5h|QhAs|2d9h|3s8c|KsKc|6cAd/QcJh4d/9d/8h:-50|-10000|0|0|10050|0:MrWhite|Gogo|Budd|Eddie|Bill|Pluribus
STATE:25:r200ffffc/cc/cc/r650c:5cAh|Js9h|As2s|4c6h|8c2d|6sQs/7h8hAd/8s/Kh:-50|-650|700|0|0|0:Gogo|Budd|Eddie|Bill|Pluribus|MrWhite
STATE:26:r225ffffc/cr375c/cr975c/cr2975c:3d7d|QdKh|8d9d|Jh5c|As4h|6s4c/Jd6cQh/Ks/Jc:-50|3025|-2975|0|0|0:Budd|Eddie|Bill|Pluribus|MrWhite|Gogo
STATE:27:ffr200ffc/cc/r350f:3c6h|2h8h|9d7c|9h4d|Ah5c|6c5d/Ts7sJc/8s:-50|250|0|0|-200|0:Eddie|Bill|Pluribus|MrWhite|Gogo|Budd
STATE:28:ffr225fr950r3473r10000fc///:6s6h|QcQd|8cTh|4c8h|KcKd|Jd5h/6d3d3s/9h/Ac:-950|-10000|0|0|10950|0:Bill|Pluribus|MrWhite|Gogo|Budd|Eddie
STATE:29:fr225fffc/cr400c/cr1100f:Th6s|9hKc|2hKh|As3s|6hQc|9d2s/8h4s4d/Js:-50|-400|0|450|0|0:Pluribus|MrWhite|Gogo|Budd|Eddie|Bill
STATE:30:ffffr300r900f:8d6d|QsAd|5dKh|Ts7c|Qc9h|4sTd:-300|300|0|0|0|0:MrWhite|Gogo|Budd|Eddie|Bill|Pluribus
STATE:31:fffr225ff:2d6c|4dKc|Jc8s|Jd2s|Ks4c|Ac5s:-50|-100|0|0|0|150:Gogo|Budd|Eddie|Bill|Pluribus|MrWhite
STATE:32:fffr200fc/cr350c/cr875c/cr2275c:8c6d|Ah6s|2cJs|8h4d|TcJd|8d9d/9hAdQs/9s/Ac:-50|2325|0|0|0|-2275:Budd|Eddie|Bill|Pluribus|MrWhite|Gogo
STATE:33:fr225cr950fffc/cr2050r3350f:3c6d|8cTc|7h3h|3s4s|QdJd|KdKh/5c8d2c:-50|-100|0|-225|2425|-2050:Eddie|Bill|Pluribus|MrWhite|Gogo|Budd
STATE:34:fffr222r950ff:JhKc|4s2c|Td8s|5c6s|5d2s|Jc9d:322|-100|0|0|0|-222:Bill|Pluribus|MrWhite|Gogo|Budd|Eddie
STATE:35:fr225fffc/cr400c/cc/cc:Qs2c|9cTh|Td6c|4s4d|8d7s|5dJc/9s6d3c/8c/Js:-50|450|0|-400|0|0:Pluribus|MrWhite|Gogo|Budd|Eddie|Bill
STATE:36:ffffr300c/r750c/cr1750c/r10000f:5d5h|Jc8h|Ah2c|Jh3d|8cQs|7h9s/Td5s9h/9d/Th:1750|-1750|0|0|0|0:MrWhite|Gogo|Budd|Eddie|Bill|Pluribus
STATE:37:fffr225ff:8h5d|2cTs|2hQd|Tc9s|Jh5c|As8s:-50|-100|0|0|0|150:Gogo|Budd|Eddie|Bill|Pluribus|MrWhite
STATE:38:ffr225ffc/cr475f:7d8c|8dKh|JhTs|3sAc|Th9h|6d7s/3hAs2c:-50|-225|0|0|275|0:Budd|Eddie|Bill|Pluribus|MrWhite|Gogo
STATE:39:ffr200ffc/cr350c/cc/cc:Ah6c|8cKs|2h6d|5d8h|JdJh|8dAs/3cAc5c/5s/Qd:-50|-350|0|0|400|0:Eddie|Bill|Pluribus|MrWhite|Gogo|Budd
STATE:40:r225fffff:5s5h|6sJh|6dAd|KsJd|8hQd|5c2d:-50|-100|150|0|0|0:Bill|Pluribus|MrWhite|Gogo|Budd|Eddie
STATE:41:r200ffcff/r375r725f:Ks3d|9h4s|KcJh|8dKd|Qd5s|9c9d/7dAh9s:-50|-100|-375|0|0|525:Pluribus|MrWhite|Gogo|Budd|Eddie|Bill
STATE:42:fffr225fc/cr475f:5s7d|Qh6h|3sJs|3d9d|9c7h|9sTd/5cTs4s:-50|-225|0|0|0|275:MrWhite|Gogo|Budd|Eddie|Bill|Pluribus
STATE:43:fffr225ff:Jd5d|4dJs|Jc8h|6c5h|2c7c|3c3d:-50|-100|0|0|0|150:Gogo|Budd|Eddie|Bill|Pluribus|MrWhite
STATE:44:ffr225fff:2s7h|5s9c|8s3d|4h2d|KhJs|Ah7s:-50|-100|0|0|150|0:Budd|Eddie|Bill|Pluribus|MrWhite|Gogo
STATE:45:r200ffffc/cr650c/cc/r2675c:9d4c|3hAh|6cKc|4h2h|Qc8c|KsTc/QdKh6h/Js/8s:-50|-2675|2725|0|0|0:Eddie|Bill|Pluribus|MrWhite|Gogo|Budd
STATE:46:fffr222fc/cr469c/cc/cc:7h3c|Qc9c|5sJd|Js7d|4sTc|QdQs/9h8dTd/Ac/2s:-50|-469|0|0|0|519:Bill|Pluribus|MrWhite|Gogo|Budd|Eddie
STATE:47:r200r700fffff:5h2h|As8c|QhKd|AdAh|Jh3h|9s5s:-50|-100|-200|350|0|0:Pluribus|MrWhite|Gogo|Budd|Eddie|Bill
STATE:48:fffr225fc/cc/cr475r1325c/r4725f:3s2d|7sKd|Js6c|Kc9h|9s2c|QsAs/5s7c8d/Ad/Ts:-50|1375|0|0|0|-1325:MrWhite|Gogo|Budd|Eddie|Bill|Pluribus
STATE:49:fffff:3cQs|6d8h|7s4d|5sJs|5cTc|Kh4c:-50|50|0|0|0|0:Gogo|Budd|Eddie|Bill|Pluribus|MrWhite
STATE:50:fffff:2hKd|9s5h|8c6d|7c3c|3d7s|6c2d:-50|50|0|0|0|0:Budd|Eddie|Bill|Pluribus|MrWhite|Gogo
STATE:51:fr225fffc/cc/cr600f:2d9c|7cAh|5c6h|JsKs|4d2h|Qs6s/7dThKc/8s:-50|-225|0|275|0|0:Eddie|Bill|Pluribus|MrWhite|Gogo|Budd
STATE:52:r225cffff/cc/cr525c/cr1425c:2h6h|Qh6s|AhQd|AdQc|9dTh|7h5c/3c8h2s/Ac/3s:-50|-100|75|75|0|0:Bill|Pluribus|MrWhite|Gogo|Budd|Eddie
STATE:53:ffffcc/cr250f:QcJs|5c3h|8hTc|4c8s|5hTs|3c7c/2d4d7h:-100|100|0|0|0|0:Pluribus|MrWhite|Gogo|Budd|Eddie|Bill
STATE:54:ffr225cff/r675f:6d5s|Qc4s|5cQs|9dKc|TcJs|3c3d/KhAs6h:-50|-100|0|0|375|-225:MrWhite|Gogo|Budd|Eddie|Bill|Pluribus
STATE:55:fffr225r900ff:Qc8c|9hQs|9s4s|7dTh|Qd4h|Ks3s:325|-100|0|0|0|-225:Gogo|Budd|Eddie|Bill|Pluribus|MrWhite
STATE:56:r225cffff/r675r1425c/cr2175r4425f:2s3h|7h9s|TsQs|7d6d|6c4h|7sQh/7c8sJh/9h:-50|-100|2325|-2175|0|0:Budd|Eddie|Bill|Pluribus|MrWhite|Gogo
STATE:57:ffffr300f:Qh4h|6dJs|3dQc|5hTd|5dKs|6h4d:100|-100|0|0|0|0:Eddie|Bill|Pluribus|MrWhite|Gogo|Budd
STATE:58:fr200fffc/cr350f:4h8s|Jh8h|5h9s|7dKd|2dQc|QsJc/QdKs6s:-50|-200|0|250|0|0:Bill|Pluribus|MrWhite|Gogo|Budd|Eddie
STATE:59:ffr200cfc/cr363ff:Ac4h|9cKh|2h5s|2c5h|JhQc|Qh9h/Ad8c7c:-50|-200|0|0|450|-200:Pluribus|MrWhite|Gogo|Budd|Eddie|Bill
STATE:60:fffr225fc/cc/cr350f:4s5d|8cAd|8dAh|6cKh|2h6h|7sAs/Kc9h3c/Ts:-50|-225|0|0|0|275:MrWhite|Gogo|Budd|Eddie|Bill|Pluribus
STATE:61:ffffr300c/cc/r700c/cc:5c4c|7dQs|6dTh|Tc4d|9cKh|3h9s/JcQhTd/Js/Ts:-700|700|0|0|0|0:Gogo|Budd|Eddie|Bill|Pluribus|MrWhite
STATE:62:fr200ffff:5c4c|2d6h|6d3c|KcAd|Jc8h|6c2s:-50|-100|0|150|0|0:Budd|Eddie|Bill|Pluribus|MrWhite|Gogo
STATE:63:fffff:2hQs|7sJs|Kd8s|8h4h|4c2s|3s6h:-50|50|0|0|0|0:Eddie|Bill|Pluribus|MrWhite|Gogo|Budd
STATE:64:r225cffff/r675c/r1950f:4d8d|Qs8h|2s2h|ThJh|4s3h|3d5h/Ad2cJc/2d:-50|-100|825|-675|0|0:Bill|Pluribus|MrWhite|Gogo|Budd|Eddie
STATE:65:r200fffff:2c4h|8h3s|QdQs|6hAd|9s7c|8sJs:-50|-100|150|0|0|0:Pluribus|MrWhite|Gogo|Budd|Eddie|Bill
STATE:66:r225fr700fffr2250f:2h4s|2cQd|AcAd|Kh3c|TsQs|6h6d:-50|-100|850|0|-700|0:MrWhite|Gogo|Budd|Eddie|Bill|Pluribus
STATE:67:ffffr300f:6c5c|4d6s|8d9h|As3c|8sJh|Qh6d:100|-100|0|0|0|0:Gogo|Budd|Eddie|Bill|Pluribus|MrWhite
STATE:68:r225ffcr1350fr2475fr10000c///:AsAh|2s6d|KhKc|7cTh|7dQs|TcAc/Qd5d6s/7h/8s:10325|-100|-10000|0|0|-225:Budd|Eddie|Bill|Pluribus|MrWhite|Gogo
STATE:69:fffr250cf/cc/r730f:Kh6h|2c5s|3sQs|3d9c|5d8c|Th8h/Kc6sJs/2s:350|-100|0|0|0|-250:Eddie|Bill|Pluribus|MrWhite|Gogo|Budd
STATE:70:r225fffff:Kd9s|9d4c|JhAd|Ts8h|6d3s|8dJc:-50|-100|150|0|0|0:Bill|Pluribus|MrWhite|Gogo|Budd|Eddie
STATE:71:fffff:4cTh|4s9s|Js6c|3c5c|7cKd|8s4d:-50|50|0|0|0|0:Pluribus|MrWhite|Gogo|Budd|Eddie|Bill
STATE:72:fffr200fc/cr425r900c/cc/cc:8cTd|Qs3s|Kd5c|8h6s|4cQd|AsTs/QcTc2h/9h/4h:-50|950|0|0|0|-900:MrWhite|Gogo|Budd|Eddie|Bill|Pluribus
