# name/game/hands/seed sample_game_98 ../lib/python-client/acpc_infrastructure/holdem.nolimit.6p.game 10000 98
#--t_response 600000000
#--t_hand 600000000
#--t_per_hand 600000000
STATE:0:ffr225ffc/cr475r1075c/r3575c/r10000c:4c8d|5s3s|6s8h|4sKc|QdJd|7h3c/4d8sAd/Qc/2d:-50|-10000|0|0|10050|0:MrPink|Eddie|MrOrange|Bill|MrBlue|Pluribus
STATE:1:r225r725fffff:Jd5h|3c6s|7h8h|4s4h|Ah2c|TsJc:-50|-100|-225|375|0|0:Eddie|MrOrange|Bill|MrBlue|Pluribus|MrPink
STATE:2:ffffr250r850f:ThKs|AhQc|4cJs|Kc5h|8c9s|9c2d:-250|250|0|0|0|0:MrOrange|Bill|MrBlue|Pluribus|MrPink|Eddie
STATE:3:ffr200ffc/cc/cr560f:Qd5s|7dQs|2hAd|5h2d|6c7c|Ac9h/9cJs8h/Kh:-50|-200|0|0|250|0:Bill|MrBlue|Pluribus|MrPink|Eddie|MrOrange
STATE:4:fffff:Jh2d|8sKh|3s6c|3cJc|4d5c|5s8h:-50|50|0|0|0|0:MrBlue|Pluribus|MrPink|Eddie|MrOrange|Bill
STATE:5:ffffr250c/r500c/cr1000f:7d8d|Jd7s|8h9s|Ks8s|2cJs|2dTc/Jh9c3c/Jc:-500|500|0|0|0|0:Pluribus|MrPink|Eddie|MrOrange|Bill|MrBlue
STATE:6:r200fffcf/r325c/cr880f:Ac7c|4s3d|KhKd|5dAs|8sKs|4d2h/6d9cTs/Jh:-325|-100|425|0|0|0:MrPink|Eddie|MrOrange|Bill|MrBlue|Pluribus
STATE:7:ffffr235c/cc/r353f:9dAd|9cTh|5hJs|8c3c|4dTc|9s7h/Ac4s7d/Ah:235|-235|0|0|0|0:Eddie|MrOrange|Bill|MrBlue|Pluribus|MrPink
STATE:8:r225fffff:As9d|2s5d|5h5c|Kc3s|6cTd|9sQc:-50|-100|150|0|0|0:MrOrange|Bill|MrBlue|Pluribus|MrPink|Eddie
STATE:9:r225fffff:2s3d|Js7c|QhKc|AsJd|3h5s|7h2c:-50|-100|150|0|0|0:Bill|MrBlue|Pluribus|MrPink|Eddie|MrOrange
STATE:10:fffr250ff:2h7h|Ts2d|Js5h|Qd4h|Tc5d|Ks2s:-50|-100|0|0|0|150:MrBlue|Pluribus|MrPink|Eddie|MrOrange|Bill
STATE:11:fffff:5s2c|3s4h|Jd2s|6c8c|Th8d|5h6d:-50|50|0|0|0|0:Pluribus|MrPink|Eddie|MrOrange|Bill|MrBlue
STATE:12:fffff:6d4c|4hQc|9sAh|4d3s|2s3h|5dKh:-50|50|0|0|0|0:MrPink|Eddie|MrOrange|Bill|MrBlue|Pluribus
STATE:13:ffffr235r800c/cc/cr2050f:3cAc|9c6s|Qs8d|9hAd|Kc2h|7d3d/Qd5sJh/Ts:-800|800|0|0|0|0:Eddie|MrOrange|Bill|MrBlue|Pluribus|MrPink
STATE:14:ffffr250c/cr500c/cc/cc:7hAh|5d5h|5sAd|8h2s|2d6c|3d8d/Qs6h4h/Qd/6s:500|-500|0|0|0|0:MrOrange|Bill|MrBlue|Pluribus|MrPink|Eddie
STATE:15:r200fffr850fc/cc/cr2650f:8s8h|9s8d|4c4s|Th2d|9c7s|2c7h/4dTdQh/5c:-850|-100|950|0|0|0:Bill|MrBlue|Pluribus|MrPink|Eddie|MrOrange
STATE:16:fffr250ff:5hJd|3dKh|7d9s|6c4s|9d4d|TcQc:-50|-100|0|0|0|150:MrBlue|Pluribus|MrPink|Eddie|MrOrange|Bill
STATE:17:fffr225cc/ccr525cf/cc/r1800f:Ac3c|9hKd|7hTh|5s3h|9s2h|6d6c/4dAhJh/Td/Jc:750|-225|0|0|0|-525:Pluribus|MrPink|Eddie|MrOrange|Bill|MrBlue
STATE:18:fr225fffc/cc/cr475f:7sTs|2dTd|8c6s|9dJd|9s5c|QdTc/8h3sJc/4h:-50|-225|0|275|0|0:MrPink|Eddie|MrOrange|Bill|MrBlue|Pluribus
STATE:19:r225ffcff/r525r1125c/cc/r1925c:3sAh|3d5c|8c7c|Jd4d|2sQc|QdAc/4sJc6h/5h/As:-50|-100|2075|0|0|-1925:Eddie|MrOrange|Bill|MrBlue|Pluribus|MrPink
STATE:20:fffff:4cTc|3hQh|7dJd|2s9h|3c9s|3dKc:-50|50|0|0|0|0:MrOrange|Bill|MrBlue|Pluribus|MrPink|Eddie
STATE:21:fffr244fr1100c/r2450c/cc/cc:5h9c|KsAc|7hTs|Qd2c|6d9d|QhAs/4c8s2d/9s/3s:-50|2500|0|0|0|-2450:Bill|MrBlue|Pluribus|MrPink|Eddie|MrOrange
STATE:22:r210ffffc/cr680f:Kd3d|Jd9h|5h6h|8c7h|6d2s|2c9c/4d8sQd:-50|-210|260|0|0|0:MrBlue|Pluribus|MrPink|Eddie|MrOrange|Bill
STATE:23:fr210fr715ffc/cc/cr1845c/cc:4h8s|7cTs|3c7h|JhQh|7d6c|3dAd/Kc8hAs/Kh/6s:-50|-100|0|-1845|0|1995:Pluribus|MrPink|Eddie|MrOrange|Bill|MrBlue
STATE:24:fffr250ff:Jh4s|6s9d|Qh3s|3cTd|7h8c|6d6c:-50|-100|0|0|0|150:MrPink|Eddie|MrOrange|Bill|MrBlue|Pluribus
STATE:25:fr225ffff:3d7s|Qc7h|5c4h|9c9d|Js6c|6dKs:-50|-100|0|150|0|0:Eddie|MrOrange|Bill|MrBlue|Pluribus|MrPink
STATE:26:r225fffcf/cr500c/cr2400f:JdJh|8s7d|7s5s|4h3d|3hJc|Ts6s/Kd5hQc/2d:-500|-100|600|0|0|0:MrOrange|Bill|MrBlue|Pluribus|MrPink|Eddie
STATE:27:ffr200ffc/cc/cc/r537f:Ks9h|QcKc|5d6c|7h2c|9c8c|4dJd/AsKd9s/Td/Jc:-50|250|0|0|-200|0:Bill|MrBlue|Pluribus|MrPink|Eddie|MrOrange
STATE:28:ffffcc/cr200c/cc/cc:4d4h|As6d|6c3s|3d5d|Ts4c|3c6h/7c5sQh/9c/7h:200|-200|0|0|0|0:MrBlue|Pluribus|MrPink|Eddie|MrOrange|Bill
STATE:29:r200ffcfc/ccr505ff:Ad8s|8dTs|TcTd|Qd6c|9s2s|7c5c/Ks7h3d:-50|-200|-200|0|0|450:Pluribus|MrPink|Eddie|MrOrange|Bill|MrBlue
STATE:30:r200ffffc/cr350f:KsJh|5d3d|AsAh|Ac3c|4d8d|QhTs/7sKh9d:-50|-200|250|0|0|0:MrPink|Eddie|MrOrange|Bill|MrBlue|Pluribus
STATE:31:fffr250ff:9c8d|Jd4h|Th7h|6dAh|5d2h|KcQh:-50|-100|0|0|0|150:Eddie|MrOrange|Bill|MrBlue|Pluribus|MrPink
STATE:32:r225ffffc/cc/cc/cc:5dTd|8h8d|KdJd|4sJs|6d2h|4hAd/5c6sAs/Qh/8c:-50|275|-225|0|0|0:MrOrange|Bill|MrBlue|Pluribus|MrPink|Eddie
STATE:33:ffffcc/cr250f:QcKh|5dTc|3cAh|8s9d|3d9h|6s7h/9c7s8c:-100|100|0|0|0|0:Bill|MrBlue|Pluribus|MrPink|Eddie|MrOrange
STATE:34:fffr250fr1350c/cc/r2037f:8sAd|JcJh|3d6h|5c9d|5hAc|9sTs/5dKd4d/Kc:-50|1400|0|0|0|-1350:MrBlue|Pluribus|MrPink|Eddie|MrOrange|Bill
STATE:35:r200fffr950fc/r1950c/cc/cr10000f:7d6d|KcJh|8s8c|4c9d|6sTh|7c5s/4s4h8d/4d/9s:-1950|-100|2050|0|0|0:Pluribus|MrPink|Eddie|MrOrange|Bill|MrBlue
STATE:36:ffr225r825ffc/cc/cc/r1625c:3d2s|9dTh|2h5h|7h9s|JdTd|6s6c/2c8cQc/Js/5d:-50|-100|0|0|1775|-1625:MrPink|Eddie|MrOrange|Bill|MrBlue|Pluribus
STATE:37:fffr250ff:Qc9h|5c2d|2s4h|Ac4d|7s2h|JdTh:-50|-100|0|0|0|150:Eddie|MrOrange|Bill|MrBlue|Pluribus|MrPink
STATE:38:fr200ffff:2h8s|5d4c|2s9h|9c9d|8h6d|KsTc:-50|-100|0|150|0|0:MrOrange|Bill|MrBlue|Pluribus|MrPink|Eddie
STATE:39:fffff:2h4c|3s4d|Ts6s|7sTd|Kc2s|4h9d:-50|50|0|0|0|0:Bill|MrBlue|Pluribus|MrPink|Eddie|MrOrange
STATE:40:ffr210ffc/cr435c/cc/r895c:As8c|QcJh|4hAc|7h5c|AhQd|4c2h/6sQhTc/Td/9c:-50|-895|0|0|945|0:MrBlue|Pluribus|MrPink|Eddie|MrOrange|Bill
STATE:41:fffr225fc/cc/cr600f:3s6h|3hAc|8s5h|6s8c|2s6c|JsKc/2cKd8d/Jc:-50|-225|0|0|0|275:Pluribus|MrPink|Eddie|MrOrange|Bill|MrBlue
STATE:42:ffr225ffc/cr425c/cc/cr875f:7hQc|7d8h|2s3d|Kc9s|JcJh|5dKs/Ac8s9d/5s/Ad:-50|-425|0|0|475|0:MrPink|Eddie|MrOrange|Bill|MrBlue|Pluribus
STATE:43:fffr250ff:8d7h|3d7c|Kd7s|Js2c|5hQc|Ad5d:-50|-100|0|0|0|150:Eddie|MrOrange|Bill|MrBlue|Pluribus|MrPink
STATE:44:r225ffffc/cc/cc/r575f:2sAs|Kc4c|5h7h|8c6d|Qc2h|5c6s/Jh7sQd/8s/3s:-50|275|-225|0|0|0:MrOrange|Bill|MrBlue|Pluribus|MrPink|Eddie
STATE:45:fr210fr700r1925fff:JdTd|TsJc|6hKs|5d6d|6cQh|AdJs:1010|-100|0|-210|0|-700:Bill|MrBlue|Pluribus|MrPink|Eddie|MrOrange
STATE:46:fr200cfff/cc/cc/cr522f:6c7d|4dJs|7sJh|7c9c|QdTd|3sKh/6dQsKc/7h/3d:-50|-100|0|-200|350|0:MrBlue|Pluribus|MrPink|Eddie|MrOrange|Bill
STATE:47:ffr225ffc/cr575f:Td9c|Qc8c|Jd4s|9dAc|5d5c|8dTs/5h3d4d:-50|-225|0|0|275|0:Pluribus|MrPink|Eddie|MrOrange|Bill|MrBlue
STATE:48:fr225fcfr1250fc/r2650r10000f:JdTs|QdTd|5s4d|KhQs|Qc9s|KcJc/8c8h7c:-50|-2650|0|-225|0|2925:MrPink|Eddie|MrOrange|Bill|MrBlue|Pluribus
STATE:49:r225fffff:5cJc|2d7h|Td9d|9s6h|9hAs|3s8s:-50|-100|150|0|0|0:Eddie|MrOrange|Bill|MrBlue|Pluribus|MrPink
STATE:50:fffff:5h8c|6sAs|3c6c|Qh9s|5s2s|2h5d:-50|50|0|0|0|0:MrOrange|Bill|MrBlue|Pluribus|MrPink|Eddie
STATE:51:ffffcc/cc/r200c/r500c:8sQs|JdAs|7d9d|5h4d|2d9c|3s2h/Jc3cQc/4h/Th:500|-500|0|0|0|0:Bill|MrBlue|Pluribus|MrPink|Eddie|MrOrange
STATE:52:r210fffff:Qc3d|5hJd|JhKh|4d5c|Jc6c|2c4c:-50|-100|150|0|0|0:MrBlue|Pluribus|MrPink|Eddie|MrOrange|Bill
STATE:53:fffr225fc/cc/cc/cc:3hAs|9d8h|2d6c|4hKd|2sTs|JhTc/AdKs6h/Jd/9s:-50|-225|0|0|0|275:Pluribus|MrPink|Eddie|MrOrange|Bill|MrBlue
STATE:54:fr225fffc/cr475r925r2125r3875f:5s4c|Jh4h|5d7c|AdTh|9hJc|4s9d/Jd4d7s:-50|2175|0|-2125|0|0:MrPink|Eddie|MrOrange|Bill|MrBlue|Pluribus
STATE:55:fffr250fr1150f:4d9h|KcAc|8sQs|3h8c|5d7s|8d9s:-50|300|0|0|0|-250:Eddie|MrOrange|Bill|MrBlue|Pluribus|MrPink
STATE:56:ffr210fr1050fc/cc/cc/cc:JhAd|8d7h|6cKc|2h7s|9d9c|7c3d/5h4hAh/6d/7d:1150|-100|0|0|-1050|0:MrOrange|Bill|MrBlue|Pluribus|MrPink|Eddie
STATE:57:ffffcr350f:9h3h|QdAh|9d2c|Tc5s|4dKs|9s8c:-100|100|0|0|0|0:Bill|MrBlue|Pluribus|MrPink|Eddie|MrOrange
STATE:58:r210ffffc/cc/cr445f:6c4h|7d5h|As6s|2s3h|Jh2c|Jd6d/9sJs9c/9h:-50|-210|260|0|0|0:MrBlue|Pluribus|MrPink|Eddie|MrOrange|Bill
STATE:59:r200fr625fffc/cc/cc/cc:5hKc|Td5d|6s6c|7dQs|7h7s|9cKs/Jd4sQh/3c/Ah:-50|-100|-625|0|775|0:Pluribus|MrPink|Eddie|MrOrange|Bill|MrBlue
STATE:60:fffff:Qc3s|9d6s|4c6h|Kc3h|3d9h|7s2d:-50|50|0|0|0|0:MrPink|Eddie|MrOrange|Bill|MrBlue|Pluribus
STATE:61:r225ffffc/cr350r925c/cc/cr1575f:Ac3s|KcQd|4c4d|Kh9c|5h7d|3dJc/AdJd8d/Jh/Ah:-50|-925|975|0|0|0:Eddie|MrOrange|Bill|MrBlue|Pluribus|MrPink
STATE:62:ffr210ffc/cr360r685c/r2435c/r10000f:Kd9s|5c8c|5s4c|2h2d|8sJs|7hQd/4s7cQs/Tc/Jc:-50|2485|0|0|-2435|0:MrOrange|Bill|MrBlue|Pluribus|MrPink|Eddie
STATE:63:r200fcffc/ccc/r700cf/cr1937f:8hTd|9h4h|QsJc|Ah8c|5d6d|JsKh/8dTh2h/2c/8s:-50|-700|950|0|-200|0:Bill|MrBlue|Pluribus|MrPink|Eddie|MrOrange
STATE:64:fr200fr725ffc/cr1525f:KcJs|8cAd|Qh4c|4h4d|JhTc|TdKd/QcAh6d:-50|-100|0|-725|0|875:MrBlue|Pluribus|MrPink|Eddie|MrOrange|Bill
STATE:65:fr215fr720fff:5d7s|7h4h|9hKc|3dAd|6hKs|QcQd:-50|-100|0|-215|0|365:Pluribus|MrPink|Eddie|MrOrange|Bill|MrBlue
STATE:66:fffff:4hQd|Ad6s|4d5h|4s2s|Js3d|3sQh:-50|50|0|0|0|0:MrPink|Eddie|MrOrange|Bill|MrBlue|Pluribus
STATE:67:ffr200fr1100r2400fc/cr3720c/cc/r10000f:5d6d|JsJh|8dQd|5cAh|Ad7d|9s2s/Tc2d4s/Td/Ac:3920|-3720|0|0|-200|0:Eddie|MrOrange|Bill|MrBlue|Pluribus|MrPink
STATE:68:fffff:Qc6h|Jh7h|3hQh|4c6d|Kd5c|4h6c:-50|50|0|0|0|0:MrOrange|Bill|MrBlue|Pluribus|MrPink|Eddie
STATE:69:fffr234fc/cc/r434f:5hAs|JdKh|9h6d|Jh2h|8c3h|7s7d/4dTsKc/3s:-50|284|0|0|0|-234:Bill|MrBlue|Pluribus|MrPink|Eddie|MrOrange
STATE:70:fffff:4cJs|Qs8s|5hKd|3s6c|3dAh|2h5s:-50|50|0|0|0|0:MrBlue|Pluribus|MrPink|Eddie|MrOrange|Bill
STATE:71:fffr225fr1150f:2d4c|KsKc|Th3c|9d6c|Jc6d|5hKh:-50|275|0|0|0|-225:Pluribus|MrPink|Eddie|MrOrange|Bill|MrBlue
STATE:72:ffffr300f:5h5c|Qh2d|9s6s|KdTh|7c4d|8s2s:100|-100|0|0|0|0:MrPink|Eddie|MrOrange|Bill|MrBlue|Pluribus
STATE:73:fffff:3dQc|Kd9s|Kh6c|9d6d|5dQs|8s3s:-50|50|0|0|0|0:Eddie|MrOrange|Bill|MrBlue|Pluribus|MrPink
STATE:74:fffr222ff:7dAc|8c4d|Jc3d|4cTd|2h9d|Ah7h:-50|-100|0|0|0|150:MrOrange|Bill|MrBlue|Pluribus|MrPink|Eddie
STATE:75:ffr200cff/cc/cr475f:Ts3s|8dKc|Td3h|7c5d|9sAh|7d7h/Jc6d5s/Js:-50|-100|0|0|-200|350:Bill|MrBlue|Pluribus|MrPink|Eddie|MrOrange
STATE:76:ffffcc/cc/cr200f:JsAc|8d7h|2sTs|ThKs|Kc6c|6h5d/Kh9c6s/4c:-100|100|0|0|0|0:MrBlue|Pluribus|MrPink|Eddie|MrOrange|Bill
STATE:77:fffr225fc/cc/r575c/r875c:3h2s|4cTc|Jd8s|8cJc|4d6h|QdAc/7d6s5c/Qs/5d:-50|-875|0|0|0|925:Pluribus|MrPink|Eddie|MrOrange|Bill|MrBlue
STATE:78:fffr200fc/cr425c/cc/cc:8h4c|5d3c|Jh9d|3sQh|Td4h|Ts9h/Jc4s9c/6c/3h:-50|-425|0|0|0|475:MrPink|Eddie|MrOrange|Bill|MrBlue|Pluribus
STATE:79:fffr250ff:Td4s|5dKs|8hAs|Jh7d|3cJd|6h6c:-50|-100|0|0|0|150:Eddie|MrOrange|Bill|MrBlue|Pluribus|MrPink
STATE:80:fr200r650ffff:8cQc|9s7s|3s2d|TcAd|AsJh|4sKc:-50|-100|0|-200|350|0:MrOrange|Bill|MrBlue|Pluribus|MrPink|Eddie
STATE:81:fr210fffc/cc/cc/r400f:8d7s|9c3c|3h6s|8c8s|6d5h|Jd7h/KsTdJh/5c/7d:-50|260|0|-210|0|0:Bill|MrBlue|Pluribus|MrPink|Eddie|MrOrange
STATE:82:fffff:4d8s|4s9d|Ks7c|6s9h|5s6h|8hJc:-50|50|0|0|0|0:MrBlue|Pluribus|MrPink|Eddie|MrOrange|Bill
STATE:83:r200fffff:6c2h|Qh7c|KcJs|AhTd|3hTc|7hJc:-50|-100|150|0|0|0:Pluribus|MrPink|Eddie|MrOrange|Bill|MrBlue
STATE:84:fffr250fc/cr525f:4h2d|4d5h|6c8d|KcTh|8cQs|Ks4s/JhQdJs:-50|-250|0|0|0|300:MrPink|Eddie|MrOrange|Bill|MrBlue|Pluribus
STATE:85:fffr250fr1150c/cc/r1927c/cc:7hTs|QhQd|4sTc|2s9d|7d2h|As7s/KcAh3s/Qs/Jd:-50|1977|0|0|0|-1927:Eddie|MrOrange|Bill|MrBlue|Pluribus|MrPink
STATE:86:fr225ffff:7s9h|9cQd|3s4h|As2s|6d8d|Jh3h:-50|-100|0|150|0|0:MrOrange|Bill|MrBlue|Pluribus|MrPink|Eddie
STATE:87:r350ffffc/cc/r912c/r3452f:4c9c|KcQd|KhAs|Jd4s|7hJc|6cTd/5cQhTs/Ks/8h:-50|962|-912|0|0|0:Bill|MrBlue|Pluribus|MrPink|Eddie|MrOrange
STATE:88:ffr215fff:8d6s|4sQh|3s5h|4c2c|ThKd|3d8s:-50|-100|0|0|150|0:MrBlue|Pluribus|MrPink|Eddie|MrOrange|Bill
STATE:89:fffr225fc/cr425f:Js5d|Qs5h|2dJd|6s7s|Ah2c|8h7h/AdKsKd:-50|-225|0|0|0|275:Pluribus|MrPink|Eddie|MrOrange|Bill|MrBlue
STATE:90:fffr250ff:3c6c|7sJc|2dQs|Td4s|9c3s|8hKs:-50|-100|0|0|0|150:MrPink|Eddie|MrOrange|Bill|MrBlue|Pluribus
STATE:91:ffr200fff:Qh9d|4c6d|2d3h|8h2c|JdTd|6c5d:-50|-100|0|0|150|0:Eddie|MrOrange|Bill|MrBlue|Pluribus|MrPink
STATE:92:fr225ffff:Ad7c|9c2s|3s6s|AcJc|5hQs|Td8c:-50|-100|0|150|0|0:MrOrange|Bill|MrBlue|Pluribus|MrPink|Eddie
STATE:93:r225ffffc/cc/cr475f:3dAd|Qs2s|6h7h|8h6c|9cTd|6d3c/Jh5hKc/4h:-50|-225|275|0|0|0:Bill|MrBlue|Pluribus|MrPink|Eddie|MrOrange
STATE:94:fffr250cf/cr400c/cc/r1650f:AsJh|Tc3c|ThJd|Kd5c|3d7h|4hKh/Ks2s7s/8s/7c:500|-100|0|0|0|-400:MrBlue|Pluribus|MrPink|Eddie|MrOrange|Bill
STATE:95:ffr225fff:Jd9h|9s6h|7d5c|JhQs|JcAc|Tc3c:-50|-100|0|0|150|0:Pluribus|MrPink|Eddie|MrOrange|Bill|MrBlue
STATE:96:fffff:4h6c|JhQd|4c9c|2d3h|2s8c|5dKc:-50|50|0|0|0|0:MrPink|Eddie|MrOrange|Bill|MrBlue|Pluribus
STATE:97:ffr200cfc/ccc/ccr380fc/cc:8dKs|7h7s|2s8s|Th2h|JhQh|6c6s/Tc9cJc/6d/Qc:-50|-200|0|0|-380|630:Eddie|MrOrange|Bill|MrBlue|Pluribus|MrPink
STATE:98:fffr222ff:2sQd|Qc6h|Jh3h|Jc5s|4c8h|Kh9d:-50|-100|0|0|0|150:MrOrange|Bill|MrBlue|Pluribus|MrPink|Eddie
STATE:99:fffr234r1000ff:7c9c|7hQc|5d7s|4hTh|3h2d|8c6c:334|-100|0|0|0|-234:Bill|MrBlue|Pluribus|MrPink|Eddie|MrOrange
STATE:100:r210ffffc/cr325c/cc/r675f:Th5d|9c8c|QdKh|Js8d|6hJc|KsTd/3c4cAc/7d/5c:-50|375|-325|0|0|0:MrBlue|Pluribus|MrPink|Eddie|MrOrange|Bill
STATE:101:ffr225ffc/cr375r775c/cr1975f:2hQs|9c7d|6h5s|5d2c|AhQh|7c6d/JsJd9d/Ts:-50|-775|0|0|825|0:Pluribus|MrPink|Eddie|MrOrange|Bill|MrBlue
STATE:102:fffr200fc/cr1100f:3sAc|6d8s|2h6h|8h7s|9h4h|4s5s/ThJdKc:-50|-200|0|0|0|250:MrPink|Eddie|MrOrange|Bill|MrBlue|Pluribus
STATE:103:ffr225fff:4c9d|Qc3s|7d3h|5sAc|KhAd|6s2s:-50|-100|0|0|150|0:Eddie|MrOrange|Bill|MrBlue|Pluribus|MrPink
STATE:104:fr225fffc/cr475c/cc/cc:5hKc|4d8d|Qc8c|QdTc|7sAs|7c9h/Qs8h6s/Jd/Kd:-50|-475|0|525|0|0:MrOrange|Bill|MrBlue|Pluribus|MrPink|Eddie
STATE:105:ffffcr350c/cc/cr875f:Ah5c|AsTc|6s8d|Ac7d|4h9d|Jd5s/TdKd6c/2s:-350|350|0|0|0|0:Bill|MrBlue|Pluribus|MrPink|Eddie|MrOrange
STATE:106:fffr250cf/cc/r500c/r1325f:Qh8h|3h5s|5dAc|5h3c|2c9d|TcJs/2hAh8c/Qd/4d:600|-100|0|0|0|-500:MrBlue|Pluribus|MrPink|Eddie|MrOrange|Bill
STATE:107:ffffcr300c/cr600c/cr2200c/cc:KdJh|8s6s|3cKh|9hJc|8c4d|Kc2h/Jd7s5d/2s/Qd:2200|-2200|0|0|0|0:Pluribus|MrPink|Eddie|MrOrange|Bill|MrBlue
STATE:108:fr225ffff:4s8h|6c2h|6s2c|AcJc|JhTc|Qh9d:-50|-100|0|150|0|0:MrPink|Eddie|MrOrange|Bill|MrBlue|Pluribus
STATE:109:fr225ffff:As3c|6c9d|5dJd|6s5s|3d2c|6h4d:-50|-100|0|150|0|0:Eddie|MrOrange|Bill|MrBlue|Pluribus|MrPink
STATE:110:fr200ffff:3cQs|2hAd|7dQh|9d9c|6sJc|7h5s:-50|-100|0|150|0|0:MrOrange|Bill|MrBlue|Pluribus|MrPink|Eddie
STATE:111:fr210ffr850fc/r1450f:AdAc|7sQh|5c4d|TsQs|9d6d|9c2c/3c6hKd:950|-100|0|-850|0|0:Bill|MrBlue|Pluribus|MrPink|Eddie|MrOrange
STATE:112:fffff:5dQc|Kd8d|2sQs|9dTh|8s6c|Js8h:-50|50|0|0|0|0:MrBlue|Pluribus|MrPink|Eddie|MrOrange|Bill
STATE:113:fffr225fc/cr600c/cc/cc:5hKc|9c8s|2hAs|3h7h|5cJh|AdTc/Qh8cJc/Qc/5d:-50|650|0|0|0|-600:Pluribus|MrPink|Eddie|MrOrange|Bill|MrBlue
STATE:114:ffffr300c/r400c/cc/cc:JcQc|7h7c|4d5h|2c4h|8d3h|9h4s/KsAcAs/2d/6d:-400|400|0|0|0|0:MrPink|Eddie|MrOrange|Bill|MrBlue|Pluribus
STATE:115:ffffcc/r200c/r500f:KcAd|2c9c|4hJh|5c7d|4sQc|Jd5s/Ks9hJs/6d:200|-200|0|0|0|0:Eddie|MrOrange|Bill|MrBlue|Pluribus|MrPink
STATE:116:r225ffffc/cr425c/cr1100c/cr2802f:Kc6d|TcAs|QhAc|Ts3d|9d7c|5s9h/QdQc4s/5c/Jh:-50|-1100|1150|0|0|0:MrOrange|Bill|MrBlue|Pluribus|MrPink|Eddie
STATE:117:fffr234ff:Ks7c|5hTs|6hQd|4h2h|Qc2s|ThTd:-50|-100|0|0|0|150:Bill|MrBlue|Pluribus|MrPink|Eddie|MrOrange
STATE:118:fr200fffc/cr335c/cc/cr1055f:5dAc|6s8c|Js9d|ThTs|Ad7s|5h2c/6h5c5s/Ks/2s:-50|-335|0|385|0|0:MrBlue|Pluribus|MrPink|Eddie|MrOrange|Bill
STATE:119:fffr225ff:ThQd|9s2s|Jc6c|9d2d|8h5d|7c8s:-50|-100|0|0|0|150:Pluribus|MrPink|Eddie|MrOrange|Bill|MrBlue
STATE:120:fffr287fc/cc/r1187c/cc:8hQd|As5d|4d2h|ThKd|Qh2d|AhAd/9h7c4c/6d/5c:-50|-1187|0|0|0|1237:MrPink|Eddie|MrOrange|Bill|MrBlue|Pluribus
STATE:121:r225fffr1100ff:AdAs|TdJd|JsAc|3h4c|2cTs|8d9s:325|-100|-225|0|0|0:Eddie|MrOrange|Bill|MrBlue|Pluribus|MrPink
STATE:122:ffffr250c/cc/cc/cc:9hKd|Ks5h|3h2s|Ts2d|Jh6h|Kc3s/8h6cQc/Ac/Qs:250|-250|0|0|0|0:MrOrange|Bill|MrBlue|Pluribus|MrPink|Eddie
STATE:123:ffr200fr850ff:QdQh|3d4d|Ad3c|2h4s|JhKs|Jc7d:300|-100|0|0|-200|0:Bill|MrBlue|Pluribus|MrPink|Eddie|MrOrange
STATE:124:r210cffff/cr380f:9sTh|6d9h|7cKc|8c8d|6hAc|7sJd/5dJh5s:-50|-100|-210|360|0|0:MrBlue|Pluribus|MrPink|Eddie|MrOrange|Bill
STATE:125:r200fffff:4c5d|8s4d|JdJs|2s8c|4s3s|7dTh:-50|-100|150|0|0|0:Pluribus|MrPink|Eddie|MrOrange|Bill|MrBlue
STATE:126:ffr225cfc/ccc/ccr587ff:3sQd|Qh8h|Jh6c|Kc4h|AdQs|9d8d/2h7s6s/Td:-50|-225|0|0|-225|500:MrPink|Eddie|MrOrange|Bill|MrBlue|Pluribus
STATE:127:fr225ffff:4dKc|9cQh|Ks5s|QdAd|3dAs|Th7s:-50|-100|0|150|0|0:Eddie|MrOrange|Bill|MrBlue|Pluribus|MrPink
STATE:128:r225ffr750ffr2400r10000f:9c2s|4dKd|5hAh|8d6c|6hAc|AdKh:-50|-100|-2400|0|0|2550:MrOrange|Bill|MrBlue|Pluribus|MrPink|Eddie
STATE:129:fffr234r1000fc/r2250f:KsQd|4hAd|Jh6h|2c7d|3dAs|6s6d/7sTdKd:1100|-100|0|0|0|-1000:Bill|MrBlue|Pluribus|MrPink|Eddie|MrOrange
STATE:130:r210fffff:2s8h|Kd5h|As6s|Tc5d|4sAd|3c9h:-50|-100|150|0|0|0:MrBlue|Pluribus|MrPink|Eddie|MrOrange|Bill
STATE:131:ffffr200c/cc/cc/cc:KhTh|8c4h|2h5s|2cQd|Ts7c|Jd7h/Js4dAd/2d/3c:-200|200|0|0|0|0:Pluribus|MrPink|Eddie|MrOrange|Bill|MrBlue
STATE:132:fffr225fc/cr475c/cr1475f:3c2s|Kc5c|Th3s|Qs6h|2dTc|9sKd/4d5d9h/6s:-50|-475|0|0|0|525:MrPink|Eddie|MrOrange|Bill|MrBlue|Pluribus
STATE:133:fr225ffff:4d8s|8d9s|Jd7d|QsKs|Td3h|9h6d:-50|-100|0|150|0|0:Eddie|MrOrange|Bill|MrBlue|Pluribus|MrPink
STATE:134:fr225ffff:4dAd|5cTd|6sJs|4s4h|3c2h|Ah8d:-50|-100|0|150|0|0:MrOrange|Bill|MrBlue|Pluribus|MrPink|Eddie
STATE:135:ffr200r700ffc/cc/cc/r1150f:8cKd|Qd5c|4s5h|Td8h|KhQs|JcJd/3h9cQc/Ac/6d:-50|-100|0|0|850|-700:Bill|MrBlue|Pluribus|MrPink|Eddie|MrOrange
STATE:136:ffffr300c/r750f:AcKh|3cAd|5cJd|3s9d|2dQd|Kc2s/4hKd7h:300|-300|0|0|0|0:MrBlue|Pluribus|MrPink|Eddie|MrOrange|Bill
STATE:137:ffr225ffr1150f:5sQd|9c9h|Ad2s|Th6s|As7s|2c5c:-50|275|0|0|-225|0:Pluribus|MrPink|Eddie|MrOrange|Bill|MrBlue
STATE:138:fffr225fc/cr725c/cr1475c/cr4475c:9sAc|As8d|Th2h|6h5d|Jc7d|KsJs/7s2d4s/Qs/3d:-50|-4475|0|0|0|4525:MrPink|Eddie|MrOrange|Bill|MrBlue|Pluribus
STATE:139:ffr200ffr1000f:9s8d|QhQs|3sTc|3h8c|QcJh|4dAc:-50|250|0|0|-200|0:Eddie|MrOrange|Bill|MrBlue|Pluribus|MrPink
STATE:140:fffr222ff:2hQs|6sQc|Td4h|5dJh|Kd7h|Ah6h:-50|-100|0|0|0|150:MrOrange|Bill|MrBlue|Pluribus|MrPink|Eddie
STATE:141:ffffcr350f:5c7d|JhAh|9d4s|Ts6s|3s2h|Qh6d:-100|100|0|0|0|0:Bill|MrBlue|Pluribus|MrPink|Eddie|MrOrange
STATE:142:ffr210ffc/cc/r327c/cr902f:7s8h|2h4h|5c3c|Ac2d|As8s|AdTs/8d6s4d/9s/Qs:-50|-327|0|0|377|0:MrBlue|Pluribus|MrPink|Eddie|MrOrange|Bill
STATE:143:r200fffff:7d8c|2sQd|Ah8h|9h5d|Qh4d|4c2d:-50|-100|150|0|0|0:Pluribus|MrPink|Eddie|MrOrange|Bill|MrBlue
STATE:144:fr225ffff:Qd4c|2d5h|4h9h|TcQc|Kc8c|Jd7s:-50|-100|0|150|0|0:MrPink|Eddie|MrOrange|Bill|MrBlue|Pluribus
STATE:145:ffr225r700fr2000fr10000f:Td2c|QsAd|9dJh|6s8d|As8h|KcKd:-50|-2000|0|0|-225|2275:Eddie|MrOrange|Bill|MrBlue|Pluribus|MrPink
STATE:146:fr200ffff:7s4h|3dQs|3sJs|9sKs|2h7h|4c9h:-50|-100|0|150|0|0:MrOrange|Bill|MrBlue|Pluribus|MrPink|Eddie
STATE:147:fffff:4s6d|AcKs|As3h|6s5h|9h7c|Qc3s:-50|50|0|0|0|0:Bill|MrBlue|Pluribus|MrPink|Eddie|MrOrange
STATE:148:fr200ffcf/cr550f:5hKh|2hJd|4s6s|QcKd|9dJs|3c7c/TsJc4h:-200|-100|0|300|0|0:MrBlue|Pluribus|MrPink|Eddie|MrOrange|Bill
STATE:149:fr210fffc/cr365c/cc/cc:9c2s|KdTc|4d6h|Qh9h|8c2d|7dQs/TdAs4c/Qd/4s:-50|-365|0|415|0|0:Pluribus|MrPink|Eddie|MrOrange|Bill|MrBlue
STATE:150:fffff:Qc3d|Tc6h|2cAs|Kd4h|6c5h|Qh7s:-50|50|0|0|0|0:MrPink|Eddie|MrOrange|Bill|MrBlue|Pluribus
STATE:151:fffr250ff:7h3s|9d6c|2d6s|Ts4d|6dJh|TdQs:-50|-100|0|0|0|150:Eddie|MrOrange|Bill|MrBlue|Pluribus|MrPink
STATE:152:fr200r650ffff:8s3d|7d5c|2cQc|TsKc|AhAc|Qd4d:-50|-100|0|-200|350|0:MrOrange|Bill|MrBlue|Pluribus|MrPink|Eddie
STATE:153:ffr200r700ffc/cr1300f:9c8c|7sAc|Kc2c|6c4h|TsTh|AhJs/2hQdKd:-50|-100|0|0|-700|850:Bill|MrBlue|Pluribus|MrPink|Eddie|MrOrange
STATE:154:ffffcr350c/cc/r875c/r3375f:Kd9c|Qh6d|Th7d|2d3d|3h2c|9h4d/Js6sTd/5h/7h:875|-875|0|0|0|0:MrBlue|Pluribus|MrPink|Eddie|MrOrange|Bill
STATE:155:ffffcr300c/cr490c/cr1140f:4c4s|Ac5d|TcQs|Ad4h|8d3h|5hKd/QhQd5s/3s:-490|490|0|0|0|0:Pluribus|MrPink|Eddie|MrOrange|Bill|MrBlue
STATE:156:fffr200fc/cc/r560c/r2900f:4c5h|6sAh|Js7c|2dQh|3d8d|8hTh/7d6h6c/4d/2s:-50|610|0|0|0|-560:MrPink|Eddie|MrOrange|Bill|MrBlue|Pluribus
STATE:157:r225cffff/cr475f:5s6d|3d7h|8d8h|6s6c|As9d|Ks4s/AdJs7c:-50|-100|-225|375|0|0:Eddie|MrOrange|Bill|MrBlue|Pluribus|MrPink
STATE:158:fffff:5h6c|3h4h|6sKs|Jh7c|4d2h|4sQh:-50|50|0|0|0|0:MrOrange|Bill|MrBlue|Pluribus|MrPink|Eddie
STATE:159:fffr234fr1085c/r1985c/r4660f:Kd2h|4c3c|Ks6c|2c9d|Jc9h|QhTh/AsQd3s/3d:-50|2035|0|0|0|-1985:Bill|MrBlue|Pluribus|MrPink|Eddie|MrOrange
STATE:160:fffr250fc/cr525f:Ts8c|Js8s|4cKs|5d3c|5s6d|Jh6h/2dTd6s:-50|-250|0|0|0|300:MrBlue|Pluribus|MrPink|Eddie|MrOrange|Bill
STATE:161:fffr225fc/cr475f:8sTc|Qh5h|AhTd|As5d|7sJd|Qd4d/Jh4s7d:-50|-225|0|0|0|275:Pluribus|MrPink|Eddie|MrOrange|Bill|MrBlue
STATE:162:fffr225fr1300c/r3100f:7sTd|QsKd|5hAs|4d8c|3h6d|7c7d/Jd5dTh:-50|1350|0|0|0|-1300:MrPink|Eddie|MrOrange|Bill|MrBlue|Pluribus
STATE:163:fffr250fc/cr430f:Ts4d|9s8d|5sQh|5d7s|7h5h|Qd9d/3hTh3c:-50|-250|0|0|0|300:Eddie|MrOrange|Bill|MrBlue|Pluribus|MrPink
STATE:164:fffr222ff:Ac8h|Tc3h|Qs2d|5c9h|7d9c|QcJd:-50|-100|0|0|0|150:MrOrange|Bill|MrBlue|Pluribus|MrPink|Eddie
STATE:165:ffr200ffc/cr335f:6s3s|5sQc|Ad5h|2c8s|JcJh|5d4c/2dKs7h:-50|-200|0|0|250|0:Bill|MrBlue|Pluribus|MrPink|Eddie|MrOrange
STATE:166:fr200ffff:3d2h|8s5c|2d5h|KhTd|KcTh|As8c:-50|-100|0|150|0|0:MrBlue|Pluribus|MrPink|Eddie|MrOrange|Bill
STATE:167:fffr225fc/cr425f:Tc2d|Kh4h|6cTh|Ad5s|3d5h|JcKd/2s8d2c:-50|-225|0|0|0|275:Pluribus|MrPink|Eddie|MrOrange|Bill|MrBlue
STATE:168:r200fffff:2hAs|8dQs|Ah3h|8hKs|4s6h|6dKh:-50|-100|150|0|0|0:MrPink|Eddie|MrOrange|Bill|MrBlue|Pluribus
STATE:169:fffr250fc/cc/r1050f:7hJh|9hAh|9cKs|2hJd|8c4s|7d4d/3h9dQh/8h:-50|300|0|0|0|-250:Eddie|MrOrange|Bill|MrBlue|Pluribus|MrPink
