STATE:114:fffff:5s8c|3sAc|5cJh|Qc9s|6d7h|9c4s:-50|50|0|0|0|0:ORen|Hattori|MrBlue|Bill|MrOrange|Pluribus
STATE:115:ffr200ffc/cr425c/cr875f:9h8d|4c6c|7h5s|6s5c|3d3s|7cKd/4h8sKs/7s:-50|-425|0|0|475|0:Hattori|MrBlue|Bill|MrOrange|Pluribus|ORen
STATE:116:ffr200fcc/ccr425ff:KhJc|7sTs|2h3s|Qc4c|8s8d|Js6s/Ad8c4d:-200|-200|0|0|400|0:MrBlue|Bill|MrOrange|Pluribus|ORen|Hattori
STATE:117:fffff:2cTd|QcTc|5c4s|6hKs|2h4h|3hKc:-50|50|0|0|0|0:Bill|MrOrange|Pluribus|ORen|Hattori|MrBlue
STATE:118:ffr225ffc/cc/cc/cr600f:7c2c|ThAs|9d7h|8cKh|QhJh|Ks3c/Kc6hQd/7s/Qc:-50|-225|0|0|275|0:MrOrange|Pluribus|ORen|Hattori|MrBlue|Bill
STATE:119:fffff:Qs4c|8cAh|7h5h|Jc2c|7c4h|5c4s:-50|50|0|0|0|0:Pluribus|ORen|Hattori|MrBlue|Bill|MrOrange
STATE:120:ffffr300r1000f:7sKh|AcKc|2d7h|8s9h|2c4d|5cKs:-300|300|0|0|0|0:ORen|Hattori|MrBlue|Bill|MrOrange|Pluribus
STATE:121:r225ffffc/cr475c/cr1225c/cc:9dJc|KcQc|9hAh|9cKh|Ad8h|3cJh/Qh5d7s/Jd/8d:-50|1275|-1225|0|0|0:Hattori|MrBlue|Bill|MrOrange|Pluribus|ORen
STATE:122:ffffcc/cr200c/cc/r500f:JcTh|9c2s|8dKh|9d6h|6c7s|Jd3c/Qs3h5c/7h/5s:200|-200|0|0|0|0:MrBlue|Bill|MrOrange|Pluribus|ORen|Hattori
STATE:123:fr200fcfc/ccc/cr800cf/cc:Js2c|9c8h|Qd4s|AhTc|Qs5d|Ac4c/Jc9sAs/6c/8d:-50|-200|0|1050|0|-800:Bill|MrOrange|Pluribus|ORen|Hattori|MrBlue
STATE:124:ffffr300c/cc/cr600f:4cAs|8c2c|Jc8s|4hAd|7d3d|6d4s/6cQc9c/2s:-300|300|0|0|0|0:MrOrange|Pluribus|ORen|Hattori|MrBlue|Bill
STATE:125:fffr200ff:Qc6s|2c8c|4s9s|7hKc|5cKd|Qh9h:-50|-100|0|0|0|150:Pluribus|ORen|Hattori|MrBlue|Bill|MrOrange
STATE:126:ffffr300f:6s6c|8s5c|Qc7c|Kc7d|9h5d|Kh3s:100|-100|0|0|0|0:ORen|Hattori|MrBlue|Bill|MrOrange|Pluribus
STATE:127:fr200fffc/cc/cc/cc:4hJs|2s5s|3d8h|KhQc|7sQd|9d6h/4cAd4d/2c/7c:-50|250|0|-200|0|0:Hattori|MrBlue|Bill|MrOrange|Pluribus|ORen
STATE:128:fffr225fr1000f:6dTh|8sAs|9dJc|7h3d|Kh8c|7dAh:-50|275|0|0|0|-225:MrBlue|Bill|MrOrange|Pluribus|ORen|Hattori
STATE:129:r200ffffc/cc/cr312f:7d3c|6s8s|8hKh|9hAh|7h6c|As2c/5hQd5d/Jc:-50|-200|250|0|0|0:Bill|MrOrange|Pluribus|ORen|Hattori|MrBlue
STATE:130:ffr225fff:Ac7d|Th7c|4hTd|Ks8c|5h7h|Js6d:-50|-100|0|0|150|0:MrOrange|Pluribus|ORen|Hattori|MrBlue|Bill
STATE:131:ffffcr400f:Kh4c|2h2d|As9h|Ad5h|6h5c|3s7h:-100|100|0|0|0|0:Pluribus|ORen|Hattori|MrBlue|Bill|MrOrange
STATE:132:ffffr300c/r450c/r1650f:QhTc|JhTh|5d2d|7d5h|8h7s|3c9c/AdKs4h/3s:450|-450|0|0|0|0:ORen|Hattori|MrBlue|Bill|MrOrange|Pluribus
STATE:133:r225fffff:As5d|8d2s|QcQd|Td4s|AhJs|4d2d:-50|-100|150|0|0|0:Hattori|MrBlue|Bill|MrOrange|Pluribus|ORen
STATE:134:ffffr300c/cc/cr600c/cr1500c:As9s|JdKs|4h8c|8sKh|5sKc|5h8d/Kd3c9d/5c/7h:-1500|1500|0|0|0|0:MrBlue|Bill|MrOrange|Pluribus|ORen|Hattori
STATE:135:ffffr300f:TcQh|7d4c|Td6s|2h6h|6d3d|3sKc:100|-100|0|0|0|0:Bill|MrOrange|Pluribus|ORen|Hattori|MrBlue
STATE:136:fr200ffff:Td3c|Qd7c|4hKh|Jh9h|Ad8h|Kc6s:-50|-100|0|150|0|0:MrOrange|Pluribus|ORen|Hattori|MrBlue|Bill
STATE:137:fffff:4dTc|5s4h|2d9d|5dJs|2s7h|3d9h:-50|50|0|0|0|0:Pluribus|ORen|Hattori|MrBlue|Bill|MrOrange
STATE:138:fffff:6hJc|Kh7h|Ks6d|2c8c|5h9c|Qh5d:-50|50|0|0|0|0:ORen|Hattori|MrBlue|Bill|MrOrange|Pluribus
STATE:139:fr200r612fffc/cr1299r2162c/r2262r4599r10000f:Th2c|Qd3s|7cKc|AcAs|JsKs|TsJc/8sTd4c/5h:-50|-100|0|4749|-4599|0:Hattori|MrBlue|Bill|MrOrange|Pluribus|ORen
STATE:140:r200ffr720fff:Th9c|Qh3s|Ac8c|JcAs|2c5d|AhKc:-50|-100|-200|0|0|350:MrBlue|Bill|MrOrange|Pluribus|ORen|Hattori
STATE:141:ffr211fff:Ac6c|7c2h|Qs7s|4h2s|JsTs|8hAd:-50|-100|0|0|150|0:Bill|MrOrange|Pluribus|ORen|Hattori|MrBlue
STATE:142:r200fffff:2hTd|3cTs|AdKs|2c2s|7cTc|3sJh:-50|-100|150|0|0|0:MrOrange|Pluribus|ORen|Hattori|MrBlue|Bill
STATE:143:r200ffcfc/cr365cf/cr1120f:4dQc|7c6h|JhAs|3hKs|3dAh|AdJs/KdTh2h/7d:-50|-200|-365|0|0|615:Pluribus|ORen|Hattori|MrBlue|Bill|MrOrange
STATE:144:fffff:8c4d|8s5c|Jd4h|4cQc|9s5d|2d6s:-50|50|0|0|0|0:ORen|Hattori|MrBlue|Bill|MrOrange|Pluribus
STATE:145:ffffcc/cr200c/cr500r1500c/r2500f:Ah3c|5cKc|4hTh|Tc9s|9d4d|2d8s/Kh5d7h/Qh/2h:1500|-1500|0|0|0|0:Hattori|MrBlue|Bill|MrOrange|Pluribus|ORen
STATE:146:fffr225ff:5hKs|6dQc|5c4h|5sKh|9c3s|9hAd:-50|-100|0|0|0|150:MrBlue|Bill|MrOrange|Pluribus|ORen|Hattori
STATE:147:fr200cffc/ccc/ccc/ccr525ff:6c2d|KcJh|3cQd|7h7c|TcJc|9h4d/Js9cAh/Qh/8s:-50|-200|0|-200|450|0:Bill|MrOrange|Pluribus|ORen|Hattori|MrBlue
STATE:148:r200fffff:Jd3c|2hKd|TcJc|4h9c|9dAs|7s9h:-50|-100|150|0|0|0:MrOrange|Pluribus|ORen|Hattori|MrBlue|Bill
STATE:149:fffff:7s4d|9cQs|6sKc|JhTd|4sKh|3d4h:-50|50|0|0|0|0:Pluribus|ORen|Hattori|MrBlue|Bill|MrOrange
STATE:150:r225fcr1050ffcc/ccr2700ff:6h2d|Ah7s|As8s|3hQh|5c5d|9sKs/KhAd3c:-50|-100|-1050|0|-1050|2250:ORen|Hattori|MrBlue|Bill|MrOrange|Pluribus
STATE:151:ffr200cfc/ccc/ccr650ff:Jh2s|7s4s|6s8d|2c5c|QsKs|7dTd/5h9d7h/9s:-50|-200|0|0|-200|450:Hattori|MrBlue|Bill|MrOrange|Pluribus|ORen
STATE:152:ffr200r770ffc/cr2070f:TcKc|2h7s|3c6d|8d2d|QcAd|JdKs/6h5s6c:-50|-100|0|0|-770|920:MrBlue|Bill|MrOrange|Pluribus|ORen|Hattori
STATE:153:fffr225fc/cr600c/cc/cr1850f:3c4h|2dQd|7h8s|2h4d|Jd3s|AdAs/TcQhJs/Ks/Th:-50|-600|0|0|0|650:Bill|MrOrange|Pluribus|ORen|Hattori|MrBlue
STATE:154:fffr250fr1350c/cc/cc/cc:4s9c|QdAc|5d3h|9d3s|3cJd|Ah8h/7h7s4c/Ts/5c:-50|1400|0|0|0|-1350:MrOrange|Pluribus|ORen|Hattori|MrBlue|Bill
STATE:155:r200ffffc/cc/r950c/r3700c:3s2s|KhJs|9hTh|Jc2d|Jh5s|6s8d/7sTcAs/8c/7d:-50|-3700|3750|0|0|0:Pluribus|ORen|Hattori|MrBlue|Bill|MrOrange
STATE:156:fffr200ff:3cTh|4dQc|Qd5c|Ks6h|3hJd|7c7h:-50|-100|0|0|0|150:ORen|Hattori|MrBlue|Bill|MrOrange|Pluribus
STATE:157:r225ffffc/cr600c/cr1850f:2h5s|8d7d|9d9c|Ad7h|4s7s|Kc3d/4d9sTh/2c:-50|-600|650|0|0|0:Hattori|MrBlue|Bill|MrOrange|Pluribus|ORen
STATE:158:r200fcfcf/ccc/ccc/ccc:KdTs|Jh7s|6hAh|Qs7c|2h2c|ThQd/QcAsQh/8c/Td:-200|-100|500|0|-200|0:MrBlue|Bill|MrOrange|Pluribus|ORen|Hattori
STATE:159:fr200ffr850fc/r1300c/r2650c/cc:TsTc|Kc2h|Qd8s|8d8h|Th5d|3h4d/6sAhAd/2s/Kh:2750|-100|0|-2650|0|0:Bill|MrOrange|Pluribus|ORen|Hattori|MrBlue
STATE:160:ffr225ffc/cc/cc/r475f:Ac9d|2s5s|3sTd|8c4s|QhQs|Jh2h/Jc2cKc/5c/8s:-50|275|0|0|-225|0:MrOrange|Pluribus|ORen|Hattori|MrBlue|Bill
STATE:161:ffr225ffc/cr475f:5sTc|8dKh|7dJs|Th2s|Qc9c|4c2h/Jc3s7s:-50|-225|0|0|275|0:Pluribus|ORen|Hattori|MrBlue|Bill|MrOrange
STATE:162:r225ffffc/cr475c/cr1325f:TdJc|7s4s|QsKc|9cQh|8sKs|6dKh/9d4hQc/Kd:-50|-475|525|0|0|0:ORen|Hattori|MrBlue|Bill|MrOrange|Pluribus
STATE:163:ffr200fff:4hTh|Qh4d|Ah9s|JhQs|Qd8d|5h3c:-50|-100|0|0|150|0:Hattori|MrBlue|Bill|MrOrange|Pluribus|ORen
STATE:164:fr200fffc/cc/cr650c/cr2675f:2cKs|6dAd|7h2s|KhJs|9hJc|7cQs/Qd8h8c/Qc/2h:-50|-650|0|700|0|0:MrBlue|Bill|MrOrange|Pluribus|ORen|Hattori
STATE:165:fr200ffff:5s9c|6s4h|Jc5c|KhJd|Js4d|Th2d:-50|-100|0|150|0|0:Bill|MrOrange|Pluribus|ORen|Hattori|MrBlue
STATE:166:fffr250ff:3hKd|Jh2c|8h5c|7h8c|5h4c|Ts8s:-50|-100|0|0|0|150:MrOrange|Pluribus|ORen|Hattori|MrBlue|Bill
STATE:167:ffffr250c/r500r1000f:9cQd|9dTc|Js3d|7dKc|Jh2s|Ts2d/7s6c7h:-500|500|0|0|0|0:Pluribus|ORen|Hattori|MrBlue|Bill|MrOrange
STATE:168:fffff:9s2d|Th6s|As3h|TsKd|Js3c|8d5s:-50|50|0|0|0|0:ORen|Hattori|MrBlue|Bill|MrOrange|Pluribus
STATE:169:fr200ffff:Ad2s|9d3c|Qc2c|As5s|Qd5c|Ah6s:-50|-100|0|150|0|0:Hattori|MrBlue|Bill|MrOrange|Pluribus|ORen
STATE:170:r200fffff:Td7c|8d5c|AhKh|2dKd|4c7s|4h7h:-50|-100|150|0|0|0:MrBlue|Bill|MrOrange|Pluribus|ORen|Hattori
STATE:171:fffr225ff:Th2s|4h9c|7c4s|5hAs|7h8c|Kd3d:-50|-100|0|0|0|150:Bill|MrOrange|Pluribus|ORen|Hattori|MrBlue
STATE:172:fffr250ff:4c5s|Tc2s|JdKs|4d9s|7h3h|Kh9h:-50|-100|0|0|0|150:MrOrange|Pluribus|ORen|Hattori|MrBlue|Bill
STATE:173:r200cffcr1200fcc/cr2900fc/cc/cr10000c:7c7h|QsQh|QdKh|3c3h|Ad9h|As5d/2s5s5c/7s/Ks:11400|-10000|-200|-1200|0|0:Pluribus|ORen|Hattori|MrBlue|Bill|MrOrange
STATE:174:ffr200fff:Ts2h|7hTd|5dKh|Jd6c|JcAd|Qh5h:-50|-100|0|0|150|0:ORen|Hattori|MrBlue|Bill|MrOrange|Pluribus
STATE:175:fr200fcff/cr550c/cr2350f:Tc9d|7d2c|Kh3d|JdKd|6hJh|As3s/Qs4hTs/5c:-50|-100|0|-550|0|700:Hattori|MrBlue|Bill|MrOrange|Pluribus|ORen
STATE:176:r200fffcf/cc/cc/r575c:4s3s|8c2h|QdAd|5sTs|4hJs|4cAs/9c6h8d/Ah/5d:-575|-100|675|0|0|0:MrBlue|Bill|MrOrange|Pluribus|ORen|Hattori
STATE:177:ffr200fr850fc/r1750c/r4150r10000c/:9h8h|6s5h|2c8d|6cTc|7h7s|5c2d/4h7d6d/Ts/4d:-10000|-100|0|0|10100|0:Bill|MrOrange|Pluribus|ORen|Hattori|MrBlue
STATE:178:fffr250fc/cr525c/cr1625f:9sAd|2h2s|3d4c|4dQd|Kd5s|QhAs/Qc6h7h/Jd:-50|-525|0|0|0|575:MrOrange|Pluribus|ORen|Hattori|MrBlue|Bill
STATE:179:ffr225ffc/cc/cc/cr475r1475c:2d4c|7c6h|KdTs|5c9c|8hAh|9dTh/6s4h6c/Ad/Td:-50|1525|0|0|-1475|0:Pluribus|ORen|Hattori|MrBlue|Bill|MrOrange
STATE:180:r225fffcf/cc/cc/r575c:JdJh|4d9c|6c6h|Qs2d|Ts8d|Th6s/8s3c2h/Kc/Tc:675|-100|-575|0|0|0:ORen|Hattori|MrBlue|Bill|MrOrange|Pluribus
STATE:181:r225ffffc/cc/cc/r425c:2h8h|Td9h|4cAc|8c5h|7hAd|Qh6d/5s4s7d/Js/2d:-50|-425|475|0|0|0:Hattori|MrBlue|Bill|MrOrange|Pluribus|ORen
STATE:182:fr200fffc/cc/r425c/cr1775c:7c3h|8s8h|5s6d|JsKc|Tc9d|TdAh/4hJc3s/3d/Jd:-50|-1775|0|1825|0|0:MrBlue|Bill|MrOrange|Pluribus|ORen|Hattori
STATE:183:ffffr300f:Qd8s|3h9d|Kc9h|6s2s|2dAc|Qs4d:100|-100|0|0|0|0:Bill|MrOrange|Pluribus|ORen|Hattori|MrBlue
STATE:184:fr200ffff:5d8h|3h8s|AhTc|AdJh|8c6d|3c9d:-50|-100|0|150|0|0:MrOrange|Pluribus|ORen|Hattori|MrBlue|Bill
STATE:185:fffr200fc/cr600f:Jh3s|7sJc|5s9h|9cTh|3h7c|JsKc/QdTc6c:-50|-200|0|0|0|250:Pluribus|ORen|Hattori|MrBlue|Bill|MrOrange
STATE:186:r225ffcfc/ccc/r475cf/cc:9s6s|Qc8c|8dKd|Jc9d|4h5h|9hJh/3h5d8s/2c/Js:-50|-475|750|0|0|-225:ORen|Hattori|MrBlue|Bill|MrOrange|Pluribus
STATE:187:ffr200ffc/cc/cc/cr425r1825c:2sAc|Jh4h|6dAs|7h5s|AdTd|2c4d/5h8h6s/Kc/Ah:-50|1875|0|0|-1825|0:Hattori|MrBlue|Bill|MrOrange|Pluribus|ORen
STATE:188:fffr225cc/ccc/cr450fr1293c/r5818f:5c5s|TcQc|Jh6h|2d4s|4cTd|6sTs/5dQd4d/Qh/2h:1518|-1293|0|0|0|-225:MrBlue|Bill|MrOrange|Pluribus|ORen|Hattori
STATE:189:ffffr300c/cc/cr500f:JhKs|8s9c|4d8d|KcTd|3s4s|6s4c/6h3d3c/5h:-300|300|0|0|0|0:Bill|MrOrange|Pluribus|ORen|Hattori|MrBlue
STATE:190:ffr225fff:4sKs|Jd5h|8h7d|6s3h|8cQc|6dAs:-50|-100|0|0|150|0:MrOrange|Pluribus|ORen|Hattori|MrBlue|Bill
STATE:191:ffffcc/r200f:6cAc|8h3s|5d6h|9h2c|8sJc|7d5c/8c6dTd:100|-100|0|0|0|0:Pluribus|ORen|Hattori|MrBlue|Bill|MrOrange
STATE:192:fr225fffc/cr600f:3hQc|8c4c|8d7s|KhQh|4h6h|As7d/KsQsTd:-50|-225|0|275|0|0:ORen|Hattori|MrBlue|Bill|MrOrange|Pluribus
STATE:193:fr200fffc/cr525c/cr1375c/cr3625r10000f:9dKc|Th8d|2s7d|Ks8s|6cQh|5c7h/Js9hQc/4c/3d:-50|3675|0|-3625|0|0:Hattori|MrBlue|Bill|MrOrange|Pluribus|ORen
STATE:194:ffffr300c/r750c/r1980c/cc:8cAc|9h8s|Ad6s|Ts7c|9c6d|2d3s/8h4s2s/Js/4h:1980|-1980|0|0|0|0:MrBlue|Bill|MrOrange|Pluribus|ORen|Hattori
STATE:195:r200fffr850fr2137c/cr3230c/cc/cc:TsTc|2c7d|JhKh|3c8d|Th3d|AcTd/Ks8c4c/6d/Qh:-3230|-100|3330|0|0|0:Bill|MrOrange|Pluribus|ORen|Hattori|MrBlue
STATE:196:ffr225fr1100ff:AsJs|Ah5d|8hKc|9sTh|3cQc|Td3s:325|-100|0|0|-225|0:MrOrange|Pluribus|ORen|Hattori|MrBlue|Bill
STATE:197:fffr200fc/cr600f:7d5c|Ac9s|4d3s|3h5d|9d7s|KhAd/Qc2dTd:-50|-200|0|0|0|250:Pluribus|ORen|Hattori|MrBlue|Bill|MrOrange
STATE:198:fffr225cf/cc/r375r800c/cc:TsAh|2c7c|5d8h|8cQh|Kd2s|JdJs/3hAcAd/9h/Qd:900|-100|0|0|0|-800:ORen|Hattori|MrBlue|Bill|MrOrange|Pluribus
STATE:199:ffffcc/r200c/cc/r335f:Jc7s|4cAc|Qs4d|Kd3d|3h5c|7d9h/9d9sKc/5d/8h:200|-200|0|0|0|0:Hattori|MrBlue|Bill|MrOrange|Pluribus|ORen
STATE:200:fr200ffff:8h2h|6c4s|Kh6h|KcJs|3c5d|9s3d:-50|-100|0|150|0|0:MrBlue|Bill|MrOrange|Pluribus|ORen|Hattori
STATE:201:r200ffcff/cc/r337c/r749f:Ac4h|7hJs|ThTd|8sAs|6h4c|2h3h/KdKh9h/4s/7d:-50|-100|487|0|0|-337:Bill|MrOrange|Pluribus|ORen|Hattori|MrBlue
STATE:202:r200fffff:4s9h|7h3d|ThQh|3s5d|6c8s|Qc8h:-50|-100|150|0|0|0:MrOrange|Pluribus|ORen|Hattori|MrBlue|Bill
STATE:203:r200ffcfc/ccr475fc/cr1075c/cr3275f:7h9c|8h8d|QhJh|5dKd|4c6d|9dJd/KhTsQd/4h/7c:-50|-200|-1075|0|0|1325:Pluribus|ORen|Hattori|MrBlue|Bill|MrOrange
STATE:204:fr225fcr1387fcf/r2187c/r3787c/cc:KsQs|5cJc|TdAh|QhKh|4hAs|9sJs/AcKd6h/Qc/3c:162.5|-100|0|162.5|0|-225:ORen|Hattori|MrBlue|Bill|MrOrange|Pluribus
STATE:205:fffff:6hTd|5d8h|Tc6s|6cQh|5hJs|Kh4d:-50|50|0|0|0|0:Hattori|MrBlue|Bill|MrOrange|Pluribus|ORen
STATE:206:fr225ffcf/cr500c/cr1050f:6dAd|Kc4s|Th2c|AhQd|6hTc|3hKh/8s7c9h/4h:-500|-100|0|600|0|0:MrBlue|Bill|MrOrange|Pluribus|ORen|Hattori
STATE:207:ffr200r703fff:QdTs|8d9c|8c4h|2sTc|KcJs|Ad5d:-50|-100|0|0|-200|350:Bill|MrOrange|Pluribus|ORen|Hattori|MrBlue
STATE:208:ffffr400c/r600c/r1600c/cc:6sAd|8cAc|Jd5h|8s6d|2h9s|3c7s/4sQh6c/As/Js:1600|-1600|0|0|0|0:MrOrange|Pluribus|ORen|Hattori|MrBlue|Bill
STATE:209:fffff:7h5d|4c8c|2c4s|3c7c|Kd6s|7d5c:-50|50|0|0|0|0:Pluribus|ORen|Hattori|MrBlue|Bill|MrOrange
STATE:210:fr225ffcf/cr500c/cr1050f:6s6h|Th8d|Qh4s|QcKd|Td8h|Kh4h/3d2s8c/Qd:-500|-100|0|600|0|0:ORen|Hattori|MrBlue|Bill|MrOrange|Pluribus
STATE:211:fffr200fr969f:6hJd|4d2d|4sAc|8d7c|3cJs|Ah9s:-50|250|0|0|0|-200:Hattori|MrBlue|Bill|MrOrange|Pluribus|ORen
STATE:212:ffr200r770fff:4s5h|5d6h|7s9h|9sKh|JsTh|KdAh:-50|-100|0|0|-200|350:MrBlue|Bill|MrOrange|Pluribus|ORen|Hattori
STATE:213:r200fffff:5hJc|6hTd|QdJd|Ah7d|2dKh|Qh2s:-50|-100|150|0|0|0:Bill|MrOrange|Pluribus|ORen|Hattori|MrBlue
STATE:214:ffr225fff:9hQc|Qd5c|TdKc|Qs4s|Ac7s|9d5d:-50|-100|0|0|150|0:MrOrange|Pluribus|ORen|Hattori|MrBlue|Bill
STATE:215:ffffcc/r300c/r600r1300f:Tc9s|7cKs|8s4c|2d5s|4dJh|9h5h/Kd3dJc/6h:-600|600|0|0|0|0:Pluribus|ORen|Hattori|MrBlue|Bill|MrOrange
STATE:216:r225fffff:Td8h|Tc3s|4s6s|9c2s|8s6c|7dTh:-50|-100|150|0|0|0:ORen|Hattori|MrBlue|Bill|MrOrange|Pluribus
STATE:217:fffr200cc/ccr600ff:3s3h|Ac5c|Tc7d|5s7c|5h6d|8hQd/QhTdJh:-200|-200|0|0|0|400:Hattori|MrBlue|Bill|MrOrange|Pluribus|ORen
STATE:218:ffffcc/cr250f:Qd3c|Jc9d|Ac6d|6c8d|2h3d|6sQc/9c6hJd:-100|100|0|0|0|0:MrBlue|Bill|MrOrange|Pluribus|ORen|Hattori
STATE:219:fffr225fr1200f:7d8c|KcAs|5c8h|Tc6c|7s4d|9d6d:-50|275|0|0|0|-225:Bill|MrOrange|Pluribus|ORen|Hattori|MrBlue
STATE:220:ffr225cff/cr525c/cc/cc:Kd3c|2s9c|ThAd|4sQh|QsTs|7c5c/7d6cTc/Kh/9s:-50|-100|0|0|675|-525:MrOrange|Pluribus|ORen|Hattori|MrBlue|Bill
STATE:221:fffr200ff:6sJd|5s2c|Td2s|7dTs|8cKd|8dAh:-50|-100|0|0|0|150:Pluribus|ORen|Hattori|MrBlue|Bill|MrOrange
STATE:222:fffr250fr1350c/r2150c/r3600c/r10000c:Kd9c|AcQs|Ah7c|Kh2d|7sQd|ThTc/9hAdAs/3s/Ts:-50|-10000|0|0|0|10050:ORen|Hattori|MrBlue|Bill|MrOrange|Pluribus
