#--t_response 600000000
#--t_hand 600000000
#--t_per_hand 600000000
STATE:0:ffffcc/r200c/r500f:3dQh|Ah9d|2dTc|7h8d|Ac6d|8h4d/Qc5dJs/7d:200|-200|0|0|0|0:MrOrange|MrWhite|MrBlue|Budd|Bill|Pluribus
STATE:1:fr225ffff:Kh9d|8h2c|4cJc|6c6s|3c3s|8cAd:-50|-100|0|150|0|0:MrWhite|MrBlue|Budd|Bill|Pluribus|MrOrange
STATE:2:ffr222fcc/ccc/r782fc/r2197f:2s2h|9s3s|7dKd|3hQd|QcKc|4s5h/5c8d3d/2c/9d:1004|-222|0|0|-782|0:MrBlue|Budd|Bill|Pluribus|MrOrange|MrWhite
STATE:3:ffr225fff:Jh6s|8c2d|5s8d|6h2s|9sAs|9h2h:-50|-100|0|0|150|0:Budd|Bill|Pluribus|MrOrange|MrWhite|MrBlue
STATE:4:ffffcr300f:7dQs|KdTs|2cKc|8c7h|Jd4s|6hTc:-100|100|0|0|0|0:Bill|Pluribus|MrOrange|MrWhite|MrBlue|Budd
STATE:5:ffr225fcf/cc/r362f:Ah8h|4d9d|9s5h|3dKc|7h6h|Jd3s/AsTdQs/4c:325|-100|0|0|-225|0:Pluribus|MrOrange|MrWhite|MrBlue|Budd|Bill
STATE:6:ffr225fff:7s8d|6s8c|2s4s|Jh7h|AdKc|7c5h:-50|-100|0|0|150|0:MrOrange|MrWhite|MrBlue|Budd|Bill|Pluribus
STATE:7:ffffr300r800f:Ks9h|TcTd|3cKh|4d9d|9s2d|Qd6d:-300|300|0|0|0|0:MrWhite|MrBlue|Budd|Bill|Pluribus|MrOrange
STATE:8:fr200ffff:2dTs|Qd5s|5d7c|Ah9h|Qc7h|3hTd:-50|-100|0|150|0|0:MrBlue|Budd|Bill|Pluribus|MrOrange|MrWhite
STATE:9:fr208fcff/r508c/r1208f:Tc4h|2d8h|Jh4c|QsKh|Jc4s|7h7s/5h2h5c/Td:-50|-100|0|658|0|-508:Budd|Bill|Pluribus|MrOrange|MrWhite|MrBlue
STATE:10:ffffcc/r200c/cr400f:8s6c|Kd2d|Qc7s|Jh7d|4s7c|3d5c/As2cKh/Jc:-200|200|0|0|0|0:Bill|Pluribus|MrOrange|MrWhite|MrBlue|Budd
STATE:11:ffffcr255c/cr405c/cr655c/cr1655f:Qh8h|5s4s|6d9d|9hJd|6c7h|Qc3d/2h2c5c/Ah/5d:-655|655|0|0|0|0:Pluribus|MrOrange|MrWhite|MrBlue|Budd|Bill
STATE:12:r225fr700fffc/cr1475f:Ad4s|Js7d|KdAh|8d9d|QsQc|7hJh/4c7s8h:-50|-100|-700|0|850|0:MrOrange|MrWhite|MrBlue|Budd|Bill|Pluribus
STATE:13:ffr200ffr825c/cr1250c/cc/cc:Tc2h|KsAs|8hJs|2s5c|KhAh|Qd6c/8s4c3c/Td/Ac:-50|25|0|0|25|0:MrWhite|MrBlue|Budd|Bill|Pluribus|MrOrange
STATE:14:fr250ffff:4sJd|6hTs|3cKd|Ah5h|2h8s|8dAc:-50|-100|0|150|0|0:MrBlue|Budd|Bill|Pluribus|MrOrange|MrWhite
STATE:15:fffff:3d5h|Tc8h|3cQd|5d2d|Qh2s|4d9c:-50|50|0|0|0|0:Budd|Bill|Pluribus|MrOrange|MrWhite|MrBlue
STATE:16:fffr250fr1350c/r2725c/cr4575r10000f:8d3c|ThTc|Jc7h|3dQs|5sKd|QcAs/2d4d4c/4h:-50|4625|0|0|0|-4575:Bill|Pluribus|MrOrange|MrWhite|MrBlue|Budd
STATE:17:fffr250r1150ff:Th9h|5s8h|Jh4d|Ah8c|6c8d|4sAs:350|-100|0|0|0|-250:Pluribus|MrOrange|MrWhite|MrBlue|Budd|Bill
STATE:18:fr225r700fffr2000f:4c8d|5c9c|8c9h|Ah3h|7d6d|6cJh:-50|-100|0|850|-700|0:MrOrange|MrWhite|MrBlue|Budd|Bill|Pluribus
STATE:19:ffffr300c/r750f:Ac8s|Kc3c|9d7s|9h3d|6cTc|Kh5d/7d8cAh:300|-300|0|0|0|0:MrWhite|MrBlue|Budd|Bill|Pluribus|MrOrange
STATE:20:fffr225fc/cr475c/cr975f:2hKc|5s9s|2s3d|7hTs|ThKd|9dAc/Tc2d5c/4h:-50|-475|0|0|0|525:MrBlue|Budd|Bill|Pluribus|MrOrange|MrWhite
STATE:21:ffr225ffc/cc/cr600f:4h2h|9d6d|7cAd|8hTd|JdKs|6sJc/JsTc5c/2d:-50|-225|0|0|275|0:Budd|Bill|Pluribus|MrOrange|MrWhite|MrBlue
STATE:22:fr225ffff:9h3d|8c3s|Jd8s|QsAc|4s9d|3c6h:-50|-100|0|150|0|0:Bill|Pluribus|MrOrange|MrWhite|MrBlue|Budd
STATE:23:r225fffff:Jd5h|Qh9c|2h2c|Ts7d|7s5d|5c7h:-50|-100|150|0|0|0:Pluribus|MrOrange|MrWhite|MrBlue|Budd|Bill
STATE:24:fffr250ff:2c5s|4hTs|3s7c|2h9s|9c8s|8dKd:-50|-100|0|0|0|150:MrOrange|MrWhite|MrBlue|Budd|Bill|Pluribus
STATE:25:r225fffff:6dAc|2dKh|AhTh|7h8h|3hQd|Td5s:-50|-100|150|0|0|0:MrWhite|MrBlue|Budd|Bill|Pluribus|MrOrange
STATE:26:fr250ffff:Jh6h|5dTh|9c5h|Kc7c|2s6s|6c2d:-50|-100|0|150|0|0:MrBlue|Budd|Bill|Pluribus|MrOrange|MrWhite
STATE:27:fr208fffc/cc/cr383f:3sQs|7d6s|Qc6c|KsKh|3cAs|Ac9s/2c9cJc/3h:-50|-208|0|258|0|0:Budd|Bill|Pluribus|MrOrange|MrWhite|MrBlue
STATE:28:r200ccfff/cr575ff:2h6s|Kc2s|8c9c|AcJc|7h6h|7c4h/5dAsJd:-50|-100|-200|550|-200|0:Bill|Pluribus|MrOrange|MrWhite|MrBlue|Budd
STATE:29:r225fffff:8s6d|6s4d|AsAc|5h2s|9c7h|9h3d:-50|-100|150|0|0|0:Pluribus|MrOrange|MrWhite|MrBlue|Budd|Bill
STATE:30:fffff:7c6s|JhTc|9d5c|Ac4d|3hJs|Kd7h:-50|50|0|0|0|0:MrOrange|MrWhite|MrBlue|Budd|Bill|Pluribus
STATE:31:fr225fffc/cc/cr475c/cr975c:2sTc|Kd7d|7h9h|JsKh|Ac4s|5c7s/7c6s8d/4d/Ks:-50|1025|0|-975|0|0:MrWhite|MrBlue|Budd|Bill|Pluribus|MrOrange
STATE:32:ffffcr350c/cc/cc/cr925c:3dQd|2sKc|7cQc|8c7h|9s2d|6d2c/3hAhTh/4d/Js:925|-925|0|0|0|0:MrBlue|Budd|Bill|Pluribus|MrOrange|MrWhite
STATE:33:ffffr300f:8cTc|8h3s|3hJc|7s2d|Jh2c|Qh6s:100|-100|0|0|0|0:Budd|Bill|Pluribus|MrOrange|MrWhite|MrBlue
STATE:34:r200fffff:7c3s|3c5s|8h8d|AsTh|2dJh|7s2c:-50|-100|150|0|0|0:Bill|Pluribus|MrOrange|MrWhite|MrBlue|Budd
STATE:35:ffr225fff:7sTh|7dTs|Qc4h|6s3h|KhTc|7h9h:-50|-100|0|0|150|0:Pluribus|MrOrange|MrWhite|MrBlue|Budd|Bill
STATE:36:fffr225r1000fc/r1750f:KhJc|2sJh|Th9d|4s8d|5s6d|KsQd/3s7h3h:1100|-100|0|0|0|-1000:MrOrange|MrWhite|MrBlue|Budd|Bill|Pluribus
STATE:37:ffr200ffc/cr425c/cc/cc:8cJd|Ah3d|5hTs|4sTc|KhQd|Td7h/3h5c6d/5s/7c:-50|475|0|0|-425|0:MrWhite|MrBlue|Budd|Bill|Pluribus|MrOrange
STATE:38:fffr225r1050ff:QdKd|9d4h|8hTd|Qc8s|6d2h|JdKc:325|-100|0|0|0|-225:MrBlue|Budd|Bill|Pluribus|MrOrange|MrWhite
STATE:39:r200ffffc/cr425f:Jc3d|5h3h|AsJs|6d9h|KhTs|8h4c/8dKcQs:-50|-200|250|0|0|0:Budd|Bill|Pluribus|MrOrange|MrWhite|MrBlue
STATE:40:fr225cr920fffc/cc/r2581f:Ks5s|Ad7s|4s3h|QcAs|7h6h|KhQd/8s4c9d/3c:-50|-100|0|-225|1295|-920:Bill|Pluribus|MrOrange|MrWhite|MrBlue|Budd
STATE:41:r225fffff:9sQh|2dQs|JhKh|Tc2c|Kc2h|8dJc:-50|-100|150|0|0|0:Pluribus|MrOrange|MrWhite|MrBlue|Budd|Bill
STATE:42:fffr225fc/cc/cc/r475r1225f:Qc3h|5s6h|Kc8d|9d6d|8c2h|Ad3s/3d6c7d/5h/Ac:-50|-475|0|0|0|525:MrOrange|MrWhite|MrBlue|Budd|Bill|Pluribus
STATE:43:fr225ccff/ccc/ccc/ccc:2cAs|Kh5s|9c5h|QcAh|AdQd|KsJs/6h4c2s/8h/4d:-50|-100|0|187.5|187.5|-225:MrWhite|MrBlue|Budd|Bill|Pluribus|MrOrange
STATE:44:r225fffff:7dKd|3dTs|AsJc|9s6c|Ac9c|QsJd:-50|-100|150|0|0|0:MrBlue|Budd|Bill|Pluribus|MrOrange|MrWhite
STATE:45:ffr225fff:8d2h|7dKc|3c4s|Ts4h|KhAh|9d7c:-50|-100|0|0|150|0:Budd|Bill|Pluribus|MrOrange|MrWhite|MrBlue
STATE:46:ffr225fff:As9h|Qd2s|Kc6h|6d9s|KsAd|8dTh:-50|-100|0|0|150|0:Bill|Pluribus|MrOrange|MrWhite|MrBlue|Budd
STATE:47:fr225fffc/cr475f:2dAc|Qh8h|Ts2s|KcQd|2c7d|4s8c/5sKs2h:-50|-225|0|275|0|0:Pluribus|MrOrange|MrWhite|MrBlue|Budd|Bill
STATE:48:fffr200fc/cr425c/cc/r1100f:5c8c|6dQd|Qh8s|2hTc|Ts6c|AcJs/QsQc9c/7s/Kh:-50|475|0|0|0|-425:MrOrange|MrWhite|MrBlue|Budd|Bill|Pluribus
STATE:49:ffffr300c/cc/cr750f:Ad3d|TcQh|3sJd|4h5s|8cTh|Ks6h/3cKdQc/Ts:-300|300|0|0|0|0:MrWhite|MrBlue|Budd|Bill|Pluribus|MrOrange
STATE:50:ffffcr350c/cc/cc/cr900f:2c2h|KhTd|3h9d|Js6c|As8c|6hKs/5cQs7c/8s/Kc:-350|350|0|0|0|0:MrBlue|Budd|Bill|Pluribus|MrOrange|MrWhite
STATE:51:fffr225fr1000f:7c6d|KcKh|Kd8c|3c2s|5h2c|3d9d:-50|275|0|0|0|-225:Budd|Bill|Pluribus|MrOrange|MrWhite|MrBlue
STATE:52:r200r475ffffc/cc/r975f:2h7d|Th3s|8s8d|AsKc|Ac6h|6dTc/4h3h8h/4d:-50|-100|625|-475|0|0:Bill|Pluribus|MrOrange|MrWhite|MrBlue|Budd
STATE:53:fr225ffcc/ccr562cf/cc/cc:JdKd|8s9h|7dQh|JcKc|8d9c|4s3s/KsAsTh/8c/3c:112.5|-225|0|112.5|0|0:Pluribus|MrOrange|MrWhite|MrBlue|Budd|Bill
STATE:54:ffffcr300c/cc/r1155c/r3043c:QcTh|AsAd|3cJs|2d6s|Kc8s|3d8d/8h9h9c/Jd/8c:3043|-3043|0|0|0|0:MrOrange|MrWhite|MrBlue|Budd|Bill|Pluribus
STATE:55:r225ffffc/cr400f:2d5s|7c8c|QhAd|8h7s|5h2h|5dJd/KdJs6c:-50|-225|275|0|0|0:MrWhite|MrBlue|Budd|Bill|Pluribus|MrOrange
STATE:56:fffff:7h2h|Ks6d|5c8d|Jh4c|9d2d|8s3s:-50|50|0|0|0|0:MrBlue|Budd|Bill|Pluribus|MrOrange|MrWhite
STATE:57:fffr225fc/cr475c/cr1300c/cr3650f:8s6h|ThKd|9sJh|KsJc|5cJs|4d8d/4sTcQh/5d/9h:-50|-1300|0|0|0|1350:Budd|Bill|Pluribus|MrOrange|MrWhite|MrBlue
STATE:58:r200fffff:9hQd|4hKd|5c5s|8s7c|6dAc|Ah9d:-50|-100|150|0|0|0:Bill|Pluribus|MrOrange|MrWhite|MrBlue|Budd
STATE:59:r225fffff:KcTh|8sKd|As2s|2c2h|3c3h|5h3d:-50|-100|150|0|0|0:Pluribus|MrOrange|MrWhite|MrBlue|Budd|Bill
STATE:60:fr225fr825ffr2350f:7c3s|QdKh|Jd6h|9dKd|TdJc|9h9c:-50|-100|0|975|0|-825:MrOrange|MrWhite|MrBlue|Budd|Bill|Pluribus
STATE:61:fr225fffr1050c/cc/r2662c/r10000c:6sJc|4s3s|9dAs|TcQc|9sTh|7h3d/Ts8c7s/Qs/7d:-50|10050|0|-10000|0|0:MrWhite|MrBlue|Budd|Bill|Pluribus|MrOrange
STATE:62:fffr225fc/cr475f:7hKc|7c9s|8cAd|Ts9h|Ks6c|9cKh/3hQd6d:-50|-225|0|0|0|275:MrBlue|Budd|Bill|Pluribus|MrOrange|MrWhite
STATE:63:fffff:6d3s|QhAh|8h7d|5sTc|Jh8s|2hJd:-50|50|0|0|0|0:Budd|Bill|Pluribus|MrOrange|MrWhite|MrBlue
STATE:64:r200fffff:Qd7s|4d3c|9cKc|AsJc|9hJs|Th5h:-50|-100|150|0|0|0:Bill|Pluribus|MrOrange|MrWhite|MrBlue|Budd
STATE:65:fr225ffff:Qd6s|Qc4d|Jd4c|3c3s|Ks6d|7s9d:-50|-100|0|150|0|0:Pluribus|MrOrange|MrWhite|MrBlue|Budd|Bill
STATE:66:fr225ffff:2d7c|8c6d|9d8h|QsAh|7d3h|Tc7h:-50|-100|0|150|0|0:MrOrange|MrWhite|MrBlue|Budd|Bill|Pluribus
STATE:67:ffr200fff:Qc3h|Qd7c|4h5h|8d4d|JdTh|9c2d:-50|-100|0|0|150|0:MrWhite|MrBlue|Budd|Bill|Pluribus|MrOrange
STATE:68:fffr225r1050ff:KdKh|4d8d|7c3s|5h3c|8cQh|Td9s:325|-100|0|0|0|-225:MrBlue|Budd|Bill|Pluribus|MrOrange|MrWhite
STATE:69:ffr225fr900ff:QsQc|7h4h|Ks2c|9sKh|6h5h|2h4s:325|-100|0|0|-225|0:Budd|Bill|Pluribus|MrOrange|MrWhite|MrBlue
STATE:70:ffffcr400c/cr800c/cc/cr1600f:KsQc|2sTh|6d5d|7hQs|9h7s|4s2c/Ac6h5h/9d/Ah:-800|800|0|0|0|0:Bill|Pluribus|MrOrange|MrWhite|MrBlue|Budd
STATE:71:fr225fffc/cr475c/cc/cc:2cAh|7d4d|KsTc|5c6c|3cKh|9c8s/Jh4s6d/8h/Js:-50|-475|0|525|0|0:Pluribus|MrOrange|MrWhite|MrBlue|Budd|Bill
STATE:72:fffr250fr800f:5c2d|6h3h|5h6d|Qc7c|9h8s|Th8d:-50|300|0|0|0|-250:MrOrange|MrWhite|MrBlue|Budd|Bill|Pluribus
STATE:73:fr225ffr775ff:QsAd|8d6c|6h4c|JdKs|9s2h|QcTh:325|-100|0|-225|0|0:MrWhite|MrBlue|Budd|Bill|Pluribus|MrOrange
