# name/game/hands/seed sample_game_89 ../lib/python-client/acpc_infrastructure/holdem.nolimit.6p.game 10000 89
#--t_response 600000000
#--t_hand 600000000
#--t_per_hand 600000000
STATE:0:ffr225ffc/cc/cr475f:6s7d|6c5d|Ah7s|5h2c|Ac8c|3dAs/ThAdKc/Js:-50|-225|0|0|275|0:MrPink|Eddie|MrOrange|Bill|MrBlue|Pluribus
STATE:1:fffff:8s3s|Kc7c|9d3d|4d9c|8h4c|7d6s:-50|50|0|0|0|0:Eddie|MrOrange|Bill|MrBlue|Pluribus|MrPink
STATE:2:ffffr250c/r400c/cc/cr900f:KcAd|As8d|9h3c|Js6h|Qh9s|8s3s/Tc5sTs/4c/8c:-400|400|0|0|0|0:MrOrange|Bill|MrBlue|Pluribus|MrPink|Eddie
STATE:3:ffffcc/cc/r200c/cc:5sTc|9hJc|6dJs|7c8d|3dTd|Kd4s/9dAd3s/4h/5h:-200|200|0|0|0|0:Bill|MrBlue|Pluribus|MrPink|Eddie|MrOrange
STATE:4:fr200fcff/r510f:8s3s|7dAs|7h2c|Ad9d|Ah4s|3d3c/7c2dQd:-50|-100|0|350|0|-200:MrBlue|Pluribus|MrPink|Eddie|MrOrange|Bill
STATE:5:fffr225ff:4s3d|7h3c|5s4h|Kc2d|7s6h|6c7c:-50|-100|0|0|0|150:Pluribus|MrPink|Eddie|MrOrange|Bill|MrBlue
STATE:6:fr225ffff:Kc2h|9s5d|Kh2s|7c8c|4s7h|Js3s:-50|-100|0|150|0|0:MrPink|Eddie|MrOrange|Bill|MrBlue|Pluribus
STATE:7:fr225ffff:TsJd|Qd8c|6c8h|AsQs|5hKc|9s6d:-50|-100|0|150|0|0:Eddie|MrOrange|Bill|MrBlue|Pluribus|MrPink
STATE:8:fr225fffc/cc/cr475c/cr975c:Jh9s|Ah4h|2c6h|AcTc|4cTd|5dQd/Ad2h7s/Kc/8d:-50|-975|0|1025|0|0:MrOrange|Bill|MrBlue|Pluribus|MrPink|Eddie
STATE:9:r225ffffc/cr475f:8dQc|8s7c|TsAs|6dAh|KhTd|3hTh/QhKs3d:-50|-225|275|0|0|0:Bill|MrBlue|Pluribus|MrPink|Eddie|MrOrange
STATE:10:fffr250cc/ccc/cr625cf/cc:9dAc|JdKh|TdKc|Tc8s|4s6h|TsQh/KsJc5h/Qs/8h:-250|875|0|0|0|-625:MrBlue|Pluribus|MrPink|Eddie|MrOrange|Bill
STATE:11:ffffcr300f:9s8d|JsTd|6h7h|5h7c|4sJh|3dQh:-100|100|0|0|0|0:Pluribus|MrPink|Eddie|MrOrange|Bill|MrBlue
STATE:12:r200ffffc/cc/cr375c/cr950f:Qc6s|7c8s|9cKc|5s7s|4hTd|Ac3s/Kd9dTc/7d/2h:-50|-375|425|0|0|0:MrPink|Eddie|MrOrange|Bill|MrBlue|Pluribus
STATE:13:ffr200ffr1100r2450r10000f:Tc5h|KdAs|Kc3s|4h8c|Kh7h|Td6s:-50|2500|0|0|-2450|0:Eddie|MrOrange|Bill|MrBlue|Pluribus|MrPink
STATE:14:r225ffffc/cr425r775c/r1325c/r3625r10000f:TcQs|QhTh|Td8d|4sKc|Jc4d|Kh8c/3d8h3s/9d/Ad:-50|-3625|3675|0|0|0:MrOrange|Bill|MrBlue|Pluribus|MrPink|Eddie
STATE:15:ffr200fff:4h5d|3s7h|9s2s|3c7c|4c4d|QhTc:-50|-100|0|0|150|0:Bill|MrBlue|Pluribus|MrPink|Eddie|MrOrange
STATE:16:r210fffcf/cc/cr470f:7s7h|Jh9c|9d9s|Tc6c|Ks7d|Td5h/Ts2hAd/9h:-210|-100|310|0|0|0:MrBlue|Pluribus|MrPink|Eddie|MrOrange|Bill
STATE:17:r200fffff:ThQd|7d2s|KdAh|9c5c|Ac9s|6d5h:-50|-100|150|0|0|0:Pluribus|MrPink|Eddie|MrOrange|Bill|MrBlue
STATE:18:ffffcc/r200c/cc/cr400c:7s8c|Jh3d|2h7d|6sTs|Qd4h|3sJs/QcJc7h/6h/Kc:-400|400|0|0|0|0:MrPink|Eddie|MrOrange|Bill|MrBlue|Pluribus
STATE:19:fffr250ff:8h4c|6s4d|QcJs|7h9c|Jh9d|As4h:-50|-100|0|0|0|150:Eddie|MrOrange|Bill|MrBlue|Pluribus|MrPink
STATE:20:fffff:3c7c|5c9h|2dTc|3dKc|Js8c|2c8d:-50|50|0|0|0|0:MrOrange|Bill|MrBlue|Pluribus|MrPink|Eddie
STATE:21:ffr200ffc/cc/r390r890f:Ks5s|9c8s|Qs3s|8dTh|3h3c|8cAs/6d7h2d/3d:-50|-390|0|0|440|0:Bill|MrBlue|Pluribus|MrPink|Eddie|MrOrange
STATE:22:r210fcfff/cc/cc/r495f:3d2d|Ts5h|Qs9s|7cQh|AsQd|5s9d/5cKc4d/2c/Ks:-50|-100|360|0|-210|0:MrBlue|Pluribus|MrPink|Eddie|MrOrange|Bill
STATE:23:ffr225ffc/cr575c/cc/cc:7c4c|Ac5s|Jd6h|8c2h|7h8h|Qs9h/QhJcKc/6s/As:-50|625|0|0|-575|0:Pluribus|MrPink|Eddie|MrOrange|Bill|MrBlue
STATE:24:ffffr300c/cc/cc/r700f:7d7c|4s4h|KsJh|9s6s|3cQd|5h9c/Jc9hTh/5s/8h:300|-300|0|0|0|0:MrPink|Eddie|MrOrange|Bill|MrBlue|Pluribus
STATE:25:ffr250fff:6dTh|3sAc|TsKh|Tc5h|7d7h|Jc8h:-50|-100|0|0|150|0:Eddie|MrOrange|Bill|MrBlue|Pluribus|MrPink
STATE:26:fffr222ff:Th7s|2s7c|9d5s|6c4c|Kc4s|KsAc:-50|-100|0|0|0|150:MrOrange|Bill|MrBlue|Pluribus|MrPink|Eddie
STATE:27:ffffcc/r200f:As5c|8c3c|Kh9c|Jc2c|Qs7h|9h7d/Tc4dTs:100|-100|0|0|0|0:Bill|MrBlue|Pluribus|MrPink|Eddie|MrOrange
STATE:28:fffr250ff:Td7c|5sQh|3d5d|8s2c|Qs9d|JhTs:-50|-100|0|0|0|150:MrBlue|Pluribus|MrPink|Eddie|MrOrange|Bill
STATE:29:fffr225cf/cc/cr637f:AhQs|6dJc|3c7c|2c8c|7dKh|8h7s/Tc2d6c/9h:-225|-100|0|0|0|325:Pluribus|MrPink|Eddie|MrOrange|Bill|MrBlue
STATE:30:fr225r790ffff:9cQh|2c6s|7sAh|9sKs|As5s|7hKd:-50|-100|0|-225|375|0:MrPink|Eddie|MrOrange|Bill|MrBlue|Pluribus
STATE:31:r225fffff:Kc3s|7h6d|JdJc|Qs4c|JsTc|Qd4d:-50|-100|150|0|0|0:Eddie|MrOrange|Bill|MrBlue|Pluribus|MrPink
STATE:32:fr200r650fr1900fff:QdQc|3h7h|5hKc|AsJd|JhKh|4c7d:950|-100|0|-200|-650|0:MrOrange|Bill|MrBlue|Pluribus|MrPink|Eddie
STATE:33:ffffcr350c/cc/r800f:7d6d|2s6h|Kd8s|Th3c|Ts2h|Qh8c/3sJhQd/5h:350|-350|0|0|0|0:Bill|MrBlue|Pluribus|MrPink|Eddie|MrOrange
STATE:34:fr200fffc/cr605f:2h3d|Qs8s|Ad6s|Tc9c|7cAc|2d5h/4cKhAh:-50|-200|0|250|0|0:MrBlue|Pluribus|MrPink|Eddie|MrOrange|Bill
STATE:35:r200fffff:5dQh|3h4d|AcQs|5s6s|3d9h|7s8h:-50|-100|150|0|0|0:Pluribus|MrPink|Eddie|MrOrange|Bill|MrBlue
STATE:36:ffffcc/r200c/cr800c/cc:Kc4c|6sKs|7c8s|4h2c|2sTd|8hQd/3hKd3s/Jc/Js:-800|800|0|0|0|0:MrPink|Eddie|MrOrange|Bill|MrBlue|Pluribus
STATE:37:fffff:6s3d|2s7s|5dKs|Ts6h|2d6c|9d3s:-50|50|0|0|0|0:Eddie|MrOrange|Bill|MrBlue|Pluribus|MrPink
STATE:38:fr200ffff:6hJh|3s2d|ThQs|QdKd|4cTs|Jd2h:-50|-100|0|150|0|0:MrOrange|Bill|MrBlue|Pluribus|MrPink|Eddie
STATE:39:ffffcr350f:6sJh|AsKs|2d7d|4sKh|5d6h|Qd3c:-100|100|0|0|0|0:Bill|MrBlue|Pluribus|MrPink|Eddie|MrOrange
STATE:40:r210fffff:Ad2s|9d4s|As6s|Kh3s|5c8h|3c4c:-50|-100|150|0|0|0:MrBlue|Pluribus|MrPink|Eddie|MrOrange|Bill
STATE:41:r200fffff:5d3d|Qh6s|7c7s|Th5s|3sQs|Jc9h:-50|-100|150|0|0|0:Pluribus|MrPink|Eddie|MrOrange|Bill|MrBlue
STATE:42:ffffcr300c/cc/cc/r450f:ThKc|6dQh|8sAh|6s9d|7hJc|9s2d/8cTdAd/5h/Ks:300|-300|0|0|0|0:MrPink|Eddie|MrOrange|Bill|MrBlue|Pluribus
STATE:43:r225cffff/r675f:AcJd|7h3c|TcAs|7s7d|9s6s|9h5c/TsQcAh:-50|-100|375|-225|0|0:Eddie|MrOrange|Bill|MrBlue|Pluribus|MrPink
STATE:44:r225ffcff/cr525c/cr1425c/cr6425f:TdQd|Qs2c|5hAh|Ks4h|Ts7d|JhAc/AsAdTh/6c/Jd:-50|-100|-1425|0|0|1575:MrOrange|Bill|MrBlue|Pluribus|MrPink|Eddie
STATE:45:fffr234fr1075c/cr1850c/cc/r4662f:4hJd|KdQd|9cTs|9d4c|7h8d|Ah9h/8h3h7c/4s/5s:-50|1900|0|0|0|-1850:Bill|MrBlue|Pluribus|MrPink|Eddie|MrOrange
STATE:46:fffr250ff:2s6s|8d4c|JhTc|3d2d|JcQs|4h5h:-50|-100|0|0|0|150:MrBlue|Pluribus|MrPink|Eddie|MrOrange|Bill
STATE:47:ffr225fff:4sJd|Jc2h|4dJs|9d7d|KhKs|QsTc:-50|-100|0|0|150|0:Pluribus|MrPink|Eddie|MrOrange|Bill|MrBlue
STATE:48:fr225fffc/cr575f:As4h|3d6d|8d3s|9h8h|Kh3h|9c2s/7cThQh:-50|-225|0|275|0|0:MrPink|Eddie|MrOrange|Bill|MrBlue|Pluribus
STATE:49:ffffr300f:JdTd|7c2h|4h9d|Ac6h|6sQc|9h6d:100|-100|0|0|0|0:Eddie|MrOrange|Bill|MrBlue|Pluribus|MrPink
STATE:50:r225fffff:2dTd|8hTs|3h5h|6c7h|9h6s|Qs2c:-50|-100|150|0|0|0:MrOrange|Bill|MrBlue|Pluribus|MrPink|Eddie
STATE:51:ffr200ffr950c/r1750c/cr3525c/cr10000f:8hAd|JsJh|Ah5d|2cKs|2h2s|Kh3c/Ts5hQs/7h/Kd:-50|-3525|0|0|3575|0:Bill|MrBlue|Pluribus|MrPink|Eddie|MrOrange
STATE:52:fffr250cf/cc/r700f:9dAs|8hJc|Qs2h|8s7h|7sQh|3h3s/8d9c2c/Ac:350|-100|0|0|0|-250:MrBlue|Pluribus|MrPink|Eddie|MrOrange|Bill
STATE:53:ffffcc/cr200f:Td7s|5d6h|9cKh|8s2d|Jh5s|Js4d/3d5c3c:-100|100|0|0|0|0:Pluribus|MrPink|Eddie|MrOrange|Bill|MrBlue
STATE:54:fr225cfff/cc/cr675f:TsQd|8dJs|4h3s|4d4s|AdTd|9sAh/2cThKd/Tc:-50|-100|0|-225|375|0:MrPink|Eddie|MrOrange|Bill|MrBlue|Pluribus
STATE:55:fffr250ff:7cAh|Ks4h|2s3d|JhQs|5d2d|8c8d:-50|-100|0|0|0|150:Eddie|MrOrange|Bill|MrBlue|Pluribus|MrPink
STATE:56:ffffr250c/cr550f:2cAc|4dJd|7cKh|2s9h|Td6s|7sKc/Tc3dQs:-250|250|0|0|0|0:MrOrange|Bill|MrBlue|Pluribus|MrPink|Eddie
STATE:57:r200ffcr1000fcf/r1700r3550f:JdJh|Jc2s|AdTd|8h5d|9h3s|QdAc/Ks7d6h:-1700|-100|2000|0|0|-200:Bill|MrBlue|Pluribus|MrPink|Eddie|MrOrange
STATE:58:ffffr300f:KsTd|6c2d|8s2s|TcKh|6s3h|Jd5h:100|-100|0|0|0|0:MrBlue|Pluribus|MrPink|Eddie|MrOrange|Bill
STATE:59:r200fffff:6h8d|Jh5c|6s6d|ThQc|2sAh|3hKc:-50|-100|150|0|0|0:Pluribus|MrPink|Eddie|MrOrange|Bill|MrBlue
STATE:60:r200fcccf/cr600fcf/r1850r3950c/cr10000c:9c9d|2h9h|QdQc|Ac5h|JhJs|7s7c/7hKcQs/8d/8s:-200|-100|10500|0|-200|-10000:MrPink|Eddie|MrOrange|Bill|MrBlue|Pluribus
STATE:61:r225fffff:5d2s|5h4c|9s9c|TsKc|2c7c|8s6s:-50|-100|150|0|0|0:Eddie|MrOrange|Bill|MrBlue|Pluribus|MrPink
STATE:62:fffff:Tc2s|Kc8s|TsAc|7c3c|9s5s|8h2d:-50|50|0|0|0|0:MrOrange|Bill|MrBlue|Pluribus|MrPink|Eddie
STATE:63:ffr200ffc/cc/r537c/cr1661f:3c4h|3hQh|Kc3d|9d5s|TsKd|5cJh/6d8h9h/4s/8c:-50|-537|0|0|587|0:Bill|MrBlue|Pluribus|MrPink|Eddie|MrOrange
STATE:64:fr200ffff:Td3d|3c8s|Kd4d|JhAc|9cQd|Kc8h:-50|-100|0|150|0|0:MrBlue|Pluribus|MrPink|Eddie|MrOrange|Bill
STATE:65:r200ffffc/cr605f:7sKc|6d7c|As2s|8s5d|9hQc|3dAc/JhTdQd:-50|-200|250|0|0|0:Pluribus|MrPink|Eddie|MrOrange|Bill|MrBlue
STATE:66:fr225fffc/cc/cc/cr525f:7hJh|Ah2h|Qh7s|Th8h|6s2d|KcJd/5d4dKs/Td/6h:-50|-225|0|275|0|0:MrPink|Eddie|MrOrange|Bill|MrBlue|Pluribus
STATE:67:r225fffff:3dJc|2c9c|TcTh|Qs6h|5d3h|7sJd:-50|-100|150|0|0|0:Eddie|MrOrange|Bill|MrBlue|Pluribus|MrPink
STATE:68:fr225fcfc/cr587ff:Ts9c|6c7c|4s5d|JcQh|3c5s|7s6s/Kc2h9s:-50|-225|0|500|0|-225:MrOrange|Bill|MrBlue|Pluribus|MrPink|Eddie
STATE:69:ffffcc/cc/cc/cc:9hAs|4s3c|Jd4h|2cTd|3h5d|2sQs/5s4cKs/Tc/Jc:-100|100|0|0|0|0:Bill|MrBlue|Pluribus|MrPink|Eddie|MrOrange
STATE:70:r210ffr750ffr2300c/r3450c/r10000c/:7c8s|9h7s|QdQc|KdTh|6cKh|JdJh/6s6hJc/3s/8h:-50|-100|-10000|0|0|10150:MrBlue|Pluribus|MrPink|Eddie|MrOrange|Bill
STATE:71:ffffcc/r300c/cc/cc:Td2d|9sQd|5d9h|2cJd|4cKc|3d5h/AsAh4d/Ks/6s:-300|300|0|0|0|0:Pluribus|MrPink|Eddie|MrOrange|Bill|MrBlue
STATE:72:ffr225ffc/cc/cc/r725f:Kh6s|2dJd|JcQs|7d2c|3s3c|9c5s/4s8s7s/Kc/6d:-50|275|0|0|-225|0:MrPink|Eddie|MrOrange|Bill|MrBlue|Pluribus
STATE:73:r225fffcf/r390c/r1710c/r2560f:JsAs|2h6d|Ts8s|9d5d|6h5c|7d4c/3s5s2d/9h/4h:1810|-100|-1710|0|0|0:Eddie|MrOrange|Bill|MrBlue|Pluribus|MrPink
STATE:74:r225fr700fffr2375c/cc/cc/r5525f:AsQc|8s8c|QsAd|7hTs|9h9c|5sJd/4hAh8d/8h/3c:-50|-100|2525|0|-2375|0:MrOrange|Bill|MrBlue|Pluribus|MrPink|Eddie
STATE:75:ffr200ffc/cr300c/cc/cc:9dJd|5h7s|Ac5d|2s6c|TsQd|4s9s/AhAd7h/7c/Kc:-50|350|0|0|-300|0:Bill|MrBlue|Pluribus|MrPink|Eddie|MrOrange
STATE:76:ffr210cfr1500ff:3sQh|QsAd|Js6s|5h7d|Ac2c|7s5s:-50|470|0|0|-210|-210:MrBlue|Pluribus|MrPink|Eddie|MrOrange|Bill
STATE:77:fffff:Th5s|Tc5c|3s8h|Qh7h|8cKd|Qc7s:-50|50|0|0|0|0:Pluribus|MrPink|Eddie|MrOrange|Bill|MrBlue
STATE:78:fffff:6d5c|AcTd|Ad8h|3s9h|Kh8c|5s3d:-50|50|0|0|0|0:MrPink|Eddie|MrOrange|Bill|MrBlue|Pluribus
STATE:79:ffr200fff:Jd5c|7s5d|9d8s|8dAc|JhTs|6c2d:-50|-100|0|0|150|0:Eddie|MrOrange|Bill|MrBlue|Pluribus|MrPink
STATE:80:fffr222ff:6hKc|2c5d|TsJd|7h2d|6d7c|JhJs:-50|-100|0|0|0|150:MrOrange|Bill|MrBlue|Pluribus|MrPink|Eddie
STATE:81:ffr200cfc/cr363fc/cr1138c/cr5638r10000f:Ah2s|QdJc|8d6c|2dJh|Js6s|8c8s/7dTsQc/Kh/3d:-50|5888|0|0|-5638|-200:Bill|MrBlue|Pluribus|MrPink|Eddie|MrOrange
STATE:82:fr200ffff:8h9s|Qs4d|4h3d|JhAs|2h3h|9d5h:-50|-100|0|150|0|0:MrBlue|Pluribus|MrPink|Eddie|MrOrange|Bill
STATE:83:fffff:6hJd|4dQs|7s3s|6c9s|7hAc|4hTs:-50|50|0|0|0|0:Pluribus|MrPink|Eddie|MrOrange|Bill|MrBlue
STATE:84:r200fffff:4s9c|6h2d|AhAd|Jd9h|4c7h|9dQc:-50|-100|150|0|0|0:MrPink|Eddie|MrOrange|Bill|MrBlue|Pluribus
STATE:85:fr225fr700ffr2500r10000c///:Qc9c|6c8h|3dJc|KsKd|JsTh|TcAc/QdJh2s/Kh/5c:-50|-100|0|-10000|0|10150:Eddie|MrOrange|Bill|MrBlue|Pluribus|MrPink
STATE:86:r225fffff:As3c|8s6h|QcAd|2sTc|2d4d|5d7d:-50|-100|150|0|0|0:MrOrange|Bill|MrBlue|Pluribus|MrPink|Eddie
STATE:87:r200fffff:5dTs|4d2c|7d6d|6cQh|Qd7h|6hAc:-50|-100|150|0|0|0:Bill|MrBlue|Pluribus|MrPink|Eddie|MrOrange
STATE:88:ffffcc/cr200f:6c3c|9d3d|Jh5d|2d7h|3sJs|Qd2h/KcJdQh:-100|100|0|0|0|0:MrBlue|Pluribus|MrPink|Eddie|MrOrange|Bill
STATE:89:fffr225fc/cr475f:4dKh|Ts7d|5c8s|Ah6c|2hQc|Ad2s/Jc8hQd:-50|-225|0|0|0|275:Pluribus|MrPink|Eddie|MrOrange|Bill|MrBlue
STATE:90:ffffcc/cr200f:9sKd|5h4c|9c8h|Kc7s|Jh4h|5sTh/Td3h2h:-100|100|0|0|0|0:MrPink|Eddie|MrOrange|Bill|MrBlue|Pluribus
STATE:91:ffr225fff:Ts9d|3d8s|Kh9s|3sTd|Ad5d|2sQd:-50|-100|0|0|150|0:Eddie|MrOrange|Bill|MrBlue|Pluribus|MrPink
STATE:92:fr200ffff:9s7c|4hTs|5d2c|JdQc|Ks9d|9c3d:-50|-100|0|150|0|0:MrOrange|Bill|MrBlue|Pluribus|MrPink|Eddie
STATE:93:ffffcc/cc/r300f:Kd2h|Kh2c|8c7h|6d5c|9h3c|4h7d/QdJh5s/Tc:100|-100|0|0|0|0:Bill|MrBlue|Pluribus|MrPink|Eddie|MrOrange
STATE:94:fffff:Qs4c|Qc3c|Jc3s|6s7c|Tc2c|2hJh:-50|50|0|0|0|0:MrBlue|Pluribus|MrPink|Eddie|MrOrange|Bill
STATE:95:r200fffff:4d3c|Js3h|7h7d|3sKd|8c4c|9cTh:-50|-100|150|0|0|0:Pluribus|MrPink|Eddie|MrOrange|Bill|MrBlue
STATE:96:r200ffffc/cr375c/cc/cc:Kh3c|5h5c|KcAh|KdJc|Td2s|7hAc/Ks4h9h/Tc/Js:-50|-375|425|0|0|0:MrPink|Eddie|MrOrange|Bill|MrBlue|Pluribus
STATE:97:fffr250r1100fc/cr2020r3450r5180f:6hAh|6sAc|3h4h|TdJs|Qd3c|AdJd/9s7d8c:-3450|-100|0|0|0|3550:Eddie|MrOrange|Bill|MrBlue|Pluribus|MrPink
STATE:98:fffr222ff:2h4c|Jh7s|8sJd|Ts4d|3dTc|AdJc:-50|-100|0|0|0|150:MrOrange|Bill|MrBlue|Pluribus|MrPink|Eddie
STATE:99:fffr234r1000ff:TsKh|7s4s|9sJd|2cAh|2s4h|2h2d:334|-100|0|0|0|-234:Bill|MrBlue|Pluribus|MrPink|Eddie|MrOrange
STATE:100:ffffr300r900r2700c/cc/cc/r10000c:KhAh|AsQd|4c8c|9s6c|3d5c|Qc8d/Ac7h9h/5h/4d:10000|-10000|0|0|0|0:MrBlue|Pluribus|MrPink|Eddie|MrOrange|Bill
STATE:101:fffr225cf/cr637f:8hTh|2s8c|6d4h|Ts9h|As6h|7hKh/3h5s7s:-225|-100|0|0|0|325:Pluribus|MrPink|Eddie|MrOrange|Bill|MrBlue
STATE:102:ffffcr300c/cr450f:8s7h|Jd4s|Tc2c|Qs6h|2h6s|5c8h/4h4c9s:-300|300|0|0|0|0:MrPink|Eddie|MrOrange|Bill|MrBlue|Pluribus
STATE:103:fr225ffff:4s8h|8s6h|5sTh|JhAh|2h7d|Tc3s:-50|-100|0|150|0|0:Eddie|MrOrange|Bill|MrBlue|Pluribus|MrPink
STATE:104:fr250ffff:Kh6c|Ks7d|9dAs|7c7s|TcAh|8s3h:-50|-100|0|150|0|0:MrOrange|Bill|MrBlue|Pluribus|MrPink|Eddie
STATE:105:fr210cffc/ccc/cr1210ff:Jd3s|2d4d|3dQd|KsJc|ThTc|7s4h/6h7hKh/Js:-50|-210|0|470|-210|0:Bill|MrBlue|Pluribus|MrPink|Eddie|MrOrange
STATE:106:fr200ffff:9h6s|Jc7h|Qh6c|JdQd|Js3d|7c3h:-50|-100|0|150|0|0:MrBlue|Pluribus|MrPink|Eddie|MrOrange|Bill
STATE:107:fr210fcff/cr480c/cc/cc:7d6s|2c6h|Qc4c|AhKc|4sAc|9sAs/JsTs2h/5c/3d:-50|-100|0|630|0|-480:Pluribus|MrPink|Eddie|MrOrange|Bill|MrBlue
STATE:108:ffffcr300f:4sTs|9dQs|4d6h|Qc2h|5c8s|7h3c:-100|100|0|0|0|0:MrPink|Eddie|MrOrange|Bill|MrBlue|Pluribus
STATE:109:fr225r675fffc/cr1050c/cr4425f:8sTs|Qh5s|Jh2h|7c6c|Ks9s|7h9h/6hAc4h/2d:-50|-100|0|-1050|1200|0:Eddie|MrOrange|Bill|MrBlue|Pluribus|MrPink
STATE:110:ffr210fff:6d2h|8d5s|5c7d|6c4s|9cJc|3dJs:-50|-100|0|0|150|0:MrOrange|Bill|MrBlue|Pluribus|MrPink|Eddie
STATE:111:fffff:4sQd|3c8s|8d4c|8h5s|5dAs|5h9h:-50|50|0|0|0|0:Bill|MrBlue|Pluribus|MrPink|Eddie|MrOrange
STATE:112:ffffcc/cr200c/cr400f:7cAh|5hJh|9h8s|Jd5d|4hAd|7s4s/Tc3cJs/Td:-200|200|0|0|0|0:MrBlue|Pluribus|MrPink|Eddie|MrOrange|Bill
STATE:113:fffr225r912fc/cc/cc/r1874c:AdJd|6h3h|6d4h|2s5s|7dJc|Qd9d/2c9sAc/7h/Jh:1974|-100|0|0|0|-1874:Pluribus|MrPink|Eddie|MrOrange|Bill|MrBlue
STATE:114:r200fffff:8c7h|2h4d|3dAd|6sJs|KdJd|JcTh:-50|-100|150|0|0|0:MrPink|Eddie|MrOrange|Bill|MrBlue|Pluribus
STATE:115:ffffr300c/r450c/r1170c/cc:Ah9h|Jd9s|7d5s|TdJs|4sJh|3c7s/Ad9c4d/2c/Qc:1170|-1170|0|0|0|0:Eddie|MrOrange|Bill|MrBlue|Pluribus|MrPink
STATE:116:fffff:6hQs|Jh3c|Th3h|6dQd|Tc8d|3sQc:-50|50|0|0|0|0:MrOrange|Bill|MrBlue|Pluribus|MrPink|Eddie
STATE:117:r250fffff:Ac7s|6d2h|KdQs|3s2s|8s2c|6h3c:-50|-100|150|0|0|0:Bill|MrBlue|Pluribus|MrPink|Eddie|MrOrange
STATE:118:ffffr300c/cc/r712c/cc:JcKd|9cAh|7h5c|8s3d|8dAs|2c6h/3s6cTc/9h/7d:-712|712|0|0|0|0:MrBlue|Pluribus|MrPink|Eddie|MrOrange|Bill
STATE:119:r200ffffc/cr1100c/cc/cc:2d4s|Kc9s|QhAs|3s3d|5sQd|7h5c/6s9d4d/8c/6d:-50|1150|-1100|0|0|0:Pluribus|MrPink|Eddie|MrOrange|Bill|MrBlue
STATE:120:fr225fcfc/ccc/cr500fr1775f:KsQd|5dJd|9s6s|AdJh|9h5s|Ac7c/3s2d3h/Td:-50|775|0|-500|0|-225:MrPink|Eddie|MrOrange|Bill|MrBlue|Pluribus
STATE:121:r225cffff/cr475c/cr2375c/cr10000f:4hAs|4dKc|ThAh|AdKh|8d5d|2hQc/2d7cAc/6d/2s:-50|-100|-2375|2525|0|0:Eddie|MrOrange|Bill|MrBlue|Pluribus|MrPink
STATE:122:r225ffffc/cc/r525f:6cAc|8hJh|JsAd|3dQs|6s6h|As2h/3s3h9c/2c:-50|275|-225|0|0|0:MrOrange|Bill|MrBlue|Pluribus|MrPink|Eddie
STATE:123:ffr222ccc/ccr388ccf/ccr1288cf/cr3176f:6d6c|5cKc|8c3s|7sTh|7h7d|JdQd/8d5d3d/2s/Ac:-1288|-222|0|0|-388|1898:Bill|MrBlue|Pluribus|MrPink|Eddie|MrOrange
STATE:124:ffr220fcf/cc/cc/cc:Ad5d|2h6s|TcQh|8h6d|QsAc|3cJd/Kh7d8d/5h/2c:320|-100|0|0|-220|0:MrBlue|Pluribus|MrPink|Eddie|MrOrange|Bill
STATE:125:ffr225fff:4dJs|5s3c|5h9h|8h2c|TcTh|2h8d:-50|-100|0|0|150|0:Pluribus|MrPink|Eddie|MrOrange|Bill|MrBlue
STATE:126:ffr225ffc/cr475f:9dAs|Ac6h|8h2s|Th2c|4s4d|8s5s/Qh3cKh:-50|-225|0|0|275|0:MrPink|Eddie|MrOrange|Bill|MrBlue|Pluribus
STATE:127:fffr250ff:7s2d|9d3d|8d4h|7h9c|6hQs|QcJd:-50|-100|0|0|0|150:Eddie|MrOrange|Bill|MrBlue|Pluribus|MrPink
STATE:128:r225fffcf/cc/cc/cc:AsKs|5cKd|8s7s|7d6s|4c4d|Qd6d/9dQsTs/8c/Qh:-225|-100|325|0|0|0:MrOrange|Bill|MrBlue|Pluribus|MrPink|Eddie
STATE:129:ffffcc/cr200f:Qd2d|8s4s|4h6s|Ts7s|3dTd|2cAd/3c5h5c:-100|100|0|0|0|0:Bill|MrBlue|Pluribus|MrPink|Eddie|MrOrange
STATE:130:fr200fr725fff:2c3c|Ah8s|3h6c|KcQd|Th7s|8cTc:-50|-100|0|-200|0|350:MrBlue|Pluribus|MrPink|Eddie|MrOrange|Bill
STATE:131:ffffr250f:Ac3s|6s3d|9hJs|Ad2s|4c6h|3h5c:100|-100|0|0|0|0:Pluribus|MrPink|Eddie|MrOrange|Bill|MrBlue
STATE:132:fffr225cf/cr775f:JcKd|3dKc|Ah7c|4s6c|Js4c|Qc3c/5h2s5d:-225|-100|0|0|0|325:MrPink|Eddie|MrOrange|Bill|MrBlue|Pluribus
STATE:133:r225fffff:9cAs|Jd5h|AhKh|9h8s|Qd6h|Ac6s:-50|-100|150|0|0|0:Eddie|MrOrange|Bill|MrBlue|Pluribus|MrPink
STATE:134:fffff:3hKs|2s9s|Kd7s|3c6h|6dJd|8h4s:-50|50|0|0|0|0:MrOrange|Bill|MrBlue|Pluribus|MrPink|Eddie
STATE:135:ffffcc/cc/cc/cc:9d8s|7s6d|Th6s|5h7h|5s3c|2dJd/7cQh8h/Jc/Ad:100|-100|0|0|0|0:Bill|MrBlue|Pluribus|MrPink|Eddie|MrOrange
