# name/game/hands/seed sample_game_92 ../lib/python-client/acpc_infrastructure/holdem.nolimit.6p.game 10000 92
#--t_response 600000000
#--t_hand 600000000
#--t_per_hand 600000000
STATE:0:fr225fr675ffc/cr1050c/cr2175f:5s4h|Jh8c|3hTh|TsJs|3d9h|QsAs/Jd6c6d/9d:-50|-100|0|-1050|0|1200:MrOrange|MrWhite|MrBlue|Budd|Bill|Pluribus
STATE:1:r225fffff:9dQc|Kd4c|AcTc|9s4h|7h6s|Qs5s:-50|-100|150|0|0|0:MrWhite|MrBlue|Budd|Bill|Pluribus|MrOrange
STATE:2:r225fcfr1250ffc/cc/cc/cr2925f:KhAc|QcAh|3c3d|9cTh|JdJc|8c4c/7sQd3s/5d/7d:-1250|-100|-225|0|1575|0:MrBlue|Budd|Bill|Pluribus|MrOrange|MrWhite
STATE:3:ffr225ffc/cr550c/cc/r950f:TdJc|Ks9h|Qh8d|3c7h|5d6d|4h3d/7d2h9s/Th/3h:-50|600|0|0|-550|0:Budd|Bill|Pluribus|MrOrange|MrWhite|MrBlue
STATE:4:ffr225fff:Jh3h|Jd6s|Kd6d|7h2c|7cKc|8s5h:-50|-100|0|0|150|0:Bill|Pluribus|MrOrange|MrWhite|MrBlue|Budd
STATE:5:fffr250cf/cr550c/cc/r1150c:Ad6d|Th7d|2d5c|3d7s|Ac4h|QsTs/3c6hTc/4c/As:1250|-100|0|0|0|-1150:Pluribus|MrOrange|MrWhite|MrBlue|Budd|Bill
STATE:6:ffr225ffr725f:4d3d|AcKd|6h2h|5c8s|TdQh|5d2d:-50|275|0|0|-225|0:MrOrange|MrWhite|MrBlue|Budd|Bill|Pluribus
STATE:7:r225fffr775fc/cc/cc/cc:5sAs|5d7c|9s8s|Th3d|Ah7d|Ks4s/6h3hQc/Kc/3c:875|-100|-775|0|0|0:MrWhite|MrBlue|Budd|Bill|Pluribus|MrOrange
STATE:8:fffr225fc/cc/cc/cr475f:Jd4h|2d2s|3sKh|4d3d|2hTs|Ac8s/9hQd7d/Js/As:-50|-225|0|0|0|275:MrBlue|Budd|Bill|Pluribus|MrOrange|MrWhite
STATE:9:r200ffffc/cc/cr312c/cc:6c9c|JsAc|As8s|3cKc|7hQc|Td9h/3hQs4h/7s/Kd:-50|362|-312|0|0|0:Budd|Bill|Pluribus|MrOrange|MrWhite|MrBlue
STATE:10:ffffcc/cc/r200c/cc:9h8c|5s8d|4h2d|Js6s|5cKs|6c3s/5hTd6d/Tc/Qs:-200|200|0|0|0|0:Bill|Pluribus|MrOrange|MrWhite|MrBlue|Budd
STATE:11:ffffr250c/cc/r500c/r1000c:8c9d|Ah7s|9h6d|Ts2d|As7h|3h8s/2c2h4s/7c/Td:-1000|1000|0|0|0|0:Pluribus|MrOrange|MrWhite|MrBlue|Budd|Bill
STATE:12:fffr250fc/cr1350f:7hJh|Ks3d|Ad4h|4s8h|5c4d|QdJs/3h8d9c:-50|-250|0|0|0|300:MrOrange|MrWhite|MrBlue|Budd|Bill|Pluribus
STATE:13:fffff:6d7h|2d4c|5cKc|6cKs|Qs6h|Jd7d:-50|50|0|0|0|0:MrWhite|MrBlue|Budd|Bill|Pluribus|MrOrange
STATE:14:ffffcc/cr200f:Kd6h|Td9c|Qd7s|8h3h|3d6d|Jd4s/Tc2s7d:-100|100|0|0|0|0:MrBlue|Budd|Bill|Pluribus|MrOrange|MrWhite
STATE:15:ffr225ffc/cr600f:Qh9d|JcKh|6d5h|7h4h|JsJd|2s6c/4c8dTd:-50|-225|0|0|275|0:Budd|Bill|Pluribus|MrOrange|MrWhite|MrBlue
STATE:16:ffffcr275r1100c/r2200f:8hTh|5sAs|8s3d|6h7c|4s2d|3sJd/JhQd7s:1100|-1100|0|0|0|0:Bill|Pluribus|MrOrange|MrWhite|MrBlue|Budd
STATE:17:r225fr720r1600ffff:5c7c|3hJs|AsKd|Td4d|QhJh|9h9s:-50|-100|-225|0|-720|1095:Pluribus|MrOrange|MrWhite|MrBlue|Budd|Bill
STATE:18:r225cffff/cr525f:8c7d|Qd4s|QcJc|QsAs|6c9s|6d2h/4h7s9d:-50|-100|-225|375|0|0:MrOrange|MrWhite|MrBlue|Budd|Bill|Pluribus
STATE:19:fffff:3dTh|4h8h|9c5c|Ac9d|9h5s|7d2d:-50|50|0|0|0|0:MrWhite|MrBlue|Budd|Bill|Pluribus|MrOrange
STATE:20:ffffr250c/r625c/r1583c/r4228c:6h4h|QsJh|9c2d|5cQc|Js9d|9s2s/Jd2cAh/Qh/7h:4228|-4228|0|0|0|0:MrBlue|Budd|Bill|Pluribus|MrOrange|MrWhite
STATE:21:fffff:4s6d|QhQc|7s9d|5hJd|6h5s|2d8d:-50|50|0|0|0|0:Budd|Bill|Pluribus|MrOrange|MrWhite|MrBlue
STATE:22:r200fcfcf/cr575ff:3c3h|7sQs|JdTd|6dJc|TcAc|4cAd/9d4hKd:-200|-100|500|0|-200|0:Bill|Pluribus|MrOrange|MrWhite|MrBlue|Budd
STATE:23:fffr250ff:Ac4d|3dJh|Th7s|2s8h|Ks2h|Ah8c:-50|-100|0|0|0|150:Pluribus|MrOrange|MrWhite|MrBlue|Budd|Bill
STATE:24:ffr225cff/cr825f:5d6s|6hJd|9h7s|6d5h|QdAh|3h3c/8c4d9c:-50|-100|0|0|-225|375:MrOrange|MrWhite|MrBlue|Budd|Bill|Pluribus
STATE:25:ffr287fff:Ah5c|6h3s|5d3c|Th2s|QhAc|6cJc:-50|-100|0|0|150|0:MrWhite|MrBlue|Budd|Bill|Pluribus|MrOrange
STATE:26:r225fffff:Kc3h|6h5c|2h2c|9dJs|8dQc|Ac8s:-50|-100|150|0|0|0:MrBlue|Budd|Bill|Pluribus|MrOrange|MrWhite
STATE:27:r200fffff:4d7h|2dAh|ThTd|5sTs|9dAd|8sJd:-50|-100|150|0|0|0:Budd|Bill|Pluribus|MrOrange|MrWhite|MrBlue
STATE:28:fr225fffc/cc/r1225f:JsTc|3d4d|JdKh|3c4c|9d5h|8c7h/QhAh6d/5c:-50|275|0|-225|0|0:Bill|Pluribus|MrOrange|MrWhite|MrBlue|Budd
STATE:29:fffr250ff:Tc3h|2d3c|8dKc|3d5c|Ks6h|9sTh:-50|-100|0|0|0|150:Pluribus|MrOrange|MrWhite|MrBlue|Budd|Bill
STATE:30:ffr225ffc/cr575f:Qc3d|Kh7h|8hKs|Th8c|AcJs|4c2c/7dJdQs:-50|-225|0|0|275|0:MrOrange|MrWhite|MrBlue|Budd|Bill|Pluribus
STATE:31:fffr244ff:Qs2s|5d8c|Jd6s|3c6d|5c4d|QdKs:-50|-100|0|0|0|150:MrWhite|MrBlue|Budd|Bill|Pluribus|MrOrange
STATE:32:fr225ffff:4sTs|5cTh|Kd4c|QsAh|9s7s|6h2d:-50|-100|0|150|0|0:MrBlue|Budd|Bill|Pluribus|MrOrange|MrWhite
STATE:33:ffffr300c/r500c/cr1250c/cc:5d7d|7hAc|2dJh|2hQc|8h2c|4sTh/Jd5cAh/Td/6d:1250|-1250|0|0|0|0:Budd|Bill|Pluribus|MrOrange|MrWhite|MrBlue
STATE:34:fr225ffff:8d2c|9h2h|5d3d|KsJs|4d7s|Kc7d:-50|-100|0|150|0|0:Bill|Pluribus|MrOrange|MrWhite|MrBlue|Budd
STATE:35:ffffcc/cc/cc/cc:Jc7h|Jd8s|Ks7s|4hAc|6h5d|Td5h/As5s4c/Ah/Tc:-100|100|0|0|0|0:Pluribus|MrOrange|MrWhite|MrBlue|Budd|Bill
STATE:36:ffr225fff:2d6d|5dQh|8s4c|4sJs|7cTc|4dKc:-50|-100|0|0|150|0:MrOrange|MrWhite|MrBlue|Budd|Bill|Pluribus
STATE:37:fffff:4h2s|2c5s|7h3h|4c8s|6h8c|9sKh:-50|50|0|0|0|0:MrWhite|MrBlue|Budd|Bill|Pluribus|MrOrange
STATE:38:r225fffff:5s5c|2sQd|ThKh|4s3d|6s9s|Jd8s:-50|-100|150|0|0|0:MrBlue|Budd|Bill|Pluribus|MrOrange|MrWhite
STATE:39:fr208ffr900cc/ccc/r2450ff:JhJd|6c4c|Ks5s|Ah8h|As9c|8cKc/7c6dTd/7h:1800|-900|0|-900|0|0:Budd|Bill|Pluribus|MrOrange|MrWhite|MrBlue
STATE:40:fr225fr720fff:2cQs|JdTd|5hKh|JhAs|Qh3s|7sTs:-50|-100|0|-225|0|375:Bill|Pluribus|MrOrange|MrWhite|MrBlue|Budd
STATE:41:ffffcr300f:5s6h|Ac2d|9sJh|3c2s|Qd3h|5c4d:-100|100|0|0|0|0:Pluribus|MrOrange|MrWhite|MrBlue|Budd|Bill
STATE:42:ffr225cfc/ccc/ccc/cr600ff:7d5h|Qc8d|6dQs|4c5s|JdAd|2hAh/2cTc7c/8h/9h:-50|-225|0|0|500|-225:MrOrange|MrWhite|MrBlue|Budd|Bill|Pluribus
STATE:43:ffffr300r900r2500r10000c///:QsQd|AdAh|Ts5h|3sQh|7h2h|6sJd/9c2s9d/6d/4s:-10000|10000|0|0|0|0:MrWhite|MrBlue|Budd|Bill|Pluribus|MrOrange
STATE:44:fffr225fc/cc/cc/cc:9s8d|9dKs|Th7d|4d5c|6hTd|AhQd/2h6c5d/2d/6d:-50|-225|0|0|0|275:MrBlue|Budd|Bill|Pluribus|MrOrange|MrWhite
STATE:45:fffr225r900ff:AhJc|6d6c|7cTs|3dQd|Kd7h|6sAd:325|-100|0|0|0|-225:Budd|Bill|Pluribus|MrOrange|MrWhite|MrBlue
STATE:46:fr225fffc/cc/r725c/r2225f:Qh6s|6d5c|Ts9h|As8s|9d7d|7c9s/2dJsJd/8d/6h:-50|775|0|-725|0|0:Bill|Pluribus|MrOrange|MrWhite|MrBlue|Budd
STATE:47:r225ffffc/cr475c/cr975f:6dTs|QdKh|4s4h|7h3s|Ks2c|2s5s/4c4d8d/9c:-50|-475|525|0|0|0:Pluribus|MrOrange|MrWhite|MrBlue|Budd|Bill
STATE:48:fr225fffc/cc/r600c/cc:Qc3h|7sTs|4h8c|AhTh|6h2c|2dKs/Jc9sJs/Kd/7c:-50|650|0|-600|0|0:MrOrange|MrWhite|MrBlue|Budd|Bill|Pluribus
STATE:49:ffffr300c/r600f:JhJc|Jd8d|8cKh|6s5c|7s2h|6dKd/5dAs2s:300|-300|0|0|0|0:MrWhite|MrBlue|Budd|Bill|Pluribus|MrOrange
STATE:50:r225fffff:Kh4c|4sKc|QdQh|Qs4h|Td5s|5c6c:-50|-100|150|0|0|0:MrBlue|Budd|Bill|Pluribus|MrOrange|MrWhite
STATE:51:r250ffffc/cr800f:3hTd|QdJc|8dKd|4h9d|4c8c|7cKs/5h4dTc:-50|-250|300|0|0|0:Budd|Bill|Pluribus|MrOrange|MrWhite|MrBlue
STATE:52:fffr250fc/cc/cr475c/cr875f:6c5h|QsTd|Kc2h|8s6h|7h4h|As7d/Ad3c5d/Tc/8c:-50|-475|0|0|0|525:Bill|Pluribus|MrOrange|MrWhite|MrBlue|Budd
STATE:53:ffr225fff:9hKc|5hJc|3s4h|3h2s|QdAs|6d5s:-50|-100|0|0|150|0:Pluribus|MrOrange|MrWhite|MrBlue|Budd|Bill
STATE:54:fr225r700ffff:2d8c|9sAd|As5c|4c4d|AcTc|Ah6s:-50|-100|0|-225|375|0:MrOrange|MrWhite|MrBlue|Budd|Bill|Pluribus
STATE:55:ffffr300c/cc/cr750c/cc:7sQs|8dKc|KhJs|8h2d|6dAs|2c5h/2sQh9c/4s/Ah:750|-750|0|0|0|0:MrWhite|MrBlue|Budd|Bill|Pluribus|MrOrange
STATE:56:ffr222fff:6h9s|3cTd|Kc2c|4d8c|KsJc|6s2h:-50|-100|0|0|150|0:MrBlue|Budd|Bill|Pluribus|MrOrange|MrWhite
STATE:57:ffr225fr900ff:AsKh|9sTs|8d5c|8sAd|2s2c|6dJh:325|-100|0|0|-225|0:Budd|Bill|Pluribus|MrOrange|MrWhite|MrBlue
STATE:58:ffr225fff:As8d|8c3h|Jd6s|TdKh|KsQs|8h9d:-50|-100|0|0|150|0:Bill|Pluribus|MrOrange|MrWhite|MrBlue|Budd
STATE:59:fr225ffff:8hAc|As5h|Kh7s|5d5c|Th3h|9c4h:-50|-100|0|150|0|0:Pluribus|MrOrange|MrWhite|MrBlue|Budd|Bill
STATE:60:fffr287fc/cc/cr443f:3c7s|5d5h|5s4h|4cTh|9d2c|AdKc/3dJs2h/Qd:-50|-287|0|0|0|337:MrOrange|MrWhite|MrBlue|Budd|Bill|Pluribus
STATE:61:fffff:Js5c|KsTd|2dKc|4sQh|6c4c|Ts6d:-50|50|0|0|0|0:MrWhite|MrBlue|Budd|Bill|Pluribus|MrOrange
STATE:62:r225ffffc/cr575c/cc/r875f:2h5h|Ah7s|AsTs|Ac4s|Qh7c|5c6s/6c9d8s/3h/5s:-50|625|-575|0|0|0:MrBlue|Budd|Bill|Pluribus|MrOrange|MrWhite
STATE:63:ffr225ffc/cr600r1275c/r3275f:5c5d|Qs6s|7hAc|8cJc|QhAd|ThAs/TsQd6d/9s:-50|1325|0|0|-1275|0:Budd|Bill|Pluribus|MrOrange|MrWhite|MrBlue
STATE:64:ffffcc/cr200f:6d9h|2cKh|7dTd|5sQh|Jc6c|5c6s/2h4d4c:-100|100|0|0|0|0:Bill|Pluribus|MrOrange|MrWhite|MrBlue|Budd
STATE:65:fffr250cf/cc/cr650f:8h8c|9c7h|5hAs|Qc5c|3h8d|9hAd/KcQsTc/2d:-250|-100|0|0|0|350:Pluribus|MrOrange|MrWhite|MrBlue|Budd|Bill
