# name/game/hands/seed sample_game_64 ../lib/python-client/acpc_infrastructure/holdem.nolimit.6p.game 10000 64
#--t_response 600000000
#--t_hand 600000000
#--t_per_hand 600000000
STATE:0:fffff:5d2c|Kh3d|Ah2d|Tc2h|6d7s|5cKd:-50|50|0|0|0|0:MrBlue|MrPink|Bill|Eddie|Joe|Pluribus
STATE:1:r200fccff/cr575ff:8h9d|2h8c|7d7h|5d8d|QdAs|7c9c/AhQh3c:-50|-100|-200|0|550|-200:MrPink|Bill|Eddie|Joe|Pluribus|MrBlue
STATE:2:ffr225r700fff:Td5c|Th7d|4hJd|7s5d|QcJh|6dKd:-50|-100|0|0|-225|375:Bill|Eddie|Joe|Pluribus|MrBlue|MrPink
STATE:3:ffffr300f:9hQs|6dJc|6sQh|4h5d|9sQc|9d2d:100|-100|0|0|0|0:Eddie|Joe|Pluribus|MrBlue|MrPink|Bill
STATE:4:fr210fccf/ccc/r810r2257ff:JdKc|2d4h|5cJh|QsJs|Ks6d|6h6c/9hQh7c/2s:-810|-100|0|1120|0|-210:Joe|Pluribus|MrBlue|MrPink|Bill|Eddie
STATE:5:ffffcc/r300f:Ad6d|Jd4h|Js8s|6cQh|Ts7h|3d7s/Tc3c6h:100|-100|0|0|0|0:Pluribus|MrBlue|MrPink|Bill|Eddie|Joe
STATE:6:fffr225ff:4d8c|5hTd|3s4s|7s2d|2hJs|AdTc:-50|-100|0|0|0|150:MrBlue|MrPink|Bill|Eddie|Joe|Pluribus
STATE:7:fr250ffff:2dJs|6cKd|6s2c|QcAs|3s7c|Qd6h:-50|-100|0|150|0|0:MrPink|Bill|Eddie|Joe|Pluribus|MrBlue
STATE:8:ffr225fff:3s8c|Qd5s|3h2s|7sTd|6cKc|4sAh:-50|-100|0|0|150|0:Bill|Eddie|Joe|Pluribus|MrBlue|MrPink
STATE:9:ffr210fff:8cQs|2sKc|Jd9s|Qd8h|AhAc|6hJh:-50|-100|0|0|150|0:Eddie|Joe|Pluribus|MrBlue|MrPink|Bill
STATE:10:ffr225ffc/cr475c/cc/cc:JdQh|5s5h|9d8c|2d9s|KsJc|9cKh/4d2cTs/7h/3s:-50|525|0|0|-475|0:Joe|Pluribus|MrBlue|MrPink|Bill|Eddie
STATE:11:fffr250ff:5s4d|9d4h|9c4s|Kh2s|8d3h|As5d:-50|-100|0|0|0|150:Pluribus|MrBlue|MrPink|Bill|Eddie|Joe
STATE:12:fffr200r925fc/r1740c/r3860f:KhQc|Ac5s|6s8c|5hAd|7d2c|QhTh/4dKs2h/3c:1840|-100|0|0|0|-1740:MrBlue|MrPink|Bill|Eddie|Joe|Pluribus
STATE:13:ffr250r777ffr2380c/r4835f:Jd6c|8dKh|3hTd|4dQc|AcAh|9d9c/4c7sQs:-50|-100|0|0|2530|-2380:MrPink|Bill|Eddie|Joe|Pluribus|MrBlue
STATE:14:fr200r725ffff:9dJd|Kc3s|4cKs|7h8h|9s8s|As8c:-50|-100|0|-200|350|0:Bill|Eddie|Joe|Pluribus|MrBlue|MrPink
STATE:15:fr225ffff:7sKc|TdJs|2cQc|JdKd|Kh3d|6dQh:-50|-100|0|150|0|0:Eddie|Joe|Pluribus|MrBlue|MrPink|Bill
STATE:16:r225ffcff/r475r1025r2210c/r10000f:7h3h|Ah7d|8s7s|9cAs|5dKd|JcJd/3sTc3c/6s:-50|-100|2360|0|0|-2210:Joe|Pluribus|MrBlue|MrPink|Bill|Eddie
STATE:17:fffff:6c4d|7h2h|6s7d|3hTc|4h9s|Kh5s:-50|50|0|0|0|0:Pluribus|MrBlue|MrPink|Bill|Eddie|Joe
STATE:18:ffr250ffc/cr500f:Jc6s|6h9h|3cQc|Qd7h|9s9d|2h3h/Ac2c9c:-50|-250|0|0|300|0:MrBlue|MrPink|Bill|Eddie|Joe|Pluribus
STATE:19:r200ffcff/r338f:3c5s|4s2d|Ah8h|7d3h|2c4d|Jc8c/QcKs5h:-50|-100|350|0|0|-200:MrPink|Bill|Eddie|Joe|Pluribus|MrBlue
STATE:20:fffr250ff:4c9s|Qh6d|5sKd|Jd2s|4d2c|Ad8c:-50|-100|0|0|0|150:Bill|Eddie|Joe|Pluribus|MrBlue|MrPink
STATE:21:ffr210fr1100fc/r1790c/cc/cc:7dAd|2c9h|Tc3d|Kh7h|QdKd|9d8s/8d3c8c/2s/5c:1890|-100|0|0|-1790|0:Eddie|Joe|Pluribus|MrBlue|MrPink|Bill
STATE:22:fffr222ff:8s4h|Jc6h|4c9h|6c3d|4sQc|AsQs:-50|-100|0|0|0|150:Joe|Pluribus|MrBlue|MrPink|Bill|Eddie
STATE:23:fffff:2h3s|6c9c|Qd6d|6s7d|8d9s|Kc6h:-50|50|0|0|0|0:Pluribus|MrBlue|MrPink|Bill|Eddie|Joe
STATE:24:fr200fffr1050c/r1750f:7dJc|Ad9d|QsJd|9s9h|4hKc|Js8h/6d5cKd:-50|1100|0|-1050|0|0:MrBlue|MrPink|Bill|Eddie|Joe|Pluribus
STATE:25:fffff:5s6c|5d2h|2sQc|5hTd|9d4d|Jd6s:-50|50|0|0|0|0:MrPink|Bill|Eddie|Joe|Pluribus|MrBlue
STATE:26:fffr250r1050fc/r1600c/r3250c/cr10000f:8c9c|8dKh|7s3h|Jd4d|8sQh|2s2d/6d6c2h/3c/7d:-3250|-100|0|0|0|3350:Bill|Eddie|Joe|Pluribus|MrBlue|MrPink
STATE:27:fr225r700fffc/cr1200f:Qs9h|8h4s|3s9s|7s7c|QcQd|Ah3d/6hAcJs:-50|-100|0|-700|850|0:Eddie|Joe|Pluribus|MrBlue|MrPink|Bill
STATE:28:fffr222fc/cr552f:5c7d|Kh4h|3c8s|Kc2s|Tc5d|Js8c/Ac9c6h:-50|-222|0|0|0|272:Joe|Pluribus|MrBlue|MrPink|Bill|Eddie
STATE:29:fr225r750ffcr2250r10000fc///:2s7d|7h6h|Ad9c|AcKh|5hAh|8cKd/3s2cQs/3d/5s:-50|-750|0|-10000|10800|0:Pluribus|MrBlue|MrPink|Bill|Eddie|Joe
STATE:30:ffr250fff:9d8c|5h9c|7hKd|Kh6d|QcQh|4s5d:-50|-100|0|0|150|0:MrBlue|MrPink|Bill|Eddie|Joe|Pluribus
STATE:31:fffr225ff:7sTh|Td5h|2hKc|8h6s|7d4c|AsQh:-50|-100|0|0|0|150:MrPink|Bill|Eddie|Joe|Pluribus|MrBlue
STATE:32:r250fcfff/r585r1245f:7d2h|4c9h|JsKh|5h4s|QsAs|Qh6h/Ac6dQc:-50|-100|-585|0|735|0:Bill|Eddie|Joe|Pluribus|MrBlue|MrPink
STATE:33:r225fffff:Kc9s|6d9c|AsAc|7c2c|4dQh|Js2d:-50|-100|150|0|0|0:Eddie|Joe|Pluribus|MrBlue|MrPink|Bill
STATE:34:ffffcc/r200f:Kc6c|Th3s|Qh2d|2c5c|8c5h|6d2s/Ad4cAc:100|-100|0|0|0|0:Joe|Pluribus|MrBlue|MrPink|Bill|Eddie
STATE:35:ffr200fff:4c6s|2s5h|5d7h|7s9h|4d4s|3cKd:-50|-100|0|0|150|0:Pluribus|MrBlue|MrPink|Bill|Eddie|Joe
STATE:36:fr200cfff/r525c/r2025c/r10000c:Qh6d|As2c|Th7c|Ad9d|AcQd|2sAh/Tc3h4d/Js/Ks:-50|-100|0|-10000|10150|0:MrBlue|MrPink|Bill|Eddie|Joe|Pluribus
STATE:37:ffr200cr1200fcc/r2100fc/r3950c/r10000c:QsAd|Qd7d|7h5c|3c4c|9cTc|As7s/2hAh2c/Kd/3s:650|-100|0|0|-1200|650:MrPink|Bill|Eddie|Joe|Pluribus|MrBlue
STATE:38:ffr225ffc/cc/cr600f:Ah3d|QsJs|9d8s|6d4s|9cQc|2d4c/3cKh7d/Kc:-50|-225|0|0|275|0:Bill|Eddie|Joe|Pluribus|MrBlue|MrPink
STATE:39:ffffr300f:9dAd|8d5h|7sAh|8hQc|2c7d|5dQh:100|-100|0|0|0|0:Eddie|Joe|Pluribus|MrBlue|MrPink|Bill
STATE:40:ffffcc/r200f:8s6s|Js4h|6d7s|Th2c|4dKd|Tc8h/7dAcQd:100|-100|0|0|0|0:Joe|Pluribus|MrBlue|MrPink|Bill|Eddie
STATE:41:r210ffffc/cr360c/cc/r1310f:9dTs|8d7s|9h9s|JhTc|JcQs|7c8h/6sTdTh/6d/Ad:-50|410|-360|0|0|0:Pluribus|MrBlue|MrPink|Bill|Eddie|Joe
STATE:42:ffffcc/cc/cc/cc:4hJh|3s8s|5dJd|Js7s|6h5c|Kc3h/8dKh2c/2s/Ah:-100|100|0|0|0|0:MrBlue|MrPink|Bill|Eddie|Joe|Pluribus
STATE:43:fr250fffc/cc/cr500c/cc:KdTh|4s6s|Qd2c|JcQs|3d7s|TsKc/7d3h4h/Ks/Js:-50|-500|0|550|0|0:MrPink|Bill|Eddie|Joe|Pluribus|MrBlue
STATE:44:fffr250fc/cr430r770c/r2770f:JhTd|Kd9h|6c4s|6dAh|7hJs|5d5s/3c4hKs/9s:-50|820|0|0|0|-770:Bill|Eddie|Joe|Pluribus|MrBlue|MrPink
STATE:45:ffffr300r1050r2600f:KhAs|7s9c|8cTd|5s3h|9s7d|Qc5d:1050|-1050|0|0|0|0:Eddie|Joe|Pluribus|MrBlue|MrPink|Bill
STATE:46:ffffr250r875c/cr1312r2275c/r10000f:9d9h|9sTs|ThJs|4c8h|Jc6s|7dQs/2c7c8c/3d:2275|-2275|0|0|0|0:Joe|Pluribus|MrBlue|MrPink|Bill|Eddie
STATE:47:fr225cfff/r675f:8h5s|2s7d|8s3s|JhQd|4d4h|As9h/Kc9s8d:-50|-100|0|375|-225|0:Pluribus|MrBlue|MrPink|Bill|Eddie|Joe
STATE:48:fffr225ff:Kc4d|2c7s|Kh8c|4c5h|2h6d|QhQc:-50|-100|0|0|0|150:MrBlue|MrPink|Bill|Eddie|Joe|Pluribus
STATE:49:ffr200fr950fc/r1600r3250c/cr10000f:Ks6s|3sKh|2hAs|9s4d|QdAd|Js7d/7h6dQh/5s:-3250|-100|0|0|3350|0:MrPink|Bill|Eddie|Joe|Pluribus|MrBlue
STATE:50:fffr250fc/cr380f:8h9s|TsQh|3c7d|Qc3s|7h8d|Ad9h/5c6hAs:-50|-250|0|0|0|300:Bill|Eddie|Joe|Pluribus|MrBlue|MrPink
STATE:51:fr225ffff:6c2d|8d7h|Qs7c|4hAh|7s2s|8cJs:-50|-100|0|150|0|0:Eddie|Joe|Pluribus|MrBlue|MrPink|Bill
STATE:52:fr210ffff:Ts5d|4c6d|2h4h|AdAc|Kh7c|6c2d:-50|-100|0|150|0|0:Joe|Pluribus|MrBlue|MrPink|Bill|Eddie
STATE:53:r210ffffc/cr360c/cc/cr1130f:9cAh|6d6h|5d5c|5h6s|Qs4s|KcTs/9dKhKd/9s/3c:-50|-360|410|0|0|0:Pluribus|MrBlue|MrPink|Bill|Eddie|Joe
STATE:54:r225ffffc/cc/cr475f:Tc7h|4c4s|KdQs|9sJs|Ah5s|2s9h/3c7sTd/Kh:-50|-225|275|0|0|0:MrBlue|MrPink|Bill|Eddie|Joe|Pluribus
STATE:55:fffff:Qd4s|2s7h|Ts9d|8d3h|Jc4h|3d7c:-50|50|0|0|0|0:MrPink|Bill|Eddie|Joe|Pluribus|MrBlue
STATE:56:fffff:4sKh|2sQs|6dJs|Kc4h|5s9c|3s8s:-50|50|0|0|0|0:Bill|Eddie|Joe|Pluribus|MrBlue|MrPink
STATE:57:fr225fffr350c/r705c/cr1800f:Qh9s|JhAh|5c8d|AcTc|4hTd|4cQs/KcJs3s/9d:-50|-705|0|755|0|0:Eddie|Joe|Pluribus|MrBlue|MrPink|Bill
STATE:58:fr210fcff/cr350c/cr1020f:4cJs|3h4s|Qc7c|TcAc|6sAh|KhQd/4d8c9d/5h:-50|-100|0|-350|0|500:Joe|Pluribus|MrBlue|MrPink|Bill|Eddie
STATE:59:ffr200r825fff:5h9c|TcQc|Jd7h|4h9s|QsJc|9hTh:-50|-100|0|0|-200|350:Pluribus|MrBlue|MrPink|Bill|Eddie|Joe
STATE:60:fr200ffcc/ccr350fc/cc/cc:4d6d|KdTs|5s7h|9c7c|4h6c|Qs9d/3c9sJc/Ad/Jh:-200|-350|0|550|0|0:MrBlue|MrPink|Bill|Eddie|Joe|Pluribus
STATE:61:r200ffffc/cr605c/cr2165f:Ks4c|TsJc|QhAs|Jd8h|Ah7s|Jh5d/2dQdTc/6h:-50|-605|655|0|0|0:MrPink|Bill|Eddie|Joe|Pluribus|MrBlue
STATE:62:r250ffffc/cr500c/cr2000f:7dQs|ThJh|Qc9c|Kd9h|2s3c|5cTd/4c8cTs/4d:-50|-500|550|0|0|0:Bill|Eddie|Joe|Pluribus|MrBlue|MrPink
STATE:63:fffff:3d7s|3h4c|8hQd|Ac9s|Js8c|Td2h:-50|50|0|0|0|0:Eddie|Joe|Pluribus|MrBlue|MrPink|Bill
STATE:64:fffr222ff:Jh7c|6s3d|6c8c|2c9h|5c3c|Ad8s:-50|-100|0|0|0|150:Joe|Pluribus|MrBlue|MrPink|Bill|Eddie
STATE:65:ffffr250c/r500c/r1500f:Kh9c|5c7d|8sQs|Td9h|6h3c|4cQd/4h7sKs/Qh:500|-500|0|0|0|0:Pluribus|MrBlue|MrPink|Bill|Eddie|Joe
STATE:66:fffr250cf/cc/r500c/cr1050f:QcJc|3c2d|2c7c|6sJs|Qh7d|4cAc/8dAsKh/5h/6c:-500|-100|0|0|0|600:MrBlue|MrPink|Bill|Eddie|Joe|Pluribus
STATE:67:fr250fcff/r475c/r1175c/r2675f:ThKs|5sKc|7d4s|AcTd|6hAd|QcTc/TsJhAs/9h/2c:-50|-100|0|1325|0|-1175:MrPink|Bill|Eddie|Joe|Pluribus|MrBlue
STATE:68:ffffr300c/cr450c/cc/r900f:TcKc|4hAs|Js6c|Ad6h|9s4d|6sTh/7h3s7c/8h/Td:450|-450|0|0|0|0:Bill|Eddie|Joe|Pluribus|MrBlue|MrPink
STATE:69:ffr210ffc/cr360c/cc/cc:3cKs|Ac8c|5h9c|Kc5d|2hAh|Jh4d/2d3sQc/Jc/Td:-50|-360|0|0|410|0:Eddie|Joe|Pluribus|MrBlue|MrPink|Bill
STATE:70:fffr222fc/cc/r345c/cc:Qc7s|KcJd|9c3h|Jc9s|Tc2s|QhAc/TsJs8s/Ks/2d:-50|-345|0|0|0|395:Joe|Pluribus|MrBlue|MrPink|Bill|Eddie
STATE:71:r210ffffc/cr445c/cc/cr915c:3cAd|9sKh|QsTs|2s8c|4s3h|5hAs/4d9h3d/6c/Ac:-50|965|-915|0|0|0:Pluribus|MrBlue|MrPink|Bill|Eddie|Joe
STATE:72:fr200ffff:8s7h|Qs5h|2s5s|KsKc|Qh5c|6d8c:-50|-100|0|150|0|0:MrBlue|MrPink|Bill|Eddie|Joe|Pluribus
STATE:73:ffr200fff:3s7c|Js5c|9sTh|4s9c|KcAh|Kd2h:-50|-100|0|0|150|0:MrPink|Bill|Eddie|Joe|Pluribus|MrBlue
STATE:74:fffr250r1050fc/r2150f:TsKs|6dKd|4h5s|7dQd|Qh5c|6c4c/5h9hJd:1150|-100|0|0|0|-1050:Bill|Eddie|Joe|Pluribus|MrBlue|MrPink
STATE:75:fr225ffcf/cc/cc/cr425c:8dTd|7c4s|Ac6h|9c9d|JhQd|8s2c/Kh8h4c/Qc/7d:-425|-100|0|525|0|0:Eddie|Joe|Pluribus|MrBlue|MrPink|Bill
STATE:76:fr210fffc/cc/cr325c/cr675c:2s6c|Ks9d|9s6d|4c4d|As3d|8c9h/3c5cKc/2d/6h:-50|-675|0|725|0|0:Joe|Pluribus|MrBlue|MrPink|Bill|Eddie
STATE:77:ffr200fcf/cr550f:TdAh|8h2c|6cJs|7sTc|AdAc|6hQh/5s4dKs:-200|-100|0|0|300|0:Pluribus|MrBlue|MrPink|Bill|Eddie|Joe
STATE:78:ffr250cfc/ccc/r500fc/r925f:3d9s|8cJc|2cAh|4s5d|AsKd|4d4h/5s7d3s/Th/Qh:-50|800|0|0|-250|-500:MrBlue|MrPink|Bill|Eddie|Joe|Pluribus
STATE:79:ffr225ffc/cc/cr475c/cc:Qc4c|Kc2c|Qd7d|Js5d|QsJc|Jh8c/TsQh8s/Kd/5h:-50|525|0|0|-475|0:MrPink|Bill|Eddie|Joe|Pluribus|MrBlue
STATE:80:r250ffffc/cr600c/cc/cc:2h6c|7d8d|8cAc|5sJs|9d6s|Jd4s/6hTc8s/Ks/5h:-50|-600|650|0|0|0:Bill|Eddie|Joe|Pluribus|MrBlue|MrPink
STATE:81:fffr287ff:5c2d|Qc7h|8c4s|AsTh|5dJd|Ac9h:-50|-100|0|0|0|150:Eddie|Joe|Pluribus|MrBlue|MrPink|Bill
STATE:82:fffr222fc/cr372f:7sTh|5h9h|Kd3h|3sAc|3c7c|8h9d/Js7dQd:-50|-222|0|0|0|272:Joe|Pluribus|MrBlue|MrPink|Bill|Eddie
STATE:83:fr225fffc/cr475c/cc/cc:9sAc|6c5c|2c3c|8cJc|7h6s|Td4s/Kc6h9h/3h/Kd:-50|525|0|-475|0|0:Pluribus|MrBlue|MrPink|Bill|Eddie|Joe
STATE:84:ffr250fcf/cc/cc/r500f:QsTs|2sJc|Js7s|3dKs|KhJd|Kd2d/3c2c2h/8d/7d:350|-100|0|0|-250|0:MrBlue|MrPink|Bill|Eddie|Joe|Pluribus
STATE:85:fr250ffff:4d5h|3dJs|2dJd|AhJh|7d8h|4hKs:-50|-100|0|150|0|0:MrPink|Bill|Eddie|Joe|Pluribus|MrBlue
STATE:86:fr225ffr950ff:5h6h|Jd4d|Tc3h|Kh7h|6d4c|6s8c:325|-100|0|-225|0|0:Bill|Eddie|Joe|Pluribus|MrBlue|MrPink
STATE:87:fr225ffcf/cc/r665c/cc:TcAc|2d5d|9c3s|KsJs|6dTh|8c4s/JdTd8h/As/Kh:765|-100|0|-665|0|0:Eddie|Joe|Pluribus|MrBlue|MrPink|Bill
STATE:88:r225ffr800fr2509r10000ff:Td4d|AcKh|KdKc|8cQc|2d6c|As5s:-50|-2509|3359|0|0|-800:Joe|Pluribus|MrBlue|MrPink|Bill|Eddie
STATE:89:fffr250fc/cc/cr500f:3h9c|Th9d|6sKh|4hTs|3c2s|AhAc/5h5c2h/Jd:-50|-250|0|0|0|300:Pluribus|MrBlue|MrPink|Bill|Eddie|Joe
STATE:90:fffr287ff:5cKh|3dQh|Kd7s|4h2h|6c5h|JhAc:-50|-100|0|0|0|150:MrBlue|MrPink|Bill|Eddie|Joe|Pluribus
STATE:91:ffffcr350c/cc/r525f:4s6s|KdAh|4cJh|6h8s|Tc3d|3s6d/8h9cJd/7h:350|-350|0|0|0|0:MrPink|Bill|Eddie|Joe|Pluribus|MrBlue
STATE:92:fffr250ff:TcQd|2hKd|8cJh|5hJd|Th7d|QhJc:-50|-100|0|0|0|150:Bill|Eddie|Joe|Pluribus|MrBlue|MrPink
STATE:93:ffffr300f:3s6s|7h2d|Qd2c|9cAd|7s3c|Qs6h:100|-100|0|0|0|0:Eddie|Joe|Pluribus|MrBlue|MrPink|Bill
STATE:94:fr210fffc/cr360f:8dTs|9hJs|As7h|QsKd|7cAh|5d8c/8h3c3h:-50|-210|0|260|0|0:Joe|Pluribus|MrBlue|MrPink|Bill|Eddie
STATE:95:fr225ffcf/cr375c/cr800r2500f:KsQd|8cKd|Jd2c|KhTh|9h4h|5dQs/9s4s6s/2d:900|-100|0|-800|0|0:Pluribus|MrBlue|MrPink|Bill|Eddie|Joe
STATE:96:ffffr300c/cc/cc/cc:JsAc|2sQs|6d4h|2hAd|4d3s|Tc3c/4s3h6h/Ah/9h:300|-300|0|0|0|0:MrBlue|MrPink|Bill|Eddie|Joe|Pluribus
STATE:97:fr250fffc/cr500c/cc/r1550f:Ac7h|6h4h|8cAd|JcQs|9hQc|Tc3c/Ks8h7d/Jd/8d:-50|550|0|-500|0|0:MrPink|Bill|Eddie|Joe|Pluribus|MrBlue
STATE:98:fffr250fr1300c/cc/r5275f:Kh3c|AdKd|9c7h|4d5h|4h7c|8h8d/Qd7d3s/2s:-50|1350|0|0|0|-1300:Bill|Eddie|Joe|Pluribus|MrBlue|MrPink
STATE:99:ffr200ffc/cr315r650f:Th6d|8sAh|Jd3h|9d3s|8c9c|8hAc/Qs4sTs:-50|365|0|0|-315|0:Eddie|Joe|Pluribus|MrBlue|MrPink|Bill
STATE:100:ffffcr350f:3hAd|7h5h|AhJs|3c6c|Qc7s|4c8d:-100|100|0|0|0|0:Joe|Pluribus|MrBlue|MrPink|Bill|Eddie
STATE:101:ffr200ffc/cr335c/cc/r1435f:Ah4c|5h3c|4d8s|5c6h|AsKs|9h3h/3dJh6d/7d/8c:-50|385|0|0|-335|0:Pluribus|MrBlue|MrPink|Bill|Eddie|Joe
STATE:102:r225fcffc/ccr490fc/cc/r940f:8s3c|6c6d|AdTd|Kd9c|8d8h|Ac3h/5s7dAh/4c/5c:-50|-225|765|0|-490|0:MrBlue|MrPink|Bill|Eddie|Joe|Pluribus
STATE:103:ffr225fff:7sAd|8d2s|8cKd|7d8s|QhJd|Qd3h:-50|-100|0|0|150|0:MrPink|Bill|Eddie|Joe|Pluribus|MrBlue
STATE:104:r250fffr1050fr2600c/cc/cr3500c/cc:8c8d|Jh9c|KcKd|4s7s|Qc7c|Ac5d/6dAs6s/2d/Jc:-3500|-100|3600|0|0|0:Bill|Eddie|Joe|Pluribus|MrBlue|MrPink
STATE:105:fr225r700ffff:QhKh|3h2s|7s8c|7c5c|KsQs|9cTs:-50|-100|0|-225|375|0:Eddie|Joe|Pluribus|MrBlue|MrPink|Bill
STATE:106:ffr225fff:Tc2s|Kd3s|7s2h|Ad4h|Ah3h|5c8h:-50|-100|0|0|150|0:Joe|Pluribus|MrBlue|MrPink|Bill|Eddie
STATE:107:ffr200ffc/cr335f:8sJs|Ks7s|8c5d|4sTc|KhTd|7hTh/9hAdJh:-50|-200|0|0|250|0:Pluribus|MrBlue|MrPink|Bill|Eddie|Joe
STATE:108:fr200fr612r1725fff:KcKd|8dKs|Jd7h|QdKh|3cJh|ThAs:912|-100|0|-200|0|-612:MrBlue|MrPink|Bill|Eddie|Joe|Pluribus
STATE:109:fr250fr769fff:7d6d|KcTc|Jd2c|QdJc|5h8d|AsQh:-50|-100|0|-250|0|400:MrPink|Bill|Eddie|Joe|Pluribus|MrBlue
STATE:110:fffr250ff:8sTs|6s3c|Ad9s|Kd3h|5sTh|5d6d:-50|-100|0|0|0|150:Bill|Eddie|Joe|Pluribus|MrBlue|MrPink
STATE:111:fr225fr800ffc/cc/r1700c/r3565c:8c9d|3d3c|2s2c|TcTh|7hQs|AcAh/3s8h6h/2d/4s:-50|-100|0|-3565|0|3715:Eddie|Joe|Pluribus|MrBlue|MrPink|Bill
STATE:112:fffff:9d3s|2d7s|6dJh|3cKh|6hJc|3d4d:-50|50|0|0|0|0:Joe|Pluribus|MrBlue|MrPink|Bill|Eddie
STATE:113:ffr200ffc/cc/r537c/cc:3hQd|6c9d|Tc7d|7s2s|8dAd|Ah2c/Kd7c8c/3c/4c:-50|587|0|0|-537|0:Pluribus|MrBlue|MrPink|Bill|Eddie|Joe
STATE:114:fr200fccc/ccr360fr1185fc/cc/r5085f:7c6c|3cTc|2h7h|TsQs|3s2s|4h4s/Qc6s8s/Jd/5h:1585|-200|0|-1185|0|-200:MrBlue|MrPink|Bill|Eddie|Joe|Pluribus
STATE:115:ffr200fff:2h5s|Kh5c|7dJc|7c6d|AhJh|8s9d:-50|-100|0|0|150|0:MrPink|Bill|Eddie|Joe|Pluribus|MrBlue
STATE:116:r250ffffc/cc/cc/cc:Tc6d|TsAc|AsQh|Ah4c|6sQs|JsKc/8c8d5s/2c/7c:-50|-250|300|0|0|0:Bill|Eddie|Joe|Pluribus|MrBlue|MrPink
STATE:117:ffr210ffc/cr360c/cr860c/cr2630f:4d5s|AdTd|7h5d|6h3c|As9c|KdTh/JhJdTc/7c/5c:-50|-860|0|0|910|0:Eddie|Joe|Pluribus|MrBlue|MrPink|Bill
STATE:118:r225fr700fffc/cr1150f:JdKs|6cQs|3h4h|7hJc|TsJs|5cTd/2d7c2c:-50|-100|-700|0|850|0:Joe|Pluribus|MrBlue|MrPink|Bill|Eddie
STATE:119:fr225fr875ffr2375f:8dQd|9dKs|4hTd|ThAd|5dAs|KhQc:-50|-100|0|1025|0|-875:Pluribus|MrBlue|MrPink|Bill|Eddie|Joe
STATE:120:ffr250fcc/ccc/ccr650ff:Ac9d|4dAd|Qh7s|Jd8c|JhQd|9c2c/QcAsTs/Qs:-250|-250|0|0|500|0:MrBlue|MrPink|Bill|Eddie|Joe|Pluribus
STATE:121:fr250ffff:Ac6d|Jd4h|QsTc|JcQd|2sKs|2c3s:-50|-100|0|150|0|0:MrPink|Bill|Eddie|Joe|Pluribus|MrBlue
STATE:122:ffffr300f:4c8c|7sJc|2d8h|As8d|7c5d|Jh3d:100|-100|0|0|0|0:Bill|Eddie|Joe|Pluribus|MrBlue|MrPink
STATE:123:fffr287ff:3h4h|Qs5c|Jd3c|8cTh|6cJc|5d9d:-50|-100|0|0|0|150:Eddie|Joe|Pluribus|MrBlue|MrPink|Bill
STATE:124:fffr222ff:4h4c|Jc7s|2sTc|5dKc|9h8s|QdJs:-50|-100|0|0|0|150:Joe|Pluribus|MrBlue|MrPink|Bill|Eddie
STATE:125:ffffr200c/r400c/cr1000f:9dTc|5sJh|Qc7d|8d7c|7s4c|Td4h/3hQhAh/4d:-400|400|0|0|0|0:Pluribus|MrBlue|MrPink|Bill|Eddie|Joe
STATE:126:fffff:Td3s|6hQs|Jd6d|Ts3d|7h5c|2d5d:-50|50|0|0|0|0:MrBlue|MrPink|Bill|Eddie|Joe|Pluribus
STATE:127:ffr200ffc/cc/cr312f:Js8h|Ac3d|6d7c|9dJh|JcJd|3h7s/Td4cKd/Ks:-50|-200|0|0|250|0:MrPink|Bill|Eddie|Joe|Pluribus|MrBlue
STATE:128:fffff:3d2c|2sQs|8c4d|8s6h|Tc7s|4h9c:-50|50|0|0|0|0:Bill|Eddie|Joe|Pluribus|MrBlue|MrPink
STATE:129:fffr287r1250r2900fr10000c///:JcJh|AhAs|7d3h|2dJd|8sQd|7c6c/7hThKc/5d/8h:-10000|10287|0|0|0|-287:Eddie|Joe|Pluribus|MrBlue|MrPink|Bill
STATE:130:fr210fffc/cc/cr445f:As6c|6s4s|Qd2d|8hKh|9hQs|3d4d/8cTcKs/5h:-50|-210|0|260|0|0:Joe|Pluribus|MrBlue|MrPink|Bill|Eddie
STATE:131:fffr250fc/cr500f:Td6h|6s7c|Qd4c|4d8s|2cKc|TsAs/2s9d2h:-50|-250|0|0|0|300:Pluribus|MrBlue|MrPink|Bill|Eddie|Joe
STATE:132:fffff:6s9c|3hTd|5h8d|7hAs|7d3c|Ks2d:-50|50|0|0|0|0:MrBlue|MrPink|Bill|Eddie|Joe|Pluribus
STATE:133:ffffcr350f:3hAc|2cQd|6cTd|5cQc|Jd6s|8hKd:-100|100|0|0|0|0:MrPink|Bill|Eddie|Joe|Pluribus|MrBlue
STATE:134:ffr225fr950ff:ThQh|8s7h|Ad9h|3s5c|JhKs|4d2h:325|-100|0|0|-225|0:Bill|Eddie|Joe|Pluribus|MrBlue|MrPink
STATE:135:ffr210fff:5c3d|Jc2d|2s6h|Js6d|Ac8c|4s2c:-50|-100|0|0|150|0:Eddie|Joe|Pluribus|MrBlue|MrPink|Bill
STATE:136:fr210ffff:5h7h|4hJd|Qd2c|AcTh|5dQs|Tc8d:-50|-100|0|150|0|0:Joe|Pluribus|MrBlue|MrPink|Bill|Eddie
STATE:137:ffffr200c/r400f:6hAc|7dAs|2cJh|Ah4d|6dKs|3h6s/QcJc8c:200|-200|0|0|0|0:Pluribus|MrBlue|MrPink|Bill|Eddie|Joe
STATE:138:r225fffff:8d9c|4dTc|AsJh|7h2h|7cQs|2c7d:-50|-100|150|0|0|0:MrBlue|MrPink|Bill|Eddie|Joe|Pluribus
STATE:139:ffffcr350c/cr700c/cc/r1650f:KdJs|6c5h|4hQs|9c2c|Jd4d|5s9s/Ks3c6s/9d/Qc:700|-700|0|0|0|0:MrPink|Bill|Eddie|Joe|Pluribus|MrBlue
STATE:140:ffffr300f:KhAs|2c6c|5d8c|5sAh|9sQh|5c7d:100|-100|0|0|0|0:Bill|Eddie|Joe|Pluribus|MrBlue|MrPink
STATE:141:ffffcc/cr225c/cc/r585f:AhQc|5d8d|7s5s|5c7d|9h9s|Qh2s/7c8c6c/Jc/4c:225|-225|0|0|0|0:Eddie|Joe|Pluribus|MrBlue|MrPink|Bill
STATE:142:fr210r650fffc/cc/cc/cr1200f:Td4s|5c8h|8s4d|JcQc|QdQs|7cKs/Ad9c5h/9d/2h:-50|-100|0|-650|800|0:Joe|Pluribus|MrBlue|MrPink|Bill|Eddie
STATE:143:ffffcc/r200c/r300f:QhTc|Jh7d|8sQd|7cTh|5cQs|2s6d/JdQc9s/8h:200|-200|0|0|0|0:Pluribus|MrBlue|MrPink|Bill|Eddie|Joe
STATE:144:r225fffff:Jd3d|8s3h|AsJh|Td7d|Jc2d|Ks7h:-50|-100|150|0|0|0:MrBlue|MrPink|Bill|Eddie|Joe|Pluribus
STATE:145:fr250ffff:Jc4d|3cQd|3h9c|Ah8h|5dAc|8cQh:-50|-100|0|150|0|0:MrPink|Bill|Eddie|Joe|Pluribus|MrBlue
STATE:146:ffr225fff:5dTs|5hKs|7s9d|6cQc|TcJh|3hQd:-50|-100|0|0|150|0:Bill|Eddie|Joe|Pluribus|MrBlue|MrPink
STATE:147:ffr210fff:Th2c|4sJd|3h9c|6c7d|TcAh|Qc2s:-50|-100|0|0|150|0:Eddie|Joe|Pluribus|MrBlue|MrPink|Bill
STATE:148:ffr225fff:6cQs|Jd2h|ThJc|Qc4h|KhAd|5d8d:-50|-100|0|0|150|0:Joe|Pluribus|MrBlue|MrPink|Bill|Eddie
STATE:149:ffffcc/r200f:3cAs|Js8s|3sKh|Kd2d|4d5s|5d2s/Td4cAc:100|-100|0|0|0|0:Pluribus|MrBlue|MrPink|Bill|Eddie|Joe
STATE:150:r225ffffc/cr475r1475f:8h3d|Kc9h|7s8s|9c7h|4sKh|Ks5c/2dAh9s:-50|525|-475|0|0|0:MrBlue|MrPink|Bill|Eddie|Joe|Pluribus
STATE:151:fr250ffr1100fc/r1850c/cr3150r4850c/r10000c:JdJc|7d9c|4h7h|KdAs|9d4s|3hAc/2cJsKc/9h/6d:10100|-100|0|-10000|0|0:MrPink|Bill|Eddie|Joe|Pluribus|MrBlue
STATE:152:fffff:5d2c|AcKc|Qc8h|6s2d|5s8c|4c2h:-50|50|0|0|0|0:Bill|Eddie|Joe|Pluribus|MrBlue|MrPink
STATE:153:ffr210fff:5h7s|Qd5c|3c2s|4sAd|As9h|5d8s:-50|-100|0|0|150|0:Eddie|Joe|Pluribus|MrBlue|MrPink|Bill
STATE:154:r225ffr800ffc/cr1500f:4d9h|2h8h|AhTh|3cQs|Jh5d|TcJc/KdJdJs:-50|-100|-800|0|0|950:Joe|Pluribus|MrBlue|MrPink|Bill|Eddie
STATE:155:fffr250ff:Ad5h|5sJh|5cTc|7s3d|9d8c|QcTd:-50|-100|0|0|0|150:Pluribus|MrBlue|MrPink|Bill|Eddie|Joe
STATE:156:fffr225ff:8d3s|7d3c|2dKs|5dQh|9d6s|3h3d:-50|-100|0|0|0|150:MrBlue|MrPink|Bill|Eddie|Joe|Pluribus
STATE:157:ffr200ffc/cc/cc/cc:4h8s|7h9c|Kc3c|8h4c|Td7d|9h5d/2s8cTh/Kh/Ah:-50|-200|0|0|250|0:MrPink|Bill|Eddie|Joe|Pluribus|MrBlue
STATE:158:ffr225ffc/cc/cr600f:3c7d|9h3h|Td5d|Ad7h|9dQd|Qc6d/5s8cTs/3d:-50|-225|0|0|275|0:Bill|Eddie|Joe|Pluribus|MrBlue|MrPink
STATE:159:r225fffff:9h3d|6dAs|QsAh|6s3c|7c5s|4sTh:-50|-100|150|0|0|0:Eddie|Joe|Pluribus|MrBlue|MrPink|Bill
STATE:160:fffr222fc/cc/cc/cc:2c9h|Tc7s|QsTd|Qc5d|2h9c|8dAc/7hQhTs/Qd/6h:-50|272|0|0|0|-222:Joe|Pluribus|MrBlue|MrPink|Bill|Eddie
STATE:161:fffff:3s6h|3c4s|6cAd|Kh5h|5s8s|4d9d:-50|50|0|0|0|0:Pluribus|MrBlue|MrPink|Bill|Eddie|Joe
STATE:162:fffff:8h2d|5d3d|5cTh|3hJd|4hTc|6dJc:-50|50|0|0|0|0:MrBlue|MrPink|Bill|Eddie|Joe|Pluribus
STATE:163:fccfcc/cccc/r300fff:QhJs|2hKc|4cKd|4h7s|Ah5h|6sQd/9d9s8c/4s:300|-100|0|-100|-100|0:MrPink|Bill|Eddie|Joe|Pluribus|MrBlue
STATE:164:ffr225fff:Qs9c|6c4s|3cAh|2sJd|TdJh|5d8d:-50|-100|0|0|150|0:Bill|Eddie|Joe|Pluribus|MrBlue|MrPink
STATE:165:fffr287fc/cr755c/cr1535c/cr3095c:Ac4d|QhAs|Ks2d|4c2s|9d3d|6cTc/6hTs7c/Ah/4s:-50|-3095|0|0|0|3145:Eddie|Joe|Pluribus|MrBlue|MrPink|Bill
STATE:166:ffffr300r1050f:Ac8d|AsKd|2hKc|5s7c|9c2s|8s3d:-300|300|0|0|0|0:Joe|Pluribus|MrBlue|MrPink|Bill|Eddie
STATE:167:fffr250ff:3h7c|2d8c|6c9s|4s9c|7hKd|QdQh:-50|-100|0|0|0|150:Pluribus|MrBlue|MrPink|Bill|Eddie|Joe
STATE:168:fffr225fc/cr475c/cc/r975c:3c4h|JhQs|2s4d|Kc8s|Ac7h|TsQh/JdJsQd/7s/Jc:-50|1025|0|0|0|-975:MrBlue|MrPink|Bill|Eddie|Joe|Pluribus
STATE:169:fffff:Ts5h|6s2c|Ah7c|9h4s|3hKd|Js8d:-50|50|0|0|0|0:MrPink|Bill|Eddie|Joe|Pluribus|MrBlue
STATE:170:ffr225ffc/cc/cc/r725c:Kh8h|2sAc|8d4c|Td6s|Qh7h|6c4s/QcAs5s/3h/9h:-50|775|0|0|-725|0:Bill|Eddie|Joe|Pluribus|MrBlue|MrPink
