# name/game/hands/seed sample_game_86 ../lib/python-client/acpc_infrastructure/holdem.nolimit.6p.game 10000 86
#--t_response 600000000
#--t_hand 600000000
#--t_per_hand 600000000
STATE:0:ffr225ffc/cr475f:Kd2h|5s3s|5cJh|6s9s|JcTc|Qh7s/Kh4cTh:-50|-225|0|0|275|0:MrWhite|Budd|MrOrange|Bill|MrBlue|Pluribus
STATE:1:r225ffcff/r525c/r1725f:KdTd|4hAc|5h6h|Tc8d|8cKc|5c5s/2sAd3d/2h:-50|-100|675|0|0|-525:Budd|MrOrange|Bill|MrBlue|Pluribus|MrWhite
STATE:2:ffffr250c/r425c/r1125f:Kd9c|6s2s|8cQc|Jc8s|Qd5h|6c2h/Kh2c9h/Td:425|-425|0|0|0|0:MrOrange|Bill|MrBlue|Pluribus|MrWhite|Budd
STATE:3:fffr234fc/cc/r434c/cr1211f:5sJh|7hKh|4sAc|2cKc|5hKd|Ah8d/9c6sQd/Th/6h:-50|-434|0|0|0|484:Bill|MrBlue|Pluribus|MrWhite|Budd|MrOrange
STATE:4:fffr250ff:Qc5s|3sQh|4h8d|Td9c|As5d|JsTc:-50|-100|0|0|0|150:MrBlue|Pluribus|MrWhite|Budd|MrOrange|Bill
STATE:5:fffff:2cTs|KcAc|Qd8h|6h5s|7s5h|7dQh:-50|50|0|0|0|0:Pluribus|MrWhite|Budd|MrOrange|Bill|MrBlue
STATE:6:ffr225ffc/cc/cr600f:Ks8d|Ah3h|Kh9s|Jc5c|8cAs|8h7c/8s6h7s/Js:-50|-225|0|0|275|0:MrWhite|Budd|MrOrange|Bill|MrBlue|Pluribus
STATE:7:ffr225ffc/cr475f:4hJc|7dJh|5d9d|Qc2s|Ad8s|2d6d/6s8dKh:-50|-225|0|0|275|0:Budd|MrOrange|Bill|MrBlue|Pluribus|MrWhite
STATE:8:ffr225fff:Ts7c|9d2d|6sKc|5h9c|8c8h|7sQh:-50|-100|0|0|150|0:MrOrange|Bill|MrBlue|Pluribus|MrWhite|Budd
STATE:9:ffffcr350c/cc/r750f:As7h|QcAd|Ah7c|Ks8d|9c2h|2cKh/3s8c6c/7s:350|-350|0|0|0|0:Bill|MrBlue|Pluribus|MrWhite|Budd|MrOrange
STATE:10:ffr210ffc/cc/cr360c/cr915r2325f:3sTh|8c5c|JhQd|Kh7c|TdJs|Qs6s/3d5s6h/8d/Qc:-50|965|0|0|-915|0:MrBlue|Pluribus|MrWhite|Budd|MrOrange|Bill
STATE:11:ffr225ffr725c/r1625c/r3625f:Ts4h|AsAh|Kd2h|Ks5d|QhTh|Kh5c/Qd7d4d/3s:-50|1675|0|0|-1625|0:Pluribus|MrWhite|Budd|MrOrange|Bill|MrBlue
STATE:12:ffr225ffc/cc/cr600f:6h8s|5s3s|5h3c|6sQh|Ac2h|3hTd/AhJc7s/Qc:-50|-225|0|0|275|0:MrWhite|Budd|MrOrange|Bill|MrBlue|Pluribus
STATE:13:ffr200ffc/cc/cc/cc:Ts2c|Ad3c|3dQc|Js7d|TcKc|9c3h/Jc5d5s/As/Td:-50|250|0|0|-200|0:Budd|MrOrange|Bill|MrBlue|Pluribus|MrWhite
STATE:14:r225fcfr1350ffc/cc/cr2862f:AhQd|JsKs|Kh9h|3c7c|TdJd|5h4c/7sTh9d/Jh:-1350|-100|-225|0|1675|0:MrOrange|Bill|MrBlue|Pluribus|MrWhite|Budd
STATE:15:fr225fffc/cr600f:6d3c|Ac5d|Kh4c|KsQs|Kd3h|Td3s/3dQc8h:-50|-225|0|275|0|0:Bill|MrBlue|Pluribus|MrWhite|Budd|MrOrange
STATE:16:fffr250fr1075c/r2175c/r4375f:6d8c|ThJh|As9h|Qd3s|7h2h|TdAd/KcKhKd/6h:-50|2225|0|0|0|-2175:MrBlue|Pluribus|MrWhite|Budd|MrOrange|Bill
STATE:17:fffr225ff:4h5c|5d4s|TsJd|Js9h|Ks8c|Ac9c:-50|-100|0|0|0|150:Pluribus|MrWhite|Budd|MrOrange|Bill|MrBlue
STATE:18:ffr225cff/cc/r675c/r1750f:Qs7d|6s7h|8h7c|Qc6d|2sKs|JsAs/5s4sKh/Kd/5c:-50|-100|0|0|825|-675:MrWhite|Budd|MrOrange|Bill|MrBlue|Pluribus
STATE:19:ffr200ffr1100f:Jd9d|JhJs|9h6c|7sQc|As6s|2c9c:-50|250|0|0|-200|0:Budd|MrOrange|Bill|MrBlue|Pluribus|MrWhite
STATE:20:ffr225r720fff:6d3c|3h5s|6h3s|2s6c|5dAd|5c7c:-50|-100|0|0|-225|375:MrOrange|Bill|MrBlue|Pluribus|MrWhite|Budd
STATE:21:ffr225ffc/cc/cr475c/cr975f:2s4s|QhJh|5d7s|4dTh|6hKh|2dAs/KcQs7h/9c/9h:-50|-475|0|0|525|0:Bill|MrBlue|Pluribus|MrWhite|Budd|MrOrange
STATE:22:r225fffff:Ts9h|Td2c|JhAs|2sQh|9d8h|6s4h:-50|-100|150|0|0|0:MrBlue|Pluribus|MrWhite|Budd|MrOrange|Bill
STATE:23:fffr225ff:6c3d|Js3c|7dQs|As4c|2cKc|QcKd:-50|-100|0|0|0|150:Pluribus|MrWhite|Budd|MrOrange|Bill|MrBlue
STATE:24:r200r625ffffc/cc/r1180c/cc:Jd8s|Ks7d|ThTs|AcKd|2s8c|9dJs/6d3c3h/5s/Qs:-50|-100|1330|-1180|0|0:MrWhite|Budd|MrOrange|Bill|MrBlue|Pluribus
STATE:25:ffffcr325c/cc/r550f:6cAs|3hAc|Th8d|Kc2d|3cKs|3d6h/6d5s4d/8h:325|-325|0|0|0|0:Budd|MrOrange|Bill|MrBlue|Pluribus|MrWhite
STATE:26:ffr225fr1150fc/cc/cc/r3038c:Ad9d|Th6s|9sQc|8d3c|KhQh|Ac5d/Ts6c7d/8h/Ks:3138|-100|0|0|-3038|0:MrOrange|Bill|MrBlue|Pluribus|MrWhite|Budd
STATE:27:ffr225ffc/cr400f:TcQh|5d6h|2h3c|Js4h|8hTh|7d3h/7hTs2d:-50|-225|0|0|275|0:Bill|MrBlue|Pluribus|MrWhite|Budd|MrOrange
STATE:28:fr225ffff:2c6d|4s9d|6h5c|9s9c|5d7d|Kc5s:-50|-100|0|150|0|0:MrBlue|Pluribus|MrWhite|Budd|MrOrange|Bill
STATE:29:fffff:3c8h|2h3h|6dAh|6c9h|Qd2c|7d4c:-50|50|0|0|0|0:Pluribus|MrWhite|Budd|MrOrange|Bill|MrBlue
STATE:30:fr225ffff:Ac7d|9c2d|Th5s|KhAs|Qs7h|Td8c:-50|-100|0|150|0|0:MrWhite|Budd|MrOrange|Bill|MrBlue|Pluribus
STATE:31:r225fffff:Js2c|Kh4s|7h7s|Ah5d|Ac6s|6hQc:-50|-100|150|0|0|0:Budd|MrOrange|Bill|MrBlue|Pluribus|MrWhite
STATE:32:fffr225fc/cc/cc/r725c:Jc7d|8hTs|2d9s|6hJs|Th4s|9h9c/Qs4h7h/As/Qd:-50|-725|0|0|0|775:MrOrange|Bill|MrBlue|Pluribus|MrWhite|Budd
STATE:33:fffr233ff:3s9d|2hJs|7h9s|3c7d|Kh6c|5hAc:-50|-100|0|0|0|150:Bill|MrBlue|Pluribus|MrWhite|Budd|MrOrange
STATE:34:fr225ffff:Kc3d|8h5s|5h7s|2h2d|9c2s|2cKh:-50|-100|0|150|0|0:MrBlue|Pluribus|MrWhite|Budd|MrOrange|Bill
STATE:35:fffr225ff:7d2c|4hQd|2dJd|5sTd|8dKh|QhAd:-50|-100|0|0|0|150:Pluribus|MrWhite|Budd|MrOrange|Bill|MrBlue
STATE:36:fffr225ff:8cQh|2s3d|6s4s|5s8h|Tc3h|5hTh:-50|-100|0|0|0|150:MrWhite|Budd|MrOrange|Bill|MrBlue|Pluribus
STATE:37:fffr225r900fr2325f:9hAh|7d2d|9s6c|2sTs|5d6h|KsKh:-900|-100|0|0|0|1000:Budd|MrOrange|Bill|MrBlue|Pluribus|MrWhite
STATE:38:fr225ffff:5sJh|Kc8s|2s7h|6d6h|Ah2h|5h8c:-50|-100|0|150|0|0:MrOrange|Bill|MrBlue|Pluribus|MrWhite|Budd
STATE:39:fffff:7c4s|QhKs|8sJs|3c5d|4h9h|7d6s:-50|50|0|0|0|0:Bill|MrBlue|Pluribus|MrWhite|Budd|MrOrange
STATE:40:ffffr300c/cr600f:TsQs|Qc8c|Qh2h|2d8h|Tc4c|Ks7c/3d2cJh:-300|300|0|0|0|0:MrBlue|Pluribus|MrWhite|Budd|MrOrange|Bill
STATE:41:ffr225cff/cc/cr675r2000c/r6150r10000f:5hQc|Jd2c|4d6s|7d4c|TsKc|Ac3c/Ad8c6c/7c/Qd:-50|-100|0|0|-6150|6300:Pluribus|MrWhite|Budd|MrOrange|Bill|MrBlue
STATE:42:r200ffr681ffc/cr1059c/cr2193c/cr5595c:TcKd|7s3c|JsTs|8s9d|4sJh|AhTd/KhQcAd/Jd/8d:-50|-100|75|0|0|75:MrWhite|Budd|MrOrange|Bill|MrBlue|Pluribus
STATE:43:fffff:2cJs|JcQc|3sTh|6d8h|7s4c|7dJh:-50|50|0|0|0|0:Budd|MrOrange|Bill|MrBlue|Pluribus|MrWhite
STATE:44:fffr250ff:TdAc|4d2s|KsTc|4cKc|KdTh|8cJc:-50|-100|0|0|0|150:MrOrange|Bill|MrBlue|Pluribus|MrWhite|Budd
STATE:45:r200fffff:3d4d|6cQd|AdTh|8cAs|4h2s|7d6h:-50|-100|150|0|0|0:Bill|MrBlue|Pluribus|MrWhite|Budd|MrOrange
STATE:46:fffff:8c4d|8hAs|Qd7c|4hTh|9h7d|Jc5s:-50|50|0|0|0|0:MrBlue|Pluribus|MrWhite|Budd|MrOrange|Bill
STATE:47:fffr225ff:Jh2c|9s4h|8c9h|3s9d|9c4c|Js6s:-50|-100|0|0|0|150:Pluribus|MrWhite|Budd|MrOrange|Bill|MrBlue
STATE:48:ffffr300c/r600c/cr1350c/cr3000f:9h8c|ThQh|2cJh|Kd9c|4sJc|3d7c/6c4hQd/8d/3h:-1350|1350|0|0|0|0:MrWhite|Budd|MrOrange|Bill|MrBlue|Pluribus
STATE:49:fr225r525fffr1925c/r3775c/r10000f:8dAc|8h5s|Kc6s|AdQs|AhKh|9cAs/8c3c5h/2s:-50|-100|0|3925|-3775|0:Budd|MrOrange|Bill|MrBlue|Pluribus|MrWhite
STATE:50:ffffr250c/cc/cc/cr600f:8cAd|5hKd|7hQd|Jc4h|8sTh|9c4d/Qh5c9s/6h/Ks:-250|250|0|0|0|0:MrOrange|Bill|MrBlue|Pluribus|MrWhite|Budd
STATE:51:fffff:Td4c|2s3c|Th2h|4h9h|Jd8s|5c9c:-50|50|0|0|0|0:Bill|MrBlue|Pluribus|MrWhite|Budd|MrOrange
STATE:52:r225ffffc/cc/cc/cr770r2360c:Qh5d|8d7h|2h2s|As5h|4hQs|5sJs/Jh4dTc/6d/2d:-50|-2360|2410|0|0|0:MrBlue|Pluribus|MrWhite|Budd|MrOrange|Bill
STATE:53:fffff:2d6s|8dQc|6d8c|5h9d|Qs9h|5dKh:-50|50|0|0|0|0:Pluribus|MrWhite|Budd|MrOrange|Bill|MrBlue
STATE:54:ffffr250f:Ac2s|Jd5c|5dTd|2d7c|Jh4c|3c6c:100|-100|0|0|0|0:MrWhite|Budd|MrOrange|Bill|MrBlue|Pluribus
STATE:55:ffffr300c/r500c/cc/r1300f:9sQd|TsAc|7c6d|4s5c|Th4d|Qs7d/3c9c9d/6c/7s:500|-500|0|0|0|0:Budd|MrOrange|Bill|MrBlue|Pluribus|MrWhite
STATE:56:fffr250fc/cr450c/cr1200c/cr2875c:5cTh|TcAh|3d6c|3hAs|Qc6s|KcQh/Ks7cQs/Ad/9h:-50|-2875|0|0|0|2925:MrOrange|Bill|MrBlue|Pluribus|MrWhite|Budd
STATE:57:ffffcc/cc/cr250f:3d5d|3sJd|5h4s|2c7h|8dKc|8h9c/Th8sAs/6s:-100|100|0|0|0|0:Bill|MrBlue|Pluribus|MrWhite|Budd|MrOrange
STATE:58:fr225fr800fff:ThTs|Ks3s|JcKd|QhKc|3d3h|AsQd:-50|-100|0|-225|0|375:MrBlue|Pluribus|MrWhite|Budd|MrOrange|Bill
STATE:59:ffffr250c/cc/cc/cc:As8c|Ah9c|7cTs|8sTd|Qc3c|6dJs/4dTc5s/5c/Kc:0|0|0|0|0|0:Pluribus|MrWhite|Budd|MrOrange|Bill|MrBlue
STATE:60:cr250cfr1200fffc/cr2400f:AsJc|7s4h|8d3s|JhAc|4s5s|Kc6s/7h6c4d:-1200|-100|-100|-250|1650|0:MrWhite|Budd|MrOrange|Bill|MrBlue|Pluribus
STATE:61:fr225ffff:7h4h|Th9s|Js6s|Kc9c|3s4d|4sAh:-50|-100|0|150|0|0:Budd|MrOrange|Bill|MrBlue|Pluribus|MrWhite
STATE:62:ffr225r720fff:Kh8s|9h6h|7h8d|Js3h|TdQh|QcAh:-50|-100|0|0|-225|375:MrOrange|Bill|MrBlue|Pluribus|MrWhite|Budd
STATE:63:ffr225fff:5d7s|2h5c|5h3s|TsKd|JdQc|3cKc:-50|-100|0|0|150|0:Bill|MrBlue|Pluribus|MrWhite|Budd|MrOrange
STATE:64:r225ffffc/cc/cc/r475f:9d5h|7s7d|8c7c|Ts9h|3h3s|2cKc/3dQh4d/9c/4s:-50|275|-225|0|0|0:MrBlue|Pluribus|MrWhite|Budd|MrOrange|Bill
STATE:65:fr200ffff:4dJs|9c4c|TsKd|AdKs|2d7c|Ac9d:-50|-100|0|150|0|0:Pluribus|MrWhite|Budd|MrOrange|Bill|MrBlue
STATE:66:fffff:2s5h|2hKs|6hQc|Qd2d|Jd7h|8h5d:-50|50|0|0|0|0:MrWhite|Budd|MrOrange|Bill|MrBlue|Pluribus
STATE:67:fffff:Kc3h|2h3d|Qd8h|Jd8s|3s4s|6h5c:-50|50|0|0|0|0:Budd|MrOrange|Bill|MrBlue|Pluribus|MrWhite
STATE:68:fr225ffff:Ks2d|6s4c|7c8d|JsAc|9d7h|Jh6h:-50|-100|0|150|0|0:MrOrange|Bill|MrBlue|Pluribus|MrWhite|Budd
STATE:69:fr225fffc/cr475f:4hQs|3cQc|As5c|Ad7d|3dJc|Td9h/7h7cJd:-50|-225|0|275|0|0:Bill|MrBlue|Pluribus|MrWhite|Budd|MrOrange
STATE:70:fr225fffc/cr400c/cc/cc:Jc4c|AdTc|5s7s|2h2s|4hKd|TdQs/Th3d6s/As/9s:-50|450|0|-400|0|0:MrBlue|Pluribus|MrWhite|Budd|MrOrange|Bill
STATE:71:fffr225cr900cf/r1800c/cr3712f:Ts8s|ThQc|8dJc|As5d|9d2d|5c5s/3d4s7h/6d:-225|-1800|0|0|0|2025:Pluribus|MrWhite|Budd|MrOrange|Bill|MrBlue
STATE:72:fffr287r961fc/cr1466f:8d9d|4c4d|7c8c|4sJc|3hQs|KhJh/4h2hTs:-961|-100|0|0|0|1061:MrWhite|Budd|MrOrange|Bill|MrBlue|Pluribus
STATE:73:fr225fffc/cr425c/cc/cr875r2675c:3sQh|8cAc|7dKd|QsQd|8dKc|7hKh/2c6dQc/Tc/4d:-50|2725|0|-2675|0|0:Budd|MrOrange|Bill|MrBlue|Pluribus|MrWhite
STATE:74:ffffr250c/cc/r1050f:5c5d|2c8c|7d9h|4cKs|2hQd|6h4d/Kd8d5s/Ah:250|-250|0|0|0|0:MrOrange|Bill|MrBlue|Pluribus|MrWhite|Budd
STATE:75:ffffcr350c/cr875f:Qs7s|7c3c|2hKd|9dKh|Jh6s|Ad3h/2d3s8h:-350|350|0|0|0|0:Bill|MrBlue|Pluribus|MrWhite|Budd|MrOrange
STATE:76:fffr250cf/cc/r465c/cc:Jc8c|7d5c|8s4s|2dJd|5s3s|9h6h/7s9cKd/4h/4c:-465|-100|0|0|0|565:MrBlue|Pluribus|MrWhite|Budd|MrOrange|Bill
STATE:77:fr200ffff:Jh8h|6c2d|6d3d|JsTs|Ad3s|5s8d:-50|-100|0|150|0|0:Pluribus|MrWhite|Budd|MrOrange|Bill|MrBlue
STATE:78:ffr225ffc/cr475c/cr1310c/cr6935f:6sTc|Qd9h|4s5s|ThKs|9sAh|9d2c/6h5hQs/Jd/7d:-50|-1310|0|0|1360|0:MrWhite|Budd|MrOrange|Bill|MrBlue|Pluribus
STATE:79:r225ffcfc/ccc/ccc/ccc:6d4d|2d2c|7s7c|Qs2s|Ad9s|3c3s/ThAs9d/4c/Tc:-50|-225|500|0|0|-225:Budd|MrOrange|Bill|MrBlue|Pluribus|MrWhite
STATE:80:ffffr250c/cr500c/cc/r1850f:9sJs|JdQc|Kd9h|Td8h|7sAd|Ts2c/AsJh5c/9c/3s:500|-500|0|0|0|0:MrOrange|Bill|MrBlue|Pluribus|MrWhite|Budd
STATE:81:ffffcr350f:6c9d|TcTd|4dQs|2hQd|6sTs|Ks3s:-100|100|0|0|0|0:Bill|MrBlue|Pluribus|MrWhite|Budd|MrOrange
STATE:82:r225r720fffff:6c2c|JcKc|As4s|AcQs|4h7s|7d3h:-50|-100|-225|375|0|0:MrBlue|Pluribus|MrWhite|Budd|MrOrange|Bill
STATE:83:fffr225ff:Jc2h|8h5d|4d7d|Tc2c|4cJs|AdQc:-50|-100|0|0|0|150:Pluribus|MrWhite|Budd|MrOrange|Bill|MrBlue
STATE:84:fffr200fr1050c/r1800f:2dAh|5s7s|Qh9s|4c2c|4hTd|8hKh/QsTc6d:-50|1100|0|0|0|-1050:MrWhite|Budd|MrOrange|Bill|MrBlue|Pluribus
STATE:85:fr225fffr1225f:Js8s|AcTc|3h7h|8dAd|5s9d|7cQd:-50|275|0|-225|0|0:Budd|MrOrange|Bill|MrBlue|Pluribus|MrWhite
STATE:86:fffr250fc/cr400r725c/r1225c/cc:3s9c|Ah5c|2cAs|5sJd|Ks3d|Kd5d/TdTs5h/Jc/Ad:-50|1275|0|0|0|-1225:MrOrange|Bill|MrBlue|Pluribus|MrWhite|Budd
STATE:87:fr225fr700fff:Qd6h|6c8c|4d8d|KdQs|3c5s|9sAs:-50|-100|0|-225|0|375:Bill|MrBlue|Pluribus|MrWhite|Budd|MrOrange
STATE:88:r225cffff/cc/cc/r675r1800f:4hAs|3dQd|5s6s|QcKc|4s9d|5h4d/AcTh9h/3s/Jc:-50|-100|-675|825|0|0:MrBlue|Pluribus|MrWhite|Budd|MrOrange|Bill
STATE:89:fffr225r775fr1850c/cr3600c/cc/r10000f:AhQh|3s7d|Th5d|2s4c|Kd2c|KsQd/2d6hTc/7c/8d:3700|-100|0|0|0|-3600:Pluribus|MrWhite|Budd|MrOrange|Bill|MrBlue
STATE:90:fr225ffr775fc/cc/cc/cr1925c:Ah5h|JsKs|2sTh|3c3h|Jh8h|7h6s/Ac7dTs/9h/Qd:2025|-100|0|-1925|0|0:MrWhite|Budd|MrOrange|Bill|MrBlue|Pluribus
STATE:91:fr225ffff:JcQs|8h4d|7d6c|5c5s|7hJs|9h2s:-50|-100|0|150|0|0:Budd|MrOrange|Bill|MrBlue|Pluribus|MrWhite
STATE:92:ffr225cfc/cr587fc/cc/r1087f:4d8s|7c9c|JhQd|6hQs|9sTs|JdKd/6s5h3d/3s/Jc:-50|862|0|0|-587|-225:MrOrange|Bill|MrBlue|Pluribus|MrWhite|Budd
STATE:93:ffffcc/cc/r250c/r600c:Ts7c|6sAd|JcTd|9d3c|4cKh|9cQh/2dJsAh/Qs/5s:-600|600|0|0|0|0:Bill|MrBlue|Pluribus|MrWhite|Budd|MrOrange
STATE:94:ffr210ffc/cr360c/cr948f:7h8s|9sAd|Js8h|Ks4c|JdTs|4sQh/2dKd8c/6h:-50|-360|0|0|410|0:MrBlue|Pluribus|MrWhite|Budd|MrOrange|Bill
STATE:95:r225fffff:3hTh|2dJh|5s5c|2s8d|3c6s|QsJd:-50|-100|150|0|0|0:Pluribus|MrWhite|Budd|MrOrange|Bill|MrBlue
STATE:96:fffr200ff:6c9s|2c5s|Qh4c|5hKd|8cJh|5dAd:-50|-100|0|0|0|150:MrWhite|Budd|MrOrange|Bill|MrBlue|Pluribus
STATE:97:fr225ffff:3c8s|Ks7c|2hTs|As2s|5s9d|2c8c:-50|-100|0|150|0|0:Budd|MrOrange|Bill|MrBlue|Pluribus|MrWhite
STATE:98:ffffr250c/r400c/r1500f:5h6h|Qc3c|4c5d|8hAd|4s3h|2s4h/3sTh4d/Kd:400|-400|0|0|0|0:MrOrange|Bill|MrBlue|Pluribus|MrWhite|Budd
STATE:99:fffff:5sTc|2hJh|4sAc|7s5h|3h6s|5dKc:-50|50|0|0|0|0:Bill|MrBlue|Pluribus|MrWhite|Budd|MrOrange
STATE:100:fffr250r1100fc/r2600c/cr4200f:JhTh|JsQh|JcKh|Jd3c|6sKc|5dAd/3h4c7d/8c:-2600|-100|0|0|0|2700:MrBlue|Pluribus|MrWhite|Budd|MrOrange|Bill
STATE:101:fffr225ff:8sJd|Tc4s|5hAs|5sQs|3sKc|Jh2h:-50|-100|0|0|0|150:Pluribus|MrWhite|Budd|MrOrange|Bill|MrBlue
STATE:102:ffr225fff:2s9s|Qh3s|8dJh|Tc7d|Ah8s|4s5c:-50|-100|0|0|150|0:MrWhite|Budd|MrOrange|Bill|MrBlue|Pluribus
STATE:103:fffff:5c9s|3hQc|4s8d|7s6h|6cJd|3d8c:-50|50|0|0|0|0:Budd|MrOrange|Bill|MrBlue|Pluribus|MrWhite
STATE:104:fr225ffff:Kc7s|Kd9h|Ad8c|KhJs|8sQc|5d7c:-50|-100|0|150|0|0:MrOrange|Bill|MrBlue|Pluribus|MrWhite|Budd
STATE:105:ffffcr350c/cr650c/cc/cc:4c4h|KhQc|7d5s|Th6d|Qd9c|6hTc/Ah8h9h/8d/Js:650|-650|0|0|0|0:Bill|MrBlue|Pluribus|MrWhite|Budd|MrOrange
STATE:106:ffr215fff:Qs9h|9s2h|8d4h|6s4c|5dAd|Th2s:-50|-100|0|0|150|0:MrBlue|Pluribus|MrWhite|Budd|MrOrange|Bill
STATE:107:r225cfffc/ccc/cr775fc/cr2143f:4c3s|8dQc|5h6h|KdAd|2d6s|AhTc/9d4h8s/9s/Kh:-50|-775|1050|-225|0|0:Pluribus|MrWhite|Budd|MrOrange|Bill|MrBlue
STATE:108:fffr250r850fc/r2200f:KsQh|8c5d|3c6d|8d6h|4cTs|4h4d/Js3d9s:950|-100|0|0|0|-850:MrWhite|Budd|MrOrange|Bill|MrBlue|Pluribus
STATE:109:ffffr300c/cc/cc/r900f:TdAd|TcJs|Kc7h|8d3c|Jh4s|8h5d/Ah9c5h/4d/8s:300|-300|0|0|0|0:Budd|MrOrange|Bill|MrBlue|Pluribus|MrWhite
STATE:110:fffff:6sJd|Kd8c|Qh8d|Qc9d|6h4d|Kh3d:-50|50|0|0|0|0:MrOrange|Bill|MrBlue|Pluribus|MrWhite|Budd
STATE:111:fr225fffc/cr600f:Jc2d|8d7c|Qh3s|AhAs|3c6h|Kd9h/Th2sJs:-50|-225|0|275|0|0:Bill|MrBlue|Pluribus|MrWhite|Budd|MrOrange
STATE:112:fffff:4h9d|6hAc|KsTc|Js4c|2h5s|7s4d:-50|50|0|0|0|0:MrBlue|Pluribus|MrWhite|Budd|MrOrange|Bill
STATE:113:ffr225ffc/cc/cc/cc:Ts3h|Kc9c|TcQh|4d5s|6sAs|5cQs/7d8h2c/7c/Jd:-50|-225|0|0|275|0:Pluribus|MrWhite|Budd|MrOrange|Bill|MrBlue
STATE:114:ffffr300f:JsAh|3cQd|8c7d|8sQh|3dKc|6h2h:100|-100|0|0|0|0:MrWhite|Budd|MrOrange|Bill|MrBlue|Pluribus
STATE:115:fffff:Qd7h|5dAs|Tc9d|4c9h|9c3h|8c9s:-50|50|0|0|0|0:Budd|MrOrange|Bill|MrBlue|Pluribus|MrWhite
STATE:116:fr200fffc/cc/r650f:Ks4h|Kh3h|8c6s|7sAs|2s6h|5h2h/9hJdTs/6d:-50|250|0|-200|0|0:MrOrange|Bill|MrBlue|Pluribus|MrWhite|Budd
STATE:117:ffffcc/cc/cr250c/cr630f:KsQc|Qs8s|4h9c|Ad8c|Jc3c|Ts7c/4sTdAc/3d/2c:-250|250|0|0|0|0:Bill|MrBlue|Pluribus|MrWhite|Budd|MrOrange
STATE:118:fr225ffff:5s3h|2d7h|4sQh|JdJh|5d3c|2h5h:-50|-100|0|150|0|0:MrBlue|Pluribus|MrWhite|Budd|MrOrange|Bill
STATE:119:ffffr200c/r400c/cr800f:JdAs|Ks6d|Ts4d|9d5d|4h2h|8dTh/7h7sKh/9s:-400|400|0|0|0|0:Pluribus|MrWhite|Budd|MrOrange|Bill|MrBlue
STATE:120:fr225ffff:9h6h|3d4h|7s2s|KdJs|Kh5c|5d6c:-50|-100|0|150|0|0:MrWhite|Budd|MrOrange|Bill|MrBlue|Pluribus
STATE:121:fffr225ff:Qd5c|4d7h|3d7d|6h9h|3c2c|Ad5h:-50|-100|0|0|0|150:Budd|MrOrange|Bill|MrBlue|Pluribus|MrWhite
STATE:122:fffr250ff:Jh6d|Kd6h|2c7d|8h2d|8sJd|7c4c:-50|-100|0|0|0|150:MrOrange|Bill|MrBlue|Pluribus|MrWhite|Budd
STATE:123:r225ffffc/cr475c/cr1475c/cc:8s5c|6c5d|AdAs|9s6d|QsTs|Td4s/Ah8d7d/9d/2h:-50|1525|-1475|0|0|0:Bill|MrBlue|Pluribus|MrWhite|Budd|MrOrange
