# name/game/hands/seed sample_game_84 ../lib/python-client/acpc_infrastructure/holdem.nolimit.6p.game 10000 84
#--t_response 600000000
#--t_hand 600000000
#--t_per_hand 600000000
STATE:0:r200ffffc/cr350f:9s6h|Qs5s|Kh9h|4cKc|3s5h|As8h/8s9d9c:-50|-200|250|0|0|0:MrWhite|Budd|MrOrange|Bill|MrBlue|Pluribus
STATE:1:ffffr300c/cr800c/cr2900f:Ah9c|3hQh|7h6d|QcTh|7c4c|Kd2h/6h9h5s/Kc:-800|800|0|0|0|0:Budd|MrOrange|Bill|MrBlue|Pluribus|MrWhite
STATE:2:r225fffcf/cr500c/cr1415c/cr3891f:QcJc|8d5c|Kc8c|4h2c|5dQh|7h6s/Jd8s3c/Kh/7d:-1415|-100|1515|0|0|0:MrOrange|Bill|MrBlue|Pluribus|MrWhite|Budd
STATE:3:fr225fffc/cc/r425c/cc:Qs5h|4d3s|8h3c|KdKs|Th5d|7sKc/Ac8dJs/2c/8s:-50|-425|0|475|0|0:Bill|MrBlue|Pluribus|MrWhite|Budd|MrOrange
STATE:4:r225fffcc/ccc/ccc/cr900ff:AsKd|8d5d|QhAc|Kc5h|Th6s|3hQd/Jd9c7h/3c/2d:-225|450|-225|0|0|0:MrBlue|Pluribus|MrWhite|Budd|MrOrange|Bill
STATE:5:fffr225r775fc/r1187f:7cKc|AcJh|9sQd|Tc6c|4hKs|As5c/Kd8s8d:875|-100|0|0|0|-775:Pluribus|MrWhite|Budd|MrOrange|Bill|MrBlue
STATE:6:fr225fffc/cr475f:2h3c|7dJd|5cKc|QcKh|As3h|8s4s/Ah4d8c:-50|-225|0|275|0|0:MrWhite|Budd|MrOrange|Bill|MrBlue|Pluribus
STATE:7:fffr225fc/cr575c/cr2575r10000c/:3h5h|7dAd|4s7s|Th3s|Ks3d|9dAc/As9c7c/2h/2s:-50|-10000|0|0|0|10050:Budd|MrOrange|Bill|MrBlue|Pluribus|MrWhite
STATE:8:r225fffr1150fc/r2100c/cr3825f:JsJc|6hAd|TcTs|Ks4c|Td5s|6d2c/8d4h4d/9d:-2100|-100|2200|0|0|0:MrOrange|Bill|MrBlue|Pluribus|MrWhite|Budd
STATE:9:ffffcc/cc/r200r400c/cc:8c8s|2cJd|3hKd|Ts3s|4sTc|Th4h/Kh7c9c/9d/Ac:400|-400|0|0|0|0:Bill|MrBlue|Pluribus|MrWhite|Budd|MrOrange
STATE:10:fr225r700fffr2250f:9c6s|Qd6d|7h8c|AdKc|As3s|8h4d:-50|-100|0|850|-700|0:MrBlue|Pluribus|MrWhite|Budd|MrOrange|Bill
STATE:11:ffr225ffc/cr575f:6dKh|9sAs|JhQd|4s7h|AcTc|Kd9c/4c5h2c:-50|-225|0|0|275|0:Pluribus|MrWhite|Budd|MrOrange|Bill|MrBlue
STATE:12:ffr225r975fff:Qc4d|2c6c|5c9d|KdTc|Qh2h|JhQs:-50|-100|0|0|-225|375:MrWhite|Budd|MrOrange|Bill|MrBlue|Pluribus
STATE:13:ffr200fff:Th7d|4cQh|Kh5c|7sTc|6dQd|Qs6c:-50|-100|0|0|150|0:Budd|MrOrange|Bill|MrBlue|Pluribus|MrWhite
STATE:14:fffr250fc/cr400c/cr825f:8c3c|Ah8d|6cJs|QdTh|5h8s|7dKs/Qs9c9d/4d:-50|-400|0|0|0|450:MrOrange|Bill|MrBlue|Pluribus|MrWhite|Budd
STATE:15:ffffcc/cr200r400c/cr700c/cc:4s4c|Ks3s|8dAc|7hQh|6s9c|9d7c/Td3hTh/3d/6d:-700|700|0|0|0|0:Bill|MrBlue|Pluribus|MrWhite|Budd|MrOrange
STATE:16:fffff:Qh6d|7h6h|JsQd|Jc3s|Th2d|9c2h:-50|50|0|0|0|0:MrBlue|Pluribus|MrWhite|Budd|MrOrange|Bill
STATE:17:ffr225fcc/ccc/r562fc/cc:3h3d|4s5c|5d8h|Qc2d|JcAc|6cKh/7s4hKs/Kc/3s:787|-225|0|0|-562|0:Pluribus|MrWhite|Budd|MrOrange|Bill|MrBlue
STATE:18:fffff:Kd8h|5cTc|Th7s|Kc9s|4sQc|4h9c:-50|50|0|0|0|0:MrWhite|Budd|MrOrange|Bill|MrBlue|Pluribus
STATE:19:ffr200fr900ff:Ac9c|Ts8d|4hKh|2cQd|AhJc|5c3s:300|-100|0|0|-200|0:Budd|MrOrange|Bill|MrBlue|Pluribus|MrWhite
STATE:20:r225r675ffffr2250f:7h2c|Jc5c|KcKh|TdQd|QhJs|3hJd:-50|-100|825|-675|0|0:MrOrange|Bill|MrBlue|Pluribus|MrWhite|Budd
STATE:21:ffr225fr925fc/r1575c/r3825c/r10000f:AhAd|6d8s|Ts7s|7d8c|JcJd|4dQs/5c6cKd/5d/2h:3925|-100|0|0|-3825|0:Bill|MrBlue|Pluribus|MrWhite|Budd|MrOrange
STATE:22:fffr250fr1350f:2c6h|KhAh|9cJd|2h7h|Kc9h|3hAd:-50|300|0|0|0|-250:MrBlue|Pluribus|MrWhite|Budd|MrOrange|Bill
STATE:23:ffr225ffc/cr475c/cc/cc:3dJs|4s4h|9s7s|5h6s|QdKc|5cKd/8dAh6c/9h/8h:-50|525|0|0|-475|0:Pluribus|MrWhite|Budd|MrOrange|Bill|MrBlue
STATE:24:r200ffccf/ccc/ccc/ccr900ff:4h4d|Qh3s|AhKh|Tc2h|6c9c|JhAc/7hQdTd/8s/9h:-200|-100|-200|0|0|500:MrWhite|Budd|MrOrange|Bill|MrBlue|Pluribus
STATE:25:fr225ffff:6h8s|2d5s|KdTh|JsKs|9d6s|Kc7s:-50|-100|0|150|0|0:Budd|MrOrange|Bill|MrBlue|Pluribus|MrWhite
STATE:26:fr225fffc/cr475f:8d3s|TdKs|2hKd|JcKc|2cQs|7sAd/Jh6s3h:-50|-225|0|275|0|0:MrOrange|Bill|MrBlue|Pluribus|MrWhite|Budd
STATE:27:ffr225fff:Jd9s|Qs5c|Jh6c|Qc7c|AcTc|4h3s:-50|-100|0|0|150|0:Bill|MrBlue|Pluribus|MrWhite|Budd|MrOrange
STATE:28:ffffcr350c/cr1750f:5sAc|JhJd|Ad9s|8s5d|4d2h|Th7d/AsJs4h:-350|350|0|0|0|0:MrBlue|Pluribus|MrWhite|Budd|MrOrange|Bill
STATE:29:fffr225fc/cc/cr600c/cr1537r10000f:Kh7s|6sAs|Th9d|2d5d|3s4c|Jh6h/AdTs4s/5s/7d:-50|1587|0|0|0|-1537:Pluribus|MrWhite|Budd|MrOrange|Bill|MrBlue
STATE:30:fr225ffff:3hQh|2dQc|7d6s|Jc8c|4d7h|8dTh:-50|-100|0|150|0|0:MrWhite|Budd|MrOrange|Bill|MrBlue|Pluribus
STATE:31:fr225fffc/cc/cr475c/cc:6d7s|QdTd|8hKh|TsTc|Js5s|3c9h/7c8sTh/9s/6c:-50|25|0|25|0|0:Budd|MrOrange|Bill|MrBlue|Pluribus|MrWhite
STATE:32:fr200fffc/cc/r425c/r1775f:Qc4c|3s5s|6hTd|JhTs|2s7c|Kc9s/5c4dTc/5h/Qh:-50|475|0|-425|0|0:MrOrange|Bill|MrBlue|Pluribus|MrWhite|Budd
STATE:33:r225fffff:4dJc|Th3s|TcAh|Ad7d|3hJs|2hJd:-50|-100|150|0|0|0:Bill|MrBlue|Pluribus|MrWhite|Budd|MrOrange
STATE:34:fr225fffc/cc/cr475f:8dJs|5h5s|4s6c|JdJc|3c7c|6s2s/7s3sQh/9d:-50|-225|0|275|0|0:MrBlue|Pluribus|MrWhite|Budd|MrOrange|Bill
STATE:35:ffr225cfc/ccr525cf/cc/r1518f:3s5s|3d9d|3cQs|4cAs|5d5c|AdKs/3h9s2d/5h/Ts:-50|800|0|0|-225|-525:Pluribus|MrWhite|Budd|MrOrange|Bill|MrBlue
STATE:36:fr225fffr1150f:KhTc|AhAs|Td7h|2h2d|8dKs|Ts2c:-50|275|0|-225|0|0:MrWhite|Budd|MrOrange|Bill|MrBlue|Pluribus
STATE:37:fffff:5s2h|6h5d|Kh8c|Kc8d|Tc2d|2s9d:-50|50|0|0|0|0:Budd|MrOrange|Bill|MrBlue|Pluribus|MrWhite
STATE:38:r225fffff:5s5d|As6c|4s4c|Ah4d|Td2s|2c2d:-50|-100|150|0|0|0:MrOrange|Bill|MrBlue|Pluribus|MrWhite|Budd
STATE:39:fffff:3h7d|Kh6d|5sQs|9s5h|Td7h|Jd6c:-50|50|0|0|0|0:Bill|MrBlue|Pluribus|MrWhite|Budd|MrOrange
STATE:40:ffffr300f:TcAs|3s4c|Jh7s|TsQd|9hJd|7c3c:100|-100|0|0|0|0:MrBlue|Pluribus|MrWhite|Budd|MrOrange|Bill
STATE:41:fffr225r1050ff:QdQs|5c2s|2d8h|9dKd|Ac8s|Jd6d:325|-100|0|0|0|-225:Pluribus|MrWhite|Budd|MrOrange|Bill|MrBlue
STATE:42:fffff:8d4c|4s8c|Jh9s|Js6h|5c6d|5h7c:-50|50|0|0|0|0:MrWhite|Budd|MrOrange|Bill|MrBlue|Pluribus
STATE:43:r225fffff:Td9s|2hQc|KsQh|KhJs|Qd6d|7dAd:-50|-100|150|0|0|0:Budd|MrOrange|Bill|MrBlue|Pluribus|MrWhite
STATE:44:r225ffffc/cr475f:Ah8c|9sAs|QsAc|ThJs|7d4c|3sKh/Jc3d8h:-50|-225|275|0|0|0:MrOrange|Bill|MrBlue|Pluribus|MrWhite|Budd
STATE:45:ffffcc/cc/r250c/r600r1800f:7sTh|QcTs|9h8s|Kd4s|5s2c|9c7c/QhKs8h/9s/3s:-600|600|0|0|0|0:Bill|MrBlue|Pluribus|MrWhite|Budd|MrOrange
STATE:46:r225fr350fffc/cc/cc/cr900c:4sAc|Kd6h|7s7d|AdJs|4cKs|5cKh/3h2dAh/8c/3s:-50|-100|1050|0|-900|0:MrBlue|Pluribus|MrWhite|Budd|MrOrange|Bill
STATE:47:fffr225fr975c/r2475f:3h4h|QcQs|2s5c|9s8d|9h8s|AdQd/9c7s5d:-50|1025|0|0|0|-975:Pluribus|MrWhite|Budd|MrOrange|Bill|MrBlue
STATE:48:ffr225ffc/cc/cr600f:Kc2d|9d5d|9h8c|3sJh|As4s|Ks3h/4h7dJc/Ah:-50|-225|0|0|275|0:MrWhite|Budd|MrOrange|Bill|MrBlue|Pluribus
STATE:49:fffff:4c8d|8h4h|Ad6c|3c4d|Qd6s|Td2h:-50|50|0|0|0|0:Budd|MrOrange|Bill|MrBlue|Pluribus|MrWhite
STATE:50:ffr225fff:6cTs|7c4s|Jc9d|Ad8c|JsJh|6h2d:-50|-100|0|0|150|0:MrOrange|Bill|MrBlue|Pluribus|MrWhite|Budd
STATE:51:r200ffffc/cc/cr312r817f:9d2s|Ah9h|4d4c|6d4s|JdQh|8sTd/TsTcJh/5h:-50|362|-312|0|0|0:Bill|MrBlue|Pluribus|MrWhite|Budd|MrOrange
STATE:52:fffr250ff:9d3h|5hQc|2d4h|7h8c|QsTc|Ah4d:-50|-100|0|0|0|150:MrBlue|Pluribus|MrWhite|Budd|MrOrange|Bill
STATE:53:fffr225r912fc/cc/r3798f:JdTd|5hTh|JsTc|Qh6s|7sQd|4h7h/2dAd5s/2c:1012|-100|0|0|0|-912:Pluribus|MrWhite|Budd|MrOrange|Bill|MrBlue
STATE:54:fffr200ff:9sKh|6hTd|5cTh|8s3h|2dQc|AdAs:-50|-100|0|0|0|150:MrWhite|Budd|MrOrange|Bill|MrBlue|Pluribus
STATE:55:ffr250ffc/cc/cc/cc:3d6d|Ad2d|Qh5s|5c4s|AcTh|7h6c/Kh6s4h/8h/7s:-50|-250|0|0|300|0:Budd|MrOrange|Bill|MrBlue|Pluribus|MrWhite
STATE:56:fffff:Js5c|Kd9s|8sAd|2dJh|9d7h|4s3d:-50|50|0|0|0|0:MrOrange|Bill|MrBlue|Pluribus|MrWhite|Budd
STATE:57:r225fffff:TdQh|Jd2c|Ks8s|3sAh|Tc2h|Qc4h:-50|-100|150|0|0|0:Bill|MrBlue|Pluribus|MrWhite|Budd|MrOrange
STATE:58:ffffr300f:3h7h|2hTs|4d2c|Qh3s|2dJh|3c9s:100|-100|0|0|0|0:MrBlue|Pluribus|MrWhite|Budd|MrOrange|Bill
STATE:59:fffr225fc/cc/r725c/cr3383f:2dTh|5hAh|5c7c|Kh2h|8h2s|2cAs/Ac9s5s/8s/Qs:-50|-725|0|0|0|775:Pluribus|MrWhite|Budd|MrOrange|Bill|MrBlue
STATE:60:r200fffff:JdTs|3cTh|Ad8d|4c2s|7c2h|7hJc:-50|-100|150|0|0|0:MrWhite|Budd|MrOrange|Bill|MrBlue|Pluribus
STATE:61:ffffr300c/r600f:6dTd|Kc8d|7dAc|3sQd|2c4c|9d5h/4h5sAh:300|-300|0|0|0|0:Budd|MrOrange|Bill|MrBlue|Pluribus|MrWhite
STATE:62:r225fffff:8d6h|4cAs|8c7c|Jd2h|4d5c|Td6s:-50|-100|150|0|0|0:MrOrange|Bill|MrBlue|Pluribus|MrWhite|Budd
STATE:63:r225fffff:Kc8s|6dJs|KdTs|9h4h|5d8c|Qc9s:-50|-100|150|0|0|0:Bill|MrBlue|Pluribus|MrWhite|Budd|MrOrange
STATE:64:r225fffcf/cc/cr637f:Td7d|5s2c|KdKs|Qd6s|2s8s|7hJs/5c3hKh/Th:-225|-100|325|0|0|0:MrBlue|Pluribus|MrWhite|Budd|MrOrange|Bill
STATE:65:fffff:2c4d|Ts3d|3cTc|Jh9d|Kd4c|7sTh:-50|50|0|0|0|0:Pluribus|MrWhite|Budd|MrOrange|Bill|MrBlue
STATE:66:fffr225ff:Js3h|4h6d|JdTh|Qs8c|2s5h|6hAc:-50|-100|0|0|0|150:MrWhite|Budd|MrOrange|Bill|MrBlue|Pluribus
STATE:67:r225fffff:2c9s|Kc2s|AcTc|4sJd|7hTs|4hKs:-50|-100|150|0|0|0:Budd|MrOrange|Bill|MrBlue|Pluribus|MrWhite
STATE:68:fffr250fc/cc/r425c/r2225c:4d9c|8sJd|9sAc|6d9d|Jh2c|7cKd/6h5s3d/4s/2h:-50|-2225|0|0|0|2275:MrOrange|Bill|MrBlue|Pluribus|MrWhite|Budd
STATE:69:ffr225fff:2c8c|5cJd|Qh2s|7s3h|Ah7c|8s6h:-50|-100|0|0|150|0:Bill|MrBlue|Pluribus|MrWhite|Budd|MrOrange
STATE:70:fffr250ff:Qd5d|2c9d|8s6c|Ah7c|Qc5s|9cJh:-50|-100|0|0|0|150:MrBlue|Pluribus|MrWhite|Budd|MrOrange|Bill
STATE:71:ffffr250f:Qs3s|8h4d|Qh8c|2d3c|3d4h|Jd5h:100|-100|0|0|0|0:Pluribus|MrWhite|Budd|MrOrange|Bill|MrBlue
STATE:72:ffffr300c/r600f:ThJc|7cTs|Jh8h|Ad2h|7h3h|Js6h/Qs4dQc:300|-300|0|0|0|0:MrWhite|Budd|MrOrange|Bill|MrBlue|Pluribus
STATE:73:fffr225ff:2c4h|2h9s|Qd5s|Qh7c|3c8s|JcJh:-50|-100|0|0|0|150:Budd|MrOrange|Bill|MrBlue|Pluribus|MrWhite
STATE:74:fffr250fc/cr700f:Kd8c|8hJc|Ah3s|8sKh|9s3c|JsAc/5dTsQs:-50|-250|0|0|0|300:MrOrange|Bill|MrBlue|Pluribus|MrWhite|Budd
STATE:75:ffr225ffc/cc/cc/cc:5s4h|9dAh|6h3d|5d8d|JdTh|TsQd/2dAd3h/5c/4c:-50|25|0|0|25|0:Bill|MrBlue|Pluribus|MrWhite|Budd|MrOrange
STATE:76:ffr210fcc/ccr460fc/cr1010c/cc:Js9h|9d7h|4dJh|3d2c|TdAh|3cKc/6d8dKd/Ac/Th:-210|1220|0|0|-1010|0:MrBlue|Pluribus|MrWhite|Budd|MrOrange|Bill
STATE:77:fffr225fc/cc/r475c/r1475f:3s5s|QhTd|2hAd|Ts9d|6h3c|8hQd/6s6cQc/4d/Th:-50|525|0|0|0|-475:Pluribus|MrWhite|Budd|MrOrange|Bill|MrBlue
STATE:78:fr225ffff:7s4d|3cKh|2d5h|Td8d|Kc6h|Ts2s:-50|-100|0|150|0|0:MrWhite|Budd|MrOrange|Bill|MrBlue|Pluribus
STATE:79:ffr200fff:As7h|8hQc|2s9d|4c7d|7s9s|5cKs:-50|-100|0|0|150|0:Budd|MrOrange|Bill|MrBlue|Pluribus|MrWhite
STATE:80:fffr250ff:5c7h|Qs3c|Ah5s|2s2d|2cTh|6h8h:-50|-100|0|0|0|150:MrOrange|Bill|MrBlue|Pluribus|MrWhite|Budd
STATE:81:r250r900ffffr2070c/r4215f:9h9s|9cQc|KhAd|AsKd|7c2c|2hKc/3d3h4h:-50|-100|2220|-2070|0|0:Bill|MrBlue|Pluribus|MrWhite|Budd|MrOrange
STATE:82:ffffr300c/cc/cr450f:3cJc|7c4c|Js8d|2hAs|5c2c|Th4d/6hKdTd/6d:-300|300|0|0|0|0:MrBlue|Pluribus|MrWhite|Budd|MrOrange|Bill
STATE:83:fffr225ff:Td2s|5sTc|8s4s|Jc2c|8c7d|6c4c:-50|-100|0|0|0|150:Pluribus|MrWhite|Budd|MrOrange|Bill|MrBlue
STATE:84:fffff:7hQc|9c2c|6sAd|8h4h|Qh4d|6cJh:-50|50|0|0|0|0:MrWhite|Budd|MrOrange|Bill|MrBlue|Pluribus
STATE:85:fr225fcff/cr675f:Kh6h|9d5s|2dTd|AcTh|7d4h|Ts8s/Jc7s6s:-50|-100|0|-225|0|375:Budd|MrOrange|Bill|MrBlue|Pluribus|MrWhite
STATE:86:fffr250fc/cr425c/cr875c/cc:5sAh|6d8d|TdQc|2h3d|Th6h|8sAd/Jh8hJs/Kc/7d:-50|-875|0|0|0|925:MrOrange|Bill|MrBlue|Pluribus|MrWhite|Budd
STATE:87:ffffcr350c/cr850f:TsJc|9hAh|Ac5h|5d2d|Kd2s|6cQd/4d9d6h:-350|350|0|0|0|0:Bill|MrBlue|Pluribus|MrWhite|Budd|MrOrange
STATE:88:fr225fffc/cr600f:7c8d|6s7h|2h5s|JdQs|4s2d|5hJc/Tc5d9c:-50|-225|0|275|0|0:MrBlue|Pluribus|MrWhite|Budd|MrOrange|Bill
STATE:89:r225ffffc/cc/cc/r1025f:6dQd|QhJc|KhAd|5c2s|3cQs|7c9s/5d3sJs/5h/9c:-50|275|-225|0|0|0:Pluribus|MrWhite|Budd|MrOrange|Bill|MrBlue
STATE:90:fffff:5h8c|9sJc|9c6c|7hQs|Th6s|6d2c:-50|50|0|0|0|0:MrWhite|Budd|MrOrange|Bill|MrBlue|Pluribus
STATE:91:ffr200fff:Kh9c|8d5c|2hTh|4dKs|JdQh|4cJs:-50|-100|0|0|150|0:Budd|MrOrange|Bill|MrBlue|Pluribus|MrWhite
STATE:92:fffr250r1150fc/r1950c/cr3950f:KdJd|6d9h|6cTh|7c3s|2cJc|AcAh/6s5c6h/4h:-1950|-100|0|0|0|2050:MrOrange|Bill|MrBlue|Pluribus|MrWhite|Budd
STATE:93:ffr225ffc/cr475c/cr1975f:5d3c|Qc7d|Ac7s|As4d|KcQd|4cKd/Tc3sQs/8c:-50|-475|0|0|525|0:Bill|MrBlue|Pluribus|MrWhite|Budd|MrOrange
STATE:94:fffr250ff:9c4c|3hKs|3cQd|Ts6d|3d2h|Ac5d:-50|-100|0|0|0|150:MrBlue|Pluribus|MrWhite|Budd|MrOrange|Bill
STATE:95:fffr225fc/cc/r600f:6dJd|3cJc|Kd8d|Tc2h|Ad6h|2sKs/9h8c4c/9c:-50|275|0|0|0|-225:Pluribus|MrWhite|Budd|MrOrange|Bill|MrBlue
STATE:96:r200ffr887fff:9hAc|2d5d|9dKd|4d8d|8c4s|3dAd:-50|-100|-200|0|0|350:MrWhite|Budd|MrOrange|Bill|MrBlue|Pluribus
STATE:97:fr225fcfc/ccr587ff:3hJh|TsQh|6cJs|AdJc|2s5s|AhTd/Ks7s3d:-50|-225|0|-225|0|500:Budd|MrOrange|Bill|MrBlue|Pluribus|MrWhite
STATE:98:ffr225ffc/cr600f:4c9h|8h9c|6dTd|5sQh|QsJc|7d3s/AcQdJd:-50|-225|0|0|275|0:MrOrange|Bill|MrBlue|Pluribus|MrWhite|Budd
STATE:99:fffr244fc/cr414f:9c2d|7sTs|4d3s|2s9h|2c3c|8d8h/8cAh4h:-50|-244|0|0|0|294:Bill|MrBlue|Pluribus|MrWhite|Budd|MrOrange
STATE:100:fr225ffff:5s8c|2s7d|7c3c|QsKh|4d6d|Ks4h:-50|-100|0|150|0|0:MrBlue|Pluribus|MrWhite|Budd|MrOrange|Bill
STATE:101:ffr225r780ffc/cc/cr1795c/cc:Js2d|4d2s|3s5h|7c8d|5dAd|Qd9d/4hTdAs/2c/3c:-50|-100|0|0|1945|-1795:Pluribus|MrWhite|Budd|MrOrange|Bill|MrBlue
STATE:102:fr225fffc/cc/r400f:Kd2c|Ac7h|4cQs|KsAd|6dJc|3d9d/6s7s5c/8d:-50|275|0|-225|0|0:MrWhite|Budd|MrOrange|Bill|MrBlue|Pluribus
STATE:103:fffr225fc/cc/r975f:Ks8c|8sQc|9dKc|4d7c|Ts8d|7dAd/QsTc5c/3s:-50|275|0|0|0|-225:Budd|MrOrange|Bill|MrBlue|Pluribus|MrWhite
STATE:104:fffr225fc/cc/cr400c/r1050c:3c9h|JsKc|KsJd|6cAh|Kd6d|8d9d/5dAd9s/Td/2d:-50|-1050|0|0|0|1100:MrOrange|Bill|MrBlue|Pluribus|MrWhite|Budd
STATE:105:ffffcr350c/cr650c/cc/cc:TcAd|3h7d|Qs8c|Jh6s|Qh7c|Th6d/Jc2cJs/5s/5h:650|-650|0|0|0|0:Bill|MrBlue|Pluribus|MrWhite|Budd|MrOrange
STATE:106:ffr210fff:4c7d|2sJd|Th9d|8hQc|6h7h|9cKs:-50|-100|0|0|150|0:MrBlue|Pluribus|MrWhite|Budd|MrOrange|Bill
STATE:107:r225fffcc/cr731r1996fc/cc/cr5158f:5d5s|TsKs|7s7d|Kd2h|AcJs|4d5h/7h4s9s/9h/Qd:-225|-1996|2221|0|0|0:Pluribus|MrWhite|Budd|MrOrange|Bill|MrBlue
