STATE:124:fr200cfff/cr475c/cc/cc:9s8d|6s2s|QdTh|QhAc|2c2h|4d5h/8h7sAd/9h/4h:-50|-100|0|625|-475|0:MrOrange|Pluribus|ORen|Hattori|MrBlue|Bill
STATE:125:fr225ffff:6c7d|Ks3h|Kd5d|JhAd|2h8d|Jc6h:-50|-100|0|150|0|0:Pluribus|ORen|Hattori|MrBlue|Bill|MrOrange
STATE:126:fr225ffff:7hAs|Js3c|KcTd|TsAc|7sJd|Ks6d:-50|-100|0|150|0|0:ORen|Hattori|MrBlue|Bill|MrOrange|Pluribus
STATE:127:r225fffff:3d7c|2hTc|Ac4c|Kc3c|Jd4s|Ah7h:-50|-100|150|0|0|0:Hattori|MrBlue|Bill|MrOrange|Pluribus|ORen
STATE:128:ffffcr350c/cr875f:Ad5h|4c5c|Kd8d|3s7s|3dKh|Td5d/9dQcTs:-350|350|0|0|0|0:MrBlue|Bill|MrOrange|Pluribus|ORen|Hattori
STATE:129:r200r612ffffc/cr1062c/cc/r4473f:2s2c|TsJc|Ad9d|9cTc|Qh2d|5h4c/4d7dJd/3h/3c:-50|-100|1212|-1062|0|0:Bill|MrOrange|Pluribus|ORen|Hattori|MrBlue
STATE:130:ffr225ffr1225f:KhTd|AcKs|8d9s|2s6s|Qc6c|4c9d:-50|275|0|0|-225|0:MrOrange|Pluribus|ORen|Hattori|MrBlue|Bill
STATE:131:ffffcc/cc/r200f:4hQh|Ac2h|Ks3d|Qs4s|2c7c|Ts6d/6s2sTd/3s:100|-100|0|0|0|0:Pluribus|ORen|Hattori|MrBlue|Bill|MrOrange
STATE:132:fffr287r1100fc/r3900f:7d9d|6d2h|TdQs|KdTs|5c2c|QhAs/Tc9c7h:1200|-100|0|0|0|-1100:ORen|Hattori|MrBlue|Bill|MrOrange|Pluribus
STATE:133:r225ffffc/cr600c/cc/r1537f:JcTh|AcQc|As3s|5hKc|4sKd|8cKs/4c5c6h/4d/6c:-50|650|-600|0|0|0:Hattori|MrBlue|Bill|MrOrange|Pluribus|ORen
STATE:134:ffffr300c/cc/cc/r750f:JsAc|4hAs|8dQh|Jh6h|Ts2h|7d9h/6cKcJc/3h/5h:300|-300|0|0|0|0:MrBlue|Bill|MrOrange|Pluribus|ORen|Hattori
STATE:135:ffr211ffc/cc/r361c/r661c:9s5s|8s3s|Tc7s|2d9d|9c7c|Js2h/7d6d3c/5c/4d:-50|711|0|0|-661|0:Bill|MrOrange|Pluribus|ORen|Hattori|MrBlue
STATE:136:fffr250fc/cc/cr650c/cr1662c:JhTs|5h6s|8cAs|Kd2s|9s7h|TcKh/5d7c8d/Jc/9d:-50|-1662|0|0|0|1712:MrOrange|Pluribus|ORen|Hattori|MrBlue|Bill
STATE:137:fffr200ff:4cTc|3sJc|Qs2h|7hAc|4dQd|9s6s:-50|-100|0|0|0|150:Pluribus|ORen|Hattori|MrBlue|Bill|MrOrange
STATE:138:fffr225r1100fc/r1900r3850f:5hAh|Qc4d|7sJs|2cJd|Ac5d|3s3c/AsKdTh:-1900|-100|0|0|0|2000:ORen|Hattori|MrBlue|Bill|MrOrange|Pluribus
STATE:139:r225fffff:9d8c|2dQh|4s5s|4d2s|6c7c|7sQs:-50|-100|150|0|0|0:Hattori|MrBlue|Bill|MrOrange|Pluribus|ORen
STATE:140:fr200fffc/cr425r1100c/cc/cc:Ad3s|Qd3d|Tc6h|ThQh|2cKd|Kc8h/9d8sTs/9s/5d:-50|-1100|0|1150|0|0:MrBlue|Bill|MrOrange|Pluribus|ORen|Hattori
STATE:141:r250fffff:4s5c|2s8s|AsAh|5dTh|2hKs|8dQc:-50|-100|150|0|0|0:Bill|MrOrange|Pluribus|ORen|Hattori|MrBlue
STATE:142:fffff:4h3c|7dQd|7c9s|5c9d|3dKc|2sTd:-50|50|0|0|0|0:MrOrange|Pluribus|ORen|Hattori|MrBlue|Bill
STATE:143:fffr200fc/cr650f:Td7h|6sTs|2s8s|8c2c|2d6c|Kd9c/5c8d3d:-50|-200|0|0|0|250:Pluribus|ORen|Hattori|MrBlue|Bill|MrOrange
STATE:144:r225fffff:6d8s|Th2c|AcQc|9s4c|TsKc|Ks9h:-50|-100|150|0|0|0:ORen|Hattori|MrBlue|Bill|MrOrange|Pluribus
STATE:145:ffffr235c/cc/r585f:Jd4d|5dAs|7s8h|6c7h|Qs9d|3cQd/Jc4hTs/9c:235|-235|0|0|0|0:Hattori|MrBlue|Bill|MrOrange|Pluribus|ORen
STATE:146:fr200fffc/cr425r1100c/r3350c/cr10000f:5cAh|QdJc|7cQc|8sTs|7h2h|9h5d/Tc5sKc/6d/8h:-50|-3350|0|3400|0|0:MrBlue|Bill|MrOrange|Pluribus|ORen|Hattori
STATE:147:fffr225ff:7dTs|Th3h|Qs8c|6c8h|3cKh|5d5h:-50|-100|0|0|0|150:Bill|MrOrange|Pluribus|ORen|Hattori|MrBlue
STATE:148:fffr250fc/cr525c/cc/r1625f:5dTc|KdJh|4h2h|6cTd|Js2d|8d9d/5cAcQh/Qd/Ts:-50|575|0|0|0|-525:MrOrange|Pluribus|ORen|Hattori|MrBlue|Bill
STATE:149:fffff:5s8h|7hKs|Td5h|Ad6s|3cTh|3hQd:-50|50|0|0|0|0:Pluribus|ORen|Hattori|MrBlue|Bill|MrOrange
STATE:150:r225ffffr1200c/r3000c/r5000c/r10000c:6sAd|KcAh|Js9s|3h8c|TsQc|4d5h/9c2h9d/Qs/3c:-50|-10000|10050|0|0|0:ORen|Hattori|MrBlue|Bill|MrOrange|Pluribus
STATE:151:ffr250ffc/cc/cc/cr800f:Qs4s|8s7s|Th4h|5cQc|Kc4c|Jh3c/AsTc3h/3d/2s:-50|-250|0|0|300|0:Hattori|MrBlue|Bill|MrOrange|Pluribus|ORen
STATE:152:fr225ffff:4d8s|9c2s|Jd5h|Qh8h|7h4s|Qd2d:-50|-100|0|150|0|0:MrBlue|Bill|MrOrange|Pluribus|ORen|Hattori
STATE:153:r225r825fffff:Ks5h|2s8h|JdAh|KhAd|JhTc|4d9s:-50|-100|-225|375|0|0:Bill|MrOrange|Pluribus|ORen|Hattori|MrBlue
STATE:154:ffr225cfc/ccr475cc/ccc/ccr1212fc:2h6d|7hKh|Ad8c|2s3h|KdKc|Ts9s/5h3c7s/Th/8s:-50|-475|0|0|1737|-1212:MrOrange|Pluribus|ORen|Hattori|MrBlue|Bill
STATE:155:fffff:2h8d|7dAc|7sKd|9s6h|5h9d|Js3c:-50|50|0|0|0|0:Pluribus|ORen|Hattori|MrBlue|Bill|MrOrange
STATE:156:r225ffffc/cc/cr600c/cr2750f:TsKh|9sAs|Jd8d|4hJc|Jh6c|3c7d/Tc7h9h/6d/8c:-50|-600|650|0|0|0:ORen|Hattori|MrBlue|Bill|MrOrange|Pluribus
STATE:157:fr200fffc/cr350f:2hQs|Js4s|5sKs|5d3d|2s7s|Qd5h/Ad2cTc:-50|-200|0|250|0|0:Hattori|MrBlue|Bill|MrOrange|Pluribus|ORen
STATE:158:fffr225ff:4h6d|Kh4s|7c9s|7hAd|4c2h|JcJs:-50|-100|0|0|0|150:MrBlue|Bill|MrOrange|Pluribus|ORen|Hattori
STATE:159:fffr225fc/cc/cr600r1780c/r10000f:8dJs|Kh7d|Kc5d|2cQc|2h3c|7hAc/Ah9h3s/7c/3d:-50|1830|0|0|0|-1780:Bill|MrOrange|Pluribus|ORen|Hattori|MrBlue
STATE:160:r200ffcff/cc/r375c/r675r1425f:4h6s|3s8s|AhQc|Tc9s|6d5c|KsTs/6h7cTd/As/Kh:-50|-100|-675|0|0|825:MrOrange|Pluribus|ORen|Hattori|MrBlue|Bill
STATE:161:ffr225ccf/ccc/ccc/ccr325fc:3d3s|5d3c|Js5c|Th7d|KsQd|7cAc/8c8h9d/Ad/5s:-225|-100|0|0|-325|650:Pluribus|ORen|Hattori|MrBlue|Bill|MrOrange
STATE:162:fffr250r1100fc/r3900r10000c//:JdJc|8s2s|5cQs|9s4d|3dAs|QcQh/3c7d4c/9d/4h:-10000|-100|0|0|0|10100:ORen|Hattori|MrBlue|Bill|MrOrange|Pluribus
STATE:163:fr200fcfc/cr650ff:Jd7c|8cJh|2c6c|AdKh|7sTh|Ac5c/2sJsKd:-50|-200|0|450|0|-200:Hattori|MrBlue|Bill|MrOrange|Pluribus|ORen
STATE:164:fr225r825ffff:Ks4d|Qd2s|5h3d|6hKh|TsJs|3h7c:-50|-100|0|-225|375|0:MrBlue|Bill|MrOrange|Pluribus|ORen|Hattori
STATE:165:ffr200cfc/ccr525ff:Ac9s|As9h|3s4c|Kc7h|JdAd|5h5d/5s8s2c:-50|-200|0|0|-200|450:Bill|MrOrange|Pluribus|ORen|Hattori|MrBlue
STATE:166:fffr250fc/cc/cc/cr662f:5cKh|Ac6d|2c4c|4hJc|5dTh|As9c/Td2h4s/9h/9d:-50|-250|0|0|0|300:MrOrange|Pluribus|ORen|Hattori|MrBlue|Bill
STATE:167:fffr200r950ff:JsTc|KcJd|8sJh|2dQh|6c3h|Td5d:300|-100|0|0|0|-200:Pluribus|ORen|Hattori|MrBlue|Bill|MrOrange
STATE:168:fffff:3sTc|9hAs|8c5d|6h3h|7cJh|4c9s:-50|50|0|0|0|0:ORen|Hattori|MrBlue|Bill|MrOrange|Pluribus
STATE:169:ffffr250c/r650c/cc/cc:6dAs|Qd7d|Ah9d|8dQs|9c3s|2c5d/7hTc4s/Kh/4d:-650|650|0|0|0|0:Hattori|MrBlue|Bill|MrOrange|Pluribus|ORen
STATE:170:ffffr300f:AhTc|Td5h|2h7h|4sQc|5s2d|Qs8c:100|-100|0|0|0|0:MrBlue|Bill|MrOrange|Pluribus|ORen|Hattori
STATE:171:fr200fffr1200c/cc/cr2400c/cc:3dAh|KhKc|5d7s|TsTh|3cKd|Js8d/8c4dJc/5s/4h:-50|2450|0|-2400|0|0:Bill|MrOrange|Pluribus|ORen|Hattori|MrBlue
STATE:172:ffr225cfc/cr587ff:4sJh|9cAd|Qc5h|6c5s|AhKh|6h7h/8dQhJs:-50|-225|0|0|500|-225:MrOrange|Pluribus|ORen|Hattori|MrBlue|Bill
STATE:173:fffr200fc/cc/cc/cc:8s6d|Ac7s|Ts6s|5c9c|Ah2s|AsTc/4h2h3s/9s/4c:-50|-200|0|0|0|250:Pluribus|ORen|Hattori|MrBlue|Bill|MrOrange
STATE:174:ffffr300r1000c/cr2600f:Ah4h|JdKd|Kc4c|2s6d|Js3s|2hAs/JcTs5h:-1000|1000|0|0|0|0:ORen|Hattori|MrBlue|Bill|MrOrange|Pluribus
STATE:175:fffff:2c6h|AhJh|Jc2s|2h9h|2d9s|3hKc:-50|50|0|0|0|0:Hattori|MrBlue|Bill|MrOrange|Pluribus|ORen
STATE:176:ffr200fcf/cr575f:QdTc|3h7d|6dKs|9s2d|Th9h|6h4s/7cJc4d:-200|-100|0|0|300|0:MrBlue|Bill|MrOrange|Pluribus|ORen|Hattori
STATE:177:fffr225fc/cr475f:Kh8c|8s9d|JcTh|8d5h|8h2c|AdJh/QcTdKc:-50|-225|0|0|0|275:Bill|MrOrange|Pluribus|ORen|Hattori|MrBlue
STATE:178:ffr225ffc/cc/cc/cr600f:2hTs|8cJc|8s3s|KhTd|Kc6c|Qd5h/9hAcKd/2s/5s:-50|-225|0|0|275|0:MrOrange|Pluribus|ORen|Hattori|MrBlue|Bill
STATE:179:fffr200ff:2dTs|Jc4s|Ad9c|KdTc|5s6h|8h8d:-50|-100|0|0|0|150:Pluribus|ORen|Hattori|MrBlue|Bill|MrOrange
STATE:180:fr225fffc/cc/cc/cc:3d6c|7s8s|7hJc|8cTc|9s8h|Ts6h/8dQhAc/3h/Ad:-50|25|0|25|0|0:ORen|Hattori|MrBlue|Bill|MrOrange|Pluribus
STATE:181:fffr200ff:Js9c|8h4c|6s7h|Qh5c|7d2s|9dAh:-50|-100|0|0|0|150:Hattori|MrBlue|Bill|MrOrange|Pluribus|ORen
STATE:182:fffr225r1100ff:AsQh|2h9h|9d2s|4dTs|Ac3s|8hTd:325|-100|0|0|0|-225:MrBlue|Bill|MrOrange|Pluribus|ORen|Hattori
STATE:183:ffr200ffc/cc/cr380f:4s8h|2dKd|Qc5d|Ks6d|7cTc|2c9h/Th4c9s/7d:-50|-200|0|0|250|0:Bill|MrOrange|Pluribus|ORen|Hattori|MrBlue
STATE:184:fffr250ff:8h7c|5cKd|Ac5d|5s7h|3c2h|QcJd:-50|-100|0|0|0|150:MrOrange|Pluribus|ORen|Hattori|MrBlue|Bill
STATE:185:r200fffff:2hAs|7hTs|5c5h|9sQc|6cTh|Qh3c:-50|-100|150|0|0|0:Pluribus|ORen|Hattori|MrBlue|Bill|MrOrange
STATE:186:ffr200cfc/ccc/ccc/cr550cf:Jh5s|8c7h|5h8s|8d3h|KhTh|KsQc/2d7dKd/As/Kc:-50|-200|0|0|-550|800:ORen|Hattori|MrBlue|Bill|MrOrange|Pluribus
STATE:187:fffr200ff:7d6s|9c2s|Th2d|Qc6c|Js2c|6hQh:-50|-100|0|0|0|150:Hattori|MrBlue|Bill|MrOrange|Pluribus|ORen
STATE:188:r200ffffc/cc/cc/cr300f:7s2d|7c2c|As2s|5hJs|9s4s|KdTc/Ts5c2h/Qh/Ah:-50|-200|250|0|0|0:MrBlue|Bill|MrOrange|Pluribus|ORen|Hattori
STATE:189:r225fcr1075ffr2287fc/r4761f:6hJd|TcKs|JcAc|Qh4s|AhJh|AdKd/9s8c3s:-50|-100|2662|0|-225|-2287:Bill|MrOrange|Pluribus|ORen|Hattori|MrBlue
STATE:190:ffffr200c/r300c/r400f:As4s|Kh5s|7c6d|2s3h|5h7s|2hTd/8d4c2c/Js:300|-300|0|0|0|0:MrOrange|Pluribus|ORen|Hattori|MrBlue|Bill
STATE:191:fr225r700r1750fffc/cc/r3025c/cr10000f:4cAs|8d9c|2c6s|ThTs|8s8h|KsAc/9s7c3d/4h/3c:-50|-100|0|-225|-3025|3400:Pluribus|ORen|Hattori|MrBlue|Bill|MrOrange
STATE:192:fr225r700fffc/cr1200f:8d9c|Th7h|6h7s|9dTd|KcAc|Qc3c/As7d7c:-50|-100|0|-700|850|0:ORen|Hattori|MrBlue|Bill|MrOrange|Pluribus
STATE:193:ffffcc/cc/r200c/r300c:9c7c|As8d|Ad8h|Js2s|5h9d|2dJc/5cKcAc/9s/4c:300|-300|0|0|0|0:Hattori|MrBlue|Bill|MrOrange|Pluribus|ORen
STATE:194:r200ffcfc/ccc/ccc/ccc:6sJd|7c8s|QsAh|Th9s|5sKd|As7s/8hJh2d/Td/Ac:-50|-200|450|0|0|-200:MrBlue|Bill|MrOrange|Pluribus|ORen|Hattori
STATE:195:ffr200ffc/cr312c/cc/cr697f:3h2h|7c8d|9dKc|4c7h|TsKs|Td3d/8s2s5d/4h/9s:-50|-312|0|0|362|0:Bill|MrOrange|Pluribus|ORen|Hattori|MrBlue
STATE:196:fffr250fc/cr525f:Ts5d|As7d|2sTh|7s3d|4d7c|TcJc/9c2dKh:-50|-250|0|0|0|300:MrOrange|Pluribus|ORen|Hattori|MrBlue|Bill
STATE:197:r200ffcfr1200cf/r2000f:2s7s|JsKs|JcJh|Kd4d|Qs6s|KhQd/KcAd7c:-50|1450|-1200|0|0|-200:Pluribus|ORen|Hattori|MrBlue|Bill|MrOrange
STATE:198:fr225ffr1100fc/r2300c/r3500c/cr10000c:JhJd|7d5h|6c2d|AcAh|4c5c|3c8d/Tc9s4d/Kc/8s:-10000|-100|0|10100|0|0:ORen|Hattori|MrBlue|Bill|MrOrange|Pluribus
STATE:199:fr200ffcf/cc/cc/r350r700c:9dAd|6dTc|8hKc|5d5h|3sKh|2sTs/8s6hAh/7s/4d:-700|-100|0|800|0|0:Hattori|MrBlue|Bill|MrOrange|Pluribus|ORen
STATE:200:fffr225ff:6h7c|7h4s|Qd4d|8cKh|Js5s|TdQs:-50|-100|0|0|0|150:MrBlue|Bill|MrOrange|Pluribus|ORen|Hattori
STATE:201:fffr225r950ff:QsTs|6dKh|4s2h|Js9h|7sQc|2sAh:325|-100|0|0|0|-225:Bill|MrOrange|Pluribus|ORen|Hattori|MrBlue
STATE:202:fr200fffc/cc/cc/r425c:9hAh|AdTc|8s2h|4h5h|4d6c|Jd7d/7c7s5c/Th/Qc:-50|475|0|-425|0|0:MrOrange|Pluribus|ORen|Hattori|MrBlue|Bill
STATE:203:r200fffff:6c2d|3d5c|8c9c|3hTd|3cTs|8sKs:-50|-100|150|0|0|0:Pluribus|ORen|Hattori|MrBlue|Bill|MrOrange
STATE:204:r225ffffc/cc/cc/cc:3d7c|KcTs|Qd9d|Ah8s|4d5d|5s2h/AsJsJd/Ac/Jc:-50|25|25|0|0|0:ORen|Hattori|MrBlue|Bill|MrOrange|Pluribus
STATE:205:ffffcc/cc/cc/cr250c:Ad2s|8sKh|3hKc|9s7d|9h6s|9c2c/TcTdKd/6c/5h:-250|250|0|0|0|0:Hattori|MrBlue|Bill|MrOrange|Pluribus|ORen
STATE:206:r200ffffc/cr350f:Qs6h|6c2c|KcAs|QhJs|9sKd|Jc6d/AdAh5h:-50|-200|250|0|0|0:MrBlue|Bill|MrOrange|Pluribus|ORen|Hattori
STATE:207:ffr200cfc/ccr525cf/cc/cc:8hKh|Qh6h|5d6s|8s7d|Th7h|As3s/Qs2d8d/Ad/4d:-50|-525|0|0|-200|775:Bill|MrOrange|Pluribus|ORen|Hattori|MrBlue
STATE:208:ffr225r800fff:Th6h|5cKc|2d2s|5dAc|4c3c|QsJs:-50|-100|0|0|-225|375:MrOrange|Pluribus|ORen|Hattori|MrBlue|Bill
STATE:209:r200ffcff/cc/r375f:Jd3d|Jh2s|KdAs|2d8h|TdQc|AcQh/9s8c4s/Js:-50|-100|350|0|0|-200:Pluribus|ORen|Hattori|MrBlue|Bill|MrOrange
STATE:210:fr225ffff:8d2s|Qc6s|7hTs|5sAs|QsJc|Kh3h:-50|-100|0|150|0|0:ORen|Hattori|MrBlue|Bill|MrOrange|Pluribus
STATE:211:r225fffff:3c7s|7dQc|JcKs|8cAc|8sTc|8dJh:-50|-100|150|0|0|0:Hattori|MrBlue|Bill|MrOrange|Pluribus|ORen
