STATE:102:fr200r625ffff:Th6d|Td6s|As2s|AcJh|5dAd|7cKh:-50|-100|0|-200|350|0:MrOrange|MrBlue|MrBlonde|Eddie|Bill|Pluribus
STATE:103:fffr223fc/cc/cc/cc:2c8h|ThKc|6s9h|Tc3s|5cKd|Ks8s/Ad3d9d/2h/Ah:-50|273|0|0|0|-223:MrBlue|MrBlonde|Eddie|Bill|Pluribus|MrOrange
STATE:104:fr250r800fffr2380f:6d8h|Tc4s|3h7d|AdKc|KsQh|6s6c:-50|-100|0|950|-800|0:MrBlonde|Eddie|Bill|Pluribus|MrOrange|MrBlue
STATE:105:r225ffffc/cc/cc/r600f:Jc4h|5dQd|TcTh|2h9c|8d3c|JdAh/Ks8s4c/Qs/Kd:-50|275|-225|0|0|0:Eddie|Bill|Pluribus|MrOrange|MrBlue|MrBlonde
STATE:106:ffr250ffc/cc/cc/cc:8c6c|9dQd|3cAd|Qs4c|7hKh|JdTs/9h4h9c/Ac/6s:-50|300|0|0|-250|0:Bill|Pluribus|MrOrange|MrBlue|MrBlonde|Eddie
STATE:107:ffr200ffc/cc/cc/r1098f:2sTh|9c2c|3hJh|Ah6s|7sAs|5sAd/Jd8d8c/8s/5h:-50|250|0|0|-200|0:Pluribus|MrOrange|MrBlue|MrBlonde|Eddie|Bill
STATE:108:ffr225ffc/cr475c/cc/r2475f:4c9c|JhTs|7dAs|6hJc|9dAh|7cTd/KhQh3s/Qd/4s:-50|525|0|0|-475|0:MrOrange|MrBlue|MrBlonde|Eddie|Bill|Pluribus
STATE:109:fr225fcr1350ffc/r2475c/cr4130c/cr10000c:QcQd|8c6c|9c2h|9s8s|5sQs|4d4h/4sQh3h/Th/6s:10325|-100|0|-225|0|-10000:MrBlue|MrBlonde|Eddie|Bill|Pluribus|MrOrange
STATE:110:fffr225fc/cc/r850f:7c3h|9sAd|6s4s|8d2c|Qc4h|JsQd/9c6c2d/5s:-50|275|0|0|0|-225:MrBlonde|Eddie|Bill|Pluribus|MrOrange|MrBlue
STATE:111:r200fr700fffc/cc/cr1862f:9cQs|AsJh|7s7h|Jd8c|Ts8s|Js3h/5sKc8d/Th:-50|-100|-700|0|850|0:Eddie|Bill|Pluribus|MrOrange|MrBlue|MrBlonde
STATE:112:fr225ffff:9cJs|As3h|3c5s|AcQh|Td2d|Ks7s:-50|-100|0|150|0|0:Bill|Pluribus|MrOrange|MrBlue|MrBlonde|Eddie
STATE:113:r225r750fffff:Jc5s|Th4h|AhTs|KsKc|6d5c|8hKd:-50|-100|-225|375|0|0:Pluribus|MrOrange|MrBlue|MrBlonde|Eddie|Bill
STATE:114:fr200fffc/cr335c/cr1635c/cr10000f:8c3h|QhAh|Jh2h|QcTd|Jc7h|9s6d/9cKh2d/4h/5d:-50|-1635|0|1685|0|0:MrOrange|MrBlue|MrBlonde|Eddie|Bill|Pluribus
STATE:115:fr225ffff:9hKc|8c4s|Ks8d|As9s|Qd9c|Td3d:-50|-100|0|150|0|0:MrBlue|MrBlonde|Eddie|Bill|Pluribus|MrOrange
STATE:116:r225ffffr1300c/r1968c/r4368c/cr10000f:Kd6s|AsAh|QcJc|Jh3c|6d4h|6c7s/4sQh2d/Jd/Qs:-50|-4368|4418|0|0|0:MrBlonde|Eddie|Bill|Pluribus|MrOrange|MrBlue
STATE:117:fffr250cf/cc/r850f:7s7h|2hQc|Js4c|7c3d|Td4d|6dAs/3s8d8h/4h:350|-100|0|0|0|-250:Eddie|Bill|Pluribus|MrOrange|MrBlue|MrBlonde
STATE:118:fffff:4d8s|Ad4h|Kd3d|4s3c|6c9d|Td5c:-50|50|0|0|0|0:Bill|Pluribus|MrOrange|MrBlue|MrBlonde|Eddie
STATE:119:fffr287ff:Kc2h|6cTs|3dQs|7hTd|Ad5c|AsKd:-50|-100|0|0|0|150:Pluribus|MrOrange|MrBlue|MrBlonde|Eddie|Bill
STATE:120:ffr225ffc/cr475c/cr975r2975c/cr10000f:Jh4s|Qs2s|Qh4d|Ts7s|3cAc|Kd7h/9d2c5d/Qc/5c:-50|-2975|0|0|3025|0:MrOrange|MrBlue|MrBlonde|Eddie|Bill|Pluribus
STATE:121:ffffcc/cr250f:Ts5s|9d4d|4c6h|8d3c|8s2c|Jc5h/Qd7dAd:-100|100|0|0|0|0:MrBlue|MrBlonde|Eddie|Bill|Pluribus|MrOrange
STATE:122:fffr225fr350c/cc/cc/cc:Th9d|3c4h|Jd9c|9hAc|5sQd|4d8d/4s5cTc/As/Qs:-50|25|0|0|0|25:MrBlonde|Eddie|Bill|Pluribus|MrOrange|MrBlue
STATE:123:fcfffc/cr200f:3cQs|7c4h|8s6d|4cKc|TcQd|Ad9h/Kd8cTd:-50|-100|0|150|0|0:Eddie|Bill|Pluribus|MrOrange|MrBlue|MrBlonde
STATE:124:fffr222fc/cr627f:2cJc|7cQs|3dTh|Jd5h|8dQc|4sAs/3hJs9c:-50|-222|0|0|0|272:Bill|Pluribus|MrOrange|MrBlue|MrBlonde|Eddie
STATE:125:ffffcc/r200c/cc/cc:Qd5c|Kc2h|6d9d|9c7c|Kd2d|3c6c/8h4cAc/4s/5h:200|-200|0|0|0|0:Pluribus|MrOrange|MrBlue|MrBlonde|Eddie|Bill
STATE:126:ffr225ffc/cc/cr600c/cr1850f:5hKc|KdTh|4c9d|TsJh|5sAs|Jd8d/AdKs4h/Ah/4s:-50|-600|0|0|650|0:MrOrange|MrBlue|MrBlonde|Eddie|Bill|Pluribus
STATE:127:ffffcr400f:Jd9c|KdJc|JsTh|3sTd|4h7h|5c8c:-100|100|0|0|0|0:MrBlue|MrBlonde|Eddie|Bill|Pluribus|MrOrange
STATE:128:fffff:3sJs|9h6h|Jc5d|4d5c|2sQd|3hTd:-50|50|0|0|0|0:MrBlonde|Eddie|Bill|Pluribus|MrOrange|MrBlue
STATE:129:fffr250fr1100f:3cJc|8s7s|Ah5s|Ts2h|2d9d|2cKc:-50|300|0|0|0|-250:Eddie|Bill|Pluribus|MrOrange|MrBlue|MrBlonde
STATE:130:r200fffff:3sTc|9d2h|AcAs|Kc4d|Qh2c|4h6h:-50|-100|150|0|0|0:Bill|Pluribus|MrOrange|MrBlue|MrBlonde|Eddie
STATE:131:fffr287fc/cr462c/cc/r1572f:JhQd|Kd9d|9s4s|Qh4c|7c5d|TcJc/Kh4h3h/Kc/5s:-50|512|0|0|0|-462:Pluribus|MrOrange|MrBlue|MrBlonde|Eddie|Bill
STATE:132:r250ffcff/cr575c/cc/r1475c:TsAc|6d2c|QdQc|9s5h|3s6c|8d8s/9h2s5c/Js/7s:-50|-100|1625|0|0|-1475:MrOrange|MrBlue|MrBlonde|Eddie|Bill|Pluribus
STATE:133:r200fffff:Kc4h|6h8s|JdKh|9c5d|7h3h|Js5h:-50|-100|150|0|0|0:MrBlue|MrBlonde|Eddie|Bill|Pluribus|MrOrange
STATE:134:fffr225ff:4hAd|2s8h|8s7c|Td6h|Kc6s|3cAc:-50|-100|0|0|0|150:MrBlonde|Eddie|Bill|Pluribus|MrOrange|MrBlue
STATE:135:fr212fffc/cr612f:Td6c|KsQd|4h9d|QsJs|Jh6s|8d7d/3c2sTc:-50|-212|0|262|0|0:Eddie|Bill|Pluribus|MrOrange|MrBlue|MrBlonde
STATE:136:fffr222fc/cr672c/cr1792c/cr10000f:Qd4d|KhJh|4c7c|2hKd|9cJs|JcTc/AcQhKc/3s/9d:-50|-1792|0|0|0|1842:Bill|Pluribus|MrOrange|MrBlue|MrBlonde|Eddie
STATE:137:ffffr250r900f:TdKh|8d6s|5h8c|7dAh|4h6c|7c4c:-250|250|0|0|0|0:Pluribus|MrOrange|MrBlue|MrBlonde|Eddie|Bill
STATE:138:r250fr800ffff:4s9c|Ac6h|QhAd|2dJh|5sAs|8dAh:-50|-100|-250|0|400|0:MrOrange|MrBlue|MrBlonde|Eddie|Bill|Pluribus
STATE:139:ffr200fff:Qh8d|Qc6h|7d4s|3h2c|KdTs|Qd5s:-50|-100|0|0|150|0:MrBlue|MrBlonde|Eddie|Bill|Pluribus|MrOrange
STATE:140:r225fffff:4s2d|2hQd|5h5c|KdQs|3h2s|8cJh:-50|-100|150|0|0|0:MrBlonde|Eddie|Bill|Pluribus|MrOrange|MrBlue
STATE:141:ffr225cfr1150ff:5c4s|TsTh|2d8h|3sQd|Ad6d|QcTc:-50|500|0|0|-225|-225:Eddie|Bill|Pluribus|MrOrange|MrBlue|MrBlonde
STATE:142:fffr222fc/cc/r469f:3s9c|8dJd|4sQc|6s3h|Js5h|Ah3d/9d4h8h/Td:-50|272|0|0|0|-222:Bill|Pluribus|MrOrange|MrBlue|MrBlonde|Eddie
STATE:143:ffffr250c/cc/cc/cc:6h6d|JcQh|4hQd|TdJh|2s8c|2h6c/9d5h6s/Ah/5s:250|-250|0|0|0|0:Pluribus|MrOrange|MrBlue|MrBlonde|Eddie|Bill
STATE:144:fr200r625ffff:3h5h|9s7s|JcTd|JsAc|QdKs|5cQs:-50|-100|0|-200|350|0:MrOrange|MrBlue|MrBlonde|Eddie|Bill|Pluribus
STATE:145:fffr224fr1050c/cc/cc/cr2938f:5d4h|AhKd|6h5s|Tc3c|2dTd|9sAs/7s7c9c/3s/5h:-50|-1050|0|0|0|1100:MrBlue|MrBlonde|Eddie|Bill|Pluribus|MrOrange
STATE:146:fffr225ff:7dAc|4s3h|8dKs|6c9c|5c7s|9hKh:-50|-100|0|0|0|150:MrBlonde|Eddie|Bill|Pluribus|MrOrange|MrBlue
STATE:147:fffff:Kd2c|6s4h|Ts9c|6h4c|Qd2s|8h6d:-50|50|0|0|0|0:Eddie|Bill|Pluribus|MrOrange|MrBlue|MrBlonde
STATE:148:fr225ffff:JdQc|2s4h|8s2d|KhTh|9hQd|2h6d:-50|-100|0|150|0|0:Bill|Pluribus|MrOrange|MrBlue|MrBlonde|Eddie
STATE:149:ffr200ffc/cc/cc/cc:7s9s|TdAs|9h4c|Kc8s|8hQh|Ks3s/QdKd5h/6s/Ac:-50|250|0|0|-200|0:Pluribus|MrOrange|MrBlue|MrBlonde|Eddie|Bill
STATE:150:fr200r625fffr2000f:9s5s|2sQs|Th5h|KdQd|3s3h|Js6s:-50|-100|0|775|-625|0:MrOrange|MrBlue|MrBlonde|Eddie|Bill|Pluribus
STATE:151:ffffcr400f:2hKd|Ah7h|9cKh|4d9s|2c7s|7dTc:-100|100|0|0|0|0:MrBlue|MrBlonde|Eddie|Bill|Pluribus|MrOrange
STATE:152:fr200fcff/cc/r475c/cc:Ts3d|Kd7c|Ks5s|Th8h|2c3h|TcAs/5c4c4s/5d/Kh:-50|-100|0|-475|0|625:MrBlonde|Eddie|Bill|Pluribus|MrOrange|MrBlue
STATE:153:fr214ffff:Th4c|3dKh|8hTd|AsAc|Jc2c|6cJh:-50|-100|0|150|0|0:Eddie|Bill|Pluribus|MrOrange|MrBlue|MrBlonde
STATE:154:r200fffr850fc/cc/r1450c/cc:9s9d|6h4d|JcAc|8hQd|Ts3h|5c2h/Jd5h6d/3d/6s:-1450|-100|1550|0|0|0:Bill|Pluribus|MrOrange|MrBlue|MrBlonde|Eddie
STATE:155:r225ffffc/cc/cr600f:5h7c|Ah6h|AdJd|8h5s|6d8s|7dQh/9d4dTd/4h:-50|-225|275|0|0|0:Pluribus|MrOrange|MrBlue|MrBlonde|Eddie|Bill
STATE:156:fr200fffc/cc/r537c/r987c:6d2s|7sQs|2dTc|8hKh|TdJs|3h2h/8s6c5d/9h/2c:-50|1037|0|-987|0|0:MrOrange|MrBlue|MrBlonde|Eddie|Bill|Pluribus
STATE:157:fr225ffcc/ccc/ccc/ccc:ThKc|QdJc|KhTs|QcKd|9cTd|Ks2d/9sAs6d/5c/Ah:-225|-225|0|450|0|0:MrBlue|MrBlonde|Eddie|Bill|Pluribus|MrOrange
STATE:158:fffr225r1050ff:JcJd|7cKh|6c3d|2c4h|4c9h|5cAs:325|-100|0|0|0|-225:MrBlonde|Eddie|Bill|Pluribus|MrOrange|MrBlue
STATE:159:r225fffff:KdTc|Jd4h|As6s|Ad2s|Ks6c|5d3s:-50|-100|150|0|0|0:Eddie|Bill|Pluribus|MrOrange|MrBlue|MrBlonde
STATE:160:fffr222fc/cc/r963f:7c4d|Ac3s|3c4h|6h2c|8dQc|9s8c/9dTh4c/2d:-50|272|0|0|0|-222:Bill|Pluribus|MrOrange|MrBlue|MrBlonde|Eddie
STATE:161:fr250ffff:9dQh|3hJh|2s4c|JdKd|4h3d|4sKc:-50|-100|0|150|0|0:Pluribus|MrOrange|MrBlue|MrBlonde|Eddie|Bill
STATE:162:fffff:Kc7h|9d7s|8h4h|7c5h|2s9s|Js8c:-50|50|0|0|0|0:MrOrange|MrBlue|MrBlonde|Eddie|Bill|Pluribus
STATE:163:ffffr300f:9h6h|As2d|9s5d|4cTh|Ah5c|5h4d:100|-100|0|0|0|0:MrBlue|MrBlonde|Eddie|Bill|Pluribus|MrOrange
STATE:164:ffr215ffc/cc/cr390r1220f:4sQc|As8s|Ac7d|Kd7s|QhJh|2sTs/8c4d9h/2c:-50|440|0|0|-390|0:MrBlonde|Eddie|Bill|Pluribus|MrOrange|MrBlue
STATE:165:ffr225cff/cr625c/cr2525c/cc:6d4s|Jd5h|7s2s|9d8s|As9s|TsQs/2cJhAc/9h/4c:-50|-100|0|0|2675|-2525:Eddie|Bill|Pluribus|MrOrange|MrBlue|MrBlonde
STATE:166:ffr255fff:2d3d|Td2s|3s9c|Qh8c|AsJc|4s5d:-50|-100|0|0|150|0:Bill|Pluribus|MrOrange|MrBlue|MrBlonde|Eddie
STATE:167:ffffcr322f:4hKs|7sJs|9d7h|Th3d|3sQs|4cKh:-100|100|0|0|0|0:Pluribus|MrOrange|MrBlue|MrBlonde|Eddie|Bill
STATE:168:ffffcr350c/cc/r1305f:JcQh|KhAc|2d9d|Qs8c|9h5c|4h5s/3hTc8d/7d:350|-350|0|0|0|0:MrOrange|MrBlue|MrBlonde|Eddie|Bill|Pluribus
STATE:169:ffr225ffc/cc/r575r2975f:Qd2h|6dAd|5h3d|Ts9h|Kh4h|3h2c/As6c3s/7h:-50|-575|0|0|625|0:MrBlue|MrBlonde|Eddie|Bill|Pluribus|MrOrange
STATE:170:fffff:5s4h|6h9d|2d7c|4cQs|3cKc|7sTc:-50|50|0|0|0|0:MrBlonde|Eddie|Bill|Pluribus|MrOrange|MrBlue
STATE:171:r250fffff:3sJd|2hJc|6c5c|Ks7s|3hAd|JhKc:-50|-100|150|0|0|0:Eddie|Bill|Pluribus|MrOrange|MrBlue|MrBlonde
STATE:172:fffr222ff:6hQc|Th3d|4h7d|6c7h|Jh3c|7s4s:-50|-100|0|0|0|150:Bill|Pluribus|MrOrange|MrBlue|MrBlonde|Eddie
STATE:173:r225ffffc/cr475c/cr1325r3130f:8dAs|3h3s|Tc7c|8h7d|Qd9d|4s8c/JsKd3c/6d:-50|1375|-1325|0|0|0:Pluribus|MrOrange|MrBlue|MrBlonde|Eddie|Bill
STATE:174:ffr225ffc/cc/cr600f:QsKd|4s3d|4c2h|9dQh|JsKs|9sTc/8hTdJh/7d:-50|-225|0|0|275|0:MrOrange|MrBlue|MrBlonde|Eddie|Bill|Pluribus
STATE:175:fffr244r1100fr2355c/cc/cc/r10000c:8s9s|ThTc|Kd8h|5s4c|6d9d|JhKc/Qc7hJd/Jc/5h:-10000|-100|0|0|0|10100:MrBlue|MrBlonde|Eddie|Bill|Pluribus|MrOrange
STATE:176:ffr222fff:As5d|2c9h|5hKc|2dTh|JsAd|3d7s:-50|-100|0|0|150|0:MrBlonde|Eddie|Bill|Pluribus|MrOrange|MrBlue
STATE:177:fffr255fc/cc/cc/cr555f:TsAh|Jd7c|9h3c|6s2h|Kh6c|8hQd/6dAdQs/As/4c:-50|-255|0|0|0|305:Eddie|Bill|Pluribus|MrOrange|MrBlue|MrBlonde
STATE:178:r200fffff:9cTh|2c4d|9d9h|Ad7s|Kh8c|JdQh:-50|-100|150|0|0|0:Bill|Pluribus|MrOrange|MrBlue|MrBlonde|Eddie
STATE:179:ffr200cfc/cr338cf/cc/cc:4dJc|8hQh|Kh4c|5dAc|8d8c|6s7s/7hKc2d/Qc/9h:-50|-200|0|0|588|-338:Pluribus|MrOrange|MrBlue|MrBlonde|Eddie|Bill
STATE:180:fffff:9s3d|Ah7h|8c6c|Kd3h|Qd5c|Ks5d:-50|50|0|0|0|0:MrOrange|MrBlue|MrBlonde|Eddie|Bill|Pluribus
STATE:181:ffr225fff:9d7s|6d4h|5h4d|Ac8d|AhTd|5cTs:-50|-100|0|0|150|0:MrBlue|MrBlonde|Eddie|Bill|Pluribus|MrOrange
STATE:182:fffr225cf/cr500f:2d2s|2cKd|3d5c|Jh6h|7sAd|4sAc/4cThKh:-225|-100|0|0|0|325:MrBlonde|Eddie|Bill|Pluribus|MrOrange|MrBlue
STATE:183:ffffr300c/cc/cc/cc:Ah6d|7cAs|5hAd|2c7s|Kd5s|Ks6h/KcJh8c/8d/3c:0|0|0|0|0|0:Eddie|Bill|Pluribus|MrOrange|MrBlue|MrBlonde
STATE:184:fr225fcfc/r950cc/cr3850ff:As4d|ThJd|Ts8c|7s8s|5sKc|9hJh/8dAh7h/2d:-50|-950|0|1950|0|-950:Bill|Pluribus|MrOrange|MrBlue|MrBlonde|Eddie
STATE:185:ffr200ffc/cr335f:2h3d|7cQc|2d5c|6c5h|6s7s|6d8s/Js3sJh:-50|-200|0|0|250|0:Pluribus|MrOrange|MrBlue|MrBlonde|Eddie|Bill
STATE:186:ffr225ffc/cr475f:KhTc|Td7d|Ac5h|Jh3h|5c5d|Th2s/Kc3d6h:-50|-225|0|0|275|0:MrOrange|MrBlue|MrBlonde|Eddie|Bill|Pluribus
STATE:187:ffffcc/cc/cc/cc:3s3h|8d2s|Ad4s|Qd8c|5c8h|7sJs/9d6hAc/4h/9s:100|-100|0|0|0|0:MrBlue|MrBlonde|Eddie|Bill|Pluribus|MrOrange
STATE:188:fffr225ff:8s4c|Jd3c|2c7h|Kh5s|6c2s|TcQh:-50|-100|0|0|0|150:MrBlonde|Eddie|Bill|Pluribus|MrOrange|MrBlue
STATE:189:fr215ffff:As3d|Ac2h|6c9d|7d7h|7s2s|9cTs:-50|-100|0|150|0|0:Eddie|Bill|Pluribus|MrOrange|MrBlue|MrBlonde
STATE:190:ffr255ffc/cr605f:5dKh|2cKc|3s6d|2hTd|Ad9c|3cAs/6h9d5h:-50|-255|0|0|305|0:Bill|Pluribus|MrOrange|MrBlue|MrBlonde|Eddie
STATE:191:r225fr350fffc/cc/cc/cc:6d9d|3s2h|Ad8d|7d3d|AcJs|Ts6s/5sKcQh/2d/2c:-50|-100|75|0|75|0:Pluribus|MrOrange|MrBlue|MrBlonde|Eddie|Bill
STATE:192:fr200r625ffr1700r10000ff:8h2c|5sAs|9h8c|KhAh|2dAd|2s9d:-50|-1700|0|2375|-625|0:MrOrange|MrBlue|MrBlonde|Eddie|Bill|Pluribus
