# name/game/hands/seed sample_game_34 ../lib/python-client/acpc_infrastructure/holdem.nolimit.6p.game 10000 34
#--t_response 600000000
#--t_hand 600000000
#--t_per_hand 600000000
STATE:0:fr200fffc/cr335f:Jc6s|Ac4d|Ah4s|QhKd|9s3s|8hTs/Kh7s3h:-50|-200|0|250|0|0:MrWhite|Gogo|Budd|Eddie|Bill|Pluribus
STATE:1:ffr200fff:Jc3s|7h2h|9d2c|4cAs|7s6s|3h5s:-50|-100|0|0|150|0:Gogo|Budd|Eddie|Bill|Pluribus|MrWhite
STATE:2:fffff:2s4h|3cJh|TcKd|6cJs|Qh4s|5h8s:-50|50|0|0|0|0:Budd|Eddie|Bill|Pluribus|MrWhite|Gogo
STATE:3:fffr250ff:9s8h|3d2h|7d3c|7s9c|3h6h|Ah4d:-50|-100|0|0|0|150:Eddie|Bill|Pluribus|MrWhite|Gogo|Budd
STATE:4:fr200fffc/cc/cr350c/cr725c:7d5s|Ah4h|8s9d|KhKd|4cQh|8cJh/7h4d7c/Ks/Tc:-50|-725|0|775|0|0:Bill|Pluribus|MrWhite|Gogo|Budd|Eddie
STATE:5:ffr200fcc/ccc/ccc/r500cf:QhKh|9h8d|9d2c|9c7s|Jc7c|Qd7d/2h4h3h/Th/Ac:700|-500|0|0|-200|0:Pluribus|MrWhite|Gogo|Budd|Eddie|Bill
STATE:6:fr200r625ffff:9d5d|TdJc|8dJd|9c8c|6h6s|Js7s:-50|-100|0|-200|350|0:MrWhite|Gogo|Budd|Eddie|Bill|Pluribus
STATE:7:ffffr300f:7h8d|Qs5h|8s5s|4s8h|Qh7c|4c9h:100|-100|0|0|0|0:Gogo|Budd|Eddie|Bill|Pluribus|MrWhite
STATE:8:fr287fffc/cc/cr1223f:8d6s|TcTs|7cJd|8sAs|6d6c|7h3d/2s3c4c/5s:-50|-287|0|337|0|0:Budd|Eddie|Bill|Pluribus|MrWhite|Gogo
STATE:9:ffr200fcc/ccc/ccc/cr650cc:JsAh|8d8s|4hTs|2h5h|6h7h|Th9c/Ad7s8h/3d/7d:-650|1300|0|0|-650|0:Eddie|Bill|Pluribus|MrWhite|Gogo|Budd
STATE:10:ffr225fr950ff:TcTd|4h5s|8h6h|Kh7s|2sAs|8sKc:325|-100|0|0|-225|0:Bill|Pluribus|MrWhite|Gogo|Budd|Eddie
STATE:11:ffr200fcc/ccr350r1250ff:9h9c|JcAs|TdKs|7dQh|JdQc|Ts2c/9d5s2h:550|-200|0|0|-350|0:Pluribus|MrWhite|Gogo|Budd|Eddie|Bill
STATE:12:ffr225ffc/cr375c/cr775c/cc:6c3d|8h9h|5dKc|8c6s|9d9c|6dQs/2s2c8s/3s/Ts:-50|-775|0|0|825|0:MrWhite|Gogo|Budd|Eddie|Bill|Pluribus
STATE:13:fffff:6c5s|Js3c|Tc7c|8s9c|9sQc|2hJd:-50|50|0|0|0|0:Gogo|Budd|Eddie|Bill|Pluribus|MrWhite
STATE:14:r225ffffc/cr475f:Th6s|Qh5h|9c8c|5c9d|Qd7d|JhQc/8s3dKd:-50|-225|275|0|0|0:Budd|Eddie|Bill|Pluribus|MrWhite|Gogo
STATE:15:r225fffff:8c4h|5d4c|7d7h|2d8d|4s2c|QsTc:-50|-100|150|0|0|0:Eddie|Bill|Pluribus|MrWhite|Gogo|Budd
STATE:16:fffr222fc/cr357f:4s6d|Tc8s|4c9c|8cJd|Qc5s|Kh9s/Ks3c5d:-50|-222|0|0|0|272:Bill|Pluribus|MrWhite|Gogo|Budd|Eddie
STATE:17:ffr200ffc/cr537c/cc/r1099f:2d3d|9h9d|7dKc|4c5d|2c2s|9c6s/5sQd7s/8d/Qs:-50|587|0|0|-537|0:Pluribus|MrWhite|Gogo|Budd|Eddie|Bill
STATE:18:fr200fr612ffc/cc/cc/r1002r2079f:6h7d|2dKh|Ks9c|6s6d|2cTs|AsAh/4hJc8d/8h/9h:-50|-100|0|-1002|0|1152:MrWhite|Gogo|Budd|Eddie|Bill|Pluribus
STATE:19:fr225r825fffc/cr1725c/cr5325f:Js2d|4s5s|Kd2h|Ts9s|AcKs|7d4h/9hQh4c/5c:-50|-100|0|-1725|1875|0:Gogo|Budd|Eddie|Bill|Pluribus|MrWhite
STATE:20:fffr200fc/cc/cc/r335r750f:Tc9h|KsTs|6h4c|3hJs|As7c|9d9s/6d8dTd/Qc/Kd:-50|-335|0|0|0|385:Budd|Eddie|Bill|Pluribus|MrWhite|Gogo
STATE:21:ffr200fff:Kd3c|Kh6c|4d2h|9dTh|6sAs|4h7d:-50|-100|0|0|150|0:Eddie|Bill|Pluribus|MrWhite|Gogo|Budd
STATE:22:fffr222fc/cr672f:9cKd|Kh5h|7sQd|8sTh|3dTc|AdAh/QcJs7c:-50|-222|0|0|0|272:Bill|Pluribus|MrWhite|Gogo|Budd|Eddie
STATE:23:fffr250fc/cr600c/cc/r2200c:8d4s|Qd6s|3d3s|9c5d|6d7c|QcKs/6c2d8h/5s/Qh:-50|2250|0|0|0|-2200:Pluribus|MrWhite|Gogo|Budd|Eddie|Bill
STATE:24:fffff:6c8s|8hAc|2c5d|Kc9h|6dJd|2h9d:-50|50|0|0|0|0:MrWhite|Gogo|Budd|Eddie|Bill|Pluribus
STATE:25:r200ffccc/cccc/r800fff:2d2h|Jd8s|4d4s|4cTh|6h7c|JhKh/As2cQd/Js:600|-200|-200|0|0|-200:Gogo|Budd|Eddie|Bill|Pluribus|MrWhite
STATE:26:fffr200ff:Ks6s|Ts2c|Qs6d|Ad8s|7sJs|JcTc:-50|-100|0|0|0|150:Budd|Eddie|Bill|Pluribus|MrWhite|Gogo
STATE:27:ffr200ffc/cr500f:Td6h|8cQs|2cJh|2hKc|Ah7h|7s4c/5s4sTh:-50|-200|0|0|250|0:Eddie|Bill|Pluribus|MrWhite|Gogo|Budd
STATE:28:fffff:6c8h|8sKh|Ks5d|4c7h|Qs3d|2s9s:-50|50|0|0|0|0:Bill|Pluribus|MrWhite|Gogo|Budd|Eddie
STATE:29:fr225fffc/cc/r600f:6h4s|3c8c|Ac9s|JdQh|2h5d|9h8d/4dAh2d/7s:-50|275|0|-225|0|0:Pluribus|MrWhite|Gogo|Budd|Eddie|Bill
STATE:30:ffr225r825fff:Jd3c|5c6d|8hKd|Kc6h|KsJc|Qs9s:-50|-100|0|0|-225|375:MrWhite|Gogo|Budd|Eddie|Bill|Pluribus
STATE:31:fffff:2d5s|3dJs|8s7d|7cKd|8hQc|3hTc:-50|50|0|0|0|0:Gogo|Budd|Eddie|Bill|Pluribus|MrWhite
STATE:32:fr200fr700ffr1815f:5sTh|Ah6s|6cQh|JcTc|Td3c|QcJh:-50|-100|0|850|0|-700:Budd|Eddie|Bill|Pluribus|MrWhite|Gogo
STATE:33:fr225ffff:6cKd|2h8s|4h9h|4c4d|9dTs|5s2d:-50|-100|0|150|0|0:Eddie|Bill|Pluribus|MrWhite|Gogo|Budd
STATE:34:fr200ffff:7cTh|Jc3s|4c9s|KsQc|Jd9c|8s9h:-50|-100|0|150|0|0:Bill|Pluribus|MrWhite|Gogo|Budd|Eddie
STATE:35:fr225fcfc/ccr768cc/ccc/cr2568r7033ff:6dAh|2hJh|Kd4s|AdQd|7dAs|KsQh/7sJdTc/4d/9c:-50|-768|0|-2568|0|3386:Pluribus|MrWhite|Gogo|Budd|Eddie|Bill
STATE:36:fr200fffc/cc/cc/r1100f:2c3c|9d3d|Th6c|TcKc|7d5c|9hKs/5s4sJs/Kd/7c:-50|250|0|-200|0|0:MrWhite|Gogo|Budd|Eddie|Bill|Pluribus
STATE:37:ffr225ffc/cc/r475c/r1075f:Qs4c|9dKd|5s4h|7h2s|TsTd|6d4d/Qc3hJs/8d/8h:-50|525|0|0|-475|0:Gogo|Budd|Eddie|Bill|Pluribus|MrWhite
STATE:38:fffff:5d8s|Ts3h|6d2c|9hKs|Qs3c|8d2s:-50|50|0|0|0|0:Budd|Eddie|Bill|Pluribus|MrWhite|Gogo
STATE:39:ffr200ffc/cr350c/cr1500f:8d7h|QdJh|4sTc|7s3d|9hTs|6h3s/Qc7dAh/Kh:-50|-350|0|0|400|0:Eddie|Bill|Pluribus|MrWhite|Gogo|Budd
STATE:40:fffr222ff:4cAh|2c9d|Js6d|Qc8d|6c8h|ThKs:-50|-100|0|0|0|150:Bill|Pluribus|MrWhite|Gogo|Budd|Eddie
STATE:41:fr225fr800fff:3d6d|7s6h|9h3h|7cAc|9d8c|QhAd:-50|-100|0|-225|0|375:Pluribus|MrWhite|Gogo|Budd|Eddie|Bill
STATE:42:fr200fffc/cr605f:9h6h|AdJh|7sTs|8s8d|JdQh|5cAs/Qs8h4h:-50|-200|0|250|0|0:MrWhite|Gogo|Budd|Eddie|Bill|Pluribus
STATE:43:ffr200ffc/cr650f:Th7d|6cJc|Qh7s|2s4d|Qc5c|6d7c/Td8s4c:-50|-200|0|0|250|0:Gogo|Budd|Eddie|Bill|Pluribus|MrWhite
STATE:44:ffr225fr900r2200ff:JhTh|AsAc|5hTc|9hQd|9cJc|7sJd:-900|1125|0|0|-225|0:Budd|Eddie|Bill|Pluribus|MrWhite|Gogo
STATE:45:fr225ffff:5sTc|8h3c|2s8d|7c6c|Jc9d|Ts2c:-50|-100|0|150|0|0:Eddie|Bill|Pluribus|MrWhite|Gogo|Budd
STATE:46:fffr222r950r1936ff:JsAd|KhKd|6cKc|6h4s|9d3c|7d5d:-950|1172|0|0|0|-222:Bill|Pluribus|MrWhite|Gogo|Budd|Eddie
STATE:47:ffffr300f:Ad7h|4c3d|Kc3c|Qs9c|Js5s|5dQh:100|-100|0|0|0|0:Pluribus|MrWhite|Gogo|Budd|Eddie|Bill
STATE:48:fr200ffr700fc/r1450c/cc/r2950f:AhKs|TsQs|8h9s|TcKc|3c4d|7sAd/9hKh2h/5s/3h:1550|-100|0|-1450|0|0:MrWhite|Gogo|Budd|Eddie|Bill|Pluribus
STATE:49:fr225ffff:3hQd|Jh2h|Ah8s|6h7h|5sKs|2d7s:-50|-100|0|150|0|0:Gogo|Budd|Eddie|Bill|Pluribus|MrWhite
STATE:50:ffr225r700ffc/cr1200c/cc/r5200f:2h6c|9s9d|JhTs|5h9h|TdQd|ThTc/4dKc9c/6d/7d:-50|-100|0|0|1350|-1200:Budd|Eddie|Bill|Pluribus|MrWhite|Gogo
STATE:51:fffr250ff:7dTc|9s3h|2s7h|Qh5d|4c8s|4dQd:-50|-100|0|0|0|150:Eddie|Bill|Pluribus|MrWhite|Gogo|Budd
STATE:52:r225ffcfc/ccc/ccc/cr587ff:3dKd|9hAh|KcQd|Ac5h|Jc5d|QhKh/2d8s3c/Jd/5s:-50|-225|500|0|0|-225:Bill|Pluribus|MrWhite|Gogo|Budd|Eddie
STATE:53:fr225ffr1325ff:QhAs|6sTs|Js5c|Th9h|2sKc|7c3c:325|-100|0|-225|0|0:Pluribus|MrWhite|Gogo|Budd|Eddie|Bill
STATE:54:fr200fffc/cr335r680c/r1830f:4sQs|2d2c|Td7s|9h9c|5s2h|9d3d/6c4cJs/2s:-50|730|0|-680|0|0:MrWhite|Gogo|Budd|Eddie|Bill|Pluribus
STATE:55:fffr225fc/cc/r600f:As8h|Ts3s|Ks7c|7hKd|7d4h|QcAc/8s2hTd/2d:-50|275|0|0|0|-225:Gogo|Budd|Eddie|Bill|Pluribus|MrWhite
STATE:56:ffffr300c/r500c/cc/cr2000f:Kc7s|Ac9h|Ks6s|5sQc|9s2d|2sTd/9c4sJh/7h/Ad:-500|500|0|0|0|0:Budd|Eddie|Bill|Pluribus|MrWhite|Gogo
STATE:57:fffr250r1150fc/cr1825c/cc/cc:9h9s|7c8h|6dQs|Kd8d|6s2h|7s7d/9c5h6c/5c/5d:1925|-100|0|0|0|-1825:Eddie|Bill|Pluribus|MrWhite|Gogo|Budd
STATE:58:ffffr300c/r750c/r1875f:Jd9s|JsTc|6s9h|6h3h|4hTh|2s8d/Qd4dKh/Ks:750|-750|0|0|0|0:Bill|Pluribus|MrWhite|Gogo|Budd|Eddie
STATE:59:fffr250fc/cc/cc/cr662f:4dTh|8h5h|Qs4s|Jc7d|5d4c|KsJs/5cJdAs/9c/Kc:-50|-250|0|0|0|300:Pluribus|MrWhite|Gogo|Budd|Eddie|Bill
STATE:60:fffff:8d4d|2dTc|9h6c|3dQs|9c5d|2c5c:-50|50|0|0|0|0:MrWhite|Gogo|Budd|Eddie|Bill|Pluribus
STATE:61:ffr225fff:Kd3s|7c2s|7hTc|5h2d|QdKc|4d6s:-50|-100|0|0|150|0:Gogo|Budd|Eddie|Bill|Pluribus|MrWhite
STATE:62:fffr200fc/cr350f:2c8h|9c3c|4sQs|Ac2s|JhKc|Kd5s/6cAd6d:-50|-200|0|0|0|250:Budd|Eddie|Bill|Pluribus|MrWhite|Gogo
STATE:63:r200ffffr900c/cc/cc/cc:Kd9h|JdAd|7d7c|8d4c|4s6d|7s9c/3cQcAh/3h/Qh:-50|950|-900|0|0|0:Eddie|Bill|Pluribus|MrWhite|Gogo|Budd
STATE:64:fffr222fc/cr372c/cc/cc:6d4c|5h5s|4hQc|6s3d|2sJh|AcTc/Jd3s8d/Kd/Th:-50|-372|0|0|0|422:Bill|Pluribus|MrWhite|Gogo|Budd|Eddie
STATE:65:fffff:9s6d|3h4s|QcJd|2cJc|2d5h|7hTs:-50|50|0|0|0|0:Pluribus|MrWhite|Gogo|Budd|Eddie|Bill
STATE:66:fffr200fc/cr425f:8cKc|5d6h|3c4h|8hKd|Ad2h|6d6s/AcJhQs:-50|-200|0|0|0|250:MrWhite|Gogo|Budd|Eddie|Bill|Pluribus
STATE:67:fffr225r900fr2325c/cc/r4725c/cc:7h7d|2sJd|9s4c|3c5s|2h5d|ThAd/4hAc9h/Jh/Qh:-4725|-100|0|0|0|4825:Gogo|Budd|Eddie|Bill|Pluribus|MrWhite
STATE:68:fffff:4s2d|6hQd|9hAc|4c5h|As8h|Js2c:-50|50|0|0|0|0:Budd|Eddie|Bill|Pluribus|MrWhite|Gogo
STATE:69:fffr250fr1100f:7h4d|6h4h|5c4s|3c2d|Ts2h|Ad7c:-50|300|0|0|0|-250:Eddie|Bill|Pluribus|MrWhite|Gogo|Budd
STATE:70:ffr225fr950fr2250r10000c///:5dAd|Js2d|Kc5h|Ts3d|QhQc|Kh4c/6h3c3h/Ac/Jh:10100|-100|0|0|-10000|0:Bill|Pluribus|MrWhite|Gogo|Budd|Eddie
STATE:71:r200ffr725ffr2100c/r3500c/r5800c/r10000c:3dJs|Kc9c|TdAd|2dQs|Tc9s|AhAc/6dJc2c/Ks/Qh:-50|-100|10150|0|0|-10000:Pluribus|MrWhite|Gogo|Budd|Eddie|Bill
STATE:72:ffr225fr775ff:QsAc|5hTh|3s7s|Ks4d|9sAd|7cQd:325|-100|0|0|-225|0:MrWhite|Gogo|Budd|Eddie|Bill|Pluribus
STATE:73:ffffr300f:7s7h|9h5c|Qh9d|Kh5h|6s9s|Ts8d:100|-100|0|0|0|0:Gogo|Budd|Eddie|Bill|Pluribus|MrWhite
STATE:74:fffr200r900fc/r1575c/cr3825c/cc:JcJs|7c5s|9c3s|8c9h|2c4h|ThQd/KdJd3d/Ks/Kc:3925|-100|0|0|0|-3825:Budd|Eddie|Bill|Pluribus|MrWhite|Gogo
STATE:75:fr225fffr1000f:4s3d|JsTs|Qh3s|QdKh|Th7c|Qs2h:-50|275|0|-225|0|0:Eddie|Bill|Pluribus|MrWhite|Gogo|Budd
STATE:76:fffff:7h4d|7dJs|As5d|3h9d|Ad6c|2s8c:-50|50|0|0|0|0:Bill|Pluribus|MrWhite|Gogo|Budd|Eddie
STATE:77:fffr250fc/cc/cc/cr662f:9hJd|Ad6c|5s7d|5cQh|5d2c|KcJh/8s9c6s/2h/Js:-50|-250|0|0|0|300:Pluribus|MrWhite|Gogo|Budd|Eddie|Bill
STATE:78:fr200fcfc/ccc/cr417cf/cc:6c5d|9dKc|5c6d|AcTh|7h5s|JdQd/5hTcJc/Ts/2h:-50|-200|0|667|0|-417:MrWhite|Gogo|Budd|Eddie|Bill|Pluribus
STATE:79:fr225fffc/cr375c/cc/r775f:Qd3s|9c8h|2c5s|4h4s|5hKc|QhJd/Qc5cTc/3h/As:-50|425|0|-375|0|0:Gogo|Budd|Eddie|Bill|Pluribus|MrWhite
