# name/game/hands/seed sample_game_42 ../lib/python-client/acpc_infrastructure/holdem.nolimit.6p.game 10000 42
#--t_response 600000000
#--t_hand 600000000
#--t_per_hand 600000000
STATE:0:fr225fffc/cc/cc/cr600f:7d3d|2hAc|5sKs|7s9s|6h4h|Ts8h/QcKd6d/4d/Kc:-50|-225|0|275|0|0:Eddie|MrBrown|MrBlue|Bill|MrPink|Pluribus
STATE:1:fr210fffc/cr325r850f:3h5c|8c5h|9d3c|Ks7s|9h6c|4d2s/8dAs5d:-50|375|0|-325|0|0:MrBrown|MrBlue|Bill|MrPink|Pluribus|Eddie
STATE:2:fr200ffcf/cc/cr325f:6dAd|2s5c|5d4h|4cAc|Td6c|3h8h/Qd9sJc/9h:-200|-100|0|300|0|0:MrBlue|Bill|MrPink|Pluribus|Eddie|MrBrown
STATE:3:ffffr300f:AdTh|2s4d|8d5c|4cQd|4hAc|2cJh:100|-100|0|0|0|0:Bill|MrPink|Pluribus|Eddie|MrBrown|MrBlue
STATE:4:fr225ffff:6s8d|3h7d|3s4c|6h5h|Qd5d|9d5s:-50|-100|0|150|0|0:MrPink|Pluribus|Eddie|MrBrown|MrBlue|Bill
STATE:5:ffr225fff:4c7h|4h2s|3cTd|2d6h|JcJd|5hAs:-50|-100|0|0|150|0:Pluribus|Eddie|MrBrown|MrBlue|Bill|MrPink
STATE:6:ffffcc/cc/cc/cc:9hKc|6dTh|8s2d|Jh5c|Ks3s|3h8h/6h7c4h/Qd/4s:-100|100|0|0|0|0:Eddie|MrBrown|MrBlue|Bill|MrPink|Pluribus
STATE:7:r225ffffc/cc/r425c/r1100f:Qh3d|AsJc|KsAd|4d6h|9d5h|4s5d/4h5sTh/Jh/6c:-50|475|-425|0|0|0:MrBrown|MrBlue|Bill|MrPink|Pluribus|Eddie
STATE:8:r210ffffc/cr680c/cr1630c/cc:4hAs|QcJs|QdJd|Ad5h|4d9d|4cTs/Tc9s3d/Jh/2c:-50|25|25|0|0|0:MrBlue|Bill|MrPink|Pluribus|Eddie|MrBrown
STATE:9:r225fffff:ThJc|3h7s|AdAs|QsKc|Kd3s|5c8h:-50|-100|150|0|0|0:Bill|MrPink|Pluribus|Eddie|MrBrown|MrBlue
STATE:10:ffr225fff:Kc7s|Tc6d|2sTd|9dQh|8hJh|2h7h:-50|-100|0|0|150|0:MrPink|Pluribus|Eddie|MrBrown|MrBlue|Bill
STATE:11:fffr250fc/cr430c/cc/r1790c:3dQc|8dTc|2h9s|QhJd|6d7s|4sAh/ThQs4d/5h/8h:-50|1840|0|0|0|-1790:Pluribus|Eddie|MrBrown|MrBlue|Bill|MrPink
STATE:12:ffr210ffc/cr360r937c/r3823c/r10000f:4d8s|Ks7d|Qs3d|3sAd|Ac6c|9s2c/Kc3c7s/2d/Th:-50|3873|0|0|-3823|0:Eddie|MrBrown|MrBlue|Bill|MrPink|Pluribus
STATE:13:fr210fffc/cr445c/cc/cr1385f:2h5s|Td6d|JcTs|9hJh|8h5d|2dAh/8dTc9c/Qs/8s:-50|-445|0|495|0|0:MrBrown|MrBlue|Bill|MrPink|Pluribus|Eddie
STATE:14:fr287cffc/ccr512ff:6h9h|7h6d|3h8c|4h4d|KdJd|9d7c/2dTsJs:-50|-287|0|-287|624|0:MrBlue|Bill|MrPink|Pluribus|Eddie|MrBrown
STATE:15:fffr225fc/cc/cc/cr600f:4c2c|6sKd|2hQc|8dTh|5d4s|Ad5s/9c8hAs/6d/4d:-50|-225|0|0|0|275:Bill|MrPink|Pluribus|Eddie|MrBrown|MrBlue
STATE:16:ffffr300c/r400c/cc/cc:AsAc|8hKs|5d6h|Ah6s|9c5c|Kc4h/Jc8cTc/9h/Kh:-400|400|0|0|0|0:MrPink|Pluribus|Eddie|MrBrown|MrBlue|Bill
STATE:17:fr225fcfr1350r2800fc/cr4800f:3h6c|AhQh|9hTd|AdQs|5s8s|8d8h/3s4c7c:-50|-2800|0|3075|0|-225:Pluribus|Eddie|MrBrown|MrBlue|Bill|MrPink
STATE:18:fffr200fc/cr425f:7hAc|5hJh|4d9h|8s2c|4c8h|Ks5s/8c9cAh:-50|-200|0|0|0|250:Eddie|MrBrown|MrBlue|Bill|MrPink|Pluribus
STATE:19:ffr225fr800fc/cc/r1800f:JcQs|4s2d|9s6c|6dTd|9d9h|4h5c/QdAh8c/Jd:900|-100|0|0|-800|0:MrBrown|MrBlue|Bill|MrPink|Pluribus|Eddie
STATE:20:ffr200cfc/cr363fc/cc/cc:2h3s|4h4c|Th6c|Tc3c|KcQs|7cAc/5dJdJh/8s/6d:-50|613|0|0|-363|-200:MrBlue|Bill|MrPink|Pluribus|Eddie|MrBrown
STATE:21:ffffr300c/r500c/cr1000c/cr3000f:As6c|KsJc|TcKh|8dTh|Qc3c|Js7d/3d9d9s/Qh/8s:-1000|1000|0|0|0|0:Bill|MrPink|Pluribus|Eddie|MrBrown|MrBlue
STATE:22:fffr287r1150ff:8h8s|7hJh|3c6d|8dTs|Qs3d|Ah6c:387|-100|0|0|0|-287:MrPink|Pluribus|Eddie|MrBrown|MrBlue|Bill
STATE:23:fffr250ff:2hJs|5c2d|8dKh|Ks3d|Ac5d|9h8h:-50|-100|0|0|0|150:Pluribus|Eddie|MrBrown|MrBlue|Bill|MrPink
STATE:24:fffr287ff:3hAs|2h7s|8sAc|5d3s|9s8h|2sKs:-50|-100|0|0|0|150:Eddie|MrBrown|MrBlue|Bill|MrPink|Pluribus
STATE:25:r225fffcc/ccr450r1012fc/r3261c/r10000c:4h4c|Kh3h|5c5s|6dKc|Jh2h|Js3d/2s4dJd/3s/Ah:-10000|-225|10225|0|0|0:MrBrown|MrBlue|Bill|MrPink|Pluribus|Eddie
STATE:26:r210fffff:6cJc|Ks8c|4c4h|Kd7d|Kh8d|6d7h:-50|-100|150|0|0|0:MrBlue|Bill|MrPink|Pluribus|Eddie|MrBrown
STATE:27:fffr225fc/cr475f:Th2h|5d5h|Qs7c|2cQh|8sQd|JhAc/9cAs3c:-50|-225|0|0|0|275:Bill|MrPink|Pluribus|Eddie|MrBrown|MrBlue
STATE:28:ffffcc/cc/cr200f:9d7c|Qc7h|6sQd|8h7s|8sKc|2c4c/4s2s4d/Qh:-100|100|0|0|0|0:MrPink|Pluribus|Eddie|MrBrown|MrBlue|Bill
STATE:29:ffr225r700fff:2d9c|Ah7c|Kc4d|Kh6d|QhTd|JsAd:-50|-100|0|0|-225|375:Pluribus|Eddie|MrBrown|MrBlue|Bill|MrPink
STATE:30:fr225ffff:3sAc|5s7h|4s9c|8dKd|5cAs|9h2s:-50|-100|0|150|0|0:Eddie|MrBrown|MrBlue|Bill|MrPink|Pluribus
STATE:31:r225ffcff/cc/r675f:4s5h|Jh7d|QdAd|3s3d|9s4d|Ac8c/9hTh2d/5d:-50|-100|375|0|0|-225:MrBrown|MrBlue|Bill|MrPink|Pluribus|Eddie
STATE:32:ffffcc/cc/cr200f:9d5h|5dJd|4s7d|5sJh|6cKd|9s3h/2s2h3c/Ad:-100|100|0|0|0|0:MrBlue|Bill|MrPink|Pluribus|Eddie|MrBrown
STATE:33:fr200ffff:Ks2s|Th4c|3c7s|JhKd|5s4s|5d9d:-50|-100|0|150|0|0:Bill|MrPink|Pluribus|Eddie|MrBrown|MrBlue
STATE:34:fffr287ff:2d9c|2s7c|Jh4d|TsQc|5h3s|Td9d:-50|-100|0|0|0|150:MrPink|Pluribus|Eddie|MrBrown|MrBlue|Bill
STATE:35:fffr250fc/cr800f:Qd2d|7d8c|TdKh|6d2h|3cQc|3sAh/7h9hKs:-50|-250|0|0|0|300:Pluribus|Eddie|MrBrown|MrBlue|Bill|MrPink
STATE:36:fffff:8d6s|6d2c|5dJh|Ts7s|As4d|Qc5s:-50|50|0|0|0|0:Eddie|MrBrown|MrBlue|Bill|MrPink|Pluribus
STATE:37:fffr222fc/cr372c/cc/r967f:4c5s|7c7s|8hQd|3h4h|As3d|5hAd/4sKsKd/6s/Tc:-50|422|0|0|0|-372:MrBrown|MrBlue|Bill|MrPink|Pluribus|Eddie
STATE:38:ffr200fcf/cr350c/cr1550f:TcQc|3c8s|8c4h|6cQh|9h9d|5d7c/Kc9s2s/Ah:-350|-100|0|0|450|0:MrBlue|Bill|MrPink|Pluribus|Eddie|MrBrown
STATE:39:fr200fffc/cr335c/cr1535f:5h4h|Ac2c|6sJd|7d9d|7cTc|Jh6d/6c3dAd/Kh:-50|-335|0|385|0|0:Bill|MrPink|Pluribus|Eddie|MrBrown|MrBlue
STATE:40:ffr225fff:5c3s|5d9h|8h9c|3hJs|JdTs|3c5s:-50|-100|0|0|150|0:MrPink|Pluribus|Eddie|MrBrown|MrBlue|Bill
STATE:41:ffr225ffc/cr600c/cc/cc:6d8s|7d8h|Ts4h|8d9s|9dQd|Kh7c/9c3sTd/7h/Jh:-50|650|0|0|-600|0:Pluribus|Eddie|MrBrown|MrBlue|Bill|MrPink
STATE:42:fffff:6s8h|Ah2c|2sJs|Kc5h|3h4d|9s5c:-50|50|0|0|0|0:Eddie|MrBrown|MrBlue|Bill|MrPink|Pluribus
STATE:43:ffffr300c/cc/cc/cr750f:AcQc|6d4c|2h6s|8cKd|9sQd|4s9h/6c9dTd/Ts/3d:-300|300|0|0|0|0:MrBrown|MrBlue|Bill|MrPink|Pluribus|Eddie
STATE:44:fffr250fc/cc/r525c/cc:Qh4h|8s9d|Jc3d|2d9s|9h8d|Js7s/KcQd7d/Kd/8h:-50|575|0|0|0|-525:MrBlue|Bill|MrPink|Pluribus|Eddie|MrBrown
STATE:45:fffr225ff:Jd9h|4s8d|3sTd|5sAc|Jh6s|Ts9c:-50|-100|0|0|0|150:Bill|MrPink|Pluribus|Eddie|MrBrown|MrBlue
STATE:46:ffr225fff:6s9c|Td6c|Jd4h|8sTs|Ad3h|Kd7s:-50|-100|0|0|150|0:MrPink|Pluribus|Eddie|MrBrown|MrBlue|Bill
STATE:47:ffffr200r650f:4cJc|2dAh|2cKd|Qs8c|3sJs|6h5s:-200|200|0|0|0|0:Pluribus|Eddie|MrBrown|MrBlue|Bill|MrPink
STATE:48:r225fffff:Ac5d|4sQd|8c6c|9c7h|8s2s|Qc7s:-50|-100|150|0|0|0:Eddie|MrBrown|MrBlue|Bill|MrPink|Pluribus
STATE:49:r225ffffc/cr375c/cr1575f:3h7h|Qs9s|QhKd|Ac8h|As8c|4cQc/4hJdKs/8d:-50|-375|425|0|0|0:MrBrown|MrBlue|Bill|MrPink|Pluribus|Eddie
STATE:50:r210fffcf/cc/cc/r600f:4c3c|7s5d|Ah9h|7dKs|Kh4s|9c3h/Qs9dTd/Jd/Tc:310|-100|-210|0|0|0:MrBlue|Bill|MrPink|Pluribus|Eddie|MrBrown
STATE:51:fr200ffff:8s5d|4sJd|2s2h|QcAs|6hKh|7cAd:-50|-100|0|150|0|0:Bill|MrPink|Pluribus|Eddie|MrBrown|MrBlue
STATE:52:ffr225fff:7hAd|Jd3h|8d3c|7d2d|Kd9c|6dQc:-50|-100|0|0|150|0:MrPink|Pluribus|Eddie|MrBrown|MrBlue|Bill
STATE:53:fffff:4d2c|4hJs|Jc8c|2h5s|9h3h|4c7d:-50|50|0|0|0|0:Pluribus|Eddie|MrBrown|MrBlue|Bill|MrPink
STATE:54:r225fffcc/ccr525ff:KcTc|Ah8c|KsKh|Js9d|2c5d|5h8d/3d2sQh:-225|-225|450|0|0|0:Eddie|MrBrown|MrBlue|Bill|MrPink|Pluribus
STATE:55:r225fffff:9dJd|5d8s|JcQc|4h9s|JsTc|6cKd:-50|-100|150|0|0|0:MrBrown|MrBlue|Bill|MrPink|Pluribus|Eddie
STATE:56:fffr250fr1100f:Js7c|7d6d|5c2d|5h4h|2cKc|Td8s:-50|300|0|0|0|-250:MrBlue|Bill|MrPink|Pluribus|Eddie|MrBrown
STATE:57:r200ffffc/cr425f:Jd2d|9s8s|QcAc|4s3c|9c7c|6s3s/4dKsTh:-50|-200|250|0|0|0:Bill|MrPink|Pluribus|Eddie|MrBrown|MrBlue
STATE:58:r200ffcfc/ccr425fr1250c/r3450c/r5250c:5cTh|TsQc|AdKs|5hJh|9cJs|Ac8c/7hAh3c/4s/2c:-50|-200|5500|0|0|-5250:MrPink|Pluribus|Eddie|MrBrown|MrBlue|Bill
STATE:59:ffffr200r650f:Qh8s|Ac2h|4h7c|2sJh|2c9s|4cTd:-200|200|0|0|0|0:Pluribus|Eddie|MrBrown|MrBlue|Bill|MrPink
STATE:60:ffffcc/cr200f:5s9s|Kc9h|2s7s|5cJs|5d4c|6h3d/KdTs4h:-100|100|0|0|0|0:Eddie|MrBrown|MrBlue|Bill|MrPink|Pluribus
STATE:61:ffr250ffc/cr525f:Ah6d|9sKs|Jc7d|9dAs|QsTs|2h7c/5d2sTc:-50|-250|0|0|300|0:MrBrown|MrBlue|Bill|MrPink|Pluribus|Eddie
STATE:62:ffffcr350c/cc/cc/r875r2187f:8hAd|3h8s|7cJh|Ah7d|Jd3c|5h9s/AcJs6c/7s/5d:-875|875|0|0|0|0:MrBlue|Bill|MrPink|Pluribus|Eddie|MrBrown
STATE:63:fffr225r950fc/r1450c/cr3700c/cc:QsQc|Ac8d|QhTs|Jd2s|As9c|8h7h/Kc5c6c/Ad/Jh:3800|-100|0|0|0|-3700:Bill|MrPink|Pluribus|Eddie|MrBrown|MrBlue
STATE:64:ffr225ffc/cr475f:5cJs|5hQh|Qd4c|3c4h|QsAs|2d6d/9sAdTd:-50|-225|0|0|275|0:MrPink|Pluribus|Eddie|MrBrown|MrBlue|Bill
STATE:65:r225fffff:9c4h|5h6s|QcAd|9dKs|3d3s|Ts6d:-50|-100|150|0|0|0:Pluribus|Eddie|MrBrown|MrBlue|Bill|MrPink
STATE:66:fffff:2h7c|2d5h|3h5s|6d2c|Js4h|3c8d:-50|50|0|0|0|0:Eddie|MrBrown|MrBlue|Bill|MrPink|Pluribus
STATE:67:fr210ffff:Ac3s|2c6d|9s6c|KhQd|Ad4c|5s9c:-50|-100|0|150|0|0:MrBrown|MrBlue|Bill|MrPink|Pluribus|Eddie
STATE:68:fr225r750fffr2400f:2d7d|3h7c|Qd6h|AsKc|Kd9d|2c2s:-50|-100|0|900|-750|0:MrBlue|Bill|MrPink|Pluribus|Eddie|MrBrown
STATE:69:ffr225ffc/cc/cc/cc:8c2s|Tc7d|7h2d|As9d|9c9h|4s6d/KcTh2c/4h/3h:-50|275|0|0|-225|0:Bill|MrPink|Pluribus|Eddie|MrBrown|MrBlue
STATE:70:ffffcr400f:Qc9h|4c5c|3cJs|Jh8d|6h4s|2h4d:-100|100|0|0|0|0:MrPink|Pluribus|Eddie|MrBrown|MrBlue|Bill
STATE:71:fffr250fc/cr525c/cc/r2175f:3cKs|QcTs|6s9c|4d8h|4h5d|As8s/4cJd8d/Qh/Qs:-50|575|0|0|0|-525:Pluribus|Eddie|MrBrown|MrBlue|Bill|MrPink
STATE:72:r225ffffc/cr600f:5d3d|As9s|5h4h|Qs9d|2cAh|3c2d/Tc4c6s:-50|-225|275|0|0|0:Eddie|MrBrown|MrBlue|Bill|MrPink|Pluribus
STATE:73:fr210ffff:3h8h|4hKs|9cKh|3c3s|8dKd|Jc9s:-50|-100|0|150|0|0:MrBrown|MrBlue|Bill|MrPink|Pluribus|Eddie
STATE:74:fffr250cf/cr700f:4d4c|2h9s|6hQs|2d2s|Ks5d|Tc9d/6dQhJs:-250|-100|0|0|0|350:MrBlue|Bill|MrPink|Pluribus|Eddie|MrBrown
STATE:75:ffr225cfc/ccr587cc/ccc/r1187ff:4d5s|6c2c|6s8h|7d3s|TcKs|AsJd/7cKcQh/8s/Ac:-50|1224|0|0|-587|-587:Bill|MrPink|Pluribus|Eddie|MrBrown|MrBlue
STATE:76:r200ffffc/cc/cr380c/cr785f:8d2c|6s7s|ThTc|Js4c|6h4h|Kd7d/9h5sTd/3h/Ah:-50|-380|430|0|0|0:MrPink|Pluribus|Eddie|MrBrown|MrBlue|Bill
STATE:77:fffr250ff:2s5c|4s8d|9d5h|7h6s|Kc3h|TcTs:-50|-100|0|0|0|150:Pluribus|Eddie|MrBrown|MrBlue|Bill|MrPink
STATE:78:fffff:9d5c|7cTd|QsJc|As8c|9c4s|7s2s:-50|50|0|0|0|0:Eddie|MrBrown|MrBlue|Bill|MrPink|Pluribus
STATE:79:fffff:2c9s|KdKc|Ks5h|4h9h|4dJs|4s9c:-50|50|0|0|0|0:MrBrown|MrBlue|Bill|MrPink|Pluribus|Eddie
STATE:80:r210ffr650fff:7c3d|TcQh|QdAc|Qs7h|6c7s|KsAs:-50|-100|-210|0|0|360:MrBlue|Bill|MrPink|Pluribus|Eddie|MrBrown
STATE:81:r287fffr1125ff:QhQc|Qd5s|JhKc|2d9c|2s5h|Ad9h:387|-100|-287|0|0|0:Bill|MrPink|Pluribus|Eddie|MrBrown|MrBlue
STATE:82:fffr287ff:3sJs|7sJd|8dTs|5s8h|6c7d|Ad7c:-50|-100|0|0|0|150:MrPink|Pluribus|Eddie|MrBrown|MrBlue|Bill
STATE:83:fr225fffc/cc/r625f:2d8d|4s3s|JhAc|QcQd|5dTd|4h8h/AhTh5h/6s:-50|275|0|-225|0|0:Pluribus|Eddie|MrBrown|MrBlue|Bill|MrPink
STATE:84:ffffcc/cc/r200f:7cTc|3d6s|5h4c|Js4s|Jc2s|Jh2c/5dQsTs/Th:100|-100|0|0|0|0:Eddie|MrBrown|MrBlue|Bill|MrPink|Pluribus
STATE:85:fr210fffc/cr680c/cr2090f:2c3h|Qs9s|6s2h|AcKh|5s3c|Ah5c/Kc3sQc/Jd:-50|-680|0|730|0|0:MrBrown|MrBlue|Bill|MrPink|Pluribus|Eddie
STATE:86:fffr250ff:4hJs|3d8c|4s7s|3cKc|9d2d|As3h:-50|-100|0|0|0|150:MrBlue|Bill|MrPink|Pluribus|Eddie|MrBrown
STATE:87:fffr225r950ff:KcJs|3s5s|5d4c|7sQs|9d7h|TcKh:325|-100|0|0|0|-225:Bill|MrPink|Pluribus|Eddie|MrBrown|MrBlue
STATE:88:fr225fffc/cc/cc/cr575c:6s7d|4h5h|Th4d|TdQd|6hQs|2s7c/7s3d4c/As/Kd:-50|625|0|-575|0|0:MrPink|Pluribus|Eddie|MrBrown|MrBlue|Bill
STATE:89:fr225fffc/cc/cr600c/cr1537c:Tc3s|4dJd|5s2s|7s8s|4h7d|KdJh/Ts9d2h/Jc/5c:-50|-1537|0|1587|0|0:Pluribus|Eddie|MrBrown|MrBlue|Bill|MrPink
STATE:90:ffr210ffr750c/cr1350f:9h8d|2d6d|Qc8h|3sTd|JcAs|7d5d/KsTh9c:-50|-750|0|0|800|0:Eddie|MrBrown|MrBlue|Bill|MrPink|Pluribus
STATE:91:fffff:2h6d|9h9c|Ac4s|9s5s|2cKh|4cTh:-50|50|0|0|0|0:MrBrown|MrBlue|Bill|MrPink|Pluribus|Eddie
STATE:92:r210ffffc/cc/r445c/r1385c:3dKc|AsJh|QcJc|3cKs|Kh4c|7cJd/3s7s6d/Js/8d:-50|1435|-1385|0|0|0:MrBlue|Bill|MrPink|Pluribus|Eddie|MrBrown
STATE:93:fffr225fc/cc/cr600c/cc:Ad6s|8sKc|6dAc|3s5c|4d3c|QsTs/7sQd5h/Ks/6c:-50|650|0|0|0|-600:Bill|MrPink|Pluribus|Eddie|MrBrown|MrBlue
STATE:94:fffr250fc/cc/r800f:5c6d|4s2s|JcTs|Kc6s|Td8s|7s5s/Ac5dQd/Kh:-50|300|0|0|0|-250:MrPink|Pluribus|Eddie|MrBrown|MrBlue|Bill
STATE:95:r225fffff:2h5d|Ah7s|6c6d|9s2d|5cJd|2cKh:-50|-100|150|0|0|0:Pluribus|Eddie|MrBrown|MrBlue|Bill|MrPink
STATE:96:fffr250cc/ccc/r475fc/cc:2sAs|JdTh|Tc9d|9sKh|7hJs|Ah8d/2cQsQc/5s/Kd:725|-250|0|0|0|-475:Eddie|MrBrown|MrBlue|Bill|MrPink|Pluribus
STATE:97:fffr222fc/cr372f:3c2s|7cQc|Jd8h|Qh2d|8c2h|Kc9h/5sAh4c:-50|-222|0|0|0|272:MrBrown|MrBlue|Bill|MrPink|Pluribus|Eddie
STATE:98:r210ffffc/cc/cr445c/cc:6sJc|Qh5h|KhAh|4s9c|8h4c|2cKc/2dTc6d/Qc/6c:-50|495|-445|0|0|0:MrBlue|Bill|MrPink|Pluribus|Eddie|MrBrown
STATE:99:ffr225fff:JsKd|8h3c|Ks8d|4s6h|AdQs|3s7h:-50|-100|0|0|150|0:Bill|MrPink|Pluribus|Eddie|MrBrown|MrBlue
STATE:100:ffffcr275f:7s6c|4cTd|2h4s|Qc3h|9c6h|8s2d:-100|100|0|0|0|0:MrPink|Pluribus|Eddie|MrBrown|MrBlue|Bill
STATE:101:ffffr200r650c/cr975f:8cJc|As5s|ThJd|3cTd|4sKc|7d3h/Kh5d3d:-650|650|0|0|0|0:Pluribus|Eddie|MrBrown|MrBlue|Bill|MrPink
STATE:102:fr225ffff:Ac4s|Th9d|8c3c|5h5d|6d2c|6sKh:-50|-100|0|150|0|0:Eddie|MrBrown|MrBlue|Bill|MrPink|Pluribus
STATE:103:r225ffffc/cr375c/cr1575f:6s3d|6h9c|2s2d|7sQs|8cAs|7d6c/Ah9hTs/2c:-50|-375|425|0|0|0:MrBrown|MrBlue|Bill|MrPink|Pluribus|Eddie
STATE:104:fr225ffff:9sQd|Tc7h|8hQh|QsTh|TdAs|5c4s:-50|-100|0|150|0|0:MrBlue|Bill|MrPink|Pluribus|Eddie|MrBrown
STATE:105:fffr225fc/cc/cr600f:6s4d|9hQd|Td3c|2d5h|4c3d|8sAs/AdTh2h/4s:-50|-225|0|0|0|275:Bill|MrPink|Pluribus|Eddie|MrBrown|MrBlue
STATE:106:ffr225fff:6hKd|Qc2d|8d4c|Ad5s|5h4h|2c8c:-50|-100|0|0|150|0:MrPink|Pluribus|Eddie|MrBrown|MrBlue|Bill
STATE:107:fffff:9s5h|6hKd|5c6s|3s8h|2s6c|4hKs:-50|50|0|0|0|0:Pluribus|Eddie|MrBrown|MrBlue|Bill|MrPink
STATE:108:fffr250ff:6dQd|3hTd|4s9d|4dKs|Kh6s|9h8s:-50|-100|0|0|0|150:Eddie|MrBrown|MrBlue|Bill|MrPink|Pluribus
STATE:109:fr210fffc/cr680f:5dKd|4d7d|Ks8d|AhQh|6d5h|9h2h/JcAc8h:-50|-210|0|260|0|0:MrBrown|MrBlue|Bill|MrPink|Pluribus|Eddie
STATE:110:fffff:6h4d|Ah5d|6d7s|2hAd|Jh5s|Qd7h:-50|50|0|0|0|0:MrBlue|Bill|MrPink|Pluribus|Eddie|MrBrown
STATE:111:fr200r600fffr1900f:8d5c|6h2s|7c5h|JdQd|QcKd|4h3h:-50|-100|0|750|-600|0:Bill|MrPink|Pluribus|Eddie|MrBrown|MrBlue
STATE:112:ffr225ffc/cr600f:6hKd|Ah7h|Ad7s|Td7c|9hAc|9s5c/3h8d9d:-50|-225|0|0|275|0:MrPink|Pluribus|Eddie|MrBrown|MrBlue|Bill
STATE:113:ffr225cfc/ccr525fc/cr2325f:Qh8h|9sAc|4hKh|3d5d|QcAh|7cKc/7d5h3c/Td:-50|-225|0|0|-525|800:Pluribus|Eddie|MrBrown|MrBlue|Bill|MrPink
STATE:114:fffff:9h5s|ThQh|Td4s|8cTs|2c7s|9c3d:-50|50|0|0|0|0:Eddie|MrBrown|MrBlue|Bill|MrPink|Pluribus
