# name/game/hands/seed sample_game_103 ../lib/python-client/acpc_infrastructure/holdem.nolimit.6p.game 10000 103
#--t_response 600000000
#--t_hand 600000000
#--t_per_hand 600000000
STATE:0:r250ffffc/cr550f:6s4d|3c3d|AdTs|Td4c|9s6c|9h3s/JhKc4h:-50|-250|300|0|0|0:MrBlue|MrBlonde|MrWhite|MrPink|MrBrown|Pluribus
STATE:1:ffr200fr950ff:AdKs|2hKc|9h7s|6hTd|As3s|5hQc:300|-100|0|0|-200|0:MrBlonde|MrWhite|MrPink|MrBrown|Pluribus|MrBlue
STATE:2:ffr275ffr1350f:9d5c|9cKc|7c4d|Jd9s|AdTc|6c4c:-50|325|0|0|-275|0:MrWhite|MrPink|MrBrown|Pluribus|MrBlue|MrBlonde
STATE:3:fr250ffr1100fc/r1820c/r4020c/r10000c:AsKd|Qd2s|7hJs|JcJd|Ks5h|3cKh/Ts2cQc/Qs/9h:-10000|-100|0|10100|0|0:MrPink|MrBrown|Pluribus|MrBlue|MrBlonde|MrWhite
STATE:4:ffffcc/cc/cc/r200r600f:7s8d|9hJc|As3c|4sAh|6c6s|5sTh/3dQh4h/9d/Jd:-200|200|0|0|0|0:MrBrown|Pluribus|MrBlue|MrBlonde|MrWhite|MrPink
STATE:5:fffr225fc/cr475f:9cJh|7sJc|4c9h|7d3d|8h4h|2cAc/6sKh5c:-50|-225|0|0|0|275:Pluribus|MrBlue|MrBlonde|MrWhite|MrPink|MrBrown
STATE:6:ffffcc/cr250c/cc/r625c:TsQd|5h9h|KdJs|9d7s|2d6s|6c8s/3d2h4c/6d/Kc:-625|625|0|0|0|0:MrBlue|MrBlonde|MrWhite|MrPink|MrBrown|Pluribus
STATE:7:fffr225r1025ff:TcAd|Ks4d|Ts4h|2h2s|3h5c|9cJh:325|-100|0|0|0|-225:MrBlonde|MrWhite|MrPink|MrBrown|Pluribus|MrBlue
STATE:8:fffr250fr1200c/r2800c/cc/cc:9cQh|AhJs|6s8c|8hAd|Qc2s|AcKd/4h3s9d/3h/4s:-50|25|0|0|0|25:MrWhite|MrPink|MrBrown|Pluribus|MrBlue|MrBlonde
STATE:9:ffr250cff/cc/cc/cr600f:TcJs|3dTd|Jc3c|4dAh|TsKd|5c5s/6hQh8h/2d/3h:-50|-100|0|0|-250|400:MrPink|MrBrown|Pluribus|MrBlue|MrBlonde|MrWhite
STATE:10:fffff:4s2c|Th2s|2d7s|As6d|4h9s|5c4d:-50|50|0|0|0|0:MrBrown|Pluribus|MrBlue|MrBlonde|MrWhite|MrPink
STATE:11:fffr287fc/cr599f:2cJh|7sJs|6h7c|9s4h|5dAs|5sAh/7h9hQh:-50|-287|0|0|0|337:Pluribus|MrBlue|MrBlonde|MrWhite|MrPink|MrBrown
STATE:12:fr210fffc/cr560f:8c5h|QsKd|5c7h|AcKh|8sTh|Td5d/2c5s9c:-50|-210|0|260|0|0:MrBlue|MrBlonde|MrWhite|MrPink|MrBrown|Pluribus
STATE:13:fffr225ff:Jh2d|2c3d|3c8c|Jc4d|5dJd|5hAs:-50|-100|0|0|0|150:MrBlonde|MrWhite|MrPink|MrBrown|Pluribus|MrBlue
STATE:14:fr200ffff:Jh7d|6s8d|6dKd|5s5h|Th9d|3cAc:-50|-100|0|150|0|0:MrWhite|MrPink|MrBrown|Pluribus|MrBlue|MrBlonde
STATE:15:r200ffffc/cr425r1100c/r3750c/r10000c:3s5h|4c3c|7cAc|7sJh|Qc5c|5s4h/Ks7h3h/Jd/4d:-50|10050|-10000|0|0|0:MrPink|MrBrown|Pluribus|MrBlue|MrBlonde|MrWhite
STATE:16:r225ffffc/cr425f:2c6c|5h3h|3c3s|4sAd|7sKd|Ts6h/8dQh4c:-50|-225|275|0|0|0:MrBrown|Pluribus|MrBlue|MrBlonde|MrWhite|MrPink
STATE:17:fffff:7d4s|6dTh|Js2h|4d5h|Ac7s|7hTd:-50|50|0|0|0|0:Pluribus|MrBlue|MrBlonde|MrWhite|MrPink|MrBrown
STATE:18:ffr250fff:Td9s|Kh2c|3c7h|3sJd|Ac5c|6cQs:-50|-100|0|0|150|0:MrBlue|MrBlonde|MrWhite|MrPink|MrBrown|Pluribus
STATE:19:fffr225r1025fc/cr1850f:6d6h|6c4c|Tc7h|2hJd|4s9d|ThQh/QsTdQc:-1025|-100|0|0|0|1125:MrBlonde|MrWhite|MrPink|MrBrown|Pluribus|MrBlue
STATE:20:ffffr350c/r750f:JhKh|Th7h|3s8h|7d9c|6cTc|3hKd/8d4h4s:350|-350|0|0|0|0:MrWhite|MrPink|MrBrown|Pluribus|MrBlue|MrBlonde
STATE:21:fffr250fc/cc/cc/r525c:2s4d|5hTh|5s9h|9dQh|4cTc|5cAs/Qs8sAc/3s/Ah:-50|-525|0|0|0|575:MrPink|MrBrown|Pluribus|MrBlue|MrBlonde|MrWhite
STATE:22:ffr250fcf/cr650c/cr1550f:QcTc|6d4h|6cQd|2c9c|4s5s|Kc7d/TdAs2d/6h:-650|-100|0|0|750|0:MrBrown|Pluribus|MrBlue|MrBlonde|MrWhite|MrPink
STATE:23:ffr210cff/cc/r485c/cr1045c:3sQc|7s2c|7d5s|5hQd|TsJc|8c8d/7cJh7h/6c/8s:-50|-100|0|0|-1045|1195:Pluribus|MrBlue|MrBlonde|MrWhite|MrPink|MrBrown
STATE:24:r250fffcf/cc/cc/r460c:8cTc|5hTd|9hQh|7dKc|7c5s|QcTs/Kh5d9c/2s/7h:-460|-100|560|0|0|0:MrBlue|MrBlonde|MrWhite|MrPink|MrBrown|Pluribus
STATE:25:r210fffff:6s8d|2sKh|6c7c|5sJc|6h5d|2hKd:-50|-100|150|0|0|0:MrBlonde|MrWhite|MrPink|MrBrown|Pluribus|MrBlue
STATE:26:ffr225fff:Js3c|6sQh|KhTd|8s2s|8h7h|Kd2c:-50|-100|0|0|150|0:MrWhite|MrPink|MrBrown|Pluribus|MrBlue|MrBlonde
STATE:27:fr250fr650ffc/cr1050c/cc/r4170f:Th7h|5s3d|6s9h|AsJc|7cKc|TdTs/9s4dJs/4s/Ad:-50|-100|0|1200|0|-1050:MrPink|MrBrown|Pluribus|MrBlue|MrBlonde|MrWhite
STATE:28:fffff:Td4s|9hAs|Ac9d|4d2c|8hQc|2dTh:-50|50|0|0|0|0:MrBrown|Pluribus|MrBlue|MrBlonde|MrWhite|MrPink
STATE:29:fr225ffr1325fr2425c/cr3846f:6c7c|Ac8c|3s9d|KcKh|3hTd|5sQs/Th3c3d:-2425|-100|0|2525|0|0:Pluribus|MrBlue|MrBlonde|MrWhite|MrPink|MrBrown
STATE:30:r225fffcf/cr500f:6h5h|9d4c|QsKs|5c9h|4s2d|5s8s/TcJsKh:-225|-100|325|0|0|0:MrBlue|MrBlonde|MrWhite|MrPink|MrBrown|Pluribus
STATE:31:ffr250ffc/cr525c/cc/cc:Kd2s|Tc6c|Qs4s|5cAd|TsJd|9h6s/Qh8s6h/3s/Ah:-50|575|0|0|-525|0:MrBlonde|MrWhite|MrPink|MrBrown|Pluribus|MrBlue
STATE:32:ffr225ffc/cc/r525c/r825c:Th5c|6s2s|4dJh|6h9s|TdTc|Js9d/Qs3s2h/4h/Ks:-50|875|0|0|-825|0:MrWhite|MrPink|MrBrown|Pluribus|MrBlue|MrBlonde
STATE:33:ffr250fff:Tc9s|3c8h|Jd6s|5h7s|7dAd|Ac3h:-50|-100|0|0|150|0:MrPink|MrBrown|Pluribus|MrBlue|MrBlonde|MrWhite
STATE:34:ffr250fff:5c4s|3dQh|TcAh|Js8h|JdKh|2s8c:-50|-100|0|0|150|0:MrBrown|Pluribus|MrBlue|MrBlonde|MrWhite|MrPink
STATE:35:fffr275r1298ff:JhAc|9s2h|9h8c|5sTc|6s3d|9dKc:375|-100|0|0|0|-275:Pluribus|MrBlue|MrBlonde|MrWhite|MrPink|MrBrown
STATE:36:fffff:2cKd|4hKh|QcTs|4c5d|9d7h|Tc4d:-50|50|0|0|0|0:MrBlue|MrBlonde|MrWhite|MrPink|MrBrown|Pluribus
STATE:37:ffr200fff:4sAh|2dQh|6cTs|Kd4d|7dTd|3sAd:-50|-100|0|0|150|0:MrBlonde|MrWhite|MrPink|MrBrown|Pluribus|MrBlue
STATE:38:fffff:3s2d|Tc3h|8h2s|2cJs|4h6s|Kc2h:-50|50|0|0|0|0:MrWhite|MrPink|MrBrown|Pluribus|MrBlue|MrBlonde
STATE:39:ffr250r650fcf/cr1150c/cc/cc:2cJs|9c9h|4s6s|JhTc|TdJc|9s9d/3hKc8s/3c/8h:-50|150|0|0|-250|150:MrPink|MrBrown|Pluribus|MrBlue|MrBlonde|MrWhite
STATE:40:fffr250fc/cr525f:Js6d|7sKh|Kc4s|Ah5s|9c4h|As3s/QhTdAd:-50|-250|0|0|0|300:MrBrown|Pluribus|MrBlue|MrBlonde|MrWhite|MrPink
STATE:41:ffffr200c/r400f:3dQd|Jc6c|4c3s|8cQh|7dJh|2cJs/Qs5sTc:200|-200|0|0|0|0:Pluribus|MrBlue|MrBlonde|MrWhite|MrPink|MrBrown
STATE:42:fffr225fr1050f:7hJs|9hJh|6s2h|6dQh|Ts2d|Th8s:-50|275|0|0|0|-225:MrBlue|MrBlonde|MrWhite|MrPink|MrBrown|Pluribus
STATE:43:ffr200r700fff:Tc2d|7c9s|4s7s|Kc5h|JsKd|7hAh:-50|-100|0|0|-200|350:MrBlonde|MrWhite|MrPink|MrBrown|Pluribus|MrBlue
STATE:44:ffffr350c/r875c/cr1750f:As7d|Jd9d|2dJc|2c4d|Js8c|7s3h/8h4sTs/Qd:-875|875|0|0|0|0:MrWhite|MrPink|MrBrown|Pluribus|MrBlue|MrBlonde
STATE:45:ffffcc/cr200c/cr400f:AdQd|8sKd|Kc9h|6s4h|4dAs|8hJs/6c2cJc/4c:-200|200|0|0|0|0:MrPink|MrBrown|Pluribus|MrBlue|MrBlonde|MrWhite
STATE:46:r225fffr1050fr2525r10000f:KcAh|9d3h|QcAs|8s2d|4h8c|ThQs:2625|-100|-2525|0|0|0:MrBrown|Pluribus|MrBlue|MrBlonde|MrWhite|MrPink
STATE:47:ffffr200c/cc/cc/cc:8dAc|5dAs|5h6c|2d3h|6s3c|8h5s/JdKs9d/4c/9c:0|0|0|0|0|0:Pluribus|MrBlue|MrBlonde|MrWhite|MrPink|MrBrown
STATE:48:fffr200r900ff:8h8s|TdAs|3sKc|5sQh|Jd5d|Kh6h:300|-100|0|0|0|-200:MrBlue|MrBlonde|MrWhite|MrPink|MrBrown|Pluribus
STATE:49:r210ffffc/cr325c/cr775f:4h3d|9sKh|7s8s|Jd9d|Qs2c|5hAc/6sAsAd/2h:-50|-325|375|0|0|0:MrBlonde|MrWhite|MrPink|MrBrown|Pluribus|MrBlue
STATE:50:ffr250ffc/cr525f:9c8s|Ts7s|3s2d|8d5c|KsQd|4hQc/6c3dQh:-50|-250|0|0|300|0:MrWhite|MrPink|MrBrown|Pluribus|MrBlue|MrBlonde
STATE:51:fffr225cc/r395ff:KdTh|Ah6h|Jd2h|5hAc|3dTs|6d4d/3sTd8c:450|-225|0|0|0|-225:MrPink|MrBrown|Pluribus|MrBlue|MrBlonde|MrWhite
STATE:52:fffr250r1050fc/cc/cc/r2500c:AsJs|Kd6c|Kh7s|8c9d|3c6h|QdKs/AcKc4h/2c/7d:2600|-100|0|0|0|-2500:MrBrown|Pluribus|MrBlue|MrBlonde|MrWhite|MrPink
STATE:53:ffffr250c/r500c/cr1250c/cc:6cAh|2hQh|5c8d|7c5d|Tc8h|5hKd/6sQd3c/7s/9d:-1250|1250|0|0|0|0:Pluribus|MrBlue|MrBlonde|MrWhite|MrPink|MrBrown
STATE:54:fffr200cr1200r6400ff:6c6d|JsQc|5h3s|4s6s|7sAd|JcJh:-200|-1200|0|0|0|1400:MrBlue|MrBlonde|MrWhite|MrPink|MrBrown|Pluribus
STATE:55:ffr250fff:8d3s|Td6c|4dAs|5s2h|AcJd|QcJs:-50|-100|0|0|150|0:MrBlonde|MrWhite|MrPink|MrBrown|Pluribus|MrBlue
STATE:56:ffr225fff:8hKs|3cJs|2cTd|Qc8s|6s5s|4sTc:-50|-100|0|0|150|0:MrWhite|MrPink|MrBrown|Pluribus|MrBlue|MrBlonde
STATE:57:ffffcc/cr300c/cr750f:Kh4c|Td9s|7h5h|6h4d|2c8s|4s5d/8c6c4h/Js:-300|300|0|0|0|0:MrPink|MrBrown|Pluribus|MrBlue|MrBlonde|MrWhite
STATE:58:ffr225ffc/cc/r475f:9c6c|6h9h|7cTc|QcTs|KdTd|5d8h/5c3c3h/9s:-50|275|0|0|-225|0:MrBrown|Pluribus|MrBlue|MrBlonde|MrWhite|MrPink
STATE:59:r250cfffr1300cc/r3220ff:6c2c|KhAh|JdJc|JhQh|2d8s|4c7s/7dKd4h:-50|2650|-1300|-1300|0|0:Pluribus|MrBlue|MrBlonde|MrWhite|MrPink|MrBrown
STATE:60:fffr250cf/cc/cr400f:JhTc|Qc5d|Kh9s|8h2s|3d4s|9hKd/9c5hAs/4c:-250|-100|0|0|0|350:MrBlue|MrBlonde|MrWhite|MrPink|MrBrown|Pluribus
STATE:61:fffff:5d9c|8c3c|TcJs|2s3d|7hJc|9sQh:-50|50|0|0|0|0:MrBlonde|MrWhite|MrPink|MrBrown|Pluribus|MrBlue
STATE:62:fffff:Qh7s|4cQs|5s8d|7d9c|Js4s|5h6s:-50|50|0|0|0|0:MrWhite|MrPink|MrBrown|Pluribus|MrBlue|MrBlonde
STATE:63:fffff:5d7s|2cAc|2h9s|7d8c|4d3c|8d6c:-50|50|0|0|0|0:MrPink|MrBrown|Pluribus|MrBlue|MrBlonde|MrWhite
STATE:64:ffr225r700ffc/cr1200c/cc/cc:3s3c|4d2d|6cJd|Kh4h|8d8c|8hQh/5h7cQc/As/5c:-50|-100|0|0|-1200|1350:MrBrown|Pluribus|MrBlue|MrBlonde|MrWhite|MrPink
STATE:65:fffr275r1298ff:9s9h|Jc2s|Qh6d|3dAh|Kd7c|5c9c:375|-100|0|0|0|-275:Pluribus|MrBlue|MrBlonde|MrWhite|MrPink|MrBrown
STATE:66:ffffr300r950c/cc/r2025c/r5100f:JdAd|TcJc|6c3s|2cTd|8h7c|Jh8c/QcThAc/6s/4d:2025|-2025|0|0|0|0:MrBlue|MrBlonde|MrWhite|MrPink|MrBrown|Pluribus
