# name/game/hands/seed sample_game_53 ../lib/python-client/acpc_infrastructure/holdem.nolimit.6p.game 10000 53
#--t_response 600000000
#--t_hand 600000000
#--t_per_hand 600000000
STATE:0:fffr225fc/cc/cc/cr475f:3cKc|Kh5d|3h4s|8c4d|7h5c|TcTh/7dAcJh/2d/Td:-50|-225|0|0|0|275:MrOrange|MrWhite|MrBlonde|Eddie|Bill|Pluribus
STATE:1:fr225ffr775fc/r1600f:KsAd|8sAs|Qh6h|Qc9c|Qd7h|5c6c/Td2d4d:875|-100|0|-775|0|0:MrWhite|MrBlonde|Eddie|Bill|Pluribus|MrOrange
STATE:2:ffffr250f:9cTh|6cJs|5d7h|5s9s|4d6s|Jd3h:100|-100|0|0|0|0:MrBlonde|Eddie|Bill|Pluribus|MrOrange|MrWhite
STATE:3:ffffr300c/cr600c/cr1200f:3cJc|6d2d|2cQs|4s6s|3s9d|Jd3h/Qh5h3d/Qd:-600|600|0|0|0|0:Eddie|Bill|Pluribus|MrOrange|MrWhite|MrBlonde
STATE:4:fr225ffff:TdJh|2cKd|2d7c|AcJs|Ah6h|Jd9h:-50|-100|0|150|0|0:Bill|Pluribus|MrOrange|MrWhite|MrBlonde|Eddie
STATE:5:r225ffffc/cc/r975f:7hQh|QcJh|5c4c|Kh7d|KcTs|2d4h/Qd9c7s/Js:-50|275|-225|0|0|0:Pluribus|MrOrange|MrWhite|MrBlonde|Eddie|Bill
STATE:6:ffffr250c/cc/cc/cc:Ad6c|9c7c|2s8s|2cKs|Kh6s|Qc3d/JsKc7h/4d/Jc:-250|250|0|0|0|0:MrOrange|MrWhite|MrBlonde|Eddie|Bill|Pluribus
STATE:7:r200fffff:Th7h|9s4d|Kd9d|Qd4h|2c8d|2dAs:-50|-100|150|0|0|0:MrWhite|MrBlonde|Eddie|Bill|Pluribus|MrOrange
STATE:8:r225ffffc/cr475f:Qs4d|TsKd|5h4h|7s8c|Tc8d|6hKs/Ac2d3h:-50|-225|275|0|0|0:MrBlonde|Eddie|Bill|Pluribus|MrOrange|MrWhite
STATE:9:fr215ffff:9c6h|Kh2c|Ad6c|AcJd|7h9s|Ks8c:-50|-100|0|150|0|0:Eddie|Bill|Pluribus|MrOrange|MrWhite|MrBlonde
STATE:10:ffffr300c/r600f:4d4h|TdJh|5s3s|Qc6h|9c6c|Js5d/4sKd7c:300|-300|0|0|0|0:Bill|Pluribus|MrOrange|MrWhite|MrBlonde|Eddie
STATE:11:fr250ffcf/cr650f:8cAc|6cQd|4s9c|JsQs|5dTs|3hJd/Th3s7c:-250|-100|0|350|0|0:Pluribus|MrOrange|MrWhite|MrBlonde|Eddie|Bill
STATE:12:ffr225fr1100fc/cc/cc/r4600f:TsJs|9dQh|As7h|4h3h|8c7c|2d6d/9c6s4s/Qd/Qs:1200|-100|0|0|-1100|0:MrOrange|MrWhite|MrBlonde|Eddie|Bill|Pluribus
STATE:13:fffff:5c3d|4c7d|7s3h|Qs5s|5h2d|8s3s:-50|50|0|0|0|0:MrWhite|MrBlonde|Eddie|Bill|Pluribus|MrOrange
STATE:14:fffr225r1050ff:KcKh|JdQc|4h2c|5s3d|6c5d|KdTs:325|-100|0|0|0|-225:MrBlonde|Eddie|Bill|Pluribus|MrOrange|MrWhite
STATE:15:r200fffcc/ccr800fc/cr4400f:Ac9c|5d6h|QsQh|7cKs|7s4d|8hTs/4s3dTc/9h:-200|-800|1000|0|0|0:Eddie|Bill|Pluribus|MrOrange|MrWhite|MrBlonde
STATE:16:fffff:5s9h|8c9c|7sTd|Th3s|3c4h|8h3h:-50|50|0|0|0|0:Bill|Pluribus|MrOrange|MrWhite|MrBlonde|Eddie
STATE:17:ffr200fcf/cc/cc/cr450c:6h6s|2cJs|Qd2h|6d8h|TcQh|8d2s/9hTdAd/As/3h:-450|-100|0|0|550|0:Pluribus|MrOrange|MrWhite|MrBlonde|Eddie|Bill
STATE:18:fr200fffc/cr300f:5sKc|7sTs|Td7h|AdKd|6s7d|9c4h/3cJc5c:-50|-200|0|250|0|0:MrOrange|MrWhite|MrBlonde|Eddie|Bill|Pluribus
STATE:19:fr225fffc/cc/cr475c/cr975f:8hKs|9cTs|QcJd|KhTc|8s5d|7sAc/9sKc2h/8d/7h:-50|-475|0|525|0|0:MrWhite|MrBlonde|Eddie|Bill|Pluribus|MrOrange
STATE:20:ffffr300f:4h4s|5d7s|TcKd|Qh7c|9cQs|3d8s:100|-100|0|0|0|0:MrBlonde|Eddie|Bill|Pluribus|MrOrange|MrWhite
STATE:21:fr233ffff:5sTs|8cTh|3dQs|KdQd|Tc4d|5dJc:-50|-100|0|150|0|0:Eddie|Bill|Pluribus|MrOrange|MrWhite|MrBlonde
STATE:22:r200ffffc/cc/r425f:Kh7s|KdAc|5hAd|2d7c|As3h|Kc5c/9dJh7d/Qs:-50|250|-200|0|0|0:Bill|Pluribus|MrOrange|MrWhite|MrBlonde|Eddie
STATE:23:fr250ffff:9c5s|6dQc|4sKd|AhAs|3c3d|ThAd:-50|-100|0|150|0|0:Pluribus|MrOrange|MrWhite|MrBlonde|Eddie|Bill
STATE:24:r250ffr1062fff:8cJd|4d9h|TcAd|7dTd|Ah8s|As2s:-50|-100|-250|0|0|400:MrOrange|MrWhite|MrBlonde|Eddie|Bill|Pluribus
STATE:25:fr225fffc/cc/cc/cr375f:3hTc|Ac4d|Ad4c|AsQh|2d6d|9s5d/KhQs5h/2h/4h:-50|-225|0|275|0|0:MrWhite|MrBlonde|Eddie|Bill|Pluribus|MrOrange
STATE:26:fffr225fc/cc/cc/r375c:4sAd|7dQh|7sJc|Qc6c|5h8s|JsJh/5cAsQd/9h/8d:-50|425|0|0|0|-375:MrBlonde|Eddie|Bill|Pluribus|MrOrange|MrWhite
STATE:27:fffff:4d3s|QdJh|4c3d|AdQs|5s2d|3hTc:-50|50|0|0|0|0:Eddie|Bill|Pluribus|MrOrange|MrWhite|MrBlonde
STATE:28:fr287ffff:9h4d|7hTc|5dQc|6h5h|7cKc|Jh7s:-50|-100|0|150|0|0:Bill|Pluribus|MrOrange|MrWhite|MrBlonde|Eddie
STATE:29:ffffr300r900f:Ks8c|Th3h|7c4h|5s6d|4d7h|5hQc:-300|300|0|0|0|0:Pluribus|MrOrange|MrWhite|MrBlonde|Eddie|Bill
STATE:30:fffff:5c9c|2s2d|6cQc|7cTs|8cTd|4sJh:-50|50|0|0|0|0:MrOrange|MrWhite|MrBlonde|Eddie|Bill|Pluribus
STATE:31:ffr200ffc/cc/cc/cc:9sTh|6d4d|5cTd|9c3h|AdKd|8sQd/8d3s6h/9h/7d:-50|250|0|0|-200|0:MrWhite|MrBlonde|Eddie|Bill|Pluribus|MrOrange
STATE:32:r225fffff:8dTh|Kh4d|AdJd|2d7h|3h8s|4sTs:-50|-100|150|0|0|0:MrBlonde|Eddie|Bill|Pluribus|MrOrange|MrWhite
STATE:33:fffff:Jc5h|Qc3h|Js7c|5s7d|8dTs|2dTc:-50|50|0|0|0|0:Eddie|Bill|Pluribus|MrOrange|MrWhite|MrBlonde
STATE:34:ffffr300f:8sQc|Ts6h|3cKd|5dJd|2d9h|2c7c:100|-100|0|0|0|0:Bill|Pluribus|MrOrange|MrWhite|MrBlonde|Eddie
STATE:35:r225fffcc/ccc/ccr562r1911fc/r5958f:4c4s|7cKc|7sAs|Qs6d|Td8d|Qc9d/4d8hJs/2s/Jh:2136|-225|-1911|0|0|0:Pluribus|MrOrange|MrWhite|MrBlonde|Eddie|Bill
STATE:36:ffr225cfc/ccc/r768fc/cc:4hJd|TcAh|Js6d|4s2s|JcQs|TdTs/As7h6s/9s/Qd:-50|1043|0|0|-225|-768:MrOrange|MrWhite|MrBlonde|Eddie|Bill|Pluribus
STATE:37:fffff:Jc6h|8h3d|9hTs|Jh7d|4d6d|8sKd:-50|50|0|0|0|0:MrWhite|MrBlonde|Eddie|Bill|Pluribus|MrOrange
STATE:38:ffr234cfc/ccr610ff:4s3c|Ks3s|Ts7c|4h2c|JcKd|JhQc/8hAh4d:-50|-234|0|0|-234|518:MrBlonde|Eddie|Bill|Pluribus|MrOrange|MrWhite
STATE:39:ffffcr350c/cr575c/cc/r925c:As6h|Kh5s|9c7d|Ah6c|4d9d|3h4c/2s2d8s/Qh/6d:925|-925|0|0|0|0:Eddie|Bill|Pluribus|MrOrange|MrWhite|MrBlonde
STATE:40:fffff:Kc2d|TdJc|9s6s|Qd9c|As4c|Qc6h:-50|50|0|0|0|0:Bill|Pluribus|MrOrange|MrWhite|MrBlonde|Eddie
STATE:41:fffff:7h5c|2s9c|Th7c|5s6s|Qs2c|Jd4c:-50|50|0|0|0|0:Pluribus|MrOrange|MrWhite|MrBlonde|Eddie|Bill
STATE:42:r250ffffc/cr550f:6h4d|9cKs|JhJs|JdTs|4h2s|Ad3c/2c3d2d:-50|-250|300|0|0|0:MrOrange|MrWhite|MrBlonde|Eddie|Bill|Pluribus
STATE:43:r200fffff:2c7c|9s4s|8c8h|ThKs|3s7h|Qs7s:-50|-100|150|0|0|0:MrWhite|MrBlonde|Eddie|Bill|Pluribus|MrOrange
STATE:44:r225fffff:Js9d|Jc4h|Qc8c|4c8h|Ts6s|3h9h:-50|-100|150|0|0|0:MrBlonde|Eddie|Bill|Pluribus|MrOrange|MrWhite
STATE:45:r225ffffc/cc/r600c/cc:6hTh|2cKc|KsQc|Jd8h|Qs4c|JhTd/Ah3hQd/5s/5c:-50|-600|650|0|0|0:Eddie|Bill|Pluribus|MrOrange|MrWhite|MrBlonde
STATE:46:fr225ffff:7d4s|6s2h|Td3s|9dQd|Kd5d|2s4h:-50|-100|0|150|0|0:Bill|Pluribus|MrOrange|MrWhite|MrBlonde|Eddie
STATE:47:fffr287r1298cf/r2739c/cr4494c/r10000c:TdQd|Qh9s|3s5h|Ad8h|5d4s|9hJd/6s8cTh/3c/Qs:10287|-10000|0|0|0|-287:Pluribus|MrOrange|MrWhite|MrBlonde|Eddie|Bill
STATE:48:fffr200r1100fc/r1850r3750f:7d6d|9d7s|3hTc|Kc2d|Jd2s|AhQd/QhAd3s:-1850|-100|0|0|0|1950:MrOrange|MrWhite|MrBlonde|Eddie|Bill|Pluribus
STATE:49:ffffr300f:Ah9s|4hJd|4s5s|9d2s|Kc7d|2h7c:100|-100|0|0|0|0:MrWhite|MrBlonde|Eddie|Bill|Pluribus|MrOrange
STATE:50:r225fffff:Th5c|Qh4s|QsKd|9hKc|5d8c|Td3c:-50|-100|150|0|0|0:MrBlonde|Eddie|Bill|Pluribus|MrOrange|MrWhite
STATE:51:ffffr300f:6c4c|6sJd|Qh3s|Jh9h|As8d|3h5h:100|-100|0|0|0|0:Eddie|Bill|Pluribus|MrOrange|MrWhite|MrBlonde
STATE:52:r211fr750fffc/cr1300c/cc/cc:5sAs|7s9d|JdJs|3d7h|AdQh|2c8h/Ah5d5h/8s/Kh:-50|-100|-1300|0|1450|0:Bill|Pluribus|MrOrange|MrWhite|MrBlonde|Eddie
STATE:53:ffr200cff/cc/r525c/cr925c:4sQd|2dTs|Ac5h|7sJd|AsJc|AdQs/7h5d4c/Ah/3s:-50|-100|0|0|-925|1075:Pluribus|MrOrange|MrWhite|MrBlonde|Eddie|Bill
STATE:54:r250fffff:8d3s|4c5s|ThAh|7c4s|8s6h|4h6c:-50|-100|150|0|0|0:MrOrange|MrWhite|MrBlonde|Eddie|Bill|Pluribus
STATE:55:r200fr612ffff:6h8c|9c3d|QhJs|8hJc|AsTs|4d5c:-50|-100|-200|0|350|0:MrWhite|MrBlonde|Eddie|Bill|Pluribus|MrOrange
STATE:56:r225ffr675ffc/cr1425c/cc/cc:5h3d|Ks4s|8c8s|AhTc|3cTh|9sAs/Kh6s7c/2c/3h:-50|-100|1575|0|0|-1425:MrBlonde|Eddie|Bill|Pluribus|MrOrange|MrWhite
STATE:57:ffr225ffc/cc/cc/cc:Qc8s|7sKs|Qs5s|7cAd|4d4c|Jc6c/2cQhAc/As/Jd:-50|-225|0|0|275|0:Eddie|Bill|Pluribus|MrOrange|MrWhite|MrBlonde
STATE:58:fffr222fc/cr672f:7sKd|5dKc|Ad8c|7h5h|5c2h|9dKh/6c3cTd:-50|-222|0|0|0|272:Bill|Pluribus|MrOrange|MrWhite|MrBlonde|Eddie
STATE:59:r225ffffc/cc/r925f:2c8h|QsQd|4h5h|6cQc|5cJd|6hQh/7c8cJc/8d:-50|275|-225|0|0|0:Pluribus|MrOrange|MrWhite|MrBlonde|Eddie|Bill
STATE:60:fffff:5h8d|5d4h|4cJc|4s2s|Js7d|7sQh:-50|50|0|0|0|0:MrOrange|MrWhite|MrBlonde|Eddie|Bill|Pluribus
STATE:61:ffr225ffc/cr725f:2c9h|Ks5s|3sQd|8c5d|TdTs|3d7c/AdKdJs:-50|-225|0|0|275|0:MrWhite|MrBlonde|Eddie|Bill|Pluribus|MrOrange
STATE:62:ffffcc/cc/cc/cr200f:Kh6d|9d6s|Ah7d|3c6c|5s2h|Jc2d/Qh9c3s/Tc/Qc:-100|100|0|0|0|0:MrBlonde|Eddie|Bill|Pluribus|MrOrange|MrWhite
STATE:63:fffr250ff:Ac8h|4dQh|6c8c|8d2d|8s4h|JsTs:-50|-100|0|0|0|150:Eddie|Bill|Pluribus|MrOrange|MrWhite|MrBlonde
STATE:64:ffffr300f:AdJs|4h6d|2cJd|5s2s|Jh4d|5hTc:100|-100|0|0|0|0:Bill|Pluribus|MrOrange|MrWhite|MrBlonde|Eddie
STATE:65:r225ffr800fff:9d4c|Js6c|Qc9c|8dJd|Td5s|AhKc:-50|-100|-225|0|0|375:Pluribus|MrOrange|MrWhite|MrBlonde|Eddie|Bill
STATE:66:fffr200fc/cc/cc/cr425f:5c7h|3s3c|6cJd|5d8h|Ac6h|8sKd/KsQcAs/Ah/2c:-50|-200|0|0|0|250:MrOrange|MrWhite|MrBlonde|Eddie|Bill|Pluribus
STATE:67:ffffr300r1000f:9d8c|KcAc|2c3s|Qh2s|8dQs|5sAh:-300|300|0|0|0|0:MrWhite|MrBlonde|Eddie|Bill|Pluribus|MrOrange
STATE:68:ffcffr500f:5cAh|JcTc|6dKc|Ts8c|Jh2c|Ac5d:-50|150|0|0|-100|0:MrBlonde|Eddie|Bill|Pluribus|MrOrange|MrWhite
STATE:69:ffr225fff:Th8c|5hKd|9s2s|Jc9d|7d8d|2d6h:-50|-100|0|0|150|0:Eddie|Bill|Pluribus|MrOrange|MrWhite|MrBlonde
STATE:70:cfffcc/ccc/ccc/r200ff:7sAs|8sKs|8c3s|4sTd|Ts8d|2dTc/6c5d5c/3d/6h:200|-100|-100|0|0|0:Bill|Pluribus|MrOrange|MrWhite|MrBlonde|Eddie
STATE:71:r225ffr800ffc/cc/r1675f:Th2s|Td5d|JdKd|3dJc|Ah7s|AcJh/2d9cKs/4h:-50|-100|950|0|0|-800:Pluribus|MrOrange|MrWhite|MrBlonde|Eddie|Bill
STATE:72:fr200fffc/cr700c/cr1900c/cr10000f:7h6c|AhTc|3h4d|8d6d|Td7c|6sQd/7dTs4s/5d/9h:-50|-1900|0|1950|0|0:MrOrange|MrWhite|MrBlonde|Eddie|Bill|Pluribus
STATE:73:ffffr300c/r750c/cr1750c/cr10000f:QsAs|6dKd|Jh4d|6s2c|Qc8d|5cKh/TdAd6h/6c/5h:-1750|1750|0|0|0|0:MrWhite|MrBlonde|Eddie|Bill|Pluribus|MrOrange
STATE:74:ffffr300c/cc/cc/r500f:9hJd|QhKc|5c8h|5d2c|4d9c|5hJc/8c3h3s/8d/7h:300|-300|0|0|0|0:MrBlonde|Eddie|Bill|Pluribus|MrOrange|MrWhite
STATE:75:fffr250ff:6s5d|9c3h|Kh2d|8d4h|3d9d|AdQs:-50|-100|0|0|0|150:Eddie|Bill|Pluribus|MrOrange|MrWhite|MrBlonde
STATE:76:ffffr300f:TcAd|8s6c|5s2h|6s9h|3sKs|Qh2s:100|-100|0|0|0|0:Bill|Pluribus|MrOrange|MrWhite|MrBlonde|Eddie
STATE:77:ffffcr320f:6dKs|As4d|5dJd|5sAh|5hQs|9d3d:-100|100|0|0|0|0:Pluribus|MrOrange|MrWhite|MrBlonde|Eddie|Bill
STATE:78:ffr225r750ffc/cr1575c/cr4050c/cr8175r10000c:Qc2d|6hQd|3c2c|6d8c|KsKc|AdAc/Kh4d5c/9c/Ah:-50|-100|0|0|-10000|10150:MrOrange|MrWhite|MrBlonde|Eddie|Bill|Pluribus
STATE:79:fffff:4hJs|Ad2d|3dJd|7h2s|7d9c|Th6d:-50|50|0|0|0|0:MrWhite|MrBlonde|Eddie|Bill|Pluribus|MrOrange
STATE:80:fffff:Th3s|Ah7h|Jd6d|6h7c|Qd2c|4d9c:-50|50|0|0|0|0:MrBlonde|Eddie|Bill|Pluribus|MrOrange|MrWhite
STATE:81:fr215fffc/cc/r575c/r1175c:Qd2c|Ac9s|3sKs|AdAh|As5c|Td8h/9h9cQs/Jd/Kh:-50|1225|0|-1175|0|0:Eddie|Bill|Pluribus|MrOrange|MrWhite|MrBlonde
STATE:82:ffffr300c/cc/cc/cr600c:Js4s|Ad8d|4d3c|2d5d|6cTh|Kc2h/7hAhQc/Qd/Jc:-600|600|0|0|0|0:Bill|Pluribus|MrOrange|MrWhite|MrBlonde|Eddie
STATE:83:ffffcc/r200f:6s5h|7d4c|6d9c|8cJd|8hTc|6c3h/Qd2sQs:100|-100|0|0|0|0:Pluribus|MrOrange|MrWhite|MrBlonde|Eddie|Bill
STATE:84:r250ffffr800c/r2037f:QsJh|KcAs|9d9h|9c6s|Ac5d|2d4c/8d7s4s:-50|850|-800|0|0|0:MrOrange|MrWhite|MrBlonde|Eddie|Bill|Pluribus
STATE:85:fffr244fc/cc/cr688f:8d6c|KcQs|Kd7h|Qc2h|6s3s|TcTh/8s5c6d/2c:-50|-244|0|0|0|294:MrWhite|MrBlonde|Eddie|Bill|Pluribus|MrOrange
STATE:86:r225fr350fffc/cc/cc/cr805f:7d5c|6h7c|5s5d|2hJd|Kc2d|4d4c/Ah7hJc/8h/4h:-50|-100|-350|0|500|0:MrBlonde|Eddie|Bill|Pluribus|MrOrange|MrWhite
STATE:87:fffr250ff:6dKc|3h2d|2hQs|3s6s|5sTs|KsTh:-50|-100|0|0|0|150:Eddie|Bill|Pluribus|MrOrange|MrWhite|MrBlonde
STATE:88:cr275fffff:9hAc|Qh4d|6hJd|8s8h|4h2s|Ah5c:-50|-100|-100|250|0|0:Bill|Pluribus|MrOrange|MrWhite|MrBlonde|Eddie
STATE:89:fr250r750ffff:2c7s|5c3h|5h9c|9hAh|QcKd|8h2s:-50|-100|0|-250|400|0:Pluribus|MrOrange|MrWhite|MrBlonde|Eddie|Bill
STATE:90:fr200fr681fff:4c3c|5cAc|TdQc|Jc8c|3d2s|7d6d:-50|-100|0|-200|0|350:MrOrange|MrWhite|MrBlonde|Eddie|Bill|Pluribus
STATE:91:ffr200ffc/cc/cc/r450c:Jd4h|8cTc|3h8h|6sAd|QdKs|Th7d/8dAs2h/6c/4c:-50|500|0|0|-450|0:MrWhite|MrBlonde|Eddie|Bill|Pluribus|MrOrange
STATE:92:fr200ffff:9s5h|7hJs|8hJc|3sAs|3c9h|Qh6d:-50|-100|0|150|0|0:MrBlonde|Eddie|Bill|Pluribus|MrOrange|MrWhite
STATE:93:fffr250fr1100f:Ks8d|Ts8s|5h3s|Kd3h|3dTc|Qh2h:-50|300|0|0|0|-250:Eddie|Bill|Pluribus|MrOrange|MrWhite|MrBlonde
STATE:94:cffffc/cc/cc/r225f:3d4h|7dAd|AcJc|Tc2c|7c9h|5sJs/6d4dTd/5h/5d:-50|150|-100|0|0|0:Bill|Pluribus|MrOrange|MrWhite|MrBlonde|Eddie
STATE:95:ffffr200c/cr325c/cc/r975f:9h9c|6hJc|7s2c|6d9d|5h2h|Kc4h/4dJs8h/Qs/Th:325|-325|0|0|0|0:Pluribus|MrOrange|MrWhite|MrBlonde|Eddie|Bill
STATE:96:fr200fffr925f:Qd4h|5d3d|2hTd|QsJh|Tc7s|7d9c:-50|250|0|-200|0|0:MrOrange|MrWhite|MrBlonde|Eddie|Bill|Pluribus
