STATE:36:fr210fcfc/ccc/cr960ff:Js5c|5d6h|9h4h|QdAc|2dJh|8s8h/4sTh9c/Kd:-50|-210|0|470|0|-210:Bill|MrOrange|MrBlue|MrPink|Eddie|Pluribus
STATE:37:fffr250fc/cr525f:4dJc|8cJs|5hQh|4hKd|5c2d|AdQd/4cAsKc:-50|-250|0|0|0|300:MrOrange|MrBlue|MrPink|Eddie|Pluribus|Bill
STATE:38:ffr225fff:9h3h|8h5c|QcJh|Td4d|QdAc|QsJc:-50|-100|0|0|150|0:MrBlue|MrPink|Eddie|Pluribus|Bill|MrOrange
STATE:39:fffr225ff:Js6h|Kc2h|4hAd|Ac4d|Qs5d|Tc7c:-50|-100|0|0|0|150:MrPink|Eddie|Pluribus|Bill|MrOrange|MrBlue
STATE:40:ffr225fff:5d8c|3c4d|6cQd|6h4c|KsTh|Jc9s:-50|-100|0|0|150|0:Eddie|Pluribus|Bill|MrOrange|MrBlue|MrPink
STATE:41:fr225fcfc/ccr405ff:4d2c|6sKs|9dAs|8cJc|Qc6d|6c6h/3c5hQh:-50|-225|0|-225|0|500:Pluribus|Bill|MrOrange|MrBlue|MrPink|Eddie
STATE:42:ffffcr325c/cr725c/cr1775f:4dQd|9h8s|3d5h|Qc5c|Qh2d|6c7d/JcAdTh/9s:-725|725|0|0|0|0:Bill|MrOrange|MrBlue|MrPink|Eddie|Pluribus
STATE:43:fr200fffc/cr310f:3h8h|9hQh|Ac7h|QsKh|5c4c|Kd6d/5dAsAh:-50|-200|0|250|0|0:MrOrange|MrBlue|MrPink|Eddie|Pluribus|Bill
STATE:44:fffff:2cQh|TcTh|5c6h|8h5d|2s4s|Jd6c:-50|50|0|0|0|0:MrBlue|MrPink|Eddie|Pluribus|Bill|MrOrange
STATE:45:fffr225fr1300f:Kh2d|9c6c|Ad9h|6d3c|5cAh|4h6h:-50|275|0|0|0|-225:MrPink|Eddie|Pluribus|Bill|MrOrange|MrBlue
STATE:46:ffr225fr1150ff:JsJc|Td3c|2cKc|9h4s|5s3s|6d4d:325|-100|0|0|-225|0:Eddie|Pluribus|Bill|MrOrange|MrBlue|MrPink
STATE:47:fr225ffff:Kc5s|Tc2h|7c8s|QhQs|5c6h|9h7s:-50|-100|0|150|0|0:Pluribus|Bill|MrOrange|MrBlue|MrPink|Eddie
STATE:48:fffr250fc/cr525f:3s9c|Ac8h|Th7s|3dQh|6h5d|4cAd/Td6s3c:-50|-250|0|0|0|300:Bill|MrOrange|MrBlue|MrPink|Eddie|Pluribus
STATE:49:r210r650ffffc/cr1375r2825f:3h7h|6hKd|4s4c|QhTh|9h2d|7d8h/8d9c4d:-50|-100|1525|-1375|0|0:MrOrange|MrBlue|MrPink|Eddie|Pluribus|Bill
STATE:50:fffr244fc/cr394f:7hTd|3s6s|JcTh|9d5c|4d9s|7cAc/9c2cAd:-50|-244|0|0|0|294:MrBlue|MrPink|Eddie|Pluribus|Bill|MrOrange
STATE:51:r250fffr1100ff:As8s|7h5c|KsJd|2d3s|5h4d|5dAh:350|-100|-250|0|0|0:MrPink|Eddie|Pluribus|Bill|MrOrange|MrBlue
STATE:52:fffff:4sKc|AcQs|6h9h|3d2s|5s7h|5h8c:-50|50|0|0|0|0:Eddie|Pluribus|Bill|MrOrange|MrBlue|MrPink
STATE:53:fffff:5s2d|TsKh|3s6s|5d2s|Th4s|6h7d:-50|50|0|0|0|0:Pluribus|Bill|MrOrange|MrBlue|MrPink|Eddie
STATE:54:fffr200ff:QhTs|Th3c|6c4s|5h7c|5c6h|TcKd:-50|-100|0|0|0|150:Bill|MrOrange|MrBlue|MrPink|Eddie|Pluribus
STATE:55:r210ffcfc/ccc/cr550cf/cr1550f:6s3c|7d9s|TsKs|2d2c|3hAd|TcTd/2h3sQd/Qs/9d:-50|-210|-550|0|0|810:MrOrange|MrBlue|MrPink|Eddie|Pluribus|Bill
STATE:56:fffr244r1100fc/cc/cc/r2675f:QhQs|5cJd|9c2s|3sJc|Kd4d|KhQd/8hTc7c/3c/5h:1200|-100|0|0|0|-1100:MrBlue|MrPink|Eddie|Pluribus|Bill|MrOrange
STATE:57:ffffr300c/cr450c/cc/cc:2d2c|7h7c|8cAd|Kh6s|4sTs|Qs6c/5sAs6d/3c/Qd:-450|450|0|0|0|0:MrPink|Eddie|Pluribus|Bill|MrOrange|MrBlue
STATE:58:fffff:Td3c|5d5h|2sKd|7cTc|9hKs|8h7s:-50|50|0|0|0|0:Eddie|Pluribus|Bill|MrOrange|MrBlue|MrPink
STATE:59:fffff:6c9d|9c6s|4h5c|Kh7s|5h8c|Kc5s:-50|50|0|0|0|0:Pluribus|Bill|MrOrange|MrBlue|MrPink|Eddie
STATE:60:fr210fffc/cc/cc/cr445f:5c9s|Jc8s|8hKs|TcTd|3h6d|2s7c/Qd9d9h/7d/4s:-50|-210|0|260|0|0:Bill|MrOrange|MrBlue|MrPink|Eddie|Pluribus
STATE:61:fffff:Qs5h|3h8c|4sQd|6sKd|4hJd|3c9h:-50|50|0|0|0|0:MrOrange|MrBlue|MrPink|Eddie|Pluribus|Bill
STATE:62:fffr244fc/cc/r964f:8d5d|QdKh|9dJc|8cKd|4h5s|6dAh/TsJs5c/3d:-50|294|0|0|0|-244:MrBlue|MrPink|Eddie|Pluribus|Bill|MrOrange
STATE:63:fffff:7c2h|8h5h|7sAd|2s5s|Th3d|Jd8c:-50|50|0|0|0|0:MrPink|Eddie|Pluribus|Bill|MrOrange|MrBlue
STATE:64:ffr225fr1150fc/r2850f:JsJh|8h4h|5d6h|QhJd|4c4s|Th2s/7sAsJc:1250|-100|0|0|-1150|0:Eddie|Pluribus|Bill|MrOrange|MrBlue|MrPink
STATE:65:ffffr250r850f:TdQh|AdJc|Js4h|3c5c|Kd2s|3dKh:-250|250|0|0|0|0:Pluribus|Bill|MrOrange|MrBlue|MrPink|Eddie
STATE:66:fffff:9s4d|3hJh|7s4c|5s4h|2d8d|Jd3s:-50|50|0|0|0|0:Bill|MrOrange|MrBlue|MrPink|Eddie|Pluribus
STATE:67:fr200fr700ffc/cc/r1150c/r1870r3400f:7d3d|KsTh|Qh2s|9c9s|6s2d|KhKd/Qc6dQs/3s/8d:-50|-100|0|-1870|0|2020:MrOrange|MrBlue|MrPink|Eddie|Pluribus|Bill
STATE:68:fr225fcfc/ccc/ccc/r600ff:Jd4h|JhAs|6d2h|Qd8d|3hTd|8h8s/Qs6hAc/9h/3c:-50|500|0|-225|0|-225:MrBlue|MrPink|Eddie|Pluribus|Bill|MrOrange
STATE:69:fr225cfff/r525c/cc/cr1200c:5s6c|Qc7h|2c3h|KhAc|JdJs|4dAs/4c9d9h/9c/2s:-50|-100|0|-1200|1350|0:MrPink|Eddie|Pluribus|Bill|MrOrange|MrBlue
STATE:70:fffff:Jc4d|5s2c|Qd8s|As2d|Qh4s|3c5d:-50|50|0|0|0|0:Eddie|Pluribus|Bill|MrOrange|MrBlue|MrPink
STATE:71:fffr222fr999c/r1699c/r3199f:4dJh|JcAc|9d2s|5h4c|5c6d|TcAs/9c7s3h/Kc:-50|1749|0|0|0|-1699:Pluribus|Bill|MrOrange|MrBlue|MrPink|Eddie
STATE:72:ffr200fff:6s3h|9c5h|As5d|7d2s|QcTs|7h4d:-50|-100|0|0|150|0:Bill|MrOrange|MrBlue|MrPink|Eddie|Pluribus
STATE:73:ffr225cff/cc/cr525c/cc:2dAh|Js2c|As7c|KdTh|6s6c|6h6d/4c3h8s/Qd/Kh:-50|-100|0|0|75|75:MrOrange|MrBlue|MrPink|Eddie|Pluribus|Bill
STATE:74:fr200fr700fff:2sAs|TsKc|5h3s|7dKd|5d2h|JhJd:-50|-100|0|-200|0|350:MrBlue|MrPink|Eddie|Pluribus|Bill|MrOrange
STATE:75:fffr225fr1300f:3h4c|ThAh|Jh8c|2s8d|7c5h|9cTd:-50|275|0|0|0|-225:MrPink|Eddie|Pluribus|Bill|MrOrange|MrBlue
STATE:76:r225ffffc/cc/cr575c/cc:KdJs|Ts9h|QhKh|Kc9d|5d9s|3hQs/Tc6c7s/Jh/3c:-50|625|-575|0|0|0:Eddie|Pluribus|Bill|MrOrange|MrBlue|MrPink
STATE:77:fr225r700fffr2350c/cc/r4100f:8cAs|Th5d|KsJh|QhQc|9hAh|7h3d/Kd6hJc/7s:-50|-100|0|2500|-2350|0:Pluribus|Bill|MrOrange|MrBlue|MrPink|Eddie
STATE:78:ffr200ffc/cr335r725f:Ks4s|9s5s|3h6s|Jd7d|4h4c|8dQc/Ts2d7s:-50|385|0|0|-335|0:Bill|MrOrange|MrBlue|MrPink|Eddie|Pluribus
STATE:79:fr200ffff:2s6d|Qh3s|Js3d|AcAh|5cAs|Th8d:-50|-100|0|150|0|0:MrOrange|MrBlue|MrPink|Eddie|Pluribus|Bill
STATE:80:cfr250fcfc/ccc/ccc/r887cf:Jh9h|Ac7h|8c8h|ThJc|7s9s|6sKs/8s4d7c/Ad/2d:-887|-100|1237|0|-250|0:MrBlue|MrPink|Eddie|Pluribus|Bill|MrOrange
STATE:81:ffffcr300f:8sQh|KhTh|Qc5c|Jh2d|8dTs|4dKs:-100|100|0|0|0|0:MrPink|Eddie|Pluribus|Bill|MrOrange|MrBlue
STATE:82:r225ffffc/cr475f:Ts2d|8s4s|JdAd|4c7h|4d5c|Qs3d/2c6sKc:-50|-225|275|0|0|0:Eddie|Pluribus|Bill|MrOrange|MrBlue|MrPink
STATE:83:ffffcc/cc/r200r450c/cr750c:9hAc|Ts9d|Kh4h|Qs7c|Th8c|Jc2s/3s9c2h/5c/2c:750|-750|0|0|0|0:Pluribus|Bill|MrOrange|MrBlue|MrPink|Eddie
STATE:84:fffr225fc/cr725f:7h4c|Ad5h|KcQd|9h2d|2h8h|Ah7c/8d7s3s:-50|-225|0|0|0|275:Bill|MrOrange|MrBlue|MrPink|Eddie|Pluribus
STATE:85:fr200fffc/cc/cc/r375r825f:3h6s|5s3c|8d2h|KdTd|Qd4d|Kc7h/9hTsJh/Js/2s:-50|-375|0|425|0|0:MrOrange|MrBlue|MrPink|Eddie|Pluribus|Bill
STATE:86:ffr225fcc/ccc/ccc/cr900ff:6dAd|8c6h|Jd2s|3d5c|7dTd|Qs7s/3sKc4c/9h/9d:-225|450|0|0|-225|0:MrBlue|MrPink|Eddie|Pluribus|Bill|MrOrange
STATE:87:ffffcc/r200c/cc/r300f:9h7h|5cTh|Kh8s|3dKs|Kd5d|7cQd/As3c9d/6d/8d:200|-200|0|0|0|0:MrPink|Eddie|Pluribus|Bill|MrOrange|MrBlue
STATE:88:fffff:6c9d|9s6d|9h4h|2dAh|4d9c|2cQd:-50|50|0|0|0|0:Eddie|Pluribus|Bill|MrOrange|MrBlue|MrPink
STATE:89:fr225ffff:6dQc|7cKs|5s6s|KhJh|3sAc|5cTc:-50|-100|0|150|0|0:Pluribus|Bill|MrOrange|MrBlue|MrPink|Eddie
STATE:90:ffr200fff:9d8s|4dQc|6hQs|5dKc|8c9c|2d3h:-50|-100|0|0|150|0:Bill|MrOrange|MrBlue|MrPink|Eddie|Pluribus
STATE:91:ffffcc/r200c/cc/cr500f:9d5d|3s3h|Qs6h|9cQh|Qc4d|2hKd/Kc7cAd/7h/As:-200|200|0|0|0|0:MrOrange|MrBlue|MrPink|Eddie|Pluribus|Bill
STATE:92:ffffr300c/cc/r700c/r1750f:KsTs|5hAc|8sQd|9h4s|3cJs|6s8d/6c8c7d/Kh/Kc:700|-700|0|0|0|0:MrBlue|MrPink|Eddie|Pluribus|Bill|MrOrange
STATE:93:fr225r700ffff:5h4c|6dQd|Tc2d|7s8s|9hTh|7cAc:-50|-100|0|-225|375|0:MrPink|Eddie|Pluribus|Bill|MrOrange|MrBlue
STATE:94:ffr225fcf/r390f:6s6h|4d2s|3dJh|Qh3h|KsAs|Js8d/8c7d9d:325|-100|0|0|-225|0:Eddie|Pluribus|Bill|MrOrange|MrBlue|MrPink
STATE:95:ffffr250c/cc/r500c/r1000f:9hTc|2s6s|Qs4c|4s2c|2d7c|Th3s/Js8d5s/Qh/6d:500|-500|0|0|0|0:Pluribus|Bill|MrOrange|MrBlue|MrPink|Eddie
STATE:96:r225fffff:Kd9s|7d4h|QhAh|9d6d|6hQs|9c4s:-50|-100|150|0|0|0:Bill|MrOrange|MrBlue|MrPink|Eddie|Pluribus
STATE:97:ffffcc/r200f:TcKs|Kh5d|4s6s|8d9s|4dJh|Kd4h/Th2d4c:100|-100|0|0|0|0:MrOrange|MrBlue|MrPink|Eddie|Pluribus|Bill
STATE:98:fr225fffc/cc/r350c/r850c:3c2s|QdJh|8cJd|9c9h|Kd9d|TdQh/4h6h7c/8d/6c:-50|-850|0|900|0|0:MrBlue|MrPink|Eddie|Pluribus|Bill|MrOrange
STATE:99:fffff:9d5s|4d6h|5dAh|9hJc|Ac6d|Qd8h:-50|50|0|0|0|0:MrPink|Eddie|Pluribus|Bill|MrOrange|MrBlue
STATE:100:r225fffff:5c7d|5h7c|QsJs|Qh3s|Qd9c|2sQc:-50|-100|150|0|0|0:Eddie|Pluribus|Bill|MrOrange|MrBlue|MrPink
STATE:101:ffr210ffc/cr360f:Qs7d|5cQc|5s3d|2h4h|AhJc|6c8d/2s4dJd:-50|-210|0|0|260|0:Pluribus|Bill|MrOrange|MrBlue|MrPink|Eddie
STATE:102:fr210ffr850fc/r1450f:6s6h|2hAd|3cTd|QsKs|4sQc|9d8c/4d7h2c:950|-100|0|-850|0|0:Bill|MrOrange|MrBlue|MrPink|Eddie|Pluribus
STATE:103:fffr250fr1050f:Ts5h|9hTh|2dAc|9d3c|4h2c|9cQd:-50|300|0|0|0|-250:MrOrange|MrBlue|MrPink|Eddie|Pluribus|Bill
STATE:104:fffr244ff:7s8h|Kh4c|4d2h|7cJd|Td4s|6s6h:-50|-100|0|0|0|150:MrBlue|MrPink|Eddie|Pluribus|Bill|MrOrange
STATE:105:fffff:3h9c|4hQd|2h6s|Kd2c|4sKc|2d7d:-50|50|0|0|0|0:MrPink|Eddie|Pluribus|Bill|MrOrange|MrBlue
STATE:106:fr200r725ffff:3dQs|6h8c|2sJc|Ts9h|ThKh|Ks3s:-50|-100|0|-200|350|0:Eddie|Pluribus|Bill|MrOrange|MrBlue|MrPink
STATE:107:ffffr250f:9cKd|4h8c|7d3d|5sKs|Ad3s|8hJd:100|-100|0|0|0|0:Pluribus|Bill|MrOrange|MrBlue|MrPink|Eddie
STATE:108:ffr200ffc/cr530c/cr1410f:6h2d|8s9h|Js8c|4d3c|AcJd|4c5d/8hAh6c/Qc:-50|-530|0|0|580|0:Bill|MrOrange|MrBlue|MrPink|Eddie|Pluribus
STATE:109:r210fcfff/cc/cr352c/cc:9c5s|3c8h|QdAc|7hAh|JsAs|5c7s/Kd4h6s/4d/2d:-50|-100|502|0|-352|0:MrOrange|MrBlue|MrPink|Eddie|Pluribus|Bill
STATE:110:r200fffcc/ccr560fr1220c/r3860f:AsJs|QdTc|QhAd|Td9d|5hJh|7d3d/4sQc5c/8d:-200|1420|-1220|0|0|0:MrBlue|MrPink|Eddie|Pluribus|Bill|MrOrange
STATE:111:fr225fffc/cr525c/cr2175c/cr10000c:QdJc|QcKd|JdTs|2d2c|Ks8h|2h3d/Tc2sJh/4c/Td:-50|-10000|0|10050|0|0:MrPink|Eddie|Pluribus|Bill|MrOrange|MrBlue
STATE:112:r225r700ffffc/cr1275r2225f:9h6d|TcKc|JdJc|AsKd|2hQh|2s6h/9c3c3h:-50|-100|1425|-1275|0|0:Eddie|Pluribus|Bill|MrOrange|MrBlue|MrPink
STATE:113:fffr222ff:Th4d|4h3s|5h3c|Ad2c|7c4s|Jd9c:-50|-100|0|0|0|150:Pluribus|Bill|MrOrange|MrBlue|MrPink|Eddie
STATE:114:r225fcfff/cr375c/cc/cc:Th8s|4h8d|AhKs|Js4d|4s4c|8hAd/6c5h7d/Td/7s:-50|-100|-375|0|525|0:Bill|MrOrange|MrBlue|MrPink|Eddie|Pluribus
STATE:115:ffffcc/r200c/r475f:QcKh|9d5h|2dAs|Jd4d|Qs9h|4sTd/3cQh5c/Ac:200|-200|0|0|0|0:MrOrange|MrBlue|MrPink|Eddie|Pluribus|Bill
STATE:116:r200fffff:8dTh|Ks3d|AcTc|3c4h|4d9d|8s6c:-50|-100|150|0|0|0:MrBlue|MrPink|Eddie|Pluribus|Bill|MrOrange
STATE:117:fr225fffc/cr475f:9d2h|AhTc|3s6s|8sTs|Ac8h|Td4c/Kc7d2d:-50|-225|0|275|0|0:MrPink|Eddie|Pluribus|Bill|MrOrange|MrBlue
STATE:118:r225ffccc/ccr675cff/r1875c/r4675c:Ts9s|JcTd|2hAh|3s3c|7h5c|8h9h/JhKd3h/6h/5h:-225|-225|5125|0|0|-4675:Eddie|Pluribus|Bill|MrOrange|MrBlue|MrPink
STATE:119:ffr210fcf/cc/r470r990c/cr10000c:9sQs|5h2c|Qh2s|ThJd|Ac9c|8sJh/4d9d3s/9h/As:-10000|-100|0|0|10100|0:Pluribus|Bill|MrOrange|MrBlue|MrPink|Eddie
STATE:120:ffr200fff:Js6s|2c3s|8d4s|7d3h|TsAd|9c7c:-50|-100|0|0|150|0:Bill|MrOrange|MrBlue|MrPink|Eddie|Pluribus
STATE:121:fffr250fc/cc/cr525f:Td4c|Ad2h|3s5d|3d6c|Tc8s|QdAs/9h8c2c/9c:-50|-250|0|0|0|300:MrOrange|MrBlue|MrPink|Eddie|Pluribus|Bill
STATE:122:r200ffffc/cr605f:5s9d|5h3h|JcJs|Ad8h|2c7d|7c9h/7s2sTd:-50|-200|250|0|0|0:MrBlue|MrPink|Eddie|Pluribus|Bill|MrOrange
STATE:123:fffff:4s5h|3cJc|3h9c|Td6s|7dTs|4cKd:-50|50|0|0|0|0:MrPink|Eddie|Pluribus|Bill|MrOrange|MrBlue
STATE:124:fr205fffc/cr355c/r1495c/r7575f:6dKc|Ah5d|7d9d|As4s|7c4c|8s2d/Qs2c5c/5h/2s:-50|1545|0|-1495|0|0:Eddie|Pluribus|Bill|MrOrange|MrBlue|MrPink
STATE:125:r200fffff:6d9d|Qc5h|4s4d|3sTh|3cKs|5sJc:-50|-100|150|0|0|0:Pluribus|Bill|MrOrange|MrBlue|MrPink|Eddie
STATE:126:fr210ffff:5dTh|6s8h|Qs7h|JsJh|2hJd|3c6h:-50|-100|0|150|0|0:Bill|MrOrange|MrBlue|MrPink|Eddie|Pluribus
STATE:127:ffr200ffc/cr425f:Qs3c|AhJs|Kd2c|8s6h|6dAd|5d8d/2s6s7c:-50|-200|0|0|250|0:MrOrange|MrBlue|MrPink|Eddie|Pluribus|Bill
STATE:128:fr250ffff:5c7d|2cTs|4hTc|JcQh|7sAc|7c6d:-50|-100|0|150|0|0:MrBlue|MrPink|Eddie|Pluribus|Bill|MrOrange
STATE:129:ffffcc/r200r400f:5h2h|9hQc|Jc4s|8d4h|4dJh|2dKh/TsJdKd:-200|200|0|0|0|0:MrPink|Eddie|Pluribus|Bill|MrOrange|MrBlue
STATE:130:fffr250r1150fc/r1870f:AdKh|Jd2d|Tc9d|3dKs|4cJc|7s9s/3c6dKd:1250|-100|0|0|0|-1150:Eddie|Pluribus|Bill|MrOrange|MrBlue|MrPink
STATE:131:fr225ffff:6dAc|6c4s|Qc7d|Ad8d|Qh3s|2c5s:-50|-100|0|150|0|0:Pluribus|Bill|MrOrange|MrBlue|MrPink|Eddie
STATE:132:fffff:3d4s|7s3s|6sKc|2hAs|4cTs|Qs6c:-50|50|0|0|0|0:Bill|MrOrange|MrBlue|MrPink|Eddie|Pluribus
STATE:133:ffffcr350c/cr850f:7cQc|AsKh|3sQd|Qh8s|2c4s|Qs2d/Kc5s8h:-350|350|0|0|0|0:MrOrange|MrBlue|MrPink|Eddie|Pluribus|Bill
STATE:134:ffffcr300f:3c2c|JcKd|6s9d|QhTc|2h4d|8s7h:-100|100|0|0|0|0:MrBlue|MrPink|Eddie|Pluribus|Bill|MrOrange
STATE:135:r200fr700fffc/cc/cc/cr2050f:2hAc|8c4s|7c6c|2dJc|KhKs|3dJs/Ad5sTc/Jd/Qc:-50|-100|-700|0|850|0:MrPink|Eddie|Pluribus|Bill|MrOrange|MrBlue
STATE:136:ffr225fff:3h9c|8dTc|3c9d|Td9s|QdJd|Kc5s:-50|-100|0|0|150|0:Eddie|Pluribus|Bill|MrOrange|MrBlue|MrPink
STATE:137:ffffr200r750c/cr1750r3500c/cc/cc:TsTd|JcJd|3c7h|5d2s|5sQc|7s9c/9sTc8s/Kc/9d:3500|-3500|0|0|0|0:Pluribus|Bill|MrOrange|MrBlue|MrPink|Eddie
STATE:138:fffr225r925fc/cr1900c/cc/r4500f:QcKd|Js7d|4sQs|9hKs|Jh3d|9dJd/Qd4c2c/7s/2s:2000|-100|0|0|0|-1900:Bill|MrOrange|MrBlue|MrPink|Eddie|Pluribus
STATE:139:ffr225cff/cc/r525r1425f:5dKs|Qs4c|Jd6s|4dJs|9cJc|Ah6h/TdTh8h/Kh:-50|-100|0|0|-525|675:MrOrange|MrBlue|MrPink|Eddie|Pluribus|Bill
STATE:140:r200fffff:Jc5h|5s3d|TsTh|2dKh|Qh6s|9s3c:-50|-100|150|0|0|0:MrBlue|MrPink|Eddie|Pluribus|Bill|MrOrange
STATE:141:ffffcc/r200c/cc/cr400f:4cKh|Jd6c|2cQh|Jh5c|6s5d|Td2d/8h3hAc/8d/Js:-200|200|0|0|0|0:MrPink|Eddie|Pluribus|Bill|MrOrange|MrBlue
STATE:142:r225ffr700ffr1875r10000c///:Js2d|Th4h|AsKd|Ac5d|Ah9c|KsKh/3cJh7s/Qs/Tc:-50|-100|10150|0|0|-10000:Eddie|Pluribus|Bill|MrOrange|MrBlue|MrPink
STATE:143:fffr222fc/cc/cc/cr472f:Kd6s|KhQc|9h4h|Qs8h|4d9c|Qh9d/9sTh5h/5c/4c:-50|-222|0|0|0|272:Pluribus|Bill|MrOrange|MrBlue|MrPink|Eddie
STATE:144:ffr200cfc/ccr525fc/cc/cc:5c3h|Ks2s|Ac7h|2h3c|KhKc|8s8c/6hAdJs/Th/2d:-50|-200|0|0|775|-525:Bill|MrOrange|MrBlue|MrPink|Eddie|Pluribus
STATE:145:fffr250fc/cc/r465c/r1200c:9d2h|7s8c|Js8h|8dAc|2s6h|Kc4c/TsJc2d/4d/3s:-50|-1200|0|0|0|1250:MrOrange|MrBlue|MrPink|Eddie|Pluribus|Bill
STATE:146:fr200ffff:5h2s|9d3s|6dJc|JdTs|Kc4h|Tc4c:-50|-100|0|150|0|0:MrBlue|MrPink|Eddie|Pluribus|Bill|MrOrange
STATE:147:ffr215fr1000fc/r1650c/cr3205f:6cKc|Qc6s|9h6h|3hTd|QhAc|9sKd/Jc5hQd/7d:-1650|-100|0|0|1750|0:MrPink|Eddie|Pluribus|Bill|MrOrange|MrBlue
STATE:148:ffr225fr1150fr2500f:AsQc|Qh6s|Ks2d|8cJc|Ah5h|7sKd:-1150|-100|0|0|1250|0:Eddie|Pluribus|Bill|MrOrange|MrBlue|MrPink
STATE:149:ffffr200c/r400f:Qh4h|Jh7c|Kh2h|9s5h|7dAc|3sJd/2s6d6s:200|-200|0|0|0|0:Pluribus|Bill|MrOrange|MrBlue|MrPink|Eddie
STATE:150:ffffcc/cr300c/cr750c/cc:Ac8c|2h6d|6cKh|Ad4s|Th2d|6h3h/7d5h3c/As/Ah:750|-750|0|0|0|0:Bill|MrOrange|MrBlue|MrPink|Eddie|Pluribus
STATE:151:ffr225ffc/cr725f:9c4s|KsJs|8h9d|7cAs|TcQd|Qc6s/8dQh4h:-50|-225|0|0|275|0:MrOrange|MrBlue|MrPink|Eddie|Pluribus|Bill
STATE:152:ffffr300f:TdTs|Qh3d|5dKs|Js9d|4dAs|8c2s:100|-100|0|0|0|0:MrBlue|MrPink|Eddie|Pluribus|Bill|MrOrange
STATE:153:ffffcr300c/cr450c/cr2050c/cr10000c:Ac5d|Jc9d|9cTs|6h4c|Ah8c|3c4s/5c7dQd/2s/8d:10000|-10000|0|0|0|0:MrPink|Eddie|Pluribus|Bill|MrOrange|MrBlue
STATE:154:ffr225ffc/cr475f:8s6h|9cAc|ThJs|3sAh|6c6d|2s7h/5hKcKh:-50|-225|0|0|275|0:Eddie|Pluribus|Bill|MrOrange|MrBlue|MrPink
STATE:155:fffr222ff:Jc4s|2h7d|QsJd|5cTh|2d9c|Kc7c:-50|-100|0|0|0|150:Pluribus|Bill|MrOrange|MrBlue|MrPink|Eddie
STATE:156:ffffcc/r300c/r1200f:Qd4h|Qc9s|4d2h|6dTc|Jd5d|2cKh/AhJcKd/6s:300|-300|0|0|0|0:Bill|MrOrange|MrBlue|MrPink|Eddie|Pluribus
STATE:157:fffr250fr1050f:2s6h|KhAc|As4c|Qd9h|Kc9d|5sKs:-50|300|0|0|0|-250:MrOrange|MrBlue|MrPink|Eddie|Pluribus|Bill
STATE:158:fr200ffcf/cc/cc/cc:6d6c|8hQc|7c8d|9h9s|3d6h|9d2s/Qs5sKs/Td/3h:-200|-100|0|300|0|0:MrBlue|MrPink|Eddie|Pluribus|Bill|MrOrange
STATE:159:ffr215ffc/cc/r455c/cc:Ts2d|9s2s|TdQc|8cKd|KsQd|Jd4c/7d5h8d/9d/Th:-50|505|0|0|-455|0:MrPink|Eddie|Pluribus|Bill|MrOrange|MrBlue
STATE:160:r225ffcfr859fc/r1357c/r3598f:Ts9h|QhAh|3sAs|Jh4d|KhJc|9d8d/KsKdQd/Ac:-50|1632|-225|0|0|-1357:Eddie|Pluribus|Bill|MrOrange|MrBlue|MrPink
STATE:161:fr225ffff:3d4c|8d7h|8cQs|AcJs|8sKd|2dTd:-50|-100|0|150|0|0:Pluribus|Bill|MrOrange|MrBlue|MrPink|Eddie
STATE:162:r225fffff:TcKc|9h5s|Ad7d|Kd4h|Td7s|5cTs:-50|-100|150|0|0|0:Bill|MrOrange|MrBlue|MrPink|Eddie|Pluribus
STATE:163:r210fffff:9s3c|2c8h|KcQs|6cJh|7dJs|6h5c:-50|-100|150|0|0|0:MrOrange|MrBlue|MrPink|Eddie|Pluribus|Bill
STATE:164:fffff:4cQd|3s3c|8sQh|6sTd|5s7c|8dJh:-50|50|0|0|0|0:MrBlue|MrPink|Eddie|Pluribus|Bill|MrOrange
STATE:165:fffr225fc/cr475f:Ks5h|Qs7s|5d9h|4h6s|Js7h|4c8c/9dAc4d:-50|-225|0|0|0|275:MrPink|Eddie|Pluribus|Bill|MrOrange|MrBlue
STATE:166:fffr250r1150ff:AcQd|Ad2d|Jc3s|6c4s|6hJh|Qs9c:350|-100|0|0|0|-250:Eddie|Pluribus|Bill|MrOrange|MrBlue|MrPink
