STATE:67:ffffr300r900c/cr2150c/cc/cc:9sTs|JcTc|Ad8c|3d8h|Qh2s|9d2h/9h4h7s/Js/3h:-2150|2150|0|0|0|0:MrBlonde|MrWhite|MrPink|MrOrange|Pluribus|MrBlue
STATE:68:ffffr300c/r600c/cc/cr1300f:9h8d|5hAs|4hKh|3hKd|3s8h|3cQd/2dAc2s/3d/Ks:-600|600|0|0|0|0:MrWhite|MrPink|MrOrange|Pluribus|MrBlue|MrBlonde
STATE:69:ffffr300c/r450c/r1450c/cc:TcJc|9cAc|9s5d|4c6s|4s7s|9h2h/Ad2c4d/Qc/3h:-1450|1450|0|0|0|0:MrPink|MrOrange|Pluribus|MrBlue|MrBlonde|MrWhite
STATE:70:fffr250fc/cc/cc/r1075c:5hKd|TdJc|8cJd|6d9s|Ts4s|8h7h/9c7cJh/3s/7s:-50|-1075|0|0|0|1125:MrOrange|Pluribus|MrBlue|MrBlonde|MrWhite|MrPink
STATE:71:fffr200ff:5s7d|9h3s|7c3d|2dQh|9c5h|QdQs:-50|-100|0|0|0|150:Pluribus|MrBlue|MrBlonde|MrWhite|MrPink|MrOrange
STATE:72:fffr225r950ff:7d6d|8s8d|9d7s|Kc2d|9sQh|4dKd:325|-100|0|0|0|-225:MrBlue|MrBlonde|MrWhite|MrPink|MrOrange|Pluribus
STATE:73:fr200r681fffc/cr1437c/cc/cr3705c:AsJc|Ks7s|4hTh|9c9s|JhQh|3s9h/3dKc2d/5h/5c:-50|-100|0|3855|-3705|0:MrBlonde|MrWhite|MrPink|MrOrange|Pluribus|MrBlue
STATE:74:ffffr250c/cc/cc/cr750f:JhAd|Qs3s|Kc5d|6c9h|8h9c|Jd2h/7h4c3d/Td/Qc:-250|250|0|0|0|0:MrWhite|MrPink|MrOrange|Pluribus|MrBlue|MrBlonde
STATE:75:ffffr300c/cr700f:2d2c|Js5s|3s6s|4cJh|7dKh|5dQc/6h4d7h:-300|300|0|0|0|0:MrPink|MrOrange|Pluribus|MrBlue|MrBlonde|MrWhite
STATE:76:fr250ffr1050ff:Ad2d|9hAc|2s3d|Ah3h|4c9s|5hTs:350|-100|0|-250|0|0:MrOrange|Pluribus|MrBlue|MrBlonde|MrWhite|MrPink
STATE:77:fffr200ff:2h6s|Td4c|5sJd|Kh9c|Ts3s|As4s:-50|-100|0|0|0|150:Pluribus|MrBlue|MrBlonde|MrWhite|MrPink|MrOrange
STATE:78:r225fffcf/cc/cr637f:8sAs|6cTc|ThKh|3c7s|6h7c|2cTs/Ks7hJc/5h:-225|-100|325|0|0|0:MrBlue|MrBlonde|MrWhite|MrPink|MrOrange|Pluribus
STATE:79:fr200ffcc/ccc/cr600ff:7h7c|6sKh|9sJh|KcTc|3h3s|Qc9c/5c5hQh/9h:-200|400|0|-200|0|0:MrBlonde|MrWhite|MrPink|MrOrange|Pluribus|MrBlue
STATE:80:fr250ffff:8sAc|Tc2h|4sKc|7c6c|2c5d|As5s:-50|-100|0|150|0|0:MrWhite|MrPink|MrOrange|Pluribus|MrBlue|MrBlonde
STATE:81:ffr250fr1050ff:Ac5c|8sAd|4s3s|Js9c|Ah8h|4c7c:350|-100|0|0|-250|0:MrPink|MrOrange|Pluribus|MrBlue|MrBlonde|MrWhite
STATE:82:fffr250r1150ff:2dAd|8c4c|6s5h|2h3d|Qh7d|5dQd:350|-100|0|0|0|-250:MrOrange|Pluribus|MrBlue|MrBlonde|MrWhite|MrPink
STATE:83:ffffr200c/cc/r400c/r800f:9s9d|Jc4c|3h5d|Kd2d|Kh2h|5hQc/8d6c5c/Qd/Ks:400|-400|0|0|0|0:Pluribus|MrBlue|MrBlonde|MrWhite|MrPink|MrOrange
STATE:84:ffr200fcc/ccc/cr600ff:TcJh|8cAs|Kd7s|ThQs|9d9s|2s5h/Ad2cKc/3d:-200|400|0|0|-200|0:MrBlue|MrBlonde|MrWhite|MrPink|MrOrange|Pluribus
STATE:85:fffr225ff:5d2d|Qd6h|2h3d|6cAd|Ah6d|8hQh:-50|-100|0|0|0|150:MrBlonde|MrWhite|MrPink|MrOrange|Pluribus|MrBlue
STATE:86:fr287ffff:9c3h|3sAh|4s7s|ThJs|2h8d|7cJd:-50|-100|0|150|0|0:MrWhite|MrPink|MrOrange|Pluribus|MrBlue|MrBlonde
STATE:87:fr225ffr1050fc/cr1900r10000f:KsKd|6cKc|JcQd|5h5d|2h8d|6s3d/7hTs9h:2000|-100|0|-1900|0|0:MrPink|MrOrange|Pluribus|MrBlue|MrBlonde|MrWhite
STATE:88:fffr250ff:4d8s|3cQs|9d7h|9cTs|3d5s|Qd8d:-50|-100|0|0|0|150:MrOrange|Pluribus|MrBlue|MrBlonde|MrWhite|MrPink
STATE:89:ffr210cfr1310fc/r3470c/r10000c/:3cJd|AcAd|ThQc|7s4h|9dAs|TsJs/6h5sJh/5d/2c:-50|10260|0|0|-210|-10000:Pluribus|MrBlue|MrBlonde|MrWhite|MrPink|MrOrange
STATE:90:fffr225cr1200ff:QcKh|TdAc|6dQs|Jh4h|8sTc|9sJd:-225|450|0|0|0|-225:MrBlue|MrBlonde|MrWhite|MrPink|MrOrange|Pluribus
STATE:91:ffr250fr1100r1950ff:Th9h|As5s|3s8c|Kh5c|8dTd|4s5d:-1100|1350|0|0|-250|0:MrBlonde|MrWhite|MrPink|MrOrange|Pluribus|MrBlue
STATE:92:fr225r675fffc/cr1300r4050f:2c5c|Ad5s|8h3c|4s4c|AsQh|Td2s/7cKc4h:-50|-100|0|1450|-1300|0:MrWhite|MrPink|MrOrange|Pluribus|MrBlue|MrBlonde
STATE:93:fffr225cf/cc/cc/cc:9cQc|4hJs|8s5c|Ad9h|Kd5s|9sTs/TdQd3h/5d/Jd:325|-100|0|0|0|-225:MrPink|MrOrange|Pluribus|MrBlue|MrBlonde|MrWhite
STATE:94:fr250fffc/cr550f:ThKd|6s4s|Tc5c|AcJh|2sJd|7sQc/Ad8c9d:-50|-250|0|300|0|0:MrOrange|Pluribus|MrBlue|MrBlonde|MrWhite|MrPink
STATE:95:r250ffffc/cc/cr650f:3s8d|8cKh|9hQh|7d9d|2s3h|5sAc/ThQs7c/4d:-50|-250|300|0|0|0:Pluribus|MrBlue|MrBlonde|MrWhite|MrPink|MrOrange
STATE:96:ffr200fff:6c8d|3hKs|Ah2d|2c4h|JsAc|9cAs:-50|-100|0|0|150|0:MrBlue|MrBlonde|MrWhite|MrPink|MrOrange|Pluribus
STATE:97:r210r800fffff:9d5s|9c6d|TdKd|JdAc|3d4s|7d2s:-50|-100|-210|360|0|0:MrBlonde|MrWhite|MrPink|MrOrange|Pluribus|MrBlue
STATE:98:r200fcfff/cc/cc/cc:Jd7d|2d6h|JsQs|ThAs|AcQc|Ad2s/3s2h5c/5h/6s:-50|-100|-200|0|350|0:MrWhite|MrPink|MrOrange|Pluribus|MrBlue|MrBlonde
STATE:99:r225ffffc/cr725f:3h9s|Kc8c|JhAs|Kd7c|Qh4c|Jc6h/7s5dTd:-50|-225|275|0|0|0:MrPink|MrOrange|Pluribus|MrBlue|MrBlonde|MrWhite
STATE:100:ffr225ffr1225f:Tc9d|QcQd|2s5h|Ad9h|8dTd|Ts4c:-50|275|0|0|-225|0:MrOrange|Pluribus|MrBlue|MrBlonde|MrWhite|MrPink
STATE:101:fr225fr750fff:5d2h|2sTs|4s8c|9sJs|4c7h|AsKc:-50|-100|0|-225|0|375:Pluribus|MrBlue|MrBlonde|MrWhite|MrPink|MrOrange
STATE:102:fffff:2cJs|9d2s|2d7c|5cQd|7sJd|2hKc:-50|50|0|0|0|0:MrBlue|MrBlonde|MrWhite|MrPink|MrOrange|Pluribus
STATE:103:fr200fffc/cc/cr450c/cc:5d9d|QsTd|2cJs|JdJh|Th4c|8c6d/Ah5c8s/Ts/Qd:-50|500|0|-450|0|0:MrBlonde|MrWhite|MrPink|MrOrange|Pluribus|MrBlue
STATE:104:fffff:6s5c|7c8s|Jc5d|4cQc|3h7h|6d9c:-50|50|0|0|0|0:MrWhite|MrPink|MrOrange|Pluribus|MrBlue|MrBlonde
STATE:105:ffffcc/r200f:Kh4s|Ah4d|3s3c|2hTs|8dJd|4cTd/7hKs8c:100|-100|0|0|0|0:MrPink|MrOrange|Pluribus|MrBlue|MrBlonde|MrWhite
STATE:106:ffr225r700fff:6dQs|4dJs|Jh6c|Jc3c|TcQc|8dAd:-50|-100|0|0|-225|375:MrOrange|Pluribus|MrBlue|MrBlonde|MrWhite|MrPink
STATE:107:fffff:2dJs|8dAh|QcTs|3d5h|Ac4s|4d5s:-50|50|0|0|0|0:Pluribus|MrBlue|MrBlonde|MrWhite|MrPink|MrOrange
STATE:108:fffr200fc/cr1100f:Ks6c|9c6h|Qd2c|4sJd|5hAc|5d8d/KhAs6d:-50|-200|0|0|0|250:MrBlue|MrBlonde|MrWhite|MrPink|MrOrange|Pluribus
STATE:109:fffr225fc/cc/cr600r1775f:2dTh|8c7d|Kd4c|4sKs|2cAh|KcQs/9dTc6h/5h:-50|650|0|0|0|-600:MrBlonde|MrWhite|MrPink|MrOrange|Pluribus|MrBlue
STATE:110:fffff:Kd6h|5h8s|4sTh|KhTd|7d3s|5dQs:-50|50|0|0|0|0:MrWhite|MrPink|MrOrange|Pluribus|MrBlue|MrBlonde
STATE:111:fffr225ff:4dKh|Td3c|9dJh|7d6s|7h6c|QhTh:-50|-100|0|0|0|150:MrPink|MrOrange|Pluribus|MrBlue|MrBlonde|MrWhite
STATE:112:fffr250ff:Ks8s|3s7h|2d9s|Qd6c|7d6s|JhKd:-50|-100|0|0|0|150:MrOrange|Pluribus|MrBlue|MrBlonde|MrWhite|MrPink
STATE:113:fffff:4c9s|8dJs|6cKc|Kd6h|3s8c|6d9c:-50|50|0|0|0|0:Pluribus|MrBlue|MrBlonde|MrWhite|MrPink|MrOrange
STATE:114:ffr200fcc/ccr650fr1825c/r3650c/cr10000f:6h6s|TdKh|As2h|4h9c|JsJc|TcQs/7hJhTs/8s/7s:-200|-3650|0|0|3850|0:MrBlue|MrBlonde|MrWhite|MrPink|MrOrange|Pluribus
STATE:115:fffr225fc/cc/r600c/r1850f:9d2c|8sTc|2sKh|5cQc|9h4c|5h6s/9s5s7s/Qh/Ac:-50|650|0|0|0|-600:MrBlonde|MrWhite|MrPink|MrOrange|Pluribus|MrBlue
STATE:116:ffffr300c/cc/cc/cc:8dTs|2d2c|9hQc|QsTc|7s3d|2hAs/Th5hJc/5c/6h:300|-300|0|0|0|0:MrWhite|MrPink|MrOrange|Pluribus|MrBlue|MrBlonde
STATE:117:fffr225ff:Ah5s|2h4c|8s5h|5c8d|Kd2d|TdJd:-50|-100|0|0|0|150:MrPink|MrOrange|Pluribus|MrBlue|MrBlonde|MrWhite
STATE:118:fffr250r1150ff:3hAh|7sKd|JcTs|Js4d|3s5s|Ad5c:350|-100|0|0|0|-250:MrOrange|Pluribus|MrBlue|MrBlonde|MrWhite|MrPink
STATE:119:ffr210fcc/ccc/ccc/cr460ff:8c9c|JcKh|3dTc|4hQd|ThKs|5hAs/Ad7dQh/3h/Ts:-210|420|0|0|-210|0:Pluribus|MrBlue|MrBlonde|MrWhite|MrPink|MrOrange
STATE:120:fr210fr612ffr1910c/r2890f:2sQc|8h8c|Kd7h|KsQh|3c6h|5c6c/As4hJh:-50|-100|0|2060|0|-1910:MrBlue|MrBlonde|MrWhite|MrPink|MrOrange|Pluribus
STATE:121:fffr225ff:5d4h|5c8d|6h7c|Kh4c|Th3d|Qs8h:-50|-100|0|0|0|150:MrBlonde|MrWhite|MrPink|MrOrange|Pluribus|MrBlue
STATE:122:ffr225ffc/cr600f:Qh5c|JdAc|6cJh|6d3h|8sAs|Ts2c/2s9h5s:-50|-225|0|0|275|0:MrWhite|MrPink|MrOrange|Pluribus|MrBlue|MrBlonde
STATE:123:ffr250r575fr1850r10000ff:Ks9d|TcAs|8d9s|7c8s|KhAh|4s5s:-50|-1850|0|0|2475|-575:MrPink|MrOrange|Pluribus|MrBlue|MrBlonde|MrWhite
STATE:124:r225ffr700fr2096ff:4dKd|KcKs|AsQs|2s9s|Ad2c|JhKh:-50|975|-225|0|0|-700:MrOrange|Pluribus|MrBlue|MrBlonde|MrWhite|MrPink
STATE:125:ffr210fff:9sQd|5cTh|QcJs|Jc8d|TsJh|3h2d:-50|-100|0|0|150|0:Pluribus|MrBlue|MrBlonde|MrWhite|MrPink|MrOrange
STATE:126:ffr200fcf/cr500c/cc/cr1385f:QcJs|4cJd|Ts2d|3h7s|AdJh|8c4s/TdQhAh/8d/5s:-500|-100|0|0|600|0:MrBlue|MrBlonde|MrWhite|MrPink|MrOrange|Pluribus
STATE:127:fffr225fc/cr475c/cc/r1975f:Qs5s|KdQc|Ad5h|KhTd|8sTc|6s6d/Ts5d3h/Ks/Qh:-50|525|0|0|0|-475:MrBlonde|MrWhite|MrPink|MrOrange|Pluribus|MrBlue
STATE:128:ffr225ffc/cr425f:5sKh|KdTh|7d5h|JcTd|QsAh|3d6d/4hAd9h:-50|-225|0|0|275|0:MrWhite|MrPink|MrOrange|Pluribus|MrBlue|MrBlonde
STATE:129:ffffcc/r200f:8s7d|5dQh|4c5h|9hQc|Kh3s|3c5c/Ah9s7c:100|-100|0|0|0|0:MrPink|MrOrange|Pluribus|MrBlue|MrBlonde|MrWhite
STATE:130:fr250ffr1150fc/cc/cr2530f:KdAc|5s4d|4s3d|7h7s|Qc2h|3sKh/5c8c6s/8h:-1150|-100|0|1250|0|0:MrOrange|Pluribus|MrBlue|MrBlonde|MrWhite|MrPink
STATE:131:r250fffcr1300cf/r2425c/cc/cc:4h4s|QdQh|QsQc|Kd5s|7c2c|6sJh/9sAcTc/As/5h:-250|125|125|0|0|0:Pluribus|MrBlue|MrBlonde|MrWhite|MrPink|MrOrange
STATE:132:fffr225fc/cr1225f:6s4c|9h7d|As2c|6dQd|8c5h|4sQs/KdJc4h:-50|-225|0|0|0|275:MrBlue|MrBlonde|MrWhite|MrPink|MrOrange|Pluribus
STATE:133:ffffr300c/r550f:KsTh|4cQc|3dKh|Qh7c|Jc6d|Kc5d/2dAdAs:300|-300|0|0|0|0:MrBlonde|MrWhite|MrPink|MrOrange|Pluribus|MrBlue
STATE:134:fffr250fc/cc/cr400c/cc:Kc2s|Js6s|2h7h|9cQh|9s6c|8hKs/AdJhJc/As/Tc:-50|450|0|0|0|-400:MrWhite|MrPink|MrOrange|Pluribus|MrBlue|MrBlonde
STATE:135:fffr225fc/cc/r425f:2c7d|Jd8d|Kd7h|Qc2h|Qd5c|2dAd/9h4d8c/4s:-50|275|0|0|0|-225:MrPink|MrOrange|Pluribus|MrBlue|MrBlonde|MrWhite
STATE:136:fffff:Kh8d|Ks2s|Js5s|4sTd|6c3c|6h8s:-50|50|0|0|0|0:MrOrange|Pluribus|MrBlue|MrBlonde|MrWhite|MrPink
STATE:137:ffr210fff:5d8c|5cTh|Kh8s|4h6s|QdJs|9hKs:-50|-100|0|0|150|0:Pluribus|MrBlue|MrBlonde|MrWhite|MrPink|MrOrange
STATE:138:fffr200fr1050c/cr2125c/cr4275c/cr10000f:As7d|7h9h|2c3d|4cQd|4s3s|QcJc/7s2s8c/4h/Td:-50|-4275|0|0|0|4325:MrBlue|MrBlonde|MrWhite|MrPink|MrOrange|Pluribus
STATE:139:fffff:Kh4d|7s8d|Ah7d|Td4s|4cAd|Kd9h:-50|50|0|0|0|0:MrBlonde|MrWhite|MrPink|MrOrange|Pluribus|MrBlue
STATE:140:fffr250ff:Qh8c|Ks4c|2dQs|8s2c|7d9s|AsKc:-50|-100|0|0|0|150:MrWhite|MrPink|MrOrange|Pluribus|MrBlue|MrBlonde
STATE:141:ffffcc/r200c/cc/cc:KsTc|8dKc|7h3h|JcTd|Qs8h|6dTs/Qh2s4d/Ac/4c:0|0|0|0|0|0:MrPink|MrOrange|Pluribus|MrBlue|MrBlonde|MrWhite
STATE:142:ffr225fff:5c2c|Td6s|3h7s|Kc7h|AhJh|7dAc:-50|-100|0|0|150|0:MrOrange|Pluribus|MrBlue|MrBlonde|MrWhite|MrPink
STATE:143:fr225ffff:7hJc|Ks6c|Tc4c|QhQs|8h9c|4dKd:-50|-100|0|150|0|0:Pluribus|MrBlue|MrBlonde|MrWhite|MrPink|MrOrange
STATE:144:ffffcc/cc/cc/cc:7sJh|Jc6h|7h9c|2s4h|3d4d|3hKs/As8d3c/3s/Kc:0|0|0|0|0|0:MrBlue|MrBlonde|MrWhite|MrPink|MrOrange|Pluribus
STATE:145:r210ffffc/cc/r680f:Kc9h|8sJs|5c5s|7s8d|Ac4h|7hAh/6sTdQd/3h:-50|260|-210|0|0|0:MrBlonde|MrWhite|MrPink|MrOrange|Pluribus|MrBlue
STATE:146:fffff:5d8d|5hTc|8s2s|8hJs|Jc3s|3dAs:-50|50|0|0|0|0:MrWhite|MrPink|MrOrange|Pluribus|MrBlue|MrBlonde
STATE:147:ffr250fff:3h6d|7cJh|Th5d|JsQh|QcQd|As5c:-50|-100|0|0|150|0:MrPink|MrOrange|Pluribus|MrBlue|MrBlonde|MrWhite
STATE:148:r225ffr700ffr2250f:3d6c|9hTd|AcAs|3c2d|5d4h|8cKc:-50|-100|850|0|0|-700:MrOrange|Pluribus|MrBlue|MrBlonde|MrWhite|MrPink
STATE:149:fffr200r450fc/r1450f:KcQc|8cQh|4c4s|8sQd|5s9h|9cTs/5d7d6d:550|-100|0|0|0|-450:Pluribus|MrBlue|MrBlonde|MrWhite|MrPink|MrOrange
STATE:150:r225r700fffff:8dAs|6s2s|QhKc|QsAd|4d6h|Tc3c:-50|-100|-225|375|0|0:MrBlue|MrBlonde|MrWhite|MrPink|MrOrange|Pluribus
STATE:151:fffr225r1025fr2675r10000c///:KsAc|Js7c|As5c|5sKh|4s3h|TsTh/Qd3d4c/Jd/6d:-10000|-100|0|0|0|10100:MrBlonde|MrWhite|MrPink|MrOrange|Pluribus|MrBlue
STATE:152:fffff:Qs5c|2hAs|Kd5d|9c4c|7hKc|6d9h:-50|50|0|0|0|0:MrWhite|MrPink|MrOrange|Pluribus|MrBlue|MrBlonde
STATE:153:ffffcr550c/cr950c/cr2825f:JsTd|4h3h|3s5s|QdJh|Th9s|Ks7d/KdAs7c/5d:-950|950|0|0|0|0:MrPink|MrOrange|Pluribus|MrBlue|MrBlonde|MrWhite
STATE:154:r225ffffc/cr600c/cr2500f:Ac5h|JcJh|6d6c|2c8h|3dTs|QsTh/5d6hAh/8c:-50|-600|650|0|0|0:MrOrange|Pluribus|MrBlue|MrBlonde|MrWhite|MrPink
STATE:155:fffff:Jc2s|7s7c|8s3c|8hTc|Jh5c|Qh5s:-50|50|0|0|0|0:Pluribus|MrBlue|MrBlonde|MrWhite|MrPink|MrOrange
STATE:156:r225ffcfc/ccc/r675fc/r1595r6792f:2h8d|QcKh|7sAs|4s2s|Qs4d|QhJh/3cKdTc/8h/9h:-50|-1595|-225|0|0|1870:MrBlue|MrBlonde|MrWhite|MrPink|MrOrange|Pluribus
STATE:157:fr200fffc/cr400c/cc/r2000f:5sAd|8hTd|7c2h|5c5h|Kd8c|Ks3h/TcQhTh/6s/8d:-50|450|0|-400|0|0:MrBlonde|MrWhite|MrPink|MrOrange|Pluribus|MrBlue
STATE:158:fffr250r850r1900fc/cr2900c/cc/cc:AcJc|ThAh|6s8c|Js4h|3h5s|8s8d/TdKc3d/2d/Ks:-2900|3150|0|0|0|-250:MrWhite|MrPink|MrOrange|Pluribus|MrBlue|MrBlonde
STATE:159:fffff:2c4h|2hTc|8s6c|4c9c|3dKs|Jh7s:-50|50|0|0|0|0:MrPink|MrOrange|Pluribus|MrBlue|MrBlonde|MrWhite
STATE:160:fffff:5s9h|AcKs|5h6s|7s5d|Ts2d|7h3d:-50|50|0|0|0|0:MrOrange|Pluribus|MrBlue|MrBlonde|MrWhite|MrPink
STATE:161:ffr210fff:Th9s|8c4h|Qc4c|2dQh|9h8h|3h7h:-50|-100|0|0|150|0:Pluribus|MrBlue|MrBlonde|MrWhite|MrPink|MrOrange
STATE:162:fffff:Jh4s|KhQs|Kd5s|Ah2c|8h9s|3hTs:-50|50|0|0|0|0:MrBlue|MrBlonde|MrWhite|MrPink|MrOrange|Pluribus
STATE:163:fr200fffc/cc/cr600f:7c6h|JdTc|Jc9d|KdKs|2d7d|4dJh/Ad9c5c/6d:-50|-200|0|250|0|0:MrBlonde|MrWhite|MrPink|MrOrange|Pluribus|MrBlue
STATE:164:fffr250fc/cc/r600c/cc:Qs8s|Ks6c|3sAc|9cTh|Qc2c|As8c/7dJc5c/4c/3c:-50|-600|0|0|0|650:MrWhite|MrPink|MrOrange|Pluribus|MrBlue|MrBlonde
STATE:165:fffff:5h9c|7h3h|2s9d|2dKd|As6h|3s8c:-50|50|0|0|0|0:MrPink|MrOrange|Pluribus|MrBlue|MrBlonde|MrWhite
STATE:166:fffff:3s9s|Kd9h|Ah6d|7s9d|Qd8h|2c4s:-50|50|0|0|0|0:MrOrange|Pluribus|MrBlue|MrBlonde|MrWhite|MrPink
STATE:167:ffffr250c/cc/cc/cc:As8d|3h2s|9hKc|5h7d|Ks2d|5cTs/Jd6d7h/2h/7s:-250|250|0|0|0|0:Pluribus|MrBlue|MrBlonde|MrWhite|MrPink|MrOrange
STATE:168:fffr200cc/ccc/cr425fr1212f:Qs9d|Kh5d|5sQd|KdTh|Jh8c|2c2d/5hTs9c/4c:625|-425|0|0|0|-200:MrBlue|MrBlonde|MrWhite|MrPink|MrOrange|Pluribus
STATE:169:fffr225r1025fr2645f:5sAs|6h7c|9c8d|4d3h|Qh6c|KdAc:-1025|-100|0|0|0|1125:MrBlonde|MrWhite|MrPink|MrOrange|Pluribus|MrBlue
STATE:170:ffr225r800fff:4cKc|Th2d|7c5c|4dKh|QcJd|7s6s:-50|-100|0|0|-225|375:MrWhite|MrPink|MrOrange|Pluribus|MrBlue|MrBlonde
STATE:171:fffff:5dTc|JcJd|Td3s|5hQh|Ad7c|Qs7h:-50|50|0|0|0|0:MrPink|MrOrange|Pluribus|MrBlue|MrBlonde|MrWhite
STATE:172:ffffr350f:5c7c|3dJh|QdKh|Qc9s|5h9c|5sTc:100|-100|0|0|0|0:MrOrange|Pluribus|MrBlue|MrBlonde|MrWhite|MrPink
STATE:173:r250ffffc/cc/r662f:6c5s|6h9h|7h7d|8d7c|8cQc|9d3s/KsTh5h/Jh:-50|300|-250|0|0|0:Pluribus|MrBlue|MrBlonde|MrWhite|MrPink|MrOrange
STATE:174:fffff:Qh3c|9s4s|4cAs|Tc5s|Kh4h|2dJs:-50|50|0|0|0|0:MrBlue|MrBlonde|MrWhite|MrPink|MrOrange|Pluribus
STATE:175:fffff:9c5s|AhTs|3d3c|3s5d|4d2h|2cJd:-50|50|0|0|0|0:MrBlonde|MrWhite|MrPink|MrOrange|Pluribus|MrBlue
STATE:176:fffff:5d3s|Jd9d|5cKd|Ks3d|7h2h|Kh3c:-50|50|0|0|0|0:MrWhite|MrPink|MrOrange|Pluribus|MrBlue|MrBlonde
STATE:177:fr225fffc/cc/r975f:5hAs|QdTc|Jh4h|6sKs|7h9d|7sQs/Jd8s9h/8c:-50|275|0|-225|0|0:MrPink|MrOrange|Pluribus|MrBlue|MrBlonde|MrWhite
