STATE:93:fffr250ff:Ks5d|7hQd|5s9s|Ts3d|4s3h|QhKh:-50|-100|0|0|0|150:Eddie|Bill|Pluribus|MrOrange|MrBlue|MrBlonde
STATE:94:ffffr300f:Jd8c|Jc4d|JhQd|8dKs|8sKc|Kh6c:100|-100|0|0|0|0:Bill|Pluribus|MrOrange|MrBlue|MrBlonde|Eddie
STATE:95:r225ffr800r1812ffc/r3786c/r10000f:KsAs|Js9h|7dAd|8hJh|7s4d|8c9c/6cTd4s/2s:4111|-100|-225|0|0|-3786:Pluribus|MrOrange|MrBlue|MrBlonde|Eddie|Bill
STATE:96:fr200fffc/cr335f:5sAh|Jh7c|Js9h|QdKs|8d3d|6hQc/3sKc5h:-50|-200|0|250|0|0:MrOrange|MrBlue|MrBlonde|Eddie|Bill|Pluribus
STATE:97:ffffcc/cc/r250f:Qs6c|Kd5s|5d7s|Ac6d|Jd4c|Js9h/3sJh8c/9c:100|-100|0|0|0|0:MrBlue|MrBlonde|Eddie|Bill|Pluribus|MrOrange
STATE:98:r225r525ffffc/cr825c/cr2625f:3s2d|Js8d|TdAd|KhAh|As7s|Th5s/2s4s8c/4d:-50|-100|-825|975|0|0:MrBlonde|Eddie|Bill|Pluribus|MrOrange|MrBlue
STATE:99:fr215fffc/cr490f:6dJc|7dAd|2cTh|TsTd|QhKd|5d4c/Kc9hQs:-50|-215|0|265|0|0:Eddie|Bill|Pluribus|MrOrange|MrBlue|MrBlonde
STATE:100:fr225fffc/cc/cr600f:5sAh|JhTd|7d6s|AsAd|8hJc|2d4d/9c4s9s/6d:-50|-225|0|275|0|0:Bill|Pluribus|MrOrange|MrBlue|MrBlonde|Eddie
STATE:101:ffffcr332c/cc/cc/cc:2h2c|Qd8h|3sQs|4s7h|3d9s|Ks6c/5h3cAs/9c/Kc:332|-332|0|0|0|0:Pluribus|MrOrange|MrBlue|MrBlonde|Eddie|Bill
STATE:102:ffffr325c/r475c/cr1187c/cc:5sAs|Kc9h|Js8h|4c2d|Jh2s|Jd6h/Ks3s5d/3c/6s:1187|-1187|0|0|0|0:MrOrange|MrBlue|MrBlonde|Eddie|Bill|Pluribus
STATE:103:ffffr300c/r750c/r3250f:Qc9s|JhTc|Jc5h|3h2h|2c6h|5dKc/Ad8hTh/7s:750|-750|0|0|0|0:MrBlue|MrBlonde|Eddie|Bill|Pluribus|MrOrange
STATE:104:fr225ccr1500fffc/r2750c/cc/r10000f:AdJd|Qs5h|4dAc|KhQd|5cTd|7d7h/3dJc3c/2d/Js:3300|-100|0|-225|-225|-2750:MrBlonde|Eddie|Bill|Pluribus|MrOrange|MrBlue
STATE:105:fffr250ff:QsTh|6d4h|8s3h|2dQd|Kc3s|8dTs:-50|-100|0|0|0|150:Eddie|Bill|Pluribus|MrOrange|MrBlue|MrBlonde
STATE:106:fffr222fc/cc/cc/cr469r963c:2d9h|8cQs|2hKc|7h5s|Js9d|9sJc/Qh9c6c/6h/7c:-50|1013|0|0|0|-963:Bill|Pluribus|MrOrange|MrBlue|MrBlonde|Eddie
STATE:107:ffffcr325c/cc/r487c/r1217c:Ad8h|Jh5s|Th3c|7dQs|Ah4s|2dKs/Jc7cAc/4d/As:1217|-1217|0|0|0|0:Pluribus|MrOrange|MrBlue|MrBlonde|Eddie|Bill
STATE:108:fr200ffff:3dTs|4cQd|6h8c|AdKd|Td6s|6c9h:-50|-100|0|150|0|0:MrOrange|MrBlue|MrBlonde|Eddie|Bill|Pluribus
STATE:109:ffffcc/cc/r400c/r1700c:6sTs|5sQh|ThKs|8hKc|9s3s|4cQs/5cJs7s/4h/Qc:-1700|1700|0|0|0|0:MrBlue|MrBlonde|Eddie|Bill|Pluribus|MrOrange
STATE:110:fffr225ff:4d3h|2s8h|3c3d|5s9c|4cAh|QhTh:-50|-100|0|0|0|150:MrBlonde|Eddie|Bill|Pluribus|MrOrange|MrBlue
STATE:111:fffr250fc/cr650f:Jc8s|Qs6s|2h9d|Ks3s|Jd9h|TcQd/8c4h5d:-50|-250|0|0|0|300:Eddie|Bill|Pluribus|MrOrange|MrBlue|MrBlonde
STATE:112:fr225r750ffff:8c5d|7h6d|5sJc|JhQc|AdAc|As3c:-50|-100|0|-225|375|0:Bill|Pluribus|MrOrange|MrBlue|MrBlonde|Eddie
STATE:113:r225fr750ffff:5dTs|2cAc|Ah8h|5h6c|KcKs|Jh3s:-50|-100|-225|0|375|0:Pluribus|MrOrange|MrBlue|MrBlonde|Eddie|Bill
STATE:114:fffr250fc/cc/cr387c/r1005r2035c:8h6c|ThQh|Jh3c|6s3d|6h7d|AhKd/2h8s7h/7s/Qd:-50|2085|0|0|0|-2035:MrOrange|MrBlue|MrBlonde|Eddie|Bill|Pluribus
STATE:115:ffr200r650cff/cc/cr1205f:8s8d|9c7h|9s6d|7cJh|9hQh|KsAs/KhAdJd/6s:-650|-100|0|0|-200|950:MrBlue|MrBlonde|Eddie|Bill|Pluribus|MrOrange
STATE:116:fffr225fc/cr600c/cc/cc:Th3d|9cAh|3hAs|Jc8s|3s6c|8c4c/7h9sTd/5c/7c:-50|650|0|0|0|-600:MrBlonde|Eddie|Bill|Pluribus|MrOrange|MrBlue
STATE:117:fr222ffff:Jd5h|4c9s|Jh7s|KdQc|4s5d|4h2s:-50|-100|0|150|0|0:Eddie|Bill|Pluribus|MrOrange|MrBlue|MrBlonde
STATE:118:fffr222fc/cr372c/cc/cr1166c:Ac2s|9dAs|TcKd|5c8c|3c7d|5s6s/Th6d6h/Ts/Ah:-50|-1166|0|0|0|1216:Bill|Pluribus|MrOrange|MrBlue|MrBlonde|Eddie
STATE:119:fr255cfr1312ffc/r2801f:QcAd|5c4d|7dJh|JsKh|TsTc|Qd5h/2s5dJd:1667|-100|0|-255|-1312|0:Pluribus|MrOrange|MrBlue|MrBlonde|Eddie|Bill
STATE:120:ffr225ffc/cc/r425c/r1850c:7s8h|JhQh|3c4c|2cAd|TsKs|4h5s/TcTd7h/3h/6d:-50|-1850|0|0|1900|0:MrOrange|MrBlue|MrBlonde|Eddie|Bill|Pluribus
STATE:121:ffffcc/cr250r625f:2dAh|Th4c|5d7d|5h4d|7hQc|Jc9h/2h7s3c:250|-250|0|0|0|0:MrBlue|MrBlonde|Eddie|Bill|Pluribus|MrOrange
STATE:122:fffff:4hJc|6s4d|2dAs|Jh8s|Kh9c|5sQh:-50|50|0|0|0|0:MrBlonde|Eddie|Bill|Pluribus|MrOrange|MrBlue
STATE:123:fffff:4dTs|7s6s|3h4h|5h7d|Qs9c|5cKs:-50|50|0|0|0|0:Eddie|Bill|Pluribus|MrOrange|MrBlue|MrBlonde
STATE:124:r200fffff:4s8c|6s9h|JcJs|8hAs|Jh7h|6cAh:-50|-100|150|0|0|0:Bill|Pluribus|MrOrange|MrBlue|MrBlonde|Eddie
STATE:125:ffr200cff/cr612f:Jd9s|4cQs|2d5h|3dAh|9h7h|6d8d/JsAcKd:-50|-100|0|0|-200|350:Pluribus|MrOrange|MrBlue|MrBlonde|Eddie|Bill
STATE:126:ffr225ffc/cr475f:Kd7c|4cAs|Jd7h|5c4s|9dAc|6dTc/7s8cQd:-50|-225|0|0|275|0:MrOrange|MrBlue|MrBlonde|Eddie|Bill|Pluribus
STATE:127:fr225fr700ffc/cr1255c/cc/cc:Js7c|3d4h|Jc2s|TsTh|4sJh|KhAd/KdQs2h/4c/Qd:-50|-100|0|-1255|0|1405:MrBlue|MrBlonde|Eddie|Bill|Pluribus|MrOrange
STATE:128:r225ffffc/cr600r1100f:Ac2s|9d9c|KhQc|5c7s|Ts4h|3dQh/8d2d6s:-50|650|-600|0|0|0:MrBlonde|Eddie|Bill|Pluribus|MrOrange|MrBlue
STATE:129:r200fffff:8d2c|4h3c|QhQs|4c3h|5cQc|9cTd:-50|-100|150|0|0|0:Eddie|Bill|Pluribus|MrOrange|MrBlue|MrBlonde
STATE:130:fffff:9h6s|KcKh|3c8h|7h6c|4s7s|6h8c:-50|50|0|0|0|0:Bill|Pluribus|MrOrange|MrBlue|MrBlonde|Eddie
STATE:131:fffff:8s3h|4s5s|9cTh|2d4c|4h6c|8hJs:-50|50|0|0|0|0:Pluribus|MrOrange|MrBlue|MrBlonde|Eddie|Bill
STATE:132:fr200r625ffff:Qh7d|5cAs|5s6h|Ah2h|9h9d|8h4s:-50|-100|0|-200|350|0:MrOrange|MrBlue|MrBlonde|Eddie|Bill|Pluribus
STATE:133:ffffcr400f:3d4h|2sTs|6d8c|7s5d|4dJs|Ac4s:-100|100|0|0|0|0:MrBlue|MrBlonde|Eddie|Bill|Pluribus|MrOrange
STATE:134:fffr225fc/cc/cc/cr410r1715c:3h8d|7h4h|2d9s|5c2c|6d8s|8h8c/QhJh4d/2s/2h:-50|1765|0|0|0|-1715:MrBlonde|Eddie|Bill|Pluribus|MrOrange|MrBlue
STATE:135:r250ffffc/cr1350f:9dJc|8sKs|TcAd|9h4d|9cTh|5h7h/7sAh8c:-50|-250|300|0|0|0:Eddie|Bill|Pluribus|MrOrange|MrBlue|MrBlonde
STATE:136:fffff:5hKs|8hQd|3s6c|4d8c|6h7s|3d7h:-50|50|0|0|0|0:Bill|Pluribus|MrOrange|MrBlue|MrBlonde|Eddie
STATE:137:ffffr200r700f:As3h|5d8h|7hTs|Js8s|7cQh|2cTc:-200|200|0|0|0|0:Pluribus|MrOrange|MrBlue|MrBlonde|Eddie|Bill
STATE:138:fffr225fc/cr475r1225c/r3725c/cc:4c2c|5hKd|7h3d|4d9c|8d3h|8sQs/6c5sKs/Qc/2d:-50|3775|0|0|0|-3725:MrOrange|MrBlue|MrBlonde|Eddie|Bill|Pluribus
STATE:139:ffffcc/cc/cc/cc:Ah9c|6cQh|4h6h|3sTs|9s4s|5sAc/Js3d7d/2s/Ks:100|-100|0|0|0|0:MrBlue|MrBlonde|Eddie|Bill|Pluribus|MrOrange
STATE:140:r225fffff:4hAc|4c6d|9d8d|As3h|5h8h|3cQh:-50|-100|150|0|0|0:MrBlonde|Eddie|Bill|Pluribus|MrOrange|MrBlue
STATE:141:ffr225ffc/cr475c/cc/cc:5dJc|QhTc|8s3c|Js8d|As8h|9s2c/Qd6s2s/6h/Ac:-50|-475|0|0|525|0:Eddie|Bill|Pluribus|MrOrange|MrBlue|MrBlonde
STATE:142:ffr250fff:9c8s|5s8h|Kh3c|Qc7s|JcAc|7hKc:-50|-100|0|0|150|0:Bill|Pluribus|MrOrange|MrBlue|MrBlonde|Eddie
STATE:143:ffffr200r700f:TsKh|6h9h|4s2s|8sJs|Qc3h|Ks2h:-200|200|0|0|0|0:Pluribus|MrOrange|MrBlue|MrBlonde|Eddie|Bill
STATE:144:fffr250fc/cr525f:6c7c|5hTh|9c4s|9d6h|Td3s|Kc2c/Kd2d7s:-50|-250|0|0|0|300:MrOrange|MrBlue|MrBlonde|Eddie|Bill|Pluribus
STATE:145:r200fffff:8h6h|6d5c|8s8d|JhKc|Qc7d|Ad7c:-50|-100|150|0|0|0:MrBlue|MrBlonde|Eddie|Bill|Pluribus|MrOrange
STATE:146:ffr215r716ffr1977f:9cTc|6sQs|4sAc|Qh5d|AhKd|3h3c:-50|-100|0|0|866|-716:MrBlonde|Eddie|Bill|Pluribus|MrOrange|MrBlue
STATE:147:ffr225ccf/ccc/cr806ff:5c6c|4d2h|3sTd|5hJh|TsJs|6h6s/Qc9sAd/Ks:-225|-100|0|0|550|-225:Eddie|Bill|Pluribus|MrOrange|MrBlue|MrBlonde
STATE:148:ffffr300c/cc/cc/r750f:Jh9d|8sTd|Jc5h|2s7d|5sJd|3c4d/5cAc3h/2c/Tc:300|-300|0|0|0|0:Bill|Pluribus|MrOrange|MrBlue|MrBlonde|Eddie
STATE:149:ffffr250c/cc/cc/cc:7hKh|8dJh|Kd8h|7cKc|7sAd|5d9h/5s4cQh/Ac/Ks:250|-250|0|0|0|0:Pluribus|MrOrange|MrBlue|MrBlonde|Eddie|Bill
STATE:150:fffr225fc/cc/cc/r425c:Kc5c|8c3c|Th4d|3dAs|Jc6c|8sAd/7d7c2d/8h/Tc:-50|-425|0|0|0|475:MrOrange|MrBlue|MrBlonde|Eddie|Bill|Pluribus
STATE:151:ffr200fr925ff:JhAh|8s2c|Ts5d|4d3d|AcJs|9hTd:300|-100|0|0|-200|0:MrBlue|MrBlonde|Eddie|Bill|Pluribus|MrOrange
STATE:152:fffr225fc/cc/cc/cc:JdKh|8d6h|7c3s|5h3d|9s6s|9cAh/2d5s7d/Kc/4h:-50|275|0|0|0|-225:MrBlonde|Eddie|Bill|Pluribus|MrOrange|MrBlue
STATE:153:fffr255fc/cc/cc/r1095f:3cJd|4c7c|3dAh|5d2c|Kc6h|KdQd/9hAs5h/9c/8c:-50|305|0|0|0|-255:Eddie|Bill|Pluribus|MrOrange|MrBlue|MrBlonde
STATE:154:ffffr300c/r600f:7s6s|6dAd|8c3s|As7c|4c8s|4d2s/4hTc2c:300|-300|0|0|0|0:Bill|Pluribus|MrOrange|MrBlue|MrBlonde|Eddie
STATE:155:ffr200fcf/cr600f:JdAs|Jc7d|3d5c|2s7h|Ah2h|3c7s/Tc8sKh:-200|-100|0|0|300|0:Pluribus|MrOrange|MrBlue|MrBlonde|Eddie|Bill
STATE:156:ffffcc/r200c/r500f:QsQd|6hAc|4s8d|5h7c|6cJc|2hJd/9hJh3d/Th:200|-200|0|0|0|0:MrOrange|MrBlue|MrBlonde|Eddie|Bill|Pluribus
STATE:157:r200ffffc/cc/cc/cr650c:Jc7d|2d2s|QcTc|8h9d|Qh4d|TdKd/9s9c7c/3s/8c:-50|-650|700|0|0|0:MrBlue|MrBlonde|Eddie|Bill|Pluribus|MrOrange
STATE:158:fffr225ff:TdKc|3dQh|6s5d|8cTh|4c2d|6c6d:-50|-100|0|0|0|150:MrBlonde|Eddie|Bill|Pluribus|MrOrange|MrBlue
STATE:159:r200fffff:9hTc|2h8s|9s9c|7s3s|8cKd|KcTh:-50|-100|150|0|0|0:Eddie|Bill|Pluribus|MrOrange|MrBlue|MrBlonde
STATE:160:fffff:Jh7d|Jc4d|2dKd|7h9s|3dKs|Th8d:-50|50|0|0|0|0:Bill|Pluribus|MrOrange|MrBlue|MrBlonde|Eddie
STATE:161:fffr287r1298fr2525c/cr3800c/r5725r10000f:QsJs|7d2d|7s6h|9h3s|5cAh|AcTs/2h9s4d/3c:-5725|-100|0|0|0|5825:Pluribus|MrOrange|MrBlue|MrBlonde|Eddie|Bill
STATE:162:fffff:9cJs|ThTc|Ad8h|Ks8d|7c3s|5cQh:-50|50|0|0|0|0:MrOrange|MrBlue|MrBlonde|Eddie|Bill|Pluribus
STATE:163:r200fffff:Td2d|6d7s|QdQs|Tc9h|JcAd|3cAs:-50|-100|150|0|0|0:MrBlue|MrBlonde|Eddie|Bill|Pluribus|MrOrange
STATE:164:fffr225fc/cr475c/cr1125f:Tc3h|7d5c|8dJh|4cAd|9dAc|QsJd/JsKh5d/Jc:-50|-475|0|0|0|525:MrBlonde|Eddie|Bill|Pluribus|MrOrange|MrBlue
STATE:165:ffffr300c/cr600c/cr900f:Qs2s|Td4d|8cAh|6cAd|Th5h|Qc5d/6h2h3d/4s:-600|600|0|0|0|0:Eddie|Bill|Pluribus|MrOrange|MrBlue|MrBlonde
STATE:166:fffr222fc/cc/cc/cc:9c2s|5d6c|3dQs|4h2h|4cKh|JdTs/AhQhTc/Qd/5c:-50|-222|0|0|0|272:Bill|Pluribus|MrOrange|MrBlue|MrBlonde|Eddie
STATE:167:r225fffff:7sJd|3dQh|TdTs|Ks2c|7dAs|6h3s:-50|-100|150|0|0|0:Pluribus|MrOrange|MrBlue|MrBlonde|Eddie|Bill
STATE:168:fr200r625ffff:8s4d|Kh8h|2s9h|AcQh|QcAd|4s2h:-50|-100|0|-200|350|0:MrOrange|MrBlue|MrBlonde|Eddie|Bill|Pluribus
STATE:169:ffr200fcc/ccr500cf/cr1700c/cr5300f:TsAs|6h7h|Ad7c|4cJh|3d3c|8dKs/8cTc3h/7d/2c:-1700|-200|0|0|1900|0:MrBlue|MrBlonde|Eddie|Bill|Pluribus|MrOrange
STATE:170:ffr215fff:6s2h|Qh4c|Kc2c|8cQs|JhKh|3c8s:-50|-100|0|0|150|0:MrBlonde|Eddie|Bill|Pluribus|MrOrange|MrBlue
STATE:171:ffr225fff:7cQd|8c2c|Js5d|Ac6h|KsKd|Ah9c:-50|-100|0|0|150|0:Eddie|Bill|Pluribus|MrOrange|MrBlue|MrBlonde
STATE:172:fffr222fc/cc/r345c/r715f:4dQs|6d7h|5d4s|Kh3d|4h5h|8cAc/9cTd2d/Qd/Ad:-50|395|0|0|0|-345:Bill|Pluribus|MrOrange|MrBlue|MrBlonde|Eddie
STATE:173:r225fffff:5sAc|6hTc|QdQs|JhQh|6dAh|5cTh:-50|-100|150|0|0|0:Pluribus|MrOrange|MrBlue|MrBlonde|Eddie|Bill
STATE:174:fr200fffc/cr335f:4h5d|Tc8s|8c4c|2d2h|Kc3c|4s9s/2s5cAs:-50|-200|0|250|0|0:MrOrange|MrBlue|MrBlonde|Eddie|Bill|Pluribus
STATE:175:fffr243ff:6hTs|2hJc|8dQs|9h6s|9c4c|TdKc:-50|-100|0|0|0|150:MrBlue|MrBlonde|Eddie|Bill|Pluribus|MrOrange
STATE:176:fffff:8dTh|Jc5s|2hKh|Jd2s|Td8h|3hJs:-50|50|0|0|0|0:MrBlonde|Eddie|Bill|Pluribus|MrOrange|MrBlue
STATE:177:ffr225fff:8s3h|6cAd|Qc2h|Qd2c|AhKs|Kh3s:-50|-100|0|0|150|0:Eddie|Bill|Pluribus|MrOrange|MrBlue|MrBlonde
STATE:178:fr225ffff:6hAc|Td6c|Qc4h|KhQd|3dTc|7dAh:-50|-100|0|150|0|0:Bill|Pluribus|MrOrange|MrBlue|MrBlonde|Eddie
STATE:179:ffffcc/r200f:9sKc|Qc5h|8h3d|7d2d|Qd9h|6h2c/JcAc6s:100|-100|0|0|0|0:Pluribus|MrOrange|MrBlue|MrBlonde|Eddie|Bill
