STATE:73:ffffcc/r200c/cc/cc:7cJc|Kc7h|2hQh|2dQs|6s3c|4h3h/5hAsAc/2s/Qc:-200|200|0|0|0|0:MrPink|MrOrange|MrBrown|MrBlue|Pluribus|Eddie
STATE:74:r225ffffc/cr600r1537c/cc/cc:3s6c|9hJd|KhKd|Kc5c|Ac9d|4h3h/2h7h8s/Jc/6s:-50|-1537|1587|0|0|0:MrOrange|MrBrown|MrBlue|Pluribus|Eddie|MrPink
STATE:75:fr200fffc/cc/cc/cr500f:6dJc|Qd9h|Qc8c|TcJh|Kh5s|7hQh/8dKs7s/7c/Ac:-50|-200|0|250|0|0:MrBrown|MrBlue|Pluribus|Eddie|MrPink|MrOrange
STATE:76:ffffcr250c/cr500c/cr1000f:7hAc|Qh5h|Th2s|8dAs|2h8c|5c8s/Qs8h4h/3h:-500|500|0|0|0|0:MrBlue|Pluribus|Eddie|MrPink|MrOrange|MrBrown
STATE:77:fffr225fc/cc/r375c/cr975c:4sQd|Kc3c|6s4h|Th3s|5dJc|QcTs/8c8h2s/7s/Ac:-50|1025|0|0|0|-975:Pluribus|Eddie|MrPink|MrOrange|MrBrown|MrBlue
STATE:78:fffr250fc/cc/cr525f:8s7h|6s4s|7s4d|2dJc|Ks5c|6hAc/2sAhQd/9d:-50|-250|0|0|0|300:Eddie|MrPink|MrOrange|MrBrown|MrBlue|Pluribus
STATE:79:ffffcc/r200c/cr500c/cr1950f:2dTd|7h3d|5cQs|Kc2h|6c5s|8d9s/Ad4c6h/6d/8c:-500|500|0|0|0|0:MrPink|MrOrange|MrBrown|MrBlue|Pluribus|Eddie
STATE:80:fr200fffc/cr1100f:5dTc|9hJd|9d5c|KcJc|3c7d|6s4c/Kd7s2h:-50|-200|0|250|0|0:MrOrange|MrBrown|MrBlue|Pluribus|Eddie|MrPink
STATE:81:fr200fffc/cc/cc/r380f:Js8h|Jd7s|4h6s|4s4c|AhTc|6h3c/9d5c3h/As/Th:-50|250|0|-200|0|0:MrBrown|MrBlue|Pluribus|Eddie|MrPink|MrOrange
STATE:82:fffff:7d2h|AdKs|4c5d|5c3s|7h3d|2d3c:-50|50|0|0|0|0:MrBlue|Pluribus|Eddie|MrPink|MrOrange|MrBrown
STATE:83:r210ffffc/cc/cc/cr445r3510f:3cJh|5hAc|AdQc|6dKc|2cKh|6h2s/Js7h7c/9h/Qh:-50|495|-445|0|0|0:Pluribus|Eddie|MrPink|MrOrange|MrBrown|MrBlue
STATE:84:ffr225fcf/r390c/cc/r1110r3430f:8d8h|7hQc|3h2d|4sAc|3c4c|8cQd/8sKc3d/Tc/Jc:-1110|-100|0|0|1210|0:Eddie|MrPink|MrOrange|MrBrown|MrBlue|Pluribus
STATE:85:r225ffcr1400fff:QcJc|4cJh|AhJd|9c6h|4sTh|As8s:550|-100|-225|0|0|-225:MrPink|MrOrange|MrBrown|MrBlue|Pluribus|Eddie
STATE:86:ffffr250c/cc/cc/cr500c:9sTs|Qh3d|5c2d|7c8h|Th4s|4h8c/Ad4cQd/Td/6h:-500|500|0|0|0|0:MrOrange|MrBrown|MrBlue|Pluribus|Eddie|MrPink
STATE:87:fr200ffff:3h2c|Qc2d|6c9c|AhTc|6s9h|Jh8s:-50|-100|0|150|0|0:MrBrown|MrBlue|Pluribus|Eddie|MrPink|MrOrange
STATE:88:fr210fcfc/ccr720ff:Ac6h|AsJc|5c6s|Jd9d|Kh4d|TcQd/3d2c7h:-50|-210|0|-210|0|470:MrBlue|Pluribus|Eddie|MrPink|MrOrange|MrBrown
STATE:89:fffr225fc/cc/r375c/r615f:5c8h|TsJc|9s5s|7hQc|As6h|ThAd/5d9h6d/2s/Js:-50|425|0|0|0|-375:Pluribus|Eddie|MrPink|MrOrange|MrBrown|MrBlue
STATE:90:fffr250ff:3h4h|8h6d|5s8d|3c2s|4dJh|9s7s:-50|-100|0|0|0|150:Eddie|MrPink|MrOrange|MrBrown|MrBlue|Pluribus
STATE:91:fffr225fc/cc/cr625c/cr1675c:2h5c|JsAd|6d7d|2d8h|4dTh|TsJh/QhJd7h/Tc/Jc:-50|-1675|0|0|0|1725:MrPink|MrOrange|MrBrown|MrBlue|Pluribus|Eddie
STATE:92:ffr210ffc/cr350c/cr950c/cr2550f:TdKc|5hQh|8s6h|2c9s|6c8c|4dTs/7d3h7h/2s/9d:-50|-950|0|0|1000|0:MrOrange|MrBrown|MrBlue|Pluribus|Eddie|MrPink
STATE:93:fffff:3cJh|4c2c|4dKd|7sAd|5h8s|4hTs:-50|50|0|0|0|0:MrBrown|MrBlue|Pluribus|Eddie|MrPink|MrOrange
STATE:94:fffr275r1305ff:QhQc|5c3c|As7c|4dQs|Ah9c|9hKs:375|-100|0|0|0|-275:MrBlue|Pluribus|Eddie|MrPink|MrOrange|MrBrown
STATE:95:ffffr250r900f:7c4c|Ah3d|Ad8s|2d4h|7d2c|2h6c:-250|250|0|0|0|0:Pluribus|Eddie|MrPink|MrOrange|MrBrown|MrBlue
STATE:96:fffr225fc/cr1225f:3dQd|9hTs|8d5d|Tc2h|Js9d|5cAs/3s8c4h:-50|-225|0|0|0|275:Eddie|MrPink|MrOrange|MrBrown|MrBlue|Pluribus
STATE:97:ffr250fff:Td8s|6cJd|8hTs|Kd4c|AsKh|8c9d:-50|-100|0|0|150|0:MrPink|MrOrange|MrBrown|MrBlue|Pluribus|Eddie
STATE:98:r225fffff:9h3h|8s5c|AhJc|Ts6h|4c7c|As5h:-50|-100|150|0|0|0:MrOrange|MrBrown|MrBlue|Pluribus|Eddie|MrPink
STATE:99:fffr225fc/cc/cr400c/cr1055f:7dQd|Th4h|Qs8h|4s9s|8s7c|KsQh/TdQc9h/3c/6s:-50|-400|0|0|0|450:MrBrown|MrBlue|Pluribus|Eddie|MrPink|MrOrange
STATE:100:ffr210fcc/ccc/ccc/r682ff:JhQh|9s7d|TdJc|4sTh|3h3d|2cKh/JsAs2d/8c/Jd:420|-210|0|0|-210|0:MrBlue|Pluribus|Eddie|MrPink|MrOrange|MrBrown
STATE:101:fffr225r1050fc/r2150f:AhKh|4cTc|8h3d|2d9h|6sQs|7s7d/2cKsJc:1150|-100|0|0|0|-1050:Pluribus|Eddie|MrPink|MrOrange|MrBrown|MrBlue
STATE:102:fr250fffc/cc/r950c/cc:3s2d|TdKs|3cAh|9dJd|4d5h|5d6c/2sJh4c/Qs/4h:-50|-950|0|1000|0|0:Eddie|MrPink|MrOrange|MrBrown|MrBlue|Pluribus
STATE:103:fr225ffff:6s6h|2sKd|5s8c|QsQh|2d3c|8d7s:-50|-100|0|150|0|0:MrPink|MrOrange|MrBrown|MrBlue|Pluribus|Eddie
STATE:104:fffr250fc/cc/r800f:Kd2s|8hQs|Js9d|8d4c|4h2d|AdKh/5s3c8s/7d:-50|300|0|0|0|-250:MrOrange|MrBrown|MrBlue|Pluribus|Eddie|MrPink
STATE:105:fr200fffr950c/cc/cc/r2200f:9cAs|3h4h|8c2d|KsAd|Qd6d|KhJs/TdJcJh/5c/2s:-50|1000|0|-950|0|0:MrBrown|MrBlue|Pluribus|Eddie|MrPink|MrOrange
STATE:106:fffr275ff:3s5s|3cKh|6d7h|7d3d|3h2s|Ks9h:-50|-100|0|0|0|150:MrBlue|Pluribus|Eddie|MrPink|MrOrange|MrBrown
STATE:107:r210ffcff/cr460f:7h5s|4sJs|4cAc|Jh9c|2s4d|8c7c/6hJc8s:-50|-100|-210|0|0|360:Pluribus|Eddie|MrPink|MrOrange|MrBrown|MrBlue
STATE:108:fr250ffff:7sTs|6hKs|7d4s|6c6s|Ah6d|5cJh:-50|-100|0|150|0|0:Eddie|MrPink|MrOrange|MrBrown|MrBlue|Pluribus
STATE:109:ffr200ffc/cc/r350c/r600c:5c3h|Qs8h|9s7s|QcJh|AdAc|4s2s/5d2d6c/3c/3s:-50|-600|0|0|650|0:MrPink|MrOrange|MrBrown|MrBlue|Pluribus|Eddie
STATE:110:fr200r650fffc/cr1250f:As7s|2c5c|5dQs|Ts9s|JdJs|9c8c/5hJhAc:-50|-100|0|-650|800|0:MrOrange|MrBrown|MrBlue|Pluribus|Eddie|MrPink
STATE:111:ffr210fff:Ts4h|7d2s|3s8h|9d5s|KdAd|8s9h:-50|-100|0|0|150|0:MrBrown|MrBlue|Pluribus|Eddie|MrPink|MrOrange
STATE:112:fffr250fc/cc/r387c/cc:4c9d|4h4d|As8h|Js3d|Jc8d|5dAc/Qd7d4s/6d/7h:-50|437|0|0|0|-387:MrBlue|Pluribus|Eddie|MrPink|MrOrange|MrBrown
STATE:113:fffr225cr1350fc/r2812c/cr3712c/cr10000f:JsAs|Ac8d|7s3h|2s9h|4c7c|9cTd/7d6h2c/6d/5s:-3712|3937|0|0|0|-225:Pluribus|Eddie|MrPink|MrOrange|MrBrown|MrBlue
STATE:114:fr250fffc/cr662c/cc/r2036c:Qh4d|7cJc|3s7s|KhJd|Ah6s|6c7d/AcTcQc/Qs/9h:-50|2086|0|-2036|0|0:Eddie|MrPink|MrOrange|MrBrown|MrBlue|Pluribus
STATE:115:fr225ffff:4c3c|5cKs|2s3h|9sTs|2d3s|Qs3d:-50|-100|0|150|0|0:MrPink|MrOrange|MrBrown|MrBlue|Pluribus|Eddie
STATE:116:fffr250ff:4s5d|4d2s|9d3h|8hKc|7dQc|9hJc:-50|-100|0|0|0|150:MrOrange|MrBrown|MrBlue|Pluribus|Eddie|MrPink
STATE:117:r200ffffc/cr650c/cc/cr1325r5000c:4s2c|5h6c|AdQc|2h2d|6s5d|Jh9s/7c4dQs/3d/Ts:-50|5050|-5000|0|0|0:MrBrown|MrBlue|Pluribus|Eddie|MrPink|MrOrange
STATE:118:fffff:9d6h|3c2h|7d2s|As5c|5d9s|Th8c:-50|50|0|0|0|0:MrBlue|Pluribus|Eddie|MrPink|MrOrange|MrBrown
STATE:119:r210ffffc/cr325r710c/cr1445f:8s3h|6c5s|QdAh|Qs9s|Th4s|7d2d/7h8hAc/Qh:-50|-710|760|0|0|0:Pluribus|Eddie|MrPink|MrOrange|MrBrown|MrBlue
STATE:120:fffr225fc/cc/r925c/cc:5s4c|TsKh|8s3c|8h9d|4sQc|7c6c/7hQs4d/Jc/Jh:-50|-925|0|0|0|975:Eddie|MrPink|MrOrange|MrBrown|MrBlue|Pluribus
STATE:121:ffr225cfr1400fc/r2400c/cc/cc:7sKc|JhJs|Qs8h|4s7d|9hAh|ThQh/As4cKd/Ac/7h:-50|2675|0|0|-225|-2400:MrPink|MrOrange|MrBrown|MrBlue|Pluribus|Eddie
STATE:122:fffr250fc/cc/r525f:Qs5s|7dTd|9hAd|7h6d|8hKs|KhJs/9d5d9c/6c:-50|300|0|0|0|-250:MrOrange|MrBrown|MrBlue|Pluribus|Eddie|MrPink
STATE:123:ffr210cfc/ccc/ccc/cr890r2098ff:Qd9s|7c8d|KsTd|9h3d|4c4h|Ts9d/Tc6h8s/6c/Th:-50|-210|0|0|-890|1150:MrBrown|MrBlue|Pluribus|Eddie|MrPink|MrOrange
STATE:124:r200r650fffff:4d8d|5cQs|Ks6s|TcKc|3sQd|7h9s:-50|-100|-200|350|0|0:MrBlue|Pluribus|Eddie|MrPink|MrOrange|MrBrown
STATE:125:ffr250fcf/cr615f:9h9d|Qs2c|Ks3c|Tc3s|AcQc|7h5c/Kc7cJh:-250|-100|0|0|350|0:Pluribus|Eddie|MrPink|MrOrange|MrBrown|MrBlue
STATE:126:r200fffff:Kc3s|3d2h|JhAd|5dTd|6d7c|Tc5c:-50|-100|150|0|0|0:Eddie|MrPink|MrOrange|MrBrown|MrBlue|Pluribus
STATE:127:fr225fffc/cc/cr600f:Ks4h|AhQh|7d4c|3s3h|2s6s|5c8s/Td5d3d/8c:-50|-225|0|275|0|0:MrPink|MrOrange|MrBrown|MrBlue|Pluribus|Eddie
STATE:128:ffr210ffc/cc/cr410f:Qc5s|Kh5h|Th7h|5c8c|8d6d|3s3h/4s9s9h/8s:-50|-210|0|0|260|0:MrOrange|MrBrown|MrBlue|Pluribus|Eddie|MrPink
STATE:129:ffffr300c/cc/r700c/cc:Ac6h|2hAs|Ad3s|3cKc|7s2c|3hTd/AhKsJd/5s/Qh:0|0|0|0|0|0:MrBrown|MrBlue|Pluribus|Eddie|MrPink|MrOrange
STATE:130:fr210r700fffc/r1200f:2hJh|9s8d|5sTd|JsTs|KdQh|5d6d/4c6h7c:-50|-100|0|850|-700|0:MrBlue|Pluribus|Eddie|MrPink|MrOrange|MrBrown
STATE:131:fffff:4hJs|6sQs|9cTd|8h2h|7h4s|Jd7c:-50|50|0|0|0|0:Pluribus|Eddie|MrPink|MrOrange|MrBrown|MrBlue
STATE:132:ffffr235c/cc/cc/cr470f:6dQd|8sAd|As9c|Jd2s|6s2c|3hKd/7hTs6c/Th/7c:-235|235|0|0|0|0:Eddie|MrPink|MrOrange|MrBrown|MrBlue|Pluribus
STATE:133:fffff:7sJd|4sJc|KsQh|2sJs|As7h|7c8s:-50|50|0|0|0|0:MrPink|MrOrange|MrBrown|MrBlue|Pluribus|Eddie
STATE:134:fffr250r1200ff:QhKh|9cTs|Qd7s|6d2d|3c2s|Kd3d:350|-100|0|0|0|-250:MrOrange|MrBrown|MrBlue|Pluribus|Eddie|MrPink
STATE:135:fffff:3hTs|3s6s|JhKd|2c3c|8hJs|Jd9c:-50|50|0|0|0|0:MrBrown|MrBlue|Pluribus|Eddie|MrPink|MrOrange
STATE:136:ffr210r650r1850fff:AdKd|Td7d|3s5d|Qd5s|Ah6h|8dAs:960|-100|0|0|-210|-650:MrBlue|Pluribus|Eddie|MrPink|MrOrange|MrBrown
STATE:137:fffff:7h2c|Qd3h|4hJc|9s3c|9h4c|6hQs:-50|50|0|0|0|0:Pluribus|Eddie|MrPink|MrOrange|MrBrown|MrBlue
STATE:138:r200ffffc/cr350r625c/cr1200f:Qc4d|Jh9s|7h7c|2sKh|2cAd|5s8c/QsQh2h/7s:-50|-625|675|0|0|0:Eddie|MrPink|MrOrange|MrBrown|MrBlue|Pluribus
STATE:139:ffr250cff/r900c/cc/r2362f:5h7d|As5c|Jd3c|Tc6h|KcQs|QcAh/2h4dJs/3d/Kh:-50|-100|0|0|1050|-900:MrPink|MrOrange|MrBrown|MrBlue|Pluribus|Eddie
STATE:140:fffr250fc/cr850f:6sKc|7sQh|3sQs|Jd6c|As7d|2c2d/9cJhAh:-50|-250|0|0|0|300:MrOrange|MrBrown|MrBlue|Pluribus|Eddie|MrPink
STATE:141:ffr210r700ffc/r1200c/r2900c/r10000c:4d6c|AhTd|4sQd|As6h|5s5d|Ac4c/7s8d5c/2h/Ad:-50|-100|0|0|10150|-10000:MrBrown|MrBlue|Pluribus|Eddie|MrPink|MrOrange
STATE:142:r200ffffc/cr605f:6hJs|9h7d|5h4h|Ks2d|7sQd|3hTd/AhKd3c:-50|-200|250|0|0|0:MrBlue|Pluribus|Eddie|MrPink|MrOrange|MrBrown
STATE:143:fffr225ff:4cQh|2s6d|6h8d|9sAh|5d2d|7d6c:-50|-100|0|0|0|150:Pluribus|Eddie|MrPink|MrOrange|MrBrown|MrBlue
STATE:144:fffff:4s2s|8dQs|Ac4d|7sQc|5cTc|9c3d:-50|50|0|0|0|0:Eddie|MrPink|MrOrange|MrBrown|MrBlue|Pluribus
STATE:145:ffr225fff:3cJc|6d7s|7d5s|4d8h|7cAc|JsTh:-50|-100|0|0|150|0:MrPink|MrOrange|MrBrown|MrBlue|Pluribus|Eddie
STATE:146:r225ffffc/cc/cr600c/cc:9d4d|JdQc|KdKs|3s5h|6dAc|2dTs/5cAhTc/As/Th:-50|-600|650|0|0|0:MrOrange|MrBrown|MrBlue|Pluribus|Eddie|MrPink
STATE:147:ffr210fff:Jd6h|2h9d|6dAh|2s5h|5d5s|4d6c:-50|-100|0|0|150|0:MrBrown|MrBlue|Pluribus|Eddie|MrPink|MrOrange
STATE:148:fffr250fc/cr662f:Jh6d|QcTd|4d2d|2cJc|Th8h|7s9s/5h2h7c:-50|-250|0|0|0|300:MrBlue|Pluribus|Eddie|MrPink|MrOrange|MrBrown
STATE:149:fffff:2c7h|QcKh|8s2d|5h3s|Ts6d|8d5c:-50|50|0|0|0|0:Pluribus|Eddie|MrPink|MrOrange|MrBrown|MrBlue
STATE:150:ffr225r750fr2100ff:7s9d|AcAd|4s7d|Jh8d|KhJd|9h9s:-50|1025|0|0|-225|-750:Eddie|MrPink|MrOrange|MrBrown|MrBlue|Pluribus
STATE:151:ffffr300f:As9h|5c7h|2c7c|4c6s|Js4s|8d2h:100|-100|0|0|0|0:MrPink|MrOrange|MrBrown|MrBlue|Pluribus|Eddie
STATE:152:ffr210ffc/cr350c/cc/r912c:Ts8s|4cTc|4hJd|7c2h|QdAc|8hAd/Kh6c4d/9c/Kc:-50|962|0|0|-912|0:MrOrange|MrBrown|MrBlue|Pluribus|Eddie|MrPink
STATE:153:fr200fffc/cr335c/cc/cc:8dQd|Jc9s|4c9d|8hTh|9c7h|3s7s/5cQs9h/8c/2s:-50|385|0|-335|0|0:MrBrown|MrBlue|Pluribus|Eddie|MrPink|MrOrange
STATE:154:ffffcc/cr200f:Jc2c|4c6h|6d7d|7s2s|5d7c|Kc4h/KhKd5h:-100|100|0|0|0|0:MrBlue|Pluribus|Eddie|MrPink|MrOrange|MrBrown
STATE:155:fr205ccff/ccr587ff:5cAh|9d4c|3d4h|AsQs|6d6c|JcKc/3cKh2h:-50|-100|0|-205|-205|560:Pluribus|Eddie|MrPink|MrOrange|MrBrown|MrBlue
STATE:156:fr250ffcf/cc/cc/r730c:9dQd|Kh8s|2h3h|KcAh|7hKs|9hTc/3d7sQs/7c/7d:830|-100|0|-730|0|0:Eddie|MrPink|MrOrange|MrBrown|MrBlue|Pluribus
STATE:157:fffff:8c2h|Qc4s|2cKc|2d9d|8s3h|9c4d:-50|50|0|0|0|0:MrPink|MrOrange|MrBrown|MrBlue|Pluribus|Eddie
STATE:158:fr200ffff:4sQh|Qs2h|9s8h|7c7s|6sJd|Tc3c:-50|-100|0|150|0|0:MrOrange|MrBrown|MrBlue|Pluribus|Eddie|MrPink
STATE:159:ffr210ffc/cr325f:7s9d|9cQd|4dTc|3cTh|8c7c|Ac4h/Ad8h3s:-50|-210|0|0|260|0:MrBrown|MrBlue|Pluribus|Eddie|MrPink|MrOrange
STATE:160:fffr250fc/cr450c/r687f:Kc6c|9cAc|4cQh|8s4h|4dQs|Js6s/8hAsAd/7h:-50|500|0|0|0|-450:MrBlue|Pluribus|Eddie|MrPink|MrOrange|MrBrown
STATE:161:fr205fr710fff:6s5h|5c9h|Qh7s|AcJh|3s2s|KhKs:-50|-100|0|-205|0|355:Pluribus|Eddie|MrPink|MrOrange|MrBrown|MrBlue
STATE:162:ffr225ffc/cc/r575c/r2075c:5c8s|4c2c|3hKd|8cKh|Js9s|Qh9d/4s2s6c/8d/Jd:-50|2125|0|0|-2075|0:Eddie|MrPink|MrOrange|MrBrown|MrBlue|Pluribus
STATE:163:fr225fffc/cc/cc/cr425f:3c5c|6cAc|4s2s|9s9h|8c4d|2c7c/5h6hQh/3d/Td:-50|-225|0|275|0|0:MrPink|MrOrange|MrBrown|MrBlue|Pluribus|Eddie
STATE:164:r225ffffc/cr425f:9c7h|Ac6s|8cTc|4dQc|Qs6h|9h7s/KcKh9d:-50|-225|275|0|0|0:MrOrange|MrBrown|MrBlue|Pluribus|Eddie|MrPink
STATE:165:fr200fffc/cr335f:3dAh|Js8c|7c4h|QhAd|As3h|5d8h/5sQc4s:-50|-200|0|250|0|0:MrBrown|MrBlue|Pluribus|Eddie|MrPink|MrOrange
STATE:166:fr210ffff:Qd8h|Jd6s|7dKh|JhAh|4sJc|Ks7c:-50|-100|0|150|0|0:MrBlue|Pluribus|Eddie|MrPink|MrOrange|MrBrown
STATE:167:r210cffff/cc/cc/cc:Ac4h|Js2d|5d6d|7d7s|8dKd|8c4s/6hQcTd/2c/Jd:-50|-100|-210|360|0|0:Pluribus|Eddie|MrPink|MrOrange|MrBrown|MrBlue
STATE:168:ffr225fff:Kc8s|6sJc|2s2c|Ks9d|KdJd|6h9h:-50|-100|0|0|150|0:Eddie|MrPink|MrOrange|MrBrown|MrBlue|Pluribus
STATE:169:r250ffffc/cc/r675f:6c7c|AhJs|9dKd|4d2s|AsTd|3cTs/4sAd8h/7h:-50|300|-250|0|0|0:MrPink|MrOrange|MrBrown|MrBlue|Pluribus|Eddie
STATE:170:r225fffcc/ccr562cf/cr1712f:QsAc|7s7c|JdJs|Kc3d|7h5c|9h5s/8dJcKh/4s:-562|-225|787|0|0|0:MrOrange|MrBrown|MrBlue|Pluribus|Eddie|MrPink
STATE:171:fr200ffcf/cc/cc/cc:9hTh|6sKd|QdJc|As3s|3cQs|2sJh/3h4h7s/8d/Jd:300|-100|0|-200|0|0:MrBrown|MrBlue|Pluribus|Eddie|MrPink|MrOrange
STATE:172:ffr225ffc/cr375r1175f:Kh3s|3h9h|As6h|5dJc|9dTd|2s7s/6sAh9s:-50|425|0|0|-375|0:MrBlue|Pluribus|Eddie|MrPink|MrOrange|MrBrown
