# name/game/hands/seed sample_game_65 ../lib/python-client/acpc_infrastructure/holdem.nolimit.6p.game 10000 65
#--t_response 600000000
#--t_hand 600000000
#--t_per_hand 600000000
STATE:0:fffff:Jd3c|2d7c|Js4h|5sAd|8s2s|9h4c:-50|50|0|0|0|0:MrBlue|MrPink|Bill|Eddie|Joe|Pluribus
STATE:1:fffr225fc/cr425c/cc/r1025f:6dKh|Js8c|9c6c|6h7h|2s8d|9sAc/JhQcQs/5c/4h:-50|475|0|0|0|-425:MrPink|Bill|Eddie|Joe|Pluribus|MrBlue
STATE:2:fr200fffc/cc/cc/cr537c:5s8d|AdQh|3dQs|KhQc|6d5h|TsQd/7h7s6c/3c/Kc:-50|-537|0|587|0|0:Bill|Eddie|Joe|Pluribus|MrBlue|MrPink
STATE:3:ffffcc/cc/cc/cc:As7h|Kd5h|2s5c|JdKs|7cJs|Jc4d/4cTsTh/9h/8s:100|-100|0|0|0|0:Eddie|Joe|Pluribus|MrBlue|MrPink|Bill
STATE:4:ffr225ffc/cr475c/cr1225c/cr4975c:5d7h|JsAs|2d4h|6hQc|QsTh|2s9d/Ah2c8s/Jd/9h:-50|-4975|0|0|5025|0:Joe|Pluribus|MrBlue|MrPink|Bill|Eddie
STATE:5:r210ffcff/cc/cc/cc:As6s|8c3h|QdAd|8d4s|TdQs|JhAc/5h9c3d/Tc/9h:-50|-100|360|0|0|-210:Pluribus|MrBlue|MrPink|Bill|Eddie|Joe
STATE:6:ffr250fcf/cr750f:3h3d|2h5c|2cAh|2s8c|7dKd|8dQs/7c2d4h:-250|-100|0|0|350|0:MrBlue|MrPink|Bill|Eddie|Joe|Pluribus
STATE:7:ffffcc/cc/r200c/cc:2d5d|2h5h|TsQh|4dTh|Jd6d|4c2s/4h5s7d/Qd/Tc:0|0|0|0|0|0:MrPink|Bill|Eddie|Joe|Pluribus|MrBlue
STATE:8:r250fcfff/cc/r625f:2hTd|Tc3s|JdKs|Th5s|4c4s|5h3h/Ad9h8d/9d:-50|-100|400|0|-250|0:Bill|Eddie|Joe|Pluribus|MrBlue|MrPink
STATE:9:fffr250r1150cf/cr2038c/cc/cr4588c:7h7d|Ad5s|Ts9d|2s3h|Kh8c|KdTh/8d6dTd/Ks/Qd:-4588|4838|0|0|0|-250:Eddie|Joe|Pluribus|MrBlue|MrPink|Bill
STATE:10:ffr225cff/cr375c/cc/cc:9c3d|Qd2h|Td4d|4hJh|5sAs|JcQc/5d8d7c/Qh/6d:-50|-100|0|0|-375|525:Joe|Pluribus|MrBlue|MrPink|Bill|Eddie
STATE:11:r210ffffc/cc/cc/r562f:7s5c|5dAs|AhJc|7h5s|3d3h|Kd4h/9dKs8s/Qs/Jh:-50|260|-210|0|0|0:Pluribus|MrBlue|MrPink|Bill|Eddie|Joe
STATE:12:fffr225fr1150f:As3d|JdJc|3sQd|Ah5c|5hKs|2sQs:-50|275|0|0|0|-225:MrBlue|MrPink|Bill|Eddie|Joe|Pluribus
STATE:13:fffff:Tc4h|8hKc|Ah6d|Jh5h|2d8c|5d3c:-50|50|0|0|0|0:MrPink|Bill|Eddie|Joe|Pluribus|MrBlue
STATE:14:r250fcfff/cr500c/cc/r700r2250f:Ah7h|Jh6h|6d6s|8h7s|5c5s|4dQd/4sAcAd/Kh/5h:-50|-100|-700|0|850|0:Bill|Eddie|Joe|Pluribus|MrBlue|MrPink
STATE:15:r200ffcr1200fr2650fr10000c///:5sAs|3hQd|KcAh|3dJd|Jh9c|2s2h/QsKd8s/6d/Ts:10300|-100|-10000|0|0|-200:Eddie|Joe|Pluribus|MrBlue|MrPink|Bill
STATE:16:ffr225ffr1225c/r2475f:As3d|KhQc|6d5s|Qh9c|7s7c|9d6c/3cJd9h:-50|1275|0|0|-1225|0:Joe|Pluribus|MrBlue|MrPink|Bill|Eddie
STATE:17:fffr250fc/cr650f:8h4h|TcKc|9cAh|Td2d|2s8s|ThQd/2c6d9d:-50|-250|0|0|0|300:Pluribus|MrBlue|MrPink|Bill|Eddie|Joe
STATE:18:fffr225fr1150f:4hKd|TdJd|3d9c|2cTh|Jc9h|AcTs:-50|275|0|0|0|-225:MrBlue|MrPink|Bill|Eddie|Joe|Pluribus
STATE:19:ffr200ffr900c/r1550c/cc/r2800c:5c3d|QcAd|7hKs|9c8s|JhAh|Jc9d/AsKc4s/2s/Jd:-50|-2800|0|0|2850|0:MrPink|Bill|Eddie|Joe|Pluribus|MrBlue
STATE:20:fr225fffr1300f:4h3d|6d5d|Jd5h|9cJc|3h9d|6c4s:-50|275|0|-225|0|0:Bill|Eddie|Joe|Pluribus|MrBlue|MrPink
STATE:21:ffffcc/r200r500r1300f:2d2c|3c6c|Ac5d|5c4d|Kc7s|6hQd/2h6dTd:500|-500|0|0|0|0:Eddie|Joe|Pluribus|MrBlue|MrPink|Bill
STATE:22:fffr222fr1225f:3sTh|5cAd|4dJc|3dJs|2d5h|6cAh:-50|272|0|0|0|-222:Joe|Pluribus|MrBlue|MrPink|Bill|Eddie
STATE:23:fr225fr875ffr2375c/r4350c/r10000f:Jd5h|Kd4h|Jh7s|QcTc|TdQh|JcAc/JsKs2d/8s:-50|-100|0|4500|0|-4350:Pluribus|MrBlue|MrPink|Bill|Eddie|Joe
STATE:24:fffr225fc/cr475f:7dTc|7c8d|As9c|3cAd|6d2d|6hTh/Kd4c2s:-50|-225|0|0|0|275:MrBlue|MrPink|Bill|Eddie|Joe|Pluribus
STATE:25:ffffcc/r200c/cc/cc:7cTc|4sAd|7s6s|2d7d|3c9h|6h8c/Js5c2h/2c/5d:-200|200|0|0|0|0:MrPink|Bill|Eddie|Joe|Pluribus|MrBlue
STATE:26:ffffr300c/cc/r600f:QsQd|7dKs|6hAd|6s9d|4h2h|6cTh/6dJc5h/Jd:300|-300|0|0|0|0:Bill|Eddie|Joe|Pluribus|MrBlue|MrPink
STATE:27:ffffr300c/cc/cr625c/cr1100f:As4h|5s2s|ThQs|8dKh|6dKs|9h5c/6h9cQd/4s/Kd:-625|625|0|0|0|0:Eddie|Joe|Pluribus|MrBlue|MrPink|Bill
STATE:28:fffr222ff:6hAd|2d4s|9d7h|5d3h|6cJc|Ks8s:-50|-100|0|0|0|150:Joe|Pluribus|MrBlue|MrPink|Bill|Eddie
STATE:29:fr225ffff:6c8c|Qs7d|7h9c|AhTc|4d9s|6sKd:-50|-100|0|150|0|0:Pluribus|MrBlue|MrPink|Bill|Eddie|Joe
STATE:30:fffff:Th4s|8d2c|8s6d|5sKh|Kc6s|3h2s:-50|50|0|0|0|0:MrBlue|MrPink|Bill|Eddie|Joe|Pluribus
STATE:31:fffr225fr1000f:Tc9d|7h5h|ThKc|7sQh|6s5d|8dAs:-50|275|0|0|0|-225:MrPink|Bill|Eddie|Joe|Pluribus|MrBlue
STATE:32:ffffr300c/r500c/r1250c/r3125f:7sTs|8dAs|Tc5d|8hJc|2c3h|2h9h/KdKsAc/3d/Jh:1250|-1250|0|0|0|0:Bill|Eddie|Joe|Pluribus|MrBlue|MrPink
STATE:33:fffr250ff:9d5h|4cTh|9c2d|2sTc|7d4d|Js8h:-50|-100|0|0|0|150:Eddie|Joe|Pluribus|MrBlue|MrPink|Bill
STATE:34:ffr225fff:3c7d|7h4c|2s5h|9hAs|6d6s|8h4h:-50|-100|0|0|150|0:Joe|Pluribus|MrBlue|MrPink|Bill|Eddie
STATE:35:fr225fffc/cc/cc/cc:6h8d|AcQc|QsTd|4hAh|3c7c|2s2c/7s8c6c/Kh/Th:-50|275|0|-225|0|0:Pluribus|MrBlue|MrPink|Bill|Eddie|Joe
STATE:36:r225fr875fffc/cr1575f:Kd8s|7c2d|Tc9c|4sKh|9h9s|Jc8d/QdQs3c:-50|-100|-875|0|1025|0:MrBlue|MrPink|Bill|Eddie|Joe|Pluribus
STATE:37:r200fcfff/cr475r1300c/r3450c/r10000c:As6h|Ks8c|2d2c|Jd4d|QcQs|Ah3s/3d2h7c/8d/Th:-50|-100|10150|0|-10000|0:MrPink|Bill|Eddie|Joe|Pluribus|MrBlue
STATE:38:cffr275fff:9sKs|5c7s|6hAd|3h3d|9d4s|JhTh:-50|-100|-100|0|0|250:Bill|Eddie|Joe|Pluribus|MrBlue|MrPink
STATE:39:r200fffff:Qd8c|Jh8s|QcAs|KcTd|3sAc|Jc6c:-50|-100|150|0|0|0:Eddie|Joe|Pluribus|MrBlue|MrPink|Bill
STATE:40:fffff:7c6s|Jh3s|6hQc|Ah7s|Ad2s|2c8c:-50|50|0|0|0|0:Joe|Pluribus|MrBlue|MrPink|Bill|Eddie
STATE:41:fr225ffff:4c2d|2h8d|JsTd|KsQs|9d5h|6d9h:-50|-100|0|150|0|0:Pluribus|MrBlue|MrPink|Bill|Eddie|Joe
STATE:42:ffr250ffc/cc/cc/r650f:9cTd|Ks8d|QdTs|6d8s|AhTc|Qs6c/Qh2s3c/8c/7h:-50|300|0|0|-250|0:MrBlue|MrPink|Bill|Eddie|Joe|Pluribus
STATE:43:fffr225ff:Qc5s|3s4h|Kd8s|5hTd|4d7h|9dQs:-50|-100|0|0|0|150:MrPink|Bill|Eddie|Joe|Pluribus|MrBlue
STATE:44:ffr225fff:9s7c|4sJh|Qc5c|KsTd|AdKc|2cTc:-50|-100|0|0|150|0:Bill|Eddie|Joe|Pluribus|MrBlue|MrPink
STATE:45:ffr210cfc/ccc/ccc/cr550cf:7cTh|4s8s|9d5s|2dJs|AdKc|TsTc/Kh9s8d/9c/Jc:-50|-210|0|0|810|-550:Eddie|Joe|Pluribus|MrBlue|MrPink|Bill
STATE:46:r225ffffc/cc/cr600f:9c2s|Ad9s|Tc8c|2d5c|4c7d|9d3d/7h2hJc/6c:-50|-225|275|0|0|0:Joe|Pluribus|MrBlue|MrPink|Bill|Eddie
STATE:47:r210fcffc/ccc/ccr550fc/cr1570f:4dKs|2s2d|6h6s|9hAd|QdAh|Kc2c/8s5sQh/5c/7s:-50|-210|-550|0|810|0:Pluribus|MrBlue|MrPink|Bill|Eddie|Joe
STATE:48:r225fffff:Qd8c|4sKc|Jc9c|Tc4h|5s6c|8dJd:-50|-100|150|0|0|0:MrBlue|MrPink|Bill|Eddie|Joe|Pluribus
STATE:49:r200ffcfr1200ff:Qc3s|KcQd|QsKd|7c9s|9cTh|6h4h:-50|450|-200|0|0|-200:MrPink|Bill|Eddie|Joe|Pluribus|MrBlue
STATE:50:fffff:Ts2s|4c9c|9d6c|Ad4s|Qd5s|3s5c:-50|50|0|0|0|0:Bill|Eddie|Joe|Pluribus|MrBlue|MrPink
STATE:51:fffr287cr1400cr10000fc///:TcTd|ThQh|5d7h|As9c|9h4s|JdKd/8cAc4h/5s/Jc:-10000|-1400|0|0|0|11400:Eddie|Joe|Pluribus|MrBlue|MrPink|Bill
STATE:52:ffr225cr1250fff:AdJc|3c8s|Kh6h|2h7h|TcQh|Ac9c:550|-100|0|0|-225|-225:Joe|Pluribus|MrBlue|MrPink|Bill|Eddie
STATE:53:ffr200fcf/cc/cc/r700f:9hQh|5sJd|9c3h|7h3d|6h6c|Tc5h/QdTs3c/4c/5c:300|-100|0|0|-200|0:Pluribus|MrBlue|MrPink|Bill|Eddie|Joe
STATE:54:r225ffccc/cccc/ccr675cff/r2025c:AdKs|8h6c|ThKh|7cTs|4d8d|JsAh/7sQcJh/Qd/7h:-225|-225|-2025|0|0|2475:MrBlue|MrPink|Bill|Eddie|Joe|Pluribus
STATE:55:fr250fffr1100r2600f:4h2c|2sAs|3c6h|KdKc|Ad2h|Js5d:-50|-1100|0|1150|0|0:MrPink|Bill|Eddie|Joe|Pluribus|MrBlue
STATE:56:fffff:7dTs|5s8s|Ah6d|7h2s|3s5d|9h5c:-50|50|0|0|0|0:Bill|Eddie|Joe|Pluribus|MrBlue|MrPink
STATE:57:fffr287fc/cr599r1337f:2h6s|Js9c|3s4s|3h5h|6c7d|6d8d/7hQc3c:-50|649|0|0|0|-599:Eddie|Joe|Pluribus|MrBlue|MrPink|Bill
STATE:58:fffff:6c2s|3cQh|JsQd|Th4s|4cJd|3hQs:-50|50|0|0|0|0:Joe|Pluribus|MrBlue|MrPink|Bill|Eddie
STATE:59:fr225fcff/cr425f:Td4c|3sKh|6sJd|9cKc|4s8d|7c7s/As4h3d:-50|-100|0|-225|0|375:Pluribus|MrBlue|MrPink|Bill|Eddie|Joe
STATE:60:ffr250fcf/cr575c/cc/cc:8s8h|2s7s|8cQs|9c6s|Ac4c|9dTh/Kc4dJs/Jc/Kh:-575|-100|0|0|675|0:MrBlue|MrPink|Bill|Eddie|Joe|Pluribus
STATE:61:fr250ffff:AsTc|3hQc|Qd3s|KhAc|5cKd|Jd5d:-50|-100|0|150|0|0:MrPink|Bill|Eddie|Joe|Pluribus|MrBlue
STATE:62:ffr225ffc/cc/cc/r1100f:5cQs|7s6c|8c6s|5d6h|TcJh|2d4h/5sThAd/9c/Ah:-50|275|0|0|-225|0:Bill|Eddie|Joe|Pluribus|MrBlue|MrPink
STATE:63:ffffcc/cc/cc/r200f:Qh9s|6cQd|3h5c|4d9c|Ts7d|Jc2s/KdKcJs/4s/Tc:100|-100|0|0|0|0:Eddie|Joe|Pluribus|MrBlue|MrPink|Bill
STATE:64:fffff:4h2s|4s4c|2c7d|6dAs|Td7h|Kd7s:-50|50|0|0|0|0:Joe|Pluribus|MrBlue|MrPink|Bill|Eddie
STATE:65:ffffr250f:QdKc|4s9d|Ks5s|Jd6c|Qc2s|Th6d:100|-100|0|0|0|0:Pluribus|MrBlue|MrPink|Bill|Eddie|Joe
STATE:66:fffff:6dJs|3h9c|TsJc|Qd9s|Jh8s|Qh8d:-50|50|0|0|0|0:MrBlue|MrPink|Bill|Eddie|Joe|Pluribus
STATE:67:ffr287ffc/cc/r911f:TdKc|JcQd|4d2s|3h2d|5s5d|3s2h/9sAc9d/4s:-50|337|0|0|-287|0:MrPink|Bill|Eddie|Joe|Pluribus|MrBlue
STATE:68:r250fffff:7s8h|Td8c|QsJs|Kc6s|Tc9d|8s5s:-50|-100|150|0|0|0:Bill|Eddie|Joe|Pluribus|MrBlue|MrPink
STATE:69:fffr287ff:2s7d|8dJs|2h9c|6sTs|As6d|Ah6c:-50|-100|0|0|0|150:Eddie|Joe|Pluribus|MrBlue|MrPink|Bill
STATE:70:r225ffffc/cc/cc/r600c:Tc3c|Ad4d|9sAs|Ac7s|TsQd|Qh2c/9hJcQc/3s/2d:-50|-600|650|0|0|0:Joe|Pluribus|MrBlue|MrPink|Bill|Eddie
STATE:71:ffffr200c/r600c/cr1500f:Ah9h|Ts4s|5d2c|5hTh|Jh4d|7h3d/QsKsJs/8d:-600|600|0|0|0|0:Pluribus|MrBlue|MrPink|Bill|Eddie|Joe
STATE:72:fr200ffff:5h8c|3cQd|5c4s|QsKc|Ks9c|2d4c:-50|-100|0|150|0|0:MrBlue|MrPink|Bill|Eddie|Joe|Pluribus
STATE:73:ffr200ffc/cc/cc/r537r2785f:AhTc|9s3s|TsQc|5sQs|TdKs|6dKd/Qh7h5c/Ad/Js:-50|-537|0|0|587|0:MrPink|Bill|Eddie|Joe|Pluribus|MrBlue
STATE:74:r200ffr650fff:7sTc|8dQh|7hKd|3h7c|Qd6s|AcJd:-50|-100|-200|0|0|350:Bill|Eddie|Joe|Pluribus|MrBlue|MrPink
STATE:75:r225fffff:4dKs|2hQd|9h9s|8hTs|Qh5d|2s6c:-50|-100|150|0|0|0:Eddie|Joe|Pluribus|MrBlue|MrPink|Bill
STATE:76:fffff:7h2h|3h2c|Ks7d|4hQh|2d4c|5cJd:-50|50|0|0|0|0:Joe|Pluribus|MrBlue|MrPink|Bill|Eddie
STATE:77:fffff:5c2h|2s2c|7s9s|9hQs|5dTd|2d4d:-50|50|0|0|0|0:Pluribus|MrBlue|MrPink|Bill|Eddie|Joe
STATE:78:fr200r825fffc/cr1475c/cr3075c/cc:7sTd|2c3s|6dTc|4h5h|AhQh|QcTh/4c5c3c/As/5d:-50|-100|0|3225|-3075|0:MrBlue|MrPink|Bill|Eddie|Joe|Pluribus
STATE:79:fr250fcfc/ccr550r1200ff:6d9c|9h8c|5dTs|7d8d|9sQh|5h5s/2hTd6c:-50|850|0|-250|0|-550:MrPink|Bill|Eddie|Joe|Pluribus|MrBlue
STATE:80:fr200fffc/cc/cc/r875f:Kc2h|4h4s|7h4c|AsQs|Td9c|9d2c/7c8s8c/Jc/7s:-50|250|0|-200|0|0:Bill|Eddie|Joe|Pluribus|MrBlue|MrPink
STATE:81:fr225ffff:7hJs|6s2d|2h7s|AdKc|4h5h|Jh6h:-50|-100|0|150|0|0:Eddie|Joe|Pluribus|MrBlue|MrPink|Bill
STATE:82:ffr225ffc/cr600f:Qs4d|Js7s|Kc3c|8c9s|JdQh|2c6h/9cTdQd:-50|-225|0|0|275|0:Joe|Pluribus|MrBlue|MrPink|Bill|Eddie
STATE:83:r210ffffc/cc/cr445c/cr1045f:5h4d|Kc5c|7s7h|6dJh|7cTh|8dKd/9c2s6c/5d/8s:-50|-445|495|0|0|0:Pluribus|MrBlue|MrPink|Bill|Eddie|Joe
STATE:84:ffffr300c/cc/cc/cc:7h8h|6dAh|Ad4h|5hTh|Ts8d|Kc5d/Qh7d9d/3c/Td:300|-300|0|0|0|0:MrBlue|MrPink|Bill|Eddie|Joe|Pluribus
STATE:85:r200r825fffff:3d9s|Jc6h|As7s|AhTh|JhAc|6s3c:-50|-100|-200|350|0|0:MrPink|Bill|Eddie|Joe|Pluribus|MrBlue
STATE:86:fr200cffc/ccc/cr850cr2800r10000ff:QcJh|3d5d|5cJc|KdAd|KcAs|8cKh/4c3h9d/Ac:-50|-2800|0|3700|-850|0:Bill|Eddie|Joe|Pluribus|MrBlue|MrPink
STATE:87:fffr287cr1400ff:8sKs|9h9c|3h8h|AdTh|8d9s|3c4c:-287|574|0|0|0|-287:Eddie|Joe|Pluribus|MrBlue|MrPink|Bill
STATE:88:fffff:4dKs|TdKh|9d2h|3d6s|8c9s|5d6c:-50|50|0|0|0|0:Joe|Pluribus|MrBlue|MrPink|Bill|Eddie
STATE:89:fffff:Jc3d|9cTh|7h6d|Qh4c|Kd9s|6h9d:-50|50|0|0|0|0:Pluribus|MrBlue|MrPink|Bill|Eddie|Joe
STATE:90:ffffcr300f:4sKc|Jh9h|Ks2h|5d2s|Kh4c|9s3d:-100|100|0|0|0|0:MrBlue|MrPink|Bill|Eddie|Joe|Pluribus
STATE:91:ffr200ffc/cr650f:Ah4d|2cAc|9s5s|8hKs|QsTs|9cJd/4h3s7s:-50|-200|0|0|250|0:MrPink|Bill|Eddie|Joe|Pluribus|MrBlue
STATE:92:fr225fccf/ccc/r806ff:3c3s|3h9s|JdQh|6h6d|2hTc|8d8c/JsAcTd/9d:550|-100|0|-225|0|-225:Bill|Eddie|Joe|Pluribus|MrBlue|MrPink
STATE:93:fr225fcff/r525c/cc/r1425c:Jc6c|7d2c|6s5c|JhAs|2d7s|Kc9c/Kd8hQd/8c/Th:-50|-100|0|1575|0|-1425:Eddie|Joe|Pluribus|MrBlue|MrPink|Bill
STATE:94:fr210ffff:7s3s|2d5s|3c4h|9hJh|5dTd|Qc8h:-50|-100|0|150|0|0:Joe|Pluribus|MrBlue|MrPink|Bill|Eddie
STATE:95:ffffcc/cc/cr250f:3h3c|9c7h|Ah7d|As8c|6s5d|2c8d/5s8sQc/Ts:-100|100|0|0|0|0:Pluribus|MrBlue|MrPink|Bill|Eddie|Joe
STATE:96:ffffcc/cc/r250f:4c6s|2h8s|8hJh|5h7s|Js6h|4d9s/Qh5c7c/Kd:100|-100|0|0|0|0:MrBlue|MrPink|Bill|Eddie|Joe|Pluribus
STATE:97:fr250fcfr1250fc/cc/r2200f:2s7d|QdTd|5h9h|QhTh|8dAs|QcAc/5s4c2h/4d:-50|1550|0|-250|0|-1250:MrPink|Bill|Eddie|Joe|Pluribus|MrBlue
STATE:98:ffr225ffc/cc/cc/cc:Jd2s|9c8d|8sJs|Qd4d|QsKc|6cKs/AdTdTs/3c/7s:-50|-225|0|0|275|0:Bill|Eddie|Joe|Pluribus|MrBlue|MrPink
STATE:99:fffr287ff:Ts7h|6s7d|4sAh|2dKs|Jd6d|Td9c:-50|-100|0|0|0|150:Eddie|Joe|Pluribus|MrBlue|MrPink|Bill
STATE:100:fr210fffc/cr325c/cr825c/cc:5hTh|KsJh|6d9s|As4s|Qs9d|Td6c/8dKdQd/2h/Kc:-50|875|0|-825|0|0:Joe|Pluribus|MrBlue|MrPink|Bill|Eddie
STATE:101:ffr200r805ffr2350f:4dQs|9c5h|Ts8h|3sTh|AcAs|QcKs:-50|-100|0|0|955|-805:Pluribus|MrBlue|MrPink|Bill|Eddie|Joe
STATE:102:fr200fffc/cr335c/cc/cr695f:8d3c|Jd8s|9cQh|AhTd|6sQs|4s2d/2c8hAs/7d/6c:-50|-335|0|385|0|0:MrBlue|MrPink|Bill|Eddie|Joe|Pluribus
STATE:103:ffr200fff:5sJh|6h5c|Qs4c|3h8s|8cJc|Qc3s:-50|-100|0|0|150|0:MrPink|Bill|Eddie|Joe|Pluribus|MrBlue
STATE:104:ffr225fff:5hJs|7d3s|4d7h|Ac6d|7sAs|Ad8c:-50|-100|0|0|150|0:Bill|Eddie|Joe|Pluribus|MrBlue|MrPink
STATE:105:r200fffcf/cc/r600f:7c6c|3c7s|JsKs|3hAc|7h9d|Kc4d/2c5d4c/8s:300|-100|-200|0|0|0:Eddie|Joe|Pluribus|MrBlue|MrPink|Bill
STATE:106:r225fffff:TsAd|3hAs|4d4s|5s8h|9h8c|2h5h:-50|-100|150|0|0|0:Joe|Pluribus|MrBlue|MrPink|Bill|Eddie
STATE:107:ffr200ffc/cr605f:8h4d|5c6h|9hTc|9c4c|AcKd|6sKs/AsJc7h:-50|-200|0|0|250|0:Pluribus|MrBlue|MrPink|Bill|Eddie|Joe
STATE:108:r225fffff:5d6s|4cJh|9h9d|2dQh|6cQd|3d3s:-50|-100|150|0|0|0:MrBlue|MrPink|Bill|Eddie|Joe|Pluribus
STATE:109:ffffcc/cc/cc/r200c:JsTc|Kc7c|7hJh|5s6h|Qs4d|8d3h/2dAc5d/3d/9c:-200|200|0|0|0|0:MrPink|Bill|Eddie|Joe|Pluribus|MrBlue
STATE:110:fr200fccc/ccr600fff:4c4h|QcTs|8hQh|AdJh|Kh5h|QsAc/9d6h6d:-200|-200|0|600|0|-200:Bill|Eddie|Joe|Pluribus|MrBlue|MrPink
STATE:111:fr225fr800fff:9sJs|4h9d|2s2c|3s3h|2h4d|QdAs:-50|-100|0|-225|0|375:Eddie|Joe|Pluribus|MrBlue|MrPink|Bill
STATE:112:fffff:3c5d|Th5c|7cAd|9c6s|Ks4c|4sQh:-50|50|0|0|0|0:Joe|Pluribus|MrBlue|MrPink|Bill|Eddie
STATE:113:ffr200ffc/cr605c/cr1615f:4cKh|JdQd|7dAs|3cQc|Ah4h|8s2h/9cQh4d/4s:-50|-605|0|0|655|0:Pluribus|MrBlue|MrPink|Bill|Eddie|Joe
STATE:114:ffr250cfc/ccc/cr600cf/cr1350f:7c4d|As8d|Ac8h|6c9d|5s5d|JhKs/AdKcKh/Ts/Js:-50|-250|0|0|-600|900:MrBlue|MrPink|Bill|Eddie|Joe|Pluribus
STATE:115:fffr225fr1000f:Ad3h|9d9s|2c3s|6sAc|8h7s|KsQh:-50|275|0|0|0|-225:MrPink|Bill|Eddie|Joe|Pluribus|MrBlue
STATE:116:fr225fcff/r525c/cr925f:ThKc|5sAd|9c6c|Kh7h|9hJs|6h6d/2s3hTs/5c:-50|-100|0|-525|0|675:Bill|Eddie|Joe|Pluribus|MrBlue|MrPink
STATE:117:fffff:7d2c|8sTd|Qs4s|Kh9s|Tc7c|5cJh:-50|50|0|0|0|0:Eddie|Joe|Pluribus|MrBlue|MrPink|Bill
STATE:118:ffr225fff:8d2d|4s3h|QcTh|6dTd|AsAd|8sKd:-50|-100|0|0|150|0:Joe|Pluribus|MrBlue|MrPink|Bill|Eddie
STATE:119:r210ffffc/cr325c/cc/r1325f:ThAs|3d2d|JcJd|8hTc|5d7d|6s3h/Ad4h9d/4d/8s:-50|375|-325|0|0|0:Pluribus|MrBlue|MrPink|Bill|Eddie|Joe
STATE:120:ffffcr300f:Qs6h|Jc4h|2sQd|TsKh|3sKc|3cKd:-100|100|0|0|0|0:MrBlue|MrPink|Bill|Eddie|Joe|Pluribus
STATE:121:r200ffcff/cr468f:6h5h|Jc3d|Ac6c|9h2d|Qd8c|Ah8h/Js9s7d:-50|-100|-200|0|0|350:MrPink|Bill|Eddie|Joe|Pluribus|MrBlue
STATE:122:fffr250fc/cc/cc/cc:Jh5h|Ac9d|8s3s|Tc5s|2s4d|Ad8c/6hTd4c/6c/7c:-50|300|0|0|0|-250:Bill|Eddie|Joe|Pluribus|MrBlue|MrPink
STATE:123:r200fffff:5sKs|6cJh|QsKd|QhKc|7sJc|3c2d:-50|-100|150|0|0|0:Eddie|Joe|Pluribus|MrBlue|MrPink|Bill
STATE:124:fffr222ff:3s4s|9h5s|5d4c|Kh9c|Jc8h|3c3h:-50|-100|0|0|0|150:Joe|Pluribus|MrBlue|MrPink|Bill|Eddie
STATE:125:ffr200fcf/cr350f:ThJs|Qh2s|5dKs|7cTs|5hKh|6d4s/Ac2hAs:-200|-100|0|0|300|0:Pluribus|MrBlue|MrPink|Bill|Eddie|Joe
STATE:126:ffffcc/cc/cc/cc:Qh3h|9c3d|2hTc|4c9d|5h2s|Qs6c/4h8hTd/8c/4s:100|-100|0|0|0|0:MrBlue|MrPink|Bill|Eddie|Joe|Pluribus
STATE:127:ffffr300c/r490c/r1590f:9sAh|Jd4d|5c7d|6s3s|Qs2c|Ks2h/7sJhQc/Kc:490|-490|0|0|0|0:MrPink|Bill|Eddie|Joe|Pluribus|MrBlue
STATE:128:fr200fffc/cr425f:7dKc|Jc8h|Jh9s|KdJs|Qs9h|Th2s/7c3h3d:-50|-200|0|250|0|0:Bill|Eddie|Joe|Pluribus|MrBlue|MrPink
STATE:129:ffffcc/cc/r200c/cr400f:9sKh|7cTd|6s3h|4h8s|Ah6c|Jd4c/4dQhQs/7d/3d:-200|200|0|0|0|0:Eddie|Joe|Pluribus|MrBlue|MrPink|Bill
STATE:130:r225fffr950fc/r1616f:KcAd|4dTc|7d7s|8h6c|3h3d|8d5h/Kd5c2c:1050|-100|-950|0|0|0:Joe|Pluribus|MrBlue|MrPink|Bill|Eddie
STATE:131:fffr250r1000fc/r1525f:JcQh|4dAs|6cTd|2d3s|9cQs|9s7s/TsKdTh:1100|-100|0|0|0|-1000:Pluribus|MrBlue|MrPink|Bill|Eddie|Joe
STATE:132:r225ffffc/cr475c/cc/r1825f:2dKc|Js5s|6h6c|9dAs|3hJh|Qd8s/9h3s5h/7h/Jc:-50|525|-475|0|0|0:MrBlue|MrPink|Bill|Eddie|Joe|Pluribus
STATE:133:ffr225r725fff:7h6h|Qc8d|5cKs|8hKc|9hQh|AcQs:-50|-100|0|0|-225|375:MrPink|Bill|Eddie|Joe|Pluribus|MrBlue
STATE:134:ffr225fff:9s3h|7sQc|2hQd|4c2s|Ad9d|As5h:-50|-100|0|0|150|0:Bill|Eddie|Joe|Pluribus|MrBlue|MrPink
STATE:135:r200fffcf/cc/cc/r350c:KdQc|4s9h|JdJc|7hKc|4h4c|Ac4d/5d6dKh/As/3d:450|-100|-350|0|0|0:Eddie|Joe|Pluribus|MrBlue|MrPink|Bill
STATE:136:fffr222fc/cr372c/cr1252f:7s5h|7hQh|6d3c|7c4h|4s6s|TsJh/KcJdTd/5c:-50|-372|0|0|0|422:Joe|Pluribus|MrBlue|MrPink|Bill|Eddie
STATE:137:fr225ffr1050fr2375f:Tc9c|6cKc|9h3h|AsAd|7dQs|5c2d:-1050|-100|0|1150|0|0:Pluribus|MrBlue|MrPink|Bill|Eddie|Joe
STATE:138:fr200ffcf/cr350f:5sAs|Qs2h|Qc5d|JhJc|3c3h|Qh6d/8c6cKh:-200|-100|0|300|0|0:MrBlue|MrPink|Bill|Eddie|Joe|Pluribus
STATE:139:ffr250fr1100fr2350c/r10000c//:TdTc|Kh6h|2s6c|3h7c|AsAd|Kd4d/5h9c8d/Kc/7s:-10000|-100|0|0|10100|0:MrPink|Bill|Eddie|Joe|Pluribus|MrBlue
STATE:140:fffr250fc/cc/cr525f:3h7s|8dAh|2c2d|6dJd|8c5c|Ad4s/5h6sTc/2s:-50|-250|0|0|0|300:Bill|Eddie|Joe|Pluribus|MrBlue|MrPink
STATE:141:fffr287fc/cr599c/cr1223c/cc:6s4s|7cAs|Qh6d|9s3d|6c7d|TsKc/Td6hAc/Kh/Js:-50|-1223|0|0|0|1273:Eddie|Joe|Pluribus|MrBlue|MrPink|Bill
STATE:142:r225fr700fffc/cc/cc/cc:3s5s|4d6d|4c4h|8c4s|8h7h|AsJd/2sQh8s/Ah/Td:-50|-100|-700|0|850|0:Joe|Pluribus|MrBlue|MrPink|Bill|Eddie
STATE:143:ffr200ffc/cr335f:Ah6s|9s7d|Kh2c|8cTh|9h6h|7c5d/3hJh5s:-50|-200|0|0|250|0:Pluribus|MrBlue|MrPink|Bill|Eddie|Joe
STATE:144:fr200ffff:2d4d|Kh3d|Qs8d|AcJs|5d4h|3hJc:-50|-100|0|150|0|0:MrBlue|MrPink|Bill|Eddie|Joe|Pluribus
