# name/game/hands/seed sample_game_32 ../lib/python-client/acpc_infrastructure/holdem.nolimit.6p.game 10000 32
#--t_response 600000000
#--t_hand 600000000
#--t_per_hand 600000000
STATE:0:fffr225ff:4dAh|2dKc|4hTs|4c2h|Qh8s|6cQc:-50|-100|0|0|0|150:MrWhite|Gogo|Budd|Eddie|Bill|Pluribus
STATE:1:r200ffffc/cr335c/cr1535f:4dAs|Ts8c|ThKh|6h3d|Jd9d|5s7s/4hAh8d/Js:-50|-335|385|0|0|0:Gogo|Budd|Eddie|Bill|Pluribus|MrWhite
STATE:2:fffff:3d6c|5h9s|6sKd|5dAh|9d5s|3s7h:-50|50|0|0|0|0:Budd|Eddie|Bill|Pluribus|MrWhite|Gogo
STATE:3:r200fffff:AcJs|7h5d|8hKh|9dAd|4cQc|7sQs:-50|-100|150|0|0|0:Eddie|Bill|Pluribus|MrWhite|Gogo|Budd
STATE:4:r225fffff:4s5h|3c9c|ThAd|5cKd|9s4c|9d3s:-50|-100|150|0|0|0:Bill|Pluribus|MrWhite|Gogo|Budd|Eddie
STATE:5:r200fffr825fc/r1262c/cc/cr4162f:JdJs|QhTh|4s5s|3s3h|9s6s|6cKh/2sTsKd/5h/As:-1262|-100|1362|0|0|0:Pluribus|MrWhite|Gogo|Budd|Eddie|Bill
STATE:6:fr200fffc/cr335r625f:3dKh|Ad4c|6d8h|AcJs|3c6s|Jh2d/2c4dKd:-50|385|0|-335|0|0:MrWhite|Gogo|Budd|Eddie|Bill|Pluribus
STATE:7:fffr225ff:5s3h|6h9s|6d9c|7dKd|9hQc|4dAd:-50|-100|0|0|0|150:Gogo|Budd|Eddie|Bill|Pluribus|MrWhite
STATE:8:fffr200fr1250f:8hTc|AsAd|5sTs|7c3c|2cQh|Ac4s:-50|250|0|0|0|-200:Budd|Eddie|Bill|Pluribus|MrWhite|Gogo
STATE:9:ffr200fr1100fc/r2800f:9hAh|Kd3d|5d4c|Kc5c|AsJd|6cQh/6h9s3s:1200|-100|0|0|-1100|0:Eddie|Bill|Pluribus|MrWhite|Gogo|Budd
STATE:10:r225fffr950ff:7h7s|2s9s|6c5c|JhKc|2cKd|7d4d:325|-100|-225|0|0|0:Bill|Pluribus|MrWhite|Gogo|Budd|Eddie
STATE:11:ffr200ffc/cc/r537f:6h7c|8sKs|5d9h|3c6s|AcTh|2h6d/2d3dQd/3s:-50|250|0|0|-200|0:Pluribus|MrWhite|Gogo|Budd|Eddie|Bill
STATE:12:fffff:Ad6h|5h7d|6c4c|Qs4s|7s3c|2c7c:-50|50|0|0|0|0:MrWhite|Gogo|Budd|Eddie|Bill|Pluribus
STATE:13:fr225ffff:Ac5h|8h2d|8cAd|6c5c|ThKc|4sJc:-50|-100|0|150|0|0:Gogo|Budd|Eddie|Bill|Pluribus|MrWhite
STATE:14:fr200fffc/cc/cr312f:Qc2h|Ad3h|Jc7c|8hAh|9h5d|5hQd/Kh4s4d/4c:-50|-200|0|250|0|0:Budd|Eddie|Bill|Pluribus|MrWhite|Gogo
STATE:15:ffffcr350c/cr575c/cc/cc:7dQd|6sTc|2cQc|Js6d|Jh4s|7c9s/6hAdKc/Ac/8c:-575|575|0|0|0|0:Eddie|Bill|Pluribus|MrWhite|Gogo|Budd
STATE:16:ffr225fff:5d5c|4dJs|Kc2s|3h9c|5hQh|4cTs:-50|-100|0|0|150|0:Bill|Pluribus|MrWhite|Gogo|Budd|Eddie
STATE:17:ffr200ffc/cr335f:6h8s|Td7s|As2d|3hJh|9sAc|4sQc/6dQh5h:-50|-200|0|0|250|0:Pluribus|MrWhite|Gogo|Budd|Eddie|Bill
STATE:18:ffr225fff:Qh7d|3h2h|4d7h|2c8h|5s5d|4h6c:-50|-100|0|0|150|0:MrWhite|Gogo|Budd|Eddie|Bill|Pluribus
STATE:19:fffr225r1000ff:7c7d|5d9c|QsJh|TdJc|Js2h|8c6c:325|-100|0|0|0|-225:Gogo|Budd|Eddie|Bill|Pluribus|MrWhite
STATE:20:r225fffff:3cQd|5dTs|TdAd|Jh4c|9dKh|Ks7s:-50|-100|150|0|0|0:Budd|Eddie|Bill|Pluribus|MrWhite|Gogo
STATE:21:ffr200ffc/cr350r800f:3h7h|7d7c|4h8s|Ah6s|6c8c|AsTd/KhTs7s:-50|400|0|0|-350|0:Eddie|Bill|Pluribus|MrWhite|Gogo|Budd
STATE:22:fr200fcff/cr612c/cc/r1986c:3cJh|Js7d|9s3d|AdKh|Jc8s|8d8c/7s4d9h/Jd/Ts:-50|-100|0|-1986|0|2136:Bill|Pluribus|MrWhite|Gogo|Budd|Eddie
STATE:23:r200ffr725fcr2900r10000fc///:Qc4d|9d9c|KdAd|6sTs|7c6d|AcKh/Th5h8c/5d/Ks:-50|-725|387.5|0|0|387.5:Pluribus|MrWhite|Gogo|Budd|Eddie|Bill
STATE:24:ffr225ffc/cr375f:5cAh|Jh5h|3sKh|Jc6d|6sAs|7s8h/9dKd8d:-50|-225|0|0|275|0:MrWhite|Gogo|Budd|Eddie|Bill|Pluribus
STATE:25:ffr200fff:Jd3c|4d2h|3sAd|Jc3h|8dAh|Qd5d:-50|-100|0|0|150|0:Gogo|Budd|Eddie|Bill|Pluribus|MrWhite
STATE:26:fffff:7h8s|7c8h|4d6h|Jh5d|3hTs|5c6d:-50|50|0|0|0|0:Budd|Eddie|Bill|Pluribus|MrWhite|Gogo
STATE:27:ffr200fff:Qc2d|Qs6h|JdTs|Qd3h|4dAc|9d8h:-50|-100|0|0|150|0:Eddie|Bill|Pluribus|MrWhite|Gogo|Budd
STATE:28:r225fffff:3cJc|3dJd|2hAh|9d4s|8dJh|QdTc:-50|-100|150|0|0|0:Bill|Pluribus|MrWhite|Gogo|Budd|Eddie
STATE:29:r200fffff:Qc6d|3s8c|KdJs|Ah3h|6c9h|JhKs:-50|-100|150|0|0|0:Pluribus|MrWhite|Gogo|Budd|Eddie|Bill
STATE:30:fffr287fc/cr599c/cc/cc:4c6h|QdJh|8d3s|8h2h|3cKc|As3h/Tc2cJc/9d/7h:-50|649|0|0|0|-599:MrWhite|Gogo|Budd|Eddie|Bill|Pluribus
STATE:31:fr225ffff:9c6d|2sJc|6h3c|Ts8s|8c4h|Qd7s:-50|-100|0|150|0|0:Gogo|Budd|Eddie|Bill|Pluribus|MrWhite
STATE:32:fffr200fc/cr500c/cr1550c/cr4700f:2h7s|4cTc|6d3d|Ah8s|Js2s|QsKc/AcTh9c/6h/8d:-50|-1550|0|0|0|1600:Budd|Eddie|Bill|Pluribus|MrWhite|Gogo
STATE:33:fffr250fc/cc/cr525c/cr1350c:6c8s|Kd8c|3sQd|7dQs|2dTd|3dAc/8h3c4c/Ad/5d:-50|-1350|0|0|0|1400:Eddie|Bill|Pluribus|MrWhite|Gogo|Budd
STATE:34:fffff:4c2d|Ks2c|7s6c|5sAc|3h7d|6d7c:-50|50|0|0|0|0:Bill|Pluribus|MrWhite|Gogo|Budd|Eddie
STATE:35:ffr200ffc/cr335f:Kd3s|5hJh|Th9c|3c7s|8cJc|5c2s/Ks7c2h:-50|-200|0|0|250|0:Pluribus|MrWhite|Gogo|Budd|Eddie|Bill
STATE:36:r225fffff:4d4s|5h6d|2cAc|9h3d|QsKc|Ts3c:-50|-100|150|0|0|0:MrWhite|Gogo|Budd|Eddie|Bill|Pluribus
STATE:37:r200ffcfc/cr363ff:Qd5c|5s9s|AhAc|3hTd|6h4d|2s2d/JdKd4h:-50|-200|450|0|0|-200:Gogo|Budd|Eddie|Bill|Pluribus|MrWhite
STATE:38:fffr200r900fc/r1600c/r3800r10000c/:KcAc|Qh9c|TsJc|7d5s|3s8s|KsJd/JsTd6c/5c/Qd:10100|-100|0|0|0|-10000:Budd|Eddie|Bill|Pluribus|MrWhite|Gogo
STATE:39:ffffcr350c/cr575c/cc/cr1725f:ThKd|QcAc|9cAs|7c9d|8c9h|Qh3c/KhJd6d/Qs/Ts:-575|575|0|0|0|0:Eddie|Bill|Pluribus|MrWhite|Gogo|Budd
STATE:40:fffr222fc/cr372c/cc/r1563f:3dKs|TsQs|7cQh|Qc2c|4sKd|8c8h/7s7h3c/Td/4d:-50|422|0|0|0|-372:Bill|Pluribus|MrWhite|Gogo|Budd|Eddie
STATE:41:fffr250r1150fr2425c/cc/r4900c/r10000c:JcJh|5dQd|2s6h|9h6d|Ad2h|AsKc/3sJsKd/Ks/5c:10100|-100|0|0|0|-10000:Pluribus|MrWhite|Gogo|Budd|Eddie|Bill
STATE:42:fr200fffc/cr335c/cr905f:7c9s|9dAs|Jh7d|KsTs|Td3d|3h2s/Kd2c5h/Kc:-50|-335|0|385|0|0:MrWhite|Gogo|Budd|Eddie|Bill|Pluribus
STATE:43:ffr200fff:2cQh|6s3h|QcTh|KsTc|AcJh|6cAd:-50|-100|0|0|150|0:Gogo|Budd|Eddie|Bill|Pluribus|MrWhite
STATE:44:ffr225ffc/cc/cc/cc:3d7c|5dJd|Jh6h|2d2c|TdTc|4s3h/4dAcQh/6c/Qs:-50|-225|0|0|275|0:Budd|Eddie|Bill|Pluribus|MrWhite|Gogo
STATE:45:ffffr300f:7d8d|Jd3s|Ac7s|JsTh|9s4s|5c3h:100|-100|0|0|0|0:Eddie|Bill|Pluribus|MrWhite|Gogo|Budd
STATE:46:ffr225fff:QhTs|8h2c|Kc2h|2d3d|Ac9s|Js5d:-50|-100|0|0|150|0:Bill|Pluribus|MrWhite|Gogo|Budd|Eddie
STATE:47:ffffcc/cr274r685c/r2055f:8hJd|QcJs|Ts3c|KcTd|9c3s|Jc2c/4cJh8d/5d:685|-685|0|0|0|0:Pluribus|MrWhite|Gogo|Budd|Eddie|Bill
STATE:48:r225ffffc/cr400f:8d4d|2sQs|JcKc|9c6c|5cQd|Kh8s/8cJhJd:-50|-225|275|0|0|0:MrWhite|Gogo|Budd|Eddie|Bill|Pluribus
STATE:49:r200ffcfc/ccc/cr633ff:Ts3h|2sKs|AcKc|Jh8s|7cTd|JdAd/8c3s5s/3c:-50|-200|450|0|0|-200:Gogo|Budd|Eddie|Bill|Pluribus|MrWhite
STATE:50:r225ffcr1350fff:JsKs|AdJd|AcTh|3sTs|2c4h|6c5c:550|-100|-225|0|0|-225:Budd|Eddie|Bill|Pluribus|MrWhite|Gogo
STATE:51:r200fr700r1900ffff:3c9h|7c7s|9sJs|4c8s|3dAd|AsKs:-50|-100|-200|0|-700|1050:Eddie|Bill|Pluribus|MrWhite|Gogo|Budd
STATE:52:r225fr720ffff:Kd9c|9s6c|5c5d|Qs3s|QhKh|KcJs:-50|-100|-225|0|375|0:Bill|Pluribus|MrWhite|Gogo|Budd|Eddie
STATE:53:ffffr300c/cr600c/cr1200f:5cAd|3sAh|3dAs|2cKs|Ts7d|2sJc/3hQd3c/8c:-600|600|0|0|0|0:Pluribus|MrWhite|Gogo|Budd|Eddie|Bill
STATE:54:fffff:4d6d|Js6c|As9d|6s7c|Td4h|7h2c:-50|50|0|0|0|0:MrWhite|Gogo|Budd|Eddie|Bill|Pluribus
STATE:55:fffr225fc/cc/cc/cc:Ac6h|8hKd|Qd8s|9c4s|4d9s|2c2s/Ks3sAs/6d/4c:-50|275|0|0|0|-225:Gogo|Budd|Eddie|Bill|Pluribus|MrWhite
STATE:56:fffff:6s9c|Td7h|7sAh|Tc3c|8hKh|Qh7d:-50|50|0|0|0|0:Budd|Eddie|Bill|Pluribus|MrWhite|Gogo
STATE:57:fr225fcff/r675c/cr2175f:2dAh|6hTd|JsKc|9d9h|7sTh|AcQs/3d6s8s/Qd:-50|-100|0|-675|0|825:Eddie|Bill|Pluribus|MrWhite|Gogo|Budd
STATE:58:ffr225fff:Ks3s|Jd5h|5s9h|8s9c|6hKh|8hTs:-50|-100|0|0|150|0:Bill|Pluribus|MrWhite|Gogo|Budd|Eddie
STATE:59:fr225ffcc/ccr500fc/cc/cc:3s3d|JdTh|4c8d|JsKs|6c4h|7sKd/8cQd5s/6d/Jh:-225|-500|0|725|0|0:Pluribus|MrWhite|Gogo|Budd|Eddie|Bill
STATE:60:fr200ffff:6d9d|6s8d|5h7c|6h6c|3d2h|8hJd:-50|-100|0|150|0|0:MrWhite|Gogo|Budd|Eddie|Bill|Pluribus
STATE:61:ffffr300c/cr600c/cc/r1400f:KcAh|4hKs|Jh3c|7sTs|Tc7h|4cQh/6s5dQc/Jd/Ac:600|-600|0|0|0|0:Gogo|Budd|Eddie|Bill|Pluribus|MrWhite
STATE:62:fffff:Tc3s|7h3c|Jh3h|4sTs|5d2d|6h4c:-50|50|0|0|0|0:Budd|Eddie|Bill|Pluribus|MrWhite|Gogo
STATE:63:r200fffff:6c2d|2cTh|7s7h|4d4s|4hTs|Ah5s:-50|-100|150|0|0|0:Eddie|Bill|Pluribus|MrWhite|Gogo|Budd
STATE:64:fr200ffr850ff:6d6c|2h7s|Th7d|AhTc|4hAd|4s8h:300|-100|0|-200|0|0:Bill|Pluribus|MrWhite|Gogo|Budd|Eddie
STATE:65:ffffr250r750f:Ac6s|7s8s|4sKs|7c5d|Jd8c|Qc7d:-250|250|0|0|0|0:Pluribus|MrWhite|Gogo|Budd|Eddie|Bill
STATE:66:fffr225ff:9s5s|Ts2d|Kh7d|Tc6c|7c9d|Qs9h:-50|-100|0|0|0|150:MrWhite|Gogo|Budd|Eddie|Bill|Pluribus
STATE:67:ffr200cff/cr475f:5c9h|Jc3d|3hTh|2d4h|TcJs|AhQd/5h6h9c:-50|-100|0|0|-200|350:Gogo|Budd|Eddie|Bill|Pluribus|MrWhite
STATE:68:ffr225fff:8s9d|Ts7d|TdKc|Ac4s|9c8c|8dJs:-50|-100|0|0|150|0:Budd|Eddie|Bill|Pluribus|MrWhite|Gogo
STATE:69:r200ffffc/cr425c/cc/r725f:Ac7h|7d5d|QcAs|4h6s|Th4c|3d7c/8c8s6h/7s/3h:-50|475|-425|0|0|0:Eddie|Bill|Pluribus|MrWhite|Gogo|Budd
STATE:70:ffffr300f:9hAc|9c4d|9s6c|2d8h|7h2c|Qh6s:100|-100|0|0|0|0:Bill|Pluribus|MrWhite|Gogo|Budd|Eddie
STATE:71:fr225ffff:3s7s|Jd4c|5d2c|Ks8s|Tc5c|QcJh:-50|-100|0|150|0|0:Pluribus|MrWhite|Gogo|Budd|Eddie|Bill
STATE:72:fffff:Qh4c|9h5h|Ts2s|Ah5c|Ac3s|7d6h:-50|50|0|0|0|0:MrWhite|Gogo|Budd|Eddie|Bill|Pluribus
STATE:73:fffff:Ts6h|Qh9c|2dKh|5s9d|7c6d|2hJs:-50|50|0|0|0|0:Gogo|Budd|Eddie|Bill|Pluribus|MrWhite
STATE:74:fr200fffc/cr1100f:QdJh|Kd3d|6s9d|QcAd|Qh5d|JdTh/3s6dTc:-50|-200|0|250|0|0:Budd|Eddie|Bill|Pluribus|MrWhite|Gogo
STATE:75:ffffcr350f:6c5s|Qh4s|Js9h|Ks4d|3dKh|4cJd:-100|100|0|0|0|0:Eddie|Bill|Pluribus|MrWhite|Gogo|Budd
STATE:76:r225ffcfc/cr768ff:5s2c|Kc8c|AdJd|8hTh|Ah9c|7c7s/4d2d5h:-50|-225|500|0|0|-225:Bill|Pluribus|MrWhite|Gogo|Budd|Eddie
STATE:77:fffr250ff:8d2d|2s7h|6dQd|2h3s|4cQs|6c3c:-50|-100|0|0|0|150:Pluribus|MrWhite|Gogo|Budd|Eddie|Bill
STATE:78:fr200ffff:5c2h|2sTd|7s8h|Ac7c|5d3d|8c3s:-50|-100|0|150|0|0:MrWhite|Gogo|Budd|Eddie|Bill|Pluribus
STATE:79:ffffr300c/r700f:2sAs|3h3d|6d3c|Jh8c|Ts7d|5s3s/4s8dQd:300|-300|0|0|0|0:Gogo|Budd|Eddie|Bill|Pluribus|MrWhite
STATE:80:fr200ffff:JhAd|3s4d|5cTd|Kd7d|6c8d|6dJd:-50|-100|0|150|0|0:Budd|Eddie|Bill|Pluribus|MrWhite|Gogo
STATE:81:ffr200ffc/cr350f:Qh6s|7s9d|3dJc|4cKh|8d8h|6cTs/4h3s8c:-50|-200|0|0|250|0:Eddie|Bill|Pluribus|MrWhite|Gogo|Budd
STATE:82:fr200ffff:5cKd|8dJh|8c9h|TcAs|8s2h|Qs7h:-50|-100|0|150|0|0:Bill|Pluribus|MrWhite|Gogo|Budd|Eddie
STATE:83:ffffr200f:Kd9s|2d6s|4cKs|3hJs|8sJh|5d6h:100|-100|0|0|0|0:Pluribus|MrWhite|Gogo|Budd|Eddie|Bill
STATE:84:fffff:Kd8h|9c2c|8c7h|3dJd|6sAc|6h3s:-50|50|0|0|0|0:MrWhite|Gogo|Budd|Eddie|Bill|Pluribus
STATE:85:ffr200ffc/cr425f:8c9s|8dJs|6c3c|2c7d|AsTd|ThQs/TsKcAc:-50|-200|0|0|250|0:Gogo|Budd|Eddie|Bill|Pluribus|MrWhite
STATE:86:fffr200ff:Js2h|Td2c|Ad6c|5dAs|7d6h|8c9d:-50|-100|0|0|0|150:Budd|Eddie|Bill|Pluribus|MrWhite|Gogo
STATE:87:fr225fccc/cccr675fff:5c4c|8cAh|6c5s|QhKh|Td3d|JdQd/JhQcAs:-225|-225|0|-225|0|675:Eddie|Bill|Pluribus|MrWhite|Gogo|Budd
STATE:88:fffff:Qc5h|7h4c|Qd2h|Ts6d|7cAh|6c3s:-50|50|0|0|0|0:Bill|Pluribus|MrWhite|Gogo|Budd|Eddie
STATE:89:fffr250fr800f:Qs6h|AhKh|3c8s|5c6s|4h9d|Ad6c:-50|300|0|0|0|-250:Pluribus|MrWhite|Gogo|Budd|Eddie|Bill
STATE:90:fffff:7c5h|3d8c|2h3c|Qc2c|9c3s|Jd6c:-50|50|0|0|0|0:MrWhite|Gogo|Budd|Eddie|Bill|Pluribus
STATE:91:ffr200ffc/cr425c/r725f:8cKs|2dAs|9c4h|3cJs|8h9h|2h4c/5hAd4d/2c:-50|475|0|0|-425|0:Gogo|Budd|Eddie|Bill|Pluribus|MrWhite
STATE:92:r225cffff/r675c/cr1050c/cr3300f:2s7d|3c8s|KhKs|JsTs|4sKc|4d8d/7c8cQd/5c/6d:-50|-100|-1050|1200|0|0:Budd|Eddie|Bill|Pluribus|MrWhite|Gogo
STATE:93:ffr200ffc/cr350r650c/r1100c/cr2900f:7sTc|5cJc|2h9s|Js8c|Ah5d|9c2s/5s4c4d/6h/Ks:-50|-1100|0|0|1150|0:Eddie|Bill|Pluribus|MrWhite|Gogo|Budd
STATE:94:fr200fffc/cr350r725f:5dTh|Ts5s|Jd6c|8dAd|3sJs|2cTd/QdQh5c:-50|400|0|-350|0|0:Bill|Pluribus|MrWhite|Gogo|Budd|Eddie
