STATE:74:ffr210fr1100ff:AhQc|3cQh|Jh2h|9s8d|TdAc|Th5c:310|-100|0|0|-210|0:MrOrange|MrBrown|MrBlue|Pluribus|Eddie|MrPink
STATE:75:ffffcc/r200c/r500f:9h8h|2dAs|Qd7h|4s7d|Ac4h|6dTh/Td3dQh/6h:200|-200|0|0|0|0:MrBrown|MrBlue|Pluribus|Eddie|MrPink|MrOrange
STATE:76:ffr215fff:3cAs|Qh5c|Ah2c|Td3h|QsKd|7c6s:-50|-100|0|0|150|0:MrBlue|Pluribus|Eddie|MrPink|MrOrange|MrBrown
STATE:77:fffr225ff:8d2h|Td5s|6sAc|2d9s|3c4d|8hAs:-50|-100|0|0|0|150:Pluribus|Eddie|MrPink|MrOrange|MrBrown|MrBlue
STATE:78:fr225fr675ffc/cr1425c/cr3675c/cc:6c3d|4hAd|Ks7s|ThQh|AhJc|AsTc/2h8h8s/Qs/4c:-50|-100|0|3825|0|-3675:Eddie|MrPink|MrOrange|MrBrown|MrBlue|Pluribus
STATE:79:ffffcc/cr200c/cr600c/cr1375f:TdKs|Qc9h|2c3h|As6d|2sAh|Ts7c/4d2d9d/8c/3s:-600|600|0|0|0|0:MrPink|MrOrange|MrBrown|MrBlue|Pluribus|Eddie
STATE:80:ffr210ffc/cr350f:Tc3c|8h7s|Jc2h|9cJs|TsKs|7h3h/AsJhAh:-50|-210|0|0|260|0:MrOrange|MrBrown|MrBlue|Pluribus|Eddie|MrPink
STATE:81:fffff:8d2c|3s5c|7d2s|3dQh|2h4c|6cKs:-50|50|0|0|0|0:MrBrown|MrBlue|Pluribus|Eddie|MrPink|MrOrange
STATE:82:r200fffff:6c7h|3s4d|KcTd|Ks4h|6d8h|9c4c:-50|-100|150|0|0|0:MrBlue|Pluribus|Eddie|MrPink|MrOrange|MrBrown
STATE:83:fffr225r1325ff:KhQc|JdTs|7h3d|5h8h|5sJs|5d9d:325|-100|0|0|0|-225:Pluribus|Eddie|MrPink|MrOrange|MrBrown|MrBlue
STATE:84:fr250fffc/cc/cr525f:Tc6s|6d6c|6h4h|JdQc|2cKs|8d9c/Ts5d3d/Qh:-50|-250|0|300|0|0:Eddie|MrPink|MrOrange|MrBrown|MrBlue|Pluribus
STATE:85:ffffcr375c/cr875f:ThQs|7d8c|6d7s|7h5d|5cJs|2c6c/9c6s3d:-375|375|0|0|0|0:MrPink|MrOrange|MrBrown|MrBlue|Pluribus|Eddie
STATE:86:r225ffr700ffc/cr1200c/cc/cc:3hQc|2h5c|JsQs|8sAh|Ks2c|QhJh/3dQd8c/Kc/7h:-50|-100|75|0|0|75:MrOrange|MrBrown|MrBlue|Pluribus|Eddie|MrPink
STATE:87:fffr225cc/ccc/ccc/r900ff:KdQc|Jd9d|6c3c|5d7d|Ah6s|9hAd/4sTcTs/Ks/Td:450|-225|0|0|0|-225:MrBrown|MrBlue|Pluribus|Eddie|MrPink|MrOrange
STATE:88:fffr275ff:5s2h|7c3h|6cQc|8dKh|Th7d|3sAd:-50|-100|0|0|0|150:MrBlue|Pluribus|Eddie|MrPink|MrOrange|MrBrown
STATE:89:ffr250ffc/cc/cc/cc:JhQd|4s4c|3c5h|8s5c|3d2d|Qc4h/QhTsJd/Js/Jc:-50|300|0|0|-250|0:Pluribus|Eddie|MrPink|MrOrange|MrBrown|MrBlue
STATE:90:ffr225fff:5s4c|Kc4h|8cAs|8h3s|ThTs|Qh3h:-50|-100|0|0|150|0:Eddie|MrPink|MrOrange|MrBrown|MrBlue|Pluribus
STATE:91:fffr225fr1200f:4c6c|6h9h|7c3s|2s5d|2h5c|8h9c:-50|275|0|0|0|-225:MrPink|MrOrange|MrBrown|MrBlue|Pluribus|Eddie
STATE:92:ffr210ffc/cr350f:QdJh|3hAd|3dJd|6dJs|ThAs|Kd8c/9sQcKs:-50|-210|0|0|260|0:MrOrange|MrBrown|MrBlue|Pluribus|Eddie|MrPink
STATE:93:fr200ffcc/ccr560ff:AsQc|7s6h|Ts3s|JsKs|Kd2s|2cJd/Td4s9d:-200|-200|0|400|0|0:MrBrown|MrBlue|Pluribus|Eddie|MrPink|MrOrange
STATE:94:fffr275fc/cr675f:5cAh|2c2d|7hJc|4sTc|2h7c|KhKs/Qs5s9c:-50|-275|0|0|0|325:MrBlue|Pluribus|Eddie|MrPink|MrOrange|MrBrown
STATE:95:r210fffff:Jd8c|Qd7h|9h9s|Qs5d|9c5c|7d4s:-50|-100|150|0|0|0:Pluribus|Eddie|MrPink|MrOrange|MrBrown|MrBlue
STATE:96:r200ffffc/cc/cc/r350f:2cJd|7dAc|KsJs|8dKh|5sTh|5hTc/4h3hAh/4d/9c:-50|250|-200|0|0|0:Eddie|MrPink|MrOrange|MrBrown|MrBlue|Pluribus
STATE:97:ffr250ffc/cr525f:Qs3d|Ks8s|2c6d|6h9c|Ah8c|6sQd/3h4d4h:-50|-250|0|0|300|0:MrPink|MrOrange|MrBrown|MrBlue|Pluribus|Eddie
STATE:98:r225ffffc/cc/cc/cc:2cJs|Ks8s|JdAd|JhQs|5d7h|4h5h/3sTdTh/7d/3c:-50|-225|275|0|0|0:MrOrange|MrBrown|MrBlue|Pluribus|Eddie|MrPink
STATE:99:ffr210ffc/cc/cc/r390f:9h5s|QcKs|Jd3c|4d7d|9s9c|8h5d/5hQhAd/4s/Jc:-50|260|0|0|-210|0:MrBrown|MrBlue|Pluribus|Eddie|MrPink|MrOrange
STATE:100:ffffcc/cr200f:2s3s|6d9s|TcJd|3h4c|8s6h|5d6s/8c9d4s:-100|100|0|0|0|0:MrBlue|Pluribus|Eddie|MrPink|MrOrange|MrBrown
STATE:101:ffr250fff:9s5s|Ks6d|Tc5c|8sJs|Ad5h|9h4s:-50|-100|0|0|150|0:Pluribus|Eddie|MrPink|MrOrange|MrBrown|MrBlue
STATE:102:r200ffr750ffc/cc/cc/r1750f:6d2d|9c3c|QdKd|AhTs|JcKc|5d5c/QsAcJs/4h/Th:-50|-100|900|0|0|-750:Eddie|MrPink|MrOrange|MrBrown|MrBlue|Pluribus
STATE:103:ffffcc/r200f:7hTd|8hTc|Jh4h|Jd6s|3c4s|9s4d/KsAh3s:100|-100|0|0|0|0:MrPink|MrOrange|MrBrown|MrBlue|Pluribus|Eddie
STATE:104:r225ffffc/cr475c/cr1325f:Jc6h|5s6s|AhAc|8h2d|2h6c|9cTs/AsQd8s/9d:-50|-475|525|0|0|0:MrOrange|MrBrown|MrBlue|Pluribus|Eddie|MrPink
STATE:105:ffr210fff:9d3s|6dJc|8c6s|3dAh|AdQs|3cKh:-50|-100|0|0|150|0:MrBrown|MrBlue|Pluribus|Eddie|MrPink|MrOrange
STATE:106:ffr210ffc/cc/r680c/r2090c:7s2s|Ts3s|ThQc|9c8s|JsAh|7d8h/Qs6sAs/5c/5d:-50|2140|0|0|-2090|0:MrBlue|Pluribus|Eddie|MrPink|MrOrange|MrBrown
STATE:107:r210cffff/cc/r560f:Qs6c|7d9c|AcKc|JhJc|ThQc|4h2h/KsAs2s/6h:-50|-100|360|-210|0|0:Pluribus|Eddie|MrPink|MrOrange|MrBrown|MrBlue
STATE:108:ffr225fff:6s2h|2s4c|Ts6h|5c4s|9s9h|4d8c:-50|-100|0|0|150|0:Eddie|MrPink|MrOrange|MrBrown|MrBlue|Pluribus
STATE:109:fr225ffff:8c7h|8d3h|9s4d|JsAh|As2h|8hJc:-50|-100|0|150|0|0:MrPink|MrOrange|MrBrown|MrBlue|Pluribus|Eddie
STATE:110:fffff:4dJc|AsTd|6s4c|ThKd|9cJs|Qc2h:-50|50|0|0|0|0:MrOrange|MrBrown|MrBlue|Pluribus|Eddie|MrPink
STATE:111:fffr225fc/cr575c/cc/r1775f:5c6h|2d9d|7s4h|Js6s|8s7c|Ad3s/QdTdKs/Kh/Qh:-50|625|0|0|0|-575:MrBrown|MrBlue|Pluribus|Eddie|MrPink|MrOrange
STATE:112:r200fffff:ThQd|8c3h|Jd8d|9s7s|2s6s|9c6c:-50|-100|150|0|0|0:MrBlue|Pluribus|Eddie|MrPink|MrOrange|MrBrown
STATE:113:ffr250ffc/cc/r1250c/r10000c:Ks3d|TcQc|Td3h|2h9s|JhJd|5d6s/Js6cKd/4s/8d:-50|-10000|0|0|10050|0:Pluribus|Eddie|MrPink|MrOrange|MrBrown|MrBlue
STATE:114:fffr200ff:8h6c|8c2d|9s6h|Ad2h|Kd3c|7h7s:-50|-100|0|0|0|150:Eddie|MrPink|MrOrange|MrBrown|MrBlue|Pluribus
STATE:115:ffr225fff:3hAc|6c9d|4d8s|4s9h|As8h|6h3s:-50|-100|0|0|150|0:MrPink|MrOrange|MrBrown|MrBlue|Pluribus|Eddie
STATE:116:fffr250r1200ff:Ad8d|Ks9h|Ac3h|3cTc|Kc9d|Qh5h:350|-100|0|0|0|-250:MrOrange|MrBrown|MrBlue|Pluribus|Eddie|MrPink
STATE:117:r200ffffc/cr425f:4c6s|9h8h|Ac9c|7s3h|2d4d|5sQc/Ad4sTc:-50|-200|250|0|0|0:MrBrown|MrBlue|Pluribus|Eddie|MrPink|MrOrange
STATE:118:ffr210ffc/cc/cc/r1150f:9c8d|Kc8h|QsJd|Jh4d|7d7h|Qc6c/Qd3hJc/2d/5h:-50|260|0|0|-210|0:MrBlue|Pluribus|Eddie|MrPink|MrOrange|MrBrown
STATE:119:fffr225fc/cc/cc/r375c:9cAh|6s6d|TsKh|QdTc|2c4c|Ac5s/Qc3h3d/7d/Js:-50|425|0|0|0|-375:Pluribus|Eddie|MrPink|MrOrange|MrBrown|MrBlue
STATE:120:ffr225fcr1250ff:8h8c|TsAs|6cQc|2h6s|QhJs|2s5s:-225|450|0|0|-225|0:Eddie|MrPink|MrOrange|MrBrown|MrBlue|Pluribus
STATE:121:ffffr300c/r400c/r600c/cc:4c5c|AcJh|3d7c|Jd8c|6hKc|9s3s/4dAdKd/2d/9h:-600|600|0|0|0|0:MrPink|MrOrange|MrBrown|MrBlue|Pluribus|Eddie
STATE:122:ffffr250c/r400c/r1000f:JdQh|6h6c|8dJh|3dAc|2sQd|Ks3h/2hTh7h/3s:400|-400|0|0|0|0:MrOrange|MrBrown|MrBlue|Pluribus|Eddie|MrPink
STATE:123:ffr210ffr925f:6c4d|2d5d|3d5s|4h7c|Ks8s|5cTc:-50|260|0|0|-210|0:MrBrown|MrBlue|Pluribus|Eddie|MrPink|MrOrange
STATE:124:ffr210ccc/cccc/ccr960fff:5d5s|3h3s|4c2d|2c5h|TsKs|8c8s/6h9cKc/Qd:-210|-210|0|0|630|-210:MrBlue|Pluribus|Eddie|MrPink|MrOrange|MrBrown
STATE:125:ffffr200f:Ac5d|9c2h|9h4h|Qh2c|6sQc|8hQd:100|-100|0|0|0|0:Pluribus|Eddie|MrPink|MrOrange|MrBrown|MrBlue
STATE:126:fffr200fc/cc/cc/r650f:Ad6s|7dKh|5hTs|Ah4s|6hKs|QsTd/3cJh4d/Kc/Js:-50|250|0|0|0|-200:Eddie|MrPink|MrOrange|MrBrown|MrBlue|Pluribus
STATE:127:fffff:4d7h|AdKd|3d7c|As4h|Th5c|5d8c:-50|50|0|0|0|0:MrPink|MrOrange|MrBrown|MrBlue|Pluribus|Eddie
STATE:128:ffr210fff:3c8h|4c6s|6dTh|8cQs|5hKh|8d4d:-50|-100|0|0|150|0:MrOrange|MrBrown|MrBlue|Pluribus|Eddie|MrPink
STATE:129:ffffr300c/cr550f:Kc4h|Kh8s|2h2d|2s9s|4d8c|6hTd/TsJsTc:-300|300|0|0|0|0:MrBrown|MrBlue|Pluribus|Eddie|MrPink|MrOrange
STATE:130:fr210ffff:Ah5s|3c4h|4c2d|8h9h|8d3h|8c3s:-50|-100|0|150|0|0:MrBlue|Pluribus|Eddie|MrPink|MrOrange|MrBrown
STATE:131:fffr225fc/cc/r1025c/r1655c:Jh9s|9d7c|Ac8h|As9c|Ah5s|7s6d/5h4dTs/8c/6s:-50|1705|0|0|0|-1655:Pluribus|Eddie|MrPink|MrOrange|MrBrown|MrBlue
STATE:132:r200ffffc/cc/cr375f:Jd8s|8dAh|QcQh|5cTs|6h4d|3hAc/TcJh8c/4s:-50|-200|250|0|0|0:Eddie|MrPink|MrOrange|MrBrown|MrBlue|Pluribus
STATE:133:ffffr300f:JhTh|4c2d|JdQs|4dKh|Ac5s|8d3s:100|-100|0|0|0|0:MrPink|MrOrange|MrBrown|MrBlue|Pluribus|Eddie
STATE:134:ffr210r650fff:4cQd|9s5d|JdAh|5hTd|As8c|TsTh:-50|-100|0|0|-210|360:MrOrange|MrBrown|MrBlue|Pluribus|Eddie|MrPink
STATE:135:ffffcc/cc/cr250c/cr625c:7h7s|5dJd|8cJs|Td4s|7dKh|2s7c/6cTc8h/9s/Ad:625|-625|0|0|0|0:MrBrown|MrBlue|Pluribus|Eddie|MrPink|MrOrange
STATE:136:ffffr300f:AcJs|2hTc|Ks6d|3sKd|7d2c|Jc2d:100|-100|0|0|0|0:MrBlue|Pluribus|Eddie|MrPink|MrOrange|MrBrown
STATE:137:fffr225ff:8d3c|2s5c|JsTh|Jc8c|Tc7d|QcTd:-50|-100|0|0|0|150:Pluribus|Eddie|MrPink|MrOrange|MrBrown|MrBlue
STATE:138:fr250ffff:Ah7s|6dJh|8dAs|KcJc|Kd5h|KhJd:-50|-100|0|150|0|0:Eddie|MrPink|MrOrange|MrBrown|MrBlue|Pluribus
STATE:139:ffffr300f:7h7c|2d9h|5dJs|8h6c|Ac5s|Qh8c:100|-100|0|0|0|0:MrPink|MrOrange|MrBrown|MrBlue|Pluribus|Eddie
STATE:140:fffr250r1200ff:AdJd|4d4c|QdJs|5s9c|5c8d|Ks9d:350|-100|0|0|0|-250:MrOrange|MrBrown|MrBlue|Pluribus|Eddie|MrPink
STATE:141:fffr225r850ff:7c5c|3c2h|Qs7h|6c8h|Ah6d|Ac3s:325|-100|0|0|0|-225:MrBrown|MrBlue|Pluribus|Eddie|MrPink|MrOrange
STATE:142:ffffcc/cc/r250c/r1000f:ThJc|7sKh|3s7c|9d6c|Qd5c|5d4c/2s7dTs/Td/8c:250|-250|0|0|0|0:MrBlue|Pluribus|Eddie|MrPink|MrOrange|MrBrown
STATE:143:ffffcr300r1500c/r4500r10000c//:QdQs|4c6c|2c5s|9d7h|Kh6d|3sKd/9s5c7d/3c/8d:-10000|10000|0|0|0|0:Pluribus|Eddie|MrPink|MrOrange|MrBrown|MrBlue
STATE:144:r200fffff:Td6h|Ah2d|KsAs|8h2s|4c7c|3s9h:-50|-100|150|0|0|0:Eddie|MrPink|MrOrange|MrBrown|MrBlue|Pluribus
STATE:145:fffr225r1050ff:AhJs|2h8s|Jd7h|Tc2c|7d4d|Qs3s:325|-100|0|0|0|-225:MrPink|MrOrange|MrBrown|MrBlue|Pluribus|Eddie
STATE:146:r225ffcff/r525f:8h4d|7h9d|3s3d|8s6d|9h6s|AsQh/2d8dKh:-50|-100|375|0|0|-225:MrOrange|MrBrown|MrBlue|Pluribus|Eddie|MrPink
STATE:147:ffffr300c/cc/cc/cc:9dJs|JdKh|KdTs|5c4h|Ad4c|Jh6s/5dAsAc/Qh/4d:-300|300|0|0|0|0:MrBrown|MrBlue|Pluribus|Eddie|MrPink|MrOrange
STATE:148:fffff:8c3d|Ts9d|6c2s|2c9s|Jd3c|Kd5c:-50|50|0|0|0|0:MrBlue|Pluribus|Eddie|MrPink|MrOrange|MrBrown
STATE:149:fr205ffff:As7c|7dKh|9dQs|2d2c|3dJh|5s8d:-50|-100|0|150|0|0:Pluribus|Eddie|MrPink|MrOrange|MrBrown|MrBlue
STATE:150:ffr225fff:Jd6h|5dKs|7h9c|4sKh|QhAs|9h7d:-50|-100|0|0|150|0:Eddie|MrPink|MrOrange|MrBrown|MrBlue|Pluribus
STATE:151:r250fffff:7s8h|6dKd|QcKc|3hJd|6cQh|3cTs:-50|-100|150|0|0|0:MrPink|MrOrange|MrBrown|MrBlue|Pluribus|Eddie
STATE:152:r225fffff:5h7h|Jc5d|KcTc|Kd5s|8cTd|4h6d:-50|-100|150|0|0|0:MrOrange|MrBrown|MrBlue|Pluribus|Eddie|MrPink
STATE:153:ffffr300c/cc/cr750f:7hAs|Qd7c|9c6s|Qh6d|Tc2c|Th2s/4c2d8c/Td:-300|300|0|0|0|0:MrBrown|MrBlue|Pluribus|Eddie|MrPink|MrOrange
STATE:154:fr210ffff:8c6s|2c4h|Td5s|ThAs|5c6c|5dTs:-50|-100|0|150|0|0:MrBlue|Pluribus|Eddie|MrPink|MrOrange|MrBrown
STATE:155:ffr250ffc/cc/cc/r1350f:6c9s|5h3s|5sTs|9h3d|TdAc|3c5d/2sJh4s/9c/4d:-50|300|0|0|-250|0:Pluribus|Eddie|MrPink|MrOrange|MrBrown|MrBlue
STATE:156:fr225ffcf/cc/cc/r665f:7d6d|7c3d|8h5s|AsQd|Ts7s|9d6h/Tc3h6c/5h/5c:325|-100|0|-225|0|0:Eddie|MrPink|MrOrange|MrBrown|MrBlue|Pluribus
STATE:157:fffff:5d3h|8dJh|Qc5h|6s8h|4s3s|7d9c:-50|50|0|0|0|0:MrPink|MrOrange|MrBrown|MrBlue|Pluribus|Eddie
STATE:158:fr225fffc/cr475c/cr1475f:AhTd|7sAd|Jh4d|JdKs|3c9c|8h3h/5s8s6d/2s:-50|-475|0|525|0|0:MrOrange|MrBrown|MrBlue|Pluribus|Eddie|MrPink
STATE:159:fffff:8d2c|3dTd|6h5h|6c8s|9sJh|2d6s:-50|50|0|0|0|0:MrBrown|MrBlue|Pluribus|Eddie|MrPink|MrOrange
STATE:160:fffr250fc/cc/cr662f:8h2d|4cTc|Th7h|3dKh|Qh9c|As8c/2sQsJh/4s:-50|-250|0|0|0|300:MrBlue|Pluribus|Eddie|MrPink|MrOrange|MrBrown
STATE:161:r210ffffc/cr325f:Ts8c|TdJc|JsKs|9h7s|5cTh|Jd5s/2cAd9s:-50|-210|260|0|0|0:Pluribus|Eddie|MrPink|MrOrange|MrBrown|MrBlue
STATE:162:ffffr235f:2c2h|4hTd|5s7d|Ts5h|8h3c|6cQs:100|-100|0|0|0|0:Eddie|MrPink|MrOrange|MrBrown|MrBlue|Pluribus
STATE:163:fr225fcr1350fcf/r2350c/cr4350c/cr10000c:ThTd|2s2h|Ks2c|JdJh|Ts7s|6c7c/KdTcQd/2d/Qh:10325|-100|0|-10000|0|-225:MrPink|MrOrange|MrBrown|MrBlue|Pluribus|Eddie
STATE:164:fffr250ff:TdQs|5d8c|Qd5h|7h5c|3c9d|Ks8h:-50|-100|0|0|0|150:MrOrange|MrBrown|MrBlue|Pluribus|Eddie|MrPink
STATE:165:fffff:Ks4c|5d6d|8dKc|7h3c|Ts7c|2hQd:-50|50|0|0|0|0:MrBrown|MrBlue|Pluribus|Eddie|MrPink|MrOrange
STATE:166:r200fffff:Th4h|4d2c|AhTd|Jd3s|3h3c|5cQh:-50|-100|150|0|0|0:MrBlue|Pluribus|Eddie|MrPink|MrOrange|MrBrown
STATE:167:ffr250fff:4hAs|4s6c|9c7d|4cTs|QcJc|9h5c:-50|-100|0|0|150|0:Pluribus|Eddie|MrPink|MrOrange|MrBrown|MrBlue
STATE:168:fr250ffr1200r2600ff:AcJh|KdAs|Ah8s|JsJd|5c9s|QsTc:-1200|1450|0|-250|0|0:Eddie|MrPink|MrOrange|MrBrown|MrBlue|Pluribus
STATE:169:fr225cfff/cr825f:6d9d|7h3h|6sQc|4h4d|5h5s|9c6c/6hTcQd:-50|-100|0|-225|375|0:MrPink|MrOrange|MrBrown|MrBlue|Pluribus|Eddie
STATE:170:ffr210fff:3s7h|2d8s|9cAd|8cKd|6sQs|5c4h:-50|-100|0|0|150|0:MrOrange|MrBrown|MrBlue|Pluribus|Eddie|MrPink
STATE:171:r200cffcc/cccc/cccc/cccc:8d8h|JhQs|8cAc|5s4s|2c7d|5dQh/Qd6s9c/Td/Th:-200|600|-200|-200|0|0:MrBrown|MrBlue|Pluribus|Eddie|MrPink|MrOrange
STATE:172:fr210ffff:6d8c|2cJh|Jd8d|5cKc|2h4d|5d7c:-50|-100|0|150|0|0:MrBlue|Pluribus|Eddie|MrPink|MrOrange|MrBrown
STATE:173:r210fffff:8h3h|6sJd|Kc7c|4sKs|As9d|9c8s:-50|-100|150|0|0|0:Pluribus|Eddie|MrPink|MrOrange|MrBrown|MrBlue
STATE:174:fr250fffr1200f:Jd8d|Ad9d|Qs8h|5c5h|Jh9c|3h3s:-50|300|0|-250|0|0:Eddie|MrPink|MrOrange|MrBrown|MrBlue|Pluribus
STATE:175:fr225ffff:3d9s|7d8h|4h3h|Jc9c|2d7h|5h6c:-50|-100|0|150|0|0:MrPink|MrOrange|MrBrown|MrBlue|Pluribus|Eddie
STATE:176:r225fcfff/cr705f:2c4c|2s3d|9hJh|5h6c|TcTs|9d7c/4d6h5s:-50|-100|-225|0|375|0:MrOrange|MrBrown|MrBlue|Pluribus|Eddie|MrPink
STATE:177:ffffcc/cc/r250c/r625f:Qs7s|8dJh|3h8c|Qc7c|6d8s|Jd5c/5d2d3d/7h/Kc:250|-250|0|0|0|0:MrBrown|MrBlue|Pluribus|Eddie|MrPink|MrOrange
STATE:178:ffr210ffc/cc/cc/r445c:8s4c|6d4s|6sKh|Ah3d|8dAd|4h9d/Kc2cAc/Qd/Jc:-50|-445|0|0|495|0:MrBlue|Pluribus|Eddie|MrPink|MrOrange|MrBrown
STATE:179:r210fffff:2c3d|6c2s|5c5h|5sKc|Jd7s|Jc9d:-50|-100|150|0|0|0:Pluribus|Eddie|MrPink|MrOrange|MrBrown|MrBlue
STATE:180:ffr225ccf/ccr612ff:4c4d|2cJs|2d7d|As5c|AdTh|JhTc/Kc8d8c:-225|-100|0|0|-225|550:Eddie|MrPink|MrOrange|MrBrown|MrBlue|Pluribus
STATE:181:fffr225ff:Qd9h|5sKd|QhTc|Jh4d|8c3h|AdAc:-50|-100|0|0|0|150:MrPink|MrOrange|MrBrown|MrBlue|Pluribus|Eddie
STATE:182:ffffr250c/r500f:TdAh|7s6s|7c9s|9d4s|6hQc|4d9c/AsKd9h:250|-250|0|0|0|0:MrOrange|MrBrown|MrBlue|Pluribus|Eddie|MrPink
STATE:183:r287fffff:TsQs|Jd4h|2dAd|Tc6h|7d2c|3h7h:-50|-100|150|0|0|0:MrBrown|MrBlue|Pluribus|Eddie|MrPink|MrOrange
STATE:184:fffff:5h9s|TsKs|3s8d|Kd2c|2s7s|3hJs:-50|50|0|0|0|0:MrBlue|Pluribus|Eddie|MrPink|MrOrange|MrBrown
STATE:185:r210ffccf/ccr575r1305fc/cc/r2765f:9dAd|Kc6s|JsJc|Qh8s|Kd9s|7c9c/5dTc8d/Ah/7d:1615|-100|-210|0|0|-1305:Pluribus|Eddie|MrPink|MrOrange|MrBrown|MrBlue
STATE:186:fffr225fc/cc/cc/cr475f:4c7s|Qc7d|4hAc|9sJc|2hKc|8h8s/2cKdAh/5c/8d:-50|-225|0|0|0|275:Eddie|MrPink|MrOrange|MrBrown|MrBlue|Pluribus
STATE:187:fffff:9h4d|3s6d|6s2c|Ah3d|7d4s|5c3h:-50|50|0|0|0|0:MrPink|MrOrange|MrBrown|MrBlue|Pluribus|Eddie
STATE:188:fr225fffc/cr725c/cc/r1475f:Qh4s|As5s|2sJh|QcJs|3sTs|8hKd/5c9s8c/Ks/7h:-50|775|0|-725|0|0:MrOrange|MrBrown|MrBlue|Pluribus|Eddie|MrPink
STATE:189:ffffcr350f:5hKs|Jh9h|6hJs|Ts3h|8h5s|9s8d:-100|100|0|0|0|0:MrBrown|MrBlue|Pluribus|Eddie|MrPink|MrOrange
STATE:190:fffr250cf/cr700f:5s5d|8s2d|4c7s|2s9h|4dQs|AdJh/9d3cJc:-250|-100|0|0|0|350:MrBlue|Pluribus|Eddie|MrPink|MrOrange|MrBrown
STATE:191:ffr250ffc/cc/cr525c/cr1075c:Ks6s|JdAs|3dKd|3c9s|8h9h|Ah8c/TcTh8s/Td/4c:-50|-1075|0|0|1125|0:Pluribus|Eddie|MrPink|MrOrange|MrBrown|MrBlue
STATE:192:ffr225fff:3h4s|2hAc|4d9c|7dQs|8dAs|7s3s:-50|-100|0|0|150|0:Eddie|MrPink|MrOrange|MrBrown|MrBlue|Pluribus
STATE:193:fffr225cf/cc/r925c/r1525r4525f:TcJs|3dTh|4hKs|3hQd|2d5c|9d8c/Jh8d2s/3c/9c:-1525|-100|0|0|0|1625:MrPink|MrOrange|MrBrown|MrBlue|Pluribus|Eddie
STATE:194:fr200cfff/cr365f:JhKd|4h6s|Tc6d|5d5c|9h9c|2c7s/9sJsQc:-50|-100|0|-200|350|0:MrOrange|MrBrown|MrBlue|Pluribus|Eddie|MrPink
STATE:195:fr200fffr925c/cr1725c/cc/r4350r10000f:Qh4d|KdAs|6cJd|TdTh|7hJh|Qc9d/3c7sQs/Tc/9s:-50|-4350|0|4400|0|0:MrBrown|MrBlue|Pluribus|Eddie|MrPink|MrOrange
STATE:196:r200ffr650ffc/cc/r1850c/r4850c:Td7h|6d2d|JcKc|9h2h|4c4d|AcTh/5d3cJd/Ts/4h:-50|-100|5000|0|0|-4850:MrBlue|Pluribus|Eddie|MrPink|MrOrange|MrBrown
STATE:197:r210fffff:6d3h|7d4s|KdKc|QhTc|2h7c|Ah5s:-50|-100|150|0|0|0:Pluribus|Eddie|MrPink|MrOrange|MrBrown|MrBlue
STATE:198:fffff:3h9c|Th9s|As2s|2cJs|Qc3d|4hKs:-50|50|0|0|0|0:Eddie|MrPink|MrOrange|MrBrown|MrBlue|Pluribus
STATE:199:fr225fffc/cr600c/cc/r1075f:7hQs|7sTs|4hKs|QhTh|Kc5c|9c4d/4c2s7d/6s/3s:-50|650|0|-600|0|0:MrPink|MrOrange|MrBrown|MrBlue|Pluribus|Eddie
STATE:200:fffff:5hJs|Ts2h|Jc4d|9h2d|9sJh|7cQd:-50|50|0|0|0|0:MrOrange|MrBrown|MrBlue|Pluribus|Eddie|MrPink
STATE:201:fr200fffc/cc/r380c/cr1880f:7h7c|Qh8s|4c8c|TdAs|Kh5c|TsJh/9h9c6h/Th/9d:-50|-380|0|430|0|0:MrBrown|MrBlue|Pluribus|Eddie|MrPink|MrOrange
STATE:202:fffff:8d5h|2d4d|8sTd|KhTc|4s3h|6cJs:-50|50|0|0|0|0:MrBlue|Pluribus|Eddie|MrPink|MrOrange|MrBrown
STATE:203:fffr225fc/cc/cc/r1225f:6hKc|5s3h|3dTd|Jh5d|6s9c|6c7s/AdKd9s/Qs/2s:-50|275|0|0|0|-225:Pluribus|Eddie|MrPink|MrOrange|MrBrown|MrBlue
STATE:204:ffr225ffc/cc/cr600c/cr1537c:8sAc|TsAd|2s7d|3sQh|KdJs|5h9c/5d6sTh/Qs/3h:-50|1587|0|0|-1537|0:Eddie|MrPink|MrOrange|MrBrown|MrBlue|Pluribus
STATE:205:fr225ffff:5d5s|8dQc|7hKs|JsQs|3d9s|3sTc:-50|-100|0|150|0|0:MrPink|MrOrange|MrBrown|MrBlue|Pluribus|Eddie
STATE:206:r225r525ffffr1975f:4sKh|9dAc|QhAd|KdQd|5c6c|8c7d:-50|-100|675|-525|0|0:MrOrange|MrBrown|MrBlue|Pluribus|Eddie|MrPink
STATE:207:r200fffff:9cQs|6d9s|AhJd|7cAs|2h4c|2s8d:-50|-100|150|0|0|0:MrBrown|MrBlue|Pluribus|Eddie|MrPink|MrOrange
STATE:208:fffr250fc/cr662f:2s5h|5s4d|Qd9s|4c6s|7sAd|4sQs/Kh5cJc:-50|-250|0|0|0|300:MrBlue|Pluribus|Eddie|MrPink|MrOrange|MrBrown
