# name/game/hands/seed sample_game_104 ../lib/python-client/acpc_infrastructure/holdem.nolimit.6p.game 10000 104
#--t_response 600000000
#--t_hand 600000000
#--t_per_hand 600000000
STATE:0:r225fcfcc/cccc/r1475fcf/cr4875c:9hAh|3hQh|9sJs|Ad2s|TsTc|6s4c/4d9dQs/As/7s:-4875|-225|5325|0|-225|0:MrBlue|MrBlonde|MrWhite|MrPink|MrOrange|Pluribus
STATE:1:fr200ffff:8h6h|Th2c|QdTs|7s7d|6d9h|Jh4d:-50|-100|0|150|0|0:MrBlonde|MrWhite|MrPink|MrOrange|Pluribus|MrBlue
STATE:2:cffr400fr1600ff:3s2c|AhAd|7h8d|JhAs|8c4d|Qc9c:-50|550|-100|0|0|-400:MrWhite|MrPink|MrOrange|Pluribus|MrBlue|MrBlonde
STATE:3:ffr250fff:4c6h|Jh2c|8h9h|6c7h|ThKd|4s2s:-50|-100|0|0|150|0:MrPink|MrOrange|Pluribus|MrBlue|MrBlonde|MrWhite
STATE:4:r225ffr700ffc/cc/cc/cc:Kd3h|JhQh|5c5s|4s3d|6c7c|KhKs/Td9dJd/8s/Ts:-50|-100|-700|0|0|850:MrOrange|Pluribus|MrBlue|MrBlonde|MrWhite|MrPink
STATE:5:fffr200fc/cr550f:Kh8c|8d5h|4h5c|Jc3s|4s7h|KsTd/7dJs2s:-50|-200|0|0|0|250:Pluribus|MrBlue|MrBlonde|MrWhite|MrPink|MrOrange
STATE:6:r225ffffc/cr475f:3dJd|6hQh|KsKh|Jc2d|QcTc|TsAd/7d2s7h:-50|-225|275|0|0|0:MrBlue|MrBlonde|MrWhite|MrPink|MrOrange|Pluribus
STATE:7:fffff:3s2s|Tc2c|7sKd|5h4c|Ks3h|3d4s:-50|50|0|0|0|0:MrBlonde|MrWhite|MrPink|MrOrange|Pluribus|MrBlue
STATE:8:fffff:6cJh|Qc5c|Kd8d|4sQh|4d7s|2h8s:-50|50|0|0|0|0:MrWhite|MrPink|MrOrange|Pluribus|MrBlue|MrBlonde
STATE:9:r200fffff:2s8s|7s2c|8c8h|7cAh|QcKh|2dQs:-50|-100|150|0|0|0:MrPink|MrOrange|Pluribus|MrBlue|MrBlonde|MrWhite
STATE:10:r225fffff:9dQc|7s4c|3cAc|7d5c|9sAh|Jh2s:-50|-100|150|0|0|0:MrOrange|Pluribus|MrBlue|MrBlonde|MrWhite|MrPink
STATE:11:fffff:Kh3s|8d2d|9cJc|9h8s|2sQh|8c3c:-50|50|0|0|0|0:Pluribus|MrBlue|MrBlonde|MrWhite|MrPink|MrOrange
STATE:12:ffffcr400f:6h8d|JdQd|3dKh|9c8s|7d8c|7s3h:-100|100|0|0|0|0:MrBlue|MrBlonde|MrWhite|MrPink|MrOrange|Pluribus
STATE:13:fffr225fc/cc/cc/cc:5cTc|7h9c|Ad7c|Ts8c|Qc8s|QsJd/Kc4h4c/Jh/Ah:-50|-225|0|0|0|275:MrBlonde|MrWhite|MrPink|MrOrange|Pluribus|MrBlue
STATE:14:fr200ffcf/cc/cc/cc:5dJd|2s3d|Kc2c|7s7d|5h2d|8dAh/5c3cAs/2h/Qd:-200|-100|0|300|0|0:MrWhite|MrPink|MrOrange|Pluribus|MrBlue|MrBlonde
STATE:15:ffr250fff:Qd4d|9h5c|3c3h|7dAc|As9d|7h3s:-50|-100|0|0|150|0:MrPink|MrOrange|Pluribus|MrBlue|MrBlonde|MrWhite
STATE:16:r225fcffc/cr525cf/r2625f:Jh3s|TcJd|TsTh|6h3d|JsAs|2cAh/6cAdKd/Qs:-50|-225|800|0|-525|0:MrOrange|Pluribus|MrBlue|MrBlonde|MrWhite|MrPink
STATE:17:ffr210ffc/cr680c/cr1680f:7d2d|TdQs|9c3s|4hJs|9hAc|Kh2h/8d4c9s/Ad:-50|-680|0|0|730|0:Pluribus|MrBlue|MrBlonde|MrWhite|MrPink|MrOrange
STATE:18:fffff:Qh5s|Ks9c|8s6d|3hTs|4dKh|Td3c:-50|50|0|0|0|0:MrBlue|MrBlonde|MrWhite|MrPink|MrOrange|Pluribus
STATE:19:fr200fffc/cr400f:Jd6d|3c7c|8s3h|AdTc|9d4h|5d9h/As2dTh:-50|-200|0|250|0|0:MrBlonde|MrWhite|MrPink|MrOrange|Pluribus|MrBlue
STATE:20:fr200ffr800ff:8s9s|Th5s|4s9h|JsTc|5c7h|2sQh:300|-100|0|-200|0|0:MrWhite|MrPink|MrOrange|Pluribus|MrBlue|MrBlonde
STATE:21:ffr250fff:2s3s|7hJd|3h6d|6c9s|KdTc|Qc7c:-50|-100|0|0|150|0:MrPink|MrOrange|Pluribus|MrBlue|MrBlonde|MrWhite
STATE:22:fffr250ff:8sQh|6s8h|3s6h|Th3d|4hJd|2cAc:-50|-100|0|0|0|150:MrOrange|Pluribus|MrBlue|MrBlonde|MrWhite|MrPink
STATE:23:ffffr275c/r550c/cr1375f:7hAc|4hKc|9h7s|7d4d|3cQs|3sQh/Kh9c6h/3h:-550|550|0|0|0|0:Pluribus|MrBlue|MrBlonde|MrWhite|MrPink|MrOrange
STATE:24:ffffr300c/cc/cc/cc:6d3d|ThKs|5s2d|6hQc|7hTc|4hJs/Qh6s9s/2h/8d:300|-300|0|0|0|0:MrBlue|MrBlonde|MrWhite|MrPink|MrOrange|Pluribus
STATE:25:fffr225fc/cr475c/cr1350c/cc:QhJs|KdQs|4h3c|Jh8h|6c7s|Ac4s/5hQcJd/6s/Ad:-50|-1350|0|0|0|1400:MrBlonde|MrWhite|MrPink|MrOrange|Pluribus|MrBlue
STATE:26:r200fffff:3dJs|Qc5s|Ah3h|2cTh|5dJh|Ac7d:-50|-100|150|0|0|0:MrWhite|MrPink|MrOrange|Pluribus|MrBlue|MrBlonde
STATE:27:fr225ffff:9c3d|8hAs|Kh8d|5d5h|Kc4h|Tc2d:-50|-100|0|150|0|0:MrPink|MrOrange|Pluribus|MrBlue|MrBlonde|MrWhite
STATE:28:ffr225ffc/cc/cc/cc:9d4c|Ks8c|5c2d|8s6d|AhJd|3hKd/4sTc9c/Th/4d:-50|-225|0|0|275|0:MrOrange|Pluribus|MrBlue|MrBlonde|MrWhite|MrPink
STATE:29:ffr210ffr905c/r1705c/cc/cc:7cQd|3d4d|2d6c|6d7s|JsJd|5cQc/Ah8d4c/9c/7h:-50|-1705|0|0|1755|0:Pluribus|MrBlue|MrBlonde|MrWhite|MrPink|MrOrange
STATE:30:ffffr300f:9cKd|2h6d|As7c|Qc5d|5sTh|6hTs:100|-100|0|0|0|0:MrBlue|MrBlonde|MrWhite|MrPink|MrOrange|Pluribus
STATE:31:r210fffff:7h8c|2hQs|KdJs|Qh5h|7d3h|Jd2d:-50|-100|150|0|0|0:MrBlonde|MrWhite|MrPink|MrOrange|Pluribus|MrBlue
STATE:32:r200fffff:QhTh|3d5s|AsQc|2dKc|3hTd|Qd5c:-50|-100|150|0|0|0:MrWhite|MrPink|MrOrange|Pluribus|MrBlue|MrBlonde
STATE:33:fr225ffff:5sJc|5c6s|Jh5d|QsKc|Ks7c|9c2s:-50|-100|0|150|0|0:MrPink|MrOrange|Pluribus|MrBlue|MrBlonde|MrWhite
STATE:34:fffff:7s8h|3hJh|9hKs|5d7h|Jd7c|Th5h:-50|50|0|0|0|0:MrOrange|Pluribus|MrBlue|MrBlonde|MrWhite|MrPink
STATE:35:fr225ffff:4sAh|7d4c|8c7s|AdJs|9c6s|Ks2s:-50|-100|0|150|0|0:Pluribus|MrBlue|MrBlonde|MrWhite|MrPink|MrOrange
STATE:36:r225fr750fffc/cr1400f:4h4c|Kd3c|JdQd|Ah2d|AcTc|Jc9h/Jh7h6h:-50|-100|-750|0|900|0:MrBlue|MrBlonde|MrWhite|MrPink|MrOrange|Pluribus
STATE:37:fr200ffff:2h9h|Ts7c|Qh7s|4c4s|Td6d|Kd3d:-50|-100|0|150|0|0:MrBlonde|MrWhite|MrPink|MrOrange|Pluribus|MrBlue
STATE:38:ffr225ffc/cr475c/cc/cc:Tc9s|7hKh|Qs4h|5cAd|4d4s|2c9h/8h5hTs/Kc/Qh:-50|525|0|0|-475|0:MrWhite|MrPink|MrOrange|Pluribus|MrBlue|MrBlonde
STATE:39:fr225fffc/cr475f:2cTc|9c8c|4hJc|KcJd|As6s|5c3c/Td3sQd:-50|-225|0|275|0|0:MrPink|MrOrange|Pluribus|MrBlue|MrBlonde|MrWhite
STATE:40:fffr250ff:4dJd|7d2c|8h5h|ThQs|6d4s|6cTc:-50|-100|0|0|0|150:MrOrange|Pluribus|MrBlue|MrBlonde|MrWhite|MrPink
STATE:41:fffff:4dTc|Kd2s|6c7c|Ts3c|5d8d|3d9d:-50|50|0|0|0|0:Pluribus|MrBlue|MrBlonde|MrWhite|MrPink|MrOrange
STATE:42:r225r700fffff:Th4h|9s3c|5d4d|8h8s|3d7c|8c5h:-50|-100|-225|375|0|0:MrBlue|MrBlonde|MrWhite|MrPink|MrOrange|Pluribus
STATE:43:r210ffffc/cr360f:3hJh|9h7h|5s5c|7cJc|Kc8h|AcTh/TdTc4c:-50|-210|260|0|0|0:MrBlonde|MrWhite|MrPink|MrOrange|Pluribus|MrBlue
STATE:44:ffffr300c/cc/r750c/cc:QhKh|2h2s|8hTh|4c7h|2d5h|3sTd/6s4h6h/Kd/Ac:750|-750|0|0|0|0:MrWhite|MrPink|MrOrange|Pluribus|MrBlue|MrBlonde
STATE:45:r350ffffr1500c/r2700c/r4550c/r10000f:Ts2c|QdQc|KdAs|Ad2d|3s9d|Ks4s/5dTd5h/Js/3h:-50|4600|-4550|0|0|0:MrPink|MrOrange|Pluribus|MrBlue|MrBlonde|MrWhite
STATE:46:fffff:8cQs|TdJh|5c2c|Kc7c|As4h|2h6s:-50|50|0|0|0|0:MrOrange|Pluribus|MrBlue|MrBlonde|MrWhite|MrPink
STATE:47:fr225r700fr1512ffr10000c///:QsQh|8sAd|4cJs|Ts9s|AsKc|Th6h/8cTc5h/6s/Jc:10325|-100|0|-225|-10000|0:Pluribus|MrBlue|MrBlonde|MrWhite|MrPink|MrOrange
STATE:48:r225fffff:7s8d|6c4s|KdKc|6h6d|Jh9h|Ks8s:-50|-100|150|0|0|0:MrBlue|MrBlonde|MrWhite|MrPink|MrOrange|Pluribus
STATE:49:r210ffffc/r310c/cc/cr645f:6h3d|4s4h|QcKc|6cAs|6d3s|2cTc/Jh5d8h/Jc/9c:-50|-310|360|0|0|0:MrBlonde|MrWhite|MrPink|MrOrange|Pluribus|MrBlue
STATE:50:fffr250cf/cr650f:QsJc|8cQd|Js3h|2cJh|9h5h|Qc9d/6c6hTs:-250|-100|0|0|0|350:MrWhite|MrPink|MrOrange|Pluribus|MrBlue|MrBlonde
STATE:51:ffffcc/cr200c/cc/cc:7h5h|6d5s|4cTd|Qs3c|Qh2c|5d9c/8c3h5c/Ad/4h:200|-200|0|0|0|0:MrPink|MrOrange|Pluribus|MrBlue|MrBlonde|MrWhite
STATE:52:fffff:8d7c|TcJs|4h2h|6cQc|8sAc|8h4s:-50|50|0|0|0|0:MrOrange|Pluribus|MrBlue|MrBlonde|MrWhite|MrPink
STATE:53:ffffcr350c/cc/cc/r700c:As8d|KdJc|9sAh|9d2s|9c6s|8h7d/AdKcTd/Ts/5d:700|-700|0|0|0|0:Pluribus|MrBlue|MrBlonde|MrWhite|MrPink|MrOrange
STATE:54:ffr200fff:9c7d|4sQd|8c3s|Jd6h|TdQh|9h4h:-50|-100|0|0|150|0:MrBlue|MrBlonde|MrWhite|MrPink|MrOrange|Pluribus
STATE:55:fffr225fc/cc/cr525c/cr1275r3875f:4sKs|2hTh|7sQh|3cTs|3d4c|6hKh/9d2s9c/Js/5d:-50|1325|0|0|0|-1275:MrBlonde|MrWhite|MrPink|MrOrange|Pluribus|MrBlue
STATE:56:fffr250ff:6c9s|3s6d|5cKh|4d3h|4h2h|KcTs:-50|-100|0|0|0|150:MrWhite|MrPink|MrOrange|Pluribus|MrBlue|MrBlonde
STATE:57:fr225ffff:6d7s|9c3c|6s4h|TdKd|Qd8c|Qh7d:-50|-100|0|150|0|0:MrPink|MrOrange|Pluribus|MrBlue|MrBlonde|MrWhite
STATE:58:fffff:3d7s|Tc2c|Qh8h|6h9h|4hKd|7h3c:-50|50|0|0|0|0:MrOrange|Pluribus|MrBlue|MrBlonde|MrWhite|MrPink
STATE:59:r250ffffc/cr550c/cc/cr1635c:3dQc|8cKd|KhJh|8hQs|ThJc|6d3c/TcKs5s/9d/Qd:-50|-1635|1685|0|0|0:Pluribus|MrBlue|MrBlonde|MrWhite|MrPink|MrOrange
STATE:60:fffr250fr1050c/cr2125r4530f:As7h|QdKd|4c8s|3c9c|7sKs|Ad9d/Jd5c8h:-50|2175|0|0|0|-2125:MrBlue|MrBlonde|MrWhite|MrPink|MrOrange|Pluribus
STATE:61:fffff:3dKs|QsJc|9c5s|2c5c|8sTd|Js7h:-50|50|0|0|0|0:MrBlonde|MrWhite|MrPink|MrOrange|Pluribus|MrBlue
STATE:62:fffff:3cJh|QcKd|4s3h|8cKh|8h4h|2sTd:-50|50|0|0|0|0:MrWhite|MrPink|MrOrange|Pluribus|MrBlue|MrBlonde
STATE:63:ffffr300f:AhKh|6d3s|6c9s|9d7s|8cKd|3hQd:100|-100|0|0|0|0:MrPink|MrOrange|Pluribus|MrBlue|MrBlonde|MrWhite
STATE:64:fr250ffr1150ff:QsQh|9c5c|4c8d|KhTh|5h9s|6hJd:350|-100|0|-250|0|0:MrOrange|Pluribus|MrBlue|MrBlonde|MrWhite|MrPink
STATE:65:fffff:3d2s|Jc7h|QhJs|9d6d|5dTd|4c8d:-50|50|0|0|0|0:Pluribus|MrBlue|MrBlonde|MrWhite|MrPink|MrOrange
STATE:66:fffff:Qd2s|Qc5s|6cTd|4dJh|7c2h|2c9c:-50|50|0|0|0|0:MrBlue|MrBlonde|MrWhite|MrPink|MrOrange|Pluribus
STATE:67:fffr225r1025fr2725c/cc/cr4725f:QsAd|Ts2h|7s6h|4hTc|8s3d|AsKd/5c3sJh/8h:-2725|-100|0|0|0|2825:MrBlonde|MrWhite|MrPink|MrOrange|Pluribus|MrBlue
STATE:68:fffff:7cTd|5d4h|6h8c|8sAc|Tc3c|4s9s:-50|50|0|0|0|0:MrWhite|MrPink|MrOrange|Pluribus|MrBlue|MrBlonde
STATE:69:ffffcr450f:7dKs|Kh7h|Kd9h|Jd3h|5s7s|5h8d:-100|100|0|0|0|0:MrPink|MrOrange|Pluribus|MrBlue|MrBlonde|MrWhite
STATE:70:ffffr350r1400f:TdQh|Jd8h|5h6d|2h7d|Qs7h|8s6c:-350|350|0|0|0|0:MrOrange|Pluribus|MrBlue|MrBlonde|MrWhite|MrPink
STATE:71:ffffcc/r200c/r300f:Jc7s|4dJh|Kh5s|8sAd|9s5h|2hJd/As7h4c/8d:200|-200|0|0|0|0:Pluribus|MrBlue|MrBlonde|MrWhite|MrPink|MrOrange
STATE:72:ffffcc/cr250f:4c7c|6cKc|5h2d|7sQc|Ts2s|8h3h/6s2h6d:-100|100|0|0|0|0:MrBlue|MrBlonde|MrWhite|MrPink|MrOrange|Pluribus
STATE:73:fr200ffff:3hAh|Jh2d|4s6h|AcJc|9s4c|6dTc:-50|-100|0|150|0|0:MrBlonde|MrWhite|MrPink|MrOrange|Pluribus|MrBlue
STATE:74:fr225fffc/cr725c/cr2975f:Ts2h|Js9d|4h3c|AsQs|Qh8h|3s8d/Qd5sTc/6h:-50|-725|0|775|0|0:MrWhite|MrPink|MrOrange|Pluribus|MrBlue|MrBlonde
STATE:75:fffr225fc/cc/cr475f:Ah5c|6sTs|5dKc|5s8h|4sKd|4cQc/2h8cJd/Jh:-50|-225|0|0|0|275:MrPink|MrOrange|Pluribus|MrBlue|MrBlonde|MrWhite
STATE:76:fffr250r1150fr2400r10000c///:AhKs|4d7s|7c5h|7h3h|Jc5s|QdQs/ThAcAd/Jh/8d:10100|-100|0|0|0|-10000:MrOrange|Pluribus|MrBlue|MrBlonde|MrWhite|MrPink
STATE:77:r250ffcr1312fcc/ccr2562cf/cc/r5830r10000f:KdQd|4s9h|AsKc|TsAc|Js7h|5c6c/8d5d2h/8s/4c:-5830|-100|-1312|0|0|7242:Pluribus|MrBlue|MrBlonde|MrWhite|MrPink|MrOrange
STATE:78:fffr225r950ff:Qc9c|Qd5h|2cQh|4c5d|4hAd|Js7s:325|-100|0|0|0|-225:MrBlue|MrBlonde|MrWhite|MrPink|MrOrange|Pluribus
STATE:79:ffr225fff:9h6s|2sTd|As4c|Qs4h|TsJh|3s8c:-50|-100|0|0|150|0:MrBlonde|MrWhite|MrPink|MrOrange|Pluribus|MrBlue
STATE:80:r200fffff:8h7s|9s4c|TsAs|Tc5d|Td2h|Ks6s:-50|-100|150|0|0|0:MrWhite|MrPink|MrOrange|Pluribus|MrBlue|MrBlonde
STATE:81:ffffcr450f:9h8d|6dAd|4s9d|Jc6h|3h4h|4c7c:-100|100|0|0|0|0:MrPink|MrOrange|Pluribus|MrBlue|MrBlonde|MrWhite
STATE:82:r225fffff:7hJs|Ah5c|AdAc|4d4c|9sKd|6s5h:-50|-100|150|0|0|0:MrOrange|Pluribus|MrBlue|MrBlonde|MrWhite|MrPink
STATE:83:fr225fffc/cr600c/cr1537f:3s2s|9hKs|TcQh|QcKh|8s7c|Ts7h/6sKc7s/Jc:-50|-600|0|650|0|0:Pluribus|MrBlue|MrBlonde|MrWhite|MrPink|MrOrange
STATE:84:r225r700ffffc/cr1200c/cc/r2000f:6dTs|5s2d|ThJh|QsQd|6c9s|8h3c/3h5cAs/7d/4s:-50|-100|1350|-1200|0|0:MrBlue|MrBlonde|MrWhite|MrPink|MrOrange|Pluribus
STATE:85:fffr225ff:6s3h|2d4d|9hQc|5d3d|Qs7c|2cTc:-50|-100|0|0|0|150:MrBlonde|MrWhite|MrPink|MrOrange|Pluribus|MrBlue
STATE:86:fffr250fr1200f:3c2s|9h8h|5s3h|4cTc|9d5d|8cAs:-50|300|0|0|0|-250:MrWhite|MrPink|MrOrange|Pluribus|MrBlue|MrBlonde
STATE:87:ffr250fff:7c2h|7d8s|Kc9s|7h8c|Ks6s|5sQs:-50|-100|0|0|150|0:MrPink|MrOrange|Pluribus|MrBlue|MrBlonde|MrWhite
STATE:88:fr250ffff:Kd2s|6h2d|3dJh|AdJc|9c6c|Qh7s:-50|-100|0|150|0|0:MrOrange|Pluribus|MrBlue|MrBlonde|MrWhite|MrPink
STATE:89:r250ffffc/cr450f:2h2d|8s3s|JcAh|Js9h|3cAc|9cQd/5s2c5c:-50|-250|300|0|0|0:Pluribus|MrBlue|MrBlonde|MrWhite|MrPink|MrOrange
STATE:90:fffff:Ts5d|Ac4d|4s9s|6h3c|Js5c|9d7s:-50|50|0|0|0|0:MrBlue|MrBlonde|MrWhite|MrPink|MrOrange|Pluribus
STATE:91:fffr225r1025fc/r2125f:AdQd|Jh5s|4c7h|4hKd|Td6d|6s8s/6hKhAc:1125|-100|0|0|0|-1025:MrBlonde|MrWhite|MrPink|MrOrange|Pluribus|MrBlue
STATE:92:ffffr300r900f:8c9h|Ac9c|6h3s|3dKh|Th9d|Jh4c:-300|300|0|0|0|0:MrWhite|MrPink|MrOrange|Pluribus|MrBlue|MrBlonde
STATE:93:fr225ffff:3s6c|6sKd|5s6h|TcTd|4h2s|Qh8c:-50|-100|0|150|0|0:MrPink|MrOrange|Pluribus|MrBlue|MrBlonde|MrWhite
STATE:94:fffr250fr1350c/r2037r3750c/cc/r9412c:Ac7s|QcKh|Tc7d|Kd4h|8c6c|Ah3h/7hQh6d/6h/6s:-50|9462|0|0|0|-9412:MrOrange|Pluribus|MrBlue|MrBlonde|MrWhite|MrPink
STATE:95:fffr200cc/ccr650r1400fr3500f:Qd8d|9sQc|3h4s|4c9c|8cKs|JhJs/Jd7dAs:-1400|-200|0|0|0|1600:Pluribus|MrBlue|MrBlonde|MrWhite|MrPink|MrOrange
STATE:96:r225fffff:2s6s|Ac7h|Ad9d|6h2c|As7c|Th9c:-50|-100|150|0|0|0:MrBlue|MrBlonde|MrWhite|MrPink|MrOrange|Pluribus
STATE:97:fffr225ff:ThQd|3s9h|3c3h|8h9c|4h5s|7s8d:-50|-100|0|0|0|150:MrBlonde|MrWhite|MrPink|MrOrange|Pluribus|MrBlue
STATE:98:ffr225ffr1150c/r2325f:4cAh|Jd9d|5cKs|2c2d|QhKh|8sKc/3d8cTs:-50|1200|0|0|-1150|0:MrWhite|MrPink|MrOrange|Pluribus|MrBlue|MrBlonde
STATE:99:ffffr300c/r450c/cc/r675f:Ad6d|KdTh|2hAs|Js2d|5h7d|4s8s/5cQcAh/2s/Tc:450|-450|0|0|0|0:MrPink|MrOrange|Pluribus|MrBlue|MrBlonde|MrWhite
STATE:100:fffff:5cQs|5hKc|Td2s|Ac2d|3h6s|2h3d:-50|50|0|0|0|0:MrOrange|Pluribus|MrBlue|MrBlonde|MrWhite|MrPink
STATE:101:fffr200fc/cr350c/cc/cc:7sJh|As2d|6h7h|5dQs|9d3d|5c4c/Kd2s5h/9s/Td:-50|-350|0|0|0|400:Pluribus|MrBlue|MrBlonde|MrWhite|MrPink|MrOrange
STATE:102:fr210ffff:6hAs|Qc8h|4hQh|7cAc|7s2c|4c9d:-50|-100|0|150|0|0:MrBlue|MrBlonde|MrWhite|MrPink|MrOrange|Pluribus
STATE:103:fffr225fc/cc/r725f:4h7h|5hKd|2sQc|6dTs|5sJd|Qs9c/2d9sTd/4d:-50|275|0|0|0|-225:MrBlonde|MrWhite|MrPink|MrOrange|Pluribus|MrBlue
STATE:104:fr225fffc/cc/r875f:4c5d|Jh7h|4hQd|Ad9d|3cKs|Js8c/2cQhKh/3d:-50|275|0|-225|0|0:MrWhite|MrPink|MrOrange|Pluribus|MrBlue|MrBlonde
STATE:105:fffff:3h7s|TcQs|7cAs|Ks5s|5cTd|2hJd:-50|50|0|0|0|0:MrPink|MrOrange|Pluribus|MrBlue|MrBlonde|MrWhite
STATE:106:ffr225fff:9dKd|2dQh|QcTs|9h6h|Th8h|5h4s:-50|-100|0|0|150|0:MrOrange|Pluribus|MrBlue|MrBlonde|MrWhite|MrPink
STATE:107:fffr200fr850c/cc/r2000c/cc:Ah2s|JdTd|As6c|8sTh|Kd9h|8c9c/4s3sQh/8d/4d:-50|-2000|0|0|0|2050:Pluribus|MrBlue|MrBlonde|MrWhite|MrPink|MrOrange
STATE:108:r225ffccf/ccc/ccc/r806cf:Qh9h|Ac8d|KdQc|Qs8s|2h6s|9d9s/TcAdTd/3s/Jd:-806|-100|1131|0|0|-225:MrBlue|MrBlonde|MrWhite|MrPink|MrOrange|Pluribus
STATE:109:ffr225ffr678c/cr1029f:9hAs|3d4d|8hTh|9s6h|4c4s|6c4h/7dAcJh:-50|-678|0|0|728|0:MrBlonde|MrWhite|MrPink|MrOrange|Pluribus|MrBlue
