# name/game/hands/seed sample_game_51 ../lib/python-client/acpc_infrastructure/holdem.nolimit.6p.game 10000 51
#--t_response 600000000
#--t_hand 600000000
#--t_per_hand 600000000
STATE:0:fr200fffc/cr605c/cr1105c/cc:7d8c|Qs5s|Jc7h|2c2s|4c2d|4s3s/AsKhJs/8s/7s:-50|1155|0|-1105|0|0:MrOrange|MrWhite|MrBlonde|Eddie|Bill|Pluribus
STATE:1:fr225r675fffc/cr1050c/cr2175f:Tc9d|7s6c|6sQc|AsQs|AcAh|3s2s/Jc2c4h/3c:-50|-100|0|-1050|1200|0:MrWhite|MrBlonde|Eddie|Bill|Pluribus|MrOrange
STATE:2:ffffcc/cc/cc/r250f:2cTc|5s8d|9d3s|2s2d|ThKc|9h3h/TsAhAd/Js/Td:100|-100|0|0|0|0:MrBlonde|Eddie|Bill|Pluribus|MrOrange|MrWhite
STATE:3:fr215ffff:7h6s|3h9c|4c2s|AhAd|4sAc|Qs4d:-50|-100|0|150|0|0:Eddie|Bill|Pluribus|MrOrange|MrWhite|MrBlonde
STATE:4:fr225ffff:4dQh|8s4c|6dAh|JcQc|8d3c|9s8c:-50|-100|0|150|0|0:Bill|Pluribus|MrOrange|MrWhite|MrBlonde|Eddie
STATE:5:ffffr250f:5s8s|3c4s|7hKd|Ad3h|Qh7s|6s7c:100|-100|0|0|0|0:Pluribus|MrOrange|MrWhite|MrBlonde|Eddie|Bill
STATE:6:fr200fr681fff:6s2s|Ks3h|3d8s|Kh6h|7cKd|TsAd:-50|-100|0|-200|0|350:MrOrange|MrWhite|MrBlonde|Eddie|Bill|Pluribus
STATE:7:r200ffffc/cr335c/cr910f:3cJc|7s6s|5h6h|2hJs|3s8h|3hAd/4c8dQd/Qs:-50|-335|385|0|0|0:MrWhite|MrBlonde|Eddie|Bill|Pluribus|MrOrange
STATE:8:ffr210fff:2c4d|8h3c|2s7c|8c3d|8sAs|9d2d:-50|-100|0|0|150|0:MrBlonde|Eddie|Bill|Pluribus|MrOrange|MrWhite
STATE:9:fr215fcff/cc/r655c/r1755f:7hQs|2h6s|7sAc|AhKs|5sJh|TcTh/2cJc8c/As/Ad:-50|-100|0|805|0|-655:Eddie|Bill|Pluribus|MrOrange|MrWhite|MrBlonde
STATE:10:fr225fffc/cr600f:7c5d|JsTc|5h6c|Td9d|2h4h|Ac8d/AhQd4d:-50|-225|0|275|0|0:Bill|Pluribus|MrOrange|MrWhite|MrBlonde|Eddie
STATE:11:fffr287r1129fc/r2308c/cc/cr3983c:QsQc|5s5d|8h7c|Kh3h|Td2c|AsAc/5hKsTc/Jc/3d:-3983|-100|0|0|0|4083:Pluribus|MrOrange|MrWhite|MrBlonde|Eddie|Bill
STATE:12:r250ffcfc/ccc/cr750fc/cc:8hJh|4d6d|QhAs|Jc2d|Ac6h|7c7h/9dJd4c/Qs/3s:-50|-750|1050|0|0|-250:MrOrange|MrWhite|MrBlonde|Eddie|Bill|Pluribus
STATE:13:fffr240fc/cr400f:2h5h|Ah8d|TcJs|QhTd|7s2c|AcAd/Kd5s4h:-50|-240|0|0|0|290:MrWhite|MrBlonde|Eddie|Bill|Pluribus|MrOrange
STATE:14:ffffr300f:4h4d|9s6d|7dKh|7c2d|Qh5d|7s8d:100|-100|0|0|0|0:MrBlonde|Eddie|Bill|Pluribus|MrOrange|MrWhite
STATE:15:ffffr300c/cc/cc/r750f:Ah9c|5s7h|4hQd|Td2h|Kd4c|8s3s/Th6sTc/6h/Ad:300|-300|0|0|0|0:Eddie|Bill|Pluribus|MrOrange|MrWhite|MrBlonde
STATE:16:ffr250fff:6hJh|4h5s|3c4d|8sKs|TcJc|8d2h:-50|-100|0|0|150|0:Bill|Pluribus|MrOrange|MrWhite|MrBlonde|Eddie
STATE:17:ffffr275f:9sQh|9c3s|4d7c|9dKc|3c6h|4hJs:100|-100|0|0|0|0:Pluribus|MrOrange|MrWhite|MrBlonde|Eddie|Bill
STATE:18:fr200fffc/cc/cc/cr425f:5sKc|3cKd|Kh6c|8cTc|9c6d|3d4d/9dJs9h/2d/8d:-50|-200|0|250|0|0:MrOrange|MrWhite|MrBlonde|Eddie|Bill|Pluribus
STATE:19:ffffr300c/cc/cc/cr700c:7s6s|9s8c|Tc4c|7hTd|2s4d|4sQc/Th9hJc/8d/Qh:0|0|0|0|0|0:MrWhite|MrBlonde|Eddie|Bill|Pluribus|MrOrange
STATE:20:fffr225fc/cc/r1125c/r5125f:Qc4s|2s2h|9s6d|Kd4h|Ac4d|As8d/2cKcAd/7s/Qd:-50|1175|0|0|0|-1125:MrBlonde|Eddie|Bill|Pluribus|MrOrange|MrWhite
STATE:21:fffr250fc/cc/r525f:6sQs|9s5s|2s4c|Ks5c|7hQd|Jh8h/7d6dKd/7c:-50|300|0|0|0|-250:Eddie|Bill|Pluribus|MrOrange|MrWhite|MrBlonde
STATE:22:fffr222ff:2hKh|Ts2d|6s8d|Qc5d|9c6d|As8h:-50|-100|0|0|0|150:Bill|Pluribus|MrOrange|MrWhite|MrBlonde|Eddie
STATE:23:r225fffff:8hQc|5s2d|AdJh|Ah2h|4c4s|7hQh:-50|-100|150|0|0|0:Pluribus|MrOrange|MrWhite|MrBlonde|Eddie|Bill
STATE:24:fffff:2d6d|Ks4h|5d4c|4s2s|Kd8c|8s4d:-50|50|0|0|0|0:MrOrange|MrWhite|MrBlonde|Eddie|Bill|Pluribus
STATE:25:fffr255ff:8s3s|Kd2h|9hTs|8c2c|6h2d|JdAs:-50|-100|0|0|0|150:MrWhite|MrBlonde|Eddie|Bill|Pluribus|MrOrange
STATE:26:fr287fffr1350r3412f:7h5s|As3s|8s2s|AhKc|Qc5h|Qs6s:-50|-1350|0|1400|0|0:MrBlonde|Eddie|Bill|Pluribus|MrOrange|MrWhite
STATE:27:ffr225ffc/cc/r725c/r2225r5600f:8cTh|9d8h|7sAc|5sJs|TdTs|Kc2c/Ad7hJc/Tc/Jh:-50|-2225|0|0|2275|0:Eddie|Bill|Pluribus|MrOrange|MrWhite|MrBlonde
STATE:28:ffffr300c/cc/cc/r900c:Qc9h|8sJc|2h3h|7dKs|5h3d|6d7h/6c8h9c/6h/9d:900|-900|0|0|0|0:Bill|Pluribus|MrOrange|MrWhite|MrBlonde|Eddie
STATE:29:r225ffr800fff:As5h|4h2s|JsKd|Tc5d|Th3s|7cAc:-50|-100|-225|0|0|375:Pluribus|MrOrange|MrWhite|MrBlonde|Eddie|Bill
STATE:30:ffr225ffc/cc/cc/cr475f:JcTs|Js4s|8hQs|4d9c|KdKh|2d3d/Ah9dQh/9s/5c:-50|-225|0|0|275|0:MrOrange|MrWhite|MrBlonde|Eddie|Bill|Pluribus
STATE:31:r200ffffc/cr335f:7h2s|JsTc|QsQh|8s4d|As4h|2h4c/Qd3sQc:-50|-200|250|0|0|0:MrWhite|MrBlonde|Eddie|Bill|Pluribus|MrOrange
STATE:32:fffr225fc/cc/cr600f:4hTc|9d3d|9sTd|2c3c|9h5d|5sQs/3s6s4c/Jd:-50|-225|0|0|0|275:MrBlonde|Eddie|Bill|Pluribus|MrOrange|MrWhite
STATE:33:ffr225ffc/cc/cc/r600c:Ad3h|5sTs|7c4s|JcQd|5h5c|Tc7s/AcQh3d/7h/2c:-50|-600|0|0|650|0:Eddie|Bill|Pluribus|MrOrange|MrWhite|MrBlonde
STATE:34:fr225fcff/cc/cr705f:TdKh|3d4s|5c4h|4dAd|6d9h|AsQh/Ts5h8c/9s:-50|-100|0|-225|0|375:Bill|Pluribus|MrOrange|MrWhite|MrBlonde|Eddie
STATE:35:fffff:8c3d|5s3s|3c4h|Ts5d|Kd7s|5cTd:-50|50|0|0|0|0:Pluribus|MrOrange|MrWhite|MrBlonde|Eddie|Bill
STATE:36:r250fffff:9c4h|9s2c|JsAs|5hKs|2hAh|Qd4s:-50|-100|150|0|0|0:MrOrange|MrWhite|MrBlonde|Eddie|Bill|Pluribus
STATE:37:ffr225r650ffr1987c/r4049c/cc/r10000f:3h9h|Ks4h|Kd5c|5d7h|AhAc|ThTc/9c3cJc/As/Kc:-50|-100|0|0|4199|-4049:MrWhite|MrBlonde|Eddie|Bill|Pluribus|MrOrange
STATE:38:ffffr300f:TcJh|Qd5s|5c9h|6c3s|Ad7c|8s4s:100|-100|0|0|0|0:MrBlonde|Eddie|Bill|Pluribus|MrOrange|MrWhite
STATE:39:r200ffcff/r475c/cc/r2125f:9dKh|Ks6c|6dAd|2s7s|4dJh|AcJc/8c8dTd/3c/7d:-50|-100|625|0|0|-475:Eddie|Bill|Pluribus|MrOrange|MrWhite|MrBlonde
STATE:40:fffff:2d7d|Kd4h|QsTc|8s3c|Jh3s|6d9s:-50|50|0|0|0|0:Bill|Pluribus|MrOrange|MrWhite|MrBlonde|Eddie
STATE:41:fffr287ff:Ac7h|5d6h|3cJh|8c4h|Kc9s|Jd9h:-50|-100|0|0|0|150:Pluribus|MrOrange|MrWhite|MrBlonde|Eddie|Bill
STATE:42:ffr225r675ffc/cc/r1175r3675c/r10000c:Js5s|8d2c|6cAh|4s3h|8s8h|JcTc/Ts8c2s/Th/9s:-50|-100|0|0|10150|-10000:MrOrange|MrWhite|MrBlonde|Eddie|Bill|Pluribus
STATE:43:ffr225ffc/cr475c/cc/cc:9sQc|Ks7s|7dKc|3s4s|Qd6d|4dKh/8c2s5s/3d/Jc:-50|525|0|0|-475|0:MrWhite|MrBlonde|Eddie|Bill|Pluribus|MrOrange
STATE:44:fffr225ff:4c2d|2hTd|9cKh|9h5s|3hQs|Ac3c:-50|-100|0|0|0|150:MrBlonde|Eddie|Bill|Pluribus|MrOrange|MrWhite
STATE:45:fr234fcfc/ccr584r1134fc/r1984c/cc:6d2h|6s6c|2cJc|AdQs|4hKh|TsTc/9c9h3c/4c/Qd:-50|-1984|0|-234|0|2268:Eddie|Bill|Pluribus|MrOrange|MrWhite|MrBlonde
STATE:46:ffr250cff/r625f:3hAs|3dKc|9sTh|5h4c|9dQd|8s7s/2d2hKs:-50|-100|0|0|400|-250:Bill|Pluribus|MrOrange|MrWhite|MrBlonde|Eddie
STATE:47:ffffr300c/cc/cc/r600f:QdKc|7c7d|5sKh|Qh7s|3d6c|2h6h/9hJcKs/Jd/3s:300|-300|0|0|0|0:Pluribus|MrOrange|MrWhite|MrBlonde|Eddie|Bill
STATE:48:fr200fcfc/cr363cr932ff:8cKc|5sTs|5h4s|AhQs|3hJh|9h9c/TdTh6h:-50|776|0|-363|0|-363:MrOrange|MrWhite|MrBlonde|Eddie|Bill|Pluribus
STATE:49:ffr225ffr1050c/cr1587c/cc/cr3199c:Kd8h|JcJd|4dQs|7c6h|9cKc|2c5d/4s2hJh/7s/Kh:-50|3249|0|0|-3199|0:MrWhite|MrBlonde|Eddie|Bill|Pluribus|MrOrange
STATE:50:fffff:As4c|Kc7c|5c3h|5s2h|2s7s|7hKs:-50|50|0|0|0|0:MrBlonde|Eddie|Bill|Pluribus|MrOrange|MrWhite
STATE:51:ffr225fff:2s5c|Ks7c|9s6c|8sTd|5h4h|6s3h:-50|-100|0|0|150|0:Eddie|Bill|Pluribus|MrOrange|MrWhite|MrBlonde
STATE:52:fffr222fc/cr372f:3sKc|5sAs|TsAd|4hKd|Th2c|3c3h/2d7dQh:-50|-222|0|0|0|272:Bill|Pluribus|MrOrange|MrWhite|MrBlonde|Eddie
STATE:53:r225ffr800fff:3sQs|Td9h|QhAc|TsAd|Jc9s|9c9d:-50|-100|-225|0|0|375:Pluribus|MrOrange|MrWhite|MrBlonde|Eddie|Bill
STATE:54:r250ffffc/cc/cc/cr600f:6s5h|9dTs|KsAs|Qd2h|5s6c|Jd7s/8h2cJc/8d/Ad:-50|-250|300|0|0|0:MrOrange|MrWhite|MrBlonde|Eddie|Bill|Pluribus
STATE:55:ffr225fff:8c5c|6hJs|3hTd|6sTs|KhQd|3s5h:-50|-100|0|0|150|0:MrWhite|MrBlonde|Eddie|Bill|Pluribus|MrOrange
STATE:56:r225fffff:9h6s|6h9s|AhJc|Kd6c|8d2s|5cTc:-50|-100|150|0|0|0:MrBlonde|Eddie|Bill|Pluribus|MrOrange|MrWhite
STATE:57:fr234fffc/cr559f:2d4d|ThAd|9h2h|8h8s|6h7h|Jh2c/6sJs8c:-50|-234|0|284|0|0:Eddie|Bill|Pluribus|MrOrange|MrWhite|MrBlonde
STATE:58:ffr250fff:2dKd|Js3d|9sAc|6s8d|ThKs|7hKc:-50|-100|0|0|150|0:Bill|Pluribus|MrOrange|MrWhite|MrBlonde|Eddie
STATE:59:ffr200ffc/cr335f:Jh3c|8c9d|6h2d|Qs9h|ThJs|8dKc/Jd3s6c:-50|-200|0|0|250|0:Pluribus|MrOrange|MrWhite|MrBlonde|Eddie|Bill
STATE:60:fffr287fr900f:3d2s|4h5h|Ad4s|6h2c|6cTd|4dAh:-50|337|0|0|0|-287:MrOrange|MrWhite|MrBlonde|Eddie|Bill|Pluribus
STATE:61:ffr225ffc/cr475f:Js9c|7hAh|5c8s|3dKs|ThQh|8cAd/Kh2sJd:-50|-225|0|0|275|0:MrWhite|MrBlonde|Eddie|Bill|Pluribus|MrOrange
STATE:62:ffr223ffc/cr422r1123c/cc/r5123c:8c7h|9d3d|Ts4c|4hKh|QhAd|Tc8s/7dAh8d/3c/3h:-50|5173|0|0|-5123|0:MrBlonde|Eddie|Bill|Pluribus|MrOrange|MrWhite
STATE:63:ffffcc/cr200c/cc/cc:5d5s|7cKs|7sJc|3h8h|Ts4c|As2d/Qc7hKd/Qs/Ah:-200|200|0|0|0|0:Eddie|Bill|Pluribus|MrOrange|MrWhite|MrBlonde
STATE:64:fr225ffff:QdJh|Kh7d|6s8s|TdAs|5d9h|7h5s:-50|-100|0|150|0|0:Bill|Pluribus|MrOrange|MrWhite|MrBlonde|Eddie
STATE:65:ffffcc/r200c/cr533c/cr1258f:9dAs|9cQc|2c4h|8dTs|2hKh|3s6s/Js9s5c/Qh/2s:-533|533|0|0|0|0:Pluribus|MrOrange|MrWhite|MrBlonde|Eddie|Bill
STATE:66:fr200ffff:2c9h|3cTd|7hTs|7cKc|8cAh|9cAd:-50|-100|0|150|0|0:MrOrange|MrWhite|MrBlonde|Eddie|Bill|Pluribus
STATE:67:ffffr300f:Js9d|8c4d|7hAs|Kd2c|7dTh|Jc5s:100|-100|0|0|0|0:MrWhite|MrBlonde|Eddie|Bill|Pluribus|MrOrange
STATE:68:fffr225r1050ff:AdQs|2sAh|7d2c|7c9d|8s9c|JsQh:325|-100|0|0|0|-225:MrBlonde|Eddie|Bill|Pluribus|MrOrange|MrWhite
STATE:69:fffr250fc/cc/cc/r525f:Th5c|Kc7s|Qh3s|4cTs|2cJs|6d6c/As7cJh/2s/Kh:-50|300|0|0|0|-250:Eddie|Bill|Pluribus|MrOrange|MrWhite|MrBlonde
STATE:70:fr225cfff/cc/cc/r825f:KhTd|9h3s|8c4s|QsJs|6c6s|2d3d/QhAh7s/Qc/5s:-50|-100|0|375|-225|0:Bill|Pluribus|MrOrange|MrWhite|MrBlonde|Eddie
STATE:71:r225fffff:2dQc|6c4d|7h7c|8s3s|6d9c|5c7d:-50|-100|150|0|0|0:Pluribus|MrOrange|MrWhite|MrBlonde|Eddie|Bill
STATE:72:fffff:Kh2h|Td4d|2d5s|2c4h|Ts9d|4c3c:-50|50|0|0|0|0:MrOrange|MrWhite|MrBlonde|Eddie|Bill|Pluribus
STATE:73:fffr244ff:8cQs|3h6d|5sAc|5d3d|7cAs|QcJc:-50|-100|0|0|0|150:MrWhite|MrBlonde|Eddie|Bill|Pluribus|MrOrange
STATE:74:ffr214ffc/cr364c/cc/r1714f:4s7d|Qd3d|8s9d|Tc6s|KhQc|4c2c/5dAcAh/2s/Jc:-50|414|0|0|-364|0:MrBlonde|Eddie|Bill|Pluribus|MrOrange|MrWhite
STATE:75:fffff:7c2s|6s3s|5c6h|Qc9s|Js2d|7h5d:-50|50|0|0|0|0:Eddie|Bill|Pluribus|MrOrange|MrWhite|MrBlonde
STATE:76:r200ffffc/cc/r312c/cc:2sQh|3cQc|5c5d|9cTs|3dAh|4d3h/9d6sQd/2d/6d:-50|-312|362|0|0|0:Bill|Pluribus|MrOrange|MrWhite|MrBlonde|Eddie
STATE:77:r225fffr1325ff:KhTh|4dKs|JsAh|As3s|7cQh|2d7s:325|-100|-225|0|0|0:Pluribus|MrOrange|MrWhite|MrBlonde|Eddie|Bill
STATE:78:fffff:6cQh|6dKc|2dJs|7dJd|5dKs|3c9d:-50|50|0|0|0|0:MrOrange|MrWhite|MrBlonde|Eddie|Bill|Pluribus
STATE:79:ffffr300c/r600c/r1500c/r3000r10000f:KcAs|Qd4d|Qh8c|3sQc|Ah3c|2h9d/3dAd8d/Kh/6h:-3000|3000|0|0|0|0:MrWhite|MrBlonde|Eddie|Bill|Pluribus|MrOrange
STATE:80:r225fffff:5d6s|3s4h|Kc8c|2h4d|5c6h|9cKd:-50|-100|150|0|0|0:MrBlonde|Eddie|Bill|Pluribus|MrOrange|MrWhite
STATE:81:fr200ffcc/ccc/ccr650r1775ff:7c7d|Qc3c|6dQh|QsQd|7s9s|8c9d/9c9hTs/7h:850|-200|0|-650|0|0:Eddie|Bill|Pluribus|MrOrange|MrWhite|MrBlonde
STATE:82:fr225fffc/cc/cc/cc:4hQc|8s7s|5c7h|JcAd|Jd6s|6h8d/9s4dKs/2d/3s:-50|275|0|-225|0|0:Bill|Pluribus|MrOrange|MrWhite|MrBlonde|Eddie
STATE:83:ffffcc/r200c/r400f:Kh5s|8s4h|9c5h|Js2s|4cTs|2d7c/TcTh8h/Jd:200|-200|0|0|0|0:Pluribus|MrOrange|MrWhite|MrBlonde|Eddie|Bill
STATE:84:ffr225r825ffc/cc/r2025f:4cTh|5c2c|5d9c|6c9h|6h6d|KsKh/JhAh6s/Js:-50|-100|0|0|975|-825:MrOrange|MrWhite|MrBlonde|Eddie|Bill|Pluribus
STATE:85:fffff:3h9c|4sQc|Jh8c|6d5c|2hQd|3sJd:-50|50|0|0|0|0:MrWhite|MrBlonde|Eddie|Bill|Pluribus|MrOrange
STATE:86:fffr225ff:3dAs|8s4h|7sJc|5cQd|7d2s|Qs5s:-50|-100|0|0|0|150:MrBlonde|Eddie|Bill|Pluribus|MrOrange|MrWhite
STATE:87:fffff:2c4c|3dAs|3hJd|Kd7d|8s5s|7h5d:-50|50|0|0|0|0:Eddie|Bill|Pluribus|MrOrange|MrWhite|MrBlonde
STATE:88:fr225ffff:3sKh|6cKs|8dAh|6h5h|Jc9d|7h3c:-50|-100|0|150|0|0:Bill|Pluribus|MrOrange|MrWhite|MrBlonde|Eddie
STATE:89:fffr287cf/cc/cr792c/cr1847r7538f:TsTc|8dQc|6sAh|3c8s|7c6h|7dKd/8c9s4c/5s/6c:1947|-100|0|0|0|-1847:Pluribus|MrOrange|MrWhite|MrBlonde|Eddie|Bill
STATE:90:ffr225fff:Td3d|4sKh|Ts6s|3s7d|JdTc|4dKs:-50|-100|0|0|150|0:MrOrange|MrWhite|MrBlonde|Eddie|Bill|Pluribus
STATE:91:fr225r750fffc/cr1162r2399c/r4474c/cr10000c:9d2d|9s7d|3c8h|JsTs|5cAc|5h7h/JhJcQc/5s/4c:-50|-100|0|-10000|10150|0:MrWhite|MrBlonde|Eddie|Bill|Pluribus|MrOrange
STATE:92:ffr200ffc/cr350r625c/cr1291r4323f:2d6s|5c5s|TsQc|Ac3h|7d7h|2sKs/4s5h4d/Td:-50|1341|0|0|-1291|0:MrBlonde|Eddie|Bill|Pluribus|MrOrange|MrWhite
