# name/game/hands/seed sample_game_100 ../lib/python-client/acpc_infrastructure/holdem.nolimit.6p.game 10000 100
#--t_response 600000000
#--t_hand 600000000
#--t_per_hand 600000000
STATE:0:fr210ffcf/cc/cc/r440f:TcQc|8s4c|9c3d|Ah4h|Th5s|6c7s/7d5h9d/7c/Qh:310|-100|0|-210|0|0:MrBlue|MrBlonde|MrWhite|MrPink|MrBrown|Pluribus
STATE:1:r210ffffc/cr445c/cr1045f:Qh5c|9h6h|KcJh|8hQc|7hKh|Ks3c/7s9cTc/2c:-50|-445|495|0|0|0:MrBlonde|MrWhite|MrPink|MrBrown|Pluribus|MrBlue
STATE:2:fffr250ff:Jc2c|2dQh|9dJh|7c8h|2s4c|6sKs:-50|-100|0|0|0|150:MrWhite|MrPink|MrBrown|Pluribus|MrBlue|MrBlonde
STATE:3:fr225ffcc/r395fc/r995f:8d8s|2hKc|4s9s|KhQh|2s7d|7hJh/3d6h9d/5s:620|-225|0|-395|0|0:MrPink|MrBrown|Pluribus|MrBlue|MrBlonde|MrWhite
STATE:4:ffr250fcf/cc/cr650r1700c/r5200f:TsAc|2c5c|7d3c|7s8d|2dAd|4s6s/7cAhTh/2s/9h:1800|-100|0|0|-1700|0:MrBrown|Pluribus|MrBlue|MrBlonde|MrWhite|MrPink
STATE:5:r250fffff:2cAc|8h2s|KcJd|Js7s|6cAh|Ad5c:-50|-100|150|0|0|0:Pluribus|MrBlue|MrBlonde|MrWhite|MrPink|MrBrown
STATE:6:fffr200fc/cr650f:9c3h|7c8h|7hTc|Jc3c|3s2c|As3d/Kh4d9d:-50|-200|0|0|0|250:MrBlue|MrBlonde|MrWhite|MrPink|MrBrown|Pluribus
STATE:7:r210r637ffr2100fff:KsKc|7s4c|ThJh|3cAc|9h7h|Kd8c:947|-100|-210|-637|0|0:MrBlonde|MrWhite|MrPink|MrBrown|Pluribus|MrBlue
STATE:8:ffr275ffc/cr580r1225f:2s3d|QcJc|7d4c|Kc6d|Ad9s|Tc5s/2dTs8c:-50|630|0|0|-580|0:MrWhite|MrPink|MrBrown|Pluribus|MrBlue|MrBlonde
STATE:9:ffffcc/r200c/cc/r300c:JdKc|3s8s|2s3d|9dAs|5sJc|2cQh/8hAhKs/4s/Jh:300|-300|0|0|0|0:MrPink|MrBrown|Pluribus|MrBlue|MrBlonde|MrWhite
STATE:10:ffr250ffc/cr550f:4sAd|KsQh|8h2c|6c4h|JcQd|Kc9s/4d6sTh:-50|-250|0|0|300|0:MrBrown|Pluribus|MrBlue|MrBlonde|MrWhite|MrPink
STATE:11:ffffcc/cr230c/cr530c/cc:4hAc|Ah6s|4cKh|2s4s|2c9c|4dKc/5d6h2h/3h/Js:530|-530|0|0|0|0:Pluribus|MrBlue|MrBlonde|MrWhite|MrPink|MrBrown
STATE:12:r250ffcfc/ccc/ccc/ccr1050ff:Qc5s|Qd9d|AsJh|3c2s|7d4s|AdTd/6d6h5c/3h/Tc:-50|-250|-250|0|0|550:MrBlue|MrBlonde|MrWhite|MrPink|MrBrown|Pluribus
STATE:13:r210ffffc/cc/r610f:3s4s|9hQd|AcTs|KdJh|7d4d|Kh5s/4c3d5h/Qc:-50|260|-210|0|0|0:MrBlonde|MrWhite|MrPink|MrBrown|Pluribus|MrBlue
STATE:14:fr200cfff/cc/cc/cc:4cJs|5s9h|Kh7h|9sQs|2d2h|5dTh/3s3dAd/Qc/Td:-50|-100|0|350|-200|0:MrWhite|MrPink|MrBrown|Pluribus|MrBlue|MrBlonde
STATE:15:ffr250cfc/ccr550ff:Jd9d|2h2d|6sQd|TcKh|8h7h|9c7c/9sAdAc:-50|-250|0|0|-250|550:MrPink|MrBrown|Pluribus|MrBlue|MrBlonde|MrWhite
STATE:16:ffr250fff:Th3s|3h6c|2h8h|Qc4c|4h5h|6h5d:-50|-100|0|0|150|0:MrBrown|Pluribus|MrBlue|MrBlonde|MrWhite|MrPink
STATE:17:ffffcc/cr250c/cc/r1000f:6c5d|8d4h|2c2s|8sQc|3dTc|3c6h/5s7sQd/5c/Js:250|-250|0|0|0|0:Pluribus|MrBlue|MrBlonde|MrWhite|MrPink|MrBrown
STATE:18:ffffcc/cc/cc/r250c:7hKh|Jh6d|Ks5h|5d9c|2h5c|3h8s/Qh6cTd/7d/7c:250|-250|0|0|0|0:MrBlue|MrBlonde|MrWhite|MrPink|MrBrown|Pluribus
STATE:19:ffffr300c/cr750f:Ac5d|Jh8h|KhTs|Qh9s|Th5s|7c2d/2sQs9c:-300|300|0|0|0|0:MrBlonde|MrWhite|MrPink|MrBrown|Pluribus|MrBlue
STATE:20:ffr250r925fff:Ts7c|8d8s|7d6s|3d2s|6dKd|JhQc:-50|-100|0|0|-250|400:MrWhite|MrPink|MrBrown|Pluribus|MrBlue|MrBlonde
STATE:21:ffr250fff:Qh4h|6c7h|Ad5h|2d5s|AhTs|6hKd:-50|-100|0|0|150|0:MrPink|MrBrown|Pluribus|MrBlue|MrBlonde|MrWhite
STATE:22:fr250fffc/cr500c/r762c/r5484f:5cQs|Ad5h|4c6d|7s7c|6h3c|3hTh/3sJc5d/5s/Kc:-50|812|0|-762|0|0:MrBrown|Pluribus|MrBlue|MrBlonde|MrWhite|MrPink
STATE:23:fffr275ff:8c2s|6c8d|4h2h|9c3c|4s2d|JcTs:-50|-100|0|0|0|150:Pluribus|MrBlue|MrBlonde|MrWhite|MrPink|MrBrown
STATE:24:ffffcc/cc/r250f:Ts7c|6sTh|2c5d|7d2d|Tc7h|8h4s/Ac9cAh/Js:100|-100|0|0|0|0:MrBlue|MrBlonde|MrWhite|MrPink|MrBrown|Pluribus
STATE:25:ffffr300c/cc/cc/r675r1350f:6s7s|2dKs|7cKh|QsTc|6c4h|Js8h/JcQd9d/2h/2c:-675|675|0|0|0|0:MrBlonde|MrWhite|MrPink|MrBrown|Pluribus|MrBlue
STATE:26:fffff:Ts3h|6s3c|Ks2s|6c5d|5cTd|Ah2c:-50|50|0|0|0|0:MrWhite|MrPink|MrBrown|Pluribus|MrBlue|MrBlonde
STATE:27:fffr250ff:Td5s|6c2h|6hTc|8c9h|Kd7s|4h4c:-50|-100|0|0|0|150:MrPink|MrBrown|Pluribus|MrBlue|MrBlonde|MrWhite
STATE:28:fffr250ff:Qd5s|2h6c|Td3c|Kd8s|Jh6d|3sAc:-50|-100|0|0|0|150:MrBrown|Pluribus|MrBlue|MrBlonde|MrWhite|MrPink
STATE:29:fffr275fc/cc/cr725r1850f:Tc4h|5c6d|3cTs|9hKc|2c8h|Ks7s/7c3hJs/6h:-50|775|0|0|0|-725:Pluribus|MrBlue|MrBlonde|MrWhite|MrPink|MrBrown
STATE:30:ffr250r737fff:JsAh|4dKs|6c4c|Kh8d|7dKd|TcAs:-50|-100|0|0|-250|400:MrBlue|MrBlonde|MrWhite|MrPink|MrBrown|Pluribus
STATE:31:r210ffffc/cr445c/cc/r695r1495f:6s8d|KcAd|JhAh|Qh5h|2dAc|6cTh/Jd5s3c/5c/5d:-50|-695|745|0|0|0:MrBlonde|MrWhite|MrPink|MrBrown|Pluribus|MrBlue
STATE:32:fffr250ff:TdKs|5d8s|Th5h|2d2s|3s6d|4sAh:-50|-100|0|0|0|150:MrWhite|MrPink|MrBrown|Pluribus|MrBlue|MrBlonde
STATE:33:ffr250ffc/cc/cc/r525c:5s2s|Qs3s|Qc8h|3dJc|9hAd|Js6h/8c6c5d/5c/Jd:-50|-525|0|0|575|0:MrPink|MrBrown|Pluribus|MrBlue|MrBlonde|MrWhite
STATE:34:fffff:Js6c|3c5h|7c6h|TcKs|Jc5s|2s8s:-50|50|0|0|0|0:MrBrown|Pluribus|MrBlue|MrBlonde|MrWhite|MrPink
STATE:35:fffff:9d4s|3cTd|2s2d|8hQd|Jh6c|3h9s:-50|50|0|0|0|0:Pluribus|MrBlue|MrBlonde|MrWhite|MrPink|MrBrown
STATE:36:ffffcc/cr250f:6dQh|7cKs|3d9d|9hJs|Jd7s|Kd4c/9c5cKc:-100|100|0|0|0|0:MrBlue|MrBlonde|MrWhite|MrPink|MrBrown|Pluribus
STATE:37:ffr225ffc/cr475c/cc/r975f:8cTd|6h5s|3c9d|8h3s|7hKh|Ah3d/Ad4h2h/2d/Ts:-50|525|0|0|-475|0:MrBlonde|MrWhite|MrPink|MrBrown|Pluribus|MrBlue
STATE:38:fr200cffc/cr525cr1200fc/cr3431c/cc:2h7s|6cJc|3h7c|JdQd|4d4s|Kd8c/3c4cTc/As/5h:-50|4006|0|-525|-3431|0:MrWhite|MrPink|MrBrown|Pluribus|MrBlue|MrBlonde
STATE:39:fr225fffc/cr435c/cc/r1125f:5s6c|8cTd|4h9h|3c3d|6dJh|Qd5h/8hJsKd/Qh/Ac:-50|485|0|-435|0|0:MrPink|MrBrown|Pluribus|MrBlue|MrBlonde|MrWhite
STATE:40:fffff:3sTd|4hAc|3cJc|6d8c|8s6s|4sQd:-50|50|0|0|0|0:MrBrown|Pluribus|MrBlue|MrBlonde|MrWhite|MrPink
STATE:41:fffr275ff:Qd9h|6c2h|Qc4d|9cTs|7hAd|Td5d:-50|-100|0|0|0|150:Pluribus|MrBlue|MrBlonde|MrWhite|MrPink|MrBrown
STATE:42:ffffcc/cr200c/cc/cc:Tc7c|Kd3c|Jd8d|Th8h|6sKc|2s3h/7hAhAd/Jc/5s:200|-200|0|0|0|0:MrBlue|MrBlonde|MrWhite|MrPink|MrBrown|Pluribus
STATE:43:ffr250fff:Jd3d|4d9s|2h3s|4s6d|AdKc|5s8d:-50|-100|0|0|150|0:MrBlonde|MrWhite|MrPink|MrBrown|Pluribus|MrBlue
STATE:44:ffffr300c/cc/cc/cr600c:QsKs|4c6c|9s7s|Ac4d|Kc8h|Ts7c/Jc5cQc/3c/9h:-600|600|0|0|0|0:MrWhite|MrPink|MrBrown|Pluribus|MrBlue|MrBlonde
STATE:45:fr225fcfc/cr587cf/cr1311f:Ts5h|3c3d|6h4h|KsAs|Jd3s|8hAh/KhTh6c/Qh:-50|-225|0|-587|0|862:MrPink|MrBrown|Pluribus|MrBlue|MrBlonde|MrWhite
STATE:46:ffffcc/r250f:JcQd|Ts5s|2c4s|Ah7c|Qh6c|6sJd/8dQc9h:100|-100|0|0|0|0:MrBrown|Pluribus|MrBlue|MrBlonde|MrWhite|MrPink
STATE:47:r250ffffc/cr550c/cr1400c/r3537f:5hTc|7c8c|AcTs|2sKh|3h3c|Ah5d/4d9h6c/7s/3s:-50|1450|-1400|0|0|0:Pluribus|MrBlue|MrBlonde|MrWhite|MrPink|MrBrown
STATE:48:ffffcr400c/cr850f:JsTc|7c5c|5s6c|2d3h|3s6d|3cQd/4hKc2c:-400|400|0|0|0|0:MrBlue|MrBlonde|MrWhite|MrPink|MrBrown|Pluribus
STATE:49:ffr200fff:7c9c|6c3d|6h7d|5d7s|8dAc|Js9d:-50|-100|0|0|150|0:MrBlonde|MrWhite|MrPink|MrBrown|Pluribus|MrBlue
STATE:50:fr225fffc/cc/cc/cc:4dJs|3s3c|4c4h|6cKc|5cKd|JhKs/8d2d9d/6h/Ac:-50|-225|0|275|0|0:MrWhite|MrPink|MrBrown|Pluribus|MrBlue|MrBlonde
STATE:51:ffr250fff:7d4c|Qs5c|6c8c|As5h|JhKs|5sAd:-50|-100|0|0|150|0:MrPink|MrBrown|Pluribus|MrBlue|MrBlonde|MrWhite
STATE:52:ffr225ffc/cr502r1029c/r2083c/r4191f:5cTc|8s9s|Jd2c|6s5h|9c9h|3sKs/Qd9d2d/Td/7d:-50|2133|0|0|-2083|0:MrBrown|Pluribus|MrBlue|MrBlonde|MrWhite|MrPink
STATE:53:ffr210fcc/ccc/r525ff:TcTd|9hTs|QcJh|6cTh|Qs9s|7c2s/6h4d3d/8s:420|-210|0|0|-210|0:Pluribus|MrBlue|MrBlonde|MrWhite|MrPink|MrBrown
STATE:54:fffr225ff:3h9d|2h9s|5hQc|5c3s|6h9h|Ks7s:-50|-100|0|0|0|150:MrBlue|MrBlonde|MrWhite|MrPink|MrBrown|Pluribus
STATE:55:ffr250fr1050fc/cc/cr2150f:TsTc|4s6s|6cJc|4d9d|4c5c|3hKc/AdQhQs/Jh:-1050|-100|0|0|1150|0:MrBlonde|MrWhite|MrPink|MrBrown|Pluribus|MrBlue
STATE:56:fr200fffc/cr425f:6s7d|8cAh|Js7c|QcKd|2s4d|3h9c/5hJhTd:-50|-200|0|250|0|0:MrWhite|MrPink|MrBrown|Pluribus|MrBlue|MrBlonde
STATE:57:ffr250ffr1150f:Jd7s|3h2h|Jh9d|Ah6c|AdJs|8h5c:-50|300|0|0|-250|0:MrPink|MrBrown|Pluribus|MrBlue|MrBlonde|MrWhite
STATE:58:fffr250fc/cr850f:Qc4h|KhJd|Js5c|2hKs|6sTd|9dKc/JhAc8c:-50|-250|0|0|0|300:MrBrown|Pluribus|MrBlue|MrBlonde|MrWhite|MrPink
STATE:59:ffr210fff:8h3s|6c3d|6dJs|8s6h|TdKc|Kh2s:-50|-100|0|0|150|0:Pluribus|MrBlue|MrBlonde|MrWhite|MrPink|MrBrown
STATE:60:r287fffff:JhQd|KhTs|9cTc|Js7c|3d2h|9hTd:-50|-100|150|0|0|0:MrBlue|MrBlonde|MrWhite|MrPink|MrBrown|Pluribus
STATE:61:ffr200cr1250fcc/cr3175cf/cc/cr10000c:TsTh|3c2d|2cAd|7sQs|AsAh|5d5c/QhKc5h/Ks/6s:-1250|-100|0|0|-10000|11350:MrBlonde|MrWhite|MrPink|MrBrown|Pluribus|MrBlue
STATE:62:ffffr400f:2s5s|5dQs|Jh2d|Kd6c|6h9s|4h3c:100|-100|0|0|0|0:MrWhite|MrPink|MrBrown|Pluribus|MrBlue|MrBlonde
STATE:63:fr225r800ffff:TsKh|3sKd|Qs4s|ThQh|AcTc|7hQd:-50|-100|0|-225|375|0:MrPink|MrBrown|Pluribus|MrBlue|MrBlonde|MrWhite
STATE:64:fffr250fc/cr430c/cc/r885f:9s4s|JdAs|5h3c|8s9d|Js6c|7cAc/Qs5s7h/9c/6s:-50|480|0|0|0|-430:MrBrown|Pluribus|MrBlue|MrBlonde|MrWhite|MrPink
STATE:65:r250ffffc/cc/cc/cc:KhJc|Qd9h|KsJs|6sTd|3d7c|6cAs/5d7dAc/5s/3s:-50|-250|300|0|0|0:Pluribus|MrBlue|MrBlonde|MrWhite|MrPink|MrBrown
STATE:66:r225ffffc/cc/cc/cr600c:3s2c|9c8h|2h2s|7h8c|7s5s|2dTs/AsAhJs/Qs/Td:-50|650|-600|0|0|0:MrBlue|MrBlonde|MrWhite|MrPink|MrBrown|Pluribus
STATE:67:ffr200fff:Td5h|2h8d|6sJd|5c2c|JsTc|Qc7d:-50|-100|0|0|150|0:MrBlonde|MrWhite|MrPink|MrBrown|Pluribus|MrBlue
STATE:68:fr200ffcc/ccc/r600ff:9sKs|Ac7d|Jh7c|JcKd|7h5h|2d4h/5s2s2c/Th:400|-200|0|-200|0|0:MrWhite|MrPink|MrBrown|Pluribus|MrBlue|MrBlonde
STATE:69:r225cr1200ffffc/cc/cr2550f:Jc2s|ThAs|9c9s|TsJs|AcQs|9h6s/6h8d6d/Kc:-50|-100|-225|-1200|1575|0:MrPink|MrBrown|Pluribus|MrBlue|MrBlonde|MrWhite
STATE:70:r225fcffc/ccc/ccr625ff:5c7d|Ac7c|Tc8c|3hAd|8s9s|7s5d/Jh4dKd/Js:-50|-225|-225|0|500|0:MrBrown|Pluribus|MrBlue|MrBlonde|MrWhite|MrPink
