# name/game/hands/seed sample_game_60 ../lib/python-client/acpc_infrastructure/holdem.nolimit.6p.game 10000 60
#--t_response 600000000
#--t_hand 600000000
#--t_per_hand 600000000
STATE:0:ffffr300c/cc/r750f:TdQd|2c3c|4dJc|Ac9d|Js8h|2s6s/Th7c7s/Qs:300|-300|0|0|0|0:MrBlue|MrPink|Bill|Eddie|Joe|Pluribus
STATE:1:fr250ffff:5s8s|6h3d|7s6c|JhAh|9dKs|3hKd:-50|-100|0|150|0|0:MrPink|Bill|Eddie|Joe|Pluribus|MrBlue
STATE:2:fffr250fc/cr380c/cc/cc:3dJc|7cQc|4d4h|Qh3h|5h2c|Kc9c/7s3sAc/3c/8h:-50|430|0|0|0|-380:Bill|Eddie|Joe|Pluribus|MrBlue|MrPink
STATE:3:r200ffffc/cr425r1085f:As5h|JcTs|7hAh|6s2d|3d7d|Jd4h/9d9s2s:-50|475|-425|0|0|0:Eddie|Joe|Pluribus|MrBlue|MrPink|Bill
STATE:4:r225fffff:Qs9h|6hTs|4s6s|Ah2c|7hJd|8cKh:-50|-100|150|0|0|0:Joe|Pluribus|MrBlue|MrPink|Bill|Eddie
STATE:5:ffr200ffc/cr530c/cc/cr1085f:7h4s|8c6s|Qh8s|Js7c|Ah8h|2dKs/As9s6h/4d/5c:-50|-530|0|0|580|0:Pluribus|MrBlue|MrPink|Bill|Eddie|Joe
STATE:6:fffff:4d7c|9d6d|Th3s|5d4h|3h5c|8c4c:-50|50|0|0|0|0:MrBlue|MrPink|Bill|Eddie|Joe|Pluribus
STATE:7:ffr200ffc/cc/cr312c/cc:Kh3c|4cAs|Qh8s|7d5s|JhTh|2d8c/9s2h9h/3h/9c:-50|-312|0|0|362|0:MrPink|Bill|Eddie|Joe|Pluribus|MrBlue
STATE:8:fffr250fc/cr430c/cc/r1780c:TdKh|7sAs|Ac6s|6c2d|3dQc|5cAh/5d2sKs/Js/Kc:-50|1830|0|0|0|-1780:Bill|Eddie|Joe|Pluribus|MrBlue|MrPink
STATE:9:ffffr300c/cc/cr700f:8hTc|7d8c|8sKh|9sTd|3c4d|6cKs/AcJc6s/5d:-300|300|0|0|0|0:Eddie|Joe|Pluribus|MrBlue|MrPink|Bill
STATE:10:ffr225r800ffc/cr1500c/cr4000c/cr10000c:QhJd|8h7h|9s4s|9c5d|QcKh|TdAh/8cKs6h/3h/9h:-50|-100|0|0|10150|-10000:Joe|Pluribus|MrBlue|MrPink|Bill|Eddie
STATE:11:r210fr750ffff:9d3d|AhTs|7sAs|9sQd|KhKc|2s8h:-50|-100|-210|0|360|0:Pluribus|MrBlue|MrPink|Bill|Eddie|Joe
STATE:12:r225ffffc/cc/cr600f:Qh8d|Qs6s|KdAd|4c8s|7h3s|3cKh/Jh4hKs/Qd:-50|-225|275|0|0|0:MrBlue|MrPink|Bill|Eddie|Joe|Pluribus
STATE:13:ffffcc/r200c/r600f:Ks3s|Ah6c|5d3c|7d5c|7hTc|6sJc/8s4sJd/Qc:200|-200|0|0|0|0:MrPink|Bill|Eddie|Joe|Pluribus|MrBlue
STATE:14:ffr225fr950r2100fc/cr2985r4575f:QdTd|5dAd|6h3h|4sKs|ThQh|3s6c/Jh7dJc:3210|-2985|0|0|-225|0:Bill|Eddie|Joe|Pluribus|MrBlue|MrPink
STATE:15:r225ffffc/cc/cr350f:9s6d|5h8h|KcQs|JhKh|9c4s|Ts2s/6sQdAs/Jc:-50|-225|275|0|0|0:Eddie|Joe|Pluribus|MrBlue|MrPink|Bill
STATE:16:fffr222ff:2cAd|Kd2h|Qh6s|6dKc|3dQd|9cAh:-50|-100|0|0|0|150:Joe|Pluribus|MrBlue|MrPink|Bill|Eddie
STATE:17:fffff:Tc5s|8s5h|6s4c|5c4d|2d4s|8d7c:-50|50|0|0|0|0:Pluribus|MrBlue|MrPink|Bill|Eddie|Joe
STATE:18:fr200fffc/cr335f:8c4h|8s8d|Kh5d|9d9s|5sKd|KcTh/AsQdJd:-50|-200|0|250|0|0:MrBlue|MrPink|Bill|Eddie|Joe|Pluribus
STATE:19:r200ffffr900c/r1825c/cc/r3075c:4d9c|AsQs|Qh9h|7h7c|5hKd|8s2s/4h8dQd/3s/5c:-50|3125|-3075|0|0|0:MrPink|Bill|Eddie|Joe|Pluribus|MrBlue
STATE:20:ffffr300r900f:8cTd|Th8d|6s9d|Jd5c|Ac3h|2s9s:-300|300|0|0|0|0:Bill|Eddie|Joe|Pluribus|MrBlue|MrPink
STATE:21:fffff:Qs2c|JcAd|Ts7c|2s9d|5cTh|6c4h:-50|50|0|0|0|0:Eddie|Joe|Pluribus|MrBlue|MrPink|Bill
STATE:22:fr210ffff:4h4s|7hTs|Ac9s|2dAd|8c6h|Jc7s:-50|-100|0|150|0|0:Joe|Pluribus|MrBlue|MrPink|Bill|Eddie
STATE:23:fr225ffff:3c5d|2h3d|6d9h|Js8s|2dAd|5hQc:-50|-100|0|150|0|0:Pluribus|MrBlue|MrPink|Bill|Eddie|Joe
STATE:24:ffr250cff/cr575c/cc/cc:4cJc|3h9d|5s8d|7d8h|Ac9c|8cKc/2c3cQd/9s/Th:-50|-100|0|0|725|-575:MrBlue|MrPink|Bill|Eddie|Joe|Pluribus
STATE:25:ffr250ffc/cr525c/cc/cc:Th6d|7s7c|Ac4d|2s9s|7dJd|3h4s/9c9hAd/9d/6c:-50|575|0|0|-525|0:MrPink|Bill|Eddie|Joe|Pluribus|MrBlue
STATE:26:ffffr300r900r2425c/r3675f:AcJh|7s5s|3c8s|4h9d|3d7c|6d4c/Kc8c2c:2425|-2425|0|0|0|0:Bill|Eddie|Joe|Pluribus|MrBlue|MrPink
STATE:27:ffr210fr1100fc/r2800f:KcTc|9hAc|TdQs|8c6d|9cJc|7cTh/4h7d5c:1200|-100|0|0|-1100|0:Eddie|Joe|Pluribus|MrBlue|MrPink|Bill
STATE:28:ffffcr300f:As4d|7h9d|7dKs|5h2d|4h7c|Jc5d:-100|100|0|0|0|0:Joe|Pluribus|MrBlue|MrPink|Bill|Eddie
STATE:29:fffr250fc/cr450f:Ac8s|Ad9h|8dKc|5cJc|2d8c|7h7c/Qd3s2c:-50|-250|0|0|0|300:Pluribus|MrBlue|MrPink|Bill|Eddie|Joe
STATE:30:fr200ffcf/cr550f:TsQh|3h8d|7cJc|2h2s|Ah3d|4s6h/Ks6s4h:-200|-100|0|300|0|0:MrBlue|MrPink|Bill|Eddie|Joe|Pluribus
STATE:31:fffr225ff:Qh5s|8c3d|8d7h|Th5h|Qs4h|6c6s:-50|-100|0|0|0|150:MrPink|Bill|Eddie|Joe|Pluribus|MrBlue
STATE:32:r250fffff:QcJd|3c4d|8sAs|4h5s|6dAd|Jh8c:-50|-100|150|0|0|0:Bill|Eddie|Joe|Pluribus|MrBlue|MrPink
STATE:33:fffff:6d2h|2c2d|9c5d|9h3c|Ac4d|5s7h:-50|50|0|0|0|0:Eddie|Joe|Pluribus|MrBlue|MrPink|Bill
STATE:34:fffr222ff:Th6d|Js2h|Ks7d|9sTc|9c6h|8dQh:-50|-100|0|0|0|150:Joe|Pluribus|MrBlue|MrPink|Bill|Eddie
STATE:35:fr225fffc/cr375c/r635c/r1660c:ThKs|9sAd|3cKd|QdTd|5c7c|3h9h/2d8d3d/9d/5d:-50|1710|0|-1660|0|0:Pluribus|MrBlue|MrPink|Bill|Eddie|Joe
STATE:36:ffffr300c/cc/r750c/cc:AdJh|7s4h|6dJc|7cQh|Th6c|Tc6h/4d2h3h/Jd/5s:750|-750|0|0|0|0:MrBlue|MrPink|Bill|Eddie|Joe|Pluribus
STATE:37:fffr225r1050fc/r1600f:TdJd|5h3h|Kc2d|9h3s|2s5c|8dKd/TcAh4c:1150|-100|0|0|0|-1050:MrPink|Bill|Eddie|Joe|Pluribus|MrBlue
STATE:38:ffr225ffc/cr600c/r975c/cc:Js3d|3cJc|Td9s|5h3h|AsTs|2cQs/7s3s8c/7h/Qh:-50|1025|0|0|-975|0:Bill|Eddie|Joe|Pluribus|MrBlue|MrPink
STATE:39:fr225fffc/cr475r1075f:As2h|AcTs|9hQs|5h5c|3c4c|6hQh/Tc2d8d:-50|525|0|-475|0|0:Eddie|Joe|Pluribus|MrBlue|MrPink|Bill
STATE:40:ffffcc/cr200r425f:5hAh|4s8c|9s2c|2hKd|9hQc|Qh4d/6h2sQs:200|-200|0|0|0|0:Joe|Pluribus|MrBlue|MrPink|Bill|Eddie
STATE:41:fffr250ff:4h6c|Kd2c|Kc4c|As5h|Kh9c|ThJs:-50|-100|0|0|0|150:Pluribus|MrBlue|MrPink|Bill|Eddie|Joe
STATE:42:r225r700ffffc/cr1862c/cr2862c/cc:5c9h|Qh4c|KcAs|ThKh|Qd3c|Ks8s/8c2h4s/Kd/9s:-50|-100|3012|-2862|0|0:MrBlue|MrPink|Bill|Eddie|Joe|Pluribus
STATE:43:r200r825ffffc/cc/r1725c/cr3070f:6hTc|7c9s|5s4s|AcKc|5hAh|4cJs/3c2c9h/6c/Jc:-50|-100|-1725|1875|0|0:MrPink|Bill|Eddie|Joe|Pluribus|MrBlue
STATE:44:ffr225ffc/cc/cc/r375f:7dTc|ThQc|Qd4c|3c6c|KcJh|2h5d/7sAh8h/7c/Td:-50|275|0|0|-225|0:Bill|Eddie|Joe|Pluribus|MrBlue|MrPink
STATE:45:ffffcc/r200r425f:5dQc|Tc9s|3s7h|AdJs|7s6d|2s5c/6h6c7d:-200|200|0|0|0|0:Eddie|Joe|Pluribus|MrBlue|MrPink|Bill
STATE:46:ffr225ffc/cr475f:KcTh|9sJh|8dQh|8h6d|8c9c|Td3h/5c5s4s:-50|-225|0|0|275|0:Joe|Pluribus|MrBlue|MrPink|Bill|Eddie
STATE:47:ffffcc/r200f:6s5d|6cJh|7hKs|QhTc|8h7d|2h5c/3d8dTh:100|-100|0|0|0|0:Pluribus|MrBlue|MrPink|Bill|Eddie|Joe
STATE:48:fr200ffcc/ccr350ff:7c5c|6d2d|Td7h|AdQs|5s8c|Qd4s/8sJc3s:-200|-200|0|400|0|0:MrBlue|MrPink|Bill|Eddie|Joe|Pluribus
STATE:49:fffr225r1050fc/r1950f:JhJd|9hQh|5hTs|5d2s|5cQd|AcQc/6d9s2h:1150|-100|0|0|0|-1050:MrPink|Bill|Eddie|Joe|Pluribus|MrBlue
STATE:50:ffr225fff:Jh3c|5d7h|5sJd|2s3h|AdTc|7cJc:-50|-100|0|0|150|0:Bill|Eddie|Joe|Pluribus|MrBlue|MrPink
STATE:51:ffffcr400f:6h8c|2h8d|5d8s|5sJh|2cTd|Qh2s:-100|100|0|0|0|0:Eddie|Joe|Pluribus|MrBlue|MrPink|Bill
STATE:52:fr210fffr1100f:9s6h|QhQs|9c4c|5d5c|AcTh|As8c:-50|260|0|-210|0|0:Joe|Pluribus|MrBlue|MrPink|Bill|Eddie
STATE:53:ffr200fff:2h7s|Th3s|Ks3h|Qc6d|4cKc|Ac8h:-50|-100|0|0|150|0:Pluribus|MrBlue|MrPink|Bill|Eddie|Joe
STATE:54:fffr287fc/cr599f:Js7d|Jd5d|7cAs|4d5c|Th9d|6sQs/Ad4h6h:-50|-287|0|0|0|337:MrBlue|MrPink|Bill|Eddie|Joe|Pluribus
STATE:55:fffr225ff:9d8s|Th6c|2s6s|5sQc|Kd9c|8dAc:-50|-100|0|0|0|150:MrPink|Bill|Eddie|Joe|Pluribus|MrBlue
STATE:56:ffr225ffc/cr475c/r775c/r3175f:Js3h|Jc4c|8c4h|7hTd|Jd8d|Kh7s/Kd9dTc/9c/6h:-50|825|0|0|-775|0:Bill|Eddie|Joe|Pluribus|MrBlue|MrPink
STATE:57:fffr287ff:7cTc|Qs4d|2c6h|5d6s|2sQh|KcQc:-50|-100|0|0|0|150:Eddie|Joe|Pluribus|MrBlue|MrPink|Bill
STATE:58:fffr222ff:3s8c|2cKh|6s7d|Td4s|9hJc|Qd8d:-50|-100|0|0|0|150:Joe|Pluribus|MrBlue|MrPink|Bill|Eddie
STATE:59:ffffcc/r200c/cr500f:AdKs|Qh8h|Th3h|5c6s|Js8d|7s5h/7c5s7h/2c:-200|200|0|0|0|0:Pluribus|MrBlue|MrPink|Bill|Eddie|Joe
STATE:60:r225ffffc/cc/cc/r575c:5d8c|6hQh|7hAh|7d5c|8h5h|9sQc/4d9d4c/Kh/3h:-50|-575|625|0|0|0:MrBlue|MrPink|Bill|Eddie|Joe|Pluribus
STATE:61:ffffr300c/r450c/r1450f:AdQc|3h4h|2h3d|2s4d|7cKh|4cJs/8dAs4s/Jh:450|-450|0|0|0|0:MrPink|Bill|Eddie|Joe|Pluribus|MrBlue
STATE:62:ffr225fff:2d4s|9c7s|3hTc|5d7d|As9d|3d4d:-50|-100|0|0|150|0:Bill|Eddie|Joe|Pluribus|MrBlue|MrPink
STATE:63:r225fffff:TdAs|Kc4h|JcQc|6d2h|9hJd|Ah7c:-50|-100|150|0|0|0:Eddie|Joe|Pluribus|MrBlue|MrPink|Bill
STATE:64:ffffr300c/r500c/cr1500f:KdAs|Td8c|Jd2s|5h6d|3d5c|7dKc/8sJhJc/9h:-500|500|0|0|0|0:Joe|Pluribus|MrBlue|MrPink|Bill|Eddie
STATE:65:fr225fffc/cr375r775r1575f:5h7h|KdTs|7cQh|7d7s|4d3d|Kc3c/JcJs3s:-50|-775|0|825|0|0:Pluribus|MrBlue|MrPink|Bill|Eddie|Joe
STATE:66:ffr250fcf/cr700f:Ad2d|Jc5h|6h3h|9sQh|8hTh|3d4d/9hKc3c:-250|-100|0|0|350|0:MrBlue|MrPink|Bill|Eddie|Joe|Pluribus
STATE:67:ffr225fff:4hJd|Jh6c|5d9s|Ah8s|6dKd|Qs9d:-50|-100|0|0|150|0:MrPink|Bill|Eddie|Joe|Pluribus|MrBlue
STATE:68:fffr250ff:2c8s|3s9d|2dJd|Tc4s|2sQs|7cJc:-50|-100|0|0|0|150:Bill|Eddie|Joe|Pluribus|MrBlue|MrPink
STATE:69:fr225r700fffc/cr1200f:8c4d|7cTh|3cKs|9s8s|6d5d|TdQd/AdQc7h:-50|-100|0|-700|850|0:Eddie|Joe|Pluribus|MrBlue|MrPink|Bill
STATE:70:fffr222fc/cc/cc/cc:Jc8h|3c3h|8s3s|2c4d|2s4c|7cAh/9s7sQc/8c/Ks:-50|-222|0|0|0|272:Joe|Pluribus|MrBlue|MrPink|Bill|Eddie
STATE:71:fffr250r1150fc/r3550r10000c//:KhKd|AcTc|6s8s|2c7c|8cJh|8dAd/9d6c5c/2h/8h:10100|-100|0|0|0|-10000:Pluribus|MrBlue|MrPink|Bill|Eddie|Joe
STATE:72:ffffcc/cr200c/cc/r500f:JdJh|Qd9h|5h2s|9d6c|7sKc|Td6s/7c6hTs/Ah/5d:200|-200|0|0|0|0:MrBlue|MrPink|Bill|Eddie|Joe|Pluribus
STATE:73:r200fffff:9cAh|2dQc|QdKs|9h7c|2s2c|7h6s:-50|-100|150|0|0|0:MrPink|Bill|Eddie|Joe|Pluribus|MrBlue
STATE:74:ffr225r700fff:9cTs|5d7c|3d4h|2c8s|7hQh|AcAs:-50|-100|0|0|-225|375:Bill|Eddie|Joe|Pluribus|MrBlue|MrPink
STATE:75:ffr210fff:9h6d|7h9d|QsJh|Td2h|KsKc|5sAh:-50|-100|0|0|150|0:Eddie|Joe|Pluribus|MrBlue|MrPink|Bill
STATE:76:fffr222ff:5d9c|Qh2d|5h4d|3h5c|Jh9s|AdTs:-50|-100|0|0|0|150:Joe|Pluribus|MrBlue|MrPink|Bill|Eddie
STATE:77:fffr250cc/ccc/r625ff:Ac6c|5d8d|4c2c|5s9c|6h4s|Kc7s/JdJc2h/Tc:500|-250|0|0|0|-250:Pluribus|MrBlue|MrPink|Bill|Eddie|Joe
STATE:78:ffffcc/cr200c/cc/cc:Ah8d|6c3d|Qd6d|8h4d|Qc4h|Qs8c/3c2cTs/Kd/Qh:-200|200|0|0|0|0:MrBlue|MrPink|Bill|Eddie|Joe|Pluribus
STATE:79:r200fcfff/cc/r640f:4d3c|7dTh|AcAh|Kc4s|9c9s|2sKs/2d8dJh/Kd:-50|-100|350|0|-200|0:MrPink|Bill|Eddie|Joe|Pluribus|MrBlue
STATE:80:ffffr300f:9cQc|Js7d|8h4s|Ad6h|5dTh|Ts2h:100|-100|0|0|0|0:Bill|Eddie|Joe|Pluribus|MrBlue|MrPink
STATE:81:ffr210fff:4dTh|2cKd|2d8c|9cAs|4c5c|Qh5d:-50|-100|0|0|150|0:Eddie|Joe|Pluribus|MrBlue|MrPink|Bill
STATE:82:ffffcc/cc/r225c/cr900f:6sKd|Ad3s|KhTs|Qh8c|2h8d|Tc4s/4h9cJh/3c/As:-225|225|0|0|0|0:Joe|Pluribus|MrBlue|MrPink|Bill|Eddie
STATE:83:fr225fffc/cc/cc/r600c:6h3c|QsJd|9sJc|7dAd|2cJh|5h4s/4h9c6d/4c/Qc:-50|650|0|-600|0|0:Pluribus|MrBlue|MrPink|Bill|Eddie|Joe
STATE:84:r225ffcff/r675c/cr1050f:Jd9s|2d8s|6c5c|3cKc|ThQs|4h5h/KhJc5s/Td:-50|-100|-675|0|0|825:MrBlue|MrPink|Bill|Eddie|Joe|Pluribus
STATE:85:fffr225fc/cr475r1100f:4h3h|8dJh|3c8s|Js6d|7d8h|Ks7s/Qc2d9s:-50|525|0|0|0|-475:MrPink|Bill|Eddie|Joe|Pluribus|MrBlue
STATE:86:fr250fffc/cr525r1350f:9dTh|2d5d|6sKs|8d8s|Qh4d|Qc6c/Kd9h2s:-50|575|0|-525|0|0:Bill|Eddie|Joe|Pluribus|MrBlue|MrPink
STATE:87:ffffr300c/cc/cr645f:Ad6h|Qc6c|3s9h|Jh9c|Td6d|4h7d/JcKhJs/3d:-300|300|0|0|0|0:Eddie|Joe|Pluribus|MrBlue|MrPink|Bill
STATE:88:ffr225cfc/ccr405cf/cr1255c/cc:4cKd|JsTd|9d7c|6cKs|5s7s|JcTc/Jh8c8h/9c/Ah:-50|137.5|0|0|-225|137.5:Joe|Pluribus|MrBlue|MrPink|Bill|Eddie
STATE:89:fffr250fc/cr500c/cr1255f:9dTs|4d3h|Jc2d|5s6h|3d2s|QdAs/5dTdAd/8h:-50|-500|0|0|0|550:Pluribus|MrBlue|MrPink|Bill|Eddie|Joe
STATE:90:r225fffff:7c8h|7sKd|9dJd|2c9s|Kc4h|As9h:-50|-100|150|0|0|0:MrBlue|MrPink|Bill|Eddie|Joe|Pluribus
STATE:91:ffffcr350f:Ks7d|2d5s|7hAd|5d6c|2hAc|2cKh:-100|100|0|0|0|0:MrPink|Bill|Eddie|Joe|Pluribus|MrBlue
STATE:92:fr250ffr1050fc/r3250f:8s9s|5s3c|8c3s|6c6s|As7c|8d2s/7sKdTd:1150|-100|0|-1050|0|0:Bill|Eddie|Joe|Pluribus|MrBlue|MrPink
STATE:93:fr225ffff:JhTd|3dJd|5h3s|2c2d|4d2s|5sKc:-50|-100|0|150|0|0:Eddie|Joe|Pluribus|MrBlue|MrPink|Bill
STATE:94:fr210fffc/cr445f:Td2h|3c3d|9h5s|KsQh|Qd9c|6cKc/KdAsTh:-50|-210|0|260|0|0:Joe|Pluribus|MrBlue|MrPink|Bill|Eddie
STATE:95:fffr250r850ff:6d6c|Qh7d|7cKs|3sKh|Td2h|4s6s:350|-100|0|0|0|-250:Pluribus|MrBlue|MrPink|Bill|Eddie|Joe
STATE:96:ffffr300c/r750c/cr1500f:TdKs|8cQd|5d3h|2dKd|Jd4s|7dKc/AsQc2c/8s:-750|750|0|0|0|0:MrBlue|MrPink|Bill|Eddie|Joe|Pluribus
STATE:97:fffr225fc/cr525c/cr1450f:3dAs|4c9c|9d7h|9h3s|2s4s|6sAd/Th4d8d/5s:-50|-525|0|0|0|575:MrPink|Bill|Eddie|Joe|Pluribus|MrBlue
STATE:98:fr225ffff:7h2d|5cTs|5dKh|8dAd|6hKc|9dJh:-50|-100|0|150|0|0:Bill|Eddie|Joe|Pluribus|MrBlue|MrPink
STATE:99:fffr287r1200ff:KcAs|Ad8c|7c2s|Kh6d|2hKs|9dJh:387|-100|0|0|0|-287:Eddie|Joe|Pluribus|MrBlue|MrPink|Bill
STATE:100:fr210fffc/cr360c/cc/r745c:7dTh|9cQh|KhQc|AhJc|9h3c|2h4h/7hQs4d/5h/Jd:-50|795|0|-745|0|0:Joe|Pluribus|MrBlue|MrPink|Bill|Eddie
STATE:101:ffffcc/r200f:2dAd|7dQs|4d9d|Ac8h|6s3d|2s4s/3sTh2c:100|-100|0|0|0|0:Pluribus|MrBlue|MrPink|Bill|Eddie|Joe
STATE:102:ffffcc/cc/r250c/r625c:8c6d|2h9d|2c9s|Jc8h|7s6h|Kh7d/4h9cTh/Td/Ah:-625|625|0|0|0|0:MrBlue|MrPink|Bill|Eddie|Joe|Pluribus
STATE:103:r200fffff:6dKs|2hKc|Kh7h|4sAs|Kd6s|2dQh:-50|-100|150|0|0|0:MrPink|Bill|Eddie|Joe|Pluribus|MrBlue
STATE:104:fffff:5h2d|AhQc|TsQd|Th7s|Tc9d|4sJd:-50|50|0|0|0|0:Bill|Eddie|Joe|Pluribus|MrBlue|MrPink
STATE:105:fffr287fr1225c/cc/cc/r2725c:4dAc|AhAs|2hJd|Js7h|6hJh|8sKs/4c5s2d/4s/Kh:-50|2775|0|0|0|-2725:Eddie|Joe|Pluribus|MrBlue|MrPink|Bill
STATE:106:ffr225r800ffc/cr1238c/cc/r2113r6489f:4dQc|9s5s|3dTs|9cQd|TcTd|KhKd/Kc3h2c/8s/8h:-50|-100|0|0|-2113|2263:Joe|Pluribus|MrBlue|MrPink|Bill|Eddie
STATE:107:ffr200fff:5sJh|9d4s|8dJs|6cKs|Ac9c|5c4h:-50|-100|0|0|150|0:Pluribus|MrBlue|MrPink|Bill|Eddie|Joe
STATE:108:r225ffffc/cr600f:9d6c|3c4c|5d6d|4s8c|QsJd|3d7d/8dQhJs:-50|-225|275|0|0|0:MrBlue|MrPink|Bill|Eddie|Joe|Pluribus
STATE:109:fr250fffc/cr440r820c/cr1435c/cc:Qd2h|ThJc|4h8c|QsJd|5cQc|3s6c/TsKdKc/Td/7c:-50|1485|0|-1435|0|0:MrPink|Bill|Eddie|Joe|Pluribus|MrBlue
STATE:110:ffr225fff:5cTd|9c5h|8d4c|TcKd|TsQh|5s3d:-50|-100|0|0|150|0:Bill|Eddie|Joe|Pluribus|MrBlue|MrPink
STATE:111:ffr210fff:Qd2c|2d6s|Qs3h|KdJc|8hAs|7hJs:-50|-100|0|0|150|0:Eddie|Joe|Pluribus|MrBlue|MrPink|Bill
STATE:112:r225ffffc/cr425f:Kc9s|9d5d|QsAs|8h4h|JcQd|5hJh/6sAc4d:-50|-225|275|0|0|0:Joe|Pluribus|MrBlue|MrPink|Bill|Eddie
STATE:113:fffr250fc/cc/cr505f:Ac7s|3dTd|Js5h|Ks9h|8d7c|Ad4d/Qc2h9c/4c:-50|-250|0|0|0|300:Pluribus|MrBlue|MrPink|Bill|Eddie|Joe
STATE:114:fr200ffcc/ccc/ccc/ccc:Ad6d|KdTh|6hAs|7h7c|5dKs|3h5c/3dAh4h/3s/8c:400|-200|0|-200|0|0:MrBlue|MrPink|Bill|Eddie|Joe|Pluribus
STATE:115:fr250ffff:Qh2c|Ts4d|Jh8h|8cQc|QdJc|Td3s:-50|-100|0|150|0|0:MrPink|Bill|Eddie|Joe|Pluribus|MrBlue
STATE:116:fffr250ff:8dJc|2c7s|3h9c|3dKc|8hTc|4s6s:-50|-100|0|0|0|150:Bill|Eddie|Joe|Pluribus|MrBlue|MrPink
STATE:117:fffr287r1250ff:Ts8s|3c9s|8d6c|Kc8c|As7d|Js9d:387|-100|0|0|0|-287:Eddie|Joe|Pluribus|MrBlue|MrPink|Bill
STATE:118:fffr222ff:QdJh|8s2c|4hJd|Ks6d|4c8c|6sAc:-50|-100|0|0|0|150:Joe|Pluribus|MrBlue|MrPink|Bill|Eddie
STATE:119:ffffcr350c/cc/cc/cr650f:6s6h|2h9d|As3h|8dKc|Ts7h|3s5d/Jd9s3d/Jh/Qd:-350|350|0|0|0|0:Pluribus|MrBlue|MrPink|Bill|Eddie|Joe
STATE:120:r225fffr1075fc/r2660c/r10000f:KdKh|7hTs|8dAd|Js5h|8c5s|Ah2c/7d6c4s/9c:2760|-100|-2660|0|0|0:MrBlue|MrPink|Bill|Eddie|Joe|Pluribus
STATE:121:fffff:2c6s|8c7h|Kh5h|JsTh|Ts9d|2s9s:-50|50|0|0|0|0:MrPink|Bill|Eddie|Joe|Pluribus|MrBlue
STATE:122:fr200fccf/ccr900fc/cr3500c/cr10000f:5d5c|6h8s|6cTh|7dAd|Ah2s|4s4h/4dAs6d/3c/Jc:-200|-100|0|-3500|0|3800:Bill|Eddie|Joe|Pluribus|MrBlue|MrPink
STATE:123:ffffcr400f:Qh5s|8h3c|5d2c|Td3s|9h4h|2dKs:-100|100|0|0|0|0:Eddie|Joe|Pluribus|MrBlue|MrPink|Bill
STATE:124:ffffr300r1200f:9d5d|QdAc|9h7d|3dJd|8s6d|3c5s:-300|300|0|0|0|0:Joe|Pluribus|MrBlue|MrPink|Bill|Eddie
STATE:125:r210ffffc/cr445c/cr1045f:6c3h|5d3c|7c7d|9cJs|8c5s|4hTh/Jh6h3d/Jd:-50|-445|495|0|0|0:Pluribus|MrBlue|MrPink|Bill|Eddie|Joe
STATE:126:fffff:8d5c|9h9d|5sQs|TdJc|6sJh|9s7d:-50|50|0|0|0|0:MrBlue|MrPink|Bill|Eddie|Joe|Pluribus
STATE:127:r200fffff:Ad6h|2s3d|KdQd|Ts6c|Ah4d|6d9s:-50|-100|150|0|0|0:MrPink|Bill|Eddie|Joe|Pluribus|MrBlue
STATE:128:r250cfffc/ccc/cr615fc/cr1415f:Th9d|6s6h|JhKh|QsAc|3h7s|7d2h/5h4c9s/9h/Ts:-50|-615|915|-250|0|0:Bill|Eddie|Joe|Pluribus|MrBlue|MrPink
STATE:129:fr225ffff:Jc6s|Js5s|4h9d|QdQs|5c3c|4dTd:-50|-100|0|150|0|0:Eddie|Joe|Pluribus|MrBlue|MrPink|Bill
STATE:130:ffr225ffc/cr475c/cc/cc:4hQd|QsTh|6hJd|Kd4d|TsQc|5c2d/Ad9h8h/Qh/8c:-50|25|0|0|25|0:Joe|Pluribus|MrBlue|MrPink|Bill|Eddie
STATE:131:fr225ffff:JdKc|2c4h|3s8c|QdTd|7dJc|Qs4d:-50|-100|0|150|0|0:Pluribus|MrBlue|MrPink|Bill|Eddie|Joe
STATE:132:fr200fcr1085fcc/ccc/cr2185ff:JhJs|3c8c|Qs7s|ThTd|6d8s|QhKh/3sAdTc/9d:-1085|-100|0|2270|0|-1085:MrBlue|MrPink|Bill|Eddie|Joe|Pluribus
STATE:133:fr250cfff/cr900r2250f:6d2h|Jc7d|3s6c|QhQc|8sAs|Kh9h/2s5dJh:-50|-100|0|1050|-900|0:MrPink|Bill|Eddie|Joe|Pluribus|MrBlue
STATE:134:ffffr300c/cc/r750c/r1750r10000f:KsQs|Jh8c|Jd5s|6c4s|7hKc|Js7d/JcTd6d/8h/8d:-1750|1750|0|0|0|0:Bill|Eddie|Joe|Pluribus|MrBlue|MrPink
STATE:135:fffff:Jd2s|5cAd|QdTh|Ts5h|9s7d|4cJh:-50|50|0|0|0|0:Eddie|Joe|Pluribus|MrBlue|MrPink|Bill
STATE:136:r225fffff:5cQd|Qc2s|AcQs|JcAh|6cKc|3d9d:-50|-100|150|0|0|0:Joe|Pluribus|MrBlue|MrPink|Bill|Eddie
STATE:137:fr225ffcc/ccc/ccc/ccc:JsTs|8h6c|5dQh|9dQd|4d2s|3dTd/9hTcKd/6d/Ah:450|-225|0|-225|0|0:Pluribus|MrBlue|MrPink|Bill|Eddie|Joe
STATE:138:fr200r825ffff:QhTc|Qd4c|4d3h|4h4s|AsKs|9d6d:-50|-100|0|-200|350|0:MrBlue|MrPink|Bill|Eddie|Joe|Pluribus
STATE:139:ffr225fr1050fc/r1750c/r5350f:KcQc|Qh7d|6c9s|6s5h|JcTc|4hQs/7hQdJs/Kh:1850|-100|0|0|-1750|0:MrPink|Bill|Eddie|Joe|Pluribus|MrBlue
STATE:140:ffr225fff:Qc2h|5hQs|Tc5s|4d7s|8c8h|7dTs:-50|-100|0|0|150|0:Bill|Eddie|Joe|Pluribus|MrBlue|MrPink
STATE:141:r200fffff:Jh3h|6h7c|Ad2d|5s3c|JcKh|Qc6c:-50|-100|150|0|0|0:Eddie|Joe|Pluribus|MrBlue|MrPink|Bill
STATE:142:fr210ffff:5d6h|Jd3s|5c4d|KcKs|5sTs|8cQs:-50|-100|0|150|0|0:Joe|Pluribus|MrBlue|MrPink|Bill|Eddie
STATE:143:ffffr275f:5d5c|7s2s|6h8c|3dAs|Qh2c|4sJd:100|-100|0|0|0|0:Pluribus|MrBlue|MrPink|Bill|Eddie|Joe
STATE:144:ffr250r818ffr2400f:9h2h|Td4c|Kd9s|9d7c|JcAh|QsJh:-50|-100|0|0|968|-818:MrBlue|MrPink|Bill|Eddie|Joe|Pluribus
STATE:145:r200ffffc/cr605f:8hQd|5cAc|AhQc|6s2d|8sTd|5hTs/4sJdQs:-50|-200|250|0|0|0:MrPink|Bill|Eddie|Joe|Pluribus|MrBlue
STATE:146:ffffr300c/r750c/cc/cc:QdJs|Jc4c|7sAd|Jh2s|7c5s|Kc5h/9h7d4h/5d/6h:-750|750|0|0|0|0:Bill|Eddie|Joe|Pluribus|MrBlue|MrPink
STATE:147:r225fffff:8s7d|4h9d|AcTd|9c3c|3h7s|Tc8d:-50|-100|150|0|0|0:Eddie|Joe|Pluribus|MrBlue|MrPink|Bill
STATE:148:r225ffffc/cr425r1325c/r4025c/cr10000f:8h6s|7hTh|KdKh|3cJh|Qd4d|Ad4s/KsQh5h/8c/5s:-50|-4025|4075|0|0|0:Joe|Pluribus|MrBlue|MrPink|Bill|Eddie
STATE:149:r211ffffr975f:KhJd|JsJh|Td9d|3d6s|2c8h|Ks5s:-50|261|-211|0|0|0:Pluribus|MrBlue|MrPink|Bill|Eddie|Joe
STATE:150:fffff:3dQs|5sAh|3s7c|7s5h|4d2s|Ks3h:-50|50|0|0|0|0:MrBlue|MrPink|Bill|Eddie|Joe|Pluribus
STATE:151:r200fffff:JsAd|As2d|9h9d|7cKs|8cTh|Kc7s:-50|-100|150|0|0|0:MrPink|Bill|Eddie|Joe|Pluribus|MrBlue
STATE:152:fffr250fc/cr425r750f:3dKs|Ac4c|7s9d|Ah6d|2s6s|Kh8s/3h4dQc:-50|475|0|0|0|-425:Bill|Eddie|Joe|Pluribus|MrBlue|MrPink
STATE:153:fffff:7c4h|3s7s|9h6s|7d5s|Kc3d|Qc4s:-50|50|0|0|0|0:Eddie|Joe|Pluribus|MrBlue|MrPink|Bill
STATE:154:fffff:7d4s|AdAh|QdTs|6s2s|7h9d|4cKd:-50|50|0|0|0|0:Joe|Pluribus|MrBlue|MrPink|Bill|Eddie
STATE:155:ffr200ffc/cr335f:4h6s|Ks8c|7c2s|6h3h|KhAc|9h6c/JhTd5h:-50|-200|0|0|250|0:Pluribus|MrBlue|MrPink|Bill|Eddie|Joe
STATE:156:ffr250ffc/cr500r1550f:8sQc|4s5h|6hAd|8d6s|TdQh|3c9c/Ac4d9h:-50|550|0|0|-500|0:MrBlue|MrPink|Bill|Eddie|Joe|Pluribus
STATE:157:ffr225ffc/cr475f:Ts6s|TdKd|Ks9h|5sTh|8s9s|3s9d/2sJc6h:-50|-225|0|0|275|0:MrPink|Bill|Eddie|Joe|Pluribus|MrBlue
STATE:158:fffff:8c6h|6d2h|Ts4h|Th3h|4c7c|3dJd:-50|50|0|0|0|0:Bill|Eddie|Joe|Pluribus|MrBlue|MrPink
STATE:159:ffffcr400f:6h5d|KhAh|5cJc|Kd6d|9s7h|Js4h:-100|100|0|0|0|0:Eddie|Joe|Pluribus|MrBlue|MrPink|Bill
STATE:160:fr210ffr950fc/r2050c/cr3400r10000f:Ah5h|TsKs|4hJc|7d7h|9sKd|3c8c/Th4c2h/6s:3500|-100|0|-3400|0|0:Joe|Pluribus|MrBlue|MrPink|Bill|Eddie
