# name/game/hands/seed sample_game_85 ../lib/python-client/acpc_infrastructure/holdem.nolimit.6p.game 10000 85
#--t_response 600000000
#--t_hand 600000000
#--t_per_hand 600000000
STATE:0:ffr225ffc/cc/cr600f:2hQs|7h7s|5c9s|4h7d|9hKc|3s8d/TcKd5h/6s:-50|-225|0|0|275|0:MrWhite|Budd|MrOrange|Bill|MrBlue|Pluribus
STATE:1:fffff:Jd3h|QsJs|8c4s|8hAd|4h9h|2s6c:-50|50|0|0|0|0:Budd|MrOrange|Bill|MrBlue|Pluribus|MrWhite
STATE:2:ffffr250c/r600c/r1600c/cc:AdKs|6dAc|7sJs|6hKd|2h3h|4s9h/9dAhQd/Jc/Qc:1600|-1600|0|0|0|0:MrOrange|Bill|MrBlue|Pluribus|MrWhite|Budd
STATE:3:ffr225ffc/cr400c/cc/cc:TdJh|8c8d|4sQs|4c2h|5d5h|3h6d/3sAs7d/9d/Js:-50|450|0|0|-400|0:Bill|MrBlue|Pluribus|MrWhite|Budd|MrOrange
STATE:4:r225fffff:7hQs|6sTc|AcJh|9s4s|7d8h|2hKs:-50|-100|150|0|0|0:MrBlue|Pluribus|MrWhite|Budd|MrOrange|Bill
STATE:5:ffffr250c/cc/r375c/r750c:7dKs|Ah6s|3s2h|QcTh|Kh2s|Jc4h/As7s3c/5d/9c:-750|750|0|0|0|0:Pluribus|MrWhite|Budd|MrOrange|Bill|MrBlue
STATE:6:fffr200r700ff:ThTs|8hJh|5hQh|7sTc|9c2h|Ad5c:300|-100|0|0|0|-200:MrWhite|Budd|MrOrange|Bill|MrBlue|Pluribus
STATE:7:ffr225ffr1100c/cc/cr1662c/cc:7s9h|8c5c|Th4s|7c8d|AdJd|4c2c/Qd9s8s/2s/Qh:-50|1712|0|0|-1662|0:Budd|MrOrange|Bill|MrBlue|Pluribus|MrWhite
STATE:8:ffffr250f:3sQs|3d8h|7h8d|4h6s|7cQh|5c2s:100|-100|0|0|0|0:MrOrange|Bill|MrBlue|Pluribus|MrWhite|Budd
STATE:9:fffr234fc/cr384f:QsTd|9d4d|2h3c|Jc8s|Th8c|TcKs/6hJsKd:-50|-234|0|0|0|284:Bill|MrBlue|Pluribus|MrWhite|Budd|MrOrange
STATE:10:fffr250fc/cr525r1075c/r3275f:9h5s|8sQd|3h7c|5dTs|6d5h|Kh8h/4s8dAs/Td:-50|1125|0|0|0|-1075:MrBlue|Pluribus|MrWhite|Budd|MrOrange|Bill
STATE:11:ffr225fr1325ff:JhJs|7sAh|Td9h|4h8s|JdKs|2c9s:325|-100|0|0|-225|0:Pluribus|MrWhite|Budd|MrOrange|Bill|MrBlue
STATE:12:fr225r780ffff:8c4c|3cQd|6s3s|JhAs|KhKc|Ac9c:-50|-100|0|-225|375|0:MrWhite|Budd|MrOrange|Bill|MrBlue|Pluribus
STATE:13:r225fffff:4h3c|Ad5s|ThAh|2s2h|9cJh|Js8c:-50|-100|150|0|0|0:Budd|MrOrange|Bill|MrBlue|Pluribus|MrWhite
STATE:14:r225ffffr1000c/r2025c/r4625c/cr10000f:2s8s|QhQc|AhJh|7cTs|5c2c|7d8h/Th9h4d/8c/Kh:-50|-4625|4675|0|0|0:MrOrange|Bill|MrBlue|Pluribus|MrWhite|Budd
STATE:15:ffr225ffc/cr400f:Jc4c|2c2h|6d9s|8h3c|2dKd|5h4s/5d6cQs:-50|-225|0|0|275|0:Bill|MrBlue|Pluribus|MrWhite|Budd|MrOrange
STATE:16:fr225fffc/cc/r350c/r725c:8sTh|Ac5c|Ad4c|KhKc|7cTs|3c9d/Tc9h8c/Qs/2s:-50|-725|0|775|0|0:MrBlue|Pluribus|MrWhite|Budd|MrOrange|Bill
STATE:17:fffr225fc/cr425f:Qs8d|QdJh|9sKh|Jd4h|4dTc|8sJs/4cThTd:-50|-225|0|0|0|275:Pluribus|MrWhite|Budd|MrOrange|Bill|MrBlue
STATE:18:fffff:3c4s|8h4h|Kd2h|6d3h|7hJd|4d7s:-50|50|0|0|0|0:MrWhite|Budd|MrOrange|Bill|MrBlue|Pluribus
STATE:19:fffff:2d9h|6hTd|Qd6d|ThKd|As3d|6c9c:-50|50|0|0|0|0:Budd|MrOrange|Bill|MrBlue|Pluribus|MrWhite
STATE:20:ffr225ccf/ccr525ff:4c4d|3d9h|Jh7s|3h2c|AsJd|AcJc/6cTsKs:-225|-100|0|0|-225|550:MrOrange|Bill|MrBlue|Pluribus|MrWhite|Budd
STATE:21:ffr225ffc/cc/cc/cr600f:2d3d|Kc7c|9h3h|Qh4c|Ah2h|7h8s/Ks4s7s/Qs/8c:-50|-225|0|0|275|0:Bill|MrBlue|Pluribus|MrWhite|Budd|MrOrange
STATE:22:ffffr250f:5s4s|8h2d|3dJh|9s8d|Ac2h|4d6s:100|-100|0|0|0|0:MrBlue|Pluribus|MrWhite|Budd|MrOrange|Bill
STATE:23:ffr225ffr725r1825c/cr2825r10000f:7sKd|TcTh|Ks5h|Qh4h|KhAc|8s7d/5c8c3d:-50|2875|0|0|-2825|0:Pluribus|MrWhite|Budd|MrOrange|Bill|MrBlue
STATE:24:fr225fffc/cr525f:2h2d|AdTs|Ah3d|AsTh|Kd9h|4c3s/6cKs9s:-50|-225|0|275|0|0:MrWhite|Budd|MrOrange|Bill|MrBlue|Pluribus
STATE:25:fffff:3dJc|7c2s|2h9c|Kd3s|Jh5s|4d8s:-50|50|0|0|0|0:Budd|MrOrange|Bill|MrBlue|Pluribus|MrWhite
STATE:26:fffff:Th8s|Jh9d|4hTd|Ks8c|9hJc|Qc2d:-50|50|0|0|0|0:MrOrange|Bill|MrBlue|Pluribus|MrWhite|Budd
STATE:27:ffr225fff:2s7d|Td6h|7h5c|Ks2d|4c4h|Jd3d:-50|-100|0|0|150|0:Bill|MrBlue|Pluribus|MrWhite|Budd|MrOrange
STATE:28:fr225fffc/cr425r875c/cc/cr1775c:Js6c|Ac7d|7s4d|ThTs|3cTd|6dKh/7h8h8c/9d/3h:-50|-1775|0|1825|0|0:MrBlue|Pluribus|MrWhite|Budd|MrOrange|Bill
STATE:29:ffffcc/r200f:9h7d|5hTc|Th2d|3h9c|9d6d|6cKh/6sQh4h:100|-100|0|0|0|0:Pluribus|MrWhite|Budd|MrOrange|Bill|MrBlue
STATE:30:r200fffff:5s4h|4d9c|As2s|Kh7h|8d6s|7sKc:-50|-100|150|0|0|0:MrWhite|Budd|MrOrange|Bill|MrBlue|Pluribus
STATE:31:fffr225r900fc/r1550c/cc/cc:8c8h|7s4s|4h2s|Td9c|9sQd|AsJs/4d5dAd/2c/Qs:-1550|-100|0|0|0|1650:Budd|MrOrange|Bill|MrBlue|Pluribus|MrWhite
STATE:32:r225ffffc/cr475f:3c9s|4c4s|AhKd|5cTs|5s6d|5hTh/KsTd2s:-50|-225|275|0|0|0:MrOrange|Bill|MrBlue|Pluribus|MrWhite|Budd
STATE:33:fr225fffc/cc/cc/r600f:5s4c|TdKh|Qc9d|3s4s|Qs3h|8hAc/Qd9c2d/Ts/Jd:-50|275|0|-225|0|0:Bill|MrBlue|Pluribus|MrWhite|Budd|MrOrange
STATE:34:fffff:5d9c|Ah2c|Jh2h|6d3d|Kd4c|4dTs:-50|50|0|0|0|0:MrBlue|Pluribus|MrWhite|Budd|MrOrange|Bill
STATE:35:fffff:8s5h|TdKh|2s4h|Qh3c|6hKs|7dQc:-50|50|0|0|0|0:Pluribus|MrWhite|Budd|MrOrange|Bill|MrBlue
STATE:36:fffr250fc/cr525c/cc/r900c:2hTd|QcJs|3hJc|5h2d|2c7c|Th8d/5sQdTs/9s/Qh:-50|950|0|0|0|-900:MrWhite|Budd|MrOrange|Bill|MrBlue|Pluribus
STATE:37:fr225ffff:Kd8h|9dQc|5sJd|JcTc|Kc4h|6hKs:-50|-100|0|150|0|0:Budd|MrOrange|Bill|MrBlue|Pluribus|MrWhite
STATE:38:ffr225fr1150fr2400f:AdQs|4dJc|9dTs|9sQc|KsAs|KcJd:-1150|-100|0|0|1250|0:MrOrange|Bill|MrBlue|Pluribus|MrWhite|Budd
STATE:39:r200ffffc/cr425f:3sQh|AhTs|9sJs|8d2s|AsJd|Td4d/4s2dJh:-50|-200|250|0|0|0:Bill|MrBlue|Pluribus|MrWhite|Budd|MrOrange
STATE:40:fffr250fc/cc/cr525c/cr1275f:7c9d|3cAh|7sJh|TsQd|3h4h|8c9s/7d4d4c/2h/Kc:-50|-525|0|0|0|575:MrBlue|Pluribus|MrWhite|Budd|MrOrange|Bill
STATE:41:fffr225r1050ff:KhKd|4sTs|8s7c|Js2c|Qh3c|8d4d:325|-100|0|0|0|-225:Pluribus|MrWhite|Budd|MrOrange|Bill|MrBlue
STATE:42:r200fffff:Jh5h|3d9s|7c7s|5s4d|3sKd|4h3c:-50|-100|150|0|0|0:MrWhite|Budd|MrOrange|Bill|MrBlue|Pluribus
STATE:43:ffffr300f:Td9s|2dQc|9d7h|8s6h|5sTh|Ts3s:100|-100|0|0|0|0:Budd|MrOrange|Bill|MrBlue|Pluribus|MrWhite
STATE:44:fffr250ff:2h8c|6dQc|4h9d|5c8h|5s3c|Th9c:-50|-100|0|0|0|150:MrOrange|Bill|MrBlue|Pluribus|MrWhite|Budd
STATE:45:fr225fffc/cc/cc/cr475f:2d3h|KcTs|9hQs|JhTh|5sJd|Ac2h/7s6cQh/6d/9c:-50|-225|0|275|0|0:Bill|MrBlue|Pluribus|MrWhite|Budd|MrOrange
STATE:46:fr225ffff:5h2s|3cJd|4s8s|Kd7d|7hAs|2hTc:-50|-100|0|150|0|0:MrBlue|Pluribus|MrWhite|Budd|MrOrange|Bill
STATE:47:r225ffffc/cr600c/cr1537f:9s3d|9cKc|3cAc|5h8c|8dJc|5c7s/2c7c4s/5d:-50|-600|650|0|0|0:Pluribus|MrWhite|Budd|MrOrange|Bill|MrBlue
STATE:48:r200fffff:6h7s|8sQh|8h8d|5c3d|6s5h|4hAs:-50|-100|150|0|0|0:MrWhite|Budd|MrOrange|Bill|MrBlue|Pluribus
STATE:49:ffr225cff/cc/r1125f:5dQc|As6h|6dJs|8s7d|JhTd|9cJc/9s4cQh/4h:-50|-100|0|0|375|-225:Budd|MrOrange|Bill|MrBlue|Pluribus|MrWhite
STATE:50:r225fffr1150fc/r2038f:QhQs|5sAd|Ts9s|6sAs|Td3d|6d5c/2c4sJc:1250|-100|-1150|0|0|0:MrOrange|Bill|MrBlue|Pluribus|MrWhite|Budd
STATE:51:fffff:3s8d|AdTd|3cJs|Qc9d|4dAs|8c7h:-50|50|0|0|0|0:Bill|MrBlue|Pluribus|MrWhite|Budd|MrOrange
STATE:52:r287r900fffff:3s9d|Qh5c|QsAd|QdAs|2s7h|Ah5h:-50|-100|-287|437|0|0:MrBlue|Pluribus|MrWhite|Budd|MrOrange|Bill
STATE:53:r225ffffc/cr475r1225f:9s3d|4d7d|AcKh|6sTs|Qd8s|6hQh/Td5dJs:-50|525|-475|0|0|0:Pluribus|MrWhite|Budd|MrOrange|Bill|MrBlue
STATE:54:r200fffff:8h6d|Jd4c|AcKc|3dTd|4h9c|7sQs:-50|-100|150|0|0|0:MrWhite|Budd|MrOrange|Bill|MrBlue|Pluribus
STATE:55:r225ffcff/r675f:8h5c|Th3d|7s7h|9c2c|3c4h|KcQh/2s5h4s:-50|-100|375|0|0|-225:Budd|MrOrange|Bill|MrBlue|Pluribus|MrWhite
STATE:56:ffr225ffr1000c/r2250c/cr4525c/cr10000c:6s5d|AhJs|5cQh|2h4d|ThJh|4c2d/JdQc3c/Jc/5s:-50|10050|0|0|-10000|0:MrOrange|Bill|MrBlue|Pluribus|MrWhite|Budd
STATE:57:ffr225fff:9sKc|2d6c|4c7h|8sAh|4h4s|9h5h:-50|-100|0|0|150|0:Bill|MrBlue|Pluribus|MrWhite|Budd|MrOrange
STATE:58:fffr250fc/cr525c/r800c/cr1350f:4dTd|Ks5s|7h2c|9hAd|5dQs|8h8c/Qd5h4s/3h/3c:-50|-800|0|0|0|850:MrBlue|Pluribus|MrWhite|Budd|MrOrange|Bill
STATE:59:fffff:5sJd|9cKc|QdJh|7c8s|2c6s|Jc3d:-50|50|0|0|0|0:Pluribus|MrWhite|Budd|MrOrange|Bill|MrBlue
STATE:60:fr225fffc/cc/cc/cc:Jd6s|AcJh|8sQh|2h2s|Ks7c|4s8d/3d9sTc/4h/Kc:-50|-225|0|275|0|0:MrWhite|Budd|MrOrange|Bill|MrBlue|Pluribus
STATE:61:fffr225ff:Jd6c|6h2d|Jh9d|Th3s|6sKh|2sAc:-50|-100|0|0|0|150:Budd|MrOrange|Bill|MrBlue|Pluribus|MrWhite
STATE:62:ffr225fr1150fc/r2000c/r2100c/r5400f:AsKh|7cKc|QhTs|7hJs|TcTd|Ad7s/4cQd8s/4d/5s:2200|-100|0|0|-2100|0:MrOrange|Bill|MrBlue|Pluribus|MrWhite|Budd
STATE:63:fr225ffr925fr2300c/cr4650r10000c//:KsQs|9cJh|Qh3h|AhAd|4sTc|Jc7h/3s8cJs/Ac/2c:-10000|-100|0|10100|0|0:Bill|MrBlue|Pluribus|MrWhite|Budd|MrOrange
STATE:64:ffr200ffc/cc/cc/r650f:8h9c|Ks7s|5dKh|2cTd|AsQc|5s4c/Jd7c2d/Js/Th:-50|250|0|0|-200|0:MrBlue|Pluribus|MrWhite|Budd|MrOrange|Bill
STATE:65:r225ffffc/cc/cc/r600c:4dTs|6s4s|7s8s|8d7h|9s2h|AcJs/Tc9h9c/7c/5s:-50|-600|650|0|0|0:Pluribus|MrWhite|Budd|MrOrange|Bill|MrBlue
STATE:66:ffr225cff/cc/cc/r475c:3d9h|8sQc|Td3s|5d4s|3c3h|JhQh/Kc9s7s/6s/Js:-50|-100|0|0|-475|625:MrWhite|Budd|MrOrange|Bill|MrBlue|Pluribus
STATE:67:r225fffff:Js8h|5s2h|ThAc|AsJd|2cAd|6h4s:-50|-100|150|0|0|0:Budd|MrOrange|Bill|MrBlue|Pluribus|MrWhite
STATE:68:fffr250ff:6c2c|9c3h|Ks2s|2hJs|Qs3s|Th7h:-50|-100|0|0|0|150:MrOrange|Bill|MrBlue|Pluribus|MrWhite|Budd
STATE:69:ffr225ffc/cc/cr600f:Kd7c|Ah2d|3cKc|7d8c|QdJh|9sTc/Qs5s9c/6c:-50|-225|0|0|275|0:Bill|MrBlue|Pluribus|MrWhite|Budd|MrOrange
STATE:70:ffffr300c/cc/cc/r1200c:7c5s|6dQd|9d4h|9s6c|3h8h|2d3s/JcAcQs/Js/6s:-1200|1200|0|0|0|0:MrBlue|Pluribus|MrWhite|Budd|MrOrange|Bill
STATE:71:fffff:3dQs|Tc8s|8d9h|7cTd|Jh6s|6cJs:-50|50|0|0|0|0:Pluribus|MrWhite|Budd|MrOrange|Bill|MrBlue
STATE:72:fffff:8s6c|9s5h|3hQc|Jc9h|3sJd|2s7h:-50|50|0|0|0|0:MrWhite|Budd|MrOrange|Bill|MrBlue|Pluribus
STATE:73:ffffr300c/cr750c/cr2087c/cr4737f:8hJh|Td9h|7s4s|9d6s|6hTc|3h7h/QsJs7d/5c/3s:-2087|2087|0|0|0|0:Budd|MrOrange|Bill|MrBlue|Pluribus|MrWhite
STATE:74:r225fffff:7c8d|5hAc|8h6h|2d9c|Tc6d|3cKs:-50|-100|150|0|0|0:MrOrange|Bill|MrBlue|Pluribus|MrWhite|Budd
STATE:75:fffr233r950ff:9s9h|6dAh|Qc5d|Tc2h|9c5h|Js8s:333|-100|0|0|0|-233:Bill|MrBlue|Pluribus|MrWhite|Budd|MrOrange
STATE:76:ffr208ffc/cc/cc/cc:9h5h|2c2s|6c7d|Ac6s|TcQc|3s4s/Kh6h5d/Qs/7c:-50|-208|0|0|258|0:MrBlue|Pluribus|MrWhite|Budd|MrOrange|Bill
STATE:77:ffr225r780ffc/cc/r1380f:4h3h|As4s|3s7c|4d7d|QhKd|3d3c/Js9d5s/9s:-50|-100|0|0|930|-780:Pluribus|MrWhite|Budd|MrOrange|Bill|MrBlue
STATE:78:fffr250fc/cc/cc/cc:3d4h|7s4s|5h6s|8d2c|9h5s|TsTh/Qc3h3c/Ad/3s:-50|-250|0|0|0|300:MrWhite|Budd|MrOrange|Bill|MrBlue|Pluribus
STATE:79:fffff:Qs2d|3sQh|7c9h|5s2c|7d9c|5c4h:-50|50|0|0|0|0:Budd|MrOrange|Bill|MrBlue|Pluribus|MrWhite
STATE:80:ffffr250r850f:5dJd|QhAh|6cQd|6sJh|Td4d|8h4c:-250|250|0|0|0|0:MrOrange|Bill|MrBlue|Pluribus|MrWhite|Budd
STATE:81:fr225r720fffc/cr1170c/cr2070f:3d5d|4dAh|Qh6h|8h8s|KsKc|6s4s/4hAsAd/9c:-50|-100|0|-1170|1320|0:Bill|MrBlue|Pluribus|MrWhite|Budd|MrOrange
STATE:82:ffffr300f:Qd9s|3c6h|5d2c|JcTh|6s7h|9c7s:100|-100|0|0|0|0:MrBlue|Pluribus|MrWhite|Budd|MrOrange|Bill
STATE:83:ffr225cfc/cr575ff:Qs3h|7sTs|9cJd|8d5d|Ac3c|8h6h/Qc2s5c:-50|-225|0|0|500|-225:Pluribus|MrWhite|Budd|MrOrange|Bill|MrBlue
STATE:84:fffr250r850ff:KdAh|7hAs|2s4s|Jc4d|3cTd|Kh8s:350|-100|0|0|0|-250:MrWhite|Budd|MrOrange|Bill|MrBlue|Pluribus
STATE:85:ffr225fff:Qh5d|9h2c|7hQc|Kh8s|KcAc|Qs4s:-50|-100|0|0|150|0:Budd|MrOrange|Bill|MrBlue|Pluribus|MrWhite
STATE:86:fr250fffr1100c/r1850c/r4100c/cc:Ac4s|KdAs|5cAd|JhKh|QsJc|2c2s/6s3hJs/6h/Ks:-50|-4100|0|4150|0|0:MrOrange|Bill|MrBlue|Pluribus|MrWhite|Budd
STATE:87:ffr200fff:5s2h|Jh2s|2c7c|9d6d|8s5d|7s5h:-50|-100|0|0|150|0:Bill|MrBlue|Pluribus|MrWhite|Budd|MrOrange
STATE:88:fffr250fc/cr650f:Ah4d|7c6h|4h2c|Ks7h|Th6s|Ad2d/9cTcQd:-50|-250|0|0|0|300:MrBlue|Pluribus|MrWhite|Budd|MrOrange|Bill
STATE:89:fffr225r637fc/r1324f:TdKd|3d6h|3h2s|QdJs|5c6s|7d6c/5hKs2d:737|-100|0|0|0|-637:Pluribus|MrWhite|Budd|MrOrange|Bill|MrBlue
STATE:90:fffr250fc/cr525r1138r2301c/cc/cc:7sQc|Qh3h|2sKh|Jd8c|7c3s|Td6d/Ks6h2h/Kc/5c:-50|-2301|0|0|0|2351:MrWhite|Budd|MrOrange|Bill|MrBlue|Pluribus
STATE:91:fffr225ff:Kc3c|4d2h|4cAs|Jc3s|7sJd|QdTd:-50|-100|0|0|0|150:Budd|MrOrange|Bill|MrBlue|Pluribus|MrWhite
STATE:92:fffr250ff:Tc2d|2h4c|3dKd|5h8d|9cQh|Ts7s:-50|-100|0|0|0|150:MrOrange|Bill|MrBlue|Pluribus|MrWhite|Budd
STATE:93:fffff:3h8d|Tc5s|Kd6c|7hAd|Qs3d|7d5h:-50|50|0|0|0|0:Bill|MrBlue|Pluribus|MrWhite|Budd|MrOrange
STATE:94:fffr250cc/cr1000fc/cr1562f:JdQh|Tc5c|As3d|Ac8d|Jh5s|Qd2d/KsTs5d/4s:-1000|1250|0|0|0|-250:MrBlue|Pluribus|MrWhite|Budd|MrOrange|Bill
STATE:95:ffffr250f:Ks8s|2cTd|Js2d|Qd9h|9c4h|Ts5h:100|-100|0|0|0|0:Pluribus|MrWhite|Budd|MrOrange|Bill|MrBlue
STATE:96:fr225fffc/cc/cr475f:4h7c|9hTs|4s6h|AdKc|9d7s|8dJh/Kd5d5s/2s:-50|-225|0|275|0|0:MrWhite|Budd|MrOrange|Bill|MrBlue|Pluribus
STATE:97:r225fffff:2s7d|2cAs|8c7c|Kh5h|4d9h|TdAh:-50|-100|150|0|0|0:Budd|MrOrange|Bill|MrBlue|Pluribus|MrWhite
STATE:98:fffr250ff:Ac9s|6dTc|3dTs|8hKd|7h3s|KhKc:-50|-100|0|0|0|150:MrOrange|Bill|MrBlue|Pluribus|MrWhite|Budd
STATE:99:ffr225fr925ff:AhAc|Tc4c|5s7c|Jh6s|9hQh|Qs8d:325|-100|0|0|-225|0:Bill|MrBlue|Pluribus|MrWhite|Budd|MrOrange
STATE:100:ffr210fcf/cc/cc/cc:7hAh|Kc4d|8s7c|3cJs|TdKd|6cTh/Qh8h8c/Qs/2d:310|-100|0|0|-210|0:MrBlue|Pluribus|MrWhite|Budd|MrOrange|Bill
STATE:101:fffff:4hTc|Jc9c|Qd3s|As2c|8dTh|5hTd:-50|50|0|0|0|0:Pluribus|MrWhite|Budd|MrOrange|Bill|MrBlue
STATE:102:ffffr300r900c/cc/cc/cc:8dTd|9sAc|KdTc|6cAh|2h6d|Qc8s/5hKc4h/Jd/5d:-900|900|0|0|0|0:MrWhite|Budd|MrOrange|Bill|MrBlue|Pluribus
STATE:103:fr225ffff:Qc5s|Jc7d|8sJs|5c5h|Qd8c|Th3c:-50|-100|0|150|0|0:Budd|MrOrange|Bill|MrBlue|Pluribus|MrWhite
STATE:104:fffr225fc/cr725c/cc/r1225f:ThKd|8s9d|7cKh|QcTd|6h8c|3dQd/AhTsJc/2d/2s:-50|775|0|0|0|-725:MrOrange|Bill|MrBlue|Pluribus|MrWhite|Budd
STATE:105:ffr225fff:6h7s|6dQc|3cQs|4cJh|7hKh|2s4h:-50|-100|0|0|150|0:Bill|MrBlue|Pluribus|MrWhite|Budd|MrOrange
STATE:106:r225fffff:JsQd|Qs7d|Ac8c|6d7h|8sKd|3hTh:-50|-100|150|0|0|0:MrBlue|Pluribus|MrWhite|Budd|MrOrange|Bill
STATE:107:ffffr200f:5d9d|2c3d|Kh5s|Jd3s|5hJs|Ks3c:100|-100|0|0|0|0:Pluribus|MrWhite|Budd|MrOrange|Bill|MrBlue
STATE:108:ffr225fff:6h4s|4c9h|3c6d|3h6c|AdAs|Jc8h:-50|-100|0|0|150|0:MrWhite|Budd|MrOrange|Bill|MrBlue|Pluribus
STATE:109:r225fffff:JsTc|2sAh|9hQh|7dAc|7c4c|5cQd:-50|-100|150|0|0|0:Budd|MrOrange|Bill|MrBlue|Pluribus|MrWhite
STATE:110:fr200ffff:4c2h|2c7s|5hQd|QsTs|Ks4h|Jd6s:-50|-100|0|150|0|0:MrOrange|Bill|MrBlue|Pluribus|MrWhite|Budd
STATE:111:fr225fffc/cr600f:Qc8c|As5s|2sKs|Ah8h|TcQh|3hTs/Jh6c7d:-50|-225|0|275|0|0:Bill|MrBlue|Pluribus|MrWhite|Budd|MrOrange
STATE:112:ffr210fff:7cAh|7h3s|5s7d|3cTh|9sQs|4c2h:-50|-100|0|0|150|0:MrBlue|Pluribus|MrWhite|Budd|MrOrange|Bill
STATE:113:r225fffff:Th2c|2h6d|AdQd|3s7s|3hAc|Js4d:-50|-100|150|0|0|0:Pluribus|MrWhite|Budd|MrOrange|Bill|MrBlue
STATE:114:fffr225fc/cr475r1075c/r2375c/r3575c:Ac6s|Ks3s|Td9h|2h3h|Ts8h|5cAh/5s3cAs/4h/Kh:-50|-3575|0|0|0|3625:MrWhite|Budd|MrOrange|Bill|MrBlue|Pluribus
STATE:115:r225fr675ffff:8sJd|3d3s|8d7d|2hJc|KsKh|2s7h:-50|-100|-225|0|375|0:Budd|MrOrange|Bill|MrBlue|Pluribus|MrWhite
STATE:116:r225fffff:Kd9s|5sJd|8d7d|9h2h|4s9c|Th3s:-50|-100|150|0|0|0:MrOrange|Bill|MrBlue|Pluribus|MrWhite|Budd
STATE:117:ffffcr350c/cr650c/cr1630f:7dAd|KhTh|7hKc|3dQc|6h3c|4d8s/4c4hJh/Qs:-650|650|0|0|0|0:Bill|MrBlue|Pluribus|MrWhite|Budd|MrOrange
STATE:118:fr225r700ffff:Qs5c|7hTd|8d9h|KsJh|Ah4h|2sTs:-50|-100|0|-225|375|0:MrBlue|Pluribus|MrWhite|Budd|MrOrange|Bill
STATE:119:fffff:8h3d|Qc5h|Jc2h|Qd4c|4dTd|Qh6d:-50|50|0|0|0|0:Pluribus|MrWhite|Budd|MrOrange|Bill|MrBlue
STATE:120:fffr287r961fc/r1627c/cc/cr4981r8335r10000c:JhTh|3hQh|4h9d|3c7h|Tc6h|Jd8d/Jc7c2d/2s/Js:50|-100|0|0|0|50:MrWhite|Budd|MrOrange|Bill|MrBlue|Pluribus
STATE:121:fffr225ff:3d3h|4cJh|9c7d|9sKh|6c8h|3s3c:-50|-100|0|0|0|150:Budd|MrOrange|Bill|MrBlue|Pluribus|MrWhite
STATE:122:r225fffff:6c2s|3d7d|AdAh|2h3h|5c9c|9h3s:-50|-100|150|0|0|0:MrOrange|Bill|MrBlue|Pluribus|MrWhite|Budd
STATE:123:fr225fr700fff:6c8d|3s7s|2hQh|2s2d|7dTs|AsKh:-50|-100|0|-225|0|375:Bill|MrBlue|Pluribus|MrWhite|Budd|MrOrange
STATE:124:fr225fffc/cr400f:9s2h|6sJs|7h9h|Th8h|4c5c|5dTc/5s3h3c:-50|-225|0|275|0|0:MrBlue|Pluribus|MrWhite|Budd|MrOrange|Bill
STATE:125:ffr225r780ffc/cr1480f:Ks9c|3h2d|KcTd|Th7c|4d4s|AdKh/TsJh2c:-50|-100|0|0|-780|930:Pluribus|MrWhite|Budd|MrOrange|Bill|MrBlue
STATE:126:fr225fffc/cr425f:Js3h|JcQs|ThJd|KcQh|7sQc|8s7d/8h8d7c:-50|-225|0|275|0|0:MrWhite|Budd|MrOrange|Bill|MrBlue|Pluribus
