STATE:0:ffr200ffc/cr335c/cc/cc:Jh4c|Jd5s|5c9c|3dAs|Ad7d|4s7c/KdQh3c/2s/2h:-50|-335|0|0|385|0:Bill|MrWhite|MrBlue|MrPink|Eddie|Pluribus
STATE:1:fffr250cf/cr550c/cr1150c/cc:ThAs|4s8h|4hQs|7h2d|4cJs|Ac8s/KdAh8c/9h/Kc:1250|-100|0|0|0|-1150:MrWhite|MrBlue|MrPink|Eddie|Pluribus|Bill
STATE:2:ffr225r675ffc/cr1350f:JcQc|3cAs|8s6c|3d5d|2s2d|QdAh/3h9d4h:-50|-100|0|0|-675|825:MrBlue|MrPink|Eddie|Pluribus|Bill|MrWhite
STATE:3:fr225fffc/cr475c/cc/r1275f:7c2c|7h6c|8d7d|As2s|TsKd|3sQd/4d5dQh/9d/Th:-50|525|0|-475|0|0:MrPink|Eddie|Pluribus|Bill|MrWhite|MrBlue
STATE:4:fr225cffc/ccc/ccr730ff:4dJh|7c6h|Qc5d|As9s|AhKh|7s8c/3cTcQs/8d:-50|-225|0|-225|500|0:Eddie|Pluribus|Bill|MrWhite|MrBlue|MrPink
STATE:5:ffr210fff:5cAh|6c7s|TsQh|3c4d|JdKc|Ks8d:-50|-100|0|0|150|0:Pluribus|Bill|MrWhite|MrBlue|MrPink|Eddie
STATE:6:r225fffff:QsTd|Js7c|TsKs|Th3s|6h9c|6cQh:-50|-100|150|0|0|0:Bill|MrWhite|MrBlue|MrPink|Eddie|Pluribus
STATE:7:fr200fffc/cr605f:9d4s|QdAc|2cTh|5hAh|3hKd|8hQs/Jh8d4d:-50|-200|0|250|0|0:MrWhite|MrBlue|MrPink|Eddie|Pluribus|Bill
STATE:8:ffr225fcf/cr575c/cc/r1512f:TsJh|7sKc|3h7d|5d7h|6c5c|5sJs/8cQd3c/2s/2d:675|-100|0|0|-575|0:MrBlue|MrPink|Eddie|Pluribus|Bill|MrWhite
STATE:9:fr225ffff:5dJs|Jd6h|Ac4d|TsAs|2s8s|Qh2d:-50|-100|0|150|0|0:MrPink|Eddie|Pluribus|Bill|MrWhite|MrBlue
STATE:10:ffffr235f:ThAd|7h4d|7c8s|TsQd|Jd9h|3h5d:100|-100|0|0|0|0:Eddie|Pluribus|Bill|MrWhite|MrBlue|MrPink
STATE:11:fr225fffc/cr475c/cc/cr1125c:8c6s|5h3h|JhKc|9h7h|Tc8s|9cJd/5d2sTd/Th/2h:-50|1175|0|-1125|0|0:Pluribus|Bill|MrWhite|MrBlue|MrPink|Eddie
STATE:12:fffff:3dJc|8hTs|4cKd|2sTd|3sJh|8s7h:-50|50|0|0|0|0:Bill|MrWhite|MrBlue|MrPink|Eddie|Pluribus
STATE:13:r210fr1025fffc/cc/cr3225f:2dTh|Kh4h|7s7c|9hKd|KcQh|8c5s/JdJc2c/Ac:-50|-100|-1025|0|1175|0:MrWhite|MrBlue|MrPink|Eddie|Pluribus|Bill
STATE:14:fffr225fr1150r2075c/r3125r10000c//:8c9h|AcAd|Ah9s|Jc6d|2dQd|QhQc/6s7h3d/Ts/4h:-50|10050|0|0|0|-10000:MrBlue|MrPink|Eddie|Pluribus|Bill|MrWhite
STATE:15:fffff:Js5h|8sJh|9h4s|Qd2c|6h2d|6c8d:-50|50|0|0|0|0:MrPink|Eddie|Pluribus|Bill|MrWhite|MrBlue
STATE:16:ffr225fff:Td2d|Kd3s|Qh7c|Ad5c|As5d|8s7d:-50|-100|0|0|150|0:Eddie|Pluribus|Bill|MrWhite|MrBlue|MrPink
STATE:17:fr225r700ffff:Jh3c|2c4h|6h3d|QhTc|AdKh|JsTh:-50|-100|0|-225|375|0:Pluribus|Bill|MrWhite|MrBlue|MrPink|Eddie
STATE:18:ffr200r681r1875fff:AdAh|2h5h|9d8c|2d6s|3s3d|KcQs:981|-100|0|0|-200|-681:Bill|MrWhite|MrBlue|MrPink|Eddie|Pluribus
STATE:19:fffff:Ks2h|JdKc|5h9s|7h9c|5cJh|8c5s:-50|50|0|0|0|0:MrWhite|MrBlue|MrPink|Eddie|Pluribus|Bill
STATE:20:r200ffr612cfc/ccc/r2064ff:6s7s|6d3c|KsJs|9h5c|Tc3d|Ah4h/7dTdQc/6c:1324|-100|-612|0|0|-612:MrBlue|MrPink|Eddie|Pluribus|Bill|MrWhite
STATE:21:r225fffff:Tc3d|5d7c|TdAc|8d9s|7s6s|As5h:-50|-100|150|0|0|0:MrPink|Eddie|Pluribus|Bill|MrWhite|MrBlue
STATE:22:ffffr235r750c/cr1500c/cr4500f:JdAc|3d4d|Js9c|Ad4h|8c3s|Jh2s/8d6c2c/7s:-1500|1500|0|0|0|0:Eddie|Pluribus|Bill|MrWhite|MrBlue|MrPink
STATE:23:r225fr700ffff:9s2h|3cJs|4s4c|3h6h|AhKs|Ts6s:-50|-100|-225|0|375|0:Pluribus|Bill|MrWhite|MrBlue|MrPink|Eddie
STATE:24:ffr200fff:5cTh|Ks5h|Jc2h|7h4d|QcKd|2c9s:-50|-100|0|0|150|0:Bill|MrWhite|MrBlue|MrPink|Eddie|Pluribus
STATE:25:fffff:9d5c|JdQs|As9c|6sQc|Qd3h|4cJh:-50|50|0|0|0|0:MrWhite|MrBlue|MrPink|Eddie|Pluribus|Bill
STATE:26:fffr225fc/cc/r575f:7d8s|4d6s|Ad3c|2d8c|6d3h|5c5h/7cQsJs/3s:-50|275|0|0|0|-225:MrBlue|MrPink|Eddie|Pluribus|Bill|MrWhite
STATE:27:fr225ffff:9d3s|Qc6d|5h2s|KdAs|3cAd|Th6s:-50|-100|0|150|0|0:MrPink|Eddie|Pluribus|Bill|MrWhite|MrBlue
STATE:28:ffr225fff:8c9h|3cQh|Jd6h|Td4c|2s2c|7sAd:-50|-100|0|0|150|0:Eddie|Pluribus|Bill|MrWhite|MrBlue|MrPink
STATE:29:r225fffff:JsQd|4dQc|3h3c|9s8d|2hJh|5h2s:-50|-100|150|0|0|0:Pluribus|Bill|MrWhite|MrBlue|MrPink|Eddie
STATE:30:r225fcfr1075fcc/r2150ff:JcAh|Th4c|8h9h|2hQs|9d9c|5d2d/Kd7s4d:2250|-100|-1075|0|-1075|0:Bill|MrWhite|MrBlue|MrPink|Eddie|Pluribus
STATE:31:fffr250fc/cr525f:Ah3d|4c5d|9cTd|6sJh|2d3c|Ks9d/Ad7hKh:-50|-250|0|0|0|300:MrWhite|MrBlue|MrPink|Eddie|Pluribus|Bill
STATE:32:fr225r700fffc/cc/cr2250f:Kc5s|9s6s|Ah3d|TcTd|AsAc|2c5d/6h9h3c/Qd:-50|-100|0|-700|850|0:MrBlue|MrPink|Eddie|Pluribus|Bill|MrWhite
STATE:33:r200fffff:4h4d|9c6h|9sQs|7s3c|4cAc|As3d:-50|-100|150|0|0|0:MrPink|Eddie|Pluribus|Bill|MrWhite|MrBlue
STATE:34:r225fffcc/ccr450r925fc/r3425c/cr10000f:Ad4d|2c2d|KhTh|Jc8c|5dKc|6dJh/3cQs4h/6h/2h:-3425|-225|3650|0|0|0:Eddie|Pluribus|Bill|MrWhite|MrBlue|MrPink
STATE:35:fffff:2h7h|5d5s|7sQd|9c2c|4s3c|6hQs:-50|50|0|0|0|0:Pluribus|Bill|MrWhite|MrBlue|MrPink|Eddie
STATE:36:r225fffff:3h8s|6d9h|Ac3c|9c5c|8h4d|JhTs:-50|-100|150|0|0|0:Bill|MrWhite|MrBlue|MrPink|Eddie|Pluribus
STATE:37:fffr250r850fc/r2050f:QhQd|2dAc|7dKd|Js8h|9dJh|7s8s/3hTh5d:950|-100|0|0|0|-850:MrWhite|MrBlue|MrPink|Eddie|Pluribus|Bill
STATE:38:fr225fffc/cr725f:Qs2s|3d6d|6h4h|AcQc|Jh7h|5sQh/4cTcAh:-50|-225|0|275|0|0:MrBlue|MrPink|Eddie|Pluribus|Bill|MrWhite
STATE:39:fffr225ff:4sKd|Qh6d|5s9s|4h3d|8d6c|AcJs:-50|-100|0|0|0|150:MrPink|Eddie|Pluribus|Bill|MrWhite|MrBlue
STATE:40:ffr225r700ffc/cr1200f:JdAh|Ks2c|Kd6h|9h8d|5c6c|KcQs/2d2h8s:-50|-100|0|0|-700|850:Eddie|Pluribus|Bill|MrWhite|MrBlue|MrPink
STATE:41:r225ffcff/r525f:7h9c|2s3h|AsTs|JsAd|6s5h|KsQc/4h7d4s:-50|-100|375|0|0|-225:Pluribus|Bill|MrWhite|MrBlue|MrPink|Eddie
STATE:42:ffr200cff/r312c/cc/r532f:Tc5h|8h5c|Qs7d|9c5s|QcKd|7h7c/2d4hAd/3s/Ks:-50|-100|0|0|462|-312:Bill|MrWhite|MrBlue|MrPink|Eddie|Pluribus
STATE:43:r210ffr725ffc/cc/r1225c/r2875f:4h6d|QhJs|4d5d|2h4s|6s2d|Ac6c/Ts7c3d/9s/6h:-50|-100|1375|0|0|-1225:MrWhite|MrBlue|MrPink|Eddie|Pluribus|Bill
STATE:44:ffffr300c/cc/cc/cc:4d3d|8sTc|6d2h|2sJh|Kd9c|6h5c/KsTh7s/9d/Ac:-300|300|0|0|0|0:MrBlue|MrPink|Eddie|Pluribus|Bill|MrWhite
STATE:45:r200fffff:Kh4c|9c6s|KcAd|6c7s|3h3d|2cQd:-50|-100|150|0|0|0:MrPink|Eddie|Pluribus|Bill|MrWhite|MrBlue