STATE:24:fr200fffc/cc/cc/r537f:3s5c|Jc5s|2dTs|Ac4c|6c4h|4dJh/2s9s6d/Js/9c:-50|250|0|-200|0|0:Budd|MrWhite|MrOrange|Hattori|MrBlue|Pluribus
STATE:25:r200fffff:4s9h|2cTh|KdQh|As7d|9c8d|Ad7s:-50|-100|150|0|0|0:MrWhite|MrOrange|Hattori|MrBlue|Pluribus|Budd
STATE:26:fr200ffff:Td7c|2h6d|2cKc|AcJc|Jh8d|Ts3h:-50|-100|0|150|0|0:MrOrange|Hattori|MrBlue|Pluribus|Budd|MrWhite
STATE:27:ffffr235c/r353c/cc/cr882f:8sJs|9dAs|2c2h|2d8h|6c7s|5c3h/4hThKd/3c/5s:-353|353|0|0|0|0:Hattori|MrBlue|Pluribus|Budd|MrWhite|MrOrange
STATE:28:fffr225fc/cc/cc/r1725c:2hKc|Qs6c|3dQh|2s7d|5h9d|TdJh/Qc4sTc/8s/3h:-50|1775|0|0|0|-1725:MrBlue|Pluribus|Budd|MrWhite|MrOrange|Hattori
STATE:29:r225fffff:5sTh|9h2c|Ah3h|7sTs|8sQd|2d6c:-50|-100|150|0|0|0:Pluribus|Budd|MrWhite|MrOrange|Hattori|MrBlue
STATE:30:fr200ffff:KsJc|3d9c|4d6d|TdTc|9d6c|Ac7h:-50|-100|0|150|0|0:Budd|MrWhite|MrOrange|Hattori|MrBlue|Pluribus
STATE:31:ffr225fr775r1600fc/cc/cc/cc:AhJh|JcJs|6cTc|Jd9s|8sQs|4sQd/6sQc2c/Th/4d:-1600|1825|0|0|-225|0:MrWhite|MrOrange|Hattori|MrBlue|Pluribus|Budd
STATE:32:fr225fr525ffc/cr1524f:6c3c|5dQd|5hJd|4d4s|2sTc|AhQc/Qh6dTh:-50|-100|0|-525|0|675:MrOrange|Hattori|MrBlue|Pluribus|Budd|MrWhite
STATE:33:r200fffff:Qs7s|Kd3h|4h4s|7c9c|9dAh|5sTs:-50|-100|150|0|0|0:Hattori|MrBlue|Pluribus|Budd|MrWhite|MrOrange
STATE:34:ffffr300f:3hJh|9c6s|Tc3c|7dKh|4h9s|9h4s:100|-100|0|0|0|0:MrBlue|Pluribus|Budd|MrWhite|MrOrange|Hattori
STATE:35:r225fffff:Qs8d|Kh9c|TsAc|Kd9d|Ad4s|Kc2c:-50|-100|150|0|0|0:Pluribus|Budd|MrWhite|MrOrange|Hattori|MrBlue
STATE:36:ffffr300c/cr750f:2s2h|5d9c|8sKh|7c8h|6sJc|9d4c/8d6h4h:-300|300|0|0|0|0:Budd|MrWhite|MrOrange|Hattori|MrBlue|Pluribus
STATE:37:ffr200fr677fc/cc/cc/cc:9dTd|5hKc|4cQd|Ts4s|KdAh|6c9s/Jd7c9c/Jc/Qh:777|-100|0|0|-677|0:MrWhite|MrOrange|Hattori|MrBlue|Pluribus|Budd
STATE:38:r225fffff:5sJs|Kd2h|7sAs|4hTh|5h9h|9s4c:-50|-100|150|0|0|0:MrOrange|Hattori|MrBlue|Pluribus|Budd|MrWhite
STATE:39:ffffr235c/cc/cr587c/cr1467f:7dKc|Js5h|5d9h|Jc3d|3sTh|3cTs/9s7sAh/8d/2c:-587|587|0|0|0|0:Hattori|MrBlue|Pluribus|Budd|MrWhite|MrOrange
STATE:40:r225ffccf/ccc/ccc/ccc:2s2c|7d8c|9h9s|8h2d|Ah3s|5s5d/As3hKd/6d/Js:-225|-100|550|0|0|-225:MrBlue|Pluribus|Budd|MrWhite|MrOrange|Hattori
STATE:41:ffr211ffc/cc/cc/cc:Qs9d|3cJc|Kc4h|6s4c|AcJh|8s2d/Qd2h5c/8h/Kd:-50|-211|0|0|261|0:Pluribus|Budd|MrWhite|MrOrange|Hattori|MrBlue
STATE:42:ffr225cff/r475c/r2350f:Ks5d|9s6h|3c6c|8h4c|4dJd|3d3s/Kd6dAc/8s:-50|-100|0|0|625|-475:Budd|MrWhite|MrOrange|Hattori|MrBlue|Pluribus
STATE:43:ffr200r720r2025fff:AsAc|4h5d|QdJh|4s9c|QhTh|8sJs:1020|-100|0|0|-200|-720:MrWhite|MrOrange|Hattori|MrBlue|Pluribus|Budd
STATE:44:fr225fffc/cc/cr475f:Ts5c|7c5h|7h5d|QcAd|5s2c|JdKc/4s9c9d/Qs:-50|-225|0|275|0|0:MrOrange|Hattori|MrBlue|Pluribus|Budd|MrWhite
STATE:45:fr225ffcc/ccr731r1875fc/cc/cc:7cAc|JsKs|Qd4s|QcJh|Kd8d|7s4d/KhTc6c/6h/3s:2100|-225|0|-1875|0|0:Hattori|MrBlue|Pluribus|Budd|MrWhite|MrOrange
STATE:46:ffr222ffc/cr497c/cc/cc:6s4d|KdJh|2sAc|6cAh|AdJd|2dJs/8sAsJc/Ts/8c:-50|-497|0|0|547|0:MrBlue|Pluribus|Budd|MrWhite|MrOrange|Hattori
STATE:47:r225ffffc/cr600r1537f:4cKh|QhAh|ThJh|9c5s|QcJd|6c7s/5h2h8s:-50|650|-600|0|0|0:Pluribus|Budd|MrWhite|MrOrange|Hattori|MrBlue
STATE:48:fffr250ff:Qc7s|3h4s|9cKc|Td2c|9d4d|As6c:-50|-100|0|0|0|150:Budd|MrWhite|MrOrange|Hattori|MrBlue|Pluribus
STATE:49:fffr250r850fc/r2200c/cr4150c/cr10000f:8c8h|9s2c|Jc4h|Jd3h|7h2h|QdAd/8s6d7d/5s/3s:-4150|-100|0|0|0|4250:MrWhite|MrOrange|Hattori|MrBlue|Pluribus|Budd
STATE:50:r225fffff:2c7c|3h9s|5c3c|4c6h|2dQs|7d4d:-50|-100|150|0|0|0:MrOrange|Hattori|MrBlue|Pluribus|Budd|MrWhite
STATE:51:fr225cfr1300fff:5sAs|5hJd|Qd4h|AcTd|QcKs|2h7d:550|-100|0|-225|-225|0:Hattori|MrBlue|Pluribus|Budd|MrWhite|MrOrange
STATE:52:fr225ffff:9s4c|9d3d|Ad6s|4h5h|JhTc|Kh7d:-50|-100|0|150|0|0:MrBlue|Pluribus|Budd|MrWhite|MrOrange|Hattori
STATE:53:ffffr275c/cc/cc/cc:8c9s|7h9d|6sJh|8hAd|6cQs|Jc4d/Kc8s4c/Qd/5c:275|-275|0|0|0|0:Pluribus|Budd|MrWhite|MrOrange|Hattori|MrBlue
STATE:54:ffr225fff:9dQs|6sJh|6d8s|7hKd|3d2d|3c9c:-50|-100|0|0|150|0:Budd|MrWhite|MrOrange|Hattori|MrBlue|Pluribus
STATE:55:r200ffffc/cc/cc/r585f:KsJh|7hAh|5s5h|Kc6d|6s8d|ThKd/8cJcAc/Jd/9d:-50|250|-200|0|0|0:MrWhite|MrOrange|Hattori|MrBlue|Pluribus|Budd
STATE:56:r225fffff:4d6d|2dTc|9sJs|9d6s|5cQc|8s7c:-50|-100|150|0|0|0:MrOrange|Hattori|MrBlue|Pluribus|Budd|MrWhite
STATE:57:ffr225fr1150ff:QcQh|Kc2c|7hJh|9c2d|4s4c|5s2s:325|-100|0|0|-225|0:Hattori|MrBlue|Pluribus|Budd|MrWhite|MrOrange
STATE:58:fffff:9s4h|JsKc|Ad5c|Kh4d|7cQs|9h4c:-50|50|0|0|0|0:MrBlue|Pluribus|Budd|MrWhite|MrOrange|Hattori
STATE:59:fffr225ff:8s7c|Kh3d|4c3s|6s2h|4s9s|Ac7d:-50|-100|0|0|0|150:Pluribus|Budd|MrWhite|MrOrange|Hattori|MrBlue
STATE:60:fr200fr612ffc/cc/cc/r742c:6s8c|5hJs|4dQs|3s3h|Jc9s|AsTd/7cAd7s/2d/7d:-50|-100|0|-742|0|892:Budd|MrWhite|MrOrange|Hattori|MrBlue|Pluribus
STATE:61:r200cffff/cc/r625f:ThJs|6c5d|QsAc|5s5h|7c9d|Kd2d/Ks4d3h/Td:-50|-100|350|-200|0|0:MrWhite|MrOrange|Hattori|MrBlue|Pluribus|Budd
STATE:62:fffr225r1100ff:TdAd|Ks2h|6sTc|9d7h|7sKd|KcQs:325|-100|0|0|0|-225:MrOrange|Hattori|MrBlue|Pluribus|Budd|MrWhite
STATE:63:r225ffffc/cr725c/cc/cc:6d7h|KhQh|AsTd|Js4c|2s9c|Qs3h/5hKsJh/8h/Th:-50|775|-725|0|0|0:Hattori|MrBlue|Pluribus|Budd|MrWhite|MrOrange
STATE:64:fr225ffff:7c2c|4hTd|Th6d|AdJs|5s5c|Qd8d:-50|-100|0|150|0|0:MrBlue|Pluribus|Budd|MrWhite|MrOrange|Hattori
STATE:65:ffffcc/r300c/cc/r600f:Ts3s|6d7s|3dJh|8dKc|5s2c|2sTc/Ah9c6s/8c/Jc:300|-300|0|0|0|0:Pluribus|Budd|MrWhite|MrOrange|Hattori|MrBlue
STATE:66:fffr225fc/cc/r600c/r1225f:Tc5h|6sJs|2c3h|7hQh|3cJh|9dKs/TdThKc/Qd/9h:-50|650|0|0|0|-600:Budd|MrWhite|MrOrange|Hattori|MrBlue|Pluribus
STATE:67:r200fcffr1300r10000fc///:5c6d|QdQs|KhAs|Jd8d|7hAh|4d9c/Ks3hTh/6h/3c:-50|-10000|10250|0|-200|0:MrWhite|MrOrange|Hattori|MrBlue|Pluribus|Budd
STATE:68:ffr225fr1100ff:AhKs|8s9s|9d2c|Jd7h|9hTd|4d5s:325|-100|0|0|-225|0:MrOrange|Hattori|MrBlue|Pluribus|Budd|MrWhite
STATE:69:ffr225fff:Ah3c|Ts4c|Qh4h|Ad5s|Td8d|7s2h:-50|-100|0|0|150|0:Hattori|MrBlue|Pluribus|Budd|MrWhite|MrOrange
STATE:70:ffffcr350c/cc/cc/cr700f:Ac5c|3hTs|KhTd|8d6d|JcQs|4s2c/3dKd2s/9h/3s:-350|350|0|0|0|0:MrBlue|Pluribus|Budd|MrWhite|MrOrange|Hattori
STATE:71:r225ffffc/cr600f:8dKs|Js5s|JcQc|Th8s|AcJh|Tc2h/9s8h3h:-50|-225|275|0|0|0:Pluribus|Budd|MrWhite|MrOrange|Hattori|MrBlue
STATE:72:fr200ffff:8s4d|2cJd|7dJc|AhKc|9d6h|8d6s:-50|-100|0|150|0|0:Budd|MrWhite|MrOrange|Hattori|MrBlue|Pluribus
STATE:73:ffr225fff:Ks4s|2dTd|Jc6d|4hTs|Ad9s|2hAc:-50|-100|0|0|150|0:MrWhite|MrOrange|Hattori|MrBlue|Pluribus|Budd
STATE:74:fffff:Qs8c|2h5c|JcAh|4cKh|6h8s|2s7c:-50|50|0|0|0|0:MrOrange|Hattori|MrBlue|Pluribus|Budd|MrWhite
STATE:75:ffffr235c/r360c/r1080c/cc:AcJc|JsAh|4c7h|3d7c|5hQh|9d6d/AsTd4d/7s/Kd:0|0|0|0|0|0:Hattori|MrBlue|Pluribus|Budd|MrWhite|MrOrange
STATE:76:r225ffccf/ccc/ccc/ccc:3d3s|6h5d|2sAs|Kc2h|Ks6d|3cAc/Ad9cJs/Kd/Jd:-225|-100|162.5|0|0|162.5:MrBlue|Pluribus|Budd|MrWhite|MrOrange|Hattori
STATE:77:ffffr275f:5d5h|Ks3c|2h9h|3sAs|7s4d|Qs4c:100|-100|0|0|0|0:Pluribus|Budd|MrWhite|MrOrange|Hattori|MrBlue
STATE:78:ffr225fr900cr2685r10000fc///:KdAc|KhQh|Qc9d|7cTc|AhAd|Jc8s/9hAs4c/4s/Js:-10000|-900|0|0|10900|0:Budd|MrWhite|MrOrange|Hattori|MrBlue|Pluribus
STATE:79:ffr250r800ffr2380f:7s6d|Qs5s|5d3c|7cTc|KdAs|JhKs:-50|-100|0|0|950|-800:MrWhite|MrOrange|Hattori|MrBlue|Pluribus|Budd
STATE:80:ffffr250c/cc/cc/cr750f:2hAs|3sKs|6s9h|6d4d|3h6c|2d5d/7s7cKh/8s/Tc:-250|250|0|0|0|0:MrOrange|Hattori|MrBlue|Pluribus|Budd|MrWhite
STATE:81:ffffcc/cc/r200f:7c6s|9cJs|5d6c|7h9h|As3h|4sTc/4d6d8d/8h:100|-100|0|0|0|0:Hattori|MrBlue|Pluribus|Budd|MrWhite|MrOrange
STATE:82:fffff:3s9d|5cTc|Th9s|7cQs|8d2s|7h2h:-50|50|0|0|0|0:MrBlue|Pluribus|Budd|MrWhite|MrOrange|Hattori
STATE:83:fffr225fr1100f:4sQs|6dKd|2sAd|Td4d|9c6h|5h6s:-50|275|0|0|0|-225:Pluribus|Budd|MrWhite|MrOrange|Hattori|MrBlue
STATE:84:ffr225fff:QcKd|8d6h|5dKc|2s7c|3s3c|8hJc:-50|-100|0|0|150|0:Budd|MrWhite|MrOrange|Hattori|MrBlue|Pluribus
STATE:85:ffr200r700fff:2d9h|5sKh|7dQh|8dAc|TdJc|As9s:-50|-100|0|0|-200|350:MrWhite|MrOrange|Hattori|MrBlue|Pluribus|Budd
STATE:86:fffr225fc/cc/r625f:Th7s|8hQc|7cJs|8cQs|3h6d|Kh6h/9sTcQh/3d:-50|275|0|0|0|-225:MrOrange|Hattori|MrBlue|Pluribus|Budd|MrWhite
STATE:87:ffr225fff:Ts7h|4h7s|Th8d|3h9d|QcQd|Tc9h:-50|-100|0|0|150|0:Hattori|MrBlue|Pluribus|Budd|MrWhite|MrOrange
STATE:88:fffr225r1075fc/cr1600f:3c3s|4d5h|8s2h|Js4h|Kc6s|Ks9s/Td6c7d:-1075|-100|0|0|0|1175:MrBlue|Pluribus|Budd|MrWhite|MrOrange|Hattori
STATE:89:ffr211fr1200ff:4dAd|Qs7c|Tc5h|Ts7s|Kc5c|8c6d:311|-100|0|0|-211|0:Pluribus|Budd|MrWhite|MrOrange|Hattori|MrBlue
STATE:90:r200fcfff/cc/cc/r422f:4hJc|6sTc|5h5d|8d2h|AdJd|2dTs/Ks7c3h/4s/6c:-50|-100|350|0|-200|0:Budd|MrWhite|MrOrange|Hattori|MrBlue|Pluribus
STATE:91:fffff:5c9s|6c4s|3h7d|Js9h|2sTh|Qc6s:-50|50|0|0|0|0:MrWhite|MrOrange|Hattori|MrBlue|Pluribus|Budd
STATE:92:ffr225fff:2dAh|5dTh|Jc3h|Ac3s|JhTd|6cKh:-50|-100|0|0|150|0:MrOrange|Hattori|MrBlue|Pluribus|Budd|MrWhite
STATE:93:r200r720ffffc/r1117c/r1713r4395f:KsTh|Kd6h|AhQh|JhJs|9d4s|5c6s/7c8dTd/9s:-50|-100|-1713|1863|0|0:Hattori|MrBlue|Pluribus|Budd|MrWhite|MrOrange
STATE:94:r225fffff:6dQc|8sKd|Ah6h|3h9h|6s9s|3d9c:-50|-100|150|0|0|0:MrBlue|Pluribus|Budd|MrWhite|MrOrange|Hattori
STATE:95:ffffr275c/cr550c/cr1650c/cr4950c:KsAd|Jd7d|6sAc|9c8d|9s6d|4s2c/4dQdTd/Tc/As:-4950|4950|0|0|0|0:Pluribus|Budd|MrWhite|MrOrange|Hattori|MrBlue
STATE:96:fffff:2d5h|9cTh|4d7c|Tc4h|Kc7h|9h2h:-50|50|0|0|0|0:Budd|MrWhite|MrOrange|Hattori|MrBlue|Pluribus
STATE:97:ffffr300f:TcKh|9h3s|Qc3d|Js3h|Td2s|9d4s:100|-100|0|0|0|0:MrWhite|MrOrange|Hattori|MrBlue|Pluribus|Budd
STATE:98:ffffr250f:AsJd|Jh3c|Ad6s|7c2d|Jc5d|8c9h:100|-100|0|0|0|0:MrOrange|Hattori|MrBlue|Pluribus|Budd|MrWhite
STATE:99:r200fffcc/ccc/ccc/ccc:6c6d|9sKc|KdQd|As6h|4s5h|Kh8d/2cTs5s/7h/9c:-200|400|-200|0|0|0:Hattori|MrBlue|Pluribus|Budd|MrWhite|MrOrange
STATE:100:fffff:Tc5d|3s3d|As8d|Th6d|TsJh|Qh2c:-50|50|0|0|0|0:MrBlue|Pluribus|Budd|MrWhite|MrOrange|Hattori
STATE:101:r225fcfff/r525c/cc/r1125r2805f:4sKh|4hTs|JcQc|2d5d|9dAd|JhKs/6sAc3d/Ah/Qh:-50|-100|-1125|0|1275|0:Pluribus|Budd|MrWhite|MrOrange|Hattori|MrBlue
STATE:102:fr200r700ffff:As8s|Jh2d|3h5c|KdTs|QcAh|6s6c:-50|-100|0|-200|350|0:Budd|MrWhite|MrOrange|Hattori|MrBlue|Pluribus
STATE:103:ffr250fr850ff:8d9d|Js2d|4s5d|3s4d|6s8s|5h7h:350|-100|0|0|-250|0:MrWhite|MrOrange|Hattori|MrBlue|Pluribus|Budd
STATE:104:ffffr250c/r425r1050c/cr3550f:QsTs|4c8c|5c8h|2c9h|Jc4s|6dKh/4h9c8d/6h:-1050|1050|0|0|0|0:MrOrange|Hattori|MrBlue|Pluribus|Budd|MrWhite
STATE:105:fffff:6d9c|QsKc|9sQh|5dTc|8sAh|Th7s:-50|50|0|0|0|0:Hattori|MrBlue|Pluribus|Budd|MrWhite|MrOrange
STATE:106:ffr215fcf/cr365c/cr765f:Jd9c|5d2s|Kc9d|4hQh|KsAs|3dTh/Kd3cJh/Ac:-365|-100|0|0|465|0:MrBlue|Pluribus|Budd|MrWhite|MrOrange|Hattori
STATE:107:fffr225ff:5hQc|3sTh|As9c|Qh5s|Jh5c|Kh8s:-50|-100|0|0|0|150:Pluribus|Budd|MrWhite|MrOrange|Hattori|MrBlue
STATE:108:fffff:6c3h|QsQd|Jc2h|8c5d|Jd8s|9h7s:-50|50|0|0|0|0:Budd|MrWhite|MrOrange|Hattori|MrBlue|Pluribus
STATE:109:r200ffffc/cr700c/cc/cr2150f:Th4h|4sAs|6s7s|2d8c|7hTs|2s5h/8h4d3s/Jc/Qc:-50|-700|750|0|0|0:MrWhite|MrOrange|Hattori|MrBlue|Pluribus|Budd
STATE:110:r225fffff:4sQd|Kc6s|JhQh|Ks8c|4hKh|2h8h:-50|-100|150|0|0|0:MrOrange|Hattori|MrBlue|Pluribus|Budd|MrWhite
STATE:111:r225ffffc/cc/cr350f:2hKc|Kh3h|Th9h|3c7c|2cJh|2dAc/7s4c5d/Qs:-50|-225|275|0|0|0:Hattori|MrBlue|Pluribus|Budd|MrWhite|MrOrange
STATE:112:ffffcr275c/cr550c/cr1100f:5c3s|9hTh|8c4s|Kh7h|Js4d|2s3d/5hTd7d/8h:-550|550|0|0|0|0:MrBlue|Pluribus|Budd|MrWhite|MrOrange|Hattori
STATE:113:r225fffff:Ks9c|3sJh|QhTh|3c4h|7s2s|8sJc:-50|-100|150|0|0|0:Pluribus|Budd|MrWhite|MrOrange|Hattori|MrBlue
STATE:114:fr200fffc/cc/cc/cc:2cQh|5h9h|4dTc|ThTd|8dAh|Ks3d/Qc7hAs/9c/2h:-50|-200|0|250|0|0:Budd|MrWhite|MrOrange|Hattori|MrBlue|Pluribus
STATE:115:r200fffff:5dQh|5s9c|AcTc|Qd6d|3h6h|4h6c:-50|-100|150|0|0|0:MrWhite|MrOrange|Hattori|MrBlue|Pluribus|Budd
STATE:116:ffffr250f:8sJs|Th2s|7h6s|7c9s|7sQh|5hTs:100|-100|0|0|0|0:MrOrange|Hattori|MrBlue|Pluribus|Budd|MrWhite
STATE:117:fffff:6cJh|Ac7s|8hTs|5c2c|9c5s|4s6s:-50|50|0|0|0|0:Hattori|MrBlue|Pluribus|Budd|MrWhite|MrOrange
STATE:118:r225ffffc/cr350c/cc/cc:3h7c|Td9d|6h6d|2dTs|5cAd|Qc4c/As9s4d/5s/8h:-50|400|-350|0|0|0:MrBlue|Pluribus|Budd|MrWhite|MrOrange|Hattori
STATE:119:fffr225cr1200ff:ThAc|As9h|Ks9c|KcJh|4s2d|Kh9s:-225|450|0|0|0|-225:Pluribus|Budd|MrWhite|MrOrange|Hattori|MrBlue
STATE:120:r200ffffc/cc/cc/r537f:7d5h|KsJs|As5s|TsAh|Kh7h|2dTh/JdTc3c/7s/6s:-50|250|-200|0|0|0:Budd|MrWhite|MrOrange|Hattori|MrBlue|Pluribus
STATE:121:ffr200r700fff:Qh6c|7h8d|4dTd|7dJh|KdTh|6s5s:-50|-100|0|0|-200|350:MrWhite|MrOrange|Hattori|MrBlue|Pluribus|Budd
STATE:122:r225fccff/cr525cf/cc/cr1237f:Jc6s|2sQc|QhJh|9s3s|AcQd|8h8c/4hTc4s/7d/8s:-50|-100|-225|0|-525|900:MrOrange|Hattori|MrBlue|Pluribus|Budd|MrWhite
STATE:123:r200ffffr950f:2d8s|KhKd|Ad7d|As3d|5d9s|5c7c:-50|250|-200|0|0|0:Hattori|MrBlue|Pluribus|Budd|MrWhite|MrOrange
STATE:124:fr225ffff:2hQc|5hQd|2cJd|AdKd|9cTh|8c9h:-50|-100|0|150|0|0:MrBlue|Pluribus|Budd|MrWhite|MrOrange|Hattori
STATE:125:ffr211fff:Ks3h|Js6d|As5d|4h3d|7sQs|2hQc:-50|-100|0|0|150|0:Pluribus|Budd|MrWhite|MrOrange|Hattori|MrBlue
STATE:126:ffr225ffc/cr475f:8s3d|9c6s|7d9s|5hQs|3cAc|4cTc/4hKdTh:-50|-225|0|0|275|0:Budd|MrWhite|MrOrange|Hattori|MrBlue|Pluribus
STATE:127:fffff:9c8d|7dAs|7c2s|6hTh|5c8h|Kh4s:-50|50|0|0|0|0:MrWhite|MrOrange|Hattori|MrBlue|Pluribus|Budd
STATE:128:fffff:Qs7c|4s6d|9d3h|6sJd|5sJc|7h5c:-50|50|0|0|0|0:MrOrange|Hattori|MrBlue|Pluribus|Budd|MrWhite
STATE:129:fr225fffc/cr400c/cc/cc:5hAs|6h5c|9s3s|7c6c|Qs5d|5sQc/4s2sKd/3h/Ad:-50|450|0|-400|0|0:Hattori|MrBlue|Pluribus|Budd|MrWhite|MrOrange
STATE:130:ffr210ffr1100c/r3350f:2d4h|4sAh|6s7c|2s8h|Th9h|3d7d/2c6hQc:-50|1150|0|0|-1100|0:MrBlue|Pluribus|Budd|MrWhite|MrOrange|Hattori
STATE:131:ffffcc/cc/cc/r200f:3h9h|7sJd|8sKh|3cKs|Jh5d|5hTs/2s6sAs/3d/8h:100|-100|0|0|0|0:Pluribus|Budd|MrWhite|MrOrange|Hattori|MrBlue
STATE:132:fffr250fc/cr1350f:5h8d|8cKc|TsJd|3h6d|Qc4d|JcKd/TdQd7c:-50|-250|0|0|0|300:Budd|MrWhite|MrOrange|Hattori|MrBlue|Pluribus
STATE:133:ffr225fr775ff:KdQd|7c3s|2dKc|6d3d|Jd7d|2h2c:325|-100|0|0|-225|0:MrWhite|MrOrange|Hattori|MrBlue|Pluribus|Budd
STATE:134:ffr225fff:5sTs|6h3c|5cJd|8sTc|KsTh|6c8c:-50|-100|0|0|150|0:MrOrange|Hattori|MrBlue|Pluribus|Budd|MrWhite
STATE:135:ffffcr350f:8s7c|2d3h|6cTc|Th7h|3s5c|2s7s:-100|100|0|0|0|0:Hattori|MrBlue|Pluribus|Budd|MrWhite|MrOrange
STATE:136:ffffcr350f:7h3h|7d8d|8h6s|Qd8c|6d3c|9s5d:-100|100|0|0|0|0:MrBlue|Pluribus|Budd|MrWhite|MrOrange|Hattori
STATE:137:ffr211ffc/cr361f:2d5c|6c5h|8hJs|5sTd|Ad9c|4dTs/6h7dTh:-50|-211|0|0|261|0:Pluribus|Budd|MrWhite|MrOrange|Hattori|MrBlue
STATE:138:fffr225ff:3h2c|Kc2h|Ad5s|8d4h|9c6h|9sJs:-50|-100|0|0|0|150:Budd|MrWhite|MrOrange|Hattori|MrBlue|Pluribus
STATE:139:fr225fr720ffc/cr1270r2615f:3s2h|TsAh|2c4c|8h9h|9c4s|AcKd/4h5d6s:-50|-100|0|1420|0|-1270:MrWhite|MrOrange|Hattori|MrBlue|Pluribus|Budd
STATE:140:r225fffff:8cTs|4h2s|5s5h|Qd4d|6sKs|9cJd:-50|-100|150|0|0|0:MrOrange|Hattori|MrBlue|Pluribus|Budd|MrWhite
STATE:141:fffr224fc/cr374f:8c9s|6d8s|7hJs|4c2h|8h3d|7d9d/KcKh4d:-50|-224|0|0|0|274:Hattori|MrBlue|Pluribus|Budd|MrWhite|MrOrange
STATE:142:ffffr300f:8h6h|4s9c|Qd5d|KhJs|2s7d|Kc4d:100|-100|0|0|0|0:MrBlue|Pluribus|Budd|MrWhite|MrOrange|Hattori
STATE:143:fffr225ff:Kd7h|6dJh|9hAd|3h9s|6h3d|4dTd:-50|-100|0|0|0|150:Pluribus|Budd|MrWhite|MrOrange|Hattori|MrBlue
STATE:144:fr200fffc/cc/cc/cr650c:Kd5h|Ad8c|Kc6d|Ac9c|QsJc|4c6s/3cKs4s/6h/Ah:-50|-650|0|700|0|0:Budd|MrWhite|MrOrange|Hattori|MrBlue|Pluribus
STATE:145:fr225ffff:2cKc|7h5c|Jd9h|ThTs|6s3c|5hJs:-50|-100|0|150|0|0:MrWhite|MrOrange|Hattori|MrBlue|Pluribus|Budd
STATE:146:r225fffff:6h8h|7s5c|9c7c|Ah7d|AsJd|2dTs:-50|-100|150|0|0|0:MrOrange|Hattori|MrBlue|Pluribus|Budd|MrWhite
STATE:147:fr225r675ffff:Js8h|Kh8d|5cKd|TsKs|5sAs|3hAh:-50|-100|0|-225|375|0:Hattori|MrBlue|Pluribus|Budd|MrWhite|MrOrange
STATE:148:ffr210ffc/cr360c/cc/cr1410f:9d2d|4d5c|Qs5d|2sQc|As9s|Kh5s/3sJc7c/4s/8s:-50|-360|0|0|410|0:MrBlue|Pluribus|Budd|MrWhite|MrOrange|Hattori
STATE:149:fffr225r1050ff:Th9h|3sAc|4hKd|8sQs|5s8c|Ad7c:325|-100|0|0|0|-225:Pluribus|Budd|MrWhite|MrOrange|Hattori|MrBlue
STATE:150:fffr250ff:Kd9c|3sJd|5dTh|7cJs|8sTd|5s7s:-50|-100|0|0|0|150:Budd|MrWhite|MrOrange|Hattori|MrBlue|Pluribus
STATE:151:ffr200ffr1100c/r1850c/r3600c/r10000f:2c8d|5h4h|5cTc|JhQd|As8s|4cKc/Ac4sKs/7h/6h:-50|3650|0|0|-3600|0:MrWhite|MrOrange|Hattori|MrBlue|Pluribus|Budd
STATE:152:fffff:5sAd|4c2d|Kh3h|2cKc|6cJh|3d2s:-50|50|0|0|0|0:MrOrange|Hattori|MrBlue|Pluribus|Budd|MrWhite
STATE:153:ffr225ffc/cr600c/cr1537c/cc:7s5s|KcQd|8d3h|6h2s|8cTc|Jd4d/Qc4h6d/9s/8h:-50|1587|0|0|-1537|0:Hattori|MrBlue|Pluribus|Budd|MrWhite|MrOrange
STATE:154:r225fffff:4hAs|Qh5c|AdAc|7cKs|KhTd|9h5d:-50|-100|150|0|0|0:MrBlue|Pluribus|Budd|MrWhite|MrOrange|Hattori
STATE:155:ffr211fff:6dQd|8sQh|As7c|4dKh|7d7s|Js5d:-50|-100|0|0|150|0:Pluribus|Budd|MrWhite|MrOrange|Hattori|MrBlue
STATE:156:r200fffcc/ccc/ccc/ccc:QcKc|KhTh|4s4d|3c4c|Js6h|Ad9c/7sJcTc/5c/6s:400|-200|-200|0|0|0:Budd|MrWhite|MrOrange|Hattori|MrBlue|Pluribus
STATE:157:r200ffffc/cc/r350c/r925f:TdAh|5s7d|8s7s|As2c|Qd9s|4cQh/Kc5h5d/4s/3c:-50|400|-350|0|0|0:MrWhite|MrOrange|Hattori|MrBlue|Pluribus|Budd
STATE:158:fffr225fc/cr475f:9d5d|2cAs|5c3s|Ks9c|Js8h|7s9s/6d5h6c:-50|-225|0|0|0|275:MrOrange|Hattori|MrBlue|Pluribus|Budd|MrWhite
STATE:159:ffffcr350c/cr650f:Qh6h|4c2s|QsTc|6cQd|Ac7h|9c6d/3sAs5s:-350|350|0|0|0|0:Hattori|MrBlue|Pluribus|Budd|MrWhite|MrOrange
STATE:160:ffffcc/cc/cc/cr200c:4s5d|Ks9h|QsTh|Js8d|2sQc|8c3s/Qh2c4d/Td/Kc:-200|200|0|0|0|0:MrBlue|Pluribus|Budd|MrWhite|MrOrange|Hattori
STATE:161:r225r700fffff:5dQs|3dTs|7s6s|9sAs|JhTd|4c9c:-50|-100|-225|375|0|0:Pluribus|Budd|MrWhite|MrOrange|Hattori|MrBlue
STATE:162:r200fcfff/cc/cc/cr400f:As8c|Kh4d|9d9c|2c5s|TcTs|7s8h/7h8dKc/Js/5h:-50|-100|-200|0|350|0:Budd|MrWhite|MrOrange|Hattori|MrBlue|Pluribus
STATE:163:r200fr612ffff:AhTh|AsTd|8dKd|9cQc|TcAc|9d8c:-50|-100|-200|0|350|0:MrWhite|MrOrange|Hattori|MrBlue|Pluribus|Budd
STATE:164:r225fffff:Kc7d|6cJs|3d3h|KhQs|Ks9s|4dQd:-50|-100|150|0|0|0:MrOrange|Hattori|MrBlue|Pluribus|Budd|MrWhite
STATE:165:fffff:2d9d|Ah6h|Th5c|7c9h|Ac9s|4h3s:-50|50|0|0|0|0:Hattori|MrBlue|Pluribus|Budd|MrWhite|MrOrange
STATE:166:fffr225cf/cr684f:TcAd|2s5h|Qd7c|Ah6s|3d9h|JcJs/6c2d8s:-225|-100|0|0|0|325:MrBlue|Pluribus|Budd|MrWhite|MrOrange|Hattori
STATE:167:ffffr275r825c/cr1400c/cc/cc:As8s|Js3s|8h3c|JhQs|3dKs|Th2h/8d6d5c/Kd/5h:1400|-1400|0|0|0|0:Pluribus|Budd|MrWhite|MrOrange|Hattori|MrBlue
STATE:168:fr200ffff:Jc2h|3hQs|Ah3c|8d8s|4cJd|5sTc:-50|-100|0|150|0|0:Budd|MrWhite|MrOrange|Hattori|MrBlue|Pluribus
STATE:169:fr225r750fffc/cr1162c/cc/cr3636f:3cJh|Ad2c|3d9s|7h7s|JcJd|Qs4s/Ts8h9h/8c/Tc:-50|-100|0|-1162|1312|0:MrWhite|MrOrange|Hattori|MrBlue|Pluribus|Budd
STATE:170:fr200ffff:2cJd|Jc8h|5cKh|ThJh|8c7h|6sKc:-50|-100|0|150|0|0:MrOrange|Hattori|MrBlue|Pluribus|Budd|MrWhite
STATE:171:ffffcr350c/cr750r1850f:Qc8c|5h3c|6h9s|7dAh|9cJh|4h5c/4cJs7s:750|-750|0|0|0|0:Hattori|MrBlue|Pluribus|Budd|MrWhite|MrOrange
STATE:172:ffr220fcf/cr475f:Ac4c|2h6d|8sQc|Ah5d|QsQd|4hJd/Jc2d9d:-220|-100|0|0|320|0:MrBlue|Pluribus|Budd|MrWhite|MrOrange|Hattori
STATE:173:fffff:6s8c|2h2c|4h9s|Th3s|3cKd|7hKc:-50|50|0|0|0|0:Pluribus|Budd|MrWhite|MrOrange|Hattori|MrBlue
