# name/game/hands/seed sample_game_71 ../lib/python-client/acpc_infrastructure/holdem.nolimit.6p.game 10000 71
#--t_response 600000000
#--t_hand 600000000
#--t_per_hand 600000000
STATE:0:fr225fffc/cc/cc/cc:As4d|TdQh|Kd3c|9dQd|Jc2d|7d9h/9s8sTh/Ac/7c:-50|275|0|-225|0|0:Budd|Eddie|MrOrange|Bill|MrBlue|Pluribus
STATE:1:fr225ffcc/r415cc/r830cc/ccr4330ff:7s7d|AhTs|5h3d|QcKh|2dTd|6c2c/6h9sTh/3c/8d:-830|-830|0|1660|0|0:Eddie|MrOrange|Bill|MrBlue|Pluribus|Budd
STATE:2:fffff:Jd5c|8sKh|6sTh|Qc5s|7sQh|2s7d:-50|50|0|0|0|0:MrOrange|Bill|MrBlue|Pluribus|Budd|Eddie
STATE:3:ffr200ffc/cr335f:8h3c|6h4d|6sKh|4sJh|TcTd|3sKd/7hAd2c:-50|-200|0|0|250|0:Bill|MrBlue|Pluribus|Budd|Eddie|MrOrange
STATE:4:ffr210fcc/ccr485cr1212ff:AhTc|4d2d|Jc2c|6c4h|As5s|Th7h/8dAc3d:-485|970|0|0|-485|0:MrBlue|Pluribus|Budd|Eddie|MrOrange|Bill
STATE:5:r200fffff:5s4d|Kd7s|6hKh|9h8s|JdAc|7c3h:-50|-100|150|0|0|0:Pluribus|Budd|Eddie|MrOrange|Bill|MrBlue
STATE:6:ffr225fr900cc/ccc/ccc/ccc:AhTh|KcQd|8c6c|Jd5d|2cAc|7hTs/Qh8h4d/3h/Ad:1800|-900|0|0|-900|0:Budd|Eddie|MrOrange|Bill|MrBlue|Pluribus
STATE:7:r225fffr1150fr2475c/cr10000c//:QsQh|3hJh|KsAd|QcTd|4h3c|8c5d/4d3d8s/Jd/Kh:-10000|-100|10100|0|0|0:Eddie|MrOrange|Bill|MrBlue|Pluribus|Budd
STATE:8:r225ffcr1350r2625fr10000fc///:AdKs|KcKd|2hAh|Ts9d|8h4c|KhAc/Qs6c4d/As/7c:-1350|-10000|-225|0|0|11575:MrOrange|Bill|MrBlue|Pluribus|Budd|Eddie
STATE:9:ffr200fff:2s2h|6c3s|5s8d|5cJd|JhTd|Kh4s:-50|-100|0|0|150|0:Bill|MrBlue|Pluribus|Budd|Eddie|MrOrange
STATE:10:fffr250ff:Qd5h|Jc4s|9d2d|8c5s|As3d|6c6h:-50|-100|0|0|0|150:MrBlue|Pluribus|Budd|Eddie|MrOrange|Bill
STATE:11:ffffr200f:Ac5c|6d2h|4cKc|8s6c|Th3d|2dJc:100|-100|0|0|0|0:Pluribus|Budd|Eddie|MrOrange|Bill|MrBlue
STATE:12:ffr225fff:9s7h|5c8d|Kh6c|Qh6s|7s7d|3cJd:-50|-100|0|0|150|0:Budd|Eddie|MrOrange|Bill|MrBlue|Pluribus
STATE:13:r225ffffc/cr375c/cc/cr650r2675c:5s8s|JcQc|QsKd|5d2s|7d9h|Td9c/9dAsKh/3c/Js:-50|-2675|2725|0|0|0:Eddie|MrOrange|Bill|MrBlue|Pluribus|Budd
STATE:14:ffffr250r850f:6sAc|TdQd|Ah2d|9d5s|6d8c|7d3c:-250|250|0|0|0|0:MrOrange|Bill|MrBlue|Pluribus|Budd|Eddie
STATE:15:fr225fffc/cr400f:2h9s|8dJs|7s4h|AsJc|6dQd|4d8h/3h2s9d:-50|-225|0|275|0|0:Bill|MrBlue|Pluribus|Budd|Eddie|MrOrange
STATE:16:ffffr300c/r750c/cc/cc:8s6h|8c5c|3dJc|6dQd|9s4d|9h2h/5d9cAh/3s/Jd:-750|750|0|0|0|0:MrBlue|Pluribus|Budd|Eddie|MrOrange|Bill
STATE:17:ffr225fff:Kh4h|2hQc|Js4s|6d4d|9dAs|Ad6s:-50|-100|0|0|150|0:Pluribus|Budd|Eddie|MrOrange|Bill|MrBlue
STATE:18:ffr225ffc/cc/r1125f:6hQh|TdJd|2s5s|2h8s|8cAs|8d4c/JhJs7c/4d:-50|275|0|0|-225|0:Budd|Eddie|MrOrange|Bill|MrBlue|Pluribus
STATE:19:r225ffffc/cc/cc/cr575r2825f:Ks7c|TcTd|Ad2d|6d2s|7hAh|Ac3d/4cTh8s/3c/Jh:-50|625|-575|0|0|0:Eddie|MrOrange|Bill|MrBlue|Pluribus|Budd
STATE:20:ffffr250f:7cAd|3d6c|Ac8s|Th5h|4dQh|Jc8d:100|-100|0|0|0|0:MrOrange|Bill|MrBlue|Pluribus|Budd|Eddie
STATE:21:fffr234ff:2cJs|Jh6s|6d8h|3d7c|8d3c|As3s:-50|-100|0|0|0|150:Bill|MrBlue|Pluribus|Budd|Eddie|MrOrange
STATE:22:ffffr400f:7hQs|9c3h|Jh9s|Kc4c|Js9h|5s8c:100|-100|0|0|0|0:MrBlue|Pluribus|Budd|Eddie|MrOrange|Bill
STATE:23:fr207fffc/cr332r657c/r1557c/r3707f:7d2s|4sKs|Td3h|AsJh|6h6c|9c2c/4hJs4d/Tc/5s:-50|1607|0|-1557|0|0:Pluribus|Budd|Eddie|MrOrange|Bill|MrBlue
STATE:24:fffr287ff:As9c|5h6c|5d8d|Ks7c|4cJd|3cAh:-50|-100|0|0|0|150:Budd|Eddie|MrOrange|Bill|MrBlue|Pluribus
STATE:25:ffffcr325r1350f:AdQs|Kc4c|3dJh|6c2c|2sQh|3c4h:325|-325|0|0|0|0:Eddie|MrOrange|Bill|MrBlue|Pluribus|Budd
STATE:26:fffr222ff:Js4s|3d8h|8s5d|6c2d|7sKc|QhJc:-50|-100|0|0|0|150:MrOrange|Bill|MrBlue|Pluribus|Budd|Eddie
STATE:27:ffffr300r900c/cc/r2100f:9sTs|5c4c|4hTh|Tc3c|9cTd|Kd6c/4s8d9d/7c:900|-900|0|0|0|0:Bill|MrBlue|Pluribus|Budd|Eddie|MrOrange
STATE:28:fffff:4cTd|6d9h|7sQh|Qc4s|3c7c|5sTh:-50|50|0|0|0|0:MrBlue|Pluribus|Budd|Eddie|MrOrange|Bill
STATE:29:fr211fffc/cc/cc/r611f:Td4c|Ac2d|5dKh|JsAh|Jh3h|7dJd/8h9s2c/3s/Tc:-50|261|0|-211|0|0:Pluribus|Budd|Eddie|MrOrange|Bill|MrBlue
STATE:30:r210ffcff/r480f:4d9h|9c5h|AsKs|5c8d|2cTh|JhAc/8s4sQd:-50|-100|360|0|0|-210:Budd|Eddie|MrOrange|Bill|MrBlue|Pluribus
STATE:31:fr225ffff:Ah6s|2dKs|9sJh|As4s|9hAc|9cQs:-50|-100|0|150|0|0:Eddie|MrOrange|Bill|MrBlue|Pluribus|Budd
STATE:32:r225fffff:Ks7c|5s3d|5c5d|5hQh|4c9s|9c7h:-50|-100|150|0|0|0:MrOrange|Bill|MrBlue|Pluribus|Budd|Eddie
STATE:33:fffff:7d9h|6dQh|3d5d|Tc8d|6c5h|4h8s:-50|50|0|0|0|0:Bill|MrBlue|Pluribus|Budd|Eddie|MrOrange
STATE:34:r225fffff:7cAh|8h7s|TcTs|8d5h|2cKs|Th5s:-50|-100|150|0|0|0:MrBlue|Pluribus|Budd|Eddie|MrOrange|Bill
STATE:35:fffr225cf/cr425r900f:ThAc|Kc7h|Qs7d|3d8h|9c3h|Ks9d/As8cAh:525|-100|0|0|0|-425:Pluribus|Budd|Eddie|MrOrange|Bill|MrBlue
STATE:36:ffr225r750fff:6d2s|5cTs|QdJh|9dQs|8sAd|ThAc:-50|-100|0|0|-225|375:Budd|Eddie|MrOrange|Bill|MrBlue|Pluribus
STATE:37:r225fr750cffc/ccr1650ff:QsKs|7c7d|AhKd|Js3h|Ac4c|JhJc/5dTd8h:-50|-100|-750|0|-750|1650:Eddie|MrOrange|Bill|MrBlue|Pluribus|Budd
STATE:38:fr225fffc/cr475c/cr2475c/cr7475f:5cKs|Qd3d|Js2d|AcKh|8d4c|8c4d/9d5sQc/4h/6s:-50|-2475|0|2525|0|0:MrOrange|Bill|MrBlue|Pluribus|Budd|Eddie
STATE:39:fffr234fc/cc/cc/cr604f:6hAs|6sAc|4cQh|3dQd|4sAh|9d9c/Jd3sQs/4h/5h:-50|-234|0|0|0|284:Bill|MrBlue|Pluribus|Budd|Eddie|MrOrange
STATE:40:fffff:Td4c|7dQs|4h5s|Ad3c|Kh7c|7h5d:-50|50|0|0|0|0:MrBlue|Pluribus|Budd|Eddie|MrOrange|Bill
STATE:41:ffr225fff:7h6d|Jh5s|Qc3c|2cJd|KsQh|5hTs:-50|-100|0|0|150|0:Pluribus|Budd|Eddie|MrOrange|Bill|MrBlue
STATE:42:r210r650ffffc/cc/cr1700c/cr2950f:Qh7h|JhAc|AsQs|9s9c|Kd9d|3h9h/3c5s4c/7s/4d:-50|-100|-1700|1850|0|0:Budd|Eddie|MrOrange|Bill|MrBlue|Pluribus
STATE:43:r225fcfff/cr525c/cc/cc:8s3d|7dJs|9h9c|7hAh|KdTd|Jc9d/3c3hAd/6h/9s:-50|-100|675|0|-525|0:Eddie|MrOrange|Bill|MrBlue|Pluribus|Budd
STATE:44:fffr222fc/cr672f:6sJs|5h7s|2s9s|7d8c|3c5s|JcKh/8dTsAd:-50|-222|0|0|0|272:MrOrange|Bill|MrBlue|Pluribus|Budd|Eddie
STATE:45:fffr234r1000fc/cr1700c/cr3470f:ThTs|6dKs|6sTc|Ad2c|Js7d|5c5h/Qc7c5s/4s:-1700|-100|0|0|0|1800:Bill|MrBlue|Pluribus|Budd|Eddie|MrOrange
STATE:46:fr200cffc/ccc/ccr475fc/cc:8h2d|7s8d|4h7c|9c9d|JhAh|QdJs/2cTcAc/2h/Th:-50|-200|0|-475|725|0:MrBlue|Pluribus|Budd|Eddie|MrOrange|Bill
STATE:47:r200fffcc/ccr350ff:TcAc|4c3c|QsKd|Ks8c|9d5s|3d2c/6dKh6s:-200|-200|400|0|0|0:Pluribus|Budd|Eddie|MrOrange|Bill|MrBlue
STATE:48:fr225ffff:Ts8s|2dAs|8h2h|KcAc|Jh4c|Td2s:-50|-100|0|150|0|0:Budd|Eddie|MrOrange|Bill|MrBlue|Pluribus
STATE:49:fr225r750fffc/cr1162f:2d7c|8h5h|6hJc|JhTh|KhQc|Ks5s/AdAh8s:-50|-100|0|-750|900|0:Eddie|MrOrange|Bill|MrBlue|Pluribus|Budd
STATE:50:fffr222ff:Qh6c|Kc2d|3s7d|Jc6s|3dAh|TsTd:-50|-100|0|0|0|150:MrOrange|Bill|MrBlue|Pluribus|Budd|Eddie
STATE:51:fffr234fc/cc/cc/r419f:7hKd|7dTs|Qs3h|Kh9s|7s9h|KsTh/Ad4d2h/Js/9c:-50|284|0|0|0|-234:Bill|MrBlue|Pluribus|Budd|Eddie|MrOrange
STATE:52:fr200fr725ffc/cc/cr1800f:As2h|AhJc|8cQc|TsKs|Qs4s|5c7c/4hJd9c/Ad:-50|-100|0|-725|0|875:MrBlue|Pluribus|Budd|Eddie|MrOrange|Bill
STATE:53:ffffr300f:4cJc|6dTc|8dQc|2sAs|Td6c|5cKs:100|-100|0|0|0|0:Pluribus|Budd|Eddie|MrOrange|Bill|MrBlue
STATE:54:fr225ffff:7h9h|5h2c|3d3h|JsTs|4s7s|2sQd:-50|-100|0|150|0|0:Budd|Eddie|MrOrange|Bill|MrBlue|Pluribus
STATE:55:r225fffff:Jc2s|8c6s|6d5d|8hQh|7h9h|3c5c:-50|-100|150|0|0|0:Eddie|MrOrange|Bill|MrBlue|Pluribus|Budd
STATE:56:fffr222ff:4d5s|2hJs|AcTd|Jd2c|7d3c|KdAs:-50|-100|0|0|0|150:MrOrange|Bill|MrBlue|Pluribus|Budd|Eddie
STATE:57:fcffcc/ccc/r325ff:QhJs|2h5s|7h3d|2sQc|5cJc|Td2d/Th7d4d/9h:200|-100|0|-100|0|0:Bill|MrBlue|Pluribus|Budd|Eddie|MrOrange
STATE:58:fffff:4cTs|4hKc|2s6c|Ad3h|Jd5c|Ks6d:-50|50|0|0|0|0:MrBlue|Pluribus|Budd|Eddie|MrOrange|Bill
STATE:59:fffff:5d7h|Jd2h|3dTh|5s4d|4c8c|2d8s:-50|50|0|0|0|0:Pluribus|Budd|Eddie|MrOrange|Bill|MrBlue
STATE:60:fffff:6s4c|3hAs|Ks2d|6hTh|Kh8s|2s6c:-50|50|0|0|0|0:Budd|Eddie|MrOrange|Bill|MrBlue|Pluribus
STATE:61:fffr250fc/cr650f:8d3d|9hJs|4hKh|3h8s|Jc4d|Qc3c/5c2cTd:-50|-250|0|0|0|300:Eddie|MrOrange|Bill|MrBlue|Pluribus|Budd
STATE:62:fr200fffc/cr650c/cr2000f:7cKs|JdTh|6c5d|Kh5h|Td4s|3h8c/2cTs7d/2h:-50|-650|0|700|0|0:MrOrange|Bill|MrBlue|Pluribus|Budd|Eddie
STATE:63:ffr200ffr950c/cr1450f:5s8h|2h5h|6h3s|5c9d|As6s|4cKd/8dTs4d:-50|-950|0|0|1000|0:Bill|MrBlue|Pluribus|Budd|Eddie|MrOrange
STATE:64:r225fffcr1068fr10000f:AcKs|KhQd|8d7d|8cTd|As6d|Jc6h:1293|-1068|-225|0|0|0:MrBlue|Pluribus|Budd|Eddie|MrOrange|Bill
STATE:65:fffr225cf/cc/cr637c/cr1717f:6dAd|4cKs|Ah7d|8h3d|3h5d|6cTc/6sKhQd/Ts/8c:-637|-100|0|0|0|737:Pluribus|Budd|Eddie|MrOrange|Bill|MrBlue
STATE:66:ffffr300f:AdQh|Ks7d|8s3s|2d5d|4s3c|3d8d:100|-100|0|0|0|0:Budd|Eddie|MrOrange|Bill|MrBlue|Pluribus
STATE:67:fr225ffr1100ff:KcKs|8h7s|4s9h|7dJd|4hTs|2sTd:325|-100|0|-225|0|0:Eddie|MrOrange|Bill|MrBlue|Pluribus|Budd
STATE:68:fffr222ff:3c6s|6cTs|8sAd|9s7h|2cAh|4c4h:-50|-100|0|0|0|150:MrOrange|Bill|MrBlue|Pluribus|Budd|Eddie
STATE:69:fr225fr700fff:3c3h|Tc2d|3d4d|7d9d|Js9c|JdAh:-50|-100|0|-225|0|375:Bill|MrBlue|Pluribus|Budd|Eddie|MrOrange
STATE:70:r225r700fffff:5d6h|9d7d|9cAc|TsJs|Kd3h|7sAs:-50|-100|-225|375|0|0:MrBlue|Pluribus|Budd|Eddie|MrOrange|Bill
STATE:71:fffr225fc/cc/cc/cc:6h5s|4cKc|Jh7h|Qc6c|5dAs|JdJs/3cKdAh/Th/9h:-50|275|0|0|0|-225:Pluribus|Budd|Eddie|MrOrange|Bill|MrBlue
STATE:72:ffr225ffr1300f:9dTs|8sJs|As4h|9hKs|Td8d|6h4s:-50|275|0|0|-225|0:Budd|Eddie|MrOrange|Bill|MrBlue|Pluribus
STATE:73:fffr250fr1200r2750f:2dTc|4h5h|Td3d|AcTs|8s3c|AsAd:-50|-1200|0|0|0|1250:Eddie|MrOrange|Bill|MrBlue|Pluribus|Budd
STATE:74:fffff:5sJd|2dTs|7dTh|Kh9c|3hJs|Qc4h:-50|50|0|0|0|0:MrOrange|Bill|MrBlue|Pluribus|Budd|Eddie
STATE:75:r200fffff:TdJc|8h3c|9cAc|4hTs|4s9h|8dTc:-50|-100|150|0|0|0:Bill|MrBlue|Pluribus|Budd|Eddie|MrOrange
STATE:76:r225fffff:3dKh|Qd6c|KdAd|2dKs|Qh5d|2s9s:-50|-100|150|0|0|0:MrBlue|Pluribus|Budd|Eddie|MrOrange|Bill
STATE:77:fr210fffc/cc/cc/cc:9c7c|4hAh|Jh6c|KhAd|Ks2d|8c9d/6h9sJd/5d/Qc:-50|-210|0|260|0|0:Pluribus|Budd|Eddie|MrOrange|Bill|MrBlue
STATE:78:ffffr300f:ThQh|3h4d|4cTd|7dKh|2hKd|5c2c:100|-100|0|0|0|0:Budd|Eddie|MrOrange|Bill|MrBlue|Pluribus
STATE:79:fr225ffff:8d6d|3hAd|9hQd|KsQc|4h5s|Ah6s:-50|-100|0|150|0|0:Eddie|MrOrange|Bill|MrBlue|Pluribus|Budd
STATE:80:ffr225fff:9cJs|6s4d|5c4h|5h3s|Qc7c|9h4s:-50|-100|0|0|150|0:MrOrange|Bill|MrBlue|Pluribus|Budd|Eddie
STATE:81:fffff:8cQh|Ks6h|6c2c|9h6s|7c6d|4h5h:-50|50|0|0|0|0:Bill|MrBlue|Pluribus|Budd|Eddie|MrOrange
STATE:82:ffffr400f:KcKh|9d8s|5h9c|6c7h|Td4d|2dQc:100|-100|0|0|0|0:MrBlue|Pluribus|Budd|Eddie|MrOrange|Bill
STATE:83:r200ffcfc/ccc/cr418cf/r746f:8c6h|8h9s|AdKs|Js3s|5d5h|AcJd/9c6sKh/Qs/Qh:-50|-200|668|0|0|-418:Pluribus|Budd|Eddie|MrOrange|Bill|MrBlue
STATE:84:r200r625ffffc/cr1325c/cc/cr2725f:2cJs|8sKh|8d9d|QdAd|Td4d|5d9h/Jh8c6s/Qc/2h:-50|-100|-1325|1475|0|0:Budd|Eddie|MrOrange|Bill|MrBlue|Pluribus
STATE:85:r225fffcc/ccr550r1212fc/cr1812f:8cAc|4s5s|AhQd|Jd3h|2dKd|3d9d/Qc4d6s/Qh:-1212|-225|1437|0|0|0:Eddie|MrOrange|Bill|MrBlue|Pluribus|Budd
STATE:86:r225fffff:Js8c|5d2h|7dAd|Tc7s|8h3c|Ts9d:-50|-100|150|0|0|0:MrOrange|Bill|MrBlue|Pluribus|Budd|Eddie
STATE:87:ffffr300c/cc/cc/r750r2475c:QsQd|4sKs|8h3h|3d5h|Td5d|8s7h/5sAd2h/7s/Ts:-2475|2475|0|0|0|0:Bill|MrBlue|Pluribus|Budd|Eddie|MrOrange
STATE:88:r225fffcc/ccc/cr562ff:KhAc|AdJh|9sKs|6s4s|8h7h|As8c/5c9hJd/5s:-225|450|-225|0|0|0:MrBlue|Pluribus|Budd|Eddie|MrOrange|Bill
STATE:89:ffffr200r720f:Ts5s|7c9c|9d4h|8d4c|9s3c|7dJh:-200|200|0|0|0|0:Pluribus|Budd|Eddie|MrOrange|Bill|MrBlue
STATE:90:fr225fffc/cc/cc/r375f:7h6s|4h8h|8d4d|QcTc|Kc9c|4sJd/7dJh9h/6h/Jc:-50|275|0|-225|0|0:Budd|Eddie|MrOrange|Bill|MrBlue|Pluribus
STATE:91:ffffcr325f:Ah2s|JsAc|6h7d|4hJd|5c7s|4sKd:-100|100|0|0|0|0:Eddie|MrOrange|Bill|MrBlue|Pluribus|Budd
STATE:92:ffr225cfc/ccr405r945fc/cc/cc:Qh2c|Tc9d|6hTs|5d9h|QsKh|JdQd/6c7dJs/4c/5h:-50|-945|0|0|-225|1220:MrOrange|Bill|MrBlue|Pluribus|Budd|Eddie
STATE:93:ffffr300c/cr550f:Kc3c|ThAd|7s9d|6c4c|Qs4s|9s8c/8s9c4d:-300|300|0|0|0|0:Bill|MrBlue|Pluribus|Budd|Eddie|MrOrange
STATE:94:ffr215fr1062fr2300f:5c4c|Jh9c|Ad8c|9d5d|KdAh|6d7c:-1062|-100|0|0|1162|0:MrBlue|Pluribus|Budd|Eddie|MrOrange|Bill
STATE:95:r200fffff:9c4c|5d3c|JdJc|3d3h|5h8s|5cKc:-50|-100|150|0|0|0:Pluribus|Budd|Eddie|MrOrange|Bill|MrBlue
STATE:96:ffr225fff:KsJd|6c9h|Jh3s|8c6d|Ac3h|9d2h:-50|-100|0|0|150|0:Budd|Eddie|MrOrange|Bill|MrBlue|Pluribus
STATE:97:fffr250ff:5dTs|9s3h|6hAd|3cKs|Qh2c|6dAc:-50|-100|0|0|0|150:Eddie|MrOrange|Bill|MrBlue|Pluribus|Budd
STATE:98:fffff:9sTc|6h5s|4s6c|Jd7d|9h6d|Qc2d:-50|50|0|0|0|0:MrOrange|Bill|MrBlue|Pluribus|Budd|Eddie
STATE:99:ffr200ffc/cr300c/cc/cc:Qc9s|8d7h|4s6s|6hQh|JdKh|2d8h/3c8cAc/Th/5d:-50|350|0|0|-300|0:Bill|MrBlue|Pluribus|Budd|Eddie|MrOrange
STATE:100:fffr250ff:Jh6h|3h6s|9d4d|Kh3d|2hAs|9hAc:-50|-100|0|0|0|150:MrBlue|Pluribus|Budd|Eddie|MrOrange|Bill
STATE:101:r200ffffc/cr425c/cc/cc:4dJc|AhKs|TdKd|Ad8h|2h7c|Jh5s/9c5c7h/5d/8s:-50|475|-425|0|0|0:Pluribus|Budd|Eddie|MrOrange|Bill|MrBlue
STATE:102:ffr225fff:9dQd|2h3s|Ks8c|8sAd|7d5d|3hQh:-50|-100|0|0|150|0:Budd|Eddie|MrOrange|Bill|MrBlue|Pluribus
STATE:103:fffr250r1150fc/r1870r3070f:KdQh|4hAd|8c6d|7c8s|4c9s|Jh9h/Ah2c3h:-1870|-100|0|0|0|1970:Eddie|MrOrange|Bill|MrBlue|Pluribus|Budd
STATE:104:fr225ffff:9c2d|7hAd|8c3c|KhTh|6c8h|As4c:-50|-100|0|150|0|0:MrOrange|Bill|MrBlue|Pluribus|Budd|Eddie
STATE:105:fcfffc/cr200f:Qs2d|5cJd|4s6h|7s2h|3dAs|Jh8h/3hKs2s:-50|-100|0|150|0|0:Bill|MrBlue|Pluribus|Budd|Eddie|MrOrange
STATE:106:ffr215ffr1225c/cc/cc/cc:4cAd|AsKd|8c7h|5sQh|2s2c|7dQc/Jh9c8s/3d/Js:-50|-1225|0|0|1275|0:MrBlue|Pluribus|Budd|Eddie|MrOrange|Bill
STATE:107:r200fr625ffff:6s5h|8cJd|QsJc|Tc9c|KdTd|2sAd:-50|-100|-200|0|350|0:Pluribus|Budd|Eddie|MrOrange|Bill|MrBlue
STATE:108:ffr225fff:Qs4c|8h5d|7cJh|As3c|KcAc|Qh5c:-50|-100|0|0|150|0:Budd|Eddie|MrOrange|Bill|MrBlue|Pluribus
STATE:109:fffr250ff:9h2h|4h6h|2sKs|TcAd|5dTh|Js5s:-50|-100|0|0|0|150:Eddie|MrOrange|Bill|MrBlue|Pluribus|Budd
STATE:110:r225fffff:8hAh|3cAd|7sAs|4h2c|Jd7h|9dAc:-50|-100|150|0|0|0:MrOrange|Bill|MrBlue|Pluribus|Budd|Eddie
STATE:111:r225ffffc/cc/cr350f:8cTd|3hAd|6s6h|5c9s|4d2s|As3c/9hTh7h/Js:-50|-225|275|0|0|0:Bill|MrBlue|Pluribus|Budd|Eddie|MrOrange
STATE:112:ffffr300c/cc/r750f:3s3c|6c4c|TsJc|Qc3d|4h9s|Th5c/QhAcTd/3h:300|-300|0|0|0|0:MrBlue|Pluribus|Budd|Eddie|MrOrange|Bill
STATE:113:ffffr275c/cr475c/cc/cc:QsQh|Ts7c|6s4h|9d6c|9h5s|Jc6d/8h8s2s/5d/3c:475|-475|0|0|0|0:Pluribus|Budd|Eddie|MrOrange|Bill|MrBlue
STATE:114:fr225ffff:6sQd|Ks4c|8cAh|2c2h|TcKd|9s5c:-50|-100|0|150|0|0:Budd|Eddie|MrOrange|Bill|MrBlue|Pluribus
STATE:115:fffr250ff:Kd5h|5cQd|6h9c|4sTd|Jd4d|QcAs:-50|-100|0|0|0|150:Eddie|MrOrange|Bill|MrBlue|Pluribus|Budd
STATE:116:r225r825fffff:Ad4c|5s2c|9dQd|KcQs|Qc6s|5h5d:-50|-100|-225|375|0|0:MrOrange|Bill|MrBlue|Pluribus|Budd|Eddie
STATE:117:fr225fffc/cr475c/cc/r1975f:6hQh|6s5s|4d5h|JsKd|2s4s|8d7c/Td5c4c/7h/Tc:-50|525|0|-475|0|0:Bill|MrBlue|Pluribus|Budd|Eddie|MrOrange
STATE:118:fffr250fc/cr400c/cr2100f:Td4d|7sTs|7h2s|Ac6h|4sJd|QsQh/7d3d9d/8s:-50|-400|0|0|0|450:MrBlue|Pluribus|Budd|Eddie|MrOrange|Bill
STATE:119:fffr225ff:Qd3d|8c2s|Th2c|7h3s|Kc6s|Jc3c:-50|-100|0|0|0|150:Pluribus|Budd|Eddie|MrOrange|Bill|MrBlue
STATE:120:r200fffff:3c7s|8h3d|KcQh|8dTc|8cJc|5cKd:-50|-100|150|0|0|0:Budd|Eddie|MrOrange|Bill|MrBlue|Pluribus
STATE:121:fffr250ff:Ts6h|3cTc|Qh4c|8s2h|5s6c|9hAs:-50|-100|0|0|0|150:Eddie|MrOrange|Bill|MrBlue|Pluribus|Budd
STATE:122:fffr222cf/cc/cr766f:7c7d|3h2s|8c4h|3c7s|4sQs|TsKc/AdJd9c/6c:-222|-100|0|0|0|322:MrOrange|Bill|MrBlue|Pluribus|Budd|Eddie
STATE:123:r200ffr700ffc/cc/r3025c/cr10000f:4dJc|5d5s|6h6s|Ts5c|9h6d|AsAh/4sAd2c/8h/Kd:-50|-100|-3025|0|0|3175:Bill|MrBlue|Pluribus|Budd|Eddie|MrOrange
STATE:124:ffr215ffc/cc/r335f:4s7d|4h5d|JcTh|2s6d|QcJs|Ks3s/4c3h2h/Tc:-50|265|0|0|-215|0:MrBlue|Pluribus|Budd|Eddie|MrOrange|Bill
STATE:125:r200ffffc/cc/r650f:3hQh|Ac8h|KhAh|Js2h|Jh2c|3s8s/8c7c7s/2d:-50|250|-200|0|0|0:Pluribus|Budd|Eddie|MrOrange|Bill|MrBlue
STATE:126:fr225fffc/cc/cc/cr575r1775f:TcQs|Ah4h|6d3c|AsJs|Td2h|4s3d/9c9h3h/Th/Qh:-50|625|0|-575|0|0:Budd|Eddie|MrOrange|Bill|MrBlue|Pluribus
STATE:127:ffr225ffc/cc/r625c/r1850f:Qc2s|QdAh|7d3h|6hJc|JsKh|7sTh/Ad8dJd/8s/2d:-50|675|0|0|-625|0:Eddie|MrOrange|Bill|MrBlue|Pluribus|Budd
STATE:128:r225cffcf/ccc/cr525ff:7c7s|3s8c|6h5h|KdJd|Tc4h|Qs8h/Ts2s8s/5s:-225|-100|550|-225|0|0:MrOrange|Bill|MrBlue|Pluribus|Budd|Eddie
