# name/game/hands/seed sample_game_108 ../lib/python-client/acpc_infrastructure/holdem.nolimit.6p.game 10000 108
#--t_response 600000000
#--t_hand 600000000
#--t_per_hand 600000000
STATE:0:fr200ffff:Ts9h|2d7s|6hKs|AcQc|JsKc|3h4h:-50|-100|0|150|0|0:MrWhite|MrBlonde|MrBlue|MrOrange|MrPink|Pluribus
STATE:1:ffffr300f:AhTs|9s5c|3dJc|Qc7h|7s2s|9h7d:100|-100|0|0|0|0:MrBlonde|MrBlue|MrOrange|MrPink|Pluribus|MrWhite
STATE:2:fffr250fc/r350c/cc/r725f:4d3s|Jh7h|Qd2c|2h2d|4hTc|JsAd/7c7s6h/4c/8s:-50|400|0|0|0|-350:MrBlue|MrOrange|MrPink|Pluribus|MrWhite|MrBlonde
STATE:3:ffr250fff:2d3d|2s5c|3cJc|Qs5h|JhQc|TcAs:-50|-100|0|0|150|0:MrOrange|MrPink|Pluribus|MrWhite|MrBlonde|MrBlue
STATE:4:r287ffffr1535f:Qh6c|5c4c|5h5d|6hQd|3cKs|4hQs:-50|337|-287|0|0|0:MrPink|Pluribus|MrWhite|MrBlonde|MrBlue|MrOrange
STATE:5:fr225fffc/cr475f:3h9s|8d4d|7d5h|6d5d|6c9d|7c9h/2d5sKs:-50|-225|0|275|0|0:Pluribus|MrWhite|MrBlonde|MrBlue|MrOrange|MrPink
STATE:6:fr200ffff:JcTs|5h6c|3s4d|9sAs|3h9c|Td7h:-50|-100|0|150|0|0:MrWhite|MrBlonde|MrBlue|MrOrange|MrPink|Pluribus
STATE:7:ffr225ffc/cc/cc/cr600f:5sTc|Ah6c|Qs7c|2c2d|TdJs|Th9s/Ts4s7d/4d/Jd:-50|-225|0|0|275|0:MrBlonde|MrBlue|MrOrange|MrPink|Pluribus|MrWhite
STATE:8:ffr225ffc/cc/cr475f:7d4s|3h3s|2cJc|Th2d|8c8d|Qh9c/Qc7s7c/8s:-50|-225|0|0|275|0:MrBlue|MrOrange|MrPink|Pluribus|MrWhite|MrBlonde
STATE:9:fr225fffc/cc/cc/cc:9d4d|7sTs|5d6c|QhKd|JdKh|As5c/QcAcTh/Ks/8c:-50|-225|0|275|0|0:MrOrange|MrPink|Pluribus|MrWhite|MrBlonde|MrBlue
STATE:10:fr250fr750ffc/cr1350c/cr3210f:6h3s|2s7h|8sQs|5h5s|Jd5c|6d7d/Qd3h6c/Ks:-50|-100|0|-1350|0|1500:MrPink|Pluribus|MrWhite|MrBlonde|MrBlue|MrOrange
STATE:11:fffr250fc/cr430f:4h2s|9d7h|Qh4d|5sQd|5dAh|TdJs/2h6dJd:-50|-250|0|0|0|300:Pluribus|MrWhite|MrBlonde|MrBlue|MrOrange|MrPink
STATE:12:fr200ffcc/ccr450fc/cc/r1050f:6c6h|9d7c|2h4h|AcTc|2cTh|Ad8c/9h7sAs/9s/6d:-200|650|0|-450|0|0:MrWhite|MrBlonde|MrBlue|MrOrange|MrPink|Pluribus
STATE:13:fffff:3s5c|7dJc|6sKc|6hQc|7cKd|3hKs:-50|50|0|0|0|0:MrBlonde|MrBlue|MrOrange|MrPink|Pluribus|MrWhite
STATE:14:fffff:5d9c|4c7s|9dAs|QcTd|6s8d|3hAc:-50|50|0|0|0|0:MrBlue|MrOrange|MrPink|Pluribus|MrWhite|MrBlonde
STATE:15:r200ffffc/cr425r750f:Th6c|Jd3d|Ac4c|5h9d|5d9s|Ad8s/3sQcQs:-50|475|-425|0|0|0:MrOrange|MrPink|Pluribus|MrWhite|MrBlonde|MrBlue
STATE:16:ffffr300r900c/cr1800r3000c/cr4500f:9h7h|AdKh|8d4c|5cAs|6h9s|3c2c/8cKcTc/Kd:-3000|3000|0|0|0|0:MrPink|Pluribus|MrWhite|MrBlonde|MrBlue|MrOrange
STATE:17:r250fr750fffr2650r10000c///:Qs5h|7s8d|AsAd|3sKd|KsAh|2d9h/Jd4c6s/4s/2h:-50|-100|10150|0|-10000|0:Pluribus|MrWhite|MrBlonde|MrBlue|MrOrange|MrPink
STATE:18:ffffr300c/cc/cc/cc:6d6c|Jc9h|3hJh|7c4c|8h2c|Th6s/7h4dAs/4s/8s:300|-300|0|0|0|0:MrWhite|MrBlonde|MrBlue|MrOrange|MrPink|Pluribus
STATE:19:fffr225r1025ff:QsQd|5dTc|7d5h|8h4d|6sJs|Ah5s:325|-100|0|0|0|-225:MrBlonde|MrBlue|MrOrange|MrPink|Pluribus|MrWhite
STATE:20:fr225fcfc/cr950ff:Ac9h|9s7c|Kh3c|5c6c|Kc6s|9d9c/Ks2d8c:-50|-225|0|500|0|-225:MrBlue|MrOrange|MrPink|Pluribus|MrWhite|MrBlonde
STATE:21:ffffr350f:AhQh|8s4c|Jc5c|Ts3d|5hAd|8cJh:100|-100|0|0|0|0:MrOrange|MrPink|Pluribus|MrWhite|MrBlonde|MrBlue
STATE:22:r225r700fffff:JsAd|5d3h|8cAc|AsQc|Jh8d|4h7c:-50|-100|-225|375|0|0:MrPink|Pluribus|MrWhite|MrBlonde|MrBlue|MrOrange
STATE:23:r250cffff/cr550c/cr1500c/cr3750c:4hKs|6s3d|QcQd|JsJc|7cJh|Td5h/3cTcJd/9h/9s:-50|-100|-3750|3900|0|0:Pluribus|MrWhite|MrBlonde|MrBlue|MrOrange|MrPink
STATE:24:ffr210fr730fr1670c/cr2520r3370f:AhAc|JsTd|5h9c|5s6d|AsTh|3s4c/Kd3d9s:2620|-100|0|0|-2520|0:MrWhite|MrBlonde|MrBlue|MrOrange|MrPink|Pluribus
STATE:25:ffffr300r900r2625r10000f:KdJh|QdQs|4s4h|8sKh|Ts2h|3h6h:-2625|2625|0|0|0|0:MrBlonde|MrBlue|MrOrange|MrPink|Pluribus|MrWhite
STATE:26:ffr225r700ffr2250r10000c///:Jd5h|9sTh|Jh6h|6c8d|QcQs|TsTc/6d7cQd/Ad/3d:-50|-100|0|0|10150|-10000:MrBlue|MrOrange|MrPink|Pluribus|MrWhite|MrBlonde
STATE:27:fr225fffc/cr475r925f:2dQc|6c5d|2cJs|KsJh|8d4d|8h7c/5sQsQd:-50|525|0|-475|0|0:MrOrange|MrPink|Pluribus|MrWhite|MrBlonde|MrBlue
STATE:28:ffr225ffc/cr475f:9d3d|5h9h|6cJc|6h5c|ThQh|4s7d/KdAsJh:-50|-225|0|0|275|0:MrPink|Pluribus|MrWhite|MrBlonde|MrBlue|MrOrange
STATE:29:fffff:Tc3s|2cAc|Js6h|5s2s|2dQc|3c9s:-50|50|0|0|0|0:Pluribus|MrWhite|MrBlonde|MrBlue|MrOrange|MrPink
STATE:30:ffr210fcc/ccc/r682ff:JdKc|KsTd|9s2s|4dQd|7h9h|5sJs/8h3c4c/8c:420|-210|0|0|-210|0:MrWhite|MrBlonde|MrBlue|MrOrange|MrPink|Pluribus
STATE:31:ffr250ffc/cr1350f:Ac2h|5sAs|5c6d|4c3s|8s8c|2s5d/JdTcQh:-50|-250|0|0|300|0:MrBlonde|MrBlue|MrOrange|MrPink|Pluribus|MrWhite
STATE:32:fr250cfff/cc/cc/cc:Jc3d|2h4s|9h7s|JhAs|2c2d|Jd6s/8cKd4h/Qs/Ac:-50|-100|0|400|-250|0:MrBlue|MrOrange|MrPink|Pluribus|MrWhite|MrBlonde
STATE:33:r200ffffr1100f:KsTh|AcKd|Kh7h|Kc8h|2cTs|4sTc:-50|250|-200|0|0|0:MrOrange|MrPink|Pluribus|MrWhite|MrBlonde|MrBlue
STATE:34:ffr225r750ffc/cc/cr1500c/cr3150c:Qc4s|KcTh|8cQh|9h6d|8sAs|Ad3d/7d6hQs/8d/3s:-50|-100|0|0|3300|-3150:MrPink|Pluribus|MrWhite|MrBlonde|MrBlue|MrOrange
STATE:35:r250cffff/cc/r650f:6hKd|2c8s|9s9c|KcQc|3dJh|Ts3c/AhJcJd/9h:-50|-100|400|-250|0|0:Pluribus|MrWhite|MrBlonde|MrBlue|MrOrange|MrPink
STATE:36:r225ffffr1075c/r2275f:Ah3c|KhQh|6s7s|9d5s|9h8h|JhTc/2c8dJd:-50|1125|-1075|0|0|0:MrWhite|MrBlonde|MrBlue|MrOrange|MrPink|Pluribus
STATE:37:fffff:8s5c|3hJh|6h3s|2hKc|Kd5s|6s8d:-50|50|0|0|0|0:MrBlonde|MrBlue|MrOrange|MrPink|Pluribus|MrWhite
STATE:38:fffr250fc/cc/r975f:9s8c|ThQs|3c7s|JhTs|Ac9h|8hTc/8s6s9d/Kc:-50|300|0|0|0|-250:MrBlue|MrOrange|MrPink|Pluribus|MrWhite|MrBlonde
STATE:39:r225ffffc/cr475r925c/r1725f:9hKh|4h4c|AhAs|6sJh|Ts6h|8h3s/Kd4dKs/8d:-50|975|-925|0|0|0:MrOrange|MrPink|Pluribus|MrWhite|MrBlonde|MrBlue
STATE:40:fffr200fc/cr350c/r537f:4h7d|4c6d|Qd8d|Jd5c|2sTc|7hJh/2cQs6c/5h:-50|400|0|0|0|-350:MrPink|Pluribus|MrWhite|MrBlonde|MrBlue|MrOrange
STATE:41:fr225ffff:3h7d|4c9s|Tc2d|QhAc|4h2h|JhKc:-50|-100|0|150|0|0:Pluribus|MrWhite|MrBlonde|MrBlue|MrOrange|MrPink
STATE:42:ffffr300f:Kc5c|2sKh|Ah6s|5h9d|Th8d|4c6h:100|-100|0|0|0|0:MrWhite|MrBlonde|MrBlue|MrOrange|MrPink|Pluribus
STATE:43:fffff:5h3s|5dTc|3c4c|Js2d|Th4d|8h2s:-50|50|0|0|0|0:MrBlonde|MrBlue|MrOrange|MrPink|Pluribus|MrWhite
STATE:44:r210fffcf/cc/r600c/r1675c:KsAc|Qc8s|Ad9d|6sJh|7d8h|5d4h/2hAh3d/6c/3s:1775|-100|-1675|0|0|0:MrBlue|MrOrange|MrPink|Pluribus|MrWhite|MrBlonde
STATE:45:fffr225ff:Qc7d|Jh4c|2d3d|Qs8s|6d9c|8cKc:-50|-100|0|0|0|150:MrOrange|MrPink|Pluribus|MrWhite|MrBlonde|MrBlue
STATE:46:fr250ffff:3c4h|2sAc|8hAs|AhQc|5h9h|Ts2d:-50|-100|0|150|0|0:MrPink|Pluribus|MrWhite|MrBlonde|MrBlue|MrOrange
STATE:47:fr225r750ffff:2h5c|Tc2d|4s6d|JhAs|Ad3d|6c7h:-50|-100|0|-225|375|0:Pluribus|MrWhite|MrBlonde|MrBlue|MrOrange|MrPink
STATE:48:fffr225r1161ff:QcQd|2d7d|3cTc|4cQh|3s5s|As8d:325|-100|0|0|0|-225:MrWhite|MrBlonde|MrBlue|MrOrange|MrPink|Pluribus
STATE:49:fr210fffc/cr445c/cr1045c/cc:Ac4d|Qd6d|3d8s|9d8d|Jc5h|3sTs/8c2d6h/Td/4h:-50|-1045|0|1095|0|0:MrBlonde|MrBlue|MrOrange|MrPink|Pluribus|MrWhite
STATE:50:fr287ffcf/cc/r792f:AcQs|4c7s|Kh8d|AsKc|Jh2h|Ks7d/9hQd2d/Js:387|-100|0|-287|0|0:MrBlue|MrOrange|MrPink|Pluribus|MrWhite|MrBlonde
STATE:51:fr225ffff:JcAs|8cKd|7sTd|TsKs|Jd5s|3c6c:-50|-100|0|150|0|0:MrOrange|MrPink|Pluribus|MrWhite|MrBlonde|MrBlue
STATE:52:fffr200fc/cc/cr650f:4d7d|3dAd|Th5s|2hQh|6h5c|AcKd/KcQcTs/4s:-50|-200|0|0|0|250:MrPink|Pluribus|MrWhite|MrBlonde|MrBlue|MrOrange
STATE:53:ffr225fcr900r2675fr10000c///:Ad8d|KcAs|5h6h|8c6s|QsQc|TcJd/2h3s3h/Td/Kd:-225|10225|0|0|-10000|0:Pluribus|MrWhite|MrBlonde|MrBlue|MrOrange|MrPink
STATE:54:fr200fffc/cr350c/cc/cc:2dJh|QdKh|5s2c|JsAh|4dAc|3h6d/4sTh3d/3s/Td:-50|-350|0|400|0|0:MrWhite|MrBlonde|MrBlue|MrOrange|MrPink|Pluribus
STATE:55:fr210fffc/cr325c/cr775c/cc:7h2d|Kh8h|2s4h|AcTc|5s4d|9d3d/6h5hTh/7d/Ad:-50|825|0|-775|0|0:MrBlonde|MrBlue|MrOrange|MrPink|Pluribus|MrWhite
STATE:56:ffffcc/cc/cc/cc:6d6h|4d2h|7c4s|7d5s|7hQd|9h3c/AdTc9s/Jd/Kd:100|-100|0|0|0|0:MrBlue|MrOrange|MrPink|Pluribus|MrWhite|MrBlonde
STATE:57:ffr250fr1150fc/r1900c/cr3725c/cr10000c:JsTs|AdJh|8d2c|9hJc|QhTh|6h9c/4c9sJd/2d/8c:-10000|-100|0|0|10100|0:MrOrange|MrPink|Pluribus|MrWhite|MrBlonde|MrBlue
STATE:58:ffr225fcf/r360c/cc/cc:6d6c|9h5c|3hTd|Ks8h|9sAd|3s4d/4c8c7d/Kc/Js:460|-100|0|0|-360|0:MrPink|Pluribus|MrWhite|MrBlonde|MrBlue|MrOrange
STATE:59:r250ffffr800f:3d9d|KcKh|5dAd|7d2h|2s6d|6sTs:-50|300|-250|0|0|0:Pluribus|MrWhite|MrBlonde|MrBlue|MrOrange|MrPink
STATE:60:ffr210fff:8d3d|Jd8h|Kh2h|2dKs|QcTs|8c7d:-50|-100|0|0|150|0:MrWhite|MrBlonde|MrBlue|MrOrange|MrPink|Pluribus
STATE:61:fr210fcff/cc/r390f:4s2d|3hTs|5hKs|JcKc|2c3d|9s9c/KdAcJd/7c:-50|-100|0|360|0|-210:MrBlonde|MrBlue|MrOrange|MrPink|Pluribus|MrWhite
STATE:62:fffff:9d3h|6h8h|TsKh|7dTh|5sQc|5cJs:-50|50|0|0|0|0:MrBlue|MrOrange|MrPink|Pluribus|MrWhite|MrBlonde
STATE:63:ffr250fff:TcAd|Jc5s|4s6h|9s4c|JdQh|8d3c:-50|-100|0|0|150|0:MrOrange|MrPink|Pluribus|MrWhite|MrBlonde|MrBlue
STATE:64:fr250ffff:6h8h|2dJc|2s9d|JsAd|Ac6d|5sAh:-50|-100|0|150|0|0:MrPink|Pluribus|MrWhite|MrBlonde|MrBlue|MrOrange
STATE:65:ffffcc/r200c/r400f:8s7d|Tc3s|8hJc|4d6s|Ts8d|6d4s/Ah3dQs/Qd:200|-200|0|0|0|0:Pluribus|MrWhite|MrBlonde|MrBlue|MrOrange|MrPink
STATE:66:fffff:3cTd|5h6s|9cJs|3s6h|4h5c|2cAh:-50|50|0|0|0|0:MrWhite|MrBlonde|MrBlue|MrOrange|MrPink|Pluribus
STATE:67:ffr225ffc/cr475f:2hTs|9dQs|5hJc|6s8c|Ah9s|8dQh/Kd3d4h:-50|-225|0|0|275|0:MrBlonde|MrBlue|MrOrange|MrPink|Pluribus|MrWhite
STATE:68:ffr225fff:Ac5h|4dQc|3d8s|Ts3s|9d9s|8d2s:-50|-100|0|0|150|0:MrBlue|MrOrange|MrPink|Pluribus|MrWhite|MrBlonde
STATE:69:ffffr350c/cc/cc/cr700f:5h5c|9sJh|Tc2d|Qh3s|8hAd|5d8c/QdKc6h/9h/8d:-350|350|0|0|0|0:MrOrange|MrPink|Pluribus|MrWhite|MrBlonde|MrBlue
STATE:70:ffr225fcc/ccr525fc/cr2425f:9sAs|JsQc|ThKc|Ks5d|Ac8c|9c2d/7cTc2c/3d:-225|-525|0|0|750|0:MrPink|Pluribus|MrWhite|MrBlonde|MrBlue|MrOrange
STATE:71:fr225fr700ffc/cr1475f:KcQd|6s2s|5s6d|TcAc|3dKd|KhQh/2c8h2h:-50|-100|0|-700|0|850:Pluribus|MrWhite|MrBlonde|MrBlue|MrOrange|MrPink
STATE:72:ffr210ffc/cr360r885r1795c/cr2995c/cr10000c:5c2s|JhAs|4hKh|Td9s|6dKd|6s9h/3d6cJd/8d/3s:-50|-10000|0|0|10050|0:MrWhite|MrBlonde|MrBlue|MrOrange|MrPink|Pluribus
STATE:73:ffr225ffc/cr475f:TcKd|JhTd|3dQh|9c7s|6c6s|6d2d/Qc6h4d:-50|-225|0|0|275|0:MrBlonde|MrBlue|MrOrange|MrPink|Pluribus|MrWhite
STATE:74:fr200fffc/cr425f:9h6d|Ks8s|9d3c|AdAc|Qd8c|8dAs/Td4s9c:-50|-200|0|250|0|0:MrBlue|MrOrange|MrPink|Pluribus|MrWhite|MrBlonde
STATE:75:fffr225ff:9s4s|3h7s|8d6d|8cJd|4c5d|JhAc:-50|-100|0|0|0|150:MrOrange|MrPink|Pluribus|MrWhite|MrBlonde|MrBlue
STATE:76:ffffcr300c/cc/r500c/cr1000f:Th9c|4d4c|5c2c|4h8c|3cJc|3s7s/KcKd3h/4s/Qh:-500|500|0|0|0|0:MrPink|Pluribus|MrWhite|MrBlonde|MrBlue|MrOrange
STATE:77:r250fffff:Ts7s|5s9d|AsKs|4s6d|6c6s|Jd7c:-50|-100|150|0|0|0:Pluribus|MrWhite|MrBlonde|MrBlue|MrOrange|MrPink
STATE:78:fffr250ff:Ts8c|5s2d|7d8h|Kh6s|Tc3h|3s3d:-50|-100|0|0|0|150:MrWhite|MrBlonde|MrBlue|MrOrange|MrPink|Pluribus
STATE:79:ffffr300f:KcKh|2d4c|3cQc|8cJh|6c7h|9c5d:100|-100|0|0|0|0:MrBlonde|MrBlue|MrOrange|MrPink|Pluribus|MrWhite
STATE:80:ffr225fff:Jd6h|4h5s|7sKd|4s6d|JcAc|Qh3h:-50|-100|0|0|150|0:MrBlue|MrOrange|MrPink|Pluribus|MrWhite|MrBlonde
STATE:81:fffr225fr1150f:Tc2d|KsAd|Ts5s|6sKc|6h8c|Qs9h:-50|275|0|0|0|-225:MrOrange|MrPink|Pluribus|MrWhite|MrBlonde|MrBlue
STATE:82:ffr225fff:2cQs|6dKs|3hAd|6sJh|4cKc|5s2h:-50|-100|0|0|150|0:MrPink|Pluribus|MrWhite|MrBlonde|MrBlue|MrOrange
STATE:83:ffr225ffc/cr375f:Ks4h|Jd5d|Tc6d|3s5h|9d8d|8c5c/6sKd6h:-50|-225|0|0|275|0:Pluribus|MrWhite|MrBlonde|MrBlue|MrOrange|MrPink
STATE:84:ffr210ffr1110f:Ts4c|QsQh|6sKc|8dQd|AhTd|8c4d:-50|260|0|0|-210|0:MrWhite|MrBlonde|MrBlue|MrOrange|MrPink|Pluribus
STATE:85:fffr225fr1000r2025f:6c9c|2c4c|5cJc|Kd2h|3sKc|AdKh:-50|-1000|0|0|0|1050:MrBlonde|MrBlue|MrOrange|MrPink|Pluribus|MrWhite
STATE:86:ffffr300f:8c9s|Tc6s|3hKc|8dKs|7sTd|4h7d:100|-100|0|0|0|0:MrBlue|MrOrange|MrPink|Pluribus|MrWhite|MrBlonde
STATE:87:r350ffcfc/ccr800cf/cr2475r10000f:3h5h|8cQc|AcTd|Qd4d|8dJs|JcJh/8h6h6c/7c:-50|2875|-350|0|0|-2475:MrOrange|MrPink|Pluribus|MrWhite|MrBlonde|MrBlue
STATE:88:fr250ffff:Qc5d|Jh8s|7d2d|JsQs|3sKc|7hJc:-50|-100|0|150|0|0:MrPink|Pluribus|MrWhite|MrBlonde|MrBlue|MrOrange
STATE:89:r250fcffc/cr875ff:2s2d|Kc7d|KdAs|QsJd|9c9h|Ac8h/Qd6s4d:-50|-250|550|0|-250|0:Pluribus|MrWhite|MrBlonde|MrBlue|MrOrange|MrPink
STATE:90:ffr210ffc/cr360f:6cKd|Ac8h|Qc9d|6d5s|TcTd|6s3s/7c7d5d:-50|-210|0|0|260|0:MrWhite|MrBlonde|MrBlue|MrOrange|MrPink|Pluribus
STATE:91:r200r650ffffc/cr1100f:Ac8c|4dTc|5d5c|JhQh|3h3d|2d2h/4cJdAs:-50|-100|-650|800|0|0:MrBlonde|MrBlue|MrOrange|MrPink|Pluribus|MrWhite
STATE:92:ffr225ffc/cc/r375f:6sJh|TcKh|Qc6c|Ac8d|7s7d|5cQh/2s4cTh/Js:-50|275|0|0|-225|0:MrBlue|MrOrange|MrPink|Pluribus|MrWhite|MrBlonde
STATE:93:ffr250fff:Js2h|8s5c|Jh3c|5d4c|As3s|2cJc:-50|-100|0|0|150|0:MrOrange|MrPink|Pluribus|MrWhite|MrBlonde|MrBlue
STATE:94:ffr225ffc/cr425f:8cTd|Qc6c|7s8h|9c3s|ThAc|4sAh/5hKd5s:-50|-225|0|0|275|0:MrPink|Pluribus|MrWhite|MrBlonde|MrBlue|MrOrange
STATE:95:fr225fffc/cr425c/cr1205f:TsQc|8cAh|Jh4c|QhKh|3sKs|8hAc/As7hQd/Kd:-50|-425|0|475|0|0:Pluribus|MrWhite|MrBlonde|MrBlue|MrOrange|MrPink
STATE:96:fr200ffff:5h6c|Qc3s|Qs2h|As4s|6sJc|Qh6d:-50|-100|0|150|0|0:MrWhite|MrBlonde|MrBlue|MrOrange|MrPink|Pluribus
STATE:97:ffr200ffc/cc/cr425f:9c4h|JcAd|6h3c|6d8h|QcTs|Jh7c/7h6c9h/5h:-50|-200|0|0|250|0:MrBlonde|MrBlue|MrOrange|MrPink|Pluribus|MrWhite
STATE:98:fr200ffff:7s6d|7dTh|5d2d|AdKs|2s3c|7c9h:-50|-100|0|150|0|0:MrBlue|MrOrange|MrPink|Pluribus|MrWhite|MrBlonde
STATE:99:r225fffff:Jc5d|3d7h|AcTd|8dKs|8sQc|AdTs:-50|-100|150|0|0|0:MrOrange|MrPink|Pluribus|MrWhite|MrBlonde|MrBlue
STATE:100:fffff:5c3s|5d7s|Jd8d|9d8s|5h9c|4d2s:-50|50|0|0|0|0:MrPink|Pluribus|MrWhite|MrBlonde|MrBlue|MrOrange
STATE:101:ffr225fff:8hAc|Ks2h|7dTs|2s6h|Jd8d|7hQd:-50|-100|0|0|150|0:Pluribus|MrWhite|MrBlonde|MrBlue|MrOrange|MrPink
STATE:102:ffffr300c/cc/cc/cc:2c2h|Th8c|3c4h|Ac4d|4cQh|5h7s/8hKcJs/6s/6c:-300|300|0|0|0|0:MrWhite|MrBlonde|MrBlue|MrOrange|MrPink|Pluribus
STATE:103:fffr225fc/cr475c/cr975c/cc:QhJc|Qd2d|8s2h|7c5d|9cKs|8dJd/6cKdAd/5h/5c:-50|1025|0|0|0|-975:MrBlonde|MrBlue|MrOrange|MrPink|Pluribus|MrWhite
STATE:104:fffr250cf/cc/r700c/r1950c:8c6c|3cJd|9d7h|8s4s|Kh3s|Qh8h/6d5h6h/Ks/4h:-1950|-100|0|0|0|2050:MrBlue|MrOrange|MrPink|Pluribus|MrWhite|MrBlonde
STATE:105:ffr250cfc/ccc/ccc/cr850ff:9d5c|5hKh|Kd6c|6s8c|TsAh|3d3s/Kc9sAd/8h/2c:-50|-250|0|0|550|-250:MrOrange|MrPink|Pluribus|MrWhite|MrBlonde|MrBlue
STATE:106:ffr225ffc/cc/cc/r975f:TdAh|TcQs|5s6c|6sTh|Kc8c|4c5c/3s8hAc/Js/Jc:-50|275|0|0|-225|0:MrPink|Pluribus|MrWhite|MrBlonde|MrBlue|MrOrange
STATE:107:fr225r750ffr2081fc/r3081c/r5081f:As5s|KdAd|4c4s|JhAc|JdJs|3c4h/7hKs2d/8c:-50|3356|0|-225|-3081|0:Pluribus|MrWhite|MrBlonde|MrBlue|MrOrange|MrPink
STATE:108:fffr250fr1100f:9s6d|ThTs|Kd2c|AhTc|3s7h|JcKh:-50|300|0|0|0|-250:MrWhite|MrBlonde|MrBlue|MrOrange|MrPink|Pluribus
STATE:109:ffr225ffc/cr475c/cc/r1200c:2dTd|QdJs|Kd8c|Tc5s|Ad9d|8s7h/6hQc4c/Ts/4d:-50|1250|0|0|-1200|0:MrBlonde|MrBlue|MrOrange|MrPink|Pluribus|MrWhite
STATE:110:ffffcc/cc/r250f:7c6c|3h8s|Ah8d|4h9c|3d7h|Td6s/7s6dQd/2c:100|-100|0|0|0|0:MrBlue|MrOrange|MrPink|Pluribus|MrWhite|MrBlonde
STATE:111:fffr225r1150ff:JsAc|8d2h|Ts7d|4hKc|7c5s|Ks3s:325|-100|0|0|0|-225:MrOrange|MrPink|Pluribus|MrWhite|MrBlonde|MrBlue
STATE:112:ffr225fr1050fc/r1750c/r2950r4800f:AcJc|4dKc|2cJd|Td8s|Js9s|4h2h/9d2sQs/Jh:-2950|-100|0|0|3050|0:MrPink|Pluribus|MrWhite|MrBlonde|MrBlue|MrOrange
STATE:113:ffffr250c/cr560f:As6h|Qs6s|2s9h|Ts7s|Jd5c|2d9d/9cKdTh:-250|250|0|0|0|0:Pluribus|MrWhite|MrBlonde|MrBlue|MrOrange|MrPink
STATE:114:fr200ffff:7hTd|3c7s|Jh5s|KcQh|3h8c|2sKd:-50|-100|0|150|0|0:MrWhite|MrBlonde|MrBlue|MrOrange|MrPink|Pluribus
STATE:115:fffff:8d3c|Js3s|4sJd|9d7d|2d6s|5c2s:-50|50|0|0|0|0:MrBlonde|MrBlue|MrOrange|MrPink|Pluribus|MrWhite
STATE:116:fffr250ff:Jh7s|Ts3s|2s5h|8hQs|Js7c|AdQh:-50|-100|0|0|0|150:MrBlue|MrOrange|MrPink|Pluribus|MrWhite|MrBlonde
STATE:117:ffr250ffc/cr650r2000f:6h2c|TsKd|9dJs|5dAh|As9h|Jd6d/Ks8hTd:-50|700|0|0|-650|0:MrOrange|MrPink|Pluribus|MrWhite|MrBlonde|MrBlue
STATE:118:r225ffffr1225c/r2475c/cr5474f:5c8d|JhQh|KsJs|6s2d|3d9c|8c9s/4sKcTs/5s:-50|-2475|2525|0|0|0:MrPink|Pluribus|MrWhite|MrBlonde|MrBlue|MrOrange
STATE:119:ffr225fff:KdTh|Tc6d|8hKc|3cQs|9hJh|TsKh:-50|-100|0|0|150|0:Pluribus|MrWhite|MrBlonde|MrBlue|MrOrange|MrPink
STATE:120:ffffr300f:Qc7c|3sKd|2d7h|Jh5c|2s6h|8c5d:100|-100|0|0|0|0:MrWhite|MrBlonde|MrBlue|MrOrange|MrPink|Pluribus
STATE:121:r200r650ffffc/cr1100f:2sKs|4c6h|KhQd|QhAc|6c7c|5s6d/6sTc5c:-50|-100|-650|800|0|0:MrBlonde|MrBlue|MrOrange|MrPink|Pluribus|MrWhite
STATE:122:fffff:2h7d|4c8d|5d9h|7c9s|3sTh|6hTd:-50|50|0|0|0|0:MrBlue|MrOrange|MrPink|Pluribus|MrWhite|MrBlonde
STATE:123:fffr225fc/cc/cr600f:3h8d|8h7c|QsTh|4dKc|5dAc|Qc3c/5s7sJc/Ks:-50|-225|0|0|0|275:MrOrange|MrPink|Pluribus|MrWhite|MrBlonde|MrBlue
STATE:124:r225fffr1100fc/r2250f:KhAh|Js7d|KsQs|2c3d|8c4h|5s2h/3h8s9h:1200|-100|-1100|0|0|0:MrPink|Pluribus|MrWhite|MrBlonde|MrBlue|MrOrange
STATE:125:fffff:9s2h|7s7h|6hAs|2s7c|6sQc|6c4d:-50|50|0|0|0|0:Pluribus|MrWhite|MrBlonde|MrBlue|MrOrange|MrPink
STATE:126:fffr200ff:2sTd|2h4c|2c4h|Qs4s|Th6h|Ah3h:-50|-100|0|0|0|150:MrWhite|MrBlonde|MrBlue|MrOrange|MrPink|Pluribus
STATE:127:fffff:Qc7s|Th5d|7dTs|4hQs|9cQh|7c5c:-50|50|0|0|0|0:MrBlonde|MrBlue|MrOrange|MrPink|Pluribus|MrWhite
STATE:128:r210fffcf/cc/cc/cr730f:4h4s|Jh6c|Ah9h|Jd4d|2c4c|8sQh/AdTc8d/Td/As:-210|-100|310|0|0|0:MrBlue|MrOrange|MrPink|Pluribus|MrWhite|MrBlonde
STATE:129:r200ffcfc/ccr450fr1025f:7sJc|8cAd|5c5h|3sTc|Qs9d|6h6s/KdKh3h:-50|-200|700|0|0|-450:MrOrange|MrPink|Pluribus|MrWhite|MrBlonde|MrBlue
STATE:130:fffr300ff:6h8d|7dJs|4c8s|2d7h|3c2s|Kh9h:-50|-100|0|0|0|150:MrPink|Pluribus|MrWhite|MrBlonde|MrBlue|MrOrange
STATE:131:ffffr350f:Qh3h|5sQd|7h4c|6cAd|5hAc|2c9c:100|-100|0|0|0|0:Pluribus|MrWhite|MrBlonde|MrBlue|MrOrange|MrPink
STATE:132:fffr225ff:8d6s|8c3d|Th8s|5h3h|Ks6c|Td9c:-50|-100|0|0|0|150:MrWhite|MrBlonde|MrBlue|MrOrange|MrPink|Pluribus
STATE:133:fffr225fc/cr600f:Qc9d|3d8d|Kh9s|5dJh|6h4h|Ac2d/9h4c3h:-50|-225|0|0|0|275:MrBlonde|MrBlue|MrOrange|MrPink|Pluribus|MrWhite
STATE:134:ffr225fff:8hQc|3c9s|Jh7d|2sKs|ThAh|Jd7h:-50|-100|0|0|150|0:MrBlue|MrOrange|MrPink|Pluribus|MrWhite|MrBlonde
STATE:135:r200ffffc/cc/cr425c/cr3125f:8cQc|3sAh|9cAc|8sKh|6sTc|2hJc/9hQd2s/Ad/7s:-50|-425|475|0|0|0:MrOrange|MrPink|Pluribus|MrWhite|MrBlonde|MrBlue
STATE:136:ffr225fff:Kd8h|2d6s|Th9s|8c3d|JdTd|JcTs:-50|-100|0|0|150|0:MrPink|Pluribus|MrWhite|MrBlonde|MrBlue|MrOrange
STATE:137:ffffr250f:AdQh|2cJs|9hAc|Kc4d|7sTh|Jc3c:100|-100|0|0|0|0:Pluribus|MrWhite|MrBlonde|MrBlue|MrOrange|MrPink
STATE:138:fffr200fc/cc/cr312f:9c2c|Jc7d|3cTh|2h3d|8h6c|Kd9s/AhTd5d/Kc:-50|-200|0|0|0|250:MrWhite|MrBlonde|MrBlue|MrOrange|MrPink|Pluribus
STATE:139:ffr200ffc/cc/cr312f:2h2c|9c6h|8d4s|Ts9h|TcAs|Js6s/4d7hAd/4h:-50|-200|0|0|250|0:MrBlonde|MrBlue|MrOrange|MrPink|Pluribus|MrWhite
STATE:140:ffr225r725fff:3cAh|Qd4d|8c5d|7hJs|KhTc|AsJc:-50|-100|0|0|-225|375:MrBlue|MrOrange|MrPink|Pluribus|MrWhite|MrBlonde
STATE:141:r200fcfr1350r10000fff:JhJs|KdKs|6hAh|Kc7c|9dTs|3c5h:-1350|1750|-200|0|-200|0:MrOrange|MrPink|Pluribus|MrWhite|MrBlonde|MrBlue
STATE:142:r225fffff:3d8s|As6h|5c5d|5sJc|6cAd|8h4c:-50|-100|150|0|0|0:MrPink|Pluribus|MrWhite|MrBlonde|MrBlue|MrOrange
STATE:143:r250fffff:4h2d|2h3d|AsJd|Qs7c|4s7s|5d6h:-50|-100|150|0|0|0:Pluribus|MrWhite|MrBlonde|MrBlue|MrOrange|MrPink
STATE:144:r225fffff:Ah5c|7h4c|JcKc|6cAd|7c5h|3c8h:-50|-100|150|0|0|0:MrWhite|MrBlonde|MrBlue|MrOrange|MrPink|Pluribus
STATE:145:ffr225r675fff:4sQd|9c4d|Ad9s|Kh2c|7d9d|7h6h:-50|-100|0|0|-225|375:MrBlonde|MrBlue|MrOrange|MrPink|Pluribus|MrWhite
STATE:146:r210ffffc/cr325c/cc/cc:7cQs|AdKc|QhJh|Jd2s|4s2d|8sQc/6c8c9c/6d/7d:-50|375|-325|0|0|0:MrBlue|MrOrange|MrPink|Pluribus|MrWhite|MrBlonde
STATE:147:ffr250ffr1200f:9cKs|QhAh|9h6c|7sJc|5c7c|2dTs:-50|300|0|0|-250|0:MrOrange|MrPink|Pluribus|MrWhite|MrBlonde|MrBlue
STATE:148:ffr225fff:2cAs|5cJh|3s4s|Kh2d|AcQd|8cAh:-50|-100|0|0|150|0:MrPink|Pluribus|MrWhite|MrBlonde|MrBlue|MrOrange
STATE:149:fffr250fc/cr380f:2sQc|7h7d|3d6h|6cTh|4sTd|JhQs/As5sJs:-50|-250|0|0|0|300:Pluribus|MrWhite|MrBlonde|MrBlue|MrOrange|MrPink
STATE:150:ffffr300c/cc/r750c/r1875f:QdAs|7s8d|9s7c|3d2h|Ts6h|4c3c/Td2c8h/9d/Kd:750|-750|0|0|0|0:MrWhite|MrBlonde|MrBlue|MrOrange|MrPink|Pluribus
STATE:151:fr210ffr1010fc/r2135f:AsKc|3sKd|4s3h|7d7c|Jd7h|6s5d/8s5hJs:1110|-100|0|-1010|0|0:MrBlonde|MrBlue|MrOrange|MrPink|Pluribus|MrWhite
STATE:152:fr200fr700fff:4dQh|7cTs|5h9c|JcKs|5sQd|KdQs:-50|-100|0|-200|0|350:MrBlue|MrOrange|MrPink|Pluribus|MrWhite|MrBlonde
STATE:153:fffff:5dKh|7cKd|Qc3d|TcJh|Ks7d|Qs9d:-50|50|0|0|0|0:MrOrange|MrPink|Pluribus|MrWhite|MrBlonde|MrBlue
STATE:154:ffffr300f:9sAs|5h7d|4h7c|Td9c|Qh8s|2s6d:100|-100|0|0|0|0:MrPink|Pluribus|MrWhite|MrBlonde|MrBlue|MrOrange
STATE:155:fffff:8h2c|9hJc|2h5h|Js5c|2s3d|3hTd:-50|50|0|0|0|0:Pluribus|MrWhite|MrBlonde|MrBlue|MrOrange|MrPink
STATE:156:fr200ffff:2h9h|5hJd|6c9c|4h4d|9d8c|QdTs:-50|-100|0|150|0|0:MrWhite|MrBlonde|MrBlue|MrOrange|MrPink|Pluribus
STATE:157:fffr225fc/cr725f:9h2d|QdTh|8c3c|2s8d|7cJs|9sQs/5s4h3s:-50|-225|0|0|0|275:MrBlonde|MrBlue|MrOrange|MrPink|Pluribus|MrWhite
STATE:158:fffr250ff:8sJh|5s6c|Ks5d|8hJd|3h6s|JsAc:-50|-100|0|0|0|150:MrBlue|MrOrange|MrPink|Pluribus|MrWhite|MrBlonde
STATE:159:fr225fr725ffc/cc/r1525f:8cTd|7cAs|5cTh|JdJs|4d9d|Ah5h/8dQcQs/Qd:-50|-100|0|875|0|-725:MrOrange|MrPink|Pluribus|MrWhite|MrBlonde|MrBlue
STATE:160:ffr225fff:6dQs|Qh6c|2sQd|3c7h|ThKh|2c8s:-50|-100|0|0|150|0:MrPink|Pluribus|MrWhite|MrBlonde|MrBlue|MrOrange
STATE:161:fffr250r1150fc/r2350c/r4750f:KcKd|3d7h|Qd3h|6d2c|Th3c|5c7c/Jc6h6c/Js:2450|-100|0|0|0|-2350:Pluribus|MrWhite|MrBlonde|MrBlue|MrOrange|MrPink
STATE:162:ffffr300c/r750r1925c/cc/cr3850c:Jh4h|7h5c|5s6c|9sKd|Ks7c|Kh2d/Jd4d8s/Ac/Qd:3850|-3850|0|0|0|0:MrWhite|MrBlonde|MrBlue|MrOrange|MrPink|Pluribus
STATE:163:cfffr550ff:ThKh|9dAs|2dKs|6h5c|4h5s|6cQs:200|-100|-100|0|0|0:MrBlonde|MrBlue|MrOrange|MrPink|Pluribus|MrWhite
STATE:164:r210r681ffffr2093f:2c5s|7hAs|AcTc|8dAd|5cKs|4h5h:-50|-100|831|-681|0|0:MrBlue|MrOrange|MrPink|Pluribus|MrWhite|MrBlonde
STATE:165:fffr225ff:Kc6s|Kd3s|As5c|QsTc|7c5s|4dAh:-50|-100|0|0|0|150:MrOrange|MrPink|Pluribus|MrWhite|MrBlonde|MrBlue
STATE:166:r225r725fffff:6dQs|6c8h|TsAh|QdKs|3h9s|6h5h:-50|-100|-225|375|0|0:MrPink|Pluribus|MrWhite|MrBlonde|MrBlue|MrOrange
STATE:167:ffr225ffc/cr375c/cc/cr875r10000f:4d5h|6sJs|Kd5d|2dKs|9dQd|2hQc/Ts7s2s/Ac/3d:-50|925|0|0|-875|0:Pluribus|MrWhite|MrBlonde|MrBlue|MrOrange|MrPink
STATE:168:ffr210ffc/cr560f:2c5d|As8s|7c3h|6d2s|KhKd|7s6c/Td7h2d:-50|-210|0|0|260|0:MrWhite|MrBlonde|MrBlue|MrOrange|MrPink|Pluribus
STATE:169:ffffr300c/r600c/cc/cc:3d3s|JsQc|7h6d|8c2h|8dTh|3hJd/5sKdAh/9c/Jh:-600|600|0|0|0|0:MrBlonde|MrBlue|MrOrange|MrPink|Pluribus|MrWhite
STATE:170:r210fffff:9s3h|Ah7d|JdAc|2s2c|Th7s|Kc4s:-50|-100|150|0|0|0:MrBlue|MrOrange|MrPink|Pluribus|MrWhite|MrBlonde
STATE:171:fffff:4d7s|Kd2h|Qs3s|2dAs|Tc5s|2sKh:-50|50|0|0|0|0:MrOrange|MrPink|Pluribus|MrWhite|MrBlonde|MrBlue
STATE:172:fffr300ff:As2h|8d4h|2cTs|2dKd|9s8c|JcKc:-50|-100|0|0|0|150:MrPink|Pluribus|MrWhite|MrBlonde|MrBlue|MrOrange
STATE:173:r250fffff:2hQd|5s7d|JsTs|6hTc|Th3d|9s3c:-50|-100|150|0|0|0:Pluribus|MrWhite|MrBlonde|MrBlue|MrOrange|MrPink
STATE:174:fr200ffr700fc/r1200f:5hAh|2cQc|Kh6c|3d3s|Qs6h|7sAd/As7cAc:800|-100|0|-700|0|0:MrWhite|MrBlonde|MrBlue|MrOrange|MrPink|Pluribus
STATE:175:r200fffff:5h7d|Jh2c|9hTh|4d7h|Js4h|Jd8s:-50|-100|150|0|0|0:MrBlonde|MrBlue|MrOrange|MrPink|Pluribus|MrWhite
STATE:176:fffr250fc/cr550f:Kh3s|6hAd|Qd9h|2cTs|6cAs|Ac7h/7s3d2h:-50|-250|0|0|0|300:MrBlue|MrOrange|MrPink|Pluribus|MrWhite|MrBlonde
STATE:177:r225ffffc/cr1225f:9s3d|3sAs|QdAc|4h5c|8s6c|6sKh/6hKc9d:-50|-225|275|0|0|0:MrOrange|MrPink|Pluribus|MrWhite|MrBlonde|MrBlue
STATE:178:r225fffff:Qs7c|Jh6s|Td8d|Jd9c|5s2s|8hQh:-50|-100|150|0|0|0:MrPink|Pluribus|MrWhite|MrBlonde|MrBlue|MrOrange
STATE:179:fffff:6h4s|4hAd|6cKs|3s8s|Kh2h|5c4d:-50|50|0|0|0|0:Pluribus|MrWhite|MrBlonde|MrBlue|MrOrange|MrPink
STATE:180:ffr210fr730fr1670c/cr2370c/cr3970c/cr10000f:AdQc|7c9s|3dJd|TdKc|AcKd|6d7s/4c9hAs/5s/Ks:-3970|-100|0|0|4070|0:MrWhite|MrBlonde|MrBlue|MrOrange|MrPink|Pluribus
STATE:181:ffr225ffc/cr475f:4c8c|Jh4h|Th7s|7h9s|JsQh|2cKh/3h5sQd:-50|-225|0|0|275|0:MrBlonde|MrBlue|MrOrange|MrPink|Pluribus|MrWhite
STATE:182:fr200ffff:2c4s|5cQd|JsQc|Ad8d|7h2h|Jh6c:-50|-100|0|150|0|0:MrBlue|MrOrange|MrPink|Pluribus|MrWhite|MrBlonde
STATE:183:ffr250fff:Qd3s|8cTs|Tc6d|7hAc|QhQs|Jh2s:-50|-100|0|0|150|0:MrOrange|MrPink|Pluribus|MrWhite|MrBlonde|MrBlue
STATE:184:fffff:3dKs|Ad9h|Tc6d|5sKd|4c7c|Qd4d:-50|50|0|0|0|0:MrPink|Pluribus|MrWhite|MrBlonde|MrBlue|MrOrange
STATE:185:fffr250fc/cc/cr475c/r1225r10000c:5dJc|7sKs|TsQd|4cQc|Qs7c|Ad7h/6h5c8c/Ah/9d:-50|25|0|0|0|25:Pluribus|MrWhite|MrBlonde|MrBlue|MrOrange|MrPink
STATE:186:fffff:Qs4d|Ks6d|3hTd|9s5d|4s8c|6s3c:-50|50|0|0|0|0:MrWhite|MrBlonde|MrBlue|MrOrange|MrPink|Pluribus
STATE:187:ffr287fff:8sKd|Qd3h|4s9c|Qh8d|8h7h|2dJd:-50|-100|0|0|150|0:MrBlonde|MrBlue|MrOrange|MrPink|Pluribus|MrWhite
STATE:188:ffffr300c/r750c/cc/cc:3h6h|Th8s|9dKs|TdQc|Qs5s|3d8h/3cAs8d/2d/Js:-750|750|0|0|0|0:MrBlue|MrOrange|MrPink|Pluribus|MrWhite|MrBlonde
STATE:189:fr225fr725fff:6c8h|2sKd|7c8d|As7s|5h8c|Ah4h:-50|-100|0|-225|0|375:MrOrange|MrPink|Pluribus|MrWhite|MrBlonde|MrBlue
STATE:190:ffr225ffc/cr475f:7d2s|9hJc|2d6s|Kh9d|8s8h|6cTd/5c4hQc:-50|-225|0|0|275|0:MrPink|Pluribus|MrWhite|MrBlonde|MrBlue|MrOrange
STATE:191:fffr250cc/ccc/r625ff:TdAh|8d9c|9dJh|4dQs|4sTs|6c8c/Jd4h2s/As:500|-250|0|0|0|-250:Pluribus|MrWhite|MrBlonde|MrBlue|MrOrange|MrPink
STATE:192:ffffr300c/r900f:KdTh|5c4d|3s8s|5s6s|3h2s|8d3d/9s7s8c:300|-300|0|0|0|0:MrWhite|MrBlonde|MrBlue|MrOrange|MrPink|Pluribus
STATE:193:fffr225ff:2d5h|3c6s|Ah9d|6d4c|3s5d|KhJs:-50|-100|0|0|0|150:MrBlonde|MrBlue|MrOrange|MrPink|Pluribus|MrWhite
STATE:194:ffr225r725fff:6cAs|Qd6h|9d4c|Ks2d|KhJs|JdTd:-50|-100|0|0|-225|375:MrBlue|MrOrange|MrPink|Pluribus|MrWhite|MrBlonde
STATE:195:ffr250cfc/ccc/cr1450ff:Jh4h|9hAs|9c4s|7sKc|Kd8d|8c8h/5d6cJc/7d:-50|-250|0|0|550|-250:MrOrange|MrPink|Pluribus|MrWhite|MrBlonde|MrBlue
STATE:196:ffffr300c/r450r900c/cr2700c/cr10000c:JhJc|ThAs|5c2h|2c9d|8c6s|5sJs/8hQh9s/3c/7h:10000|-10000|0|0|0|0:MrPink|Pluribus|MrWhite|MrBlonde|MrBlue|MrOrange
STATE:197:fffr250fc/cc/r662f:3cKc|9sKh|Tc8h|Ts6d|7h3h|2h2s/9h9c6c/3d:-50|300|0|0|0|-250:Pluribus|MrWhite|MrBlonde|MrBlue|MrOrange|MrPink
STATE:198:ffr210ffc/cr710f:9h5d|7d8c|5cTh|Tc4s|Ad9c|2hQs/AcJs8d:-50|-210|0|0|260|0:MrWhite|MrBlonde|MrBlue|MrOrange|MrPink|Pluribus
STATE:199:fffff:4cAd|5cTd|KdJs|6hTc|4sKh|5hTs:-50|50|0|0|0|0:MrBlonde|MrBlue|MrOrange|MrPink|Pluribus|MrWhite
STATE:200:ffr225fcf/cr637f:3c3d|2c3h|Kc2s|Ks7h|9h9d|Th4h/4s7s5c:-225|-100|0|0|325|0:MrBlue|MrOrange|MrPink|Pluribus|MrWhite|MrBlonde
STATE:201:r225fffff:Kc2s|Th3s|8sKs|8d2c|5s7d|Qs6c:-50|-100|150|0|0|0:MrOrange|MrPink|Pluribus|MrWhite|MrBlonde|MrBlue
STATE:202:ffr225fff:As3h|2h8d|4d8h|Ts3s|KsAh|Kd9h:-50|-100|0|0|150|0:MrPink|Pluribus|MrWhite|MrBlonde|MrBlue|MrOrange
STATE:203:fr225ffr706cc/ccr1506cf/cc/r7083f:8c8s|8h8d|Js6h|3h4h|5h3s|Ac6s/2hKs7c/Ad/3c:2212|-706|0|-1506|0|0:Pluribus|MrWhite|MrBlonde|MrBlue|MrOrange|MrPink
STATE:204:fffr200ff:Qd6h|4c8d|3hTh|9s8c|3c7c|JsTc:-50|-100|0|0|0|150:MrWhite|MrBlonde|MrBlue|MrOrange|MrPink|Pluribus
STATE:205:fr210ffff:QsJh|2c7s|3cKd|JcAs|Td3d|Ts7d:-50|-100|0|150|0|0:MrBlonde|MrBlue|MrOrange|MrPink|Pluribus|MrWhite
STATE:206:fr250ffff:3s4d|3c5s|6c5h|KcQh|4h9c|7h4c:-50|-100|0|150|0|0:MrBlue|MrOrange|MrPink|Pluribus|MrWhite|MrBlonde
STATE:207:r200ffffc/cc/r500c/r1900c:7sJs|8s8d|Ts9s|5hAs|4hAd|3s7d/JhQh8h/5s/Ac:-50|-1900|1950|0|0|0:MrOrange|MrPink|Pluribus|MrWhite|MrBlonde|MrBlue
STATE:208:ffffcr400c/cr2000f:4d7d|7c6c|JdKc|Kh2c|5d8h|9d5h/Qc9sAc:-400|400|0|0|0|0:MrPink|Pluribus|MrWhite|MrBlonde|MrBlue|MrOrange
STATE:209:fr225ffff:3dKc|4c7s|Ts5d|AcJd|8hJs|9s3s:-50|-100|0|150|0|0:Pluribus|MrWhite|MrBlonde|MrBlue|MrOrange|MrPink
STATE:210:ffr210fcf/cr470f:2h2c|As4d|3sQc|5sJh|QdKd|7d4h/9h8cTs:-210|-100|0|0|310|0:MrWhite|MrBlonde|MrBlue|MrOrange|MrPink|Pluribus
STATE:211:ffr200fr1100ff:AsAc|8c6s|3h4h|3d4c|6h5h|3cQs:300|-100|0|0|-200|0:MrBlonde|MrBlue|MrOrange|MrPink|Pluribus|MrWhite
STATE:212:fr200cffc/ccr525fc/cc/r1500f:9h5h|JsAc|5s3s|9c8c|KcTc|2s7s/4hTs9s/Ks/Qd:-50|-200|0|775|-525|0:MrBlue|MrOrange|MrPink|Pluribus|MrWhite|MrBlonde
STATE:213:fffr225fr1150f:5hJh|KcQd|Th6s|5cKd|4sAh|8d7c:-50|275|0|0|0|-225:MrOrange|MrPink|Pluribus|MrWhite|MrBlonde|MrBlue
STATE:214:ffr225fff:7cTc|4cQd|5h8c|8dJh|3c5c|4h9s:-50|-100|0|0|150|0:MrPink|Pluribus|MrWhite|MrBlonde|MrBlue|MrOrange
STATE:215:fffr250fc/cr425c/cr1625c/cc:2hTs|7sKs|6c2s|2d6h|6dTd|9cQs/4c7dJh/Kc/5c:-50|1675|0|0|0|-1625:Pluribus|MrWhite|MrBlonde|MrBlue|MrOrange|MrPink
STATE:216:ffr210fcf/cr360c/cr1460f:6c6h|7dJh|4s2c|2hAd|9dTd|7h3d/2d8s4d/Qc:-360|-100|0|0|460|0:MrWhite|MrBlonde|MrBlue|MrOrange|MrPink|Pluribus
STATE:217:r200ffffr925c/r1725c/r3875f:6h4s|4c5c|QdQs|Ad3s|5hTs|Kd8d/8s4hKs/7d:-50|1775|-1725|0|0|0:MrBlonde|MrBlue|MrOrange|MrPink|Pluribus|MrWhite
STATE:218:fr250cfff/cc/r900f:Ad6h|4hJs|8h7c|QhKd|QsTs|6c9c/8c4d5d/8d:-50|-100|0|400|-250|0:MrBlue|MrOrange|MrPink|Pluribus|MrWhite|MrBlonde
STATE:219:fffr225ff:Ts8d|2cTd|Kc2s|7s2d|8h3d|Qh7h:-50|-100|0|0|0|150:MrOrange|MrPink|Pluribus|MrWhite|MrBlonde|MrBlue
STATE:220:r225fffcf/r360c/cr770c/cr1590c:7d7c|6sKh|8cTc|Th2d|6d5h|6c2c/7h9s5d/5c/9d:1690|-100|-1590|0|0|0:MrPink|Pluribus|MrWhite|MrBlonde|MrBlue|MrOrange
STATE:221:ffffcc/cc/r200c/r400f:JhTd|As3d|3sAd|QcTh|3c2h|Qd8h/Js2cQh/Jd/Ts:200|-200|0|0|0|0:Pluribus|MrWhite|MrBlonde|MrBlue|MrOrange|MrPink
STATE:222:ffffr300c/r600f:AhJc|Qc9h|5cQs|ThJs|4c7d|Kc3d/Ac7h7s:300|-300|0|0|0|0:MrWhite|MrBlonde|MrBlue|MrOrange|MrPink|Pluribus
STATE:223:fffr225fc/cc/cc/r600c:2d2s|Ks8c|3h7c|7s2c|8sKc|6h6s/5h9cAd/7h/6c:-50|650|0|0|0|-600:MrBlonde|MrBlue|MrOrange|MrPink|Pluribus|MrWhite
STATE:224:fffr250ff:2s7s|9h6s|2cKh|8s5d|4hTd|5sQs:-50|-100|0|0|0|150:MrBlue|MrOrange|MrPink|Pluribus|MrWhite|MrBlonde
STATE:225:ffffr300f:Td9d|Tc2s|5d7s|8sAh|4s3c|Qd2h:100|-100|0|0|0|0:MrOrange|MrPink|Pluribus|MrWhite|MrBlonde|MrBlue
STATE:226:ffr225fff:9c5c|8c6h|2sQd|8sQs|Ks9s|Qh7h:-50|-100|0|0|150|0:MrPink|Pluribus|MrWhite|MrBlonde|MrBlue|MrOrange
STATE:227:ffr222fr912fc/r2836f:KdAd|Th4h|7h5s|2hAc|AhQd|3hJd/KcKs2c:1012|-100|0|0|-912|0:Pluribus|MrWhite|MrBlonde|MrBlue|MrOrange|MrPink
STATE:228:r225fr700fffr2475f:5c5h|Qh2s|JhKh|As9c|7c7h|3h9d:-50|-100|850|0|-700|0:MrWhite|MrBlonde|MrBlue|MrOrange|MrPink|Pluribus
STATE:229:fffr225fc/cr600c/cc/cc:8h3h|6h9h|7hQc|6s3s|4hKc|2hAs/8s2c6d/Kh/Qs:-50|650|0|0|0|-600:MrBlonde|MrBlue|MrOrange|MrPink|Pluribus|MrWhite
STATE:230:r210r475ffffc/cr1025f:As6d|ThKh|6c6h|TsKs|5cQc|Ah7h/KcAc5d:-50|-100|-475|625|0|0:MrBlue|MrOrange|MrPink|Pluribus|MrWhite|MrBlonde
STATE:231:fr225ffr1150ff:AcQs|9c8c|Kd4h|6c5c|AdTs|7s8h:325|-100|0|-225|0|0:MrOrange|MrPink|Pluribus|MrWhite|MrBlonde|MrBlue
STATE:232:ffr225ffc/cr600f:5h7d|7hAh|9s4h|4s5c|KhKc|7sJc/4cJdTs:-50|-225|0|0|275|0:MrPink|Pluribus|MrWhite|MrBlonde|MrBlue|MrOrange
STATE:233:fr225cffc/ccr570cf/cc/r1631f:4sJs|Ad9s|Ac9d|JhKh|8s8d|9hQh/7d9c2d/3h/6c:-50|845|0|-225|-570|0:Pluribus|MrWhite|MrBlonde|MrBlue|MrOrange|MrPink
STATE:234:r225fffff:Ks8c|6s2h|KdAs|5hJs|2d3c|9h5s:-50|-100|150|0|0|0:MrWhite|MrBlonde|MrBlue|MrOrange|MrPink|Pluribus
STATE:235:fffff:5hQs|3dJd|Kh2c|4h8h|5d4c|7hQc:-50|50|0|0|0|0:MrBlonde|MrBlue|MrOrange|MrPink|Pluribus|MrWhite
STATE:236:fffff:8s4d|8c4s|Ks6c|Jh7c|9sQd|8h4h:-50|50|0|0|0|0:MrBlue|MrOrange|MrPink|Pluribus|MrWhite|MrBlonde
STATE:237:fffff:7cTh|3s6s|2c9d|7sJc|8s4s|3dTd:-50|50|0|0|0|0:MrOrange|MrPink|Pluribus|MrWhite|MrBlonde|MrBlue
STATE:238:ffffr300r900r10000c///:JhJd|KsKc|5dQs|3dTd|8d4s|Ac6d/5c5hKh/Tc/Ts:-10000|10000|0|0|0|0:MrPink|Pluribus|MrWhite|MrBlonde|MrBlue|MrOrange
STATE:239:ffffcc/r200c/cc/cr500f:3h3d|As3s|JsQd|5hJc|8s7h|5s8h/7dThAh/9s/Kd:-200|200|0|0|0|0:Pluribus|MrWhite|MrBlonde|MrBlue|MrOrange|MrPink
STATE:240:fffr200ff:Qc6d|2sTc|Td8c|9c4s|3s2c|AdAs:-50|-100|0|0|0|150:MrWhite|MrBlonde|MrBlue|MrOrange|MrPink|Pluribus
STATE:241:ffffr300f:TdKs|3c6h|2h8d|Tc9h|4d6c|Ts7h:100|-100|0|0|0|0:MrBlonde|MrBlue|MrOrange|MrPink|Pluribus|MrWhite
STATE:242:fffr250ff:2dQs|2h8h|6s3c|8c5s|Ah4c|9dTh:-50|-100|0|0|0|150:MrBlue|MrOrange|MrPink|Pluribus|MrWhite|MrBlonde
STATE:243:r200fffr938fr2150c/cc/r3500c/r10000f:QhQs|Th6s|KdJd|7c8s|Kc2s|Qd3d/8d5cQc/4d/Jc:3600|-100|-3500|0|0|0:MrOrange|MrPink|Pluribus|MrWhite|MrBlonde|MrBlue
STATE:244:fffr275fc/cc/cc/r1175f:Tc2s|9h9d|JhTd|3cQc|7c2d|KhJd/8hAh6h/5s/9s:-50|325|0|0|0|-275:MrPink|Pluribus|MrWhite|MrBlonde|MrBlue|MrOrange
STATE:245:fr225ffff:7h6d|Ts6s|5s9h|QcQh|Th5h|9c5d:-50|-100|0|150|0|0:Pluribus|MrWhite|MrBlonde|MrBlue|MrOrange|MrPink
