# name/game/hands/seed sample_game_109 ../lib/python-client/acpc_infrastructure/holdem.nolimit.6p.game 10000 109
#--t_response 600000000
#--t_hand 600000000
#--t_per_hand 600000000
STATE:0:fr200ffff:Th2s|4sKc|2cJd|9hKh|Tc6d|7dTd:-50|-100|0|150|0|0:MrWhite|MrBlonde|MrBlue|MrOrange|MrPink|Pluribus
STATE:1:cfffcc/ccc/ccc/ccr200ff:Th9d|5sTd|JdKh|Qh9c|Jc5c|8c7h/2h8h3c/Qd/Kc:-100|-100|200|0|0|0:MrBlonde|MrBlue|MrOrange|MrPink|Pluribus|MrWhite
STATE:2:ffffr300f:7c9c|2s3c|Qc8c|5h9s|7d5c|4sQh:100|-100|0|0|0|0:MrBlue|MrOrange|MrPink|Pluribus|MrWhite|MrBlonde
STATE:3:r200ffffc/cr650r1950f:3c3h|8s6s|AhQh|3d6c|9s2h|Tc7c/7s4cAc:-50|700|-650|0|0|0:MrOrange|MrPink|Pluribus|MrWhite|MrBlonde|MrBlue
STATE:4:ffr225cff/r525f:5dJc|9sKd|4cJd|4sTc|KhQc|6d6h/Qd8h2h:-50|-100|0|0|375|-225:MrPink|Pluribus|MrWhite|MrBlonde|MrBlue|MrOrange
STATE:5:r250fffff:Js2h|8s5h|AcTs|Qc7s|3cQs|9h4d:-50|-100|150|0|0|0:Pluribus|MrWhite|MrBlonde|MrBlue|MrOrange|MrPink
STATE:6:ffffr300c/cc/cc/cc:2d2s|8dAc|4hTd|2c7h|9h5s|Jc5h/5d9s6s/Tc/3h:300|-300|0|0|0|0:MrWhite|MrBlonde|MrBlue|MrOrange|MrPink|Pluribus
STATE:7:ffr200fr1050cf/r2300c/r4100c/r10000f:8h8d|QsAs|2h2c|6sJd|9hAh|6d9c/8cKhJs/Ac/7h:4300|-4100|0|0|-200|0:MrBlonde|MrBlue|MrOrange|MrPink|Pluribus|MrWhite
STATE:8:ffffr300c/r500f:Kh8h|5d9d|Kd2s|4dQc|Qs7d|6d9s/6c2c6h:300|-300|0|0|0|0:MrBlue|MrOrange|MrPink|Pluribus|MrWhite|MrBlonde
STATE:9:ffffr350c/cc/cc/cc:4h4s|5s7d|3sTc|3dAs|Td2h|7hQs/8h9dQc/5c/Jd:-350|350|0|0|0|0:MrOrange|MrPink|Pluribus|MrWhite|MrBlonde|MrBlue
STATE:10:fffr200ff:Qs5c|2s8h|4d6h|9c8d|9h3s|5h7h:-50|-100|0|0|0|150:MrPink|Pluribus|MrWhite|MrBlonde|MrBlue|MrOrange
STATE:11:ffffcc/cc/r300c/cr830f:TsKd|9sKc|5h2h|2c6h|3hAc|6dTh/Js4s7d/3s/5c:-300|300|0|0|0|0:Pluribus|MrWhite|MrBlonde|MrBlue|MrOrange|MrPink
STATE:12:fffr200ff:7d5d|9h3s|6h5s|5c8h|8c3c|ThAc:-50|-100|0|0|0|150:MrWhite|MrBlonde|MrBlue|MrOrange|MrPink|Pluribus
STATE:13:ffr225ffc/cr475f:4s8c|Td8s|3s2s|2d9h|TcQs|3c8d/Qh7cJh:-50|-225|0|0|275|0:MrBlonde|MrBlue|MrOrange|MrPink|Pluribus|MrWhite
STATE:14:fffr250r1000fc/r1800c/cc/cr3800c:Ah8h|3s7c|5h7h|6h3h|7dJd|TcKc/2c8dKs/9h/4s:-3800|-100|0|0|0|3900:MrBlue|MrOrange|MrPink|Pluribus|MrWhite|MrBlonde
STATE:15:r225fffcc/ccc/r670cc/ccc:9s9d|3hKh|Qh9h|4cAh|9cJd|4hQc/Tc8s5h/2h/3s:1340|-670|-670|0|0|0:MrOrange|MrPink|Pluribus|MrWhite|MrBlonde|MrBlue
STATE:16:r225ffffc/cc/r475f:Jh6s|9dAc|QsKc|2hAh|KdQc|3s5d/9hTcTh/6h:-50|275|-225|0|0|0:MrPink|Pluribus|MrWhite|MrBlonde|MrBlue|MrOrange
STATE:17:fffr250fc/cr430f:Ks8h|Qs4s|Qd7d|8c5s|Jh9d|Ac8s/5d2sJd:-50|-250|0|0|0|300:Pluribus|MrWhite|MrBlonde|MrBlue|MrOrange|MrPink
STATE:18:fr200ffr700ff:AsKd|7d3d|Jd9h|QcKh|Ts8c|4c3c:300|-100|0|-200|0|0:MrWhite|MrBlonde|MrBlue|MrOrange|MrPink|Pluribus
STATE:19:ffffr300c/r650c/cc/r1650r3400c:QdAc|2c7c|Kd6s|8c4s|7hQc|6c4d/7d5hAd/8d/2d:3400|-3400|0|0|0|0:MrBlonde|MrBlue|MrOrange|MrPink|Pluribus|MrWhite
STATE:20:ffr225ffr1400f:Kc8d|AdAs|Js7d|TdJc|2s2h|Qh4h:-50|275|0|0|-225|0:MrBlue|MrOrange|MrPink|Pluribus|MrWhite|MrBlonde
STATE:21:fffff:Kc4h|6s8h|Qs3s|6hTc|4cKh|4d2c:-50|50|0|0|0|0:MrOrange|MrPink|Pluribus|MrWhite|MrBlonde|MrBlue
STATE:22:ffr225ffc/cr425c/cr1965f:Jh5c|Kd7h|9c6h|4c9h|AhTh|6s2c/KcJdQs/6c:-50|-425|0|0|475|0:MrPink|Pluribus|MrWhite|MrBlonde|MrBlue|MrOrange
STATE:23:ffr200fcc/ccr600ff:2s2d|9cJh|7d4d|3hQh|8s9s|6d5h/AsKs7h:-200|-200|0|0|400|0:Pluribus|MrWhite|MrBlonde|MrBlue|MrOrange|MrPink
STATE:24:ffr210fff:6c7h|8c5s|5c9s|6sKs|5h4h|5d9h:-50|-100|0|0|150|0:MrWhite|MrBlonde|MrBlue|MrOrange|MrPink|Pluribus
STATE:25:ffffr300f:Qc9c|3c9d|3h2d|8d6s|2sTh|Jd8s:100|-100|0|0|0|0:MrBlonde|MrBlue|MrOrange|MrPink|Pluribus|MrWhite
STATE:26:r210ffffc/cr360c/cc/r610c:9hQc|5d7d|8d8h|Kd7h|9s2h|4d2s/Kc2d3d/6s/Jd:-50|660|-610|0|0|0:MrBlue|MrOrange|MrPink|Pluribus|MrWhite|MrBlonde
STATE:27:r200ffffc/cr425f:2c2h|TsTd|AhKc|9c2d|9d4d|8c6s/Qc4cAs:-50|-200|250|0|0|0:MrOrange|MrPink|Pluribus|MrWhite|MrBlonde|MrBlue
STATE:28:r225fcffc/cr587ff:5c9c|TdJd|Ah6h|Qh7d|2d2h|2cKd/3d3h4c:-50|-225|500|0|-225|0:MrPink|Pluribus|MrWhite|MrBlonde|MrBlue|MrOrange
STATE:29:fr225fffc/cr475f:QdJh|7sQs|9s4c|5s5h|2hKc|AhTd/ThAc4h:-50|-225|0|275|0|0:Pluribus|MrWhite|MrBlonde|MrBlue|MrOrange|MrPink
STATE:30:fffr225fc/cc/r625c/cc:Jc3s|6cTc|6sKs|4h3h|6h4d|As8d/7c5d5c/9s/2d:-50|-625|0|0|0|675:MrWhite|MrBlonde|MrBlue|MrOrange|MrPink|Pluribus
STATE:31:ffffr300c/r700c/r1700f:AsJd|5d5h|9s6s|7dTc|Kc3d|9h8s/KhAd8h/6c:700|-700|0|0|0|0:MrBlonde|MrBlue|MrOrange|MrPink|Pluribus|MrWhite
STATE:32:ffr225fr1000ff:QhAd|QdJd|Jc7h|2c6h|KcTs|Ah5s:325|-100|0|0|-225|0:MrBlue|MrOrange|MrPink|Pluribus|MrWhite|MrBlonde
STATE:33:fr225ffff:6c7s|Js5d|Qd4s|Qs9s|Ts6h|5h3s:-50|-100|0|150|0|0:MrOrange|MrPink|Pluribus|MrWhite|MrBlonde|MrBlue
STATE:34:ffr225ffc/cc/cr600f:9s6h|9cKc|6s2s|Qc5s|TdQd|8s4d/2d5hTh/3d:-50|-225|0|0|275|0:MrPink|Pluribus|MrWhite|MrBlonde|MrBlue|MrOrange
STATE:35:r250fffff:9sQs|4h2c|JhKh|9hKs|7h2d|3s5h:-50|-100|150|0|0|0:Pluribus|MrWhite|MrBlonde|MrBlue|MrOrange|MrPink
STATE:36:ffr210fff:Qd6c|7sQh|Jh3h|6h9s|JdTd|4s6d:-50|-100|0|0|150|0:MrWhite|MrBlonde|MrBlue|MrOrange|MrPink|Pluribus
STATE:37:r200ffffc/cr375f:2sJd|AsQh|TcKc|7cAc|9sAh|3s5s/Kd8s6c:-50|-200|250|0|0|0:MrBlonde|MrBlue|MrOrange|MrPink|Pluribus|MrWhite
STATE:38:ffffcr450f:4s9s|8c9c|5d7h|6hQd|7c9d|8d2c:-100|100|0|0|0|0:MrBlue|MrOrange|MrPink|Pluribus|MrWhite|MrBlonde
STATE:39:fffr225r1200ff:9hQh|JsKh|5cQc|Kc3d|8c4h|5sKs:325|-100|0|0|0|-225:MrOrange|MrPink|Pluribus|MrWhite|MrBlonde|MrBlue
STATE:40:r225ffcff/cc/r675c/r1674f:Ad6s|Jh8c|KsQh|2sQd|9h5s|JsQs/5hThQc/Kc/8h:-50|-100|825|0|0|-675:MrPink|Pluribus|MrWhite|MrBlonde|MrBlue|MrOrange
STATE:41:r250ffcfc/ccc/ccc/ccr650ff:3h7c|Qh4h|5h5c|8hTh|7hQs|8dAd/4dKsJd/3c/7d:-50|-250|-250|0|0|550:Pluribus|MrWhite|MrBlonde|MrBlue|MrOrange|MrPink
STATE:42:fr200ffcc/ccc/ccc/ccr600ff:AdTs|As9c|8s6c|9dQd|Jh4d|7h4h/6h2c4c/Ks/7d:-200|-200|0|400|0|0:MrWhite|MrBlonde|MrBlue|MrOrange|MrPink|Pluribus
STATE:43:r200ffffc/cc/r537f:Ks3h|5h4s|QhTh|7c7h|2dJh|Tc9h/5d6c4c/Kh:-50|250|-200|0|0|0:MrBlonde|MrBlue|MrOrange|MrPink|Pluribus|MrWhite
STATE:44:fr250ffcc/ccc/cr650cc/ccr1625fr4200r10000f:ThJh|KhTc|Qh9s|9dJd|4cQd|5hTs/2d6c2h/9h/3d:-650|-4200|0|4850|0|0:MrBlue|MrOrange|MrPink|Pluribus|MrWhite|MrBlonde
STATE:45:fr225fffc/cc/r350c/r1100c:9dQc|7d7c|5c8h|TdAd|JcQs|7s6d/8c9hTc/6h/2s:-50|1150|0|-1100|0|0:MrOrange|MrPink|Pluribus|MrWhite|MrBlonde|MrBlue
STATE:46:fr250fffr1350c/r4100f:4h5h|AhAs|4c2s|AdJd|Tc2c|3sJs/Qs8sKd:-50|1400|0|-1350|0|0:MrPink|Pluribus|MrWhite|MrBlonde|MrBlue|MrOrange
STATE:47:ffr200fcc/ccc/cr600fc/cr1851c:5sKs|8d4d|3c9c|TdAh|3s3h|5d7h/9h6dJc/Kd/7s:2051|-1851|0|0|-200|0:Pluribus|MrWhite|MrBlonde|MrBlue|MrOrange|MrPink
STATE:48:r225fffff:4dTc|TdQh|6s5s|JdQs|4h8h|4s6d:-50|-100|150|0|0|0:MrWhite|MrBlonde|MrBlue|MrOrange|MrPink|Pluribus
STATE:49:fffr225fc/cc/cc/r425f:8dTs|Jd9h|4s6d|Ac4d|5hQc|QdKc/4c7h9c/Ad/3d:-50|275|0|0|0|-225:MrBlonde|MrBlue|MrOrange|MrPink|Pluribus|MrWhite
STATE:50:r210ffffc/cr445c/r845r2585f:5h4s|9sTh|TdQd|9hKh|3s6d|QhTs/Js8h4c/4h:-50|-845|895|0|0|0:MrBlue|MrOrange|MrPink|Pluribus|MrWhite|MrBlonde
STATE:51:fffr225ff:7hQd|3dJh|3s9c|6c2h|8hJs|4hQh:-50|-100|0|0|0|150:MrOrange|MrPink|Pluribus|MrWhite|MrBlonde|MrBlue
STATE:52:fr250fffr1350f:Qc5s|KdQd|Ac8s|6s6h|3d6d|4cKh:-50|300|0|-250|0|0:MrPink|Pluribus|MrWhite|MrBlonde|MrBlue|MrOrange
STATE:53:fffr250cf/cc/cc/cr550c:5h5d|2s6c|9d2h|6sTh|8dKh|As6d/Jd4d8h/9c/Ad:-550|-100|0|0|0|650:Pluribus|MrWhite|MrBlonde|MrBlue|MrOrange|MrPink
STATE:54:r225fffff:2cKs|3d2s|9cAc|8dQc|6c9s|TcQd:-50|-100|150|0|0|0:MrWhite|MrBlonde|MrBlue|MrOrange|MrPink|Pluribus
STATE:55:fr210r750r2333ffff:8h7c|Jh6s|Kc3h|8d8c|9h9c|KhKs:-50|-100|0|-210|-750|1110:MrBlonde|MrBlue|MrOrange|MrPink|Pluribus|MrWhite
STATE:56:ffr225r700ffr2250f:8h4d|2h4c|Th8c|7sTd|KhKs|Kd9d:-50|-100|0|0|850|-700:MrBlue|MrOrange|MrPink|Pluribus|MrWhite|MrBlonde
STATE:57:r200fffcr1200cc/cr2400cf/cc/r10000f:QhAh|QdQc|AsKs|3s4s|7hKh|Tc8d/2s6d2d/7c/4d:-1200|3600|-2400|0|0|0:MrOrange|MrPink|Pluribus|MrWhite|MrBlonde|MrBlue
STATE:58:fffr300ff:8cJs|Tc4h|9cQd|5cTh|5s7c|3d3h:-50|-100|0|0|0|150:MrPink|Pluribus|MrWhite|MrBlonde|MrBlue|MrOrange
STATE:59:ffr225fff:4sQd|7h2s|8cJs|Ts6s|QcTh|9c2h:-50|-100|0|0|150|0:Pluribus|MrWhite|MrBlonde|MrBlue|MrOrange|MrPink
STATE:60:fr200fr750fff:9c7d|4sJc|2sTh|KhJd|4dKc|QhAd:-50|-100|0|-200|0|350:MrWhite|MrBlonde|MrBlue|MrOrange|MrPink|Pluribus
STATE:61:ffffr300f:Qc5c|Ts6d|8dKs|4sAd|Qh9s|7s3s:100|-100|0|0|0|0:MrBlonde|MrBlue|MrOrange|MrPink|Pluribus|MrWhite
STATE:62:fr225ffff:Ad4c|4h2h|8d7h|QdKc|2s9s|9hKd:-50|-100|0|150|0|0:MrBlue|MrOrange|MrPink|Pluribus|MrWhite|MrBlonde
STATE:63:ffffr350c/r600c/r1500f:KdJd|6dAs|4d5h|Ac2h|9d2c|9h6c/Jh3sTs/7d:600|-600|0|0|0|0:MrOrange|MrPink|Pluribus|MrWhite|MrBlonde|MrBlue
STATE:64:ffffcr250c/cc/cc/r600f:QhJc|8d8c|Jd2c|3sKd|6d8h|8s9h/AhKhTh/4h/Qd:250|-250|0|0|0|0:MrPink|Pluribus|MrWhite|MrBlonde|MrBlue|MrOrange
STATE:65:ffr225ffr725r2200r10000c///:Jc2s|KdKs|2dTh|Jd3c|AsAd|8h6h/Jh7c9h/6s/Ts:-50|-10000|0|0|10050|0:Pluribus|MrWhite|MrBlonde|MrBlue|MrOrange|MrPink
STATE:66:ffffr300r1000f:3dQd|TcTd|6sAc|8c2c|2h6h|Qc7d:-300|300|0|0|0|0:MrWhite|MrBlonde|MrBlue|MrOrange|MrPink|Pluribus
STATE:67:ffr200ffc/cr425c/cr2225c/cc:Qs7c|Qh9c|2s5c|5d7d|9s7s|9dKc/TsQc4h/8s/3h:-50|2275|0|0|-2225|0:MrBlonde|MrBlue|MrOrange|MrPink|Pluribus|MrWhite
STATE:68:r210fffff:4dTs|Ah3d|AcQs|9c2c|5s7c|4c8d:-50|-100|150|0|0|0:MrBlue|MrOrange|MrPink|Pluribus|MrWhite|MrBlonde
STATE:69:ffr250fff:4sJc|Ts5c|Jh2d|Ah7c|Ac3c|8hKh:-50|-100|0|0|150|0:MrOrange|MrPink|Pluribus|MrWhite|MrBlonde|MrBlue
STATE:70:r225fffr1050fc/r1750f:QhAc|2cKh|AhTh|8h9s|4sTc|2h6h/Kc8c8d:1150|-100|-1050|0|0|0:MrPink|Pluribus|MrWhite|MrBlonde|MrBlue|MrOrange
STATE:71:fffff:4dJs|4sAc|2h9d|TcJd|5s7s|Kd3s:-50|50|0|0|0|0:Pluribus|MrWhite|MrBlonde|MrBlue|MrOrange|MrPink
STATE:72:fffff:5c3c|9cAh|4sJh|7hJd|3h9h|8dQs:-50|50|0|0|0|0:MrWhite|MrBlonde|MrBlue|MrOrange|MrPink|Pluribus
STATE:73:fr210r681fffr1993r3667r10000c///:7cJd|2cAh|Qh2s|QsQc|AcKs|5s9h/8h3c5h/7s/3s:-50|-100|0|10150|-10000|0:MrBlonde|MrBlue|MrOrange|MrPink|Pluribus|MrWhite
STATE:74:fr200ffff:Kh7s|Jh4s|2hQh|7c6c|6d3c|9h8s:-50|-100|0|150|0|0:MrBlue|MrOrange|MrPink|Pluribus|MrWhite|MrBlonde
STATE:75:fffr225fc/cr475f:3cAs|Kd7d|9sAh|4hAc|6cJc|Ts7s/9h6hQs:-50|-225|0|0|0|275:MrOrange|MrPink|Pluribus|MrWhite|MrBlonde|MrBlue
STATE:76:ffr225ffr1225c/cr2225f:Kc4s|KsAs|2h5s|8hJc|3c3d|7h5h/Td7s6d:-50|-1225|0|0|1275|0:MrPink|Pluribus|MrWhite|MrBlonde|MrBlue|MrOrange
STATE:77:fr225fffc/cr425f:Ks9c|Ac3s|7d8s|AsJd|6d4s|Jc9h/KcQh8d:-50|-225|0|275|0|0:Pluribus|MrWhite|MrBlonde|MrBlue|MrOrange|MrPink
STATE:78:fffff:Qc2h|9h7d|4c2c|3h2d|5cKh|Qd7s:-50|50|0|0|0|0:MrWhite|MrBlonde|MrBlue|MrOrange|MrPink|Pluribus
STATE:79:fffff:4d7s|5d2d|Kd8d|3c8c|5hQd|7cJs:-50|50|0|0|0|0:MrBlonde|MrBlue|MrOrange|MrPink|Pluribus|MrWhite
STATE:80:fr250ffcf/cc/cr550f:JdAh|7c2d|Ks5c|AdKh|3d5s|9d4c/3c9h5h/5d:-250|-100|0|350|0|0:MrBlue|MrOrange|MrPink|Pluribus|MrWhite|MrBlonde
STATE:81:fr225ffff:Jd9c|6h3d|8h4h|6c7c|Ts4s|ThAc:-50|-100|0|150|0|0:MrOrange|MrPink|Pluribus|MrWhite|MrBlonde|MrBlue
STATE:82:ffr225fr1050fc/r2450c/cc/cc:JsKs|QhTd|7hKd|3d5d|3hAh|7d8s/AcQd9h/5h/4c:-2450|-100|0|0|2550|0:MrPink|Pluribus|MrWhite|MrBlonde|MrBlue|MrOrange
STATE:83:fffff:5hJd|AhTs|Js8c|7d3c|3hAc|Th5s:-50|50|0|0|0|0:Pluribus|MrWhite|MrBlonde|MrBlue|MrOrange|MrPink
STATE:84:fffr200ff:4s9c|7c4d|Ah6c|9d2h|8cQh|TsJd:-50|-100|0|0|0|150:MrWhite|MrBlonde|MrBlue|MrOrange|MrPink|Pluribus
STATE:85:fffr225fr1000c/cc/cr2537f:2h3s|3c6c|5c2d|8d6d|Ac7s|9cJc/Ah7hKs/8h:-50|-1000|0|0|0|1050:MrBlonde|MrBlue|MrOrange|MrPink|Pluribus|MrWhite
STATE:86:ffr225cr1300fff:QdAh|7d6d|7h3c|Kh2h|7s7c|TsJs:550|-100|0|0|-225|-225:MrBlue|MrOrange|MrPink|Pluribus|MrWhite|MrBlonde
STATE:87:fffr225fc/cc/r925f:3s3c|5h4c|2cKs|Kh4d|Kd3d|7hAs/QhTcAd/3h:-50|275|0|0|0|-225:MrOrange|MrPink|Pluribus|MrWhite|MrBlonde|MrBlue
STATE:88:ffffcr300c/cr600f:As5c|8h7d|6d9d|6cAd|6h4d|Jh2s/9h4c6s:-300|300|0|0|0|0:MrPink|Pluribus|MrWhite|MrBlonde|MrBlue|MrOrange
STATE:89:fr225ffff:2c3s|6c8d|9cKh|AcAh|ThQs|4c3d:-50|-100|0|150|0|0:Pluribus|MrWhite|MrBlonde|MrBlue|MrOrange|MrPink
STATE:90:ffr210fr730fc/cc/cr1530f:Ac2c|6h6c|KsJc|Qc7d|Ts9s|Js3s/Qh4h7s/Qs:-730|-100|0|0|830|0:MrWhite|MrBlonde|MrBlue|MrOrange|MrPink|Pluribus
STATE:91:fr210ffr1010fc/cr1860c/cc/cc:TsTd|Kh4h|9h3c|6s7s|2c5c|3sQd/6h5d9d/Ah/Kd:1960|-100|0|-1860|0|0:MrBlonde|MrBlue|MrOrange|MrPink|Pluribus|MrWhite
STATE:92:fr200ffcf/cc/cr450c/cc:4d3d|8d6c|4sTs|AcJd|6h2c|As2d/9d3s2s/Td/5s:550|-100|0|-450|0|0:MrBlue|MrOrange|MrPink|Pluribus|MrWhite|MrBlonde
STATE:93:fffr225fc/cc/cr500f:5d3c|9dAc|3d5h|8d4h|9s6h|ThJd/7h7c5c/3s:-50|-225|0|0|0|275:MrOrange|MrPink|Pluribus|MrWhite|MrBlonde|MrBlue
STATE:94:fffr300fr1535r3050f:Jd7h|9cJc|7cAd|5sQd|Jh6c|Ah3h:-50|-1535|0|0|0|1585:MrPink|Pluribus|MrWhite|MrBlonde|MrBlue|MrOrange
STATE:95:fr225fffc/cr425c/cc/r1325f:Td9h|QcJh|Ad7h|4d3d|8d5d|Qd6s/AsJdJc/Kh/Kd:-50|475|0|-425|0|0:Pluribus|MrWhite|MrBlonde|MrBlue|MrOrange|MrPink
STATE:96:fffff:8d7c|5s2c|8s3s|6d9d|4d6c|8c4h:-50|50|0|0|0|0:MrWhite|MrBlonde|MrBlue|MrOrange|MrPink|Pluribus
STATE:97:ffr200ffc/cc/cc/cr425f:4d7d|6cAc|Qs7s|Kh2c|ThAh|2s5h/8sQc8c/Js/5s:-50|-200|0|0|250|0:MrBlonde|MrBlue|MrOrange|MrPink|Pluribus|MrWhite
STATE:98:ffr225fff:7sJh|Kh2d|Qh6d|4dJc|As4s|Tc9h:-50|-100|0|0|150|0:MrBlue|MrOrange|MrPink|Pluribus|MrWhite|MrBlonde
STATE:99:fr225r750ffff:5c8s|2sKs|Qc3s|7d7h|ThQh|4hAd:-50|-100|0|-225|375|0:MrOrange|MrPink|Pluribus|MrWhite|MrBlonde|MrBlue
STATE:100:fr250ffff:JcTh|9s6h|As9h|AdJh|4c8c|8h3d:-50|-100|0|150|0|0:MrPink|Pluribus|MrWhite|MrBlonde|MrBlue|MrOrange
STATE:101:fffr250cf/cc/r1450c/r2950c:Jh9h|4d8s|5c3s|Th4c|6hQd|KsJc/4hKh6c/Td/Ad:-2950|-100|0|0|0|3050:Pluribus|MrWhite|MrBlonde|MrBlue|MrOrange|MrPink
STATE:102:ffffr300c/r600c/r1200c/r2100c:9hJc|9c7d|5c2c|8s3h|2hTc|4h3c/JsJh7s/Jd/Kc:2100|-2100|0|0|0|0:MrWhite|MrBlonde|MrBlue|MrOrange|MrPink|Pluribus
STATE:103:fr210fffc/cr360r745f:Ts7d|7s6c|3hTc|9dKd|4c8d|Th2c/JdJs6s:-50|410|0|-360|0|0:MrBlonde|MrBlue|MrOrange|MrPink|Pluribus|MrWhite
STATE:104:fffff:Tc6h|Jc4d|7s8d|5s7h|5c2h|5dTs:-50|50|0|0|0|0:MrBlue|MrOrange|MrPink|Pluribus|MrWhite|MrBlonde
STATE:105:fffff:Jh4c|5d2h|2c4h|9c6h|8s3s|9d5h:-50|50|0|0|0|0:MrOrange|MrPink|Pluribus|MrWhite|MrBlonde|MrBlue
STATE:106:r225fffff:6h3c|Jh4c|2c2h|9h8d|Ks5c|9cQd:-50|-100|150|0|0|0:MrPink|Pluribus|MrWhite|MrBlonde|MrBlue|MrOrange
STATE:107:ffffcc/r200f:9cTs|4c6d|2s9h|8dQh|Jc6h|7d3s/TdAdTc:100|-100|0|0|0|0:Pluribus|MrWhite|MrBlonde|MrBlue|MrOrange|MrPink
STATE:108:fffr250r850fc/cc/cc/cr2200f:TcQd|7cJs|3h2c|9hJd|8c9d|KdAd/2h5hKh/6d/3d:-850|-100|0|0|0|950:MrWhite|MrBlonde|MrBlue|MrOrange|MrPink|Pluribus
STATE:109:fffr225fr1000c/r1800f:4cQd|AcKh|2cTc|6dTd|2hAs|8sQs/Kc5cAd:-50|1050|0|0|0|-1000:MrBlonde|MrBlue|MrOrange|MrPink|Pluribus|MrWhite
STATE:110:fffr250r1050fc/r2590f:AhAd|Kd3d|3sTs|2c4d|Jd7h|JsKs/5c7s4c:1150|-100|0|0|0|-1050:MrBlue|MrOrange|MrPink|Pluribus|MrWhite|MrBlonde
STATE:111:fffff:Ah5d|8s6s|Ks4h|Ad9s|Th6d|2s5s:-50|50|0|0|0|0:MrOrange|MrPink|Pluribus|MrWhite|MrBlonde|MrBlue
STATE:112:r225fffff:8hJh|3dJd|9c9d|5h8s|Tc9s|6hQs:-50|-100|150|0|0|0:MrPink|Pluribus|MrWhite|MrBlonde|MrBlue|MrOrange
STATE:113:ffr225fcc/ccc/ccc/ccc:8cKc|4cKh|4h2c|Jd7c|AhTc|4sJs/7d6s6d/7s/8s:450|-225|0|0|-225|0:Pluribus|MrWhite|MrBlonde|MrBlue|MrOrange|MrPink
STATE:114:fffff:5c2c|2d9c|9dKc|2sAd|9h6s|5sTc:-50|50|0|0|0|0:MrWhite|MrBlonde|MrBlue|MrOrange|MrPink|Pluribus
STATE:115:fr210fffc/cc/r400c/r1037c:5hAc|QcJs|Qs5c|ThJh|Td6h|Ad4c/7h7s3c/Jd/Qd:-50|1087|0|-1037|0|0:MrBlonde|MrBlue|MrOrange|MrPink|Pluribus|MrWhite
STATE:116:fr200fffc/cr425r900c/cr1362c/cc:Jd8c|As7d|Tc6d|QsJs|2c6c|2dQh/7s5c6s/Jc/9c:-50|-1362|0|1412|0|0:MrBlue|MrOrange|MrPink|Pluribus|MrWhite|MrBlonde
STATE:117:fffr225fc/cc/r375r975f:Ah6d|8s7d|6c7c|3dTs|Jd4s|KsJs/3s5dAs/2s:-50|-375|0|0|0|425:MrOrange|MrPink|Pluribus|MrWhite|MrBlonde|MrBlue
STATE:118:fffff:7d4h|9dQh|Jc5h|3s6h|Jh9c|Qd2d:-50|50|0|0|0|0:MrPink|Pluribus|MrWhite|MrBlonde|MrBlue|MrOrange
STATE:119:fr225ffff:8cJs|4hQs|9s6d|Ah9h|Ts4c|Qd2c:-50|-100|0|150|0|0:Pluribus|MrWhite|MrBlonde|MrBlue|MrOrange|MrPink
STATE:120:fffff:Jc2d|7c2c|9d8s|6sJs|8dQs|Kd5c:-50|50|0|0|0|0:MrWhite|MrBlonde|MrBlue|MrOrange|MrPink|Pluribus
STATE:121:fffr225r1025ff:QdJd|Th6h|4cAd|2s9s|Jc5c|4hKh:325|-100|0|0|0|-225:MrBlonde|MrBlue|MrOrange|MrPink|Pluribus|MrWhite
STATE:122:ffffcc/cr200f:As4c|Kc4h|5dKd|Th2d|6c2h|2c5h/5c8d9c:-100|100|0|0|0|0:MrBlue|MrOrange|MrPink|Pluribus|MrWhite|MrBlonde
STATE:123:fffr225r1150fc/r1850f:JdAh|Kc5c|6hKs|8cQc|4s7d|Th9h/Ad5s4c:1250|-100|0|0|0|-1150:MrOrange|MrPink|Pluribus|MrWhite|MrBlonde|MrBlue
STATE:124:ffffcc/r200c/r800c/r2000f:9s6s|QdJc|5s3s|3dQh|Kh7d|5d9c/TsKc4s/5c/8s:800|-800|0|0|0|0:MrPink|Pluribus|MrWhite|MrBlonde|MrBlue|MrOrange
STATE:125:ffr225fff:4h7c|Jd5h|8cAd|6s7d|5s5c|Jc3c:-50|-100|0|0|150|0:Pluribus|MrWhite|MrBlonde|MrBlue|MrOrange|MrPink
STATE:126:r225fffff:AcJs|9hTd|5c6c|7s2s|2c3d|Qh8c:-50|-100|150|0|0|0:MrWhite|MrBlonde|MrBlue|MrOrange|MrPink|Pluribus
STATE:127:r200ffffc/cr350c/cc/r1450f:4c4s|6c9s|As2s|6h2d|5h3s|Ts7c/Ks9c2h/Qd/8d:-50|400|-350|0|0|0:MrBlonde|MrBlue|MrOrange|MrPink|Pluribus|MrWhite
STATE:128:fr250ffff:AhJc|As7d|2d6h|TcKd|Qd4c|Th8h:-50|-100|0|150|0|0:MrBlue|MrOrange|MrPink|Pluribus|MrWhite|MrBlonde
STATE:129:fffff:7cQd|8h6d|Qc2h|3cAh|Td6c|4s5c:-50|50|0|0|0|0:MrOrange|MrPink|Pluribus|MrWhite|MrBlonde|MrBlue
STATE:130:r225fffr1050ff:Ah8h|3c4d|6s5s|2h8c|JsTd|5d2c:325|-100|-225|0|0|0:MrPink|Pluribus|MrWhite|MrBlonde|MrBlue|MrOrange
STATE:131:r250ffr1050fff:Ts2h|2d9c|Ac7c|5d9s|AdJh|8c3d:-50|-100|-250|0|0|400:Pluribus|MrWhite|MrBlonde|MrBlue|MrOrange|MrPink
STATE:132:fffr225fc/cr475c/cr1975c/cr7975f:KdJs|Ah6s|5cJc|4cJd|7c6c|5s4s/9c9h8h/4h/2c:-50|-1975|0|0|0|2025:MrWhite|MrBlonde|MrBlue|MrOrange|MrPink|Pluribus
STATE:133:fffff:4cAh|4h2s|8d4d|5h9s|3sJh|Qc2d:-50|50|0|0|0|0:MrBlonde|MrBlue|MrOrange|MrPink|Pluribus|MrWhite
STATE:134:fr200cffc/ccr599fc/r961r2500f:8cQs|4cAc|2s3d|JsKs|3c3h|6sAs/Td9c3s/9s:-50|-200|0|-961|1211|0:MrBlue|MrOrange|MrPink|Pluribus|MrWhite|MrBlonde
STATE:135:ffr250fff:Tc4h|4dQh|Qc5h|8h3d|AhQd|2s5s:-50|-100|0|0|150|0:MrOrange|MrPink|Pluribus|MrWhite|MrBlonde|MrBlue
STATE:136:r225fffff:Tc7s|2hJc|KcAc|3d6c|2c8c|As5d:-50|-100|150|0|0|0:MrPink|Pluribus|MrWhite|MrBlonde|MrBlue|MrOrange
STATE:137:ffr225cfc/cr500ff:9cKh|6h5s|4s3d|8d4h|7cAc|Th8h/Qc7d5h:-50|-225|0|0|500|-225:Pluribus|MrWhite|MrBlonde|MrBlue|MrOrange|MrPink
STATE:138:fr200r650fffc/cr1000c/cc/cr3150f:Jc9c|4hJs|Ts2d|Ad9d|JhAc|3d8h/AhQh9h/5c/Th:-50|-100|0|-1000|1150|0:MrWhite|MrBlonde|MrBlue|MrOrange|MrPink|Pluribus
STATE:139:fr210cffc/ccr550fc/cr1230f:2dAd|4h6s|Th8h|JcTc|Ac6c|Qd4c/7dKcJd/6d:-50|-210|0|-550|810|0:MrBlonde|MrBlue|MrOrange|MrPink|Pluribus|MrWhite
STATE:140:ffffcc/cc/cc/cc:QsTh|7d3c|9dTs|4dQc|9sTc|2s6c/4s8dKs/4h/3s:-100|100|0|0|0|0:MrBlue|MrOrange|MrPink|Pluribus|MrWhite|MrBlonde
STATE:141:fr225ffff:Td6h|6d8h|8c7c|5d5c|4sQd|4h5s:-50|-100|0|150|0|0:MrOrange|MrPink|Pluribus|MrWhite|MrBlonde|MrBlue
STATE:142:ffr225ffc/cr475f:Ah6d|7d7h|Qd8s|Jd3s|ThQh|3d2d/Kd3cAd:-50|-225|0|0|275|0:MrPink|Pluribus|MrWhite|MrBlonde|MrBlue|MrOrange
STATE:143:r250ffffc/cr600c/cc/cr1600c:9cAh|7cTd|JsJh|5s3s|2sKh|2h8c/4hTs9h/6c/Qs:-50|-1600|1650|0|0|0:Pluribus|MrWhite|MrBlonde|MrBlue|MrOrange|MrPink
STATE:144:fffr200fc/cc/cc/cc:9c5c|4dAd|5hKs|8h4h|Ac5s|7h7s/4sKd9d/6h/Jd:-50|250|0|0|0|-200:MrWhite|MrBlonde|MrBlue|MrOrange|MrPink|Pluribus
STATE:145:ffr250ffc/cr525f:2cQd|6s4c|4h7h|7sKh|KsJs|3dJh/9cQcTd:-50|-250|0|0|300|0:MrBlonde|MrBlue|MrOrange|MrPink|Pluribus|MrWhite
STATE:146:r210fffcf/cr470r1250c/r3650r10000c/:2s2d|Qh4d|6c5c|9dAs|Ad5h|8c7s/7h5d2c/4c/4h:10100|-100|-10000|0|0|0:MrBlue|MrOrange|MrPink|Pluribus|MrWhite|MrBlonde
STATE:147:ffr250fff:3s4c|Ac2h|8h3d|Qd6s|JdAh|JsKh:-50|-100|0|0|150|0:MrOrange|MrPink|Pluribus|MrWhite|MrBlonde|MrBlue
STATE:148:ffr225fff:6dAh|9c4s|8dKh|Th2h|TdJc|7dKc:-50|-100|0|0|150|0:MrPink|Pluribus|MrWhite|MrBlonde|MrBlue|MrOrange
STATE:149:fr225fffc/cc/cr525c/cr1375c:6dTc|ThAc|2c3h|QdAh|5c8s|Jc3d/4s9c2h/As/Kc:-50|-1375|0|1425|0|0:Pluribus|MrWhite|MrBlonde|MrBlue|MrOrange|MrPink
STATE:150:fffff:2dTd|5c6c|TsQd|Qc3c|8sKh|As2c:-50|50|0|0|0|0:MrWhite|MrBlonde|MrBlue|MrOrange|MrPink|Pluribus
STATE:151:fffff:9d3c|8c7h|8h6d|9s2h|9hTd|8s7c:-50|50|0|0|0|0:MrBlonde|MrBlue|MrOrange|MrPink|Pluribus|MrWhite
STATE:152:fffr250ff:3cAd|5h2c|3hJh|Kd3d|9h6d|AcKh:-50|-100|0|0|0|150:MrBlue|MrOrange|MrPink|Pluribus|MrWhite|MrBlonde
STATE:153:fffff:6sTh|Qh2c|5h9c|Ad9s|7s3c|6h8s:-50|50|0|0|0|0:MrOrange|MrPink|Pluribus|MrWhite|MrBlonde|MrBlue
STATE:154:r225fffff:5h4c|4dJs|9c9s|6s4s|9dTc|Ts6h:-50|-100|150|0|0|0:MrPink|Pluribus|MrWhite|MrBlonde|MrBlue|MrOrange
STATE:155:fffr250ff:2sJs|6c6d|4c8s|As4h|5cKh|Ah8h:-50|-100|0|0|0|150:Pluribus|MrWhite|MrBlonde|MrBlue|MrOrange|MrPink
STATE:156:ffr210r612ffc/r1032c/r1732c/cc:3h5c|3d6s|As2c|Jh3c|AcQs|TsAh/9sTdJs/3s/2h:-50|-100|0|0|-1732|1882:MrWhite|MrBlonde|MrBlue|MrOrange|MrPink|Pluribus
STATE:157:fffff:4sTc|3s4c|KdTh|4d8s|Ks8c|7sTd:-50|50|0|0|0|0:MrBlonde|MrBlue|MrOrange|MrPink|Pluribus|MrWhite
STATE:158:fffr250fc/cr550c/cc/cr1300f:3h9h|5hAh|3c8d|2cKd|2sTh|6d3d/7sQh4h/7c/9s:-50|-550|0|0|0|600:MrBlue|MrOrange|MrPink|Pluribus|MrWhite|MrBlonde
STATE:159:r287ffffc/cc/r687c/r2111f:3sQd|TcQh|5s5c|7h9c|Qs2c|2d7d/JhJs4c/9d/Kh:-50|737|-687|0|0|0:MrOrange|MrPink|Pluribus|MrWhite|MrBlonde|MrBlue
STATE:160:fr250ffff:6h9s|Tc3c|QcTs|Ad4d|Kd9h|3dKs:-50|-100|0|150|0|0:MrPink|Pluribus|MrWhite|MrBlonde|MrBlue|MrOrange
STATE:161:fffr250fc/cr850c/cr2850f:5hJh|QhTc|Ks4d|5d2d|Qs8d|6sAd/6cQdAh/7c:-50|-850|0|0|0|900:Pluribus|MrWhite|MrBlonde|MrBlue|MrOrange|MrPink
STATE:162:fffff:4s8h|9hJc|8s2h|3hJh|Tc4d|3sTd:-50|50|0|0|0|0:MrWhite|MrBlonde|MrBlue|MrOrange|MrPink|Pluribus
STATE:163:r200fffff:5dJc|5sJd|KdKh|6c8d|7s3d|6d2d:-50|-100|150|0|0|0:MrBlonde|MrBlue|MrOrange|MrPink|Pluribus|MrWhite
STATE:164:fffr250ff:9h5c|2c8s|2d9d|TdKs|8hJd|TcKc:-50|-100|0|0|0|150:MrBlue|MrOrange|MrPink|Pluribus|MrWhite|MrBlonde
STATE:165:fffff:2d6d|3cTd|7hQs|Kd7d|Qh2c|7s9d:-50|50|0|0|0|0:MrOrange|MrPink|Pluribus|MrWhite|MrBlonde|MrBlue
STATE:166:fffff:Jh4c|Kh6c|2dTs|4s3h|8c7s|9s6s:-50|50|0|0|0|0:MrPink|Pluribus|MrWhite|MrBlonde|MrBlue|MrOrange
STATE:167:ffffr250f:3sQs|2s7h|5s2c|8s6s|5c9c|4sQc:100|-100|0|0|0|0:Pluribus|MrWhite|MrBlonde|MrBlue|MrOrange|MrPink
STATE:168:fffff:3s2d|4hAc|Ks5d|2s9c|Tc6d|Jh2h:-50|50|0|0|0|0:MrWhite|MrBlonde|MrBlue|MrOrange|MrPink|Pluribus
STATE:169:ffffr300f:9c8h|Kd2s|5sQs|7hQh|Qc7d|Jd3c:100|-100|0|0|0|0:MrBlonde|MrBlue|MrOrange|MrPink|Pluribus|MrWhite
STATE:170:ffr225fr1100ff:9dKd|2d5d|8c2h|9c7d|6h6d|4sQc:325|-100|0|0|-225|0:MrBlue|MrOrange|MrPink|Pluribus|MrWhite|MrBlonde
STATE:171:fr225cfff/r525c/cc/cc:Qd3h|7dTh|7hQh|9d9s|7c7s|9hTc/AhAcAd/Ks/8h:-50|-100|0|675|-525|0:MrOrange|MrPink|Pluribus|MrWhite|MrBlonde|MrBlue
STATE:172:r225fffff:Ks3d|3c4s|2c2s|5d8d|4dJh|KhTs:-50|-100|150|0|0|0:MrPink|Pluribus|MrWhite|MrBlonde|MrBlue|MrOrange
STATE:173:fffr250ff:Qh2h|2s3h|3dTd|7c8s|6hTc|8h9s:-50|-100|0|0|0|150:Pluribus|MrWhite|MrBlonde|MrBlue|MrOrange|MrPink
STATE:174:ffffr300f:As7c|2dTc|Ah6c|9h4c|Qc5s|9c2s:100|-100|0|0|0|0:MrWhite|MrBlonde|MrBlue|MrOrange|MrPink|Pluribus
STATE:175:fr210fffc/cr560f:9c4s|8c7s|6dJh|TcAc|4c7c|Ah6c/Qh5hJs:-50|-210|0|260|0|0:MrBlonde|MrBlue|MrOrange|MrPink|Pluribus|MrWhite
STATE:176:ffffcc/cc/cc/r250f:JcJh|9h8s|9c4s|6dQs|6h7s|Th5h/Kd7c5d/Qc/Js:100|-100|0|0|0|0:MrBlue|MrOrange|MrPink|Pluribus|MrWhite|MrBlonde
STATE:177:r200fffff:Jc2c|6sQd|AcKs|6cTh|5s4d|Ts3h:-50|-100|150|0|0|0:MrOrange|MrPink|Pluribus|MrWhite|MrBlonde|MrBlue
STATE:178:fr250ffff:5h3d|7hKc|Jc3h|AdTd|2s8s|3cQd:-50|-100|0|150|0|0:MrPink|Pluribus|MrWhite|MrBlonde|MrBlue|MrOrange
STATE:179:fffr250ff:6dJs|8s6h|3c8h|3d2s|9hKc|JdTh:-50|-100|0|0|0|150:Pluribus|MrWhite|MrBlonde|MrBlue|MrOrange|MrPink
STATE:180:r225ffr825ffc/cr1275c/cc/cr3300c:2dKs|9c6c|JsJc|3c2s|7cQh|ThTd/8cKc7d/8d/3d:-50|-100|3450|0|0|-3300:MrWhite|MrBlonde|MrBlue|MrOrange|MrPink|Pluribus
STATE:181:ffr200fff:7c4c|3d2s|Jd8c|5sQc|Kd9d|Ts8h:-50|-100|0|0|150|0:MrBlonde|MrBlue|MrOrange|MrPink|Pluribus|MrWhite
STATE:182:r210fffff:5cKd|7sTh|6c6d|TdJc|9hKs|Ad5s:-50|-100|150|0|0|0:MrBlue|MrOrange|MrPink|Pluribus|MrWhite|MrBlonde
STATE:183:fr225fffc/cr475f:6dKd|KhJs|5hAs|JhAh|5c7s|JdTs/5s6s6h:-50|-225|0|275|0|0:MrOrange|MrPink|Pluribus|MrWhite|MrBlonde|MrBlue
STATE:184:fr250ffff:4s5c|6c2c|4d2s|QcKh|Th3h|Kd2h:-50|-100|0|150|0|0:MrPink|Pluribus|MrWhite|MrBlonde|MrBlue|MrOrange
STATE:185:fffff:8s3c|3d5s|3s6s|4dJc|7h9d|2s8h:-50|50|0|0|0|0:Pluribus|MrWhite|MrBlonde|MrBlue|MrOrange|MrPink
STATE:186:fffff:Ks2d|Td6s|3dAs|8c4d|Kd2s|3h9s:-50|50|0|0|0|0:MrWhite|MrBlonde|MrBlue|MrOrange|MrPink|Pluribus
STATE:187:r200ffcfc/ccr687r1850fc/r3825c/cc:6sKh|7d5c|Ac9c|JdAh|8d5d|TsTc/9h6c8s/Td/Qc:-50|4075|-200|0|0|-3825:MrBlonde|MrBlue|MrOrange|MrPink|Pluribus|MrWhite
STATE:188:fr225ffff:Jd9c|9d7s|4h9h|Ks9s|3h5h|2hTc:-50|-100|0|150|0|0:MrBlue|MrOrange|MrPink|Pluribus|MrWhite|MrBlonde
STATE:189:ffffr300c/r450c/cr900f:AdKd|Kc4h|9s5s|2sTs|Qs2c|8h3c/Jd7h3h/6s:-450|450|0|0|0|0:MrOrange|MrPink|Pluribus|MrWhite|MrBlonde|MrBlue
STATE:190:fffff:4dTs|8h4s|Tc2s|8c7h|9sTh|2c5s:-50|50|0|0|0|0:MrPink|Pluribus|MrWhite|MrBlonde|MrBlue|MrOrange
STATE:191:fr225fffc/cr475c/cc/r1475f:Js2s|9c7d|Jc8c|Ah7h|TcQs|Ad8h/4s9sTh/7c/Kd:-50|525|0|-475|0|0:Pluribus|MrWhite|MrBlonde|MrBlue|MrOrange|MrPink
STATE:192:ffffr300c/r750f:KdKh|Kc6h|Jh8s|6c3c|5d6s|3d4d/5s2s7s:300|-300|0|0|0|0:MrWhite|MrBlonde|MrBlue|MrOrange|MrPink|Pluribus
STATE:193:ffr200ffc/cc/cc/r537c:2h6h|4hKh|6d7d|2s6s|JsKs|5dTs/7c7s9h/7h/Kc:-50|25|0|0|25|0:MrBlonde|MrBlue|MrOrange|MrPink|Pluribus|MrWhite
STATE:194:fffr250fc/cc/cc/cc:3c9h|AsQd|9c6d|3h5s|8c2c|5cAd/9d6cJd/8s/9s:-50|300|0|0|0|-250:MrBlue|MrOrange|MrPink|Pluribus|MrWhite|MrBlonde
STATE:195:ffffr300c/cr600c/cr1400c/cr4200c:JdAc|ThQd|2dTc|7sKs|4s9h|8hKd/6h6sTs/3d/3c:-4200|4200|0|0|0|0:MrOrange|MrPink|Pluribus|MrWhite|MrBlonde|MrBlue
STATE:196:fffff:6s2d|8c5s|7s4s|5cJh|9h3s|5hJd:-50|50|0|0|0|0:MrPink|Pluribus|MrWhite|MrBlonde|MrBlue|MrOrange
STATE:197:fffr250ff:2s9h|2h6c|2cQd|4dTh|3cAd|AcJs:-50|-100|0|0|0|150:Pluribus|MrWhite|MrBlonde|MrBlue|MrOrange|MrPink
STATE:198:r225cfr1256ffcf/r2356r7443f:2cKd|4hAs|6c6s|JsQs|Ah4d|QcQd/7h8cTs:-50|-100|-2356|-225|0|2731:MrWhite|MrBlonde|MrBlue|MrOrange|MrPink|Pluribus
STATE:199:fffr225r1025ff:6d6h|4c9h|5dKs|5s2h|3c7c|JsKh:325|-100|0|0|0|-225:MrBlonde|MrBlue|MrOrange|MrPink|Pluribus|MrWhite
STATE:200:ffr225fr1100fc/cc/cc/r2250f:KcAc|9hAs|Jc2h|Qs4d|9cQc|Qd2s/4h5d3s/Js/Ks:1200|-100|0|0|-1100|0:MrBlue|MrOrange|MrPink|Pluribus|MrWhite|MrBlonde
STATE:201:fr225fcff/cr525f:Qc3s|Td2d|Qh4c|9c9h|2s5h|6s5s/2cTsJd:-50|-100|0|-225|0|375:MrOrange|MrPink|Pluribus|MrWhite|MrBlonde|MrBlue
STATE:202:r225ffffc/cr475f:7s6d|7d7h|Ad5d|5h2h|2d6c|Qc7c/JdQdJc:-50|-225|275|0|0|0:MrPink|Pluribus|MrWhite|MrBlonde|MrBlue|MrOrange
STATE:203:ffr225ffc/cc/r725f:Ac5h|TdJc|9sTc|Jd6h|2h2c|3c8c/Kc6c7c/4h:-50|275|0|0|-225|0:Pluribus|MrWhite|MrBlonde|MrBlue|MrOrange|MrPink
STATE:204:ffr210fff:Kh5c|2hKs|8c7h|5d6d|3d3s|2d9h:-50|-100|0|0|150|0:MrWhite|MrBlonde|MrBlue|MrOrange|MrPink|Pluribus
STATE:205:ffffr300f:JhTh|2hQd|8sQc|Tc6s|4d3d|7s6h:100|-100|0|0|0|0:MrBlonde|MrBlue|MrOrange|MrPink|Pluribus|MrWhite
STATE:206:fffr250ff:Th5c|2cJs|3hQc|8sKd|Kc4s|AhTs:-50|-100|0|0|0|150:MrBlue|MrOrange|MrPink|Pluribus|MrWhite|MrBlonde
STATE:207:fffff:3hTh|6s4c|Tc3d|8hJd|8c5h|4dKc:-50|50|0|0|0|0:MrOrange|MrPink|Pluribus|MrWhite|MrBlonde|MrBlue
STATE:208:fffr300r1150ff:JsJd|Ad6c|6dKd|Ts8c|4s5h|5cKc:400|-100|0|0|0|-300:MrPink|Pluribus|MrWhite|MrBlonde|MrBlue|MrOrange
STATE:209:r250ffffc/cr600c/cr1400f:7sTc|6c3c|JcJh|6s8d|9h5d|QsKh/Js7cAc/Ts:-50|-600|650|0|0|0:Pluribus|MrWhite|MrBlonde|MrBlue|MrOrange|MrPink
STATE:210:fffr250ff:Td2c|6s9h|Qh7c|4dAs|3sKs|3hAh:-50|-100|0|0|0|150:MrWhite|MrBlonde|MrBlue|MrOrange|MrPink|Pluribus
STATE:211:fr210fffc/cr325c/cc/r925f:8c6d|AhJs|8h2h|QhKh|2c6s|6hQs/Ad2d9h/5h/9c:-50|375|0|-325|0|0:MrBlonde|MrBlue|MrOrange|MrPink|Pluribus|MrWhite
STATE:212:fffr250ff:6sKs|Js2h|7c4h|Td5s|3h8d|8sQd:-50|-100|0|0|0|150:MrBlue|MrOrange|MrPink|Pluribus|MrWhite|MrBlonde
STATE:213:r225ffffc/cc/r725f:2h2d|JsAd|9c9s|4dAs|8c5s|7sTh/6h3dAh/Qs:-50|275|-225|0|0|0:MrOrange|MrPink|Pluribus|MrWhite|MrBlonde|MrBlue
STATE:214:fr250ffr1100fc/r1850f:TsTh|6sQd|2sKh|KdTd|8d7c|Ad8s/5s7sQh:1200|-100|0|-1100|0|0:MrPink|Pluribus|MrWhite|MrBlonde|MrBlue|MrOrange
STATE:215:ffffcc/cc/cc/r300c:8s5s|Jd5h|3c9s|6sQh|2s8c|3h6d/AdJc9h/Kd/Tc:-300|300|0|0|0|0:Pluribus|MrWhite|MrBlonde|MrBlue|MrOrange|MrPink
STATE:216:fffr225fr1075f:7d4c|AsQs|Ah8s|Js6d|4s5c|JcTd:-50|275|0|0|0|-225:MrWhite|MrBlonde|MrBlue|MrOrange|MrPink|Pluribus
STATE:217:fffff:2s8c|2hTd|5cAh|Qs8s|5sTh|Tc3s:-50|50|0|0|0|0:MrBlonde|MrBlue|MrOrange|MrPink|Pluribus|MrWhite
STATE:218:fr200fr700cfc/ccr1600fr10000f:TsTc|5h4s|Qs6d|Td8d|8h5c|7sAs/9dKdKs:-700|-100|0|2400|0|-1600:MrBlue|MrOrange|MrPink|Pluribus|MrWhite|MrBlonde
STATE:219:fffr225fc/cr425f:ThJd|7s6c|9c6h|Jh4h|Td5h|JcAd/Qh8h3d:-50|-225|0|0|0|275:MrOrange|MrPink|Pluribus|MrWhite|MrBlonde|MrBlue
STATE:220:ffffcc/r200c/r600c/r900r4500f:AhTc|8s3s|7cKs|9d4d|3d6h|8h6c/9s7dAc/2s/Qs:-900|900|0|0|0|0:MrPink|Pluribus|MrWhite|MrBlonde|MrBlue|MrOrange
STATE:221:fffr250fc/cc/cc/cc:8s6h|JsQh|Qs8d|TsKd|Td7d|9d9c/AcKh4s/Kc/5s:-50|-250|0|0|0|300:Pluribus|MrWhite|MrBlonde|MrBlue|MrOrange|MrPink
STATE:222:ffr210fff:Ts5c|Kh6c|5s2d|6d9c|JhJs|Qs2c:-50|-100|0|0|150|0:MrWhite|MrBlonde|MrBlue|MrOrange|MrPink|Pluribus
STATE:223:fr210fr637fff:6cQh|5sQc|TsQd|5dKd|8c6h|AhKh:-50|-100|0|-210|0|360:MrBlonde|MrBlue|MrOrange|MrPink|Pluribus|MrWhite
STATE:224:fr225fffc/cc/cr350f:Kc2h|AdTd|8c6d|QdKs|Qh4c|9c7s/2sQcJc/2c:-50|-225|0|275|0|0:MrBlue|MrOrange|MrPink|Pluribus|MrWhite|MrBlonde
STATE:225:r200fffff:6hTs|6c2h|7h7d|2s5h|3sJs|2c9h:-50|-100|150|0|0|0:MrOrange|MrPink|Pluribus|MrWhite|MrBlonde|MrBlue
STATE:226:r225ffffc/cr475r975c/cc/cc:Ts5s|Ad6d|QhQc|7h5c|KdTd|8sAc/8d4d8c/2c/4h:-50|-975|1025|0|0|0:MrPink|Pluribus|MrWhite|MrBlonde|MrBlue|MrOrange
STATE:227:fffff:2s7h|Jc5d|9sQd|Jd2h|2dTc|3c5h:-50|50|0|0|0|0:Pluribus|MrWhite|MrBlonde|MrBlue|MrOrange|MrPink
STATE:228:r225fffff:4sJs|7c8h|AsQc|5h9d|Qd4c|Kd4d:-50|-100|150|0|0|0:MrWhite|MrBlonde|MrBlue|MrOrange|MrPink|Pluribus
STATE:229:ffr200fr1050fr2150f:QdKc|KsTh|9h3h|6d2d|7h7s|Jd4c:-1050|-100|0|0|1150|0:MrBlonde|MrBlue|MrOrange|MrPink|Pluribus|MrWhite
STATE:230:fr200fffc/cr425f:4d9s|Ac6h|Td7h|QsQd|3c3d|5sJc/8hTs9c:-50|-200|0|250|0|0:MrBlue|MrOrange|MrPink|Pluribus|MrWhite|MrBlonde
STATE:231:ffr250r775ffc/cc/cc/cc:Qh2d|Qd5c|Jd6d|7c3h|KcAs|QsAc/7s8hJc/Ts/6c:-50|-100|0|0|925|-775:MrOrange|MrPink|Pluribus|MrWhite|MrBlonde|MrBlue
STATE:232:ffr225fff:2d8h|9s5d|6d9d|5s7s|AhTc|Kc5h:-50|-100|0|0|150|0:MrPink|Pluribus|MrWhite|MrBlonde|MrBlue|MrOrange
STATE:233:fffr250r1150ff:TcJc|8d3d|2cAs|KhTd|9s3s|9cTs:350|-100|0|0|0|-250:Pluribus|MrWhite|MrBlonde|MrBlue|MrOrange|MrPink
STATE:234:r225fffff:8hKs|2h4h|Ah6h|3dQc|5c5h|2s9h:-50|-100|150|0|0|0:MrWhite|MrBlonde|MrBlue|MrOrange|MrPink|Pluribus
STATE:235:fr210fcfc/ccc/ccc/ccc:2d4d|4h4c|5h7s|QsKd|6sAc|KsQh/Ad9h2h/9c/Ah:-50|-210|0|130|0|130:MrBlonde|MrBlue|MrOrange|MrPink|Pluribus|MrWhite
STATE:236:r210fffff:9hAd|5c8c|6s6h|4h3h|3dTc|As3s:-50|-100|150|0|0|0:MrBlue|MrOrange|MrPink|Pluribus|MrWhite|MrBlonde
STATE:237:fr225r725fffr1925f:3h8s|3s4s|TsJh|KsAh|QsKh|As2h:-50|-100|0|875|-725|0:MrOrange|MrPink|Pluribus|MrWhite|MrBlonde|MrBlue
STATE:238:fr250cffc/ccc/cr650fc/cr1450r6250r10000f:QhJd|3cKc|Ks6d|4h4c|6c5c|5s2h/TcTs9h/3d/4d:-50|-6250|0|6550|-250|0:MrPink|Pluribus|MrWhite|MrBlonde|MrBlue|MrOrange
STATE:239:fr225fffc/cr425c/cr1150f:7dAc|KcJd|6h2s|9s9c|4c4d|5d9h/3sTcTh/6d:-50|-425|0|475|0|0:Pluribus|MrWhite|MrBlonde|MrBlue|MrOrange|MrPink
STATE:240:r225fffff:TdKs|Qh5h|5cAc|Jh3s|4s6s|Ah6c:-50|-100|150|0|0|0:MrWhite|MrBlonde|MrBlue|MrOrange|MrPink|Pluribus
STATE:241:ffr200ffc/cr425c/cr875c/cc:As6d|QsJs|4s2d|3s5h|QcJd|8d7s/4dQd6s/6h/Tc:-50|25|0|0|25|0:MrBlonde|MrBlue|MrOrange|MrPink|Pluribus|MrWhite
STATE:242:ffffcc/cc/cc/cc:Jh5h|Kh9c|6s3s|6d4h|2hTc|7d3d/5cQhAh/4d/7s:100|-100|0|0|0|0:MrBlue|MrOrange|MrPink|Pluribus|MrWhite|MrBlonde
STATE:243:fr225ffff:4h3h|4s2c|8s6h|AcTs|7dKc|3sJd:-50|-100|0|150|0|0:MrOrange|MrPink|Pluribus|MrWhite|MrBlonde|MrBlue
STATE:244:r225fcfcf/ccr612r1086fc/cr3986r10000c/:Ah5h|2s9c|QhAc|2c9d|7c7s|3s6c/7d8h6h/3d/9h:10325|-100|-225|0|-10000|0:MrPink|Pluribus|MrWhite|MrBlonde|MrBlue|MrOrange
STATE:245:fffff:3h4s|Tc7h|Td6c|Qs8d|4hJc|8hTs:-50|50|0|0|0|0:Pluribus|MrWhite|MrBlonde|MrBlue|MrOrange|MrPink
STATE:246:fr200fffc/cc/r500f:3h8c|9c6c|4c9s|8h7h|5d8d|2hKd/7cAdQc/2c:-50|250|0|-200|0|0:MrWhite|MrBlonde|MrBlue|MrOrange|MrPink|Pluribus
STATE:247:fffff:9d7h|2hTd|4c5d|6sTh|Jd2d|5h3h:-50|50|0|0|0|0:MrBlonde|MrBlue|MrOrange|MrPink|Pluribus|MrWhite
STATE:248:fr225ffff:8hAc|Ts7h|3c6d|AhAs|5cQh|Kc9d:-50|-100|0|150|0|0:MrBlue|MrOrange|MrPink|Pluribus|MrWhite|MrBlonde
STATE:249:ffffr300f:KsQs|4sJh|9d5d|8d3h|6s2s|6h9c:100|-100|0|0|0|0:MrOrange|MrPink|Pluribus|MrWhite|MrBlonde|MrBlue
STATE:250:ffr225ffc/cc/r975f:8hTc|7h7d|9d2h|Qs9c|8sAh|ThQd/7s4cJc/4d:-50|275|0|0|-225|0:MrPink|Pluribus|MrWhite|MrBlonde|MrBlue|MrOrange
STATE:251:fffff:5s4d|2c7h|9hAs|ThJs|8dQc|3c8h:-50|50|0|0|0|0:Pluribus|MrWhite|MrBlonde|MrBlue|MrOrange|MrPink
STATE:252:r225fffff:4c3c|7sKd|2s2c|Js2d|9hQs|6s4s:-50|-100|150|0|0|0:MrWhite|MrBlonde|MrBlue|MrOrange|MrPink|Pluribus
STATE:253:fr210fffc/cr325f:Jh2s|Qc6c|5s6h|AhJd|AdTh|4dTc/Ac7s3d:-50|-210|0|260|0|0:MrBlonde|MrBlue|MrOrange|MrPink|Pluribus|MrWhite
STATE:254:fffr250fc/cr550c/cr1300c/cc:6d2s|9sKc|8hJh|6c2c|Kh4c|JcTc/7c5dKs/3c/2h:-50|1350|0|0|0|-1300:MrBlue|MrOrange|MrPink|Pluribus|MrWhite|MrBlonde
STATE:255:fffr225ff:2c8c|4hJc|Kd6s|Ts5d|Ac4s|TdAd:-50|-100|0|0|0|150:MrOrange|MrPink|Pluribus|MrWhite|MrBlonde|MrBlue
STATE:256:ffr225fff:Qs2s|7h4c|9c3s|QdTh|KdAs|Td6c:-50|-100|0|0|150|0:MrPink|Pluribus|MrWhite|MrBlonde|MrBlue|MrOrange
STATE:257:r200r700fffff:8hTs|3d9s|6hTh|TdAd|JcKc|As6s:-50|-100|-200|350|0|0:Pluribus|MrWhite|MrBlonde|MrBlue|MrOrange|MrPink
STATE:258:ffffr300c/r750c/r1500f:4s4h|Kd5s|5d6c|Ks7s|2s7c|3d9s/3h6d4c/Qs:750|-750|0|0|0|0:MrWhite|MrBlonde|MrBlue|MrOrange|MrPink|Pluribus
STATE:259:fr210cr795fccf/ccc/r2117ff:Ts3d|5d5c|Qh5s|9h9c|4c4s|AsKc/JsTdAc/Kd:-50|1850|0|-795|-210|-795:MrBlonde|MrBlue|MrOrange|MrPink|Pluribus|MrWhite
STATE:260:fr200ffff:7d8s|9dQh|3h4s|JsKs|9s3s|8cKh:-50|-100|0|150|0|0:MrBlue|MrOrange|MrPink|Pluribus|MrWhite|MrBlonde
STATE:261:fffff:6d9c|9d6s|4c5h|8sTd|3s4s|Kd7h:-50|50|0|0|0|0:MrOrange|MrPink|Pluribus|MrWhite|MrBlonde|MrBlue
STATE:262:r225ffffc/cc/r475f:7d3s|TsQh|JhKh|7h6c|Js2d|5h3d/7c8h9c/4c:-50|275|-225|0|0|0:MrPink|Pluribus|MrWhite|MrBlonde|MrBlue|MrOrange
STATE:263:fffr250fr800c/r1625f:7sKh|QsKs|Jh4c|3hJc|2h7c|Ad9h/8hTsKd:-50|850|0|0|0|-800:Pluribus|MrWhite|MrBlonde|MrBlue|MrOrange|MrPink
STATE:264:r225cffff/cc/r425c/cr1100f:Qs6h|7c3h|7d7h|JsJd|4s3s|8dAc/5s2sKs/2h/Jc:-50|-100|-425|575|0|0:MrWhite|MrBlonde|MrBlue|MrOrange|MrPink|Pluribus
STATE:265:fffr225fr1100f:Qh4d|3h4h|8dKs|Ac7d|7hTs|QdJs:-50|275|0|0|0|-225:MrBlonde|MrBlue|MrOrange|MrPink|Pluribus|MrWhite
STATE:266:fr200fffc/cr650f:7sQs|4c4h|3h9d|As3s|7hKs|ThQd/Kh9s5h:-50|-200|0|250|0|0:MrBlue|MrOrange|MrPink|Pluribus|MrWhite|MrBlonde
STATE:267:r287ffffr1300f:5hAh|JhTh|KsJd|7cQd|7dJc|6s9c:-50|337|-287|0|0|0:MrOrange|MrPink|Pluribus|MrWhite|MrBlonde|MrBlue
STATE:268:r225fffff:5c5d|9hQs|QhJh|As9s|Tc4d|Kh4s:-50|-100|150|0|0|0:MrPink|Pluribus|MrWhite|MrBlonde|MrBlue|MrOrange
STATE:269:fffff:2s5h|9sJh|KhTc|8s4c|Kc9d|6hTs:-50|50|0|0|0|0:Pluribus|MrWhite|MrBlonde|MrBlue|MrOrange|MrPink
STATE:270:fffff:6h8s|4cAh|8d3c|4h3s|Kc5d|8c4d:-50|50|0|0|0|0:MrWhite|MrBlonde|MrBlue|MrOrange|MrPink|Pluribus
