# name/game/hands/seed sample_game_94 ../lib/python-client/acpc_infrastructure/holdem.nolimit.6p.game 10000 94
#--t_response 600000000
#--t_hand 600000000
#--t_per_hand 600000000
STATE:46:fr204ffff:9hAs|Jc6d|7d4s|8d9d|Kc3s|Ah9c:-50|-100|0|150|0|0:Eddie|Pluribus|Bill|MrOrange|MrBlue|MrPink
STATE:47:fffr222r1050ff:TdJc|7sAs|4h8d|TsQc|5dTc|6dAc:322|-100|0|0|0|-222:Pluribus|Bill|MrOrange|MrBlue|MrPink|Eddie
STATE:48:fcfr450fcf/cc/cr975f:2h6c|KdTd|Kh7c|3dAc|7dQh|AsKs/9s3s6s/4s:-50|-450|0|-100|0|600:Bill|MrOrange|MrBlue|MrPink|Eddie|Pluribus
STATE:49:r210ffffc/cr680f:Jh4s|Kc4c|Ah6h|6d2c|Kd4h|QsJc/Jd9h5h:-50|-210|260|0|0|0:MrOrange|MrBlue|MrPink|Eddie|Pluribus|Bill
STATE:50:r200ffffc/cr605c/cr1625c/cc:5hJh|ThQc|TcAs|JdTs|9h7c|3s2s/8c6sJs/9d/6h:-50|1675|-1625|0|0|0:MrBlue|MrPink|Eddie|Pluribus|Bill|MrOrange
STATE:51:r200ffffc/cr425c/cc/r525f:JhKc|8cKh|QsAs|JsQd|4c8s|3sTd/9hKsQc/Ts/5h:-50|475|-425|0|0|0:MrPink|Eddie|Pluribus|Bill|MrOrange|MrBlue
STATE:52:fffr250ff:6dTh|Qd7h|6s8h|2sTc|8c4d|Kc9d:-50|-100|0|0|0|150:Eddie|Pluribus|Bill|MrOrange|MrBlue|MrPink
STATE:53:fr225fffc/cr475f:5d8d|8cAh|5hJd|4c3c|6sKh|3hJh/Kd6cTh:-50|-225|0|275|0|0:Pluribus|Bill|MrOrange|MrBlue|MrPink|Eddie
STATE:54:ffr200fff:6h4d|3d4s|4c8h|5d2h|KsJd|2d5c:-50|-100|0|0|150|0:Bill|MrOrange|MrBlue|MrPink|Eddie|Pluribus
STATE:55:fr200fcfc/ccr650fc/cc/cr1700f:6d5s|9dJd|6h5c|QhQd|Ks7h|2hAh/Ts8h9s/9c/Ac:-50|-200|0|-650|0|900:MrOrange|MrBlue|MrPink|Eddie|Pluribus|Bill
STATE:56:fffff:3c8h|3sJd|5sJc|4s7s|Qd4d|5dKc:-50|50|0|0|0|0:MrBlue|MrPink|Eddie|Pluribus|Bill|MrOrange
STATE:57:ffffcc/cr200r400f:9cJh|5hQc|3cQd|9h7s|Tc6h|5c3d/3h2h2d:200|-200|0|0|0|0:MrPink|Eddie|Pluribus|Bill|MrOrange|MrBlue
STATE:58:r225fcfff/cr525f:Th6d|Ad8s|TsJs|2s4s|8h9h|9sJd/5cQd2h:-50|-100|-225|0|375|0:Eddie|Pluribus|Bill|MrOrange|MrBlue|MrPink
STATE:59:fffff:7d4c|8hTd|2c5c|9d3s|5d6s|Js4d:-50|50|0|0|0|0:Pluribus|Bill|MrOrange|MrBlue|MrPink|Eddie
STATE:60:ffffcr325c/cr525c/cc/cc:9sAd|JsKc|4hAs|6cJh|Qd8c|2sKd/8s4cTd/Jc/Qs:525|-525|0|0|0|0:Bill|MrOrange|MrBlue|MrPink|Eddie|Pluribus
STATE:61:fr200fffc/cc/cc/r537f:5c6d|Ac3h|2c9s|KcJh|6s7d|TsJc/Qs3s7h/Ad/8s:-50|250|0|-200|0|0:MrOrange|MrBlue|MrPink|Eddie|Pluribus|Bill
STATE:62:fffr244ff:4cQd|3s5c|7h4d|7cQs|5s6d|Ah8h:-50|-100|0|0|0|150:MrBlue|MrPink|Eddie|Pluribus|Bill|MrOrange
STATE:63:r200ffffc/cr650f:Kh7s|8d9s|5s5c|3hTs|2c9c|2s4h/QcKc8h:-50|-200|250|0|0|0:MrPink|Eddie|Pluribus|Bill|MrOrange|MrBlue
STATE:64:fffr250fr1350r2800c/r4212c/cc/cc:2sKc|TsJs|4h9d|4c9h|Jh8d|KdKh/AcAs2c/8s/Th:-50|-4212|0|0|0|4262:Eddie|Pluribus|Bill|MrOrange|MrBlue|MrPink
STATE:65:ffffr200c/r400c/cc/r800c:8c9s|7hJs|8s9d|5s4c|Qc9h|2s6c/AdJcQh/Qs/2d:-800|800|0|0|0|0:Pluribus|Bill|MrOrange|MrBlue|MrPink|Eddie
STATE:66:fr210ffff:8sTh|4s2h|Kc3s|3c3h|9d6s|8c7h:-50|-100|0|150|0|0:Bill|MrOrange|MrBlue|MrPink|Eddie|Pluribus
STATE:67:r210fffff:2s2c|Qh5d|7hAh|8h9h|3h5c|4sJc:-50|-100|150|0|0|0:MrOrange|MrBlue|MrPink|Eddie|Pluribus|Bill
STATE:68:ffr225fcf/cr575c/cr1575c/cr3825c:Ah7h|9c5d|Kc6h|Js5s|2c2h|8h7c/7d6s2d/3s/Qh:-3825|-100|0|0|3925|0:MrBlue|MrPink|Eddie|Pluribus|Bill|MrOrange
STATE:69:ffr200ffc/cr350f:7h9c|7c3c|3hKs|8hAc|4dTc|5d4s/2s6h2h:-50|-200|0|0|250|0:MrPink|Eddie|Pluribus|Bill|MrOrange|MrBlue
STATE:70:fr205fffc/cr480f:Ac6h|2s3s|5h3h|AsTs|7c8s|9h5c/KhAhTc:-50|-205|0|255|0|0:Eddie|Pluribus|Bill|MrOrange|MrBlue|MrPink
STATE:71:fffff:6hQs|5cKs|Kc5h|Qd4c|7s6d|7h5s:-50|50|0|0|0|0:Pluribus|Bill|MrOrange|MrBlue|MrPink|Eddie
STATE:72:ffr200fff:3d8c|4cQh|6c9h|4s5c|QcAd|8d4d:-50|-100|0|0|150|0:Bill|MrOrange|MrBlue|MrPink|Eddie|Pluribus
STATE:73:r210fcfff/cr780c/cc/cr4200f:Jh8d|7sAd|AhQs|Th6s|JdJs|QhTs/TcKhKs/Kd/2d:-50|-100|-780|0|930|0:MrOrange|MrBlue|MrPink|Eddie|Pluribus|Bill
STATE:74:r200ffcff/cc/cr575r1825c/cc:Tc3s|6d3h|AsAc|QdTh|Ah2d|Td9d/Ts4h7c/9c/4s:-50|-100|1975|0|0|-1825:MrBlue|MrPink|Eddie|Pluribus|Bill|MrOrange
STATE:75:fr225ffff:9s7h|2c6d|4hKh|AcJc|7c8c|Ah6c:-50|-100|0|150|0|0:MrPink|Eddie|Pluribus|Bill|MrOrange|MrBlue
STATE:76:fffff:Jc5h|7c5d|2c9d|8s9c|Kc5s|2h8c:-50|50|0|0|0|0:Eddie|Pluribus|Bill|MrOrange|MrBlue|MrPink
STATE:77:r200fffff:TsKh|7h4d|5s5h|3cQd|7c9s|JdTc:-50|-100|150|0|0|0:Pluribus|Bill|MrOrange|MrBlue|MrPink|Eddie
STATE:78:ffr200ffc/cr425c/cr1145c/cr2925c:6h3c|Kc8h|2h4c|9c3h|QcKs|Jh5d/6d7d9h/Kh/4s:-50|-2925|0|0|2975|0:Bill|MrOrange|MrBlue|MrPink|Eddie|Pluribus
STATE:79:fr200fffc/cr530c/cr1410f:5c5h|ThTd|Ts9d|JsAs|6d2s|Qh7d/Ah5d8h/Jc:-50|-530|0|580|0|0:MrOrange|MrBlue|MrPink|Eddie|Pluribus|Bill
STATE:80:ffr225fcf/cc/r437c/cr1187f:JcTd|Qh2s|Ks4h|7d3c|JsAc|4sTh/9d2hTc/3h/Ad:-437|-100|0|0|537|0:MrBlue|MrPink|Eddie|Pluribus|Bill|MrOrange
STATE:81:ffr215fff:6h8c|2h5c|TcJd|7d5s|KdKs|7c5h:-50|-100|0|0|150|0:MrPink|Eddie|Pluribus|Bill|MrOrange|MrBlue
STATE:82:ffffr235c/cr470c/cr1880f:KhJd|6dAs|8c5h|7h2s|4d3c|4hKs/8dTs5s/7c:-470|470|0|0|0|0:Eddie|Pluribus|Bill|MrOrange|MrBlue|MrPink
STATE:83:ffr210fff:8h4c|4h7c|Qd6h|5c7d|7s9s|7hTc:-50|-100|0|0|150|0:Pluribus|Bill|MrOrange|MrBlue|MrPink|Eddie
STATE:84:ffr200ffr1100f:Qh6c|5s7s|Qd5d|3sKc|Ac2c|5cJc:-50|250|0|0|-200|0:Bill|MrOrange|MrBlue|MrPink|Eddie|Pluribus
STATE:85:fffff:2s3h|Jh5s|Ad5h|6h8s|Ac3s|7sQh:-50|50|0|0|0|0:MrOrange|MrBlue|MrPink|Eddie|Pluribus|Bill
STATE:86:fr200ffff:7dTs|6dQh|3sAc|Qs9s|5cAd|As9h:-50|-100|0|150|0|0:MrBlue|MrPink|Eddie|Pluribus|Bill|MrOrange
STATE:87:fffff:5h9s|7d4c|5cTh|2s3c|5sKd|9c5d:-50|50|0|0|0|0:MrPink|Eddie|Pluribus|Bill|MrOrange|MrBlue
STATE:88:r225fcfff/cr675f:4cJd|3s7s|AsJc|Td8c|8d8h|Qs5s/8s4d6h:-50|-100|-225|0|375|0:Eddie|Pluribus|Bill|MrOrange|MrBlue|MrPink
STATE:89:r200fffff:9d8h|Kc5d|AdAs|Td6d|2dKd|8d5s:-50|-100|150|0|0|0:Pluribus|Bill|MrOrange|MrBlue|MrPink|Eddie
STATE:90:fffr225fc/cc/cc/cc:9d5c|9h3h|2h8h|2s7d|2d3s|KsAd/7hJcQc/6c/3d:-50|275|0|0|0|-225:Bill|MrOrange|MrBlue|MrPink|Eddie|Pluribus
STATE:91:r210ffffc/cr360c/cc/cc:ThKs|8cTd|9cJc|7hJs|4h6h|Qs5d/Kh8s2d/4d/4c:-50|410|-360|0|0|0:MrOrange|MrBlue|MrPink|Eddie|Pluribus|Bill
STATE:92:ffr225ffc/cc/cc/r475f:3hKd|Ad7s|8cKh|Qh4c|5c7c|3s5s/7hJsQs/Ac/4d:-50|275|0|0|-225|0:MrBlue|MrPink|Eddie|Pluribus|Bill|MrOrange
STATE:93:fffr225fc/cr600c/cr1650f:4s6c|JsKc|5cTs|5sAd|4hKd|8sKh/4d8c3s/4c:-50|-600|0|0|0|650:MrPink|Eddie|Pluribus|Bill|MrOrange|MrBlue
STATE:94:fffr250fc/cr400r1250f:4d7d|Th2h|2d8c|4c5d|Jc4h|QdJs/Ac6h3h:-50|450|0|0|0|-400:Eddie|Pluribus|Bill|MrOrange|MrBlue|MrPink
STATE:95:r200fffff:Kd3h|Th4d|As8s|3s5h|Js7s|7c8d:-50|-100|150|0|0|0:Pluribus|Bill|MrOrange|MrBlue|MrPink|Eddie
STATE:96:r225fffff:8sKh|Ac2d|7c6c|4dAs|2cKc|3dTs:-50|-100|150|0|0|0:Bill|MrOrange|MrBlue|MrPink|Eddie|Pluribus
STATE:97:r210fffff:7h4h|2s9c|As6s|8sJd|Qc8h|5sTh:-50|-100|150|0|0|0:MrOrange|MrBlue|MrPink|Eddie|Pluribus|Bill
STATE:98:fffff:3hTd|5hAc|KcJh|9s5d|7h3s|2c7c:-50|50|0|0|0|0:MrBlue|MrPink|Eddie|Pluribus|Bill|MrOrange
STATE:99:fr225ffff:Js8c|6hKc|9s5h|8sTs|6s8d|Ks9d:-50|-100|0|150|0|0:MrPink|Eddie|Pluribus|Bill|MrOrange|MrBlue
STATE:100:r225r700ffffc/cc/r1250c/cc:TcKc|KsJs|7h7c|AdQh|Kd4d|Td3h/JcJdTs/8c/5h:-50|-100|1400|-1250|0|0:Eddie|Pluribus|Bill|MrOrange|MrBlue|MrPink
STATE:101:fffff:4hJc|Ah2s|4d5h|6dKd|Tc8h|2h9s:-50|50|0|0|0|0:Pluribus|Bill|MrOrange|MrBlue|MrPink|Eddie
STATE:102:fr210fffc/cr360c/cc/cr745f:4h7h|AsJh|3c7s|QdKd|5cTh|8c3h/4d2sQh/5s/7d:-50|-360|0|410|0|0:Bill|MrOrange|MrBlue|MrPink|Eddie|Pluribus
STATE:103:ffffcr350c/cc/cc/r800f:KsQd|TcKd|Jd4d|3dTd|8d5c|2hJh/Qc8cAc/3h/9s:350|-350|0|0|0|0:MrOrange|MrBlue|MrPink|Eddie|Pluribus|Bill
STATE:104:r200fffff:3d6s|3h4d|AsJs|8dTh|Ks3c|6c7h:-50|-100|150|0|0|0:MrBlue|MrPink|Eddie|Pluribus|Bill|MrOrange
STATE:105:fffr225fc/cc/cr600c/r725r1850f:Kh3s|Ad8h|2h9s|6hQc|8dAc|Ts9c/8sJdQs/7d/Js:-50|-725|0|0|0|775:MrPink|Eddie|Pluribus|Bill|MrOrange|MrBlue
STATE:106:r225ffcfc/ccr950ff:Kc8s|3s3h|JdKs|TcAh|7h9s|AcQs/9cAd8d:-50|-225|-225|0|0|500:Eddie|Pluribus|Bill|MrOrange|MrBlue|MrPink
STATE:107:fr225ffcc/ccr525ff:8d8c|6sKs|4c2h|Qh9h|5sTc|6d3d/3c5hAd:-225|-225|0|450|0|0:Pluribus|Bill|MrOrange|MrBlue|MrPink|Eddie
STATE:108:fffff:4d8s|Ad9h|Kc6c|Qc2h|7c3d|6dJs:-50|50|0|0|0|0:Bill|MrOrange|MrBlue|MrPink|Eddie|Pluribus
STATE:109:r210ffffc/cr710c/cr2710c/cr6210c:4cAd|JdJc|TcAs|7cTh|Kh2h|9h6h/5dAhJs/Kc/Qd:-50|-6210|6260|0|0|0:MrOrange|MrBlue|MrPink|Eddie|Pluribus|Bill
STATE:110:cffffc/cr200f:Tc3d|3c9c|Kd7c|6h2s|Kc8d|5sQh/QdAsQc:-50|-100|150|0|0|0:MrBlue|MrPink|Eddie|Pluribus|Bill|MrOrange
STATE:111:ffffcc/r200f:Jc4c|4s2c|6d8c|Kh7c|5c6c|7d3s/Ts5dJh:100|-100|0|0|0|0:MrPink|Eddie|Pluribus|Bill|MrOrange|MrBlue
STATE:112:fffff:Qc4h|QhAs|3h8c|5d4s|6d4c|Kc3s:-50|50|0|0|0|0:Eddie|Pluribus|Bill|MrOrange|MrBlue|MrPink
STATE:113:ffr210ffc/cr360c/cc/r620c:3d5s|JdTc|8hKd|Qd6h|8dAd|9hAs/2dQsTd/8c/4c:-50|670|0|0|-620|0:Pluribus|Bill|MrOrange|MrBlue|MrPink|Eddie
STATE:114:ffffcr325f:7hQs|Js7s|3h5c|6c2d|Tc7d|2hJh:-100|100|0|0|0|0:Bill|MrOrange|MrBlue|MrPink|Eddie|Pluribus
STATE:115:ffr250ffc/cr525f:5h7h|Jc2c|3cJd|Qd3h|As4s|Ac2h/Qc3dTd:-50|-250|0|0|300|0:MrOrange|MrBlue|MrPink|Eddie|Pluribus|Bill
STATE:116:r200fffff:Qs4h|7c2h|QhJh|4c6s|As3s|9s3h:-50|-100|150|0|0|0:MrBlue|MrPink|Eddie|Pluribus|Bill|MrOrange
STATE:117:ffffcc/r200f:QcAd|4s5c|2cQd|Ks3s|9s3c|2d8s/Jd7d2s:100|-100|0|0|0|0:MrPink|Eddie|Pluribus|Bill|MrOrange|MrBlue
STATE:118:fffr250ff:Qh3d|5d2c|9h7h|4d3c|8h4h|ThAc:-50|-100|0|0|0|150:Eddie|Pluribus|Bill|MrOrange|MrBlue|MrPink
STATE:119:ffr210fff:7d3c|8c3s|6h7c|3d5d|JsKc|2c4h:-50|-100|0|0|150|0:Pluribus|Bill|MrOrange|MrBlue|MrPink|Eddie
STATE:120:fffr225fc/cc/cc/cr600f:Js5h|4sKs|Kd9h|2c4h|5dTd|7dAh/Qc6s9s/9d/9c:-50|-225|0|0|0|275:Bill|MrOrange|MrBlue|MrPink|Eddie|Pluribus
STATE:121:fr200ffff:6s3c|7s4h|6h9d|8hJh|6dQd|2sAc:-50|-100|0|150|0|0:MrOrange|MrBlue|MrPink|Eddie|Pluribus|Bill
STATE:122:ffffcr300c/cr490c/cr1790c/cc:8s8c|Kd9s|Ad6h|5d6c|3sAc|Qs2s/4dJh3d/Qc/7s:1790|-1790|0|0|0|0:MrBlue|MrPink|Eddie|Pluribus|Bill|MrOrange
STATE:123:ffffcc/r200r400c/cr1600c/cc:3c4c|Kc9s|5h7h|9d7c|8cJs|Jh6c/KhKd3d/4s/Ad:-1600|1600|0|0|0|0:MrPink|Eddie|Pluribus|Bill|MrOrange|MrBlue
STATE:124:ffffr235r875f:6cTc|8cQs|4c3d|2s9h|4sJs|2d7h:-235|235|0|0|0|0:Eddie|Pluribus|Bill|MrOrange|MrBlue|MrPink
STATE:125:ffr210ffc/cr360c/cr1360c/cr4130f:Js4s|QdAh|3c2c|6sQs|AdJd|Kh7s/2s2hJh/7c/8c:-50|-1360|0|0|1410|0:Pluribus|Bill|MrOrange|MrBlue|MrPink|Eddie
STATE:126:fffr225r925fr2066c/r3941c/cr5936r10000c/:JsKs|As3s|8c2c|4d6d|6c7d|KcAh/JdKdTc/Kh/Ts:10100|-100|0|0|0|-10000:Bill|MrOrange|MrBlue|MrPink|Eddie|Pluribus
STATE:127:fffr250fr1050f:5s8c|TsJs|5c6s|3dKh|Td4s|Qd9c:-50|300|0|0|0|-250:MrOrange|MrBlue|MrPink|Eddie|Pluribus|Bill
STATE:128:ffffr300c/r750c/cr1500f:7d4d|6sJd|7cKs|3c5h|3sQd|6h8s/4hQc6d/Jc:-750|750|0|0|0|0:MrBlue|MrPink|Eddie|Pluribus|Bill|MrOrange
STATE:129:r225fffff:4h4d|Qh8s|KcAd|2hTc|9hKs|Ac6d:-50|-100|150|0|0|0:MrPink|Eddie|Pluribus|Bill|MrOrange|MrBlue
STATE:130:ffffr235r687c/cc/cc/cr2061c:JcKh|2cAs|Qc2h|5c3s|Qd2s|6c5s/9d8s7h/Kd/6d:2061|-2061|0|0|0|0:Eddie|Pluribus|Bill|MrOrange|MrBlue|MrPink
STATE:131:r200fffcf/cc/cc/cc:Ac2c|3s4h|QsQd|9h8d|Ks9d|Ah2d/3d8s5h/8h/As:300|-100|-200|0|0|0:Pluribus|Bill|MrOrange|MrBlue|MrPink|Eddie
STATE:132:fr210ffff:Kd4s|7s3d|Tc2c|AsKc|7d4d|TdKh:-50|-100|0|150|0|0:Bill|MrOrange|MrBlue|MrPink|Eddie|Pluribus
STATE:133:fr200ffff:JcTs|Qc5d|Ah5c|KsKh|4hTc|4d7s:-50|-100|0|150|0|0:MrOrange|MrBlue|MrPink|Eddie|Pluribus|Bill
STATE:134:ffr225fff:Qh5c|9s5d|ThQc|2sKc|4d4s|6hJh:-50|-100|0|0|150|0:MrBlue|MrPink|Eddie|Pluribus|Bill|MrOrange
STATE:135:fr225fcfc/ccr587ff:3cQc|4h4c|Ah6c|6h7h|6dQs|TdJd/Kc8sJc:-50|-225|0|-225|0|500:MrPink|Eddie|Pluribus|Bill|MrOrange|MrBlue
STATE:136:fffff:Js6d|7cAh|Qh2h|JdKh|8h4h|2c9d:-50|50|0|0|0|0:Eddie|Pluribus|Bill|MrOrange|MrBlue|MrPink
STATE:137:fffr222fr999f:Th3s|AcQh|KsJd|2d8h|6hQs|6cTc:-50|272|0|0|0|-222:Pluribus|Bill|MrOrange|MrBlue|MrPink|Eddie
STATE:138:ffr200ffc/cr335c/cr1385c/cc:7h2h|Qs8c|AhJd|Kh9s|KsTh|3cAd/Qh2d9h/6d/4c:-50|1435|0|0|-1385|0:Bill|MrOrange|MrBlue|MrPink|Eddie|Pluribus
STATE:139:r210fffff:3cAd|2s6h|TsAc|JsTc|8d5s|Jc4d:-50|-100|150|0|0|0:MrOrange|MrBlue|MrPink|Eddie|Pluribus|Bill
STATE:140:ffffr300c/cr600f:8sQs|4s6d|Ah2c|6s8h|7dKs|9d7c/4h2dKc:-300|300|0|0|0|0:MrBlue|MrPink|Eddie|Pluribus|Bill|MrOrange
STATE:141:r200ffffc/cr425r800c/r2800f:9s3h|3s5d|8c8s|6cAh|Jd5s|5cQh/Qs6d2s/Jc:-50|850|-800|0|0|0:MrPink|Eddie|Pluribus|Bill|MrOrange|MrBlue
STATE:142:r225ffcff/r625f:6h2c|9hAc|Kd9d|Th6s|Qc2s|QsTs/2h8d3h:-50|-100|375|0|0|-225:Eddie|Pluribus|Bill|MrOrange|MrBlue|MrPink
STATE:143:fr225ffcf/cr500c/cc/r1050f:KhQh|8dTh|7h6d|3cAc|Ad9s|Qd3s/Tc3d2h/7c/9h:600|-100|0|-500|0|0:Pluribus|Bill|MrOrange|MrBlue|MrPink|Eddie
STATE:144:ffr200cfc/ccr525r1537ff:Ts4h|7c6c|7h3h|5cKd|ThKc|9cTc/9d8c5d:-50|775|0|0|-200|-525:Bill|MrOrange|MrBlue|MrPink|Eddie|Pluribus
STATE:145:fffff:TdAs|6hJs|6dTh|2s7h|7c3d|Ts7d:-50|50|0|0|0|0:MrOrange|MrBlue|MrPink|Eddie|Pluribus|Bill
STATE:146:fffff:Qc7s|KdAs|4dAc|5sKc|5c4h|3c9d:-50|50|0|0|0|0:MrBlue|MrPink|Eddie|Pluribus|Bill|MrOrange
STATE:147:ffr215ffc/cc/cc/r1175f:4s2h|AdTs|Qh9c|Kd8h|6h6s|7s3s/7dAcQs/Qd/2c:-50|265|0|0|-215|0:MrPink|Eddie|Pluribus|Bill|MrOrange|MrBlue
STATE:148:fffr250cc/cr625ff:JcQh|Ad6d|Qc8d|Tc5h|7dTh|9cQs/5d3dKd:-250|500|0|0|0|-250:Eddie|Pluribus|Bill|MrOrange|MrBlue|MrPink
STATE:149:ffffcr350r1750f:Kc2c|3sKd|6hQs|5h6d|Jc9h|As2d:350|-350|0|0|0|0:Pluribus|Bill|MrOrange|MrBlue|MrPink|Eddie
STATE:150:fr210fffc/cr360f:JcKh|Qs6s|Qh9c|6d6h|2sTs|4h7h/Th2c4d:-50|-210|0|260|0|0:Bill|MrOrange|MrBlue|MrPink|Eddie|Pluribus
STATE:151:ffr225ffc/cc/cr475f:Kd3h|Jd2d|9s4s|Ac7h|KsKc|7d9h/As5sQh/8d:-50|-225|0|0|275|0:MrOrange|MrBlue|MrPink|Eddie|Pluribus|Bill
STATE:152:ffr225fff:Ah3c|3s8c|Jd3h|5cQs|4h4s|5hKc:-50|-100|0|0|150|0:MrBlue|MrPink|Eddie|Pluribus|Bill|MrOrange
STATE:153:r200fcffc/ccr450cf/cr1895r10000f:Td8d|4h4c|6d6h|3hJc|AhQh|Js9h/Qs3c4s/Tc:-50|2145|-200|0|-1895|0:MrPink|Eddie|Pluribus|Bill|MrOrange|MrBlue
STATE:154:ffr225fr1150fc/cr2150f:QsQh|7h8s|8c4s|8dAc|AhJh|9c3h/As6d9d:-1150|-100|0|0|1250|0:Eddie|Pluribus|Bill|MrOrange|MrBlue|MrPink
STATE:155:fffr222fc/cc/r522c/cr1402f:Jh3c|QhJs|2c5h|9hKc|7sAc|As6d/4sTsTc/6h/4c:-50|-522|0|0|0|572:Pluribus|Bill|MrOrange|MrBlue|MrPink|Eddie
STATE:156:fr210r650fffr2000f:Kd9c|7s5h|Ac9h|KcJc|3dAd|Th4s:-50|-100|0|800|-650|0:Bill|MrOrange|MrBlue|MrPink|Eddie|Pluribus
STATE:157:ffffcc/cc/cr250c/cc:TsAc|6d8h|Tc3h|3cQc|3sTh|4hKs/JcKd7s/4c/Ad:250|-250|0|0|0|0:MrOrange|MrBlue|MrPink|Eddie|Pluribus|Bill
STATE:158:r200fffff:7h9c|4cJd|KcQc|Ah3d|7d2d|8cTh:-50|-100|150|0|0|0:MrBlue|MrPink|Eddie|Pluribus|Bill|MrOrange
STATE:159:fffr225r1050r2300fr10000c///:AsTs|JsJc|Ks2h|Jd4c|TcQs|6s5s/9cKh9d/7s/5d:-10000|10225|0|0|0|-225:MrPink|Eddie|Pluribus|Bill|MrOrange|MrBlue
STATE:160:fr205cffc/ccc/ccc/ccc:6dQh|2c4c|ThKs|AhQd|6s6c|9c8h/9h7s5h/Kd/2s:-50|-205|0|-205|460|0:Eddie|Pluribus|Bill|MrOrange|MrBlue|MrPink
STATE:161:fr225ffff:3c9h|2sAh|8cAd|QhQs|7s5h|Js5s:-50|-100|0|150|0|0:Pluribus|Bill|MrOrange|MrBlue|MrPink|Eddie
STATE:162:ffr200ffc/cr605f:2hKc|TdJc|2dTc|2cJs|ThAc|6hQc/4c6c2s:-50|-200|0|0|250|0:Bill|MrOrange|MrBlue|MrPink|Eddie|Pluribus
STATE:163:ffffcc/cr250f:7dAc|ThJd|6cAd|7cQc|6hAs|7h3c/Td2sJh:-100|100|0|0|0|0:MrOrange|MrBlue|MrPink|Eddie|Pluribus|Bill
STATE:164:r200ffffc/cr335r695c/cc/r1095r3335f:8hQd|4d6d|KhAc|8c9s|Qc2s|5cQs/4h6hJd/Qh/Ts:-50|-1095|1145|0|0|0:MrBlue|MrPink|Eddie|Pluribus|Bill|MrOrange
STATE:165:fr225fffc/cr475f:Ah6d|8c9c|3c3h|AcKs|6c8h|7dQs/5h4sKd:-50|-225|0|275|0|0:MrPink|Eddie|Pluribus|Bill|MrOrange|MrBlue
STATE:166:ffr225ffc/cc/r725f:9d3c|AcJc|Jh2c|5c3h|5sQs|2s9s/Tc3sJd/Ah:-50|275|0|0|-225|0:Eddie|Pluribus|Bill|MrOrange|MrBlue|MrPink
STATE:167:r200fffff:8d3d|Tc6d|ThQh|5d9s|9hTd|8sAc:-50|-100|150|0|0|0:Pluribus|Bill|MrOrange|MrBlue|MrPink|Eddie
STATE:168:r225ffffc/cc/cr600c/cr1680c:6dKs|8h6h|AsAh|Kc3h|Ac9s|3s9c/4c6cTh/2h/Jh:-50|1730|-1680|0|0|0:Bill|MrOrange|MrBlue|MrPink|Eddie|Pluribus
STATE:169:fffr250fc/cc/r465c/r1200c:9d5c|2hTh|6c2d|3h7d|9sKh|Qh8h/7sTc8s/5h/3s:-50|1250|0|0|0|-1200:MrOrange|MrBlue|MrPink|Eddie|Pluribus|Bill
