# name/game/hands/seed sample_game_73 ../lib/python-client/acpc_infrastructure/holdem.nolimit.6p.game 10000 73
#--t_response 600000000
#--t_hand 600000000
#--t_per_hand 600000000
STATE:0:ffr225fff:Qc6c|4hTc|5dJs|Kh7d|Ah7s|Td8s:-50|-100|0|0|150|0:Budd|Eddie|MrOrange|Bill|MrBlue|Pluribus
STATE:1:r225fffff:Ac5h|Jh4h|3dAd|5dQs|6cAh|9s7d:-50|-100|150|0|0|0:Eddie|MrOrange|Bill|MrBlue|Pluribus|Budd
STATE:2:r225ffr750ffc/cr1450f:4dKc|2sTh|AcQc|3h8c|TdKs|JdJh/8dTc2d:-50|-100|-750|0|0|900:MrOrange|Bill|MrBlue|Pluribus|Budd|Eddie
STATE:3:fffff:4sQc|Qh8d|Ts7d|2dJs|2hKs|Qd8h:-50|50|0|0|0|0:Bill|MrBlue|Pluribus|Budd|Eddie|MrOrange
STATE:4:r225fffff:Tc2c|Jc6d|KsQs|2d3c|4c5h|4h2s:-50|-100|150|0|0|0:MrBlue|Pluribus|Budd|Eddie|MrOrange|Bill
STATE:5:fffr225fr1100c/r1850c/r3950f:Th4c|QhAh|3d9s|Qs9d|7c3c|JcAc/Jh3h9h/5s:-50|1900|0|0|0|-1850:Pluribus|Budd|Eddie|MrOrange|Bill|MrBlue
STATE:6:fffr200cf/cr700f:KcQh|6cTd|6d4s|3s7d|6s4d|5c5d/Jh5s8h:-200|-100|0|0|0|300:Budd|Eddie|MrOrange|Bill|MrBlue|Pluribus
STATE:7:r225ffffc/cc/cr475r1780c/r6830f:4d9d|4s3s|QcAd|7s6c|8sJs|Tc6h/2hAc3c/7h/6d:-50|1830|-1780|0|0|0:Eddie|MrOrange|Bill|MrBlue|Pluribus|Budd
STATE:8:fffff:6dKc|6c3d|7d4h|Qd3c|2hJc|8c4c:-50|50|0|0|0|0:MrOrange|Bill|MrBlue|Pluribus|Budd|Eddie
STATE:9:fr225fffc/cc/cc/cc:Js5d|ThAd|2h9d|7cAc|Qd5s|9h3h/7s6h8d/Qc/Tc:-50|275|0|-225|0|0:Bill|MrBlue|Pluribus|Budd|Eddie|MrOrange
STATE:10:r225fffff:3s9d|2h3d|6hAh|Js6d|4hQs|Kc9h:-50|-100|150|0|0|0:MrBlue|Pluribus|Budd|Eddie|MrOrange|Bill
STATE:11:fffr225ff:3c5h|4hQs|2hAd|8cQc|6c3h|4cTc:-50|-100|0|0|0|150:Pluribus|Budd|Eddie|MrOrange|Bill|MrBlue
STATE:12:ffffr300c/r500r950f:9dKc|3hQh|Qd2c|5dKs|4hJs|7d8h/Jd2h6s:-500|500|0|0|0|0:Budd|Eddie|MrOrange|Bill|MrBlue|Pluribus
STATE:13:r225fcfff/cc/cc/cc:3s4d|4cKd|AsQc|5d8h|8d8c|Ac4s/5s6dTh/Kc/7h:-50|-100|-225|0|375|0:Eddie|MrOrange|Bill|MrBlue|Pluribus|Budd
STATE:14:r225fffff:As4h|8cQh|Jh9h|8s9s|JcAh|Ac7s:-50|-100|150|0|0|0:MrOrange|Bill|MrBlue|Pluribus|Budd|Eddie
STATE:15:fffff:5s9c|7d5c|JcKd|4sAc|8s5d|9s8c:-50|50|0|0|0|0:Bill|MrBlue|Pluribus|Budd|Eddie|MrOrange
STATE:16:ffr210fcc/ccc/r460r1590fc/cr4980c:Kc9c|Jh2h|4dAh|Qh7d|JdKd|4c5d/Ad2s9h/Kh/8h:-4980|5190|0|0|-210|0:MrBlue|Pluribus|Budd|Eddie|MrOrange|Bill
STATE:17:ffffcc/cc/cc/r300f:3d6d|9h3c|2d4c|Qc7s|2c6h|6cKs/Th7hTs/Qh/Jd:100|-100|0|0|0|0:Pluribus|Budd|Eddie|MrOrange|Bill|MrBlue
STATE:18:fffr250ff:7c6h|Jc4s|Qd8d|Js6s|Qc3h|5hJh:-50|-100|0|0|0|150:Budd|Eddie|MrOrange|Bill|MrBlue|Pluribus
STATE:19:ffffr300c/cc/cc/cc:3dAd|8h7s|3c4s|6d4c|9sQh|5d9c/Qs5s2c/Jd/Th:300|-300|0|0|0|0:Eddie|MrOrange|Bill|MrBlue|Pluribus|Budd
STATE:20:fffr222fc/cc/r469c/r1210c:7s8h|4hAc|7d5c|4dAh|2hKd|AdTs/7hTh5h/9s/Td:-50|-1210|0|0|0|1260:MrOrange|Bill|MrBlue|Pluribus|Budd|Eddie
STATE:21:fr225fffc/cr400f:6c9c|TdKd|Ah9s|KcKh|6s2s|Ts8s/2h7sAs:-50|-225|0|275|0|0:Bill|MrBlue|Pluribus|Budd|Eddie|MrOrange
STATE:22:ffffr300c/cc/cc/cc:Ah3d|Qh9c|9dJs|5s6c|QdTh|5dKs/QsAs2c/Kd/Ts:300|-300|0|0|0|0:MrBlue|Pluribus|Budd|Eddie|MrOrange|Bill
STATE:23:cffr300fff:3hKh|7s4c|5s2h|Qd3c|6hQh|Qs9s:-50|-100|-100|0|0|250:Pluribus|Budd|Eddie|MrOrange|Bill|MrBlue
STATE:24:ffffr300c/cr450c/cc/r750r2250f:QhQd|Jd4d|Tc2c|9h5d|4sQc|2h3c/8d5hAc/4h/4c:-750|750|0|0|0|0:Budd|Eddie|MrOrange|Bill|MrBlue|Pluribus
STATE:25:ffr225fff:Kd8h|9d4h|3cTs|9c2c|Ad9h|5sQd:-50|-100|0|0|150|0:Eddie|MrOrange|Bill|MrBlue|Pluribus|Budd
STATE:26:ffr225ffc/cr625f:2s7d|AsJc|8d6s|2h8s|6dQd|9s5s/7s9h3c:-50|-225|0|0|275|0:MrOrange|Bill|MrBlue|Pluribus|Budd|Eddie
STATE:27:ffffr300c/r600c/r1500f:7c9c|9sJc|2s7d|9dAs|4s3c|Qc5d/3s4cKh/Tc:600|-600|0|0|0|0:Bill|MrBlue|Pluribus|Budd|Eddie|MrOrange
STATE:28:ffffr300c/r750f:Js8s|3dKd|Jc2d|7s4c|QsTc|7d3s/9s4h6c:300|-300|0|0|0|0:MrBlue|Pluribus|Budd|Eddie|MrOrange|Bill
STATE:29:ffr225fff:Js8s|2d3d|3sAh|Th8c|9dJd|Kc4d:-50|-100|0|0|150|0:Pluribus|Budd|Eddie|MrOrange|Bill|MrBlue
STATE:30:fr225ffff:2d3d|3h8d|5sTh|6s8s|3c5h|Ah4c:-50|-100|0|150|0|0:Budd|Eddie|MrOrange|Bill|MrBlue|Pluribus
STATE:31:fffff:Td3c|3s6d|Kd8s|JdTs|5dQc|2d8d:-50|50|0|0|0|0:Eddie|MrOrange|Bill|MrBlue|Pluribus|Budd
STATE:32:ffr225fff:4d7h|Js5c|4h6s|Kd8s|8hAc|9s7s:-50|-100|0|0|150|0:MrOrange|Bill|MrBlue|Pluribus|Budd|Eddie
STATE:33:fffff:7c2s|TsJh|7dQh|6dTd|5hAc|4c3d:-50|50|0|0|0|0:Bill|MrBlue|Pluribus|Budd|Eddie|MrOrange
STATE:34:fr200ffff:As9h|Ts4d|4s8d|9dJd|Jc3c|5hTh:-50|-100|0|150|0|0:MrBlue|Pluribus|Budd|Eddie|MrOrange|Bill
STATE:35:r200fffff:4h2c|Jd2h|TcTs|Ad6h|8s7s|2sQh:-50|-100|150|0|0|0:Pluribus|Budd|Eddie|MrOrange|Bill|MrBlue
STATE:36:fr225ffff:3s5c|Qs8d|Kd4c|AhKc|Js2h|Qh9s:-50|-100|0|150|0|0:Budd|Eddie|MrOrange|Bill|MrBlue|Pluribus
STATE:37:fffr250fc/cr650c/cr1700f:Js8h|Ad6h|4hAc|7h6s|2h7s|Kc8s/Ts6c5c/7c:-50|-650|0|0|0|700:Eddie|MrOrange|Bill|MrBlue|Pluribus|Budd
STATE:38:r225ffffr1000c/r2025f:4dJh|AdQd|9d7d|7c9s|3c6h|8dJs/Jd5cQh:-50|1050|-1000|0|0|0:MrOrange|Bill|MrBlue|Pluribus|Budd|Eddie
STATE:39:r200fffff:Jh5d|2c9d|JcTh|Qd9c|9sQc|2s3d:-50|-100|150|0|0|0:Bill|MrBlue|Pluribus|Budd|Eddie|MrOrange
STATE:40:ffffr400r1000f:8sJc|KdKc|8h4c|2cTh|4s6d|3c2h:-400|400|0|0|0|0:MrBlue|Pluribus|Budd|Eddie|MrOrange|Bill
STATE:41:ffffr275f:AcJc|6h9s|7hJh|5h6c|Kc8h|3c8s:100|-100|0|0|0|0:Pluribus|Budd|Eddie|MrOrange|Bill|MrBlue
STATE:42:r210ffr1025ffr2250f:TdTc|KcJh|AhAc|6d5h|AsTh|7sKs:-50|-100|1175|0|0|-1025:Budd|Eddie|MrOrange|Bill|MrBlue|Pluribus
STATE:43:fffff:2d8h|8s6s|6h9s|9dQs|Qh3c|3d7d:-50|50|0|0|0|0:Eddie|MrOrange|Bill|MrBlue|Pluribus|Budd
STATE:44:r225fffff:4s5h|Jh6s|Kd9d|4c7d|Ks5s|JdQs:-50|-100|150|0|0|0:MrOrange|Bill|MrBlue|Pluribus|Budd|Eddie
STATE:45:fr225fffc/cr400c/cc/r1037c:9d4d|5h5c|Jd7s|QsJc|8c2d|6c3d/3c4hJs/7d/6s:-50|1087|0|-1037|0|0:Bill|MrBlue|Pluribus|Budd|Eddie|MrOrange
STATE:46:fffr250ff:4dJd|2c4h|8d7h|As9c|Ks3d|7cJc:-50|-100|0|0|0|150:MrBlue|Pluribus|Budd|Eddie|MrOrange|Bill
STATE:47:fffr225fc/cr425f:8cJd|7s9d|2d7d|5dKh|4hQc|8d6d/5cThTc:-50|-225|0|0|0|275:Pluribus|Budd|Eddie|MrOrange|Bill|MrBlue
STATE:48:r210fr730fffc/cc/cc/r1285f:3h9s|Js2c|QcKc|As9c|4s3s|3d2s/Qs4dAd/8c/2d:-50|-100|880|0|-730|0:Budd|Eddie|MrOrange|Bill|MrBlue|Pluribus
STATE:49:ffr200r720fr1975fr10000c///:4c8s|QcQd|8c3d|Kc7d|Qh7h|KsKd/5s2s4s/Qs/Ac:-50|-10000|0|0|-200|10250:Eddie|MrOrange|Bill|MrBlue|Pluribus|Budd
STATE:50:fffr222fc/cr372f:Qs6h|6c5d|9s7c|4h7s|2c3c|ThKd/JcJdTc:-50|-222|0|0|0|272:MrOrange|Bill|MrBlue|Pluribus|Budd|Eddie
STATE:51:ffr200ffc/cr605f:3h5d|7c5s|8sTd|Ad3c|KcKd|Kh4s/9h2d8h:-50|-200|0|0|250|0:Bill|MrBlue|Pluribus|Budd|Eddie|MrOrange
STATE:52:ffffr400r1000f:3dQs|9hTs|4d7d|2d7c|6s9d|Qh4s:-400|400|0|0|0|0:MrBlue|Pluribus|Budd|Eddie|MrOrange|Bill
STATE:53:fffr225cc/ccr562ff:ThAs|Tc4c|Jc3h|Jh2d|6sJs|9d5d/6hKs8d:-225|-225|0|0|0|450:Pluribus|Budd|Eddie|MrOrange|Bill|MrBlue
STATE:54:ffr225ffc/cr475f:3h7d|Js7s|8hAc|TsJc|2dAd|5c4h/Qd8dKs:-50|-225|0|0|275|0:Budd|Eddie|MrOrange|Bill|MrBlue|Pluribus
STATE:55:r225fffff:Ad6h|9d4h|9cJc|Js8c|8h3d|8s2h:-50|-100|150|0|0|0:Eddie|MrOrange|Bill|MrBlue|Pluribus|Budd
STATE:56:ffr225fff:Qs5s|4cTs|2hKh|7d5d|7h9h|3h4s:-50|-100|0|0|150|0:MrOrange|Bill|MrBlue|Pluribus|Budd|Eddie
STATE:57:ffffr300r900c/cc/cc/r2100f:5dAd|2s3h|2cKh|Kd8h|5c6h|3cKc/6s7h8c/Ks/9s:900|-900|0|0|0|0:Bill|MrBlue|Pluribus|Budd|Eddie|MrOrange
STATE:58:r225fcffc/ccc/ccr625cc/ccc:Kc3s|7d6h|AdAc|3d5h|8s8c|8hQc/9d7h6s/Ts/4s:-50|-625|-625|0|1300|0:MrBlue|Pluribus|Budd|Eddie|MrOrange|Bill
STATE:59:ffr225r780ffc/cc/cr1936f:Tc8d|Jd4d|Ks6d|6sKd|3c3d|QhAd/5h6cTh/7h:-50|-100|0|0|-780|930:Pluribus|Budd|Eddie|MrOrange|Bill|MrBlue
STATE:60:fffr250fc/cc/r415c/r675f:6d4h|JhQd|9d6h|7sTs|6s8c|9sAh/3s4s5h/5d/7d:-50|465|0|0|0|-415:Budd|Eddie|MrOrange|Bill|MrBlue|Pluribus
STATE:61:fffr250cf/cc/cr550f:5d5c|8dKh|3c5h|4c3d|Js2d|3sKs/7dQhTs/4h:-250|-100|0|0|0|350:Eddie|MrOrange|Bill|MrBlue|Pluribus|Budd
STATE:62:r225fffff:8c4h|5c2h|KsTs|6d4c|8d6s|Qd7s:-50|-100|150|0|0|0:MrOrange|Bill|MrBlue|Pluribus|Budd|Eddie
STATE:63:fffff:Th5c|Qd9c|Jd4h|3cKc|6h7s|3hJh:-50|50|0|0|0|0:Bill|MrBlue|Pluribus|Budd|Eddie|MrOrange
STATE:64:fffff:8s4d|Kd3h|7sTd|Kh6s|9c6h|9s3c:-50|50|0|0|0|0:MrBlue|Pluribus|Budd|Eddie|MrOrange|Bill
STATE:65:fffr225r912ff:9s9d|5hTs|2cTc|2hAc|4cTh|5sAh:325|-100|0|0|0|-225:Pluribus|Budd|Eddie|MrOrange|Bill|MrBlue
STATE:66:ffr225fcf/cc/cr637c/cr1757f:8d8c|7h5d|8h6c|7d8s|3d4d|TdKs/6hTsQd/7s/5s:-637|-100|0|0|737|0:Budd|Eddie|MrOrange|Bill|MrBlue|Pluribus
STATE:67:fffr250ff:TcQh|2h7s|Jc2c|As4c|8c3c|Js9c:-50|-100|0|0|0|150:Eddie|MrOrange|Bill|MrBlue|Pluribus|Budd
STATE:68:r225fffr1150fr2500f:JsJc|4cTh|5sAs|3cKs|Jh8d|7s3d:-1150|-100|1250|0|0|0:MrOrange|Bill|MrBlue|Pluribus|Budd|Eddie
STATE:69:ffffr300c/cc/cc/cc:Ks2s|As5s|3d4d|Qs8d|6s8c|Qh7c/4hTcTh/9h/Qc:-300|300|0|0|0|0:Bill|MrBlue|Pluribus|Budd|Eddie|MrOrange
STATE:70:fr200fr725ffr10000c///:8sTd|As9h|5h6d|KsAc|Jc9c|QhQs/Qd3c2d/7c/4h:-50|-100|0|-10000|0|10150:MrBlue|Pluribus|Budd|Eddie|MrOrange|Bill
STATE:71:fr210fcfc/ccr550ff:3d6c|8sJs|2s2h|As5s|4s6d|JcJh/5dTc7c:-50|-210|0|-210|0|470:Pluribus|Budd|Eddie|MrOrange|Bill|MrBlue
STATE:72:fffr250ff:3c7h|8d6s|2cKs|4hKh|2hTd|9d9h:-50|-100|0|0|0|150:Budd|Eddie|MrOrange|Bill|MrBlue|Pluribus
STATE:73:ffr287ffc/cc/r1087c/r3637f:9h6h|5dKd|Jh6c|4hKs|2sAs|7cQc/Ac4s3c/9d/Qs:-50|1137|0|0|-1087|0:Eddie|MrOrange|Bill|MrBlue|Pluribus|Budd
STATE:74:r225fffff:5dQc|Ts8h|8s8c|9c6h|5h2c|9s4c:-50|-100|150|0|0|0:MrOrange|Bill|MrBlue|Pluribus|Budd|Eddie
STATE:75:r200r720fffff:4s7c|3sAc|JcAh|TcTs|4d8d|5d4c:-50|-100|-200|350|0|0:Bill|MrBlue|Pluribus|Budd|Eddie|MrOrange
STATE:76:ffr215fr1050ff:QcQh|9c4c|8cAd|Th7s|Kh9h|3cKs:315|-100|0|0|-215|0:MrBlue|Pluribus|Budd|Eddie|MrOrange|Bill
STATE:77:fffr225cr1150ff:As2s|KcQh|5d4h|9sKh|3d6h|2dAh:-225|450|0|0|0|-225:Pluribus|Budd|Eddie|MrOrange|Bill|MrBlue
STATE:78:fffr250r1050ff:JdQd|9d2h|8c7s|6s8d|Tc7d|Js5s:350|-100|0|0|0|-250:Budd|Eddie|MrOrange|Bill|MrBlue|Pluribus
STATE:79:ffr225fff:Jc6h|4s3d|Qs3c|6d2c|QcQd|8hAs:-50|-100|0|0|150|0:Eddie|MrOrange|Bill|MrBlue|Pluribus|Budd
STATE:80:ffr225fr1100fc/cr1850c/cc/cc:QsQd|6c9d|8d2c|9sAh|JhQh|4d6d/4hTsKc/6s/8h:1950|-100|0|0|-1850|0:MrOrange|Bill|MrBlue|Pluribus|Budd|Eddie
STATE:81:fr225fffc/cr400r825f:Qc6c|2cAd|Ks8d|8hKh|Jd9c|Jc2h/4h4c2s:-50|450|0|-400|0|0:Bill|MrBlue|Pluribus|Budd|Eddie|MrOrange
STATE:82:ffr215fff:3c9d|4cTs|5sKs|8c5d|JhJd|8h2c:-50|-100|0|0|150|0:MrBlue|Pluribus|Budd|Eddie|MrOrange|Bill
STATE:83:r200ffffc/cc/cc/cr425f:4c9c|9hAs|8h8d|Qs5d|2dKh|7cJh/7h7dTs/4h/8c:-50|-200|250|0|0|0:Pluribus|Budd|Eddie|MrOrange|Bill|MrBlue
STATE:84:ffr225ffc/cc/cc/cc:2s7s|Ad5s|6hKs|5cTd|TsAh|4c7h/6c8hQs/Qc/3c:-50|-225|0|0|275|0:Budd|Eddie|MrOrange|Bill|MrBlue|Pluribus
STATE:85:ffr200ffc/cr425r900c/cr1362f:3h9s|KdTs|Th7c|Ks4h|TcQc|2dJd/QhJhJs/Qs:-50|-900|0|0|950|0:Eddie|MrOrange|Bill|MrBlue|Pluribus|Budd
STATE:86:fffff:5dKs|4c5c|3hAc|9hQs|3sAd|6sTc:-50|50|0|0|0|0:MrOrange|Bill|MrBlue|Pluribus|Budd|Eddie
STATE:87:r200fffff:KsJh|4hTs|KhAh|Kc2s|3d6d|5s2c:-50|-100|150|0|0|0:Bill|MrBlue|Pluribus|Budd|Eddie|MrOrange
STATE:88:ffr215fff:6d2c|8hJc|8c4c|6cQc|AhKd|4s9c:-50|-100|0|0|150|0:MrBlue|Pluribus|Budd|Eddie|MrOrange|Bill
STATE:89:fr215r660fffc/cc/r2560f:7h3s|6sJc|Ts6h|QcAc|7c8c|4d4h/2dQhTh/7s:-50|-100|0|810|-660|0:Pluribus|Budd|Eddie|MrOrange|Bill|MrBlue
STATE:90:fr225ffff:4hKd|Qh2d|7hJh|AcAs|Th8d|Js4s:-50|-100|0|150|0|0:Budd|Eddie|MrOrange|Bill|MrBlue|Pluribus
STATE:91:fffff:2cQh|6cKc|9c6s|7c5d|2dJs|Ks4c:-50|50|0|0|0|0:Eddie|MrOrange|Bill|MrBlue|Pluribus|Budd
STATE:92:ffffr250c/cr500c/cr2000f:JhKh|Qc8h|9hTc|4h7s|2dTh|2h8s/Jc4c5c/2s:-500|500|0|0|0|0:MrOrange|Bill|MrBlue|Pluribus|Budd|Eddie
STATE:93:fffr250fc/cc/cc/r430f:Jd9s|6h8s|Tc5s|2sAd|4h3h|8hAh/Qs5dKs/6d/2h:-50|300|0|0|0|-250:Bill|MrBlue|Pluribus|Budd|Eddie|MrOrange
STATE:94:ffffcr275c/cr550f:Kc7d|7s6s|QdJc|3s5h|8hTd|9h5c/4h9d6c:-275|275|0|0|0|0:MrBlue|Pluribus|Budd|Eddie|MrOrange|Bill
STATE:95:fffr225ff:4c2d|3s4d|KdJc|2c9h|Ad8s|9sAc:-50|-100|0|0|0|150:Pluribus|Budd|Eddie|MrOrange|Bill|MrBlue
STATE:96:ffffr300f:Th7h|Qs5d|Qh6h|4d3c|8dKh|9s5h:100|-100|0|0|0|0:Budd|Eddie|MrOrange|Bill|MrBlue|Pluribus
STATE:97:fffr250fr1200c/r2000f:Kd9h|KhAd|6s7c|Jc5s|4hAs|KsTs/2h6h2d:-50|1250|0|0|0|-1200:Eddie|MrOrange|Bill|MrBlue|Pluribus|Budd
STATE:98:ffr225ffc/cr400r775f:4d2h|8dKd|KsQc|4c9c|6d5d|6c9d/4hQdKh:-50|450|0|0|-400|0:MrOrange|Bill|MrBlue|Pluribus|Budd|Eddie
STATE:99:fffff:2sJc|9dQd|TcQh|5c3c|2hJh|Ts7s:-50|50|0|0|0|0:Bill|MrBlue|Pluribus|Budd|Eddie|MrOrange
STATE:100:fffr250fr1075f:7dJs|TcKh|Th8d|4cQc|4sKs|2cKc:-50|300|0|0|0|-250:MrBlue|Pluribus|Budd|Eddie|MrOrange|Bill
STATE:101:fcffcc/cr200r524ff:4sQs|2c4c|Ac5s|Td9d|9hKs|7s3d/Qc8h6c:-100|-200|0|300|0|0:Pluribus|Budd|Eddie|MrOrange|Bill|MrBlue
STATE:102:fr225fffc/cc/r475f:Th3d|7h7c|3cTs|Qh8h|3hKs|Td7s/4d2d6h/3s:-50|275|0|-225|0|0:Budd|Eddie|MrOrange|Bill|MrBlue|Pluribus
STATE:103:fffr250fc/cr425c/cc/r1225c:3hKd|9hAs|4cTc|6sQs|4d6d|2cQc/Ah3cJc/7h/Qd:-50|1275|0|0|0|-1225:Eddie|MrOrange|Bill|MrBlue|Pluribus|Budd
STATE:104:ffr225fr1100ff:QsQh|As7h|Th3d|3c9c|QcTd|2hJd:325|-100|0|0|-225|0:MrOrange|Bill|MrBlue|Pluribus|Budd|Eddie
STATE:105:r200ffffc/cc/cc/cr425f:AhJd|Kc9c|9hJh|2dQc|Ac6h|6dTc/5d3cAs/4s/Qd:-50|-200|250|0|0|0:Bill|MrBlue|Pluribus|Budd|Eddie|MrOrange
STATE:106:fffr250ff:Jh7s|3sQc|4s9h|9sQh|Ac5d|JsKd:-50|-100|0|0|0|150:MrBlue|Pluribus|Budd|Eddie|MrOrange|Bill
STATE:107:fffr225cr1150ff:AdTh|Qd8s|5c4h|JsQh|9h5s|9d4d:-225|450|0|0|0|-225:Pluribus|Budd|Eddie|MrOrange|Bill|MrBlue
STATE:108:fffr250ff:Qc2c|Td4h|3cAs|Qh7c|4s3d|8dKh:-50|-100|0|0|0|150:Budd|Eddie|MrOrange|Bill|MrBlue|Pluribus
STATE:109:ffr250fcc/ccr1000ff:8d8s|9h6h|5hJs|4s3d|JdKd|5d4c/5s4hKc:-250|-250|0|0|500|0:Eddie|MrOrange|Bill|MrBlue|Pluribus|Budd
STATE:110:ffr225r800ffc/cr1500r2850c/cc/cr10000f:2c7s|Jc3h|6c7h|8cQs|6h5h|8dQd/7c6s9s/Kc/4c:-50|-100|0|0|-2850|3000:MrOrange|Bill|MrBlue|Pluribus|Budd|Eddie
STATE:111:fffr250fc/cr400r825f:8dKd|8c5c|4hKh|Ad9c|6s8h|QsTc/6c2h2d:-50|450|0|0|0|-400:Bill|MrBlue|Pluribus|Budd|Eddie|MrOrange
STATE:112:fffr250ff:Qc2d|Jd2c|5h4s|Qh9d|4hKs|KcTh:-50|-100|0|0|0|150:MrBlue|Pluribus|Budd|Eddie|MrOrange|Bill
STATE:113:ffffcc/r200f:8cQd|2hTc|Qc5d|3dKd|Td6s|9c2s/AhAs4h:100|-100|0|0|0|0:Pluribus|Budd|Eddie|MrOrange|Bill|MrBlue
STATE:114:ffr225fcf/cc/cr625f:KsQh|Jd2c|3c7d|Qd9s|KcTc|Td2s/7h4c2d/Ts:-225|-100|0|0|325|0:Budd|Eddie|MrOrange|Bill|MrBlue|Pluribus
STATE:115:ffffr300c/cc/cr550f:6sKs|Js8d|3s4h|5hTd|8h2d|5sJh/3cTc3d/9d:-300|300|0|0|0|0:Eddie|MrOrange|Bill|MrBlue|Pluribus|Budd
STATE:116:fffff:7hJs|9cQd|Jh7c|3c4c|5sQs|8s6h:-50|50|0|0|0|0:MrOrange|Bill|MrBlue|Pluribus|Budd|Eddie
STATE:117:fffff:7d3c|7s5h|Js4h|Jd6c|9c5d|Qd9h:-50|50|0|0|0|0:Bill|MrBlue|Pluribus|Budd|Eddie|MrOrange
STATE:118:fffr250cc/ccc/ccc/cr625cf:3s3d|3h7h|Kh4d|6cJs|2h8d|9h9c/Qs5cAd/4h/Ac:-250|-625|0|0|0|875:MrBlue|Pluribus|Budd|Eddie|MrOrange|Bill
STATE:119:ffr225cff/cc/cc/r675c:Jh8h|Ts8d|Ac4h|Kh7s|6c5c|KsJs/Kd7dAd/Qc/8s:-50|-100|0|0|-675|825:Pluribus|Budd|Eddie|MrOrange|Bill|MrBlue
STATE:120:fr225ffff:5dKs|9s3d|8c6d|4d4s|Tc5s|3hJs:-50|-100|0|150|0|0:Budd|Eddie|MrOrange|Bill|MrBlue|Pluribus
STATE:121:ffffcc/cc/cc/r300f:7sJd|Qc7h|Ts5h|3hQd|Td5s|4c2h/Kh5d9d/Ad/2d:100|-100|0|0|0|0:Eddie|MrOrange|Bill|MrBlue|Pluribus|Budd
STATE:122:r225fffff:4hAd|Kc8d|6s7s|3s4d|5s8h|Qh7d:-50|-100|150|0|0|0:MrOrange|Bill|MrBlue|Pluribus|Budd|Eddie
STATE:123:fffr250ff:Tc8h|8d3s|6s2h|Jc7d|7c2d|AdKs:-50|-100|0|0|0|150:Bill|MrBlue|Pluribus|Budd|Eddie|MrOrange
STATE:124:fr200fffc/cr335c/cr625c/cr1600c:Kc2d|3d5h|7sKs|QdJc|2hAh|6cQc/5c4sQs/2s/Jd:-50|-1600|0|1650|0|0:MrBlue|Pluribus|Budd|Eddie|MrOrange|Bill
STATE:125:fr215ffcf/cc/cc/r1275f:4h5h|4dTs|3c6d|JcAs|TcKs|7h9s/6s8cQh/Td/7s:315|-100|0|-215|0|0:Pluribus|Budd|Eddie|MrOrange|Bill|MrBlue
STATE:126:ffr225r825fff:7c7h|2cAh|5dQs|8hJd|6hAc|QdAs:-50|-100|0|0|-225|375:Budd|Eddie|MrOrange|Bill|MrBlue|Pluribus
STATE:127:ffffr300f:7h6d|3cJd|Qd5s|Ah4c|9d2c|3hTc:100|-100|0|0|0|0:Eddie|MrOrange|Bill|MrBlue|Pluribus|Budd
STATE:128:ffr225cff/cc/r525c/r1125r10000f:7h8d|3s2h|Qh3d|5c9h|8c9c|AsQc/3h8h4s/6s/Ts:-50|-100|0|0|-1125|1275:MrOrange|Bill|MrBlue|Pluribus|Budd|Eddie
STATE:129:ffr200fff:JdTs|3hTc|Qc2h|3c6c|8c7c|6dJh:-50|-100|0|0|150|0:Bill|MrBlue|Pluribus|Budd|Eddie|MrOrange
STATE:130:r225fffff:Ks9c|8hTs|QdQh|7d4s|7s5s|5h7h:-50|-100|150|0|0|0:MrBlue|Pluribus|Budd|Eddie|MrOrange|Bill
STATE:131:fffff:7c3c|3s9s|Qc8c|2h5d|9c5c|5s3d:-50|50|0|0|0|0:Pluribus|Budd|Eddie|MrOrange|Bill|MrBlue
STATE:132:fffff:2d3h|9d5s|KcJd|7d3s|6cKh|4h6s:-50|50|0|0|0|0:Budd|Eddie|MrOrange|Bill|MrBlue|Pluribus
STATE:133:fr225ffff:5h4d|2cKs|8c3s|QdAs|7h6d|3h6s:-50|-100|0|150|0|0:Eddie|MrOrange|Bill|MrBlue|Pluribus|Budd
STATE:134:fffff:7d5h|9c3s|5dAh|4sQh|2sKc|9s5c:-50|50|0|0|0|0:MrOrange|Bill|MrBlue|Pluribus|Budd|Eddie
STATE:135:r200ffffc/cc/cr425f:2h4c|5d3d|As9s|TcQh|6dAc|Jd5h/9cQsJc/7s:-50|-200|250|0|0|0:Bill|MrBlue|Pluribus|Budd|Eddie|MrOrange
STATE:136:ffr215cff/cr415f:3d5s|4h7c|3cQc|Td4s|Ad2d|As8s/JcJhQh:-50|-100|0|0|-215|365:MrBlue|Pluribus|Budd|Eddie|MrOrange|Bill
STATE:137:fffr225fr1100r2500r10000c///:2h3d|AsKd|8s3s|Ac3h|Jh9c|ThTc/2s8h7s/4h/6d:-50|-10000|0|0|0|10050:Pluribus|Budd|Eddie|MrOrange|Bill|MrBlue
STATE:138:ffffr300c/cc/cc/cr750f:8hQc|JsAd|5sQs|8c9h|4s2d|4c9c/7c8d5c/Ah/Kd:-300|300|0|0|0|0:Budd|Eddie|MrOrange|Bill|MrBlue|Pluribus
STATE:139:fffr250r1150fc/r2850f:QcKc|3d9d|8h2d|5c4s|5d4h|AcJh/2hQh9c:1250|-100|0|0|0|-1150:Eddie|MrOrange|Bill|MrBlue|Pluribus|Budd
STATE:140:fffr222ff:Qd4s|5h9d|2h8h|3c5d|Ah4d|9cTd:-50|-100|0|0|0|150:MrOrange|Bill|MrBlue|Pluribus|Budd|Eddie
STATE:141:r200ffffc/cr650c/cr1325c/cr4025r10000c:4s3h|8sTd|7s7c|9h8h|2c3d|6s3c/7h9s2s/6d/Ah:-50|10050|-10000|0|0|0:Bill|MrBlue|Pluribus|Budd|Eddie|MrOrange
STATE:142:fr200fffc/cr335f:4d2d|8sKc|2c2h|TsKs|9d7c|4c2s/5h5d3c:-50|-200|0|250|0|0:MrBlue|Pluribus|Budd|Eddie|MrOrange|Bill
STATE:143:fffr225fc/cr600f:4hQh|5sTs|Kd2s|JcQs|6sAh|5hAc/9dKcAd:-50|-225|0|0|0|275:Pluribus|Budd|Eddie|MrOrange|Bill|MrBlue
STATE:144:fr225ffff:3h4h|8hKs|6cAs|JdJs|Kd5c|Ah8c:-50|-100|0|150|0|0:Budd|Eddie|MrOrange|Bill|MrBlue|Pluribus
STATE:145:r225fffff:8hTs|4dTc|5d6d|Qc3s|3h2c|Ac7c:-50|-100|150|0|0|0:Eddie|MrOrange|Bill|MrBlue|Pluribus|Budd
STATE:146:fffff:Jc6h|3d7c|4c5d|6dJs|8sAd|2hKc:-50|50|0|0|0|0:MrOrange|Bill|MrBlue|Pluribus|Budd|Eddie
STATE:147:r200ffffc/cr425c/cc/cr1100r4925f:3d7c|TcTh|KhAs|TsJd|3c2h|4h8c/Kc4c2c/Kd/Td:-50|1150|-1100|0|0|0:Bill|MrBlue|Pluribus|Budd|Eddie|MrOrange
