# name/game/hands/seed sample_game_43 ../lib/python-client/acpc_infrastructure/holdem.nolimit.6p.game 10000 43
#--t_response 600000000
#--t_hand 600000000
#--t_per_hand 600000000
STATE:0:r225fr700ffff:6cAc|8sKs|Kh9h|7dQh|TdTh|TsQs:-50|-100|-225|0|375|0:Eddie|MrBrown|MrBlue|Bill|MrPink|Pluribus
STATE:1:fr210cffc/ccc/cr550ff:Qd2c|6s9h|4sJs|JhKh|KcJc|5c4d/4h8h5d/4c:-50|-210|0|470|-210|0:MrBrown|MrBlue|Bill|MrPink|Pluribus|Eddie
STATE:2:r210ffffc/cc/r445f:5d9c|4s7s|QcJc|Jd8s|Ah5s|4cTc/3s7c8d/3d:-50|260|-210|0|0|0:MrBlue|Bill|MrPink|Pluribus|Eddie|MrBrown
STATE:3:r200fffff:2c4h|Js4d|8hTh|Tc7d|6sJh|8d7s:-50|-100|150|0|0|0:Bill|MrPink|Pluribus|Eddie|MrBrown|MrBlue
STATE:4:ffffr300f:7c5c|Qc2d|2hAc|4dKd|3h9s|4s6h:100|-100|0|0|0|0:MrPink|Pluribus|Eddie|MrBrown|MrBlue|Bill
STATE:5:fffr250r1150ff:KcAs|Tc6c|8d3h|QdTs|7s8c|8s5s:350|-100|0|0|0|-250:Pluribus|Eddie|MrBrown|MrBlue|Bill|MrPink
STATE:6:fr225fr825ffc/cr1725c/cc/cc:Qc5c|5h6s|6d4s|AhTh|Tc6c|AdKc/7h5dQd/7s/9h:-50|-100|0|-1725|0|1875:Eddie|MrBrown|MrBlue|Bill|MrPink|Pluribus
STATE:7:ffffcc/cc/r300f:6s7s|9c5s|3s9h|Ad3h|2dTs|Qc2h/6cJd5h/7c:100|-100|0|0|0|0:MrBrown|MrBlue|Bill|MrPink|Pluribus|Eddie
STATE:8:r210fffff:Ac5h|9d5s|AsQs|Ah7s|Th2h|2c5c:-50|-100|150|0|0|0:MrBlue|Bill|MrPink|Pluribus|Eddie|MrBrown
STATE:9:fr200fffc/cc/r350r850c/cc:6d3s|3d5h|Kh9c|7c7d|9d2d|8c5s/6s2s4s/7h/8h:-50|900|0|-850|0|0:Bill|MrPink|Pluribus|Eddie|MrBrown|MrBlue
STATE:10:r200r600fr1375ffff:Ts4c|JsTd|2hAh|QdAc|KhTc|QhQc:-50|-100|-200|-600|0|950:MrPink|Pluribus|Eddie|MrBrown|MrBlue|Bill
STATE:11:fffr250fr1300f:7dQs|9c9d|6dJc|2hJd|7h3c|Kc8h:-50|300|0|0|0|-250:Pluribus|Eddie|MrBrown|MrBlue|Bill|MrPink
STATE:12:ffffr300f:4sTs|8d4h|2d9d|2cJd|7c4c|7d8s:100|-100|0|0|0|0:Eddie|MrBrown|MrBlue|Bill|MrPink|Pluribus
STATE:13:ffffr300c/cc/cc/cr725r1150f:ThQh|JsAc|3s5c|2cJd|Jh7s|4dQc/JcTcKh/6s/As:725|-725|0|0|0|0:MrBrown|MrBlue|Bill|MrPink|Pluribus|Eddie
STATE:14:r210fffff:Qd6d|3h5d|KcJc|Ts4s|3s5c|Qs9d:-50|-100|150|0|0|0:MrBlue|Bill|MrPink|Pluribus|Eddie|MrBrown
STATE:15:fr200r600ffff:9s8s|5s2h|Ah7c|JsKd|8h9h|6h2c:-50|-100|0|-200|350|0:Bill|MrPink|Pluribus|Eddie|MrBrown|MrBlue
STATE:16:fffr287fc/cr599c/cc/r1223f:8hKh|ThAc|8dJd|Qs9d|2cQh|9sQc/7cAs9h/2h/Tc:-50|649|0|0|0|-599:MrPink|Pluribus|Eddie|MrBrown|MrBlue|Bill
STATE:17:fffr250fr1300r2650c/cr4000f:7sAh|AcQh|Qd9s|8d6s|6dJc|KdAd/Ks6c5h:-50|-2650|0|0|0|2700:Pluribus|Eddie|MrBrown|MrBlue|Bill|MrPink
STATE:18:r225ffffc/cr475f:3s7d|8cQd|6d6h|4dJs|6c3c|6sQc/Kh7cJc:-50|-225|275|0|0|0:Eddie|MrBrown|MrBlue|Bill|MrPink|Pluribus
STATE:19:fffr222fr1050r2350r10000c///:9dQd|TcTh|Jc8s|6c3s|Jd9s|QhQs/KhAs3c/5h/Ad:-50|-10000|0|0|0|10050:MrBrown|MrBlue|Bill|MrPink|Pluribus|Eddie
STATE:20:fffr250ff:9cQd|3s5h|6s9s|4dKc|2s8c|3cAd:-50|-100|0|0|0|150:MrBlue|Bill|MrPink|Pluribus|Eddie|MrBrown
STATE:21:ffr250ffc/cr662f:7cKd|QsTh|Kh6s|4h7d|JcJd|4d9s/7s4c8d:-50|-250|0|0|300|0:Bill|MrPink|Pluribus|Eddie|MrBrown|MrBlue
STATE:22:ffr225ffr1225c/cc/cc/cr2225r6725c:5s8d|KdAd|5c3d|Kc8c|As6s|Jd2s/4d9d7h/9s/6c:-50|-6725|0|0|6775|0:MrPink|Pluribus|Eddie|MrBrown|MrBlue|Bill
STATE:23:ffffr300c/cr780f:Qh9d|6d6h|5sAc|8d7s|4hTd|7d5h/3c4d3h:-300|300|0|0|0|0:Pluribus|Eddie|MrBrown|MrBlue|Bill|MrPink
STATE:24:fr225ffff:5d3s|Jc3h|9dQh|KhAc|2h5s|6cTs:-50|-100|0|150|0|0:Eddie|MrBrown|MrBlue|Bill|MrPink|Pluribus
STATE:25:ffr225fr750ff:7c6c|Kd7s|9s3s|3h2h|JcQd|Jh5c:325|-100|0|0|-225|0:MrBrown|MrBlue|Bill|MrPink|Pluribus|Eddie
STATE:26:fr250ffff:Kh4h|Th6c|5d8d|QhAh|5h8s|3s9c:-50|-100|0|150|0|0:MrBlue|Bill|MrPink|Pluribus|Eddie|MrBrown
STATE:27:fffr225fc/cr475f:7d2s|Kc9s|6hJs|4h5d|2c6d|TsAd/Ah4dJh:-50|-225|0|0|0|275:Bill|MrPink|Pluribus|Eddie|MrBrown|MrBlue
STATE:28:fr225ffff:Td9c|2d7d|4cQd|KhQs|Jh3s|5hTh:-50|-100|0|150|0|0:MrPink|Pluribus|Eddie|MrBrown|MrBlue|Bill
STATE:29:ffffr250f:JsQs|3cTd|5h6d|3s4c|6s8d|Qh7s:100|-100|0|0|0|0:Pluribus|Eddie|MrBrown|MrBlue|Bill|MrPink
STATE:30:fffr225fc/cc/cr350r1100c/cc:5cKs|4cAc|6d8c|6c2h|2s8d|8hTh/5sTs7d/2c/4h:-50|-1100|0|0|0|1150:Eddie|MrBrown|MrBlue|Bill|MrPink|Pluribus
STATE:31:r225fffff:9h8c|5hJs|ThQh|8d7s|9d2h|2dTs:-50|-100|150|0|0|0:MrBrown|MrBlue|Bill|MrPink|Pluribus|Eddie
STATE:32:fr200fffr900f:5c2h|6s5s|7dTc|KsTh|7cKd|Ah8s:-50|250|0|-200|0|0:MrBlue|Bill|MrPink|Pluribus|Eddie|MrBrown
STATE:33:fffr225fr1150r2475f:6d4h|As8d|Ah8s|5sKc|2s7c|JcKd:-50|-1150|0|0|0|1200:Bill|MrPink|Pluribus|Eddie|MrBrown|MrBlue
STATE:34:fffr287fc/cc/cc/cc:5h9c|JdQd|9hQc|3s6d|Ks4c|Qh6h/Kd8s2d/Kc/9s:-50|337|0|0|0|-287:MrPink|Pluribus|Eddie|MrBrown|MrBlue|Bill
STATE:35:ffffr200f:KhKc|8cAh|3dJc|2cTd|7d2d|7c6s:100|-100|0|0|0|0:Pluribus|Eddie|MrBrown|MrBlue|Bill|MrPink
STATE:36:fr225ffff:8c6c|Td6s|8s3c|TsAs|Ah9c|Qc3h:-50|-100|0|150|0|0:Eddie|MrBrown|MrBlue|Bill|MrPink|Pluribus
STATE:37:fffr222ff:5c7c|Kc2d|6s8d|Td4d|Ks4c|Ah6c:-50|-100|0|0|0|150:MrBrown|MrBlue|Bill|MrPink|Pluribus|Eddie
STATE:38:fffr250cf/cr550f:4h4c|Jd6h|2h8s|7d9d|8c6d|3s4s/9sThAs:-250|-100|0|0|0|350:MrBlue|Bill|MrPink|Pluribus|Eddie|MrBrown
STATE:39:fr200fcfc/ccc/ccc/ccr705r2365ff:2s6d|Jh9h|Td7d|TsAd|8cQd|2c2h/KcTcQh/6s/4c:-50|955|0|-200|0|-705:Bill|MrPink|Pluribus|Eddie|MrBrown|MrBlue
STATE:40:ffr225fr1050fr2675f:KhTh|3cQh|7c2d|Jh3h|KcKd|2sJc:-1050|-100|0|0|1150|0:MrPink|Pluribus|Eddie|MrBrown|MrBlue|Bill
STATE:41:ffr225fff:4hQs|3hQd|2d8s|7h3c|JcJs|9hKd:-50|-100|0|0|150|0:Pluribus|Eddie|MrBrown|MrBlue|Bill|MrPink
STATE:42:ffr210ffc/cc/cc/r680c:ThJc|Kc7h|3cTc|2cQs|KdJh|Qh6d/AsKh2s/4c/7d:-50|730|0|0|-680|0:Eddie|MrBrown|MrBlue|Bill|MrPink|Pluribus
STATE:43:fffr222cf/cr522f:Ad9d|6sTh|Jd4d|2sTs|Qc7s|Tc9h/6dJc8h:-222|-100|0|0|0|322:MrBrown|MrBlue|Bill|MrPink|Pluribus|Eddie
STATE:44:fffr250fr1100f:Ad4s|AhKs|Qh8s|7s3s|Qd5c|4c2c:-50|300|0|0|0|-250:MrBlue|Bill|MrPink|Pluribus|Eddie|MrBrown
STATE:45:fffr225fc/cr475c/cc/cc:6cTs|2h4h|4c8d|2cJs|3cKd|As3s/2dQd4d/Qc/Ac:-50|-475|0|0|0|525:Bill|MrPink|Pluribus|Eddie|MrBrown|MrBlue
STATE:46:ffr225ffc/cr475r975f:5d7c|TdJs|6h4s|Jc2s|3s3c|7s3d/2d7dQs:-50|525|0|0|-475|0:MrPink|Pluribus|Eddie|MrBrown|MrBlue|Bill
STATE:47:r225ffffc/cc/cc/cc:Ad8c|9s7s|JcKc|2c3h|4c8h|9hQh/4dAc3s/7c/5d:-50|275|-225|0|0|0:Pluribus|Eddie|MrBrown|MrBlue|Bill|MrPink
STATE:48:fr225fffc/cr375f:6dQs|5s6s|Qc8c|Td9d|2c6h|Qd9h/7hQh4h:-50|-225|0|275|0|0:Eddie|MrBrown|MrBlue|Bill|MrPink|Pluribus
STATE:49:r225ffffc/cc/cr475c/cr1225f:7h2c|TdKd|QsTs|5hAd|AcJd|7s3d/5d4hQd/3s/8h:-50|-475|525|0|0|0:MrBrown|MrBlue|Bill|MrPink|Pluribus|Eddie
STATE:50:ffr200fff:7d2d|5s4h|4d2c|Tc8h|5h7h|Ts5c:-50|-100|0|0|150|0:MrBlue|Bill|MrPink|Pluribus|Eddie|MrBrown
STATE:51:fffff:6hQc|9hTh|7hQd|3dJc|Ac6d|2d8d:-50|50|0|0|0|0:Bill|MrPink|Pluribus|Eddie|MrBrown|MrBlue
STATE:52:fffr287ff:3h6d|7d4h|2s3d|9d7s|2c5d|TsJc:-50|-100|0|0|0|150:MrPink|Pluribus|Eddie|MrBrown|MrBlue|Bill
STATE:53:ffr225r700ffc/cr1200r2200f:2d3h|2s8d|9hJh|Js6h|TcQc|Ad3d/9d8s2c:-50|-100|0|0|1350|-1200:Pluribus|Eddie|MrBrown|MrBlue|Bill|MrPink
STATE:54:fffff:4hJs|QcAc|8h5s|7hKh|7s5d|Ks6d:-50|50|0|0|0|0:Eddie|MrBrown|MrBlue|Bill|MrPink|Pluribus
STATE:55:ffffcc/cc/cr250f:Td9s|Qs9c|9dQc|8sAc|6s4s|Th7s/3d6hKh/2d:-100|100|0|0|0|0:MrBrown|MrBlue|Bill|MrPink|Pluribus|Eddie
STATE:56:fr250ffff:9d4c|Jc3h|3c5s|KsKd|8cKh|Ac5d:-50|-100|0|150|0|0:MrBlue|Bill|MrPink|Pluribus|Eddie|MrBrown
STATE:57:ffr225r772ffr1625c/cc/cc/r3125c:9s3d|7cKh|Qd6s|4d6h|KdQh|2d2c/Qc9cJd/Td/2s:-50|-100|0|0|3275|-3125:Bill|MrPink|Pluribus|Eddie|MrBrown|MrBlue
STATE:58:ffffcr275c/cr550c/cc/cr1100f:6d3d|9c5d|3s5c|3c4h|8d2h|2d7s/Ts2c6h/Qd/7d:-550|550|0|0|0|0:MrPink|Pluribus|Eddie|MrBrown|MrBlue|Bill
STATE:59:fffff:Td3c|9c6s|5c6h|3dAh|4c9h|3h8c:-50|50|0|0|0|0:Pluribus|Eddie|MrBrown|MrBlue|Bill|MrPink
STATE:60:r225r700ffffc/cc/cc/r1835f:3d6d|Jd4s|5c4c|As8s|2cQs|Ks6h/6cTc2d/Td/9d:-50|-100|850|-700|0|0:Eddie|MrBrown|MrBlue|Bill|MrPink|Pluribus
STATE:61:fffff:2h8d|Kc5h|Ad8h|Ts4c|7h4s|5dQc:-50|50|0|0|0|0:MrBrown|MrBlue|Bill|MrPink|Pluribus|Eddie
STATE:62:fffr250fc/cc/r525c/r1625c:Js3d|4d5c|4sKs|5hKc|Jc3h|Ad2h/Ah8c7d/As/3c:-50|-1625|0|0|0|1675:MrBlue|Bill|MrPink|Pluribus|Eddie|MrBrown
STATE:63:ffffr300c/r750f:KdKh|Ac5s|Js3d|3hQh|Ad2h|7d4s/8h3s9s:300|-300|0|0|0|0:Bill|MrPink|Pluribus|Eddie|MrBrown|MrBlue
STATE:64:r200ffcfc/ccr525ff:JhTd|3h5d|Ac4c|4dJs|5sKs|9dJd/Qh6d8h:-50|-200|-200|0|0|450:MrPink|Pluribus|Eddie|MrBrown|MrBlue|Bill
STATE:65:fffr250ff:4dJc|Ts3h|3c9c|AhTc|6hAs|Ac5s:-50|-100|0|0|0|150:Pluribus|Eddie|MrBrown|MrBlue|Bill|MrPink
STATE:66:r225fr700fffc/cr1200c/cr2800f:2s4s|Ts3d|6s5s|Kd2c|JcJs|8s7h/QhJd5h/Ah:-50|-100|-1200|0|1350|0:Eddie|MrBrown|MrBlue|Bill|MrPink|Pluribus
STATE:67:ffr200ffc/cr650f:8c7s|8h4h|5dJc|5c3c|9dQd|6d8s/7hKcJd:-50|-200|0|0|250|0:MrBrown|MrBlue|Bill|MrPink|Pluribus|Eddie
STATE:68:r210ffffc/cr680c/cc/cc:3c8c|Th9d|AdJs|7d4s|7hAh|6dAc/8s3d9s/5c/5s:-50|730|-680|0|0|0:MrBlue|Bill|MrPink|Pluribus|Eddie|MrBrown
STATE:69:ffr225fr950ff:AcAs|6d9s|7c9c|4dTc|Ad2d|8sQh:325|-100|0|0|-225|0:Bill|MrPink|Pluribus|Eddie|MrBrown|MrBlue
STATE:70:fffr287ff:8s3d|Jd4h|7dAs|6h9d|Js3c|Ts8h:-50|-100|0|0|0|150:MrPink|Pluribus|Eddie|MrBrown|MrBlue|Bill
STATE:71:ffffr200c/cr400f:9cQs|6s9d|6d5s|7hTc|3h8h|2sKh/4s4d5c:-200|200|0|0|0|0:Pluribus|Eddie|MrBrown|MrBlue|Bill|MrPink
STATE:72:ffffr300c/cc/cr600c/cc:7c7s|Ac5d|5s7d|JhTd|9d4s|2dQc/9h3hAs/6d/6c:-600|600|0|0|0|0:Eddie|MrBrown|MrBlue|Bill|MrPink|Pluribus
STATE:73:fffff:2c8s|5d3h|3c2h|9h6d|6sJh|Ah3s:-50|50|0|0|0|0:MrBrown|MrBlue|Bill|MrPink|Pluribus|Eddie
STATE:74:fffr250fc/cc/cr662f:4d2c|6s6c|2h8h|Qd8c|3hTs|JdTh/Kc7cQc/9s:-50|-250|0|0|0|300:MrBlue|Bill|MrPink|Pluribus|Eddie|MrBrown
STATE:75:fr200fffc/cr300c/cr820c/cr1665f:4h6c|2sAd|9dKc|JhJs|3h5s|Tc7h/2c8cJc/2d/3c:-50|-820|0|870|0|0:Bill|MrPink|Pluribus|Eddie|MrBrown|MrBlue
STATE:76:ffr225r800fff:8sJs|Kc9h|5c4h|6sQh|TcAh|JdJh:-50|-100|0|0|-225|375:MrPink|Pluribus|Eddie|MrBrown|MrBlue|Bill
STATE:77:ffr225fff:3c7d|4dKs|Qc9s|2cJh|6c6d|Tc8h:-50|-100|0|0|150|0:Pluribus|Eddie|MrBrown|MrBlue|Bill|MrPink
STATE:78:r225fr700fffr2785f:2d7s|As8h|KhAc|6h6c|8d8s|9sJh:-50|-100|850|0|-700|0:Eddie|MrBrown|MrBlue|Bill|MrPink|Pluribus
STATE:79:r225ffffc/cr600r1537c/r3952f:8c4c|5h6s|JsJh|3h8s|7sJc|7h3d/4s7d2s/8d:-50|1587|-1537|0|0|0:MrBrown|MrBlue|Bill|MrPink|Pluribus|Eddie
STATE:80:r210ffccf/ccc/cr575cf/cc:AcQh|9hJc|8s9s|6dAh|QsTc|TsTd/5dJh4h/7c/5h:-210|-100|-575|0|0|885:MrBlue|Bill|MrPink|Pluribus|Eddie|MrBrown
STATE:81:fffr225r950ff:QcKc|5c6c|Ks7d|Td8s|3cTc|9dQh:325|-100|0|0|0|-225:Bill|MrPink|Pluribus|Eddie|MrBrown|MrBlue
STATE:82:fr225ffff:4h4d|3d9d|8hAs|9sJs|6s2s|JhKs:-50|-100|0|150|0|0:MrPink|Pluribus|Eddie|MrBrown|MrBlue|Bill
STATE:83:r225fffff:5h8d|Qh5c|KhKs|Ad5s|9d6s|7cQc:-50|-100|150|0|0|0:Pluribus|Eddie|MrBrown|MrBlue|Bill|MrPink
STATE:84:ffr210fff:4h8s|2h5d|7sTc|Kc9h|4s4c|6hTd:-50|-100|0|0|150|0:Eddie|MrBrown|MrBlue|Bill|MrPink|Pluribus
STATE:85:fffr222fc/cr372f:As2h|6hAc|Qs9h|8c3s|9c5h|Qd7d/5s4hJd:-50|-222|0|0|0|272:MrBrown|MrBlue|Bill|MrPink|Pluribus|Eddie
STATE:86:fffff:4cTd|4h5c|Jh4d|3cJs|6s9s|6cQs:-50|50|0|0|0|0:MrBlue|Bill|MrPink|Pluribus|Eddie|MrBrown
STATE:87:ffffr300r900r2375f:AdAs|6sKc|6hQh|6dKs|4h3c|3s2h:900|-900|0|0|0|0:Bill|MrPink|Pluribus|Eddie|MrBrown|MrBlue
STATE:88:r200fffff:7h5h|Ks2h|9cKc|2c8s|8hTh|6sQc:-50|-100|150|0|0|0:MrPink|Pluribus|Eddie|MrBrown|MrBlue|Bill
STATE:89:ffffr250r800f:3d6d|Ac7d|4s4h|Ts3s|As5d|Kc7s:-250|250|0|0|0|0:Pluribus|Eddie|MrBrown|MrBlue|Bill|MrPink
STATE:90:fffr250ff:TcJd|6hQc|Jc3c|8s5c|Td8c|Ks7s:-50|-100|0|0|0|150:Eddie|MrBrown|MrBlue|Bill|MrPink|Pluribus
STATE:91:ffffr300c/r700f:Jc8c|Qc7s|2d3h|2hKd|Qh9c|2cKh/5cTh6s:300|-300|0|0|0|0:MrBrown|MrBlue|Bill|MrPink|Pluribus|Eddie
STATE:92:fr225ffcf/cr775c/cc/cc:JsTs|Tc7s|Th2s|Ah2h|3h9c|2c6s/8s4c9d/Qs/2d:875|-100|0|-775|0|0:MrBlue|Bill|MrPink|Pluribus|Eddie|MrBrown
STATE:93:fffr225fc/cc/cr600f:4d5s|6hAh|Jh8d|As7c|6cJd|7sQs/2c4s8s/Qd:-50|-225|0|0|0|275:Bill|MrPink|Pluribus|Eddie|MrBrown|MrBlue
STATE:94:ffr225r800fff:4hTc|5sAh|9s5h|JdQc|KhJc|7c6c:-50|-100|0|0|-225|375:MrPink|Pluribus|Eddie|MrBrown|MrBlue|Bill
STATE:95:fffff:7s3c|Kd9s|4d9h|7dTc|Ks4c|7cQd:-50|50|0|0|0|0:Pluribus|Eddie|MrBrown|MrBlue|Bill|MrPink
STATE:96:fffr250ff:7hTc|9c6s|7dQd|3d9h|4hJh|Jc5c:-50|-100|0|0|0|150:Eddie|MrBrown|MrBlue|Bill|MrPink|Pluribus
STATE:97:fffr222fr1061c/r1861c/cc/cc:8dAs|5s6s|4dJs|4s2s|5h6d|9cKc/Qd9s2c/Jh/Qh:-50|-1861|0|0|0|1911:MrBrown|MrBlue|Bill|MrPink|Pluribus|Eddie
STATE:98:r210r681fffff:Jd3d|Qd5h|ThAs|AdQs|Js5s|3h6d:-50|-100|-210|360|0|0:MrBlue|Bill|MrPink|Pluribus|Eddie|MrBrown
STATE:99:r250ffffc/cr525c/r800c/r1900c:5h3c|3hJh|QcQh|ThKd|6h8d|3d5c/Js8c7c/8h/Jd:-50|1950|-1900|0|0|0:Bill|MrPink|Pluribus|Eddie|MrBrown|MrBlue
STATE:100:r200fffff:2d7d|2hQd|JsQs|Qc2s|4c3s|5s9c:-50|-100|150|0|0|0:MrPink|Pluribus|Eddie|MrBrown|MrBlue|Bill
STATE:101:fffr250ff:5hAc|2hTs|As5c|Qs8s|6c4h|7cAd:-50|-100|0|0|0|150:Pluribus|Eddie|MrBrown|MrBlue|Bill|MrPink
STATE:102:r225fffff:Kc2h|9d2s|QhKd|4cTh|3d2d|9s6c:-50|-100|150|0|0|0:Eddie|MrBrown|MrBlue|Bill|MrPink|Pluribus
STATE:103:r225ffffc/cr375f:5c5d|7h6s|9cQc|Ad3h|Qd5h|Th4c/3sKsJc:-50|-225|275|0|0|0:MrBrown|MrBlue|Bill|MrPink|Pluribus|Eddie
STATE:104:ffr200r650ffc/cc/cr1375r3150c/r10000c:4s5h|Ad3s|6c7s|8cJh|9s9c|KsAh/6h9dTd/As/Ts:-50|-100|0|0|10150|-10000:MrBlue|Bill|MrPink|Pluribus|Eddie|MrBrown
STATE:105:fffr225fc/cr475r1475f:9hAc|6sKc|7h6c|Qc9d|7sTh|Ad4s/6h5dKd:-50|525|0|0|0|-475:Bill|MrPink|Pluribus|Eddie|MrBrown|MrBlue
STATE:106:ffffcr350f:Kh5s|3c4h|2sKs|8d7c|Td6c|7s3h:-100|100|0|0|0|0:MrPink|Pluribus|Eddie|MrBrown|MrBlue|Bill
STATE:107:fffff:8h2c|6h4d|7dQc|4c8c|Kd5s|2hJc:-50|50|0|0|0|0:Pluribus|Eddie|MrBrown|MrBlue|Bill|MrPink
STATE:108:ffffcc/cc/cc/r200f:7hQd|9c4d|Ad6h|Ah6d|9hJc|Kd5s/AcJhTs/Qs/4c:100|-100|0|0|0|0:Eddie|MrBrown|MrBlue|Bill|MrPink|Pluribus
STATE:109:fr210fffc/cr680f:7d9h|AhJs|3c2h|QhAs|4c6h|Jh6s/Kh8h5s:-50|-210|0|260|0|0:MrBrown|MrBlue|Bill|MrPink|Pluribus|Eddie
STATE:110:fffr250fc/cc/r525f:Js6s|Td7h|3h4h|Qd2s|8s6d|Ac5h/Qh4d4s/6h:-50|300|0|0|0|-250:MrBlue|Bill|MrPink|Pluribus|Eddie|MrBrown
STATE:111:fr200fffc/cc/cc/r550c:Kh3d|3s9s|TdQs|8h9h|Qh2d|9cTs/6d4dTc/4s/8s:-50|-550|0|600|0|0:Bill|MrPink|Pluribus|Eddie|MrBrown|MrBlue
STATE:112:fffr250fc/cr525f:4dJs|Ad8s|Kh7s|Td4s|2h9c|8d9h/3h2dQs:-50|-250|0|0|0|300:MrPink|Pluribus|Eddie|MrBrown|MrBlue|Bill
STATE:113:r225r769fffff:Ad7s|Th5h|TsKs|AhAs|4hQh|3d5s:-50|-100|-225|375|0|0:Pluribus|Eddie|MrBrown|MrBlue|Bill|MrPink
STATE:114:fr225fcff/cr825c/cr3525f:7c3h|2cJs|8d6c|9c9d|2d6s|6hAh/Qs4c5s/8h:-50|-100|0|-825|0|975:Eddie|MrBrown|MrBlue|Bill|MrPink|Pluribus
STATE:115:fffr222r750cf/r1611c/r3333f:JcJs|7c8c|2cKc|4d9s|3s7s|Ks8h/Kd8sJd/Qh:1833|-1611|0|0|0|-222:MrBrown|MrBlue|Bill|MrPink|Pluribus|Eddie
STATE:116:ffr200fff:2cJd|Qs2h|7s9s|Jh5d|Js8s|Kc7h:-50|-100|0|0|150|0:MrBlue|Bill|MrPink|Pluribus|Eddie|MrBrown
STATE:117:fffr225fc/cc/cc/cc:9d8c|Ts6c|8sTc|5s6d|5h4c|9sKc/Ah5dJs/5c/Ac:-50|-225|0|0|0|275:Bill|MrPink|Pluribus|Eddie|MrBrown|MrBlue
STATE:118:r200fffff:7s4s|9h2c|KcQd|6c6h|Kd3c|Ad6s:-50|-100|150|0|0|0:MrPink|Pluribus|Eddie|MrBrown|MrBlue|Bill
STATE:119:ffr225fcf/cr500c/cc/r1050c:TdJd|9cQs|8s2h|Th4d|KsJc|6hAd/2s2cKd/7c/6d:-1050|-100|0|0|1150|0:Pluribus|Eddie|MrBrown|MrBlue|Bill|MrPink
STATE:120:fffff:2cJd|2hJs|4d3d|4sJh|8h9s|Jc5h:-50|50|0|0|0|0:Eddie|MrBrown|MrBlue|Bill|MrPink|Pluribus
STATE:121:fffr222fc/cr372f:Td9h|TcKd|Jc4c|3s7c|4d2c|Qd9d/8h2hAc:-50|-222|0|0|0|272:MrBrown|MrBlue|Bill|MrPink|Pluribus|Eddie
STATE:122:fffr250fc/cc/r662c/cr2723f:2h4h|5s6d|7d2s|7hQd|Th9s|8cTc/AcTs4c/7c/2d:-50|-662|0|0|0|712:MrBlue|Bill|MrPink|Pluribus|Eddie|MrBrown
STATE:123:fffr225ff:2h8s|4sKh|7dTh|Qh3h|6sAs|5dAc:-50|-100|0|0|0|150:Bill|MrPink|Pluribus|Eddie|MrBrown|MrBlue
