# name/game/hands/seed sample_game_101 ../lib/python-client/acpc_infrastructure/holdem.nolimit.6p.game 10000 101
#--t_response 600000000
#--t_hand 600000000
#--t_per_hand 600000000
STATE:0:r250fffff:As7h|Jc6h|KsKh|9cJs|Ts9d|2d7s:-50|-100|150|0|0|0:MrBlue|MrBlonde|MrWhite|MrPink|MrBrown|Pluribus
STATE:1:r210ffcfc/ccr470fc/cc/r1970f:4h3c|Js8c|As5s|6cJd|5cKd|TcAc/KcQsKs/Ts/4c:-50|-210|730|0|0|-470:MrBlonde|MrWhite|MrPink|MrBrown|Pluribus|MrBlue
STATE:2:fr200fffc/cr425f:9dKc|9c4c|9s2h|8hQh|5c8s|Js2d/Qd2c3h:-50|-200|0|250|0|0:MrWhite|MrPink|MrBrown|Pluribus|MrBlue|MrBlonde
STATE:3:ffr250ffc/cc/cc/cc:6c5s|Kh4h|7h4s|Ah3d|9d9c|Kd2c/Ad8cJs/Ks/Qh:-50|300|0|0|-250|0:MrPink|MrBrown|Pluribus|MrBlue|MrBlonde|MrWhite
STATE:4:fffr250cc/cr1750ff:9cKd|6h7s|6c9d|3sJc|Ks5s|3c3h/JsAd6s:-250|500|0|0|0|-250:MrBrown|Pluribus|MrBlue|MrBlonde|MrWhite|MrPink
STATE:5:fr250fffc/cr550c/cc/cc:3h7c|7d6d|3d4s|AsTc|8sAh|6sAd/Jd3c6c/2s/Kc:-50|600|0|-550|0|0:Pluribus|MrBlue|MrBlonde|MrWhite|MrPink|MrBrown
STATE:6:r250fr737fffc/cc/cr1237f:Ah4h|8h4s|JdAd|6sAc|AsKd|8sKc/Ks2s5h/9d:-50|-100|-737|0|887|0:MrBlue|MrBlonde|MrWhite|MrPink|MrBrown|Pluribus
STATE:7:fffr250ff:9s5s|Js3d|5c9c|Ts4c|Jd9h|JcAd:-50|-100|0|0|0|150:MrBlonde|MrWhite|MrPink|MrBrown|Pluribus|MrBlue
STATE:8:ffr225fr909fc/r1509f:8d7d|8s6s|Qd5c|4cJh|As4s|Kh6d/Kc5d7c:1009|-100|0|0|-909|0:MrWhite|MrPink|MrBrown|Pluribus|MrBlue|MrBlonde
STATE:9:fr275ffff:6sKd|Tc5c|Jd3c|KsKc|Ah4c|2s8d:-50|-100|0|150|0|0:MrPink|MrBrown|Pluribus|MrBlue|MrBlonde|MrWhite
STATE:10:ffffcc/r200c/r400f:4d7d|9cJh|7cQs|3s2h|3h5s|6sJd/8d5cAs/Kh:200|-200|0|0|0|0:MrBrown|Pluribus|MrBlue|MrBlonde|MrWhite|MrPink
STATE:11:ffr210fff:5h3h|2hQs|2d3s|9cTd|8hAc|4c7c:-50|-100|0|0|150|0:Pluribus|MrBlue|MrBlonde|MrWhite|MrPink|MrBrown
STATE:12:ffffcc/cc/cr250f:As2s|2d6d|Js7d|4h3h|8c7h|4sQc/8dQsKc/9d:-100|100|0|0|0|0:MrBlue|MrBlonde|MrWhite|MrPink|MrBrown|Pluribus
STATE:13:r210ffffc/cr445f:Ac9c|7hJh|8dKd|TcAs|Qd4h|5d9s/3d2s4c:-50|-210|260|0|0|0:MrBlonde|MrWhite|MrPink|MrBrown|Pluribus|MrBlue
STATE:14:fr200fffc/cc/r310c/r485f:3d2s|6dJd|6sKs|TsAc|Kh9h|2cAd/4c9c9d/4s/Js:-50|360|0|-310|0|0:MrWhite|MrPink|MrBrown|Pluribus|MrBlue|MrBlonde
STATE:15:ffr250ffr1075f:Td7h|KsAd|7d8c|9s6d|Ac5c|4dTh:-50|300|0|0|-250|0:MrPink|MrBrown|Pluribus|MrBlue|MrBlonde|MrWhite
STATE:16:fr250r750fffc/cr1300c/cr2850f:Ac8d|Js2s|7h3h|QcQs|QdAs|8s9d/TdKh6c/Jd:-50|-100|0|-1300|1450|0:MrBrown|Pluribus|MrBlue|MrBlonde|MrWhite|MrPink
STATE:17:ffr210ffc/cc/cc/cr510c:4d5h|7d6c|9c2s|3s5s|4sAs|3c8s/3h9h7c/Qd/Jh:-50|560|0|0|-510|0:Pluribus|MrBlue|MrBlonde|MrWhite|MrPink|MrBrown
STATE:18:ffr250fff:6hKd|7dQs|6sJs|4h5s|QcKs|Ts2d:-50|-100|0|0|150|0:MrBlue|MrBlonde|MrWhite|MrPink|MrBrown|Pluribus
STATE:19:fr250ffr1250fr2900f:JsTs|Tc4c|4d6c|AdKd|5cKs|5h8c:-1250|-100|0|1350|0|0:MrBlonde|MrWhite|MrPink|MrBrown|Pluribus|MrBlue
STATE:20:ffr225fr950fc/r2250c/cc/cc:AsJc|4d6c|Kh8h|7s4h|AhTh|Ts5d/7hKdQh/5s/5c:50|-100|0|0|50|0:MrWhite|MrPink|MrBrown|Pluribus|MrBlue|MrBlonde
STATE:21:ffffr300c/cr750f:QhAs|7dJh|2sKh|Ad3h|7cQd|4hQs/5h8d9s:-300|300|0|0|0|0:MrPink|MrBrown|Pluribus|MrBlue|MrBlonde|MrWhite
STATE:22:ffr250fff:5s8d|Th6d|3cQh|2d9c|QcAd|5c7c:-50|-100|0|0|150|0:MrBrown|Pluribus|MrBlue|MrBlonde|MrWhite|MrPink
STATE:23:fffff:2dJs|2sTc|9sJc|5cTh|9hTs|2c7c:-50|50|0|0|0|0:Pluribus|MrBlue|MrBlonde|MrWhite|MrPink|MrBrown
STATE:24:ffffr300f:KhQh|3dTh|4hAd|4sJh|2c5s|3c8h:100|-100|0|0|0|0:MrBlue|MrBlonde|MrWhite|MrPink|MrBrown|Pluribus
STATE:25:ffr200ffc/cc/cc/cr425f:Jc5h|4cKc|2hKd|7h8d|Js8s|3d6s/6h8h4d/Qc/9s:-50|-200|0|0|250|0:MrBlonde|MrWhite|MrPink|MrBrown|Pluribus|MrBlue
STATE:26:ffr225fr850ff:5h6h|2s9d|4d2d|Ah8d|TsJd|6cQc:325|-100|0|0|-225|0:MrWhite|MrPink|MrBrown|Pluribus|MrBlue|MrBlonde
STATE:27:r225ffffc/cr475c/cr1975c/cr7975f:7cQh|JdTc|Js9s|5hAc|9c8h|7hKd/TdQsKc/3s/8d:-50|-1975|2025|0|0|0:MrPink|MrBrown|Pluribus|MrBlue|MrBlonde|MrWhite
STATE:28:r225ffr700ffc/cr1200c/cr2950f:5d5h|4d4h|8c8d|2sTc|7dQh|8sAs/3cQc3s/Js:-50|-100|-1200|0|0|1350:MrBrown|Pluribus|MrBlue|MrBlonde|MrWhite|MrPink
STATE:29:ffr210ccf/ccr575r1305fc/r2035c/cr4225c:Ad7d|7sQh|3h3c|Kc9h|9cJc|Jd9d/Kd8h5d/4d/Ks:4535|-100|0|0|-210|-4225:Pluribus|MrBlue|MrBlonde|MrWhite|MrPink|MrBrown
STATE:30:fffr225fc/cc/cr350c/cr2600f:3d5h|6s6d|5cKd|6h9d|Qd3s|JsTd/4sJcAs/9s/2s:-50|-350|0|0|0|400:MrBlue|MrBlonde|MrWhite|MrPink|MrBrown|Pluribus
STATE:31:fr225r525fffc/cr1725c/cc/cc:2c8c|7hJd|2h2s|KcTc|9h9s|2d7d/Kh7cTs/Qd/Jh:-50|-100|0|-1725|1875|0:MrBlonde|MrWhite|MrPink|MrBrown|Pluribus|MrBlue
STATE:32:ffr225r900fff:2cJc|6d4d|6hJs|4sTd|8sQs|KsKd:-50|-100|0|0|-225|375:MrWhite|MrPink|MrBrown|Pluribus|MrBlue|MrBlonde
STATE:33:ffr250fff:Td9h|3d4h|8dTs|4s8h|AdQd|2cTh:-50|-100|0|0|150|0:MrPink|MrBrown|Pluribus|MrBlue|MrBlonde|MrWhite
STATE:34:ffffr300c/r750c/cr1125f:KcTc|5s4c|5h8c|3cJd|2hKh|4dKs/8d7d6c/6s:-750|750|0|0|0|0:MrBrown|Pluribus|MrBlue|MrBlonde|MrWhite|MrPink
STATE:35:fffff:6cQd|Ad5s|7s9d|Td4s|8sKh|Qh6d:-50|50|0|0|0|0:Pluribus|MrBlue|MrBlonde|MrWhite|MrPink|MrBrown
STATE:36:ffr250fff:Ah6d|Tc4h|3h7s|2s8h|JdKh|2cQs:-50|-100|0|0|150|0:MrBlue|MrBlonde|MrWhite|MrPink|MrBrown|Pluribus
STATE:37:ffr200ffc/cr425f:3c4d|7dQs|7s6c|KsTd|AdQc|9h2h/2d5sTs:-50|-200|0|0|250|0:MrBlonde|MrWhite|MrPink|MrBrown|Pluribus|MrBlue
STATE:38:ffffr300r1000f:5hAc|AhQc|6sTd|4hJd|2sTs|Qs5d:-300|300|0|0|0|0:MrWhite|MrPink|MrBrown|Pluribus|MrBlue|MrBlonde
STATE:39:r200ffffc/cc/cc/r1100f:8s5s|3c9c|5d5h|7dAd|4sKh|Qd8c/6s7hAc/7c/Qs:-50|250|-200|0|0|0:MrPink|MrBrown|Pluribus|MrBlue|MrBlonde|MrWhite
STATE:40:ffffcc/cc/r200f:7hAs|6s9s|3s6h|7c9d|Qh6d|8d3h/JhJdAc/Ah:100|-100|0|0|0|0:MrBrown|Pluribus|MrBlue|MrBlonde|MrWhite|MrPink
STATE:41:fffff:8h2h|Kh2d|6h7c|9c4s|Jc3h|5s9d:-50|50|0|0|0|0:Pluribus|MrBlue|MrBlonde|MrWhite|MrPink|MrBrown
STATE:42:ffr250ffc/cc/r600c/r1300c:Js4s|Qs9d|3s4c|Tc3c|KdAc|2cQc/4hJc8h/Ts/Ad:-50|1350|0|0|-1300|0:MrBlue|MrBlonde|MrWhite|MrPink|MrBrown|Pluribus
STATE:43:r210ffffc/cc/cc/cc:5dJc|TsAs|7d6d|2hQc|7h4c|8s5h/9s9d8h/7c/4s:-50|-210|260|0|0|0:MrBlonde|MrWhite|MrPink|MrBrown|Pluribus|MrBlue
STATE:44:fr225fffc/cc/cc/r575c:Qd4d|6c4c|Qs7s|Ah2h|9sAs|6h9c/6d9hAd/Th/4s:-50|625|0|-575|0|0:MrWhite|MrPink|MrBrown|Pluribus|MrBlue|MrBlonde
STATE:45:fffr250r1050ff:KcQh|5sKd|6cKh|7hQd|2c9d|7d7c:350|-100|0|0|0|-250:MrPink|MrBrown|Pluribus|MrBlue|MrBlonde|MrWhite
STATE:46:fffff:3sKc|7hKh|5dQh|4hKd|2cJd|3h7c:-50|50|0|0|0|0:MrBrown|Pluribus|MrBlue|MrBlonde|MrWhite|MrPink
STATE:47:r250ffffc/cr600f:Qc3s|As7h|JsAc|4sQd|3c9s|6h7s/6cQs9c:-50|-250|300|0|0|0:Pluribus|MrBlue|MrBlonde|MrWhite|MrPink|MrBrown
STATE:48:fffr250ff:2s7c|Js4h|Ac9s|7hJd|Tc2d|KsKc:-50|-100|0|0|0|150:MrBlue|MrBlonde|MrWhite|MrPink|MrBrown|Pluribus
STATE:49:ffr250fff:Kd9d|9h4c|2d4s|Jc3d|QdAs|6c8d:-50|-100|0|0|150|0:MrBlonde|MrWhite|MrPink|MrBrown|Pluribus|MrBlue
STATE:50:ffr225fff:6h8s|2sKd|6c9s|Tc2d|AsKc|JdTs:-50|-100|0|0|150|0:MrWhite|MrPink|MrBrown|Pluribus|MrBlue|MrBlonde
STATE:51:fffff:Js6c|AsJh|4cTh|5d9d|7d2s|4hAc:-50|50|0|0|0|0:MrPink|MrBrown|Pluribus|MrBlue|MrBlonde|MrWhite
STATE:52:ffr200fff:KdTs|Th6d|2s3c|3dQd|Ks2d|6s4h:-50|-100|0|0|150|0:MrBrown|Pluribus|MrBlue|MrBlonde|MrWhite|MrPink
STATE:53:ffffr250c/r500f:JdQd|Jh7s|7hAd|5hKc|8sKd|5c9c/Ac6s2d:250|-250|0|0|0|0:Pluribus|MrBlue|MrBlonde|MrWhite|MrPink|MrBrown
STATE:54:ffr250fff:5c3c|5s6h|7dKh|2d4c|AcJd|Ah7c:-50|-100|0|0|150|0:MrBlue|MrBlonde|MrWhite|MrPink|MrBrown|Pluribus
STATE:55:r210fffr1050ff:AhKh|3h5h|ThAc|9h7d|Jh8s|5dKd:310|-100|-210|0|0|0:MrBlonde|MrWhite|MrPink|MrBrown|Pluribus|MrBlue
STATE:56:r225ffcff/r675r1625f:3c6h|7dKh|9hTh|Ad2h|AsJc|QsJs/3d5s4s:-50|-100|-675|0|0|825:MrWhite|MrPink|MrBrown|Pluribus|MrBlue|MrBlonde
STATE:57:fffff:Ts3d|ThKd|2c2h|9hTd|4c3h|8c6d:-50|50|0|0|0|0:MrPink|MrBrown|Pluribus|MrBlue|MrBlonde|MrWhite
STATE:58:ffffcc/r200f:9h5h|2h5d|9cTh|Qh8c|3sKd|7s3d/KhKcAh:100|-100|0|0|0|0:MrBrown|Pluribus|MrBlue|MrBlonde|MrWhite|MrPink
STATE:59:fffr275ff:Qd6d|2d3c|Tc8h|4d3s|Jd3d|KhJc:-50|-100|0|0|0|150:Pluribus|MrBlue|MrBlonde|MrWhite|MrPink|MrBrown
STATE:60:ffffr350c/r875f:AcJd|7cKh|Jc6d|4c5s|Js3c|Tc2s/Qs4h3d:350|-350|0|0|0|0:MrBlue|MrBlonde|MrWhite|MrPink|MrBrown|Pluribus
STATE:61:fr225ffff:KhQc|3sKd|6c4d|4h4c|2sAh|Qh2h:-50|-100|0|150|0|0:MrBlonde|MrWhite|MrPink|MrBrown|Pluribus|MrBlue
STATE:62:r225ffcfc/cr768r1865fc/cc/cc:2hTh|6d7s|Js9s|3cAs|8d9h|AhQc/8sKcTd/7d/3s:-50|-225|2140|0|0|-1865:MrWhite|MrPink|MrBrown|Pluribus|MrBlue|MrBlonde
STATE:63:r200fcffc/ccr500cf/cc/cc:Ad4s|QdJc|8c9c|4c6s|TdTh|Kd7c/3hQh2c/9h/8d:-50|750|-200|0|-500|0:MrPink|MrBrown|Pluribus|MrBlue|MrBlonde|MrWhite
STATE:64:r225fffff:5h4s|2dAc|7h8h|KhTs|9sQh|4dAh:-50|-100|150|0|0|0:MrBrown|Pluribus|MrBlue|MrBlonde|MrWhite|MrPink
STATE:65:fffr275cc/ccc/ccr875cf/cr2225f:AhJh|As4d|5c3c|3h4s|6dTh|KsTd/4h9dKh/Qc/7c:-875|-275|0|0|0|1150:Pluribus|MrBlue|MrBlonde|MrWhite|MrPink|MrBrown
STATE:66:fffr225fr1050f:6s9c|AhKh|Qs4d|9s6c|2sKc|Ts9h:-50|275|0|0|0|-225:MrBlue|MrBlonde|MrWhite|MrPink|MrBrown|Pluribus
STATE:67:ffffr300f:Tc9s|6d4s|7h4d|Ad9c|5hKs|2hTd:100|-100|0|0|0|0:MrBlonde|MrWhite|MrPink|MrBrown|Pluribus|MrBlue
STATE:68:r225ffffc/cc/cc/cr575f:JhKc|Qc6c|Ad3d|4h5d|4d2d|6sJs/4sJc8h/Ah/Kh:-50|-225|275|0|0|0:MrWhite|MrPink|MrBrown|Pluribus|MrBlue|MrBlonde
STATE:69:ffffcr400f:Kd6c|AhAc|5sQc|Ts5c|8sJd|4hJh:-100|100|0|0|0|0:MrPink|MrBrown|Pluribus|MrBlue|MrBlonde|MrWhite
STATE:70:ffffr200c/cc/cc/r500f:TsAd|Jd2d|7c8h|Ah4s|4h6d|Qh2s/3s5h7s/2h/Tc:200|-200|0|0|0|0:MrBrown|Pluribus|MrBlue|MrBlonde|MrWhite|MrPink
STATE:71:fffr275fc/cr725f:3cAd|4hAh|3dQc|5s9h|5cTh|2cKc/4cJcTs:-50|-275|0|0|0|325:Pluribus|MrBlue|MrBlonde|MrWhite|MrPink|MrBrown
STATE:72:ffffr300c/cc/r700f:9d9s|KdTh|8s5d|6hKc|9c6s|Ad2c/Qh2h7c/5h:300|-300|0|0|0|0:MrBlue|MrBlonde|MrWhite|MrPink|MrBrown|Pluribus
STATE:73:fffr225fc/cc/cr525c/r1350f:9s4c|7dKh|4d4s|8d6d|Jc3d|2dQd/8c8hAh/Jh/Th:-50|575|0|0|0|-525:MrBlonde|MrWhite|MrPink|MrBrown|Pluribus|MrBlue
STATE:74:ffr225r850ffc/cc/cc/cr1675r4600f:3c5d|Qc4c|5sKd|9sJh|7d8d|Tc8c/5cAd5h/6s/4d:-50|-100|0|0|1825|-1675:MrWhite|MrPink|MrBrown|Pluribus|MrBlue|MrBlonde
STATE:75:fffff:8d4h|9cTd|Ts3h|2s7c|5s9h|Qc6d:-50|50|0|0|0|0:MrPink|MrBrown|Pluribus|MrBlue|MrBlonde|MrWhite
STATE:76:fffr250r1050ff:QdAd|Jh3s|5dTd|Jd3c|6h4s|9dQh:350|-100|0|0|0|-250:MrBrown|Pluribus|MrBlue|MrBlonde|MrWhite|MrPink
STATE:77:fffff:7h5d|QhKh|3d8s|2dTc|6dKc|7d5h:-50|50|0|0|0|0:Pluribus|MrBlue|MrBlonde|MrWhite|MrPink|MrBrown
STATE:78:r225ffffc/cc/r575c/r1425c:8d5h|TcQc|Th9h|4cTd|3h6d|4s7h/4hJh9c/2c/8c:-50|1475|-1425|0|0|0:MrBlue|MrBlonde|MrWhite|MrPink|MrBrown|Pluribus
STATE:79:fffr225fc/cc/cc/cr425f:3s5s|4c9c|4sTc|Qc5d|Ts7c|AdKc/6dQh8h/Jh/As:-50|-225|0|0|0|275:MrBlonde|MrWhite|MrPink|MrBrown|Pluribus|MrBlue
STATE:80:fr200fr725fff:KcQd|8c5d|6hQh|AsTc|4sKh|JhJc:-50|-100|0|-200|0|350:MrWhite|MrPink|MrBrown|Pluribus|MrBlue|MrBlonde
STATE:81:fffr225fr1100f:9h8d|KdAc|6sJh|5cQh|Qs8h|Ts9c:-50|275|0|0|0|-225:MrPink|MrBrown|Pluribus|MrBlue|MrBlonde|MrWhite
STATE:82:fr250ffff:5s9d|Td8s|2h9s|AhQd|3d6c|QsTc:-50|-100|0|150|0|0:MrBrown|Pluribus|MrBlue|MrBlonde|MrWhite|MrPink
STATE:83:ffffcr350c/cc/r700c/r1400c:JdQc|QhJh|5sTh|3c6d|7sTd|2d7d/9hTc9s/Js/6c:0|0|0|0|0|0:Pluribus|MrBlue|MrBlonde|MrWhite|MrPink|MrBrown
STATE:84:r225fffcr1250ff:AdTh|QhAc|KcTc|3d5c|JcQd|KhJs:-225|450|-225|0|0|0:MrBlue|MrBlonde|MrWhite|MrPink|MrBrown|Pluribus
STATE:85:ffffr300c/cc/cc/cc:Qc9c|7dQs|4c8s|4h3d|3c6d|Qh6c/KcAh6s/2h/3h:300|-300|0|0|0|0:MrBlonde|MrWhite|MrPink|MrBrown|Pluribus|MrBlue
STATE:86:ffr250fff:3sQs|7s5h|5dKd|Jh6h|AhKh|2hQc:-50|-100|0|0|150|0:MrWhite|MrPink|MrBrown|Pluribus|MrBlue|MrBlonde
STATE:87:fr250fr700ffr2150f:ThKd|6d8h|2cJh|KcKs|Jc9d|JsAc:-50|-100|0|850|0|-700:MrPink|MrBrown|Pluribus|MrBlue|MrBlonde|MrWhite
STATE:88:ffr225fff:5d7h|5sJd|6c7d|5c9s|8hQh|Ts4c:-50|-100|0|0|150|0:MrBrown|Pluribus|MrBlue|MrBlonde|MrWhite|MrPink
STATE:89:ffffcr350f:Kh4s|AhAc|Th7s|6s7d|8d2s|9h5c:-100|100|0|0|0|0:Pluribus|MrBlue|MrBlonde|MrWhite|MrPink|MrBrown
STATE:90:ffr250fff:4sJh|2dAc|TdQc|6d8s|AdTc|8d3h:-50|-100|0|0|150|0:MrBlue|MrBlonde|MrWhite|MrPink|MrBrown|Pluribus
STATE:91:r210ffffc/cc/cc/cc:5d9c|3cAs|JcJh|4h6h|3d7s|7dTs/8sQsKc/3s/4c:-50|-210|260|0|0|0:MrBlonde|MrWhite|MrPink|MrBrown|Pluribus|MrBlue
