STATE:51:fr200fffc/cr500r1125r2750f:7cAd|2d9d|JsKc|JhQh|Ac2c|3h5c/7d6hTs:-50|-1125|0|1175|0|0:Bill|MrOrange|Pluribus|ORen|Hattori|MrBlue
STATE:52:fr200fr725ffc/cr1775c/r3775c/r10000f:6c8s|9d9h|Jd7c|JcQc|6s3h|AcKd/QdKc2d/Qs/Ts:-50|-100|0|3925|0|-3775:MrOrange|Pluribus|ORen|Hattori|MrBlue|Bill
STATE:53:fffr225fc/cc/cc/cr545c:Kc3h|Ks5c|Ad4s|KdTs|8d6c|2hAc/Js9h6d/Th/Qd:-50|595|0|0|0|-545:Pluribus|ORen|Hattori|MrBlue|Bill|MrOrange
STATE:54:ffffr300f:Qc9h|6c2d|Ad2c|5h3d|9s4s|6hKc:100|-100|0|0|0|0:ORen|Hattori|MrBlue|Bill|MrOrange|Pluribus
STATE:55:fffr200cf/cc/r700c/r2200f:KhJd|2s8h|7hAc|Qs4d|5dKs|9hKc/7c6s8d/Jh/3s:800|-100|0|0|0|-700:Hattori|MrBlue|Bill|MrOrange|Pluribus|ORen
STATE:56:ffffr300f:9dQc|3c4s|2c3s|Qh7d|8d6h|3d2s:100|-100|0|0|0|0:MrBlue|Bill|MrOrange|Pluribus|ORen|Hattori
STATE:57:fffr225ff:Qs2s|4sJh|9c3s|Ad2h|5d4c|Ac6c:-50|-100|0|0|0|150:Bill|MrOrange|Pluribus|ORen|Hattori|MrBlue
STATE:58:fr200fffc/cc/r425f:3sJh|KhJs|Kc8d|JdKd|7sQd|8c4d/2c7h6d/8h:-50|250|0|-200|0|0:MrOrange|Pluribus|ORen|Hattori|MrBlue|Bill
STATE:59:fffff:7s2s|QhAh|4c7c|Qd4d|Js5d|6c9h:-50|50|0|0|0|0:Pluribus|ORen|Hattori|MrBlue|Bill|MrOrange
STATE:60:fffr250ff:5s3h|Jd4s|Qc2h|7hQd|5h4c|Ad5d:-50|-100|0|0|0|150:ORen|Hattori|MrBlue|Bill|MrOrange|Pluribus
STATE:61:ffr200ffc/cr425f:Jc2c|4c6h|Th7h|5d4s|AhQs|5c2s/Js9s8c:-50|-200|0|0|250|0:Hattori|MrBlue|Bill|MrOrange|Pluribus|ORen
STATE:62:fr225ffcf/cc/cc/cc:Jh8h|Ts3h|Th2c|8c8d|QhJc|9sQd/9c9dAs/Kd/6c:-225|-100|0|325|0|0:MrBlue|Bill|MrOrange|Pluribus|ORen|Hattori
STATE:63:fffr225fc/cc/r669f:6s3s|3cKh|6h9h|5c6d|9c2h|Ah7d/4cKs8d/7s:-50|275|0|0|0|-225:Bill|MrOrange|Pluribus|ORen|Hattori|MrBlue
STATE:64:fr200fffc/cr600f:Ac3d|Qd5d|4c2s|AhQc|7h4s|Th6d/8sTcKh:-50|-200|0|250|0|0:MrOrange|Pluribus|ORen|Hattori|MrBlue|Bill
STATE:65:r200fffff:2s4h|5h2h|TsKs|5dQh|9c7h|QdTh:-50|-100|150|0|0|0:Pluribus|ORen|Hattori|MrBlue|Bill|MrOrange
STATE:66:ffffr300f:As2h|5d3h|8d6h|Ks5h|8sQc|7d8h:100|-100|0|0|0|0:ORen|Hattori|MrBlue|Bill|MrOrange|Pluribus
STATE:67:ffr200fff:3s7c|9h5s|Kc2h|3hTd|8s8d|4c7s:-50|-100|0|0|150|0:Hattori|MrBlue|Bill|MrOrange|Pluribus|ORen
STATE:68:fffr225ff:As3c|Ks5d|Jc9s|6d2c|4dTs|9cJh:-50|-100|0|0|0|150:MrBlue|Bill|MrOrange|Pluribus|ORen|Hattori
STATE:69:fr200fffc/cr325r700c/r1300r2600c/cr10000c:2sKs|Kd7c|9cTd|5h6h|AdTc|4dQc/4s7h7s/Jd/8h:-50|-10000|0|10050|0|0:Bill|MrOrange|Pluribus|ORen|Hattori|MrBlue
STATE:70:fr200ffff:3s5s|Ts6h|Js2d|ThQh|8h4c|7cJd:-50|-100|0|150|0|0:MrOrange|Pluribus|ORen|Hattori|MrBlue|Bill
STATE:71:ffffcc/cr250f:4hKs|Qs2s|7dTc|7h5c|6d4c|8s3s/Qc2hJc:-100|100|0|0|0|0:Pluribus|ORen|Hattori|MrBlue|Bill|MrOrange
STATE:72:ffr200ffc/cc/cc/cc:8dAh|TdJh|5hQc|5d2c|JdJc|TcJs/KcTs2s/7s/Qs:-50|-200|0|0|250|0:ORen|Hattori|MrBlue|Bill|MrOrange|Pluribus
STATE:73:fr200fr612ffc/cc/cc/cc:2dTc|5sTs|2s9h|4c4d|7sTd|KhAh/3d8sQd/6d/Jd:-50|-100|0|762|0|-612:Hattori|MrBlue|Bill|MrOrange|Pluribus|ORen
STATE:74:fr225cffc/ccc/ccc/ccr500ff:9s7d|5dAd|9c2c|6cAc|6h6s|9d3s/5hKdTh/Kh/3c:-50|-225|0|-225|500|0:MrBlue|Bill|MrOrange|Pluribus|ORen|Hattori
STATE:75:fr200ffff:6cJh|5cJd|KcJs|Ad5d|3h7c|4s9s:-50|-100|0|150|0|0:Bill|MrOrange|Pluribus|ORen|Hattori|MrBlue
STATE:76:fr200fcfc/ccr450fr1050f:5c7d|Qc7c|Js5d|AsAc|Qs9s|KcJc/2s4d9d:-50|-200|0|700|0|-450:MrOrange|Pluribus|ORen|Hattori|MrBlue|Bill
STATE:77:ffr225ffc/cc/cc/cr600f:Jc7s|9sAh|2h4s|2c8s|QsTd|Th3d/8hKsQh/2s/6c:-50|-225|0|0|275|0:Pluribus|ORen|Hattori|MrBlue|Bill|MrOrange
STATE:78:fffff:Ts7c|8h2s|2cKs|9s3s|9dKc|3h4d:-50|50|0|0|0|0:ORen|Hattori|MrBlue|Bill|MrOrange|Pluribus
STATE:79:fffr200fc/cr350f:6c4s|7hQs|Jh7s|9sTc|Ks5h|JcTs/6dAsKd:-50|-200|0|0|0|250:Hattori|MrBlue|Bill|MrOrange|Pluribus|ORen
STATE:80:r200fr300cr1525ffff:KcAd|3sAc|8c7c|7d8s|4s2c|ThQh:900|-100|-200|0|-300|-300:MrBlue|Bill|MrOrange|Pluribus|ORen|Hattori
STATE:81:fffr225fc/cc/r375c/r575c:Qc6d|Td3d|5c2h|TsQd|3sJh|As8s/6h4s8h/5h/Tc:-50|625|0|0|0|-575:Bill|MrOrange|Pluribus|ORen|Hattori|MrBlue
STATE:82:r200ffr725fff:3dKd|Js4h|QsKc|Jc9c|9h4s|QhAh:-50|-100|-200|0|0|350:MrOrange|Pluribus|ORen|Hattori|MrBlue|Bill
STATE:83:r200fffff:2c9h|3h8h|Js9s|Qd6d|2dKs|TsAc:-50|-100|150|0|0|0:Pluribus|ORen|Hattori|MrBlue|Bill|MrOrange
STATE:84:fffff:8hKs|9h7c|Jh5s|3s7s|6s3d|2cKd:-50|50|0|0|0|0:ORen|Hattori|MrBlue|Bill|MrOrange|Pluribus
STATE:85:ffffr250c/cc/cr625c/cr1570c:Ah7s|8dJd|Qc6c|Qd6s|4c5s|Jc3d/Kd6h7d/9c/3h:1570|-1570|0|0|0|0:Hattori|MrBlue|Bill|MrOrange|Pluribus|ORen
STATE:86:fffr225fc/cc/cr425c/cr1325f:9d2d|2s2c|Ac6h|Js7c|Tc9s|JhKh/6c3h9c/Jd/8d:-50|-425|0|0|0|475:MrBlue|Bill|MrOrange|Pluribus|ORen|Hattori
STATE:87:r200fffff:4hJd|6d8h|AhJs|8d9c|5cQh|6h2c:-50|-100|150|0|0|0:Bill|MrOrange|Pluribus|ORen|Hattori|MrBlue
STATE:88:ffr225fff:2c3s|2dAs|5d9h|9cAd|6sQs|8hTs:-50|-100|0|0|150|0:MrOrange|Pluribus|ORen|Hattori|MrBlue|Bill
STATE:89:ffffr400c/cr1050c/cr2550f:Ah9h|7sJs|7hTh|As4c|4h3c|Jh6s/Jd2h9d/7d:-1050|1050|0|0|0|0:Pluribus|ORen|Hattori|MrBlue|Bill|MrOrange
STATE:90:fr225ffff:6dAh|9c5s|5dAs|JdAd|Qs7h|4dJc:-50|-100|0|150|0|0:ORen|Hattori|MrBlue|Bill|MrOrange|Pluribus
STATE:91:fffr200fc/cr350c/cc/cr650f:9h3c|5hAd|Qh7h|4c6s|3sTc|9cTs/Th4h6h/Qs/7c:-50|-350|0|0|0|400:Hattori|MrBlue|Bill|MrOrange|Pluribus|ORen
STATE:92:r200fffff:8h9s|Jc5h|7c9c|Qc6d|7s4h|4d6s:-50|-100|150|0|0|0:MrBlue|Bill|MrOrange|Pluribus|ORen|Hattori
STATE:93:ffr200fr850fc/r2050c/r3450c/cr10000f:Td8d|3d6h|Th9d|Jc7c|KcQc|5h8c/9sQs6d/Qh/Ks:-3450|-100|0|0|3550|0:Bill|MrOrange|Pluribus|ORen|Hattori|MrBlue
STATE:94:r200fr700fffc/cr1550c/cr4050f:8c6d|3h9d|8d8s|Jd6s|AcKc|As2c/4h2h5c/Kh:-50|-100|-1550|0|1700|0:MrOrange|Pluribus|ORen|Hattori|MrBlue|Bill
STATE:95:ffffcr400f:Kc7h|7c9c|Kd8c|5c4d|Jd2d|Ts3c:-100|100|0|0|0|0:Pluribus|ORen|Hattori|MrBlue|Bill|MrOrange
STATE:96:fffr250ff:5dJc|5cQs|Ts3s|5hQc|Js8d|KdTh:-50|-100|0|0|0|150:ORen|Hattori|MrBlue|Bill|MrOrange|Pluribus
STATE:97:fffr200fc/cc/cc/cc:Jd9h|AcTc|JsTd|7d4c|Kc7s|As5d/Jh4d6s/Qs/7c:-50|250|0|0|0|-200:Hattori|MrBlue|Bill|MrOrange|Pluribus|ORen
STATE:98:fffr225cf/cc/r437f:JsTh|Jh6d|8d2s|Qs4s|Ah9c|Qh5h/6c3cKc/7c:325|-100|0|0|0|-225:MrBlue|Bill|MrOrange|Pluribus|ORen|Hattori
STATE:99:r200fcffc/ccc/ccc/cr850ff:Ks4h|As8s|TcAc|8d3h|9s9c|7d4s/QhKcQs/Jh/5c:-50|-200|450|0|-200|0:Bill|MrOrange|Pluribus|ORen|Hattori|MrBlue
STATE:100:ffffr400r1200f:TsJc|As5d|3sAc|6hQd|Jd5s|7s4d:-400|400|0|0|0|0:MrOrange|Pluribus|ORen|Hattori|MrBlue|Bill
STATE:101:ffffcr400c/cr650f:3d3c|KcKs|2s6d|7d4c|Ts5h|Kd6s/6hAhKh:-400|400|0|0|0|0:Pluribus|ORen|Hattori|MrBlue|Bill|MrOrange
STATE:102:ffr200ffc/cc/r1000f:7d2d|9sQs|2s9h|8dKh|9cAs|Td7c/5s4s5c/3d:-50|250|0|0|-200|0:ORen|Hattori|MrBlue|Bill|MrOrange|Pluribus
STATE:103:fffff:3d2c|6dJh|7dJd|5c9c|Td5s|4s3s:-50|50|0|0|0|0:Hattori|MrBlue|Bill|MrOrange|Pluribus|ORen
STATE:104:ffr200fcr1050fc/cc/cc/cr1800f:6s6c|5sAc|Qc3s|2sJc|9hKc|8hKd/4hAhTc/4s/Jh:-1050|1250|0|0|-200|0:MrBlue|Bill|MrOrange|Pluribus|ORen|Hattori
STATE:105:ffffr300f:TcKh|3s9c|As9h|4c2c|6cAd|4s8h:100|-100|0|0|0|0:Bill|MrOrange|Pluribus|ORen|Hattori|MrBlue
STATE:106:fr200fffc/cc/cr380c/cr1180f:3hKd|9h2h|Qh5d|Js8s|8hQs|Th2d/9c7d5c/Ac/4c:-50|-380|0|430|0|0:MrOrange|Pluribus|ORen|Hattori|MrBlue|Bill
STATE:107:ffr225fff:6s8d|5h2s|4dJc|4c2c|7s8s|4h7d:-50|-100|0|0|150|0:Pluribus|ORen|Hattori|MrBlue|Bill|MrOrange
STATE:108:fffff:4cQd|7sTc|7d4d|7h8c|3h6s|4s3c:-50|50|0|0|0|0:ORen|Hattori|MrBlue|Bill|MrOrange|Pluribus
STATE:109:ffr200ffc/cr425f:Js8c|4h4d|8sTs|2dQc|Ad9c|3d5h/JcKd3h:-50|-200|0|0|250|0:Hattori|MrBlue|Bill|MrOrange|Pluribus|ORen
STATE:110:fr225fcff/cr375c/cc/r825r2875c:5h4c|4h9c|Jc2h|QdAd|3s8c|6h6c/Js3h3c/6s/Qc:-50|-100|0|-2875|0|3025:MrBlue|Bill|MrOrange|Pluribus|ORen|Hattori
STATE:111:r200ffffc/cr650f:5h3c|Kc6c|AhJs|8hAc|8c2d|6s8d/2sAs7c:-50|-200|250|0|0|0:Bill|MrOrange|Pluribus|ORen|Hattori|MrBlue
STATE:112:fffff:5c7s|7dJd|6c8s|Ts3c|Td2c|Th5s:-50|50|0|0|0|0:MrOrange|Pluribus|ORen|Hattori|MrBlue|Bill
STATE:113:r200ffr300fr1200ff:Js4s|AdTd|JdAh|JhQh|8h6s|Jc3c:-50|550|-200|0|0|-300:Pluribus|ORen|Hattori|MrBlue|Bill|MrOrange
STATE:114:ffr200r612ffc/cr1299f:6d8s|Th2h|Jc5d|5h8c|JhQh|AcKd/2s6c9d:-50|-100|0|0|-612|762:ORen|Hattori|MrBlue|Bill|MrOrange|Pluribus
STATE:115:r225fffff:9s2h|3h7c|8cAc|5h2c|4h7s|8sQh:-50|-100|150|0|0|0:Hattori|MrBlue|Bill|MrOrange|Pluribus|ORen
STATE:116:ffr200fff:Kc2c|9h4s|Ts6c|7d4d|6h8h|Th9c:-50|-100|0|0|150|0:MrBlue|Bill|MrOrange|Pluribus|ORen|Hattori
STATE:117:fr200cfff/r600f:Kd2d|Jd6s|3c6d|As4s|TdAd|5cJs/Qs8h5h:-50|-100|0|350|-200|0:Bill|MrOrange|Pluribus|ORen|Hattori|MrBlue
STATE:118:fr200fffc/cr650r2000c/r5037c/cc:3s8h|2s2d|Ts4d|QhQs|KhJd|7cAd/Jc9s2h/4h/Ah:-50|5087|0|-5037|0|0:MrOrange|Pluribus|ORen|Hattori|MrBlue|Bill
STATE:119:fr225fffc/cc/r475c/cc:6d9h|KsJd|7s3s|Th8h|KdTc|8cJh/QhAhTs/5c/Qc:-50|525|0|-475|0|0:Pluribus|ORen|Hattori|MrBlue|Bill|MrOrange
STATE:120:ffffcc/r300f:KsAh|2d4s|8d2h|Js9c|7cKd|7h9s/TsQd6s:100|-100|0|0|0|0:ORen|Hattori|MrBlue|Bill|MrOrange|Pluribus
STATE:121:r225ffffc/cr375f:2h4s|TcJh|9hAh|JcQh|9d2d|Kd2s/AcQdAd:-50|-225|275|0|0|0:Hattori|MrBlue|Bill|MrOrange|Pluribus|ORen
STATE:122:r200r681ffffc/cr1059c/cr3327f:5d3d|2c7h|JsJd|KsAs|2h2s|8sKc/4dAdAh/5c:-50|-100|-1059|1209|0|0:MrBlue|Bill|MrOrange|Pluribus|ORen|Hattori
STATE:123:ffffr300c/r500c/r1250c/r3750f:Ad9s|6s5s|7hKs|4c9d|3c6d|4s8h/4hAcAs/8c/3h:1250|-1250|0|0|0|0:Bill|MrOrange|Pluribus|ORen|Hattori|MrBlue
STATE:124:r200fffff:6h5d|7sTc|9dJd|TsAh|QhJs|3d8h:-50|-100|150|0|0|0:MrOrange|Pluribus|ORen|Hattori|MrBlue|Bill
STATE:125:fffff:3c7s|Ad3h|JcTd|9c4s|Tc2c|Qc2s:-50|50|0|0|0|0:Pluribus|ORen|Hattori|MrBlue|Bill|MrOrange
STATE:126:fffff:Jh3c|KcQh|6h2s|7d8c|Tc8h|Ts3d:-50|50|0|0|0|0:ORen|Hattori|MrBlue|Bill|MrOrange|Pluribus
STATE:127:fr200ffcc/ccc/ccc/cr800ff:3s3h|4dQd|TcKh|JsAc|2d3c|6s7d/6h5c9d/7h/8d:-200|400|0|-200|0|0:Hattori|MrBlue|Bill|MrOrange|Pluribus|ORen
STATE:128:r200ffcfc/ccr375ff:5d9d|TsQd|2d2s|5hKd|8c6c|JdJs/8h6s3c:-50|-200|-200|0|0|450:MrBlue|Bill|MrOrange|Pluribus|ORen|Hattori
STATE:129:fffr225ff:Qh2s|9h2d|7s4c|6h3h|8d4s|9cKd:-50|-100|0|0|0|150:Bill|MrOrange|Pluribus|ORen|Hattori|MrBlue
STATE:130:fffr250fc/cr662c/cc/r1349c:Kc2h|6h3h|9hTd|6c3d|7sKh|8s9d/8hTh9c/Js/2c:-50|-1349|0|0|0|1399:MrOrange|Pluribus|ORen|Hattori|MrBlue|Bill
STATE:131:ffr225fff:JdTh|Jc7h|5h4d|8sQd|9cQc|6s3s:-50|-100|0|0|150|0:Pluribus|ORen|Hattori|MrBlue|Bill|MrOrange
STATE:132:fffr225ff:6cQh|5s3h|2s5d|8s5h|9c4c|JsTh:-50|-100|0|0|0|150:ORen|Hattori|MrBlue|Bill|MrOrange|Pluribus
STATE:133:r225fffcf/cr375c/cc/cc:QcTc|4cKd|AhQd|2h7h|7s3d|Ac3h/Kh3cKc/5s/4h:-375|-100|475|0|0|0:Hattori|MrBlue|Bill|MrOrange|Pluribus|ORen
STATE:134:fffr225ff:7s4h|Qs2d|5hJs|9d8c|6h7d|Ks9h:-50|-100|0|0|0|150:MrBlue|Bill|MrOrange|Pluribus|ORen|Hattori
STATE:135:ffffr300c/r600c/r2400f:8c6h|Ks3h|5h8d|Qs9h|7sJd|Kd8h/Ad7hKh/9d:600|-600|0|0|0|0:Bill|MrOrange|Pluribus|ORen|Hattori|MrBlue
STATE:136:fffr250cf/cc/cr700c/cc:JdQd|8s2s|7c2d|4c7h|3s9d|JhQh/Ks2c9c/Qs/As:50|-100|0|0|0|50:MrOrange|Pluribus|ORen|Hattori|MrBlue|Bill
STATE:137:fffr200ff:7h5s|5h9d|8dKc|Jh3h|Qs6d|Ac2c:-50|-100|0|0|0|150:Pluribus|ORen|Hattori|MrBlue|Bill|MrOrange
STATE:138:fffff:5h2h|JsTh|7hJc|Qc6d|6c3d|4d2s:-50|50|0|0|0|0:ORen|Hattori|MrBlue|Bill|MrOrange|Pluribus
STATE:139:fr200ffff:3c2d|4cKs|9d6d|AcQd|4s6h|2hKd:-50|-100|0|150|0|0:Hattori|MrBlue|Bill|MrOrange|Pluribus|ORen
STATE:140:ffffcc/cc/r250f:Jd6d|9s5s|6c5d|4hAs|6sJc|4s7c/TdAcTc/8s:100|-100|0|0|0|0:MrBlue|Bill|MrOrange|Pluribus|ORen|Hattori
STATE:141:fr200fffc/cc/r600f:2dQh|8d8c|7sKd|5d5s|9hKc|9d3c/JdJhQc/8h:-50|250|0|-200|0|0:Bill|MrOrange|Pluribus|ORen|Hattori|MrBlue
STATE:142:fffff:2c4s|8c6s|7cTh|Jd7d|Jh9c|2hKd:-50|50|0|0|0|0:MrOrange|Pluribus|ORen|Hattori|MrBlue|Bill
STATE:143:fr225ffff:3sKc|9s2h|Jh8h|8c8d|7h4s|9dJs:-50|-100|0|150|0|0:Pluribus|ORen|Hattori|MrBlue|Bill|MrOrange
STATE:144:fffff:Ts3c|9d2h|Kc8c|9cJd|4c6d|9s5s:-50|50|0|0|0|0:ORen|Hattori|MrBlue|Bill|MrOrange|Pluribus
STATE:145:fffff:9c4s|6s6h|2cKh|Js2s|5s7d|8c4c:-50|50|0|0|0|0:Hattori|MrBlue|Bill|MrOrange|Pluribus|ORen
STATE:146:ffffr300f:9s3d|8h4s|7hJc|9c5s|6h8c|Kd5h:100|-100|0|0|0|0:MrBlue|Bill|MrOrange|Pluribus|ORen|Hattori
STATE:147:fffff:4d7c|Kc2c|3c7s|5s2d|Td4c|8cQh:-50|50|0|0|0|0:Bill|MrOrange|Pluribus|ORen|Hattori|MrBlue
STATE:148:ffffr400f:Ac8s|3c9s|Jc8c|Ks4d|8h7c|9d4s:100|-100|0|0|0|0:MrOrange|Pluribus|ORen|Hattori|MrBlue|Bill
STATE:149:fr225ffcc/r900ff:4s5s|7h6h|Ac3h|Js8s|5d8c|5cQd/4hTdAs:450|-225|0|-225|0|0:Pluribus|ORen|Hattori|MrBlue|Bill|MrOrange
STATE:150:r225fffff:3c9s|8s3h|5c5d|KhTs|ThJd|9cAh:-50|-100|150|0|0|0:ORen|Hattori|MrBlue|Bill|MrOrange|Pluribus
STATE:151:fffr200fc/cc/cr425c/cc:8hAc|As6d|9s6h|2sAd|Kc4s|8d8s/6cQs5c/5s/Kd:-50|-425|0|0|0|475:Hattori|MrBlue|Bill|MrOrange|Pluribus|ORen
STATE:152:ffr200ffc/cr350f:Qh6h|6s2s|Kc3d|Js7d|TdTc|7c3h/9s5hAh:-50|-200|0|0|250|0:MrBlue|Bill|MrOrange|Pluribus|ORen|Hattori
STATE:153:ffr200ffc/cc/r900f:6d5s|8d7h|Jc6s|Td9c|KsKh|7d2s/Ts9sAc/3d:-50|250|0|0|-200|0:Bill|MrOrange|Pluribus|ORen|Hattori|MrBlue
STATE:154:ffr232ffc/cr489f:4dKc|2c2h|7c3c|5sTs|TdAs|5d3d/Ad6hJs:-50|-232|0|0|282|0:MrOrange|Pluribus|ORen|Hattori|MrBlue|Bill
STATE:155:fffr200ff:Kc6d|3h5c|8dJd|9cQh|3sTs|TdTc:-50|-100|0|0|0|150:Pluribus|ORen|Hattori|MrBlue|Bill|MrOrange
STATE:156:ffcffc/cc/cc/r350c:9d7c|7h4c|Th7d|5c4d|Qc3s|3c8d/AdQs6s/8s/5h:-50|400|0|0|-350|0:ORen|Hattori|MrBlue|Bill|MrOrange|Pluribus
STATE:157:r225ffffc/cr475c/cc/r1975f:4dJc|Ad6h|8s9s|5h2h|6s8c|4hQh/9h7sAs/6d/Qd:-50|525|-475|0|0|0:Hattori|MrBlue|Bill|MrOrange|Pluribus|ORen
STATE:158:ffr200ffr900c/cr1500f:3s9c|7s6s|Jd5d|3d7c|7h8h|6d9s/2hAcTc:-50|-900|0|0|950|0:MrBlue|Bill|MrOrange|Pluribus|ORen|Hattori
STATE:159:fr200cfr1100r10000cfc///:QcQd|KhKc|2s5d|AhAd|JhJd|2d4d/Tc6s3c/6h/Jc:-10000|-10000|0|20200|-200|0:Bill|MrOrange|Pluribus|ORen|Hattori|MrBlue
STATE:160:fffff:5d7h|KdTh|2hTd|5c8c|4s9h|3s2c:-50|50|0|0|0|0:MrOrange|Pluribus|ORen|Hattori|MrBlue|Bill
STATE:161:fffff:2h5c|JcQc|2d4s|Qd5s|Js3s|2s5h:-50|50|0|0|0|0:Pluribus|ORen|Hattori|MrBlue|Bill|MrOrange
STATE:162:r225fffff:9d2d|3c7d|2s2h|4s6h|7sKs|3s4h:-50|-100|150|0|0|0:ORen|Hattori|MrBlue|Bill|MrOrange|Pluribus
STATE:163:fr200fcfc/ccr375ff:8h3c|4d6d|4sAc|QdKc|2sJc|AdKs/9s9h2c:-50|-200|0|-200|0|450:Hattori|MrBlue|Bill|MrOrange|Pluribus|ORen
STATE:164:ffr200fff:8cJh|8h2c|7d5h|4c9d|3sAs|5c6s:-50|-100|0|0|150|0:MrBlue|Bill|MrOrange|Pluribus|ORen|Hattori
STATE:165:fffr225fr1200f:6d5c|KhKc|Ah7d|6hKd|9d8h|9c7c:-50|275|0|0|0|-225:Bill|MrOrange|Pluribus|ORen|Hattori|MrBlue
STATE:166:ffr225ffc/cc/cc/cc:Jh8c|7sAh|5s2d|3dQc|AdKs|3hJd/QsTd6s/8d/4c:-50|-225|0|0|275|0:MrOrange|Pluribus|ORen|Hattori|MrBlue|Bill
STATE:167:fffff:5hTs|8cKc|7cJh|6c9s|2hAs|9c4c:-50|50|0|0|0|0:Pluribus|ORen|Hattori|MrBlue|Bill|MrOrange
STATE:168:r225fffff:Ts7s|Ks3h|AsQs|9c8h|JhAc|3s7h:-50|-100|150|0|0|0:ORen|Hattori|MrBlue|Bill|MrOrange|Pluribus
STATE:169:ffr225fff:5c4s|Ts2h|4c7c|9d7s|KcAh|Jc8d:-50|-100|0|0|150|0:Hattori|MrBlue|Bill|MrOrange|Pluribus|ORen
STATE:170:fr225r825ffff:9c3s|8h6d|ThQc|QhJd|8d9d|3d2c:-50|-100|0|-225|375|0:MrBlue|Bill|MrOrange|Pluribus|ORen|Hattori
STATE:171:ffr200ffc/cr312c/cr987f:7h3h|Js7c|5s3d|Tc8d|2s2c|5hQs/JdKc3c/Qd:-50|-312|0|0|362|0:Bill|MrOrange|Pluribus|ORen|Hattori|MrBlue
STATE:172:fffff:6d4c|5c5d|3c7h|2d3s|Kd8s|3d8d:-50|50|0|0|0|0:MrOrange|Pluribus|ORen|Hattori|MrBlue|Bill
STATE:173:r200ffffc/cr312f:8s5s|9dQs|JcKc|8dAs|3h4c|5d7d/6d2c8c:-50|-200|250|0|0|0:Pluribus|ORen|Hattori|MrBlue|Bill|MrOrange
STATE:174:fffr250fc/cr800f:Qh8s|7cAc|3c8d|8hJd|Js6s|3s3d/Td9s4d:-50|-250|0|0|0|300:ORen|Hattori|MrBlue|Bill|MrOrange|Pluribus
STATE:175:r225ffffc/cr475f:8cTd|9c6s|6h7h|Ac4s|KhQd|2h3h/Ah4d7d:-50|-225|275|0|0|0:Hattori|MrBlue|Bill|MrOrange|Pluribus|ORen
STATE:176:fr200r612ffr2086ff:9h4s|AcAh|3h8s|TdTs|8d9d|5d5s:-50|862|0|-200|-612|0:MrBlue|Bill|MrOrange|Pluribus|ORen|Hattori
