# name/game/hands/seed sample_game_116 ../lib/python-client/acpc_infrastructure/holdem.nolimit.6p.game 10000 116
#--t_response 600000000
#--t_hand 600000000
#--t_per_hand 600000000
STATE:0:fffr225fc/cr475r975f:2dTh|TcQs|9h4d|5s7c|3h9c|TsQh/Jh3c6c:-50|525|0|0|0|-475:MrOrange|MrPink|MrBlue|Joe|Bill|Pluribus
STATE:1:fr220fffc/cr385c/cr660f:4d3d|Jd2d|9cKh|6s6d|Kc5s|Jh3c/2hQsQd/8s:-50|-385|0|435|0|0:MrPink|MrBlue|Joe|Bill|Pluribus|MrOrange
STATE:2:fffr250fc/cc/r800c/r1700c:8s6d|9c7h|4sQh|3c4c|Ks9h|AhAd/Th8dJc/5s/Kc:-50|1750|0|0|0|-1700:MrBlue|Joe|Bill|Pluribus|MrOrange|MrPink
STATE:3:r225fffff:4s7h|2d9c|KhJd|8d6s|5cKs|2sJh:-50|-100|150|0|0|0:Joe|Bill|Pluribus|MrOrange|MrPink|MrBlue
STATE:4:fffr250ff:3c4c|9c5h|3sKh|5c9h|4d3h|AdTd:-50|-100|0|0|0|150:Bill|Pluribus|MrOrange|MrPink|MrBlue|Joe
STATE:5:fffff:8h6s|QhAh|2hAs|4cKh|5s9h|Js6d:-50|50|0|0|0|0:Pluribus|MrOrange|MrPink|MrBlue|Joe|Bill
STATE:6:ffr225fr1150ff:8h8c|Qh3s|4cQs|7d5h|JcAd|2hKs:325|-100|0|0|-225|0:MrOrange|MrPink|MrBlue|Joe|Bill|Pluribus
STATE:7:r250ffffc/cc/r1000f:6sTc|3s3c|KsAc|Qc7h|5h7c|8dQh/3d9hQd/4s:-50|300|-250|0|0|0:MrPink|MrBlue|Joe|Bill|Pluribus|MrOrange
STATE:8:ffr224fff:3d8s|6s3h|2c5h|9d4h|QcTc|4dTd:-50|-100|0|0|150|0:MrBlue|Joe|Bill|Pluribus|MrOrange|MrPink
STATE:9:fcffcc/ccc/ccc/ccc:Ah7s|4h6d|Qs3h|Th8d|2dKc|4s9s/TcQhJs/7c/3d:-100|-100|0|200|0|0:Joe|Bill|Pluribus|MrOrange|MrPink|MrBlue
STATE:10:r200r650ffffc/cr1100c/cr2700f:KhQc|3hAc|8h8s|AhTh|3cJh|7cJc/Tc9h2h/4d:-50|-100|-1100|1250|0|0:Bill|Pluribus|MrOrange|MrPink|MrBlue|Joe
STATE:11:r210fffff:Jc3s|3cJs|9dAd|7s5s|6sQh|2c7h:-50|-100|150|0|0|0:Pluribus|MrOrange|MrPink|MrBlue|Joe|Bill
STATE:12:fffr200ff:4h8s|2h7s|8d3s|5hQh|Th9c|Qs9h:-50|-100|0|0|0|150:MrOrange|MrPink|MrBlue|Joe|Bill|Pluribus
STATE:13:fffff:9h5d|3hAh|3dAs|3s5c|4hJs|2hAc:-50|50|0|0|0|0:MrPink|MrBlue|Joe|Bill|Pluribus|MrOrange
STATE:14:ffffcc/r200c/r500c/cc:AhAc|Kd7c|6c7h|4h6s|9c3s|6h4d/KsJs3c/Ad/2h:500|-500|0|0|0|0:MrBlue|Joe|Bill|Pluribus|MrOrange|MrPink
STATE:15:fffff:Qs2c|Kc2h|7cTh|8h9c|6sJd|Jh4c:-50|50|0|0|0|0:Joe|Bill|Pluribus|MrOrange|MrPink|MrBlue
STATE:16:r200fffff:8sQs|8cKd|JsAd|Jd2s|5d9c|3d4c:-50|-100|150|0|0|0:Bill|Pluribus|MrOrange|MrPink|MrBlue|Joe
STATE:17:ffffcc/cc/cc/cc:QdAs|6dQc|6sKd|AhTc|4c2c|2dTh/Jc4d8d/3c/8h:100|-100|0|0|0|0:Pluribus|MrOrange|MrPink|MrBlue|Joe|Bill
STATE:18:fr250ffff:8hKs|7d5s|8s4h|Ad6d|9c3c|8c5h:-50|-100|0|150|0|0:MrOrange|MrPink|MrBlue|Joe|Bill|Pluribus
STATE:19:fr225fffc/cr350c/cr1350f:6h9h|8dQc|Qh4d|JhKc|9s7c|2d8c/Ah3h8h/Ts:-50|-350|0|400|0|0:MrPink|MrBlue|Joe|Bill|Pluribus|MrOrange
STATE:20:fr200fr650fff:6sKs|9d8s|Ts6h|JcTh|Tc4d|KhQd:-50|-100|0|-200|0|350:MrBlue|Joe|Bill|Pluribus|MrOrange|MrPink
STATE:21:fffr225fc/cr425c/cc/r725f:4cTh|Tc8s|5cKc|9cQs|9s6s|8c7s/AsAcTd/4d/3h:-50|475|0|0|0|-425:Joe|Bill|Pluribus|MrOrange|MrPink|MrBlue
STATE:22:fr210fffc/cc/cr445c/cc:8s2h|7c5s|Qc6d|AdTd|6sKc|9dJs/9hKs7h/6c/Ts:-50|-445|0|495|0|0:Bill|Pluribus|MrOrange|MrPink|MrBlue|Joe
STATE:23:ffr250ffc/cc/cc/cc:6c9c|9hAd|8cKd|Jc5d|4s4c|5c3c/8hQc6h/8s/3s:-50|-250|0|0|300|0:Pluribus|MrOrange|MrPink|MrBlue|Joe|Bill
STATE:24:ffr225cfc/r585r1310r10000fc//:9hAd|5hQh|QcKs|Ts2c|7s7h|JsJd/3s7c4d/8d/5s:-50|-585|0|0|10635|-10000:MrOrange|MrPink|MrBlue|Joe|Bill|Pluribus
STATE:25:fr225ffff:6sTh|6h9c|Kd2d|JsJh|Ks9h|Qc5h:-50|-100|0|150|0|0:MrPink|MrBlue|Joe|Bill|Pluribus|MrOrange
STATE:26:fr225fffc/cr725f:Ah8d|8h8c|7s4s|7h6h|Kc3d|2s6s/AsTd6d:-50|-225|0|275|0|0:MrBlue|Joe|Bill|Pluribus|MrOrange|MrPink
STATE:27:fffr225ff:3sTh|Ks5c|Js2s|Td7c|Kd6h|6d7s:-50|-100|0|0|0|150:Joe|Bill|Pluribus|MrOrange|MrPink|MrBlue
STATE:28:ffr225fr925fr2425f:JhAs|4sKd|8cKh|4h2c|QcQd|4dQs:-925|-100|0|0|1025|0:Bill|Pluribus|MrOrange|MrPink|MrBlue|Joe
STATE:29:ffr250fff:5dJh|7s2s|9cQs|Qd3d|8sAd|7h4c:-50|-100|0|0|150|0:Pluribus|MrOrange|MrPink|MrBlue|Joe|Bill
STATE:30:fffff:6hJd|7c9h|9sTd|Th7h|6dQd|8d6c:-50|50|0|0|0|0:MrOrange|MrPink|MrBlue|Joe|Bill|Pluribus
STATE:31:fffff:5d8h|2s8c|6s7c|Ah5c|2d9s|3d9c:-50|50|0|0|0|0:MrPink|MrBlue|Joe|Bill|Pluribus|MrOrange
STATE:32:r225fffcc/ccc/ccc/ccc:6c6d|9s7s|8c8h|Ah2s|4cJh|Ks7h/9hJc2c/Ac/5h:-225|450|-225|0|0|0:MrBlue|Joe|Bill|Pluribus|MrOrange|MrPink
STATE:33:fr208fffc/cr358f:7hJd|2d7d|2s7c|4dAd|8d6s|Ts5h/Kh3c3d:-50|-208|0|258|0|0:Joe|Bill|Pluribus|MrOrange|MrPink|MrBlue
STATE:34:ffr225fff:9sQd|7cTh|4hJc|9c6h|Ac6d|TsKc:-50|-100|0|0|150|0:Bill|Pluribus|MrOrange|MrPink|MrBlue|Joe
STATE:35:r210fffcf/cr560r1170c/r2390c/cc:9hQh|5h9d|KcAc|3cTh|9s2h|Qc6s/JcKhTd/5s/Jh:2490|-100|-2390|0|0|0:Pluribus|MrOrange|MrPink|MrBlue|Joe|Bill
STATE:36:ffr225fr1150ff:8s8c|Jd9s|2s6d|5h8d|KsQc|5dQs:325|-100|0|0|-225|0:MrOrange|MrPink|MrBlue|Joe|Bill|Pluribus
STATE:37:r200ffffc/cc/cc/r400f:6hKs|KhTd|TcTh|QsJc|As4d|6d5d/2cJdAh/Kc/6s:-50|250|-200|0|0|0:MrPink|MrBlue|Joe|Bill|Pluribus|MrOrange
STATE:38:fffr250ff:8d7h|6d9s|4d6h|5cQh|5h3s|JhAh:-50|-100|0|0|0|150:MrBlue|Joe|Bill|Pluribus|MrOrange|MrPink
STATE:39:fr208fcfc/ccr545ff:Jh5s|4d4h|6h2c|AcJd|Qs7d|5c5d/8c9d3c:-50|-208|0|-208|0|466:Joe|Bill|Pluribus|MrOrange|MrPink|MrBlue
STATE:40:fffr250fc/cc/cc/cc:8h3c|Ad9h|5cKs|8s3d|Td4s|Ac7c/3s2s6c/2d/Qh:-50|300|0|0|0|-250:Bill|Pluribus|MrOrange|MrPink|MrBlue|Joe
STATE:41:fffff:8h4d|Jh5h|6dAc|9sAh|7hJc|8cQh:-50|50|0|0|0|0:Pluribus|MrOrange|MrPink|MrBlue|Joe|Bill
STATE:42:ffr225fff:3c4c|6c9d|6h7s|Th2s|KdJs|9cTd:-50|-100|0|0|150|0:MrOrange|MrPink|MrBlue|Joe|Bill|Pluribus
STATE:43:ffffcc/r200f:8c9s|8d3c|5s3h|7sJs|2dQc|5c4s/ThAc5d:100|-100|0|0|0|0:MrPink|MrBlue|Joe|Bill|Pluribus|MrOrange
STATE:44:ffffr300f:JsKh|9s4c|Jc9d|Ts6s|2c6d|Ks5d:100|-100|0|0|0|0:MrBlue|Joe|Bill|Pluribus|MrOrange|MrPink
STATE:45:r200cffr1300ffc/r2200c/cr3750f:JhJs|5dTs|TdJd|AcKd|Kh5c|8h3s/Qc2sKs/Kc:-2200|-100|-200|2500|0|0:Joe|Bill|Pluribus|MrOrange|MrPink|MrBlue
STATE:46:ffffcc/cc/r250c/cc:8hAh|9h4h|Qh4c|8cKh|9d6h|8s7c/8dTc7s/3d/9c:-250|250|0|0|0|0:Bill|Pluribus|MrOrange|MrPink|MrBlue|Joe
STATE:47:r210ffffc/cc/cc/cr445c:Tc5s|Ah8s|7c7d|2sJh|TsQd|Qc6d/3sTd9s/9c/3h:-50|-445|495|0|0|0:Pluribus|MrOrange|MrPink|MrBlue|Joe|Bill
STATE:48:fr250fcfc/ccc/cr775fr2625f:TcAd|3h4h|6dTd|7hKh|5c4d|8c8h/5hAsJd/Ah:-50|1075|0|-775|0|-250:MrOrange|MrPink|MrBlue|Joe|Bill|Pluribus
STATE:49:fffff:2s3h|JcJs|8hAs|QhTs|4h9c|6h5s:-50|50|0|0|0|0:MrPink|MrBlue|Joe|Bill|Pluribus|MrOrange
STATE:50:r225fcr850ffff:Qc4h|AdTc|3c3d|Qd7d|8d8c|AsKs:-50|-100|-225|0|-225|600:MrBlue|Joe|Bill|Pluribus|MrOrange|MrPink
STATE:51:ffr210ffc/cr840f:5s9h|QdKh|Ks3d|Ad7s|8hAs|2c6h/3c6s8s:-50|-210|0|0|260|0:Joe|Bill|Pluribus|MrOrange|MrPink|MrBlue
STATE:52:r200fr700fffc/cr1300c/cc/cc:5sJh|Th7c|Ts9s|Kh8c|4h4s|8s7d/7s9cAs/6c/Tc:-50|-100|1450|0|-1300|0:Bill|Pluribus|MrOrange|MrPink|MrBlue|Joe
STATE:53:r210fffff:7hKd|Qs6d|9s9d|Jd9h|4d5h|Qc7d:-50|-100|150|0|0|0:Pluribus|MrOrange|MrPink|MrBlue|Joe|Bill
STATE:54:r225ffr975fff:TdKs|4s2d|3hAh|Jd2s|7c3s|7d6d:-50|-100|-225|0|0|375:MrOrange|MrPink|MrBlue|Joe|Bill|Pluribus
STATE:55:fffr265fc/cc/cc/cc:JhTd|Qd9d|3s3d|Ah8d|6hKd|8cKc/2d4c4d/6c/As:-50|-265|0|0|0|315:MrPink|MrBlue|Joe|Bill|Pluribus|MrOrange
STATE:56:fffr250ff:5cAs|2d6s|4cKh|7h6c|3sJh|QhTc:-50|-100|0|0|0|150:MrBlue|Joe|Bill|Pluribus|MrOrange|MrPink
STATE:57:fffr225fr1000f:2h3s|9h9s|7cJc|QdTs|5s2s|5cAd:-50|275|0|0|0|-225:Joe|Bill|Pluribus|MrOrange|MrPink|MrBlue
STATE:58:r200fcr1100ffcc/ccc/r2437ff:2h4c|6cAh|JhJd|8c6s|TcTh|AcQd/Js5c8h/4h:-50|-100|2350|0|-1100|-1100:Bill|Pluribus|MrOrange|MrPink|MrBlue|Joe
STATE:59:fffff:8s6d|Jc9c|Kd7s|Kh8d|Ah6c|Td5c:-50|50|0|0|0|0:Pluribus|MrOrange|MrPink|MrBlue|Joe|Bill
STATE:60:r225ffffc/cr600c/cr2500f:2h4s|Tc6c|QdQs|Jc5h|8c6s|Qh5c/6h8s3c/7h:-50|-600|650|0|0|0:MrOrange|MrPink|MrBlue|Joe|Bill|Pluribus
STATE:61:fr225fffc/cr375c/cc/cc:5cAh|3h3c|9s2d|5d5h|QhJs|8s7c/Jh9h4h/6h/2s:-50|-375|0|425|0|0:MrPink|MrBlue|Joe|Bill|Pluribus|MrOrange
STATE:62:fr200ffff:3cQh|Td5s|7cKs|7h8h|8dKh|KdTc:-50|-100|0|150|0|0:MrBlue|Joe|Bill|Pluribus|MrOrange|MrPink
STATE:63:r225ffffc/cr475f:3c9d|JhQs|8h8c|Ts3h|Ks3s|2s5d/2h5c7s:-50|-225|275|0|0|0:Joe|Bill|Pluribus|MrOrange|MrPink|MrBlue
STATE:64:fffr250fr1350c/r2037f:Kd7h|ThTs|Qs6h|9d7s|8h4d|2h2c/9sAs4h:-50|1400|0|0|0|-1350:Bill|Pluribus|MrOrange|MrPink|MrBlue|Joe
STATE:65:fr225fffc/cr475c/cr1329c/cr3704f:2cKd|5cTc|7hTs|JdAd|6dJh|5d9c/Kc9d5s/Ac/As:-50|-1329|0|1379|0|0:Pluribus|MrOrange|MrPink|MrBlue|Joe|Bill
STATE:66:fffr225fr1150c/r1900c/r4200f:Qh4s|QsAs|7hKc|Jd9h|Tc8h|8d8s/KsTd5d/3s:-50|1950|0|0|0|-1900:MrOrange|MrPink|MrBlue|Joe|Bill|Pluribus
STATE:67:r250r775fffff:Js2s|7s2d|Kd7d|JhJc|3s9h|3c9s:-50|-100|-250|400|0|0:MrPink|MrBlue|Joe|Bill|Pluribus|MrOrange
STATE:68:fffr250r1050fc/r1885c/cr3820c/cc:Jd9d|KdTh|Ah5d|Ks5h|8s7c|JcKc/Jh8d2h/2s/9c:3920|-100|0|0|0|-3820:MrBlue|Joe|Bill|Pluribus|MrOrange|MrPink
STATE:69:r225fffr950ff:AdTd|4s7c|6hKh|Ts6d|Th6s|2h5h:325|-100|-225|0|0|0:Joe|Bill|Pluribus|MrOrange|MrPink|MrBlue
STATE:70:fffr250fc/cr500f:6h2c|7cKh|5hJd|4cJs|8c3c|8sAd/As9c2s:-50|-250|0|0|0|300:Bill|Pluribus|MrOrange|MrPink|MrBlue|Joe
STATE:71:ffr250fff:2sJc|Ts2d|Ac6d|2h9d|JsAs|3cAd:-50|-100|0|0|150|0:Pluribus|MrOrange|MrPink|MrBlue|Joe|Bill
STATE:72:ffffcr300c/cr485f:Qh4h|Jh9c|6hQc|5c7s|4d8d|8cQs/Jc2hJd:-300|300|0|0|0|0:MrOrange|MrPink|MrBlue|Joe|Bill|Pluribus
STATE:73:fffff:6c8d|7dAc|7cAs|6s9h|8s4c|5h3s:-50|50|0|0|0|0:MrPink|MrBlue|Joe|Bill|Pluribus|MrOrange
STATE:74:ffr215ffc/cc/cr365c/cc:9s4c|Ts8c|8s4h|6d2d|5c5h|As3c/Tc4d9h/Td/2s:-50|415|0|0|-365|0:MrBlue|Joe|Bill|Pluribus|MrOrange|MrPink
STATE:75:ffr210r720fff:Ah3d|Qc2c|2d3s|Jd5s|KdJh|9cJc:-50|-100|0|0|-210|360:Joe|Bill|Pluribus|MrOrange|MrPink|MrBlue
STATE:76:fffr250fc/cr500f:Jc2c|Tc8d|7c5h|6s3s|9h4h|Ac3c/4cJd5d:-50|-250|0|0|0|300:Bill|Pluribus|MrOrange|MrPink|MrBlue|Joe
STATE:77:fffr250ff:4d9c|Qs5h|6c4s|As8c|Kc7d|Qh8h:-50|-100|0|0|0|150:Pluribus|MrOrange|MrPink|MrBlue|Joe|Bill
STATE:78:fffr250fr1200c/r1975f:8dAh|KhQs|Jc2d|Ad8h|Jd7d|JhKc/7sQc3d:-50|1250|0|0|0|-1200:MrOrange|MrPink|MrBlue|Joe|Bill|Pluribus
STATE:79:ffr225fr1050ff:JdTd|4d5h|6c9d|5cAs|Ac8d|3d3c:325|-100|0|0|-225|0:MrPink|MrBlue|Joe|Bill|Pluribus|MrOrange
STATE:80:ffffcc/cc/cc/cc:2sKs|2dKd|Jd3d|Td2h|Js9h|4d3s/6cAc6h/8s/8d:0|0|0|0|0|0:MrBlue|Joe|Bill|Pluribus|MrOrange|MrPink
STATE:81:ffffr300r1000c/cr2200f:8hKh|QsAs|4d6h|7c2h|9h5d|Td7h/9d6cQc:-1000|1000|0|0|0|0:Joe|Bill|Pluribus|MrOrange|MrPink|MrBlue
STATE:82:fr210fffc/cc/r445f:6dQd|7hJh|4s2d|QsKh|6h2s|3c8h/5d5h4h/Tc:-50|260|0|-210|0|0:Bill|Pluribus|MrOrange|MrPink|MrBlue|Joe
STATE:83:ffffcr355f:5sKd|9d2d|3h8s|7hQc|8dJc|Qd2h:-100|100|0|0|0|0:Pluribus|MrOrange|MrPink|MrBlue|Joe|Bill
STATE:84:r225ffffc/cr475c/cc/cc:3h9c|8h7s|4h4s|5s2d|5h3c|4c2s/Kh7cJh/5d/Tc:-50|525|-475|0|0|0:MrOrange|MrPink|MrBlue|Joe|Bill|Pluribus
STATE:85:ffffr300f:AdKc|7c4s|Ac4h|3d5c|2d8s|Kh8d:100|-100|0|0|0|0:MrPink|MrBlue|Joe|Bill|Pluribus|MrOrange
STATE:86:r225cffcc/ccr525r10000fff:6cAc|ThQh|QsAs|6d5d|3sKc|5c7c/4s2dTd:-225|-225|-525|975|0|0:MrBlue|Joe|Bill|Pluribus|MrOrange|MrPink
STATE:87:fffr225ff:2c7c|9c3d|Ah6c|8c2s|Ts7d|Th8d:-50|-100|0|0|0|150:Joe|Bill|Pluribus|MrOrange|MrPink|MrBlue
STATE:88:ffffcc/cr200f:6cQh|2sTs|9h7h|QsTd|Kc4h|4cQd/Ah4sJc:-100|100|0|0|0|0:Bill|Pluribus|MrOrange|MrPink|MrBlue|Joe
STATE:89:ffr200fr950fr2500f:QdKh|9sKd|2hQc|4s3c|AhAd|6h3s:-950|-100|0|0|1050|0:Pluribus|MrOrange|MrPink|MrBlue|Joe|Bill
STATE:90:ffr225fr1150fr2475f:5h5d|6cQd|7dQc|9cAh|AdKs|9dAs:-1150|-100|0|0|1250|0:MrOrange|MrPink|MrBlue|Joe|Bill|Pluribus
STATE:91:ffffcc/r200c/cc/cr450f:QsTc|2dAh|Ts6d|Qd4d|2s3s|5cJs/7c6hKc/5s/9s:-200|200|0|0|0|0:MrPink|MrBlue|Joe|Bill|Pluribus|MrOrange
STATE:92:fr225ffff:4d7d|7h4c|8s9h|AsKs|Qd7s|Td2s:-50|-100|0|150|0|0:MrBlue|Joe|Bill|Pluribus|MrOrange|MrPink
STATE:93:ffffr300f:7hJh|5sJc|4sTs|Th8s|6dJs|4h2c:100|-100|0|0|0|0:Joe|Bill|Pluribus|MrOrange|MrPink|MrBlue
STATE:94:r200fffr850fc/cr1805c/cr3305c/cr10000f:KcKs|AdJc|3cAc|5c5s|8dTd|9d6h/As3sJs/Ah/7h:-3305|-100|3405|0|0|0:Bill|Pluribus|MrOrange|MrPink|MrBlue|Joe
STATE:95:r210fffcf/cc/cc/r730f:JhAs|8hQd|QsTs|4s6s|8sTh|8c9h/Ad3h4h/3d/5s:310|-100|-210|0|0|0:Pluribus|MrOrange|MrPink|MrBlue|Joe|Bill
STATE:96:fffr200fc/r340r1070c/cc/cr2165f:QdJs|4d5h|Ts8d|4cQs|5s9c|7hJh/5d2s6d/7c/Tc:-50|-1070|0|0|0|1120:MrOrange|MrPink|MrBlue|Joe|Bill|Pluribus
STATE:97:fr225r750fffr1975c/r3300c/r5300f:3hAd|3sTd|9c7s|AhAc|TsAs|3c6h/3d7h6s/2c:-50|-100|0|3450|-3300|0:MrPink|MrBlue|Joe|Bill|Pluribus|MrOrange
STATE:98:fffr250fr1000f:2cTc|9cJc|7d8s|4d6h|5c7s|TdKc:-50|300|0|0|0|-250:MrBlue|Joe|Bill|Pluribus|MrOrange|MrPink
STATE:99:ffr210fff:Qh5s|4h7c|4d5c|2sKc|8hAc|Jh2c:-50|-100|0|0|150|0:Joe|Bill|Pluribus|MrOrange|MrPink|MrBlue
STATE:100:fffr250r1050fc/cc/r1850c/cc:KsQs|Tc8c|9dJd|7c4s|6s3h|6h6c/9hJh3d/9c/Qd:1950|-100|0|0|0|-1850:Bill|Pluribus|MrOrange|MrPink|MrBlue|Joe
STATE:101:fffr250cc/ccc/ccc/r1000ff:4h4d|Ts9h|Kh5c|9d6s|6c2c|QcJs/3c6h4c/5d/4s:500|-250|0|0|0|-250:Pluribus|MrOrange|MrPink|MrBlue|Joe|Bill
STATE:102:r225ffffr1150f:KhTc|AhTh|9cKc|9h2d|Jc6d|Ac3h:-50|275|-225|0|0|0:MrOrange|MrPink|MrBlue|Joe|Bill|Pluribus
STATE:103:ffffcc/r200c/cr500c/cr2350r10000f:Td7c|5h8h|8s5s|9h5c|6s3c|4sTs/7hAs6d/7s/Kd:2350|-2350|0|0|0|0:MrPink|MrBlue|Joe|Bill|Pluribus|MrOrange
STATE:104:ffffcc/cr225f:6d8h|4c2c|7s5c|4s9h|8s3c|9d6s/Qc2dKc:-100|100|0|0|0|0:MrBlue|Joe|Bill|Pluribus|MrOrange|MrPink
STATE:105:fffr225r1000ff:9s7s|4d9c|8sAd|Qd2s|6d9d|8cJh:325|-100|0|0|0|-225:Joe|Bill|Pluribus|MrOrange|MrPink|MrBlue
STATE:106:fffr250ff:8hAc|6s8d|5hKh|Ts6h|Jd8c|Ks2s:-50|-100|0|0|0|150:Bill|Pluribus|MrOrange|MrPink|MrBlue|Joe
STATE:107:fffr250fc/cr400c/cc/cr700f:Jc6h|3c3h|Th8s|4sKh|4h9h|7c7s/8cKcAc/9c/As:-50|-400|0|0|0|450:Pluribus|MrOrange|MrPink|MrBlue|Joe|Bill
STATE:108:r225fffff:5h9c|8dKc|Ac4c|3hTd|KsJh|9dTh:-50|-100|150|0|0|0:MrOrange|MrPink|MrBlue|Joe|Bill|Pluribus
STATE:109:ffr200ffc/cr650c/cc/cc:8hTs|6cKs|2c7s|4d9h|QcAc|5s2d/6h3dTd/4h/3h:-50|700|0|0|-650|0:MrPink|MrBlue|Joe|Bill|Pluribus|MrOrange
STATE:110:ffffcr400f:Kh7s|9c3s|Qd4s|Th6c|Kc6s|5sTd:-100|100|0|0|0|0:MrBlue|Joe|Bill|Pluribus|MrOrange|MrPink
STATE:111:r200ffffc/cc/r350f:Kd9d|JhAc|Ks9s|4h8s|3dKc|2hQd/5h8c5c/8d:-50|250|-200|0|0|0:Joe|Bill|Pluribus|MrOrange|MrPink|MrBlue
STATE:112:r200fffff:ThQs|3s7d|AhJd|4d9s|4c9c|3dQh:-50|-100|150|0|0|0:Bill|Pluribus|MrOrange|MrPink|MrBlue|Joe
STATE:113:fffr250cf/cr650f:Ad6d|Jd4s|8dTc|4d6h|4cKd|Ks9c/8sJs3c:-250|-100|0|0|0|350:Pluribus|MrOrange|MrPink|MrBlue|Joe|Bill
STATE:114:ffffcc/cc/cc/r200f:8h5h|3s2s|Jd4d|Ah7d|Kh8s|5cKs/Td9dKd/4c/8c:100|-100|0|0|0|0:MrOrange|MrPink|MrBlue|Joe|Bill|Pluribus
STATE:115:ffffr300f:Kc8c|Js6d|6c9s|Jh3d|4d5s|8sJd:100|-100|0|0|0|0:MrPink|MrBlue|Joe|Bill|Pluribus|MrOrange
STATE:116:ffr215ffc/cr565c/cc/cr1365c:6sQs|JcKd|6d5s|3s9c|7h6h|9h4s/Th5dQd/Js/2c:-50|1415|0|0|-1365|0:MrBlue|Joe|Bill|Pluribus|MrOrange|MrPink
STATE:117:fffr225fr1100f:5dKc|KhAc|4c8s|TsQh|5c6h|8h9d:-50|275|0|0|0|-225:Joe|Bill|Pluribus|MrOrange|MrPink|MrBlue
STATE:118:ffffcr350f:6h2h|8s7s|Th6d|2d6s|Kc4s|3d9c:-100|100|0|0|0|0:Bill|Pluribus|MrOrange|MrPink|MrBlue|Joe
STATE:119:r210ffffc/cr445f:9sAc|5h7h|KcKs|9h6d|3s2s|8cQs/6h2cJc:-50|-210|260|0|0|0:Pluribus|MrOrange|MrPink|MrBlue|Joe|Bill
STATE:120:fr250fffc/cr500f:7hTh|Ad4h|7c3s|Qs9s|6cAh|4dJd/Js6s5h:-50|-250|0|300|0|0:MrOrange|MrPink|MrBlue|Joe|Bill|Pluribus
STATE:121:fr225ffff:6dJc|Qh7s|3cTh|TdTs|Qd3d|9c4s:-50|-100|0|150|0|0:MrPink|MrBlue|Joe|Bill|Pluribus|MrOrange
STATE:122:r225fffff:2sTc|9h3d|KdAd|3s4d|As8h|Th7s:-50|-100|150|0|0|0:MrBlue|Joe|Bill|Pluribus|MrOrange|MrPink
STATE:123:fffff:Tc5s|8s8h|Qc7s|6sQh|Kd2h|9h7d:-50|50|0|0|0|0:Joe|Bill|Pluribus|MrOrange|MrPink|MrBlue
STATE:124:fr210fffc/cr520c/cr2020c/cc:JcQh|Tc9s|7h6c|JhJs|2s3c|5d5h/8s9d5c/3s/9h:-50|2070|0|-2020|0|0:Bill|Pluribus|MrOrange|MrPink|MrBlue|Joe
STATE:125:fr225ffff:Ks5c|6hKd|6sTd|4cAc|6c5h|Th7h:-50|-100|0|150|0|0:Pluribus|MrOrange|MrPink|MrBlue|Joe|Bill
STATE:126:ffr225fff:9s6s|9c3h|2hQd|Ac8h|QcAd|2sTd:-50|-100|0|0|150|0:MrOrange|MrPink|MrBlue|Joe|Bill|Pluribus
STATE:127:ffr200ffc/cr425c/cc/r1100c:8cQs|Ac7h|8sKh|6s8h|9cQc|2h7c/AdTc6c/6h/9s:-50|1150|0|0|-1100|0:MrPink|MrBlue|Joe|Bill|Pluribus|MrOrange
STATE:128:fr225fffc/cr475r1125c/r1350c/cr4100f:Kc8s|JhJd|Kh8d|As2s|7h4c|Qh5h/JsQd9s/8h/7c:-50|-1350|0|1400|0|0:MrBlue|Joe|Bill|Pluribus|MrOrange|MrPink
STATE:129:ffr210ffc/cc/cc/r680c:Kc3d|2d8d|Jh8h|Kd2h|JsTs|9s6c/Tc4dAd/2c/Td:-50|730|0|0|-680|0:Joe|Bill|Pluribus|MrOrange|MrPink|MrBlue
STATE:130:fr210ffff:8c9d|7c2h|JdKs|QdAc|5c7d|2cTs:-50|-100|0|150|0|0:Bill|Pluribus|MrOrange|MrPink|MrBlue|Joe
STATE:131:r210cffff/cc/r860c/r1320r4035c:9cJd|2c9s|AdJc|5c4c|Td7s|8s9h/Tc4d7c/5d/Ac:-50|-100|-4035|4185|0|0:Pluribus|MrOrange|MrPink|MrBlue|Joe|Bill
