STATE:36:ffffcc/cc/cc/r400f:Ad4s|Qs6d|4dKd|5sJh|9d4h|8c2s/5h7h3s/5c/2h:100|-100|0|0|0|0:Bill|MrOrange|MrBlue|MrPink|Eddie|Pluribus
STATE:37:fffr250fc/cr525r1350c/r3625f:9h4h|Jh5h|Ah6c|8cQs|8h4c|9sJc/6dJd5c/Kh:-50|1400|0|0|0|-1350:MrOrange|MrBlue|MrPink|Eddie|Pluribus|Bill
STATE:38:ffr225fff:9c6d|6c3d|3h5h|Jd8c|KcQh|6hTc:-50|-100|0|0|150|0:MrBlue|MrPink|Eddie|Pluribus|Bill|MrOrange
STATE:39:fr225ffff:3d4d|Qc2h|2d6s|TsKd|3c5s|Ah5c:-50|-100|0|150|0|0:MrPink|Eddie|Pluribus|Bill|MrOrange|MrBlue
STATE:40:ffr225ffc/cr475r975c/cr3975f:Qc2s|4d5s|7hJs|7cTh|KhKs|4c5d/6hAc4h/Kc:-50|-975|0|0|1025|0:Eddie|Pluribus|Bill|MrOrange|MrBlue|MrPink
STATE:41:ffffr275c/cc/cr625f:As8c|2sKs|AdTs|Qs6c|7c2c|4hJd/KdQh5d/9d:-275|275|0|0|0|0:Pluribus|Bill|MrOrange|MrBlue|MrPink|Eddie
STATE:42:ffffcc/r200c/r400c/r800c:8sQc|7s5d|6sQd|Kh9d|Ah3d|3hTc/2sAs5h/Ad/8h:800|-800|0|0|0|0:Bill|MrOrange|MrBlue|MrPink|Eddie|Pluribus
STATE:43:r210fffff:2s6h|7hQd|8h8c|Ac2d|5s9c|TdQs:-50|-100|150|0|0|0:MrOrange|MrBlue|MrPink|Eddie|Pluribus|Bill
STATE:44:fffff:3h4d|AcQs|7dTh|9s8h|8s2d|3s7s:-50|50|0|0|0|0:MrBlue|MrPink|Eddie|Pluribus|Bill|MrOrange
STATE:45:r250fffff:QsJc|8sJd|JsKs|Td6h|QcJh|8d7c:-50|-100|150|0|0|0:MrPink|Eddie|Pluribus|Bill|MrOrange|MrBlue
STATE:46:fffr250r1100ff:QdQs|7d8c|4dKd|Ks5s|4sTd|9hAc:350|-100|0|0|0|-250:Eddie|Pluribus|Bill|MrOrange|MrBlue|MrPink
STATE:47:fr225fffc/cc/cr600f:8cAs|6dTd|6hJc|KsKd|7dQc|6cJh/8hKcKh/2c:-50|-225|0|275|0|0:Pluribus|Bill|MrOrange|MrBlue|MrPink|Eddie
STATE:48:fffr200fc/cr425c/r725f:Ks4h|7c6d|Kc4d|2d8c|7s3c|6hTh/3hQc4s/Qd:-50|475|0|0|0|-425:Bill|MrOrange|MrBlue|MrPink|Eddie|Pluribus
STATE:49:fffr250fc/cc/r480c/r1237c:Ah6c|TdKs|3h7h|Jd3c|Qs2h|KhJc/8h5sQc/Jh/4s:-50|-1237|0|0|0|1287:MrOrange|MrBlue|MrPink|Eddie|Pluribus|Bill
STATE:50:ffr225ffc/cc/r925f:2sKh|9dQs|4d3s|3c2h|TcJs|JdTh/5hKdTs/2c:-50|275|0|0|-225|0:MrBlue|MrPink|Eddie|Pluribus|Bill|MrOrange
STATE:51:r200ffcfc/ccc/cr525fr1825c/cc:Qs7c|8hJh|KhAh|As6h|QcKs|5s6s/9hQh9d/Ad/Js:-50|-1825|2075|0|0|-200:MrPink|Eddie|Pluribus|Bill|MrOrange|MrBlue
STATE:52:r225ffffc/cc/cr575c/cr1375c:8d5d|TcQd|KdKc|6s2h|Qh4c|5s2d/Jh9s6h/Td/Jc:-50|-1375|1425|0|0|0:Eddie|Pluribus|Bill|MrOrange|MrBlue|MrPink
STATE:53:ffr210r700ffr2100f:Qc2s|Ac7h|Jd9s|6sTd|AsKc|Js8s:-50|-100|0|0|850|-700:Pluribus|Bill|MrOrange|MrBlue|MrPink|Eddie
STATE:54:fffff:2c7s|Qc6h|2d9d|4c9s|6cTd|Ts4h:-50|50|0|0|0|0:Bill|MrOrange|MrBlue|MrPink|Eddie|Pluribus
STATE:55:fr200fffc/cr605f:7s4s|9dQs|8cKs|5h4h|6h4c|9c6c/4dAcKh:-50|-200|0|250|0|0:MrOrange|MrBlue|MrPink|Eddie|Pluribus|Bill
STATE:56:ffffcr300c/cr600c/cr2200f:Ah4c|3h4s|7sAd|QhTd|5h6s|9dKc/7d7c5s/Ac:-600|600|0|0|0|0:MrBlue|MrPink|Eddie|Pluribus|Bill|MrOrange
STATE:57:fr225fffc/cr575c/cr1475f:Kc4h|9cTh|5h9s|TsQs|8c5d|7cAc/JcKd5c/Ah:-50|-575|0|625|0|0:MrPink|Eddie|Pluribus|Bill|MrOrange|MrBlue
STATE:58:fr205fr650ffr1900f:2sKd|JsQh|4hTh|AsAh|2d5h|JdAc:-50|-100|0|800|0|-650:Eddie|Pluribus|Bill|MrOrange|MrBlue|MrPink
STATE:59:fffr222fc/cr372f:8d4s|4c3c|7cKd|8h6s|3h7d|QhQd/KhTd5c:-50|-222|0|0|0|272:Pluribus|Bill|MrOrange|MrBlue|MrPink|Eddie
STATE:60:ffffcr325c/cc/cc/r775c:2hAs|QsTc|4h8c|3s7h|9s6h|4sTd/AdQh6d/Jh/3h:775|-775|0|0|0|0:Bill|MrOrange|MrBlue|MrPink|Eddie|Pluribus
STATE:61:r210fr475fffc/cr1025f:9s2s|3s4d|TdAc|9c5h|Ah9h|4c5d/7h4h8d:-50|-100|-475|0|625|0:MrOrange|MrBlue|MrPink|Eddie|Pluribus|Bill
STATE:62:ffr225fcc/ccr650ff:Ad9c|Ac9d|2s5h|4cTh|QhKc|7c3d/Ts3hKd:-225|-225|0|0|450|0:MrBlue|MrPink|Eddie|Pluribus|Bill|MrOrange
STATE:63:r200fffff:7s9s|Kd6s|9dQd|Jh4h|6cKh|5hQh:-50|-100|150|0|0|0:MrPink|Eddie|Pluribus|Bill|MrOrange|MrBlue
STATE:64:ffffr235c/r520f:5d3d|Td7h|3sQc|7s5c|8s4d|Ts4c/2hQhAd:235|-235|0|0|0|0:Eddie|Pluribus|Bill|MrOrange|MrBlue|MrPink
STATE:65:ffffcr350c/cc/cc/cc:8dTd|8sTs|8hAd|Ah5d|4s7d|6hJd/8cAcJh/2h/5s:0|0|0|0|0|0:Pluribus|Bill|MrOrange|MrBlue|MrPink|Eddie
STATE:66:ffffcc/cc/cc/cr200c:Ks5c|2s3d|4d2d|Qs6c|3h2c|3cTh/AhJd8d/Ad/Kd:-200|200|0|0|0|0:Bill|MrOrange|MrBlue|MrPink|Eddie|Pluribus
STATE:67:fr200fr700fr1725ff:KcJd|AhKd|3s6d|TdJh|2s6c|Ad2d:-50|950|0|-200|0|-700:MrOrange|MrBlue|MrPink|Eddie|Pluribus|Bill
STATE:68:fffff:4h8s|9sQd|QsTc|2h9h|6h7c|5d8d:-50|50|0|0|0|0:MrBlue|MrPink|Eddie|Pluribus|Bill|MrOrange
STATE:69:fffr225fc/cr475f:9h3s|7cTh|5d9c|7sTs|Kc3d|6hAh/8cKd2d:-50|-225|0|0|0|275:MrPink|Eddie|Pluribus|Bill|MrOrange|MrBlue
STATE:70:fffr250ff:8dQd|Jh7d|3sJs|Jc4h|5s3d|7hAs:-50|-100|0|0|0|150:Eddie|Pluribus|Bill|MrOrange|MrBlue|MrPink
STATE:71:fffr222fc/cr372c/cr1872f:Tc9h|6h5d|2c5s|8dJs|8cQh|4cAs/Ks5h2s/9c:-50|-372|0|0|0|422:Pluribus|Bill|MrOrange|MrBlue|MrPink|Eddie
STATE:72:fffr225r925fc/r1575f:KdKh|Ks4c|7d3c|7c3d|2h5h|4h4d/5sKc7h:1025|-100|0|0|0|-925:Bill|MrOrange|MrBlue|MrPink|Eddie|Pluribus
STATE:73:ffffcr350c/cc/cr875f:Kd8h|8s9s|Kc3d|5c4h|Th6h|6s8d/Ts7sAh/2d:-350|350|0|0|0|0:MrOrange|MrBlue|MrPink|Eddie|Pluribus|Bill
STATE:74:ffr225fcr1250cf/r10000f:8sQs|Tc9c|Ah7s|Jh4c|KhAs|4s5c/6dTs3s:-225|1475|0|0|-1250|0:MrBlue|MrPink|Eddie|Pluribus|Bill|MrOrange
STATE:75:ffffr300c/r450c/cr1170c/cc:Ac4c|QcAs|8c5s|6sJs|Jh2s|3s7h/JdKh4h/Ah/8d:1170|-1170|0|0|0|0:MrPink|Eddie|Pluribus|Bill|MrOrange|MrBlue
STATE:76:fffr250cf/cr910c/cr3660f:QcJh|5s3c|5cQd|3h4c|Tc2d|Qh9h/9dKs2s/Ad:-910|-100|0|0|0|1010:Eddie|Pluribus|Bill|MrOrange|MrBlue|MrPink
STATE:77:fffff:7d4c|8h3h|9s4h|6hQs|Jd2h|2dAh:-50|50|0|0|0|0:Pluribus|Bill|MrOrange|MrBlue|MrPink|Eddie
STATE:78:ffr200fff:Th2s|9h5d|Js3h|Ts9c|8h8s|5sAh:-50|-100|0|0|150|0:Bill|MrOrange|MrBlue|MrPink|Eddie|Pluribus
STATE:79:r210fffff:QsKc|5h8s|5s5d|Th7s|Jh6h|4h6c:-50|-100|150|0|0|0:MrOrange|MrBlue|MrPink|Eddie|Pluribus|Bill
STATE:80:fffr244fr1200f:Jd5s|KdKh|Js6h|4s3h|2s5d|4dAs:-50|294|0|0|0|-244:MrBlue|MrPink|Eddie|Pluribus|Bill|MrOrange
STATE:81:ffr215fff:6dQs|4d3s|Qh8h|9h5c|JhTc|Kh2d:-50|-100|0|0|150|0:MrPink|Eddie|Pluribus|Bill|MrOrange|MrBlue
STATE:82:ffr225ffr1225c/cc/cr2675c/cc:Ac2d|8h7h|Jh4c|9d6s|TdTs|Tc4h/Qh6c5h/6h/7s:-50|2725|0|0|-2675|0:Eddie|Pluribus|Bill|MrOrange|MrBlue|MrPink
STATE:83:r200ffcff/r375r700c/cr2950f:Qc4h|Jh9d|9c9s|6cQd|Ac3d|2s2h/2c2d4d/Ks:-50|-100|-700|0|0|850:Pluribus|Bill|MrOrange|MrBlue|MrPink|Eddie
STATE:84:fffr225fc/cc/cc/r369r960f:9sKh|Ad3d|6d8c|5h6c|5c9d|4dJd/Jh7c7d/3c/4s:-50|-369|0|0|0|419:Bill|MrOrange|MrBlue|MrPink|Eddie|Pluribus
STATE:85:r210ffcfr950ff:2s3c|AsAd|AcQd|6c4s|4h4d|6s6h:-50|470|-210|0|0|-210:MrOrange|MrBlue|MrPink|Eddie|Pluribus|Bill
STATE:86:ffr225r700ffc/cr1275f:Ac4s|9cQh|Th3s|9sKd|8hAh|QcKs/7dTd5d:-50|-100|0|0|-700|850:MrBlue|MrPink|Eddie|Pluribus|Bill|MrOrange
STATE:87:fffr225fc/cc/cr600f:6c9c|Th9d|3s2c|8d9s|Qs5c|TcQc/Kc5h8h/Ac:-50|-225|0|0|0|275:MrPink|Eddie|Pluribus|Bill|MrOrange|MrBlue
STATE:88:fffff:Td4c|9sTs|Ac6h|2s4h|4d8d|8h6c:-50|50|0|0|0|0:Eddie|Pluribus|Bill|MrOrange|MrBlue|MrPink
STATE:89:fffff:2h9s|QcAd|7dQs|3cJc|2dAc|Th7s:-50|50|0|0|0|0:Pluribus|Bill|MrOrange|MrBlue|MrPink|Eddie
STATE:90:ffffcc/cc/cr200f:Qc5d|3cTc|Jd2c|4sAh|8c6h|8d6s/Kc4h9d/7s:-100|100|0|0|0|0:Bill|MrOrange|MrBlue|MrPink|Eddie|Pluribus
STATE:91:fffr250fc/cc/r450f:5s3d|9d6d|Ts8s|4d7s|3hKs|2hAd/9c8d8c/4c:-50|300|0|0|0|-250:MrOrange|MrBlue|MrPink|Eddie|Pluribus|Bill
STATE:92:fr225fr700ffc/cr1255c/r1920f:2dJc|Qh3h|Ts3c|Ad5d|5h7s|AhTd/2s3sQs/4h:-50|-100|0|1405|0|-1255:MrBlue|MrPink|Eddie|Pluribus|Bill|MrOrange
STATE:93:r225fffff:4c2c|7dAs|3dAd|6cJh|Qs8h|9dKc:-50|-100|150|0|0|0:MrPink|Eddie|Pluribus|Bill|MrOrange|MrBlue
STATE:94:r225fffcf/cr500c/cc/r1600c:6s6d|3h8d|As4s|Td8s|Js2d|4d5h/5sAc9c/7h/8h:1700|-100|-1600|0|0|0:Eddie|Pluribus|Bill|MrOrange|MrBlue|MrPink
STATE:95:ffffcc/r200f:9d7c|2h9c|4cJs|3c7s|8cTd|4sTh/6hKsKc:100|-100|0|0|0|0:Pluribus|Bill|MrOrange|MrBlue|MrPink|Eddie
STATE:96:fffr250fc/cc/cr525f:3d4c|As4h|Qc6d|Js7d|8s3s|8cAd/Ks7hJd/5d:-50|-250|0|0|0|300:Bill|MrOrange|MrBlue|MrPink|Eddie|Pluribus
STATE:97:fr200fffc/cr335c/cr1395c/cr10000f:5hAd|QcKd|3sQh|TcJs|9d2h|2dTs/2sQd8d/6s/9h:-50|-1395|0|1445|0|0:MrOrange|MrBlue|MrPink|Eddie|Pluribus|Bill
STATE:98:r200fffff:3sTs|Jd7c|6s5s|7hKc|2d3h|5cJc:-50|-100|150|0|0|0:MrBlue|MrPink|Eddie|Pluribus|Bill|MrOrange
STATE:99:fffff:2cTd|3cTh|Ac2h|9h3h|6dJd|5h3s:-50|50|0|0|0|0:MrPink|Eddie|Pluribus|Bill|MrOrange|MrBlue
STATE:100:fffff:5dJc|3s2s|8c6s|4c7d|6c5h|Ks7c:-50|50|0|0|0|0:Eddie|Pluribus|Bill|MrOrange|MrBlue|MrPink
STATE:101:ffffr275c/r550c/r1100c/r2200r4700f:8d9c|KsJd|Tc9d|Qd7s|7d8h|3c2d/Td3d3h/5d/4c:-2200|2200|0|0|0|0:Pluribus|Bill|MrOrange|MrBlue|MrPink|Eddie
STATE:102:ffffcr325c/cr500f:Js5s|JdQc|Qh2h|3h6d|6hTs|3cJh/KdAhKc:-325|325|0|0|0|0:Bill|MrOrange|MrBlue|MrPink|Eddie|Pluribus
STATE:103:fffff:6h9d|4h9s|Kc7s|Jc9h|Td5s|Kd2s:-50|50|0|0|0|0:MrOrange|MrBlue|MrPink|Eddie|Pluribus|Bill
STATE:104:fffff:5s7c|JcJh|5c2c|3h5d|4h7s|3cTh:-50|50|0|0|0|0:MrBlue|MrPink|Eddie|Pluribus|Bill|MrOrange
STATE:105:ffffr300c/cc/r500c/r750r1900f:JhQh|6hAc|Jc6c|3h4d|2s8c|7c5d/5sQs4c/8s/7d:-750|750|0|0|0|0:MrPink|Eddie|Pluribus|Bill|MrOrange|MrBlue
STATE:106:ffffr235c/r520f:TsQh|7s6c|5sAc|2c8c|2h7h|Tc3c/9c2sQd:235|-235|0|0|0|0:Eddie|Pluribus|Bill|MrOrange|MrBlue|MrPink
STATE:107:r200fffff:9s7h|5cJs|TdTh|4c6c|TcAs|3hJh:-50|-100|150|0|0|0:Pluribus|Bill|MrOrange|MrBlue|MrPink|Eddie
STATE:108:ffffcc/cc/r200c/cr475c:AdTh|Jh4s|3c8h|Ac9d|2c4d|Qc5s/2sJc6c/6d/2h:-475|475|0|0|0|0:Bill|MrOrange|MrBlue|MrPink|Eddie|Pluribus
STATE:109:r210fr612fffr1900c/r2850c/r10000c/:9hAs|4dAc|AhKh|4h7d|JhJc|4sTh/6c6sKc/Js/Kd:-50|-100|10150|0|-10000|0:MrOrange|MrBlue|MrPink|Eddie|Pluribus|Bill
STATE:110:r200ffffc/cr335r1055f:3s8d|Jc4c|7cAc|2s9s|8h3c|8s4h/JhQd2c:-50|385|-335|0|0|0:MrBlue|MrPink|Eddie|Pluribus|Bill|MrOrange
STATE:111:fr225fffc/cc/r475c/r1975c:Ad5s|9s8c|9hAs|KcTd|Kd7s|8d6h/7cJc3s/Tc/7h:-50|2025|0|-1975|0|0:MrPink|Eddie|Pluribus|Bill|MrOrange|MrBlue
STATE:112:fr205ffff:Jd2s|7d3s|3hQh|3c3d|Qs8s|JsKc:-50|-100|0|150|0|0:Eddie|Pluribus|Bill|MrOrange|MrBlue|MrPink
STATE:113:fffr222r1325ff:7dKd|5hQd|Th8c|9s6d|3d4c|JdQh:322|-100|0|0|0|-222:Pluribus|Bill|MrOrange|MrBlue|MrPink|Eddie
STATE:114:ffffcc/r200f:3h3s|2d6h|4s8s|5hJd|Td5d|5s4h/3cKh7c:100|-100|0|0|0|0:Bill|MrOrange|MrBlue|MrPink|Eddie|Pluribus
STATE:115:ffr225cfc/ccr475fc/cr1350c/cr2350f:7h2h|9hJs|3dQd|Td3c|AcAd|ThQh/3hKh8h/4s/4h:-50|-225|0|0|-1350|1625:MrOrange|MrBlue|MrPink|Eddie|Pluribus|Bill
STATE:116:fffff:Qc4s|Qd9h|2h9s|Kc8h|3c4c|5s2d:-50|50|0|0|0|0:MrBlue|MrPink|Eddie|Pluribus|Bill|MrOrange
STATE:117:ffffcc/r200c/r600f:Tc8h|Qd6s|3h2d|5h8c|Ah3d|2sTh/6cKs7c/5d:200|-200|0|0|0|0:MrPink|Eddie|Pluribus|Bill|MrOrange|MrBlue
STATE:118:fffr250fc/cr425c/cc/r1775f:Jh7s|Td7d|5c8s|Jc5d|Qc5s|5hQh/TsQsTc/Kd/4c:-50|475|0|0|0|-425:Eddie|Pluribus|Bill|MrOrange|MrBlue|MrPink
STATE:119:ffr210ffc/cr325f:2dTd|Kd3d|3c5d|9sTc|6d6s|Th4d/8cAs2c:-50|-210|0|0|260|0:Pluribus|Bill|MrOrange|MrBlue|MrPink|Eddie
STATE:120:ffffcc/cc/r200f:9hAs|3d3h|ThJc|6c8c|2h3c|5sQd/5c6s6d/9c:100|-100|0|0|0|0:Bill|MrOrange|MrBlue|MrPink|Eddie|Pluribus
STATE:121:r210fffff:Ah5s|5hJc|TsTh|8d9c|5dKd|Qs2s:-50|-100|150|0|0|0:MrOrange|MrBlue|MrPink|Eddie|Pluribus|Bill
STATE:122:fffr244r1050ff:7c8c|5c9c|7hAs|2s6d|Tc2c|JcQh:344|-100|0|0|0|-244:MrBlue|MrPink|Eddie|Pluribus|Bill|MrOrange
STATE:123:ffffcr300c/cr450f:Tc9h|QcJc|TsQh|2c5h|Th2d|6d5c/KdKh3d:-300|300|0|0|0|0:MrPink|Eddie|Pluribus|Bill|MrOrange|MrBlue
STATE:124:fffr250cf/cc/cc/cc:5cKc|Ts4c|3sKd|8h3h|4s6h|TdQc/6s6c2h/Ac/5s:350|-100|0|0|0|-250:Eddie|Pluribus|Bill|MrOrange|MrBlue|MrPink
STATE:125:fffr222cf/cc/r766c/cr1582f:JcTh|8h3c|9d8s|6c5h|Kh7d|4sTs/Qh8c7c/6d/Qs:-766|-100|0|0|0|866:Pluribus|Bill|MrOrange|MrBlue|MrPink|Eddie
STATE:126:ffffcr325c/cc/cc/r1300f:9cTs|Jc8h|6s5c|ThQs|4hAc|2dJd/Qh6c8c/Ah/5s:325|-325|0|0|0|0:Bill|MrOrange|MrBlue|MrPink|Eddie|Pluribus
STATE:127:fffff:7d4c|4sJh|7sKh|ThQc|3h7c|Js3d:-50|50|0|0|0|0:MrOrange|MrBlue|MrPink|Eddie|Pluribus|Bill
STATE:128:ffr225ffc/cc/cc/r575c:4h3d|QdAs|Ks3c|4d8h|KdKc|7sKh/6h3s2c/Ad/Ac:-50|625|0|0|-575|0:MrBlue|MrPink|Eddie|Pluribus|Bill|MrOrange
STATE:129:fr225ffcf/cr500f:9h9s|2dJh|Js5h|7d7c|9c5d|7h3s/3c4hAc:-225|-100|0|325|0|0:MrPink|Eddie|Pluribus|Bill|MrOrange|MrBlue
STATE:130:fffr250ff:8dQh|8c4s|6sTs|6d5c|2sKd|ThKc:-50|-100|0|0|0|150:Eddie|Pluribus|Bill|MrOrange|MrBlue|MrPink
STATE:131:fr225fcff/r475c/r1300c/r3450r10000f:2d6d|Kd8c|Ad2c|AcTc|9dKh|AsQd/7dJsJc/3s/Qs:-50|-100|0|-3450|0|3600:Pluribus|Bill|MrOrange|MrBlue|MrPink|Eddie
STATE:132:ffffcc/cc/r200f:Tc5c|Ts8d|5sQh|6c3c|Kh9d|2d7d/Qd2h3s/4s:100|-100|0|0|0|0:Bill|MrOrange|MrBlue|MrPink|Eddie|Pluribus
STATE:133:fffr250ff:8cTs|6sJd|4h2c|Js4d|7c5h|Kc8h:-50|-100|0|0|0|150:MrOrange|MrBlue|MrPink|Eddie|Pluribus|Bill
STATE:134:ffffcc/cr200f:Qs8d|Ad3c|9sKh|9h8s|5hTh|8c6s/5d4c5c:-100|100|0|0|0|0:MrBlue|MrPink|Eddie|Pluribus|Bill|MrOrange
STATE:135:r225fffff:5c3h|5sJh|QsQc|5d3d|6cKh|Th6h:-50|-100|150|0|0|0:MrPink|Eddie|Pluribus|Bill|MrOrange|MrBlue
STATE:136:ffffr235c/cc/cr470c/cc:Kc4c|4s6d|2hKs|Th7d|9cJs|4hQc/3s4d8h/Td/Ah:470|-470|0|0|0|0:Eddie|Pluribus|Bill|MrOrange|MrBlue|MrPink
STATE:137:fr225ffff:5cQh|7c9s|Js8c|4h5h|4cAd|8s3s:-50|-100|0|150|0|0:Pluribus|Bill|MrOrange|MrBlue|MrPink|Eddie
STATE:138:fffff:2c9d|As5c|8hAc|4dKc|6hTh|2hJc:-50|50|0|0|0|0:Bill|MrOrange|MrBlue|MrPink|Eddie|Pluribus
STATE:139:fr200r612fffc/cr1299c/cc/cc:8c9d|Jh8h|Td5s|KhAc|AdKc|JdQh/4sTc4c/8s/6d:-50|-100|0|75|75|0:MrOrange|MrBlue|MrPink|Eddie|Pluribus|Bill
STATE:140:r200fffcf/cr650f:AsQh|Kc8d|3c3s|KdTc|Qd4c|9hJd/Th6c7c:-200|-100|300|0|0|0:MrBlue|MrPink|Eddie|Pluribus|Bill|MrOrange
STATE:141:fr225fffc/cc/cr475c/cr1225f:As7d|AdQc|2s4s|JsKd|9c4h|Ac5h/4c4d5c/Jh/9s:-50|-475|0|525|0|0:MrPink|Eddie|Pluribus|Bill|MrOrange|MrBlue
STATE:142:ffr225cff/r675f:7c4d|Td9s|7d9h|Jd5c|KsKc|2dAd/5s6cJs:-50|-100|0|0|375|-225:Eddie|Pluribus|Bill|MrOrange|MrBlue|MrPink
STATE:143:fffr222cc/ccc/cr555cf/cc:Ac9c|7d8c|9sQc|4h9d|As7c|5dTd/4sJcJs/5s/3d:-222|-555|0|0|0|777:Pluribus|Bill|MrOrange|MrBlue|MrPink|Eddie
STATE:144:ffr200fff:2h5h|Ts7c|3h8c|5d9d|JdKs|Qd5c:-50|-100|0|0|150|0:Bill|MrOrange|MrBlue|MrPink|Eddie|Pluribus
STATE:145:fffr250ff:Th4c|Qs4h|Kd2s|8cQd|6dTc|6cAc:-50|-100|0|0|0|150:MrOrange|MrBlue|MrPink|Eddie|Pluribus|Bill
STATE:146:fr225fffc/cr475f:Qh4d|5cKc|Qs6d|JdJh|7d5d|Ks3c/JsAs6s:-50|-225|0|275|0|0:MrBlue|MrPink|Eddie|Pluribus|Bill|MrOrange
STATE:147:ffffcr300r1400f:QcAh|Qd6h|JsKh|7c5s|5hKs|Jh2d:300|-300|0|0|0|0:MrPink|Eddie|Pluribus|Bill|MrOrange|MrBlue
STATE:148:r225ffffc/cc/cr575f:Th3s|QcAc|Ad3d|AsTd|9s4c|2h9d/7dJd9c/4d:-50|-225|275|0|0|0:Eddie|Pluribus|Bill|MrOrange|MrBlue|MrPink
STATE:149:r200fffcf/cc/r1200c/cr2644f:QcAc|As2c|KsTs|3dQd|Kh6s|9h7h/9cTdQs/5h/Jd:-1200|-100|1300|0|0|0:Pluribus|Bill|MrOrange|MrBlue|MrPink|Eddie
STATE:150:fffr200fc/cc/cc/r575f:Td6s|4dKd|9s6c|Kh4c|7d9c|7h8h/5h3sQs/Jc/5c:-50|250|0|0|0|-200:Bill|MrOrange|MrBlue|MrPink|Eddie|Pluribus
STATE:151:r210ffffc/cr360f:2s4s|9cKc|9s8s|5d4c|9hQc|3dJs/3c3h5h:-50|-210|260|0|0|0:MrOrange|MrBlue|MrPink|Eddie|Pluribus|Bill
STATE:152:ffffcr300c/cc/cc/cc:2s2c|8c6c|2d7c|7sTs|9s3d|5c4h/Qs7h6s/9h/3c:-300|300|0|0|0|0:MrBlue|MrPink|Eddie|Pluribus|Bill|MrOrange
STATE:153:fr225fffc/cc/r475f:Ts2c|8dQd|7d2h|KsAd|Kd8c|8s5s/6h3h8h/9s:-50|275|0|-225|0|0:MrPink|Eddie|Pluribus|Bill|MrOrange|MrBlue
STATE:154:fffr250r1150ff:9sTs|Jc8c|KdTc|2d3d|7s4c|5c3c:350|-100|0|0|0|-250:Eddie|Pluribus|Bill|MrOrange|MrBlue|MrPink
STATE:155:fr225r700ffr1875fr10000f:6c9s|QsAh|3sAd|Ac9c|KcKd|Qc7c:-50|-1875|0|-225|2150|0:Pluribus|Bill|MrOrange|MrBlue|MrPink|Eddie
