# name/game/hands/seed sample_game_93 ../lib/python-client/acpc_infrastructure/holdem.nolimit.6p.game 10000 93
#--t_response 600000000
#--t_hand 600000000
#--t_per_hand 600000000
STATE:0:ffffcr300c/cr600f:5hAc|QcTc|4dTd|3hKs|Jc8d|5dTs/6s7h2d:-300|300|0|0|0|0:MrOrange|MrWhite|MrBlue|Budd|Bill|Pluribus
STATE:1:fffr254r862fr1950f:8s8d|Kc2s|Tc5s|6d9c|6sJd|AcAs:-862|-100|0|0|0|962:MrWhite|MrBlue|Budd|Bill|Pluribus|MrOrange
STATE:2:fffff:6s2d|Ad2s|Td7h|6d5h|Qd7c|5sJh:-50|50|0|0|0|0:MrBlue|Budd|Bill|Pluribus|MrOrange|MrWhite
STATE:3:ffr225fff:3c7c|Jd5s|Kd6d|Kh7s|JhQh|Qc4h:-50|-100|0|0|150|0:Budd|Bill|Pluribus|MrOrange|MrWhite|MrBlue
STATE:4:fffr225ff:7dTs|5d9h|2s4s|7c9c|Js6d|8s8h:-50|-100|0|0|0|150:Bill|Pluribus|MrOrange|MrWhite|MrBlue|Budd
STATE:5:ffffr200c/cc/cr300c/cc:6h8h|Ks7d|7h4h|3h8s|Jh9c|9h4c/4d8c3s/Kc/Ac:-300|300|0|0|0|0:Pluribus|MrOrange|MrWhite|MrBlue|Budd|Bill
STATE:6:fffff:Qs4h|QhTc|7cKh|4d5d|Ac9h|5s3s:-50|50|0|0|0|0:MrOrange|MrWhite|MrBlue|Budd|Bill|Pluribus
STATE:7:fffff:4sQh|8s9h|Ah5s|6d9c|3c7h|3sTc:-50|50|0|0|0|0:MrWhite|MrBlue|Budd|Bill|Pluribus|MrOrange
STATE:8:fr200fffc/cr425f:Th7c|6h4c|Kh2c|TdKd|3h8d|4d5h/3sJcQd:-50|-200|0|250|0|0:MrBlue|Budd|Bill|Pluribus|MrOrange|MrWhite
STATE:9:fr208fr715ffr2100c/cr3950f:9hQd|8h7s|7d6d|QhAs|6s9c|KsKh/5dKdTd:-50|-100|0|-2100|0|2250:Budd|Bill|Pluribus|MrOrange|MrWhite|MrBlue
STATE:10:ffffcr300c/cr600c/cr1200f:9sQs|TcAc|8s3d|Qh2d|2h7c|8d6s/4d5hAs/Ah:-600|600|0|0|0|0:Bill|Pluribus|MrOrange|MrWhite|MrBlue|Budd
STATE:11:fr225fffc/cc/r447c/r769c:2s3c|JdTc|9sAh|JsJh|5h7s|3dQd/Kh4c8s/7d/Ac:-50|-769|0|819|0|0:Pluribus|MrOrange|MrWhite|MrBlue|Budd|Bill
STATE:12:fffr200fc/cr425c/cc/cc:5cTh|Qs8d|4h9s|Jh6s|4dKh|6c6d/KdQcKc/2c/Td:-50|475|0|0|0|-425:MrOrange|MrWhite|MrBlue|Budd|Bill|Pluribus
STATE:13:fr225fffc/cr475c/cc/r1225f:3sKc|8sJs|9s6s|TsAh|Td6d|2d9c/2sJh4h/2c/3c:-50|525|0|-475|0|0:MrWhite|MrBlue|Budd|Bill|Pluribus|MrOrange
STATE:14:ffr222fr1050fr2375c/cr3699f:8d8h|7h4s|2s5h|7cTd|QdQh|8sJh/Kc6sQc:-2375|-100|0|0|2475|0:MrBlue|Budd|Bill|Pluribus|MrOrange|MrWhite
STATE:15:fffr225fc/cr475c/cr1300r2975f:2c7s|6h5s|8s2d|Td5h|8dTs|6cTc/7cQd4h/Kh:-50|1350|0|0|0|-1300:Budd|Bill|Pluribus|MrOrange|MrWhite|MrBlue
STATE:16:ffffcr250c/cr750f:3hJh|Qd9h|7c3c|5c6h|4h9s|3sJd/4dTd6c:-250|250|0|0|0|0:Bill|Pluribus|MrOrange|MrWhite|MrBlue|Budd
STATE:17:ffffr300c/r600c/cc/cc:8hAh|Js6d|2dTc|4s6c|Jd8c|Kh2s/6sQs9h/9d/7d:-600|600|0|0|0|0:Pluribus|MrOrange|MrWhite|MrBlue|Budd|Bill
STATE:18:fffff:Th6d|7d3s|7h8d|6cTc|Ad2c|4h3c:-50|50|0|0|0|0:MrOrange|MrWhite|MrBlue|Budd|Bill|Pluribus
STATE:19:ffr200ffc/cr425c/cr2225f:8cKd|As2s|4c3s|6c9c|AcKc|8d2d/3cKh5d/8h:-50|-425|0|0|475|0:MrWhite|MrBlue|Budd|Bill|Pluribus|MrOrange
STATE:20:ffffcr350c/cr600c/cc/cc:7cAs|3h3s|Qs4h|6c4d|Jd8h|4sJc/2c9s4c/5h/9c:-600|600|0|0|0|0:MrBlue|Budd|Bill|Pluribus|MrOrange|MrWhite
STATE:21:ffr225ffc/cr475f:Jc9s|3dAc|Qc2c|7s9d|TcAd|Kc5d/QdJd7d:-50|-225|0|0|275|0:Budd|Bill|Pluribus|MrOrange|MrWhite|MrBlue
STATE:22:r200fr700fffc/cr1325f:KcTc|4h3h|5h5s|5dQh|AhQc|4c3d/QsKs8d:-50|-100|-700|0|850|0:Bill|Pluribus|MrOrange|MrWhite|MrBlue|Budd
STATE:23:fffr250fc/cr600r1425f:Tc7s|9dQc|Js7d|8dKs|5h3c|KcJd/7h9hQs:-50|650|0|0|0|-600:Pluribus|MrOrange|MrWhite|MrBlue|Budd|Bill
STATE:24:fffff:7dJs|4hJc|KsJh|4c9h|Ah9c|8h2d:-50|50|0|0|0|0:MrOrange|MrWhite|MrBlue|Budd|Bill|Pluribus
STATE:25:fffr244cc/ccc/cr806cf/cr1981f:6s9s|AcTd|5sAh|2s4s|8h6d|ThKh/9dQh7s/Jc/As:-244|-806|0|0|0|1050:MrWhite|MrBlue|Budd|Bill|Pluribus|MrOrange
STATE:26:ffffr250c/cr500c/cr1300f:QcKs|TdAs|3s9c|Qs5d|8hQh|6c8s/7s8d4s/Th:-500|500|0|0|0|0:MrBlue|Budd|Bill|Pluribus|MrOrange|MrWhite
STATE:27:fffff:8s3c|KcTs|7c8c|9h7h|4cKs|4d3s:-50|50|0|0|0|0:Budd|Bill|Pluribus|MrOrange|MrWhite|MrBlue
STATE:28:r200fffff:3hJh|7hTs|KhAc|9d6c|6d2h|7s8d:-50|-100|150|0|0|0:Bill|Pluribus|MrOrange|MrWhite|MrBlue|Budd
STATE:29:ffffr200c/cc/r300f:QhKs|Kh3c|2d3s|5c8c|Ad2s|Qd4c/Qs7h6c/5h:200|-200|0|0|0|0:Pluribus|MrOrange|MrWhite|MrBlue|Budd|Bill
STATE:30:fr225fffc/cr375f:Kd6d|Ac9d|3s2c|3d3h|8d4c|Qc4h/8hJcKs:-50|-225|0|275|0|0:MrOrange|MrWhite|MrBlue|Budd|Bill|Pluribus
STATE:31:fffr244ff:7c2d|Qc6h|8h6d|6s8c|Kh7d|7s8s:-50|-100|0|0|0|150:MrWhite|MrBlue|Budd|Bill|Pluribus|MrOrange
STATE:32:r225ffffc/cc/r975f:2hJh|JdQh|8hAh|As7h|4dAc|6d5h/7s5d8c/Tc:-50|275|-225|0|0|0:MrBlue|Budd|Bill|Pluribus|MrOrange|MrWhite
STATE:33:r200fffff:2c5c|Th2d|QdKd|5d3c|KhTd|7hQs:-50|-100|150|0|0|0:Budd|Bill|Pluribus|MrOrange|MrWhite|MrBlue
STATE:34:ffr225fr900ff:QcAh|6cQs|3cJc|3h9d|Ad2s|9h3s:325|-100|0|0|-225|0:Bill|Pluribus|MrOrange|MrWhite|MrBlue|Budd
STATE:35:r225ffcff/r525c/cr925f:Ts6c|9hKc|QsAs|Th4c|JdKs|7s6s/4d4h8h/Js:-50|-100|-525|0|0|675:Pluribus|MrOrange|MrWhite|MrBlue|Budd|Bill
STATE:36:fffff:4s3h|6d3c|5dKc|Qh2h|As6c|4dTh:-50|50|0|0|0|0:MrOrange|MrWhite|MrBlue|Budd|Bill|Pluribus
STATE:37:ffffr300f:7d9d|6hQd|5cAh|3sKc|6cJc|2sJs:100|-100|0|0|0|0:MrWhite|MrBlue|Budd|Bill|Pluribus|MrOrange
STATE:38:r225fcfcf/ccr500ff:QsTc|Qc3h|8hAh|Th6c|9d9s|8sKc/9c3d4s:-225|-100|-225|0|550|0:MrBlue|Budd|Bill|Pluribus|MrOrange|MrWhite
STATE:39:r200ffffc/cr425c/cc/cr875c:Kd5s|KcQs|AhJs|8hKh|Ac6h|2cQc/Qd4d5c/3h/Ad:-50|-875|925|0|0|0:Budd|Bill|Pluribus|MrOrange|MrWhite|MrBlue
STATE:40:r200ffffc/cr350c/cr925c/cr4025f:2hJh|8cAd|8d9d|8h7c|5cAs|Td5d/Qd7sAc/Tc/Qc:-50|-925|975|0|0|0:Bill|Pluribus|MrOrange|MrWhite|MrBlue|Budd
STATE:41:fr225r720ffff:6c5h|7s4d|8sTd|Qs9s|AhKh|Jd3d:-50|-100|0|-225|375|0:Pluribus|MrOrange|MrWhite|MrBlue|Budd|Bill
STATE:42:fffr200fc/cr425f:7d2h|Jh5c|2s3d|4dKs|2c9c|5s5h/3cAcQc:-50|-200|0|0|0|250:MrOrange|MrWhite|MrBlue|Budd|Bill|Pluribus
STATE:43:ffr200r700fr1900fr10000c///:2d7c|KdKh|7h5d|8hJs|9hJh|QdQs/2sAsJc/Ah/3d:-50|10250|0|0|-200|-10000:MrWhite|MrBlue|Budd|Bill|Pluribus|MrOrange
STATE:44:fffr225cc/cr475ff:7dKd|8d6h|4c7s|Js4d|9sJc|AsQd/Ts7c6s:-225|450|0|0|0|-225:MrBlue|Budd|Bill|Pluribus|MrOrange|MrWhite
STATE:45:r200ffffc/cr425f:JdKs|6c2c|TsAc|2s5h|Qh6h|3sJc/4sQsJh:-50|-200|250|0|0|0:Budd|Bill|Pluribus|MrOrange|MrWhite|MrBlue
STATE:46:ffffcc/r200f:6d5d|Js7s|Ad6c|ThAc|Ks4d|2sQd/AhQc2c:100|-100|0|0|0|0:Bill|Pluribus|MrOrange|MrWhite|MrBlue|Budd
STATE:47:ffr225ffc/cr400f:JcKh|8dAs|5d9d|8s2s|QcAd|3dKd/2c9cQh:-50|-225|0|0|275|0:Pluribus|MrOrange|MrWhite|MrBlue|Budd|Bill
STATE:48:ffr225ffc/cr475c/cr1475c/cr4475f:Ks9c|QcJh|5hKh|As4h|9h8h|4dKd/Jd2s7s/5d/2c:-50|-1475|0|0|1525|0:MrOrange|MrWhite|MrBlue|Budd|Bill|Pluribus
STATE:49:fffr244ff:8h2c|6s2h|3s9d|8cAs|4sJc|TsQc:-50|-100|0|0|0|150:MrWhite|MrBlue|Budd|Bill|Pluribus|MrOrange
STATE:50:ffffcc/cc/cc/cr250c:4d4h|Ac3d|5h7s|2d9h|Td8c|Qd7c/2c5d9d/2h/3h:250|-250|0|0|0|0:MrBlue|Budd|Bill|Pluribus|MrOrange|MrWhite
STATE:51:r250fffff:JcTs|8d6h|ThKh|3s4s|Jd8h|8c5d:-50|-100|150|0|0|0:Budd|Bill|Pluribus|MrOrange|MrWhite|MrBlue
STATE:52:fr225cfff/r675c/r1674c/cc:Qc6c|Js4h|Qd8h|JdTd|AhAc|9c4c/9s2h6h/Qs/Th:-50|-100|0|-1674|1824|0:Bill|Pluribus|MrOrange|MrWhite|MrBlue|Budd
STATE:53:r225ffffc/cc/cc/cc:Th2s|7h7d|5s5d|7s9s|2cJs|2h3h/9dKd6c/Ah/Qh:-50|275|-225|0|0|0:Pluribus|MrOrange|MrWhite|MrBlue|Budd|Bill
STATE:54:fffff:Ts3d|7h8h|9sTd|Tc2c|5d9d|Qc6d:-50|50|0|0|0|0:MrOrange|MrWhite|MrBlue|Budd|Bill|Pluribus
STATE:55:r225r700ffffc/cr1200f:2d3c|Jh6d|AcQh|8c8d|Qs2s|6cQc/Ks6s6h:-50|-100|-700|850|0|0:MrWhite|MrBlue|Budd|Bill|Pluribus|MrOrange
STATE:56:fr200ffff:3dKd|5d4h|JsTc|9h9c|Ah3c|8d4s:-50|-100|0|150|0|0:MrBlue|Budd|Bill|Pluribus|MrOrange|MrWhite
STATE:57:ffr225fff:5h9s|Jh2c|8cKh|3c9d|TdAh|2h5s:-50|-100|0|0|150|0:Budd|Bill|Pluribus|MrOrange|MrWhite|MrBlue
STATE:58:fr225fffc/cr475f:7cQc|KhQd|4sKc|4cAc|3sJh|4dKs/4h6dAs:-50|-225|0|275|0|0:Bill|Pluribus|MrOrange|MrWhite|MrBlue|Budd
STATE:59:fffr250ff:3s6d|7c4s|Qc9d|2s9h|8h9s|8d5d:-50|-100|0|0|0|150:Pluribus|MrOrange|MrWhite|MrBlue|Budd|Bill
STATE:60:fffff:Jd9h|KdQs|5h3c|QdJs|2dAh|5s8h:-50|50|0|0|0|0:MrOrange|MrWhite|MrBlue|Budd|Bill|Pluribus
STATE:61:r225ffffc/cr600c/cr2500f:Td4h|5h7s|QsTs|7cAs|2h6s|9d8c/3sJs5c/8d:-50|-600|650|0|0|0:MrWhite|MrBlue|Budd|Bill|Pluribus|MrOrange
STATE:62:fr225fcfc/ccc/ccc/ccc:Jh3d|7hTh|9s6c|4d4c|2d3h|5d5c/Js2sQh/8c/9d:-50|500|0|-225|0|-225:MrBlue|Budd|Bill|Pluribus|MrOrange|MrWhite
STATE:63:fffr225fc/cc/r600c/r1550f:4cKc|9hAh|Ac2h|4dTc|4sQs|TsQc/3sAd8s/Jd/5c:-50|650|0|0|0|-600:Budd|Bill|Pluribus|MrOrange|MrWhite|MrBlue
STATE:64:ffr225fr900fc/cc/cc/cr1725f:ThTc|6d4c|5cAd|8h5h|7d8d|6s9d/Qs6hKc/Js/2d:-900|-100|0|0|1000|0:Bill|Pluribus|MrOrange|MrWhite|MrBlue|Budd
STATE:65:ffffr200f:Jc4c|8d3c|Td2c|Th3h|4s7h|Jd7c:100|-100|0|0|0|0:Pluribus|MrOrange|MrWhite|MrBlue|Budd|Bill
STATE:66:fffff:3hJc|4s3d|Qs6h|9sQh|4d2d|5c6s:-50|50|0|0|0|0:MrOrange|MrWhite|MrBlue|Budd|Bill|Pluribus
STATE:67:fffff:Td8s|6c2h|3cQh|5sKs|3hAs|4s6d:-50|50|0|0|0|0:MrWhite|MrBlue|Budd|Bill|Pluribus|MrOrange
STATE:68:ffffr250f:8s7c|Jd2h|Qh4d|Kh9c|5cAh|5s3c:100|-100|0|0|0|0:MrBlue|Budd|Bill|Pluribus|MrOrange|MrWhite
STATE:69:fffff:4c5d|Ad9h|3d7s|AsTd|3c8c|Jd3s:-50|50|0|0|0|0:Budd|Bill|Pluribus|MrOrange|MrWhite|MrBlue
STATE:70:fffr225fc/cc/cc/cr525c:Kh7s|Ts9c|Ks3s|3d2s|9dJc|AcTc/5s9sJh/4d/As:-50|-525|0|0|0|575:Bill|Pluribus|MrOrange|MrWhite|MrBlue|Budd
STATE:71:r225fr720ffff:Td5s|Th7c|6s6h|3h2d|AhKc|Js4s:-50|-100|-225|0|375|0:Pluribus|MrOrange|MrWhite|MrBlue|Budd|Bill
STATE:72:ffr225fff:2sAc|8h5h|4c6s|As2h|AdTh|Tc8s:-50|-100|0|0|150|0:MrOrange|MrWhite|MrBlue|Budd|Bill|Pluribus
