STATE:73:fr250ffff:8d7c|9h5s|Ks2c|AhQc|8c3d|2h9s:-50|-100|0|150|0|0:MrBlonde|MrWhite|MrPink|MrOrange|Pluribus|MrBlue
STATE:74:r200ffffc/cc/r310f:Ah3d|Ts5s|9sAs|KdQs|Js6h|Kh6d/4c2c8c/Qc:-50|250|-200|0|0|0:MrWhite|MrPink|MrOrange|Pluribus|MrBlue|MrBlonde
STATE:75:fr225cfr1300r2375ffc/cr3675f:TdTc|Ks3h|7sJs|Qh9h|8s8c|5cQc/3c6cAs:-2375|2825|0|-225|-225|0:MrPink|MrOrange|Pluribus|MrBlue|MrBlonde|MrWhite
STATE:76:ffr225ffc/cr551f:4s7c|Td3d|9dQh|Ad2c|JdKc|Ah5d/6h6s5s:-50|-225|0|0|275|0:MrOrange|Pluribus|MrBlue|MrBlonde|MrWhite|MrPink
STATE:77:fr225fffc/cr600c/cc/r1537c:6sAh|8c8h|7d9s|JcAs|Ks7c|Jd6c/6d2s5s/Qd/5c:-50|1587|0|-1537|0|0:Pluribus|MrBlue|MrBlonde|MrWhite|MrPink|MrOrange
STATE:78:r225fcffc/ccc/r675cf/cc:4c9d|9cTc|AcQh|7sQd|Ad4d|4h3c/2cTs9h/Qs/Ks:-50|950|-675|0|-225|0:MrBlue|MrBlonde|MrWhite|MrPink|MrOrange|Pluribus
STATE:79:ffr225fff:7cQc|5dTs|2hTc|Kh6s|As8h|Ks3c:-50|-100|0|0|150|0:MrBlonde|MrWhite|MrPink|MrOrange|Pluribus|MrBlue
STATE:80:fffff:7d5s|3d4c|JcTh|Qs5h|7h9c|Jh6c:-50|50|0|0|0|0:MrWhite|MrPink|MrOrange|Pluribus|MrBlue|MrBlonde
STATE:81:fr225ffff:Kh4d|2cKd|5h3d|AsJs|5s7s|6sTh:-50|-100|0|150|0|0:MrPink|MrOrange|Pluribus|MrBlue|MrBlonde|MrWhite
STATE:82:r225fffr950fc/cc/cr2625c/cr7275f:QdKs|9c8d|QcQh|2hTh|5c9d|5hTs/4cAh4h/Qs/7h:-2625|-100|2725|0|0|0:MrOrange|Pluribus|MrBlue|MrBlonde|MrWhite|MrPink
STATE:83:fffr200fr800f:4s6h|3c6c|TcQh|5s8d|3h8s|As4h:-50|250|0|0|0|-200:Pluribus|MrBlue|MrBlonde|MrWhite|MrPink|MrOrange
STATE:84:ffffcc/cc/cc/cc:8s5s|JcTs|9c8h|As4d|Qs8d|7h3d/Qc3s3h/5c/6c:100|-100|0|0|0|0:MrBlue|MrBlonde|MrWhite|MrPink|MrOrange|Pluribus
STATE:85:r210fffff:4s7h|Qc6s|AcAh|6dTh|5cJc|3sJh:-50|-100|150|0|0|0:MrBlonde|MrWhite|MrPink|MrOrange|Pluribus|MrBlue
STATE:86:fr200ffff:Kc4h|Kd3h|5c3d|Ac9h|6d8d|Jh5h:-50|-100|0|150|0|0:MrWhite|MrPink|MrOrange|Pluribus|MrBlue|MrBlonde
STATE:87:r200fffff:Td5c|2cJh|JdAs|Qs7h|Tc3s|5h3d:-50|-100|150|0|0|0:MrPink|MrOrange|Pluribus|MrBlue|MrBlonde|MrWhite
STATE:88:r225r750ffffc/cc/r2200c/r6075f:4h3h|Qc8c|7d6d|QhJh|Ah5s|8h8s/Jd5d9d/6s/Tc:-50|-100|2350|-2200|0|0:MrOrange|Pluribus|MrBlue|MrBlonde|MrWhite|MrPink
STATE:89:ffr210fcf/cr370c/cr620c/cr1960f:TcAd|Qd5h|9d6d|7s5s|QhKc|Jc3h/9sTh8h/7d/2d:-620|-100|0|0|720|0:Pluribus|MrBlue|MrBlonde|MrWhite|MrPink|MrOrange
STATE:90:fffr250r900fc/r1600c/cr3250f:7c6c|2c6s|Js9h|Kc3h|Jc5s|Ah8h/8d6d8c/9d:-1600|-100|0|0|0|1700:MrBlue|MrBlonde|MrWhite|MrPink|MrOrange|Pluribus
STATE:91:ffr250fr1100ff:JsAh|3sTh|As4c|9h5s|6dAd|TcKs:350|-100|0|0|-250|0:MrBlonde|MrWhite|MrPink|MrOrange|Pluribus|MrBlue
STATE:92:fffr250fc/cr450c/cc/r1050c:8d4s|8cTd|3hAs|Th5c|4h3d|KsAc/2s8h2c/9d/6d:-50|1100|0|0|0|-1050:MrWhite|MrPink|MrOrange|Pluribus|MrBlue|MrBlonde
STATE:93:ffffcc/cc/cc/cc:Qh7c|2s9h|7s6d|8hJd|6hAd|9d2d/5s5h6c/As/Kc:100|-100|0|0|0|0:MrPink|MrOrange|Pluribus|MrBlue|MrBlonde|MrWhite
STATE:94:fr250fr750fff:5hAd|2s4s|7d3h|QcKs|7h9h|ThKh:-50|-100|0|-250|0|400:MrOrange|Pluribus|MrBlue|MrBlonde|MrWhite|MrPink
STATE:95:ffr210ffc/cr760c/cc/cc:Ts2d|JdKc|3sQh|Ah9s|JhKh|8s9h/2hKdAd/5c/8h:-50|25|0|0|25|0:Pluribus|MrBlue|MrBlonde|MrWhite|MrPink|MrOrange
STATE:96:r225fffff:6h3s|3h9s|QsJs|5d5s|Kd7s|Jc4h:-50|-100|150|0|0|0:MrBlue|MrBlonde|MrWhite|MrPink|MrOrange|Pluribus
STATE:97:fr200cfff/cc/r1025c/r2675f:9hQs|5d2h|Tc6d|6h5h|JhTh|TdAh/7dJsQd/2s/9d:-50|-100|0|1175|-1025|0:MrBlonde|MrWhite|MrPink|MrOrange|Pluribus|MrBlue
STATE:98:fr250fffc/cr525f:9cQh|QdJh|8c3c|KsKc|2h8h|5s5d/AhAd7s:-50|-250|0|300|0|0:MrWhite|MrPink|MrOrange|Pluribus|MrBlue|MrBlonde
STATE:99:ffr250fff:8d5c|3d2h|8hJd|2c3s|QsKc|4cAs:-50|-100|0|0|150|0:MrPink|MrOrange|Pluribus|MrBlue|MrBlonde|MrWhite
STATE:100:ffr225fr350fc/r700c/cr1825f:8cAs|4s9c|Qs6c|2h4h|9hTh|6d3d/KhJs6h/Qh:-700|-100|0|0|800|0:MrOrange|Pluribus|MrBlue|MrBlonde|MrWhite|MrPink
STATE:101:ffr210fr825fc/r2575c/cc/cr10000f:QdJd|8cKd|6hAc|4dKh|AhJc|7cKs/5s5h7h/4s/Th:-2575|-100|0|0|2675|0:Pluribus|MrBlue|MrBlonde|MrWhite|MrPink|MrOrange
STATE:102:ffffcr400f:Jh6d|3s7s|Jd7c|Tc5c|6c8h|5h7d:-100|100|0|0|0|0:MrBlue|MrBlonde|MrWhite|MrPink|MrOrange|Pluribus
STATE:103:r210ffffc/cc/cc/cr445f:Qs7d|Kd3d|ThAc|Ts9d|6d5h|5c4s/2hJh8h/7s/9h:-50|-210|260|0|0|0:MrBlonde|MrWhite|MrPink|MrOrange|Pluribus|MrBlue
STATE:104:fffr250ff:2sJh|Kc5d|5h3d|Ac3s|Jd9c|Ad7d:-50|-100|0|0|0|150:MrWhite|MrPink|MrOrange|Pluribus|MrBlue|MrBlonde
STATE:105:fffff:Qh5s|3d8c|4hJd|Jh9d|4s2s|Qc5h:-50|50|0|0|0|0:MrPink|MrOrange|Pluribus|MrBlue|MrBlonde|MrWhite
STATE:106:ffffr350c/r600c/cc/r2400f:Kh8h|As9h|6h7s|4sTs|9cQh|5s7d/2c4c2s/6s/Td:600|-600|0|0|0|0:MrOrange|Pluribus|MrBlue|MrBlonde|MrWhite|MrPink
STATE:107:fr225fffc/cc/cc/cc:4d7h|8d8h|Ad6s|KdJh|7d2c|Jc9c/TsThAh/2s/Ks:-50|-225|0|275|0|0:Pluribus|MrBlue|MrBlonde|MrWhite|MrPink|MrOrange
STATE:108:ffffr300r1050f:7d8s|TsTd|6s3h|5hJs|5c4h|4c2c:-300|300|0|0|0|0:MrBlue|MrBlonde|MrWhite|MrPink|MrOrange|Pluribus
STATE:109:ffr200ffc/cr650f:TcAd|As4s|Js6d|8c5s|TsKc|2hQd/7d3c8s:-50|-200|0|0|250|0:MrBlonde|MrWhite|MrPink|MrOrange|Pluribus|MrBlue
STATE:110:fffff:9c6h|Kc3h|2c5h|6sTs|5cJd|Td3d:-50|50|0|0|0|0:MrWhite|MrPink|MrOrange|Pluribus|MrBlue|MrBlonde
STATE:111:ffffcr500c/cc/cc/r1100c:AcTd|2s8c|Qd9c|3s7c|Qs3c|Jh3d/8dTh6c/6s/Ts:1100|-1100|0|0|0|0:MrPink|MrOrange|Pluribus|MrBlue|MrBlonde|MrWhite
STATE:112:r225ffr700ffc/r1350c/r3500f:3d9c|6c7h|TcAc|4d2h|6d3h|As9s/Td8s8c/2c:-50|-100|1500|0|0|-1350:MrOrange|Pluribus|MrBlue|MrBlonde|MrWhite|MrPink
STATE:113:fffr200cf/cc/cr450c/cr1200f:2d2h|Qh5d|Js9c|2c8d|3s4s|Ad3c/5c5sQd/4h/7d:-450|-100|0|0|0|550:Pluribus|MrBlue|MrBlonde|MrWhite|MrPink|MrOrange
STATE:114:ffffcr400c/cr900f:7c8c|KsQh|Jd2h|7d9s|8s2s|3cTd/KdQc6h:-400|400|0|0|0|0:MrBlue|MrBlonde|MrWhite|MrPink|MrOrange|Pluribus
STATE:115:ffffr300c/r675f:5hJh|KdTs|5cAd|Th3d|5d9h|7sTc/2h6cQh:300|-300|0|0|0|0:MrBlonde|MrWhite|MrPink|MrOrange|Pluribus|MrBlue
STATE:116:fffr250ff:Kd5s|2s9d|Th3d|2c6d|Kh8s|Ts8h:-50|-100|0|0|0|150:MrWhite|MrPink|MrOrange|Pluribus|MrBlue|MrBlonde
STATE:117:ffffcc/r200c/cc/cc:9d7d|Kd2d|Jh4d|7h5c|8sKc|8h6h/Ad2cJc/6s/Tc:-200|200|0|0|0|0:MrPink|MrOrange|Pluribus|MrBlue|MrBlonde|MrWhite
STATE:118:fffff:3s8c|7s9c|6c8h|Jh6h|4c2h|Ts2c:-50|50|0|0|0|0:MrOrange|Pluribus|MrBlue|MrBlonde|MrWhite|MrPink
STATE:119:fr225ffff:Jd8d|Qh6d|7h4h|Ad7d|5sJs|3s3d:-50|-100|0|150|0|0:Pluribus|MrBlue|MrBlonde|MrWhite|MrPink|MrOrange
