# name/game/hands/seed sample_game_115 ../lib/python-client/acpc_infrastructure/holdem.nolimit.6p.game 10000 115
#--t_response 600000000
#--t_hand 600000000
#--t_per_hand 600000000
STATE:0:ffr240fr1150fc/cr2150c/cr4750f:JdQd|Td9c|As4h|5h2h|9h8h|2sKd/TsJcAc/Ad:-2150|-100|0|0|2250|0:MrOrange|MrPink|MrBlue|Joe|Bill|Pluribus
STATE:1:ffr200fr1000ff:QdQs|Jh5s|9d3s|6d4s|QcTd|4hKh:300|-100|0|0|-200|0:MrPink|MrBlue|Joe|Bill|Pluribus|MrOrange
STATE:2:r230ffffc/cr365f:7s4h|Jh9h|Qs9s|Ah4c|Jc8h|6s3h/AcAd5h:-50|-230|280|0|0|0:MrBlue|Joe|Bill|Pluribus|MrOrange|MrPink
STATE:3:fffr225fc/cr475f:Kd5h|6hJh|Ah2c|7d6c|3d4s|Qc3c/3sAd2s:-50|-225|0|0|0|275:Joe|Bill|Pluribus|MrOrange|MrPink|MrBlue
STATE:4:fr210fcff/cr432c/r682f:2d6s|4h9s|7d5h|JhQd|6d8d|9cAc/9hQs8s/Jd:-50|-100|0|582|0|-432:Bill|Pluribus|MrOrange|MrPink|MrBlue|Joe
STATE:5:fr225ffff:5d7h|Jd3h|Ac9d|KcAs|Qh5h|5c9h:-50|-100|0|150|0|0:Pluribus|MrOrange|MrPink|MrBlue|Joe|Bill
STATE:6:ffffcc/cc/cc/cc:KcAc|Qh3d|8cTs|Qd4c|4h7h|4dTd/AdKhAh/9h/5d:100|-100|0|0|0|0:MrOrange|MrPink|MrBlue|Joe|Bill|Pluribus
STATE:7:fffr267fr1200r2722r10000f:8hKs|ThTd|Kh7d|4s5h|Qc6d|8cAh:-50|2772|0|0|0|-2722:MrPink|MrBlue|Joe|Bill|Pluribus|MrOrange
STATE:8:r225ffffr1000r2350c/cr4350c/cr10000f:Qh6h|KhAc|AhKc|8d2s|3c7c|5dTh/JcTc3d/7d:-50|-4350|4400|0|0|0:MrBlue|Joe|Bill|Pluribus|MrOrange|MrPink
STATE:9:fffff:5sJd|8c4c|KcJh|4d6h|3s8h|8s2c:-50|50|0|0|0|0:Joe|Bill|Pluribus|MrOrange|MrPink|MrBlue
STATE:10:r200fffff:Kc5s|3hTh|QhQs|2s6d|3cKh|Qc2d:-50|-100|150|0|0|0:Bill|Pluribus|MrOrange|MrPink|MrBlue|Joe
STATE:11:fr225ffff:JhTc|3d8h|Jc7h|AdAh|7d9h|6cKs:-50|-100|0|150|0|0:Pluribus|MrOrange|MrPink|MrBlue|Joe|Bill
STATE:12:ffr225fff:9cTs|2c8d|6c8s|Qs8c|7h9h|4s2s:-50|-100|0|0|150|0:MrOrange|MrPink|MrBlue|Joe|Bill|Pluribus
STATE:13:ffr200fcr1100ff:8d7d|KhQd|7hTc|Js8h|Ac9h|2hJc:-200|400|0|0|-200|0:MrPink|MrBlue|Joe|Bill|Pluribus|MrOrange
STATE:14:fr287ffff:5sQd|Ad8c|TcAh|8s7s|Kh8h|6d7h:-50|-100|0|150|0|0:MrBlue|Joe|Bill|Pluribus|MrOrange|MrPink
STATE:15:fffr225fr975f:7d3h|QcKs|6h8h|8cQs|7s5h|4hJh:-50|275|0|0|0|-225:Joe|Bill|Pluribus|MrOrange|MrPink|MrBlue
STATE:16:r200fffff:Qc6c|9h7c|QdTd|Jd3d|4hKh|4c9d:-50|-100|150|0|0|0:Bill|Pluribus|MrOrange|MrPink|MrBlue|Joe
STATE:17:ffffcc/cc/cr200c/cr500c:4c9c|6h8d|Ad9h|2d9s|8s4h|Js5c/3d4dQs/Jd/Jh:500|-500|0|0|0|0:Pluribus|MrOrange|MrPink|MrBlue|Joe|Bill
STATE:18:r225fffff:8h6s|Ts6d|AsQs|Tc3d|Qh8d|2hJh:-50|-100|150|0|0|0:MrOrange|MrPink|MrBlue|Joe|Bill|Pluribus
STATE:19:r250ffffc/cr500c/cr1275c/cc:As4c|4dJd|Ks8s|6c8h|3cQh|Kc9c/8d3d7h/5h/Qd:-50|1325|-1275|0|0|0:MrPink|MrBlue|Joe|Bill|Pluribus|MrOrange
STATE:20:fffr250ff:7hTh|5cJs|8s6c|5dJd|4hTc|8dKc:-50|-100|0|0|0|150:MrBlue|Joe|Bill|Pluribus|MrOrange|MrPink
STATE:21:fffr225ff:6c7d|Ks4d|6hAs|Td8s|Js9d|8c7c:-50|-100|0|0|0|150:Joe|Bill|Pluribus|MrOrange|MrPink|MrBlue
STATE:22:r200ffffc/cr350f:8h7c|4s2s|QhKc|3dJs|2d3h|7sJh/8s9hKh:-50|-200|250|0|0|0:Bill|Pluribus|MrOrange|MrPink|MrBlue|Joe
STATE:23:fr225fcfc/ccr475fc/cc/cr1250f:4d7c|6h5s|5dAh|QhKd|TcKh|2c2s/8c9cKc/7s/Ad:-50|-225|0|-475|0|750:Pluribus|MrOrange|MrPink|MrBlue|Joe|Bill
STATE:24:ffr225cfr1350ff:8s6c|AhKd|8d4s|Ks5c|7d9d|ThJh:-50|500|0|0|-225|-225:MrOrange|MrPink|MrBlue|Joe|Bill|Pluribus
STATE:25:fr225ffff:4dJs|8h2c|6cTd|7d7c|3h9h|2d5c:-50|-100|0|150|0|0:MrPink|MrBlue|Joe|Bill|Pluribus|MrOrange
STATE:26:r225fffff:Ad6c|2d7s|KhKc|5s8c|KsJd|Js3c:-50|-100|150|0|0|0:MrBlue|Joe|Bill|Pluribus|MrOrange|MrPink
STATE:27:fffr225ff:Qs3d|2s3h|Ah8d|5sKc|7cTh|8h8s:-50|-100|0|0|0|150:Joe|Bill|Pluribus|MrOrange|MrPink|MrBlue
STATE:28:ffffcc/cc/cc/r200f:9s9h|4h6c|5dKh|QcTh|5hQd|2dKs/3sKcTs/Qs/6h:100|-100|0|0|0|0:Bill|Pluribus|MrOrange|MrPink|MrBlue|Joe
STATE:29:fffff:Ks2c|Jd3s|2d6s|5hAc|6cQh|Td8s:-50|50|0|0|0|0:Pluribus|MrOrange|MrPink|MrBlue|Joe|Bill
STATE:30:r225fr700fffc/cc/cc/cr1700f:3c4h|2h6s|3d3h|7c8c|7h7s|2c8d/QdAsQh/6h/Ad:-50|-100|-700|0|850|0:MrOrange|MrPink|MrBlue|Joe|Bill|Pluribus
STATE:31:fr225ffff:4c8s|4d7c|Ac7s|As3s|Td3h|JcQd:-50|-100|0|150|0|0:MrPink|MrBlue|Joe|Bill|Pluribus|MrOrange
STATE:32:ffffr300r1050f:Jh9s|KsKd|Ac8h|4s6d|6c5s|4d6h:-300|300|0|0|0|0:MrBlue|Joe|Bill|Pluribus|MrOrange|MrPink
STATE:33:fffr225ff:Th7d|Ts4h|Jd6h|6dJh|2c8h|JcAd:-50|-100|0|0|0|150:Joe|Bill|Pluribus|MrOrange|MrPink|MrBlue
STATE:34:ffr225ffc/cr475f:Ad7c|As4h|Ah5s|4d3s|9cQc|9s2d/6s5hTc:-50|-225|0|0|275|0:Bill|Pluribus|MrOrange|MrPink|MrBlue|Joe
STATE:35:fffr250r850r2002ff:5h5s|KcQc|3c3s|4s8c|2c4d|KsTc:-850|1100|0|0|0|-250:Pluribus|MrOrange|MrPink|MrBlue|Joe|Bill
STATE:36:r225fr700fffc/cc/cc/cc:4sQd|2c6h|JdKd|3d4c|TcTs|7s4h/Qh9sAd/Ks/Ac:-50|-100|850|0|-700|0:MrOrange|MrPink|MrBlue|Joe|Bill|Pluribus
STATE:37:r250fffff:2d6s|8h4c|QdQc|3hJh|QsTc|4d5h:-50|-100|150|0|0|0:MrPink|MrBlue|Joe|Bill|Pluribus|MrOrange
STATE:38:r225fffff:5dJs|2d5h|KcQd|8hQc|Kh3c|6sAc:-50|-100|150|0|0|0:MrBlue|Joe|Bill|Pluribus|MrOrange|MrPink
STATE:39:r225ffcfc/ccc/r700fc/cr2650c:Ah7h|8c9h|4c4d|7d5h|Ad2h|TcJc/9cQh6h/9d/Qd:-50|2925|-225|0|0|-2650:Joe|Bill|Pluribus|MrOrange|MrPink|MrBlue
STATE:40:r200fcfff/cr435c/cr1180c/cr3105c:9d7d|9cAd|QdJd|4d2h|KcKd|KsTh/Jh6sJc/8s/3h:-50|-100|3255|0|-3105|0:Bill|Pluribus|MrOrange|MrPink|MrBlue|Joe
STATE:41:fr225fr750ffc/cc/cr1850f:4d7c|8d8c|Jh6d|JsTs|2d3d|TdTc/8hQhTh/Ac:-50|-100|0|-750|0|900:Pluribus|MrOrange|MrPink|MrBlue|Joe|Bill
STATE:42:fffr250fc/cr525f:7cKs|8cKc|2dKh|Jc6c|8dTs|2h2s/9s7h9d:-50|-250|0|0|0|300:MrOrange|MrPink|MrBlue|Joe|Bill|Pluribus
STATE:43:ffffcc/r200c/r800f:JhQs|9h6c|Ks8h|8s2c|7h3h|8cQh/9d5hTc/Jc:200|-200|0|0|0|0:MrPink|MrBlue|Joe|Bill|Pluribus|MrOrange
STATE:44:ffr222r700ffr2177r10000f:3s2d|2cQh|2s4d|2h7d|QdKs|Ah4h:-50|-100|0|0|-2177|2327:MrBlue|Joe|Bill|Pluribus|MrOrange|MrPink
STATE:45:fffr225fc/cc/cr600c/cr1537c:6cAs|Jc8h|TsQd|9c7c|6s4h|3sJs/Qs4s3h/Jd/5s:-50|-1537|0|0|0|1587:Joe|Bill|Pluribus|MrOrange|MrPink|MrBlue
STATE:46:r200fcfff/cr475c/cc/cc:3d5c|Jh2c|Ah5h|2h8s|TdTs|9c6c/JdAs7s/8c/5s:-50|-100|625|0|-475|0:Bill|Pluribus|MrOrange|MrPink|MrBlue|Joe
STATE:47:r210ffffc/cc/cc/r485f:2c3s|5s8s|8c8d|6hTd|9h8h|Js5h/Qh3dKc/Ac/6s:-50|260|-210|0|0|0:Pluribus|MrOrange|MrPink|MrBlue|Joe|Bill
STATE:48:ffr225ccf/ccc/r700ff:QsJs|9d3d|Td5d|7sQh|AsJd|5c5s/Kh6h9s/2c:550|-100|0|0|-225|-225:MrOrange|MrPink|MrBlue|Joe|Bill|Pluribus
STATE:49:fffff:Qc3d|QdJs|7c2d|As8h|5cJd|Td3s:-50|50|0|0|0|0:MrPink|MrBlue|Joe|Bill|Pluribus|MrOrange
STATE:50:fr200ffff:8s4h|7c2s|2h3d|JdJc|Jh3c|9s5c:-50|-100|0|150|0|0:MrBlue|Joe|Bill|Pluribus|MrOrange|MrPink
STATE:51:fr210fffr900c/r1500c/r3550f:Ad9h|8cKc|8sKd|TdJd|2d5c|7c2c/4hTc2s/Ac:-50|1550|0|-1500|0|0:Joe|Bill|Pluribus|MrOrange|MrPink|MrBlue
STATE:52:fffff:8s3d|8h9s|Qd3h|Tc2h|Ts7c|7dJh:-50|50|0|0|0|0:Bill|Pluribus|MrOrange|MrPink|MrBlue|Joe
STATE:53:fr225ffcf/cc/cr637f:JcAs|9sKh|9c7h|8dTd|2dAc|5dQd/8c5s6h/6c:-225|-100|0|325|0|0:Pluribus|MrOrange|MrPink|MrBlue|Joe|Bill
STATE:54:fffff:7dJc|5dTc|ThKc|QcTd|3d2c|6h4c:-50|50|0|0|0|0:MrOrange|MrPink|MrBlue|Joe|Bill|Pluribus
STATE:55:ffr200r700fcr2250ff:Kc7s|8s9s|Jc3d|5d9d|AhAc|JdTd:-50|-700|0|0|1450|-700:MrPink|MrBlue|Joe|Bill|Pluribus|MrOrange
STATE:56:r200fffcc/ccr650fc/cc/cc:4sAs|8h9s|QhJs|Th9d|Ah5c|3s4d/7c8c9h/7h/6h:-200|850|-650|0|0|0:MrBlue|Joe|Bill|Pluribus|MrOrange|MrPink
STATE:57:fffff:9c3s|5h8d|4sJh|8s4d|5dTd|6h2c:-50|50|0|0|0|0:Joe|Bill|Pluribus|MrOrange|MrPink|MrBlue
STATE:58:fffr250fc/cc/cr500f:8d2c|4d4h|Ah4c|5h9d|7sTd|2dQd/6s6c7h/7c:-50|-250|0|0|0|300:Bill|Pluribus|MrOrange|MrPink|MrBlue|Joe
STATE:59:fr225fffc/cr425c/cr1105c/cc:5cTh|JcKc|Jd3d|KdJs|3s4c|8s2d/Jh6c6s/7d/Qc:-50|25|0|25|0|0:Pluribus|MrOrange|MrPink|MrBlue|Joe|Bill
STATE:60:ffr225fff:2d9h|3d7c|8c9s|5sAd|TcTs|Ah5c:-50|-100|0|0|150|0:MrOrange|MrPink|MrBlue|Joe|Bill|Pluribus
STATE:61:ffffcr350c/cc/r1300f:QdJc|AdJh|Qs4h|Ks4s|Js7c|2sAc/5d9h6c/3c:350|-350|0|0|0|0:MrPink|MrBlue|Joe|Bill|Pluribus|MrOrange
STATE:62:fr225ffff:Qh5d|Ah3d|Jd2d|KdJh|Jc7d|2c8h:-50|-100|0|150|0|0:MrBlue|Joe|Bill|Pluribus|MrOrange|MrPink
STATE:63:fr208fffc/cr358f:Th3c|7d4d|3dQc|6sAs|Tc5d|6cAd/Kc3h2h:-50|-208|0|258|0|0:Joe|Bill|Pluribus|MrOrange|MrPink|MrBlue
STATE:64:ffffcr300f:Td2d|ThAc|3dQs|9hJd|3s9c|Ks7c:-100|100|0|0|0|0:Bill|Pluribus|MrOrange|MrPink|MrBlue|Joe
STATE:65:ffr250ffc/cr425f:7s8c|Ah4h|TcKd|8h3d|9sAd|4s6c/Qc8sQd:-50|-250|0|0|300|0:Pluribus|MrOrange|MrPink|MrBlue|Joe|Bill
STATE:66:fffff:8c2s|JdJc|3s6h|Qs2h|8h5c|7dKs:-50|50|0|0|0|0:MrOrange|MrPink|MrBlue|Joe|Bill|Pluribus
STATE:67:ffr200fr1000ff:KsKc|Qs5d|Ac2d|Ah6s|8h6h|5h9s:300|-100|0|0|-200|0:MrPink|MrBlue|Joe|Bill|Pluribus|MrOrange
STATE:68:r225fcfff/cr425f:As2h|8d3h|KhJd|9s6h|8h8s|KsTh/2s7h7d:-50|-100|-225|0|375|0:MrBlue|Joe|Bill|Pluribus|MrOrange|MrPink
STATE:69:ffffr350r1150f:8h6h|ThTd|5c6s|Js2c|5dAc|3d5h:-350|350|0|0|0|0:Joe|Bill|Pluribus|MrOrange|MrPink|MrBlue
STATE:70:ffr225r850ffr2600c/r4600f:5s6c|3sJs|7h2s|5cTh|AcQs|QdAd/8sTsKs:-50|-100|0|0|2750|-2600:Bill|Pluribus|MrOrange|MrPink|MrBlue|Joe
STATE:71:ffr250fr700fc/cc/cc/cc:TdKd|9h8s|6h2c|Jd4d|AsJh|7h8d/9s6c5s/8h/4c:-700|-100|0|0|800|0:Pluribus|MrOrange|MrPink|MrBlue|Joe|Bill
STATE:72:ffr225fff:3cJh|Qh6s|Ts7d|2c7s|TdTh|4sTc:-50|-100|0|0|150|0:MrOrange|MrPink|MrBlue|Joe|Bill|Pluribus
STATE:73:fffff:6d9s|9c2s|Qh5s|7hAs|5h8s|3c8d:-50|50|0|0|0|0:MrPink|MrBlue|Joe|Bill|Pluribus|MrOrange
STATE:74:ffffcc/cc/r250c/r625f:6hQh|3h7h|6s9d|7c3c|As5c|2h5d/2c7dJh/Tc/Kc:250|-250|0|0|0|0:MrBlue|Joe|Bill|Pluribus|MrOrange|MrPink
STATE:75:fr205fffc/cc/r365f:3s8d|ThJd|Ks6d|4c4d|9c8s|5d8c/7s9sJc/2s:-50|255|0|-205|0|0:Joe|Bill|Pluribus|MrOrange|MrPink|MrBlue
STATE:76:fffff:4cJd|JhAh|6hAd|3h3s|6d7s|3d2c:-50|50|0|0|0|0:Bill|Pluribus|MrOrange|MrPink|MrBlue|Joe
STATE:77:fffr250fc/cc/cr600f:5h7c|5cAd|2d3s|Th4c|3hJh|9dTd/5d6s8h/Qs:-50|-250|0|0|0|300:Pluribus|MrOrange|MrPink|MrBlue|Joe|Bill
STATE:78:ffr225ffc/cr475f:Kh5s|Ad8c|6h4s|7d9c|Kc6c|7cTd/Kd5dQc:-50|-225|0|0|275|0:MrOrange|MrPink|MrBlue|Joe|Bill|Pluribus
STATE:79:fffff:Js7h|6cQc|5d4d|2d3d|7d2h|Qh4h:-50|50|0|0|0|0:MrPink|MrBlue|Joe|Bill|Pluribus|MrOrange
STATE:80:fr225r700fffc/cc/cr1120f:Ts2c|Ks7s|7d6c|5d5c|7c7h|4sKd/8c3sQs/6d:-50|-100|0|-700|850|0:MrBlue|Joe|Bill|Pluribus|MrOrange|MrPink
STATE:81:ffffr300c/cc/r725c/r1725f:Td9h|Kc4c|6hQd|Kh4d|6c9d|5s7c/2h9cAs/Tc/3h:725|-725|0|0|0|0:Joe|Bill|Pluribus|MrOrange|MrPink|MrBlue
STATE:82:ffr225ffc/cr425f:4hAd|Ks4s|7s2s|8d9h|Qc4c|3h5s/TdQd4d:-50|-225|0|0|275|0:Bill|Pluribus|MrOrange|MrPink|MrBlue|Joe
STATE:83:r210ffcfc/ccc/r765ff:QhTd|QcAc|4d5d|QdTs|7h6d|7d7c/Jd5cKs/9c:-50|470|-210|0|0|-210:Pluribus|MrOrange|MrPink|MrBlue|Joe|Bill
STATE:84:ffr225ffc/cc/r875f:Ts4d|9cQs|7s3c|As5h|KdTd|Jc3s/6d8s5c/Qh:-50|275|0|0|-225|0:MrOrange|MrPink|MrBlue|Joe|Bill|Pluribus
STATE:85:ffffcc/r200f:4hAc|4s8d|9d8s|4d9s|7d6h|2h4c/QdQc3h:100|-100|0|0|0|0:MrPink|MrBlue|Joe|Bill|Pluribus|MrOrange
STATE:86:ffr215fcf/cc/cr390r1145c/cr10000f:2h2s|6dJc|3dAh|Kd4h|QsTd|4d6h/5cQh2c/5h/Qc:-1145|-100|0|0|1245|0:MrBlue|Joe|Bill|Pluribus|MrOrange|MrPink
STATE:87:r225ffffc/cr475f:5c2s|Qc4c|TdAc|Qs3h|8d2d|4d9h/JsAs7d:-50|-225|275|0|0|0:Joe|Bill|Pluribus|MrOrange|MrPink|MrBlue
STATE:88:r200fffff:QdJc|2d6c|9dTd|TsJd|Tc7d|6h7h:-50|-100|150|0|0|0:Bill|Pluribus|MrOrange|MrPink|MrBlue|Joe
STATE:89:fffr250fr1200r2500r10000f:Js6h|AhKs|3d2d|Ts6s|8sTd|As4s:-50|2550|0|0|0|-2500:Pluribus|MrOrange|MrPink|MrBlue|Joe|Bill
STATE:90:fffr225r1150ff:ThAh|8c6c|7hTc|4c7d|5sKc|Jh5h:325|-100|0|0|0|-225:MrOrange|MrPink|MrBlue|Joe|Bill|Pluribus
STATE:91:ffffcr350f:9h7c|JcKh|4d8h|4sKs|8d6c|7s5d:-100|100|0|0|0|0:MrPink|MrBlue|Joe|Bill|Pluribus|MrOrange
STATE:92:r225fffff:4c2d|2sQd|7d7h|7sTd|4s2h|Qs4h:-50|-100|150|0|0|0:MrBlue|Joe|Bill|Pluribus|MrOrange|MrPink
STATE:93:fffr225ff:4h8h|5s3d|4d6s|4c7d|Td9c|TcQc:-50|-100|0|0|0|150:Joe|Bill|Pluribus|MrOrange|MrPink|MrBlue
STATE:94:ffr225fr950ff:JdAc|4cKc|JhTs|5dKd|Ks7s|5cQc:325|-100|0|0|-225|0:Bill|Pluribus|MrOrange|MrPink|MrBlue|Joe
STATE:95:ffffr250f:6dAc|2sQd|8hJd|6cAh|3dKc|9s6h:100|-100|0|0|0|0:Pluribus|MrOrange|MrPink|MrBlue|Joe|Bill
STATE:96:fffr250fr1200f:4s9h|8d8h|8cQh|8s6c|9c6h|3c3d:-50|300|0|0|0|-250:MrOrange|MrPink|MrBlue|Joe|Bill|Pluribus
STATE:97:ffffr300c/cr550c/cr1375c/cc:AdAh|Jh5h|7cKh|2hTd|7h6d|8s5d/9h9d5s/3s/Kc:1375|-1375|0|0|0|0:MrPink|MrBlue|Joe|Bill|Pluribus|MrOrange
STATE:98:fr250ffff:7dQs|6hKs|Kc4s|AhAd|8s9d|4d6d:-50|-100|0|150|0|0:MrBlue|Joe|Bill|Pluribus|MrOrange|MrPink
STATE:99:fffr225fc/cc/r550f:3sJc|7s5d|8sQs|Jh5c|9hKd|Ad7d/QcAhKc/Jd:-50|275|0|0|0|-225:Joe|Bill|Pluribus|MrOrange|MrPink|MrBlue
STATE:100:ffffcr300c/cr600f:TcJs|Kc8h|Qs3h|Ad2h|3d4h|5h2s/5d3s6s:-300|300|0|0|0|0:Bill|Pluribus|MrOrange|MrPink|MrBlue|Joe
STATE:101:ffr250fff:TdQh|4hKs|Tc2s|2c5h|AsKh|7d3c:-50|-100|0|0|150|0:Pluribus|MrOrange|MrPink|MrBlue|Joe|Bill
STATE:102:fr250r775fffc/cc/r1775c/r10000f:Ks2s|5cKh|4h2d|JsJh|QsAs|Jd9s/3hTsJc/2h/3d:-50|-100|0|1925|-1775|0:MrOrange|MrPink|MrBlue|Joe|Bill|Pluribus
STATE:103:ffr200r700ffc/cr1255f:8s4d|4cTh|3s6d|5d6c|2h2c|7hAh/AsQsJs:-50|-100|0|0|-700|850:MrPink|MrBlue|Joe|Bill|Pluribus|MrOrange
STATE:104:ffffcr400c/cc/cc/r650f:4s8s|2s4h|Tc9d|9h7d|2cAh|3h9c/Qc6d8c/Th/Td:400|-400|0|0|0|0:MrBlue|Joe|Bill|Pluribus|MrOrange|MrPink
STATE:105:ffr210r720fff:4d7s|6h2d|2c5c|Qh9d|JdKs|JhJs:-50|-100|0|0|-210|360:Joe|Bill|Pluribus|MrOrange|MrPink|MrBlue
STATE:106:ffr225fff:Qd2h|7c4d|8h2s|Jd4h|Kd3d|Ks4s:-50|-100|0|0|150|0:Bill|Pluribus|MrOrange|MrPink|MrBlue|Joe
STATE:107:r210fffff:5dJd|4cJh|KhKc|8sKd|3sQs|As7h:-50|-100|150|0|0|0:Pluribus|MrOrange|MrPink|MrBlue|Joe|Bill
STATE:108:fffff:5d8h|3d6s|3hKs|Js9d|4dTs|9h2s:-50|50|0|0|0|0:MrOrange|MrPink|MrBlue|Joe|Bill|Pluribus
STATE:109:fffff:2hTc|Qs9s|6s9d|5c7c|7d6c|Ks2c:-50|50|0|0|0|0:MrPink|MrBlue|Joe|Bill|Pluribus|MrOrange
STATE:110:fffr250fc/cr375f:Qd6d|Kd7h|5cAh|Jc3d|2h5d|TsTd/Ad6s3s:-50|-250|0|0|0|300:MrBlue|Joe|Bill|Pluribus|MrOrange|MrPink
STATE:111:r200ffffc/cr650f:Ad2s|9d9s|JhAh|6sTs|Jd6h|8d5c/4cJcAs:-50|-200|250|0|0|0:Joe|Bill|Pluribus|MrOrange|MrPink|MrBlue
STATE:112:ffr225ffc/cr475c/cr1310c/cr3664f:5s4c|Qs3s|5hJh|9d2c|AhQd|9hTs/8sAs4d/Ac/Td:-50|-1310|0|0|1360|0:Bill|Pluribus|MrOrange|MrPink|MrBlue|Joe
STATE:113:r210fffff:Qd8s|7d2d|QcKd|Js2c|3d8h|Qh8d:-50|-100|150|0|0|0:Pluribus|MrOrange|MrPink|MrBlue|Joe|Bill
STATE:114:fffr200fc/cc/r350f:9sQd|TcAd|3c5h|5c2s|3d6h|5d5s/Jh8dAh/4h:-50|250|0|0|0|-200:MrOrange|MrPink|MrBlue|Joe|Bill|Pluribus
STATE:115:ffr200ffc/cr425c/cr650f:6s4d|7s7h|Jh2s|ThJc|9c9s|6c4s/Kc9dKh/Ts:-50|-425|0|0|475|0:MrPink|MrBlue|Joe|Bill|Pluribus|MrOrange
STATE:116:r225fr700fffr1975f:8s3h|4h3s|AsQh|9h2c|KdQs|2dAh:-50|-100|850|0|-700|0:MrBlue|Joe|Bill|Pluribus|MrOrange|MrPink
STATE:117:fffff:6c2h|8dAd|Qd5s|4d9c|Ts3d|4h2d:-50|50|0|0|0|0:Joe|Bill|Pluribus|MrOrange|MrPink|MrBlue
STATE:118:ffr225ffc/cc/cr525f:6s8h|Qd9c|3s8s|Ks9d|KcTd|4d7c/8c7d7h/3h:-50|-225|0|0|275|0:Bill|Pluribus|MrOrange|MrPink|MrBlue|Joe
STATE:119:ffffr200c/r400c/r600c/r1500f:Ac5h|QdTh|6d8h|4h7s|2h3c|2s9h/8d7cTc/6h/4s:600|-600|0|0|0|0:Pluribus|MrOrange|MrPink|MrBlue|Joe|Bill
STATE:120:ffffcr300c/cr960c/cr3160f:JhAs|Qh3c|7dAc|8c5d|9sJd|3dTd/Tc4dAd/3s:-960|960|0|0|0|0:MrOrange|MrPink|MrBlue|Joe|Bill|Pluribus
STATE:121:ffffcc/r200f:8sQs|Kh7s|Ks6h|3d9d|7d9s|2sAh/Qh3cTd:100|-100|0|0|0|0:MrPink|MrBlue|Joe|Bill|Pluribus|MrOrange
STATE:122:fr225ffff:2hAd|Js8c|KsTc|JhTs|Jc4d|5dQh:-50|-100|0|150|0|0:MrBlue|Joe|Bill|Pluribus|MrOrange|MrPink
STATE:123:fffff:Jc2d|KcAh|Ad7h|8hKh|5s9c|Ts7c:-50|50|0|0|0|0:Joe|Bill|Pluribus|MrOrange|MrPink|MrBlue
STATE:124:fr210ffff:4h2s|3hKs|2h4s|JcAs|9cJd|2cTh:-50|-100|0|150|0|0:Bill|Pluribus|MrOrange|MrPink|MrBlue|Joe
STATE:125:fffff:2h6s|As5h|5c3d|4hTs|3h8c|2c4d:-50|50|0|0|0|0:Pluribus|MrOrange|MrPink|MrBlue|Joe|Bill
STATE:126:ffr225fff:As2s|5c9s|6s4h|2c4d|QsJc|Qh9d:-50|-100|0|0|150|0:MrOrange|MrPink|MrBlue|Joe|Bill|Pluribus
STATE:127:r250fffcf/cc/cc/cr575f:8c8d|Qd8s|9h8h|Js4d|Td5d|9dJh/Jc3d3s/As/6h:-250|-100|350|0|0|0:MrPink|MrBlue|Joe|Bill|Pluribus|MrOrange
STATE:128:fr287fffc/cc/r672f:Qs3d|QdJc|3c8c|Ah2h|2s4s|6s9h/7s5h5s/Qc:-50|337|0|-287|0|0:MrBlue|Joe|Bill|Pluribus|MrOrange|MrPink
STATE:129:ffr210ffr900r2000f:7s2d|Ac2c|7h2h|4cJh|KcKd|Th8c:-50|-900|0|0|950|0:Joe|Bill|Pluribus|MrOrange|MrPink|MrBlue
STATE:130:fr210fr850fff:9d9c|5cQs|4d8d|Jh9h|2hQc|KhAs:-50|-100|0|-210|0|360:Bill|Pluribus|MrOrange|MrPink|MrBlue|Joe
STATE:131:fr225ffff:3d7s|2s6c|Ad8s|AhKs|3h2c|Qh8d:-50|-100|0|150|0|0:Pluribus|MrOrange|MrPink|MrBlue|Joe|Bill
STATE:132:r225ffcfc/ccr950fc/cc/cr2037c:4d7s|7h6h|JsKs|2dAd|3c4h|Jc9c/5dKcQs/Ts/5h:-50|-225|-2037|0|0|2312:MrOrange|MrPink|MrBlue|Joe|Bill|Pluribus
STATE:133:r250ffffc/cr500f:8hJh|TsKc|KdJc|Ah7s|QcJs|3d8s/Qd8c7c:-50|-250|300|0|0|0:MrPink|MrBlue|Joe|Bill|Pluribus|MrOrange
STATE:134:fffr250fc/cr800c/cr2800c/cc:5c2d|7c8d|9d7h|JdTh|Td3h|9cAd/6h8c2s/9h/Tc:-50|2850|0|0|0|-2800:MrBlue|Joe|Bill|Pluribus|MrOrange|MrPink
STATE:135:ffr210cfc/ccc/r660ff:4c8d|Qh6h|2h5s|Jd9c|Ad2d|8s8h/Th4dJc/4h:-50|470|0|0|-210|-210:Joe|Bill|Pluribus|MrOrange|MrPink|MrBlue
STATE:136:fffr250r1050ff:KdJc|7s8c|7hKh|Ks9h|Kc8d|4sAh:350|-100|0|0|0|-250:Bill|Pluribus|MrOrange|MrPink|MrBlue|Joe
STATE:137:ffr250fff:9hKs|3c5d|3hTs|3d5c|4cAc|6s9c:-50|-100|0|0|150|0:Pluribus|MrOrange|MrPink|MrBlue|Joe|Bill
STATE:138:fr250fr818ffc/cr1264c/cr2603c/cr6620f:5hJc|Qh8c|4cAd|KsJs|8s9h|AcQd/3s2s9c/2c/5c:-50|-100|0|-2603|0|2753:MrOrange|MrPink|MrBlue|Joe|Bill|Pluribus
STATE:139:fr225ffcc/ccc/ccr675r1462fc/cr2712f:9d9s|QdTh|7d8c|JhQc|8hTd|Ts2s/JsQsKc/3s/Jc:-1462|-225|0|1687|0|0:MrPink|MrBlue|Joe|Bill|Pluribus|MrOrange
STATE:140:r225ffffc/cr375r850c/cc/cc:2s8s|TsTd|9s9c|4h8h|9dJh|8dQs/3h2h2c/Ah/Kh:-50|900|-850|0|0|0:MrBlue|Joe|Bill|Pluribus|MrOrange|MrPink
