# name/game/hands/seed sample_game_88 ../lib/python-client/acpc_infrastructure/holdem.nolimit.6p.game 10000 88
#--t_response 600000000
#--t_hand 600000000
#--t_per_hand 600000000
STATE:0:fr225ffff:Js9c|Kc2d|Qc6h|JcKd|7c3c|5s2c:-50|-100|0|150|0|0:MrPink|Eddie|MrOrange|Bill|MrBlue|Pluribus
STATE:1:fffr250fc/cr430f:7s2d|Qh8c|Qd4s|Kd3d|6h7c|8d8s/KhTh4c:-50|-250|0|0|0|300:Eddie|MrOrange|Bill|MrBlue|Pluribus|MrPink
STATE:2:ffffr250c/r625c/cc/r1125c:8cQc|9sKs|Ah6d|Kd9h|8d4c|3cQs/TsKcJh/9c/Ad:1125|-1125|0|0|0|0:MrOrange|Bill|MrBlue|Pluribus|MrPink|Eddie
STATE:3:ffffcr350f:5cTh|6c5h|Js5d|2d3h|9d3s|8h6s:-100|100|0|0|0|0:Bill|MrBlue|Pluribus|MrPink|Eddie|MrOrange
STATE:4:ffffcc/cc/cc/r250c:2cAh|Qh7c|7d4s|Qc6d|7sKs|2h8d/TsJd7h/As/6h:250|-250|0|0|0|0:MrBlue|Pluribus|MrPink|Eddie|MrOrange|Bill
STATE:5:r200fr625fffc/cc/cc/r765r1225c:9s8c|Td4s|JdAd|3d2d|7s7h|Ac6h/5s9h2s/As/Js:-50|-100|-1225|0|1375|0:Pluribus|MrPink|Eddie|MrOrange|Bill|MrBlue
STATE:6:ffffr300c/r500r950f:QcKd|4c5c|5d2d|Th4h|4s8h|8s9d/2cJs7d:-500|500|0|0|0|0:MrPink|Eddie|MrOrange|Bill|MrBlue|Pluribus
STATE:7:ffffr235c/r353c/cc/r1403f:7dTd|KsQh|8s4d|2s8d|Tc5s|6h4c/Jh6sJd/4h/9h:353|-353|0|0|0|0:Eddie|MrOrange|Bill|MrBlue|Pluribus|MrPink
STATE:8:fr225ffff:Ks2d|6d5s|Qs8h|TsQc|8dQh|3d5c:-50|-100|0|150|0|0:MrOrange|Bill|MrBlue|Pluribus|MrPink|Eddie
STATE:9:fffr243fc/cc/cc/cc:3sKs|Qh9h|4sQc|9c8s|5d8d|TdQd/AsAc3d/5s/6c:-50|-243|0|0|0|293:Bill|MrBlue|Pluribus|MrPink|Eddie|MrOrange
STATE:10:fr200ffr925fc/cc/r2300f:AsAc|Ad6h|2c9d|8hAh|8s5h|Td7s/6s4c6d/Kh:1025|-100|0|-925|0|0:MrBlue|Pluribus|MrPink|Eddie|MrOrange|Bill
STATE:11:fcfffc/cc/cc/r225f:2cTd|4cJs|8c9h|9s7d|6h8h|Jc3h/2s4d2d/5s/Kc:-50|150|0|-100|0|0:Pluribus|MrPink|Eddie|MrOrange|Bill|MrBlue
STATE:12:r200fffff:Qd5c|Ts7d|9cTc|Jc2s|7s3s|2d8d:-50|-100|150|0|0|0:MrPink|Eddie|MrOrange|Bill|MrBlue|Pluribus
STATE:13:ffr350fff:3h5c|2c6s|Kd3d|JsTc|8sAd|Ts6h:-50|-100|0|0|150|0:Eddie|MrOrange|Bill|MrBlue|Pluribus|MrPink
STATE:14:ffr210r700ffr2150c/cr3250c/cr10000c/:Ac3d|2hQc|6s5h|Ks5d|TsTd|AdAh/8s9sTh/4h/Jc:-50|-100|0|0|10150|-10000:MrOrange|Bill|MrBlue|Pluribus|MrPink|Eddie
STATE:15:ffr200fff:8s2c|9h3d|9s7c|8dKs|AcTc|2sTs:-50|-100|0|0|150|0:Bill|MrBlue|Pluribus|MrPink|Eddie|MrOrange
STATE:16:fffr250fc/cc/r387f:9dQs|3dKd|3hAc|Tc5h|2c8s|Ah3s/4d7d8h/Jh:-50|300|0|0|0|-250:MrBlue|Pluribus|MrPink|Eddie|MrOrange|Bill
STATE:17:fffr225fc/cc/r575c/r1775f:9h5s|5c8c|7h4s|8hQs|9cTh|Ks9s/8d8s4h/7s/Jh:-50|625|0|0|0|-575:Pluribus|MrPink|Eddie|MrOrange|Bill|MrBlue
STATE:18:r200fffff:Kc4c|8c2s|5c5d|6s7s|4hTc|9sKd:-50|-100|150|0|0|0:MrPink|Eddie|MrOrange|Bill|MrBlue|Pluribus
STATE:19:fr225ffff:Jc5c|Qs5h|2h7c|JdKs|3d6d|Qd8c:-50|-100|0|150|0|0:Eddie|MrOrange|Bill|MrBlue|Pluribus|MrPink
STATE:20:fr200fffc/cr425r775c/cc/cc:9c8s|3h3s|TcKd|6d6s|Jd2h|3cKs/2cTdTh/5s/4d:-50|-775|0|825|0|0:MrOrange|Bill|MrBlue|Pluribus|MrPink|Eddie
STATE:21:ffr200ffc/cr605f:Jd8s|Ks5s|TsKc|Td4d|AdTh|Ah2d/Js8h4h:-50|-200|0|0|250|0:Bill|MrBlue|Pluribus|MrPink|Eddie|MrOrange
STATE:22:ffffcr350f:Jc8d|3cAc|9cTh|4cTc|7d8c|4sJh:-100|100|0|0|0|0:MrBlue|Pluribus|MrPink|Eddie|MrOrange|Bill
STATE:23:r200ffffc/cr605f:7cTd|3cJc|ThAh|4h2h|7dTc|Kc7s/7h5sTs:-50|-200|250|0|0|0:Pluribus|MrPink|Eddie|MrOrange|Bill|MrBlue
STATE:24:fr225fffc/cc/cc/cc:6cKd|9s5s|8h2h|JdAs|4d9h|6d9c/QcKc3h/3s/5d:-50|275|0|-225|0|0:MrPink|Eddie|MrOrange|Bill|MrBlue|Pluribus
STATE:25:fffff:Kc2d|8hJs|Qc6s|Jd5d|2h9s|5cTd:-50|50|0|0|0|0:Eddie|MrOrange|Bill|MrBlue|Pluribus|MrPink
STATE:26:ffr210ffc/cr360r685c/r1185r2395f:8sTd|QdJh|5s8h|Js6h|QsKd|Ah5c/Qc7c5d/Ac:-50|-1185|0|0|1235|0:MrOrange|Bill|MrBlue|Pluribus|MrPink|Eddie
STATE:27:ffr200ffc/cr605f:TcAs|5cAc|2c2h|Ah3c|Ks8s|8hJd/2d6s7c:-50|-200|0|0|250|0:Bill|MrBlue|Pluribus|MrPink|Eddie|MrOrange
STATE:28:fr200ffff:2h7s|7hKc|4sQh|9h9c|TcJd|5sAd:-50|-100|0|150|0|0:MrBlue|Pluribus|MrPink|Eddie|MrOrange|Bill
STATE:29:fffr225fc/cc/cr525f:2d7h|6hTs|5d7d|Ks4d|9d6d|TdQc/5sJsJh/3d:-50|-225|0|0|0|275:Pluribus|MrPink|Eddie|MrOrange|Bill|MrBlue
STATE:30:ffr225fff:Kd6h|3h7c|2c8c|2sTc|7hKh|4hQh:-50|-100|0|0|150|0:MrPink|Eddie|MrOrange|Bill|MrBlue|Pluribus
STATE:31:fr225ffff:2d4d|Jc7d|Kh8d|AdKc|5s9d|2h4c:-50|-100|0|150|0|0:Eddie|MrOrange|Bill|MrBlue|Pluribus|MrPink
STATE:32:fffr222fc/cc/cc/r722f:5dTc|8s4s|5h2s|6c2h|6hKd|9d9h/Kc7cQc/Ah/Jh:-50|272|0|0|0|-222:MrOrange|Bill|MrBlue|Pluribus|MrPink|Eddie
STATE:33:r250fffff:8c4s|2cKd|6d6s|8sAd|KsTc|8hJc:-50|-100|150|0|0|0:Bill|MrBlue|Pluribus|MrPink|Eddie|MrOrange
STATE:34:fffr250fc/cr600c/cc/cr1450c:6dTs|Tc9s|9h2s|2hJs|2d3s|Ah3c/4h8cJh/9c/Th:-50|1500|0|0|0|-1450:MrBlue|Pluribus|MrPink|Eddie|MrOrange|Bill
STATE:35:fffff:7d4h|3sKd|9cAs|2hKh|Ah6c|8d5c:-50|50|0|0|0|0:Pluribus|MrPink|Eddie|MrOrange|Bill|MrBlue
STATE:36:fffff:6d7h|4dAs|Ah8d|8h5h|3s7d|Kh6c:-50|50|0|0|0|0:MrPink|Eddie|MrOrange|Bill|MrBlue|Pluribus
STATE:37:fffff:4c2c|KsJh|6s2h|Ah6c|7h2s|4hJd:-50|50|0|0|0|0:Eddie|MrOrange|Bill|MrBlue|Pluribus|MrPink
STATE:38:fr225fcff/cc/cc/r675c:Th8h|5h2d|Jc2c|9c8c|Qs7c|AsQh/8d8sJh/3s/5c:-50|-100|0|825|0|-675:MrOrange|Bill|MrBlue|Pluribus|MrPink|Eddie
STATE:39:r287ffffc/cc/cc/r755f:Qc9h|5c7h|JhAh|3sJd|2s8d|Qs9c/KsTd2c/2h/6c:-50|337|-287|0|0|0:Bill|MrBlue|Pluribus|MrPink|Eddie|MrOrange
STATE:40:fffr250ff:Th2s|6c3s|4hKc|Ts3h|Jd9s|Jh8h:-50|-100|0|0|0|150:MrBlue|Pluribus|MrPink|Eddie|MrOrange|Bill
STATE:41:ffr225fff:3h2d|Qd7h|4dAh|2c7d|AdKs|5hJc:-50|-100|0|0|150|0:Pluribus|MrPink|Eddie|MrOrange|Bill|MrBlue
STATE:42:fr225ffff:7hJc|Qd6h|5dJd|5c5h|8cKs|3d6d:-50|-100|0|150|0|0:MrPink|Eddie|MrOrange|Bill|MrBlue|Pluribus
STATE:43:fffff:4h8s|6dJd|5cKh|2cJh|Jc7s|Kd2s:-50|50|0|0|0|0:Eddie|MrOrange|Bill|MrBlue|Pluribus|MrPink
STATE:44:ffr210ffc/cr325f:Kd7d|Kh8s|Ts6h|2hQh|AcJd|9s3h/As5d4c:-50|-210|0|0|260|0:MrOrange|Bill|MrBlue|Pluribus|MrPink|Eddie
STATE:45:fffr234ff:5c6c|5h2s|Qd3h|Qs3d|6s4h|JsJc:-50|-100|0|0|0|150:Bill|MrBlue|Pluribus|MrPink|Eddie|MrOrange
STATE:46:ffffcr300c/cc/cc/r750f:6hAc|9dTd|8dQd|2cTs|4h2d|3d9s/AhJh8s/8h/6d:300|-300|0|0|0|0:MrBlue|Pluribus|MrPink|Eddie|MrOrange|Bill
STATE:47:ffr225r735fff:8dKd|Qd6c|Js2c|5dKc|Qs8s|9s9h:-50|-100|0|0|-225|375:Pluribus|MrPink|Eddie|MrOrange|Bill|MrBlue
STATE:48:fr225ffff:8hQd|9h4d|6cTh|8d8c|6s7h|Jh7s:-50|-100|0|150|0|0:MrPink|Eddie|MrOrange|Bill|MrBlue|Pluribus
STATE:49:fffr250ff:Ks2d|Qh4d|3cAs|Kh2s|Jc7h|6hAd:-50|-100|0|0|0|150:Eddie|MrOrange|Bill|MrBlue|Pluribus|MrPink
STATE:50:fffr222fc/cr372c/cc/r1372f:6c8s|KsJh|Ts6h|Kd8h|4h7h|3h3s/JsJdAh/6d/4c:-50|422|0|0|0|-372:MrOrange|Bill|MrBlue|Pluribus|MrPink|Eddie
STATE:51:r200fffff:5c9h|2c6h|KsKh|4hJh|8s6s|4s3c:-50|-100|150|0|0|0:Bill|MrBlue|Pluribus|MrPink|Eddie|MrOrange
STATE:52:fffff:9s4d|ThKs|Kd8h|7dQc|7s4c|3s5c:-50|50|0|0|0|0:MrBlue|Pluribus|MrPink|Eddie|MrOrange|Bill
STATE:53:ffffcr300c/cr700f:4sJs|8s8d|Ts5s|6dJc|8cJh|7sQc/7c2c3s:-300|300|0|0|0|0:Pluribus|MrPink|Eddie|MrOrange|Bill|MrBlue
STATE:54:r200fffff:4s2d|3hJs|AcQh|6h9d|3cQc|Ad8h:-50|-100|150|0|0|0:MrPink|Eddie|MrOrange|Bill|MrBlue|Pluribus
STATE:55:fr225ffff:8dAh|Qs7d|3h4d|KcQh|5c7h|9hTd:-50|-100|0|150|0|0:Eddie|MrOrange|Bill|MrBlue|Pluribus|MrPink
STATE:56:r225ffffr1000c/r1525c/cc/cc:Kh2d|JdJh|9h7h|Td5s|Jc3d|6sAc/9d4d4s/Qd/2h:-50|1575|-1525|0|0|0:MrOrange|Bill|MrBlue|Pluribus|MrPink|Eddie
STATE:57:r225ffffc/cc/cr350c/cr912c:8h6c|QdAs|6s5s|Ts7c|6d8s|3hKd/9c9s3c/Ad/7h:-50|962|-912|0|0|0:Bill|MrBlue|Pluribus|MrPink|Eddie|MrOrange
STATE:58:fr200ffcr1100ff:KsJd|QhKh|7sQs|Ad7d|As7h|5s8d:-200|400|0|-200|0|0:MrBlue|Pluribus|MrPink|Eddie|MrOrange|Bill
STATE:59:ffffr200c/r400c/cc/cc:AdTh|Qh5h|Kh3s|4d6c|Tc2s|Jc4h/8hJsTd/Qd/8c:-400|400|0|0|0|0:Pluribus|MrPink|Eddie|MrOrange|Bill|MrBlue
STATE:60:ffffcr300c/cc/cc/r500f:5c3c|JcQc|Ks7d|Qs3d|Jh4c|4s6d/2h7h6h/6s/Ad:300|-300|0|0|0|0:MrPink|Eddie|MrOrange|Bill|MrBlue|Pluribus
STATE:61:ffffcc/r200c/cc/cr500f:8d9d|8s7h|4s3s|Th4d|2hJs|9c5c/Kd4h6c/Qc/Jh:-200|200|0|0|0|0:Eddie|MrOrange|Bill|MrBlue|Pluribus|MrPink
STATE:62:fr225ffff:5hTh|3cTc|9hAd|As2s|5c8c|4dKh:-50|-100|0|150|0|0:MrOrange|Bill|MrBlue|Pluribus|MrPink|Eddie
STATE:63:fffff:Kc2s|KhQs|8sAc|Ah3c|Jh5d|4d8c:-50|50|0|0|0|0:Bill|MrBlue|Pluribus|MrPink|Eddie|MrOrange
STATE:64:fffr250r1100ff:AhTs|9sQc|Ad5h|6cTc|6hJs|4hJh:350|-100|0|0|0|-250:MrBlue|Pluribus|MrPink|Eddie|MrOrange|Bill
STATE:65:ffr225ffc/cr525c/cr1625c/r10000c:9s2c|9dJd|6hKh|Js5h|8cJc|6cAd/Kd3cQh/Tc/Ac:-50|-10000|0|0|10050|0:Pluribus|MrPink|Eddie|MrOrange|Bill|MrBlue
STATE:66:fffr287r1150ff:AhKs|5s3d|TdQc|3c9d|2dJc|TsQh:387|-100|0|0|0|-287:MrPink|Eddie|MrOrange|Bill|MrBlue|Pluribus
STATE:67:fr225r750fffc/cr1575f:JdQh|4c5h|2dAh|5s5d|QdKs|Ad9d/Ts2c8c:-50|-100|0|-750|900|0:Eddie|MrOrange|Bill|MrBlue|Pluribus|MrPink
STATE:68:ffffr250c/cr500r1125f:TcTh|Qd4d|8dJs|8sQh|Jc3s|9c3h/2h5hTd:500|-500|0|0|0|0:MrOrange|Bill|MrBlue|Pluribus|MrPink|Eddie
STATE:69:fffff:6c4d|5cQc|7hQs|8c3h|Th7c|Kh9s:-50|50|0|0|0|0:Bill|MrBlue|Pluribus|MrPink|Eddie|MrOrange
STATE:70:ffr215ffc/cr515f:6h4d|7cJc|9c3c|6sTc|Jd9d|4hJs/QdKsAd:-50|-215|0|0|265|0:MrBlue|Pluribus|MrPink|Eddie|MrOrange|Bill
STATE:71:ffr225fff:8hQd|6dKc|2d7c|4cAd|Qh9h|Ac8d:-50|-100|0|0|150|0:Pluribus|MrPink|Eddie|MrOrange|Bill|MrBlue
STATE:72:fr225fcr1300fff:AsKh|9cQc|Ks2c|KdTs|3c8s|8hTh:550|-100|0|-225|0|-225:MrPink|Eddie|MrOrange|Bill|MrBlue|Pluribus
STATE:73:fr225ffff:9hAc|Ad6c|3cKc|8c8s|Qc3h|9c6h:-50|-100|0|150|0|0:Eddie|MrOrange|Bill|MrBlue|Pluribus|MrPink
STATE:74:ffr210fff:4d8c|6dQh|7sAh|Kh7d|8hAd|QsTd:-50|-100|0|0|150|0:MrOrange|Bill|MrBlue|Pluribus|MrPink|Eddie
STATE:75:ffffcc/cc/r200c/r500f:ThKc|4dJs|8cTc|As5h|4h9s|Qs6h/4s3d7d/Ks/9h:200|-200|0|0|0|0:Bill|MrBlue|Pluribus|MrPink|Eddie|MrOrange
STATE:76:fffr250r1100ff:KsAh|9sKc|9d4s|7h3c|4c2c|3dKd:350|-100|0|0|0|-250:MrBlue|Pluribus|MrPink|Eddie|MrOrange|Bill
STATE:77:fr215ffff:5sQc|7d2s|Kd3h|AsQh|9c6s|7c5h:-50|-100|0|150|0|0:Pluribus|MrPink|Eddie|MrOrange|Bill|MrBlue
STATE:78:ffr225ffr1300f:6d4s|KhAs|Jd2c|JsTh|8cTc|2h3d:-50|275|0|0|-225|0:MrPink|Eddie|MrOrange|Bill|MrBlue|Pluribus
STATE:79:ffffcc/cc/cr200c/cr475c:Jh8c|8hQd|7h2d|7d4c|9h6h|Ts7c/As4h5c/8d/9s:-475|475|0|0|0|0:Eddie|MrOrange|Bill|MrBlue|Pluribus|MrPink
STATE:80:ffr210fff:Jd5s|Kc6d|8h2d|5h6c|2sAs|Jh4c:-50|-100|0|0|150|0:MrOrange|Bill|MrBlue|Pluribus|MrPink|Eddie
STATE:81:fffr234ff:2s3c|5s9d|3hJs|4s5c|2hTd|QdKc:-50|-100|0|0|0|150:Bill|MrBlue|Pluribus|MrPink|Eddie|MrOrange
STATE:82:fffr250cf/cc/r500f:JsQd|Th3d|7d2c|Jd5h|8c4c|Jh4h/3cTd9s/7h:350|-100|0|0|0|-250:MrBlue|Pluribus|MrPink|Eddie|MrOrange|Bill
STATE:83:fr210r650fffr1900f:Qh7d|4cTc|Jc4d|AdAs|AhJd|Td8s:-50|-100|0|800|-650|0:Pluribus|MrPink|Eddie|MrOrange|Bill|MrBlue
STATE:84:fr225fffc/cc/cc/cr475f:Jc5s|Js6s|Tc5h|9dJd|7d9c|7s2s/7c6cKh/7h/Ad:-50|-225|0|275|0|0:MrPink|Eddie|MrOrange|Bill|MrBlue|Pluribus
STATE:85:ffffcc/cc/cc/r200f:5sQc|4d3s|6s7d|8h2c|3cJc|8c2d/Qs6hKd/6c/Ks:100|-100|0|0|0|0:Eddie|MrOrange|Bill|MrBlue|Pluribus|MrPink
STATE:86:r225fffff:3s5h|4s5d|AhQc|Kh6c|6dKs|9h4c:-50|-100|150|0|0|0:MrOrange|Bill|MrBlue|Pluribus|MrPink|Eddie
STATE:87:ffffcc/cc/r250f:2hKc|Ad9h|8dJs|9s6h|7s4c|3h4d/5sKdQd/2c:100|-100|0|0|0|0:Bill|MrBlue|Pluribus|MrPink|Eddie|MrOrange
STATE:88:fr200fffc/cc/cc/cc:2dTc|Td9s|7dTs|JsKh|Kd2s|3c9h/5cQs6d/5s/4h:-50|-200|0|250|0|0:MrBlue|Pluribus|MrPink|Eddie|MrOrange|Bill
STATE:89:ffffr350f:7sKc|3s7h|Td3d|8cAd|Jd4d|7d9h:100|-100|0|0|0|0:Pluribus|MrPink|Eddie|MrOrange|Bill|MrBlue
STATE:90:ffffr300r900c/cr1350c/cr3150c/cc:As9s|Kh8d|Th6s|6cKs|4hKc|7h9c/4c5dAh/Jh/4s:3150|-3150|0|0|0|0:MrPink|Eddie|MrOrange|Bill|MrBlue|Pluribus
STATE:91:ffffcc/cc/cc/cc:As2d|5cJs|4cTd|4dKd|Jd9s|2s4s/3hKh9d/Qh/7s:100|-100|0|0|0|0:Eddie|MrOrange|Bill|MrBlue|Pluribus|MrPink
STATE:92:fffr222ff:Jc6h|3s2d|7d3h|9cAh|2cQs|8cAs:-50|-100|0|0|0|150:MrOrange|Bill|MrBlue|Pluribus|MrPink|Eddie
STATE:93:r200fffff:7h2d|Qd4h|KdKh|Ac7c|2cTs|4s5c:-50|-100|150|0|0|0:Bill|MrBlue|Pluribus|MrPink|Eddie|MrOrange
STATE:94:r210cffcf/ccc/cr450fr1357c/cc:JsKd|Jd6d|QhQs|6s6h|Th4c|7h2h/QdTc2d/9h/Jh:1667|-100|-1357|-210|0|0:MrBlue|Pluribus|MrPink|Eddie|MrOrange|Bill
STATE:95:fffr225ff:Ad8c|2h4s|8hTc|Ts3s|6s2c|5dAs:-50|-100|0|0|0|150:Pluribus|MrPink|Eddie|MrOrange|Bill|MrBlue
STATE:96:fffr200fc/cc/cc/r560f:5h8h|3h9h|6c4h|TdKs|5cJs|7sAs/Kh5d6s/Kd/8c:-50|250|0|0|0|-200:MrPink|Eddie|MrOrange|Bill|MrBlue|Pluribus
STATE:97:ffffr300f:AdQc|8s2d|6dQd|4d3s|8h4h|3h9c:100|-100|0|0|0|0:Eddie|MrOrange|Bill|MrBlue|Pluribus|MrPink
STATE:98:fffff:8s4c|9dQd|6c4s|9h5d|6s5h|Kh2d:-50|50|0|0|0|0:MrOrange|Bill|MrBlue|Pluribus|MrPink|Eddie
STATE:99:fffff:3hTc|7hAd|Jd6s|6c4c|3dJc|4dQc:-50|50|0|0|0|0:Bill|MrBlue|Pluribus|MrPink|Eddie|MrOrange
STATE:100:ffr215fff:3dJc|5hKc|Tc2d|8sKh|ThAd|4c8h:-50|-100|0|0|150|0:MrBlue|Pluribus|MrPink|Eddie|MrOrange|Bill
STATE:101:ffffcr300c/cc/cc/r600f:Td7d|9cAh|8d6d|Jh4d|9hKs|8c3s/Kc7s2d/Js/Kd:300|-300|0|0|0|0:Pluribus|MrPink|Eddie|MrOrange|Bill|MrBlue
STATE:102:fr225fffc/cc/cc/cc:5c2c|Ad4c|5d8d|4d4h|Qd3h|Th2s/6cJcKs/3d/7h:-50|-225|0|275|0|0:MrPink|Eddie|MrOrange|Bill|MrBlue|Pluribus
STATE:103:fr225ffff:2s8d|5hAd|Ks5s|9cQc|6c7d|ThKd:-50|-100|0|150|0|0:Eddie|MrOrange|Bill|MrBlue|Pluribus|MrPink
STATE:104:fr225fffr1000f:9s6d|7s6s|AdTs|3d3c|2d5s|6c8h:-50|275|0|-225|0|0:MrOrange|Bill|MrBlue|Pluribus|MrPink|Eddie
STATE:105:r200fr700fffc/cc/cc/cc:QhKd|2hQd|3hAh|As9h|Ad7d|5c9s/AcJh2d/Th/Kc:-50|-100|75|0|75|0:Bill|MrBlue|Pluribus|MrPink|Eddie|MrOrange
STATE:106:ffr210fff:7cAd|6dTh|2s7d|2c6c|Ah4h|5d8s:-50|-100|0|0|150|0:MrBlue|Pluribus|MrPink|Eddie|MrOrange|Bill
STATE:107:r200ffffc/cr605f:8cQh|Qc3c|JcKh|5d4s|5c8d|9cAh/4h7s2d:-50|-200|250|0|0|0:Pluribus|MrPink|Eddie|MrOrange|Bill|MrBlue
STATE:108:fffff:8d6c|4sKh|6s9h|2dAs|Jd3c|Jc7d:-50|50|0|0|0|0:MrPink|Eddie|MrOrange|Bill|MrBlue|Pluribus
STATE:109:fffff:2c5s|TdKc|TsJc|Kd3d|5h3h|7s4s:-50|50|0|0|0|0:Eddie|MrOrange|Bill|MrBlue|Pluribus|MrPink
STATE:110:ffr210fr1050fc/cc/cc/cr2350f:QsAh|AdJs|Ac6s|7hQc|7s9s|7d3d/6h2hJh/8c/6c:-1050|-100|0|0|1150|0:MrOrange|Bill|MrBlue|Pluribus|MrPink|Eddie
STATE:111:ffffcc/r200c/cc/cr825f:6c9c|4s9s|Ks3s|3h2h|6sJh|8h2c/Td4dJd/6h/8d:-200|200|0|0|0|0:Bill|MrBlue|Pluribus|MrPink|Eddie|MrOrange
STATE:112:ffffcr275c/cc/cr825f:2c2s|6d9c|Th3s|8h5h|8sTc|8c5d/Td4h3h/Kd:-275|275|0|0|0|0:MrBlue|Pluribus|MrPink|Eddie|MrOrange|Bill
STATE:113:ffr225r780ffc/cr1485f:3h8s|TsJh|5s8h|Ac6s|KdJd|5d3d/6c5h5c:-50|-100|0|0|-780|930:Pluribus|MrPink|Eddie|MrOrange|Bill|MrBlue
STATE:114:fr225fr675fff:4s2s|6d7c|7hKh|JhKd|TdKc|AcKs:-50|-100|0|-225|0|375:MrPink|Eddie|MrOrange|Bill|MrBlue|Pluribus
STATE:115:fffr250fc/cr430c/cr1730f:3h2h|Kd8d|Tc8h|Qh4h|2s8c|As6s/6h3s6d/9c:-50|-430|0|0|0|480:Eddie|MrOrange|Bill|MrBlue|Pluribus|MrPink
STATE:116:ffffr250c/cr600c/cc/cc:TcKh|2d8d|6cAs|4cJd|6s5d|7c9s/7hJcTh/4d/7s:600|-600|0|0|0|0:MrOrange|Bill|MrBlue|Pluribus|MrPink|Eddie
STATE:117:ffr200fff:Qd4h|9c3s|Qs5s|3c5d|5h6h|Ah6s:-50|-100|0|0|150|0:Bill|MrBlue|Pluribus|MrPink|Eddie|MrOrange
STATE:118:ffr210cfr1500fc/r3130f:2cQc|AsQd|TsQh|Tc4s|6c6h|8d8h/9h4cKh:-50|1760|0|0|-210|-1500:MrBlue|Pluribus|MrPink|Eddie|MrOrange|Bill
STATE:119:fr210fffc/cc/cc/cr532c:7d3d|9sTd|9h3h|AdAs|2hKd|6c9c/QsQh5c/Th/Jc:-50|-532|0|582|0|0:Pluribus|MrPink|Eddie|MrOrange|Bill|MrBlue
STATE:120:ffr225fff:Kc9s|4sQd|Js2d|3hKh|8c9c|Td6c:-50|-100|0|0|150|0:MrPink|Eddie|MrOrange|Bill|MrBlue|Pluribus
STATE:121:ffr200fff:QsTd|5sAc|7cTh|7dJh|2d2s|9d7s:-50|-100|0|0|150|0:Eddie|MrOrange|Bill|MrBlue|Pluribus|MrPink
STATE:122:fffff:Kd4h|Ad6h|5cTh|9cTd|Qc3c|7d5h:-50|50|0|0|0|0:MrOrange|Bill|MrBlue|Pluribus|MrPink|Eddie
STATE:123:fffr234r1000ff:AsJd|4d5c|5h9h|Td8s|4s8h|QhJs:334|-100|0|0|0|-234:Bill|MrBlue|Pluribus|MrPink|Eddie|MrOrange
STATE:124:ffffcc/cc/cc/r250c:7sTh|TsKd|5hJs|Ad5c|Qs2c|4d5s/Ac2dTd/2s/2h:0|0|0|0|0|0:MrBlue|Pluribus|MrPink|Eddie|MrOrange|Bill
STATE:125:fffr225fc/cr475f:2h5c|6cQd|7c9h|Qh5h|Tc7d|8d9s/Ks2dJd:-50|-225|0|0|0|275:Pluribus|MrPink|Eddie|MrOrange|Bill|MrBlue
STATE:126:fr225r780fffc/cr1485c/cc/cc:AcJc|2d3s|Qd6c|AdQs|JdTd|6h7h/Qh4d4h/5c/Jh:-50|-100|0|1635|-1485|0:MrPink|Eddie|MrOrange|Bill|MrBlue|Pluribus
STATE:127:ffr200cfc/ccr450cf/cc/r850c:9d4s|8dKd|ThJc|5hJd|QcAd|7hAh/Td8cTs/2c/6d:-50|1100|0|0|-200|-850:Eddie|MrOrange|Bill|MrBlue|Pluribus|MrPink
STATE:128:fr200fcfc/cr525cc/cr1337cf/cc:8c4d|4s9s|9h3c|JhKh|QhTd|JdKd/Ks5hTs/2c/Ad:-50|-525|0|287.5|0|287.5:MrOrange|Bill|MrBlue|Pluribus|MrPink|Eddie
STATE:129:ffffcc/cc/cr250c/cr642f:Kh7s|Td9c|8dTc|2c3d|4dAh|4sQc/6hJh4c/6c/Ac:-250|250|0|0|0|0:Bill|MrBlue|Pluribus|MrPink|Eddie|MrOrange
STATE:130:ffffcc/cc/cc/cc:Ad5d|3d4h|As6d|QcTh|7sQs|3hJd/AcJs8c/9c/7c:100|-100|0|0|0|0:MrBlue|Pluribus|MrPink|Eddie|MrOrange|Bill
STATE:131:fr205ffcc/ccc/ccc/ccc:6d6c|9dJs|9c2d|QsAh|8sTd|2sTc/7c7h4c/Kd/3h:410|-205|0|-205|0|0:Pluribus|MrPink|Eddie|MrOrange|Bill|MrBlue
STATE:132:ffffcc/r200c/cc/cc:Qd6c|Jd3s|Ks8d|Jh6s|3cQh|7s5h/AsQc2h/Kd/Js:200|-200|0|0|0|0:MrPink|Eddie|MrOrange|Bill|MrBlue|Pluribus
STATE:133:fffff:Ts3c|7h4c|2hAs|4d6c|2dQh|5h3d:-50|50|0|0|0|0:Eddie|MrOrange|Bill|MrBlue|Pluribus|MrPink
STATE:134:ffr210fff:2h9d|Qd3c|Jd4s|9c3s|ThAs|6hTs:-50|-100|0|0|150|0:MrOrange|Bill|MrBlue|Pluribus|MrPink|Eddie
STATE:135:ffr200fr850cf/r1500c/r3700c/r10000c:QsQh|6c7c|As9c|8cJd|ThAc|5c8h/5s7s7d/2h/Jh:-10000|10200|0|0|-200|0:Bill|MrBlue|Pluribus|MrPink|Eddie|MrOrange
STATE:136:fr200fffc/cc/r312f:4sTs|Kd8c|6c8s|4c4h|6d2s|3cTc/9d6s3s/8d:-50|250|0|-200|0|0:MrBlue|Pluribus|MrPink|Eddie|MrOrange|Bill
STATE:137:fffr225fr1150r2825f:Jc7c|9dQd|Js9h|5c6c|4d7s|ThTc:-50|-1150|0|0|0|1200:Pluribus|MrPink|Eddie|MrOrange|Bill|MrBlue
STATE:138:ffr225fr1050fc/r1750f:JhKh|4h4d|6hAc|6sQd|3c3h|9cKd/QhTcJs:1150|-100|0|0|-1050|0:MrPink|Eddie|MrOrange|Bill|MrBlue|Pluribus
STATE:139:fffr250ff:4hQs|5s8d|4sJs|3c2c|9sTc|8h9h:-50|-100|0|0|0|150:Eddie|MrOrange|Bill|MrBlue|Pluribus|MrPink
STATE:140:fffr222fc/cc/r572c/r1472f:2sJd|8d7c|Js5s|6s5c|Td4h|6hTh/7sAh7h/Qd/Ts:-50|622|0|0|0|-572:MrOrange|Bill|MrBlue|Pluribus|MrPink|Eddie
STATE:141:ffr200ffc/cr335f:6c5d|6sJd|7sTs|2s2h|9c7c|9h2c/Td4cKc:-50|-200|0|0|250|0:Bill|MrBlue|Pluribus|MrPink|Eddie|MrOrange
STATE:142:ffr215fff:9cQd|6c4h|3sJh|2cAs|AdQh|4s2d:-50|-100|0|0|150|0:MrBlue|Pluribus|MrPink|Eddie|MrOrange|Bill
STATE:143:ffr225fff:5c9c|5dJs|8cQh|Kc3d|3s3h|2h6h:-50|-100|0|0|150|0:Pluribus|MrPink|Eddie|MrOrange|Bill|MrBlue
STATE:144:r200r625ffffc/cr1225r2182c/r4070c/r10000f:3d3c|Ad3s|8h7h|JhJs|Ts7d|Jd4h/4c3h6h/Ac/8d:-50|-100|4220|-4070|0|0:MrPink|Eddie|MrOrange|Bill|MrBlue|Pluribus
STATE:145:fffr250fc/cr600f:7s2d|Jd7c|2hQd|8sTh|9cQs|JsTs/8c9sKd:-50|-250|0|0|0|300:Eddie|MrOrange|Bill|MrBlue|Pluribus|MrPink
STATE:146:ffr210cfc/ccr380cr975ff:3dKh|5h5d|9h7d|Ad5c|TsTh|4s4h/2sJh6s:-50|-380|0|0|810|-380:MrOrange|Bill|MrBlue|Pluribus|MrPink|Eddie
STATE:147:r200r650ffffc/cr1375f:4hTd|Js7d|QsTs|TcTh|Kh9d|Qh2c/8s3c8h:-50|-100|-650|800|0|0:Bill|MrBlue|Pluribus|MrPink|Eddie|MrOrange
STATE:148:fffr250ff:3h2c|2hQc|5h4d|Jd9h|6c8c|QdKh:-50|-100|0|0|0|150:MrBlue|Pluribus|MrPink|Eddie|MrOrange|Bill
STATE:149:ffr225r780fff:8cJh|4cTd|Jc4d|6d3c|5dKd|QsAs:-50|-100|0|0|-225|375:Pluribus|MrPink|Eddie|MrOrange|Bill|MrBlue
STATE:150:fffr225fc/cc/cc/cr600f:Qs6d|5hAd|QdJs|2c9s|4c2d|JdAs/Kc3s4s/7s/8s:-50|-225|0|0|0|275:MrPink|Eddie|MrOrange|Bill|MrBlue|Pluribus
STATE:151:fffr250fc/cr430r950f:3s7s|TsQc|9hQd|JhKs|Jd5d|Ah7d/5c3hJc:-50|480|0|0|0|-430:Eddie|MrOrange|Bill|MrBlue|Pluribus|MrPink
STATE:152:fffr222fc/cr372r822c/r3072c/cc:9dAs|2cJc|3d6d|6sJs|2s7c|KhJh/5cKdTc/8s/Ks:-50|-3072|0|0|0|3122:MrOrange|Bill|MrBlue|Pluribus|MrPink|Eddie
STATE:153:ffffcc/r200c/r400c/cc:KdTh|5dAd|8c9s|3c7c|3h2c|2dQd/5hTd7d/Js/Qc:400|-400|0|0|0|0:Bill|MrBlue|Pluribus|MrPink|Eddie|MrOrange
STATE:154:fr200ffcc/ccc/ccc/ccc:4h4c|AcTs|7h8s|8cQc|Kc4d|Jc6c/9dKs6d/Kd/8d:-200|-200|0|400|0|0:MrBlue|Pluribus|MrPink|Eddie|MrOrange|Bill
STATE:155:ffffcr300f:3c9c|5hQd|4sQc|3h7h|6c9s|9h2s:-100|100|0|0|0|0:Pluribus|MrPink|Eddie|MrOrange|Bill|MrBlue
STATE:156:ffr225fr1050ff:AhQd|5c2c|4c5d|Kc8d|ThJc|2s5h:325|-100|0|0|-225|0:MrPink|Eddie|MrOrange|Bill|MrBlue|Pluribus
STATE:157:ffr200fff:6sQd|3c8s|5dTh|7d9c|JdKc|2sQs:-50|-100|0|0|150|0:Eddie|MrOrange|Bill|MrBlue|Pluribus|MrPink
STATE:158:fffff:3dKc|5d5c|Kh4s|JcTh|Qs6c|2h8d:-50|50|0|0|0|0:MrOrange|Bill|MrBlue|Pluribus|MrPink|Eddie
STATE:159:r200ffcfc/ccc/ccr475fr1675c/cc:2d8s|As9c|QsTs|2cKd|4dQd|JcJh/3c3d6c/Th/Kc:-50|-200|-1675|0|0|1925:Bill|MrBlue|Pluribus|MrPink|Eddie|MrOrange
STATE:160:fr200cfff/cc/r975f:Td5s|Jd6d|9c7d|AhAd|9s9h|Kd4s/5c7cQh/8h:-50|-100|0|350|-200|0:MrBlue|Pluribus|MrPink|Eddie|MrOrange|Bill
STATE:161:fffr225fc/cr600f:4c2c|KhJd|5c8h|Ts9h|8c4s|9d4d/3c8s5d:-50|-225|0|0|0|275:Pluribus|MrPink|Eddie|MrOrange|Bill|MrBlue
STATE:162:fffr225fc/cr475r925c/cc/r1115c:2hAd|2c7c|6h5d|4d8c|4c5s|Kd9c/Kc3d5c/7h/4h:-50|-1115|0|0|0|1165:MrPink|Eddie|MrOrange|Bill|MrBlue|Pluribus
STATE:163:fr225fffc/cr475f:Js2h|6sKh|3h6c|KdJd|3dTh|Kc8s/Qc2dAh:-50|-225|0|275|0|0:Eddie|MrOrange|Bill|MrBlue|Pluribus|MrPink
STATE:164:r225fffr1150fc/r1974f:KdAh|Th8d|8c8h|4h6c|2h5d|TcQh/5cKcQd:1250|-100|-1150|0|0|0:MrOrange|Bill|MrBlue|Pluribus|MrPink|Eddie
STATE:165:fffr234r1000fc/r2050f:KdAh|Qh8d|Kh6h|2s8c|8h2h|9dJd/QdAc3c:1100|-100|0|0|0|-1000:Bill|MrBlue|Pluribus|MrPink|Eddie|MrOrange
STATE:166:ffffr300f:6h8h|2hQd|Th4h|Ts7h|7s8d|3dQs:100|-100|0|0|0|0:MrBlue|Pluribus|MrPink|Eddie|MrOrange|Bill
STATE:167:ffr225ffc/cr475c/cr975f:Th5d|3sAs|Js5c|3cKs|KhQh|Ad8h/6hJd4s/Jc:-50|-475|0|0|525|0:Pluribus|MrPink|Eddie|MrOrange|Bill|MrBlue
STATE:168:ffr225ffc/cr425c/cc/r725c:5hTc|Th8c|9s4h|7c6s|Ah3s|Qd2d/3cQc4c/7d/Ad:-50|-725|0|0|775|0:MrPink|Eddie|MrOrange|Bill|MrBlue|Pluribus
STATE:169:fffr250fc/cr430c/cc/r1080f:4cKh|TsKs|3s7d|Td4d|2h3h|Kc8c/QdQh6s/Ad/9c:-50|480|0|0|0|-430:Eddie|MrOrange|Bill|MrBlue|Pluribus|MrPink
STATE:170:fffr222r1050fc/r1770c/r3545f:7d7s|6h8h|Kc5h|Th4d|Js7c|8sKs/AhKd4c/6s:1870|-100|0|0|0|-1770:MrOrange|Bill|MrBlue|Pluribus|MrPink|Eddie
