# name/game/hands/seed sample_game_70 ../lib/python-client/acpc_infrastructure/holdem.nolimit.6p.game 10000 70
#--t_response 600000000
#--t_hand 600000000
#--t_per_hand 600000000
STATE:0:r200ffffc/cc/r425f:5sKs|7d8h|AcTc|As4d|9hJs|5dTh/4h7h4c/3h:-50|250|-200|0|0|0:Budd|Eddie|MrOrange|Bill|MrBlue|Pluribus
STATE:1:fffff:Js3c|5sTh|Jd4h|4c7c|2c4d|Jh5h:-50|50|0|0|0|0:Eddie|MrOrange|Bill|MrBlue|Pluribus|Budd
STATE:2:fffff:6sTd|9c9s|As4d|Ad5s|5c4h|3d9d:-50|50|0|0|0|0:MrOrange|Bill|MrBlue|Pluribus|Budd|Eddie
STATE:3:ffr200r700fr1825fc/cc/r3775c/cr10000c:KsJc|AcAd|Kh4h|3c4d|JhKc|AsQs/Qc5s8h/Th/8c:-50|10250|0|0|-200|-10000:Bill|MrBlue|Pluribus|Budd|Eddie|MrOrange
STATE:4:fffff:Jc6h|9cKd|4h5c|7hKc|Th4d|2hJh:-50|50|0|0|0|0:MrBlue|Pluribus|Budd|Eddie|MrOrange|Bill
STATE:5:ffffcr350f:5dQs|3d3h|7h2h|9sAh|As5h|4sTd:-100|100|0|0|0|0:Pluribus|Budd|Eddie|MrOrange|Bill|MrBlue
STATE:6:ffr225ffc/cc/cc/cc:Js7s|Ah4s|2h5h|Kd9h|AdKh|5d9s/3c6hQc/2s/4d:-50|275|0|0|-225|0:Budd|Eddie|MrOrange|Bill|MrBlue|Pluribus
STATE:7:r225fffff:4cKd|2d3h|KsQh|9h7s|9s2c|Tc7c:-50|-100|150|0|0|0:Eddie|MrOrange|Bill|MrBlue|Pluribus|Budd
STATE:8:ffr225fr1100ff:AhAc|8sJc|7sAd|4s3s|Kd9c|6d5c:325|-100|0|0|-225|0:MrOrange|Bill|MrBlue|Pluribus|Budd|Eddie
STATE:9:ffr200r700ffc/cc/cc/r3450f:Kc6d|7c4h|7s2h|5s9s|7h8h|ThTd/8cQh3h/6c/Jh:-50|-100|0|0|850|-700:Bill|MrBlue|Pluribus|Budd|Eddie|MrOrange
STATE:10:ffffr300c/cc/r750f:KcKs|Ad7c|3c9c|Qh7s|6d8c|3h2d/8hQsJd/4c:300|-300|0|0|0|0:MrBlue|Pluribus|Budd|Eddie|MrOrange|Bill
STATE:11:ffffr200c/cc/r300f:ThAh|7sTc|Jh2d|5c4d|9s3s|4s2c/8cKs8d/5s:200|-200|0|0|0|0:Pluribus|Budd|Eddie|MrOrange|Bill|MrBlue
STATE:12:ffr225fff:6s2c|Jc4s|6h4c|9d5c|6d5d|9h2h:-50|-100|0|0|150|0:Budd|Eddie|MrOrange|Bill|MrBlue|Pluribus
STATE:13:fr225fffr1200c/r2533f:Ah2c|AsAd|6cJc|4h4d|9c8s|Ac4s/Td7dQs:-50|1250|0|-1200|0|0:Eddie|MrOrange|Bill|MrBlue|Pluribus|Budd
STATE:14:fr200ffff:4dJd|2cAh|Th4c|9dKd|3hQh|9s6h:-50|-100|0|150|0|0:MrOrange|Bill|MrBlue|Pluribus|Budd|Eddie
STATE:15:fffr234r1000fr2300f:TsKs|3c2h|3h5c|7c8s|5d8c|KdKh:-1000|-100|0|0|0|1100:Bill|MrBlue|Pluribus|Budd|Eddie|MrOrange
STATE:16:ffffr300f:6hAs|Qs5d|3dAh|3hJh|9sQc|7h2c:100|-100|0|0|0|0:MrBlue|Pluribus|Budd|Eddie|MrOrange|Bill
STATE:17:fffr225ff:4d8s|6s3h|Ks7h|QdTs|Kd8h|JdJc:-50|-100|0|0|0|150:Pluribus|Budd|Eddie|MrOrange|Bill|MrBlue
STATE:18:r200ffffc/cc/cc/cc:2h4h|8s3s|TdTh|Kd4s|Ad9s|Qc8d/9cQh4c/Js/Ah:-50|-200|250|0|0|0:Budd|Eddie|MrOrange|Bill|MrBlue|Pluribus
STATE:19:ffr250r775fff:9d5d|9sJs|Jh4s|5s3h|6hQh|4cAc:-50|-100|0|0|-250|400:Eddie|MrOrange|Bill|MrBlue|Pluribus|Budd
STATE:20:fffr222fr999f:8d6d|KdAc|4c7c|3d8c|Jh2d|8s5s:-50|272|0|0|0|-222:MrOrange|Bill|MrBlue|Pluribus|Budd|Eddie
STATE:21:fffff:5s6c|JhKd|5d9c|8d7c|3c2d|3h8c:-50|50|0|0|0|0:Bill|MrBlue|Pluribus|Budd|Eddie|MrOrange
STATE:22:ffffr300f:Qc8d|5c8s|Td2d|8hTs|9cTh|3c5h:100|-100|0|0|0|0:MrBlue|Pluribus|Budd|Eddie|MrOrange|Bill
STATE:23:ffffr275c/cr550c/cr1100c/cc:7c5c|Jh2h|4h7d|Kc2s|6hQc|Js4c/5hJd9c/5s/6d:1100|-1100|0|0|0|0:Pluribus|Budd|Eddie|MrOrange|Bill|MrBlue
STATE:24:r200fffff:Kd7h|5dTs|KcQd|3dJd|Jh6c|4sJc:-50|-100|150|0|0|0:Budd|Eddie|MrOrange|Bill|MrBlue|Pluribus
STATE:25:fffr250fc/cc/r405f:6h9c|9dTd|Jc4h|9hJs|Ks3d|6cAc/2h7h4s/Jh:-50|300|0|0|0|-250:Eddie|MrOrange|Bill|MrBlue|Pluribus|Budd
STATE:26:fffff:2d5s|Jc9d|4hKc|As8c|4d3d|7cKd:-50|50|0|0|0|0:MrOrange|Bill|MrBlue|Pluribus|Budd|Eddie
STATE:27:ffr200r700r1975ffr10000f:TcTs|7dQh|Jd5s|2d5d|Ah6h|KsKd:-1975|-100|0|0|-200|2275:Bill|MrBlue|Pluribus|Budd|Eddie|MrOrange
STATE:28:fr200fcff/r338c/cc/r545f:7d9c|8cQs|Ks8h|6c6d|6h5s|5d4d/3h3cAs/9h/Ad:-50|-100|0|488|0|-338:MrBlue|Pluribus|Budd|Eddie|MrOrange|Bill
STATE:29:fffr225cc/ccc/ccr625cf/cr2775r10000f:QcKc|7dQd|5sKs|Td2s|3sJc|4h9h/QsKd5h/5c/6h:3000|-225|0|0|0|-2775:Pluribus|Budd|Eddie|MrOrange|Bill|MrBlue
STATE:30:fr225fffc/cr475f:3d2d|6h3h|4s6c|AhTs|9hJd|Qd8c/9dAsQc:-50|-225|0|275|0|0:Budd|Eddie|MrOrange|Bill|MrBlue|Pluribus
STATE:31:ffffcc/r200f:7hKc|Ks4s|Qs6h|8h6c|Ac7d|4h2s/QhAh5h:100|-100|0|0|0|0:Eddie|MrOrange|Bill|MrBlue|Pluribus|Budd
STATE:32:fr225fffr1000f:2d5h|2sAs|Th3h|AcJd|3s7s|4h6c:-50|275|0|-225|0|0:MrOrange|Bill|MrBlue|Pluribus|Budd|Eddie
STATE:33:ffffr300c/cc/r700c/r1700f:7s8s|7dKh|5d3c|7h2s|8dKs|6c4d/5hAd9c/Kc/3h:700|-700|0|0|0|0:Bill|MrBlue|Pluribus|Budd|Eddie|MrOrange
STATE:34:ffffr300c/cr600c/cc/r2200c:JcQh|8d9c|Qd5s|2sAh|4sJs|2d6s/8s3c9s/Tc/As:2200|-2200|0|0|0|0:MrBlue|Pluribus|Budd|Eddie|MrOrange|Bill
STATE:35:fffff:3s4c|8dKs|2c8h|Kd5s|4d7d|6cQd:-50|50|0|0|0|0:Pluribus|Budd|Eddie|MrOrange|Bill|MrBlue
STATE:36:fffr250r1050fr2050r10000f:AhKs|4c6c|3c7d|Kc3h|9sTc|ThQs:2150|-100|0|0|0|-2050:Budd|Eddie|MrOrange|Bill|MrBlue|Pluribus
STATE:37:ffffcr325c/cr575c/cc/r1455f:Kc5c|9d7d|7sAd|Qd7h|2cJs|Qs4c/9s6cAc/Ks/5h:575|-575|0|0|0|0:Eddie|MrOrange|Bill|MrBlue|Pluribus|Budd
STATE:38:fffff:8d3h|Ah3c|6h5c|2c6d|7dJh|3dTs:-50|50|0|0|0|0:MrOrange|Bill|MrBlue|Pluribus|Budd|Eddie
STATE:39:fffff:3d2c|Jd5h|Jc7d|Ts4d|6d5s|Th2h:-50|50|0|0|0|0:Bill|MrBlue|Pluribus|Budd|Eddie|MrOrange
STATE:40:ffffr300c/cr900f:Ks9d|AdTh|9cKd|9h6h|2c5s|Qd5h/5cTc7s:-300|300|0|0|0|0:MrBlue|Pluribus|Budd|Eddie|MrOrange|Bill
STATE:41:fffr225fc/cr475f:Ah7d|4s4h|As9c|Kc8s|3cJc|Tc9d/QcKh7c:-50|-225|0|0|0|275:Pluribus|Budd|Eddie|MrOrange|Bill|MrBlue
STATE:42:ffr225ffc/cc/cc/cc:2dAs|4d4h|3h7h|Kc5c|QhKd|Qs6d/8dAc9h/Th/7d:-50|275|0|0|-225|0:Budd|Eddie|MrOrange|Bill|MrBlue|Pluribus
STATE:43:ffffr300c/r660c/cc/r3300f:8s9h|9d6s|Ah3s|6h3d|7sTd|Ts6d/5h2d4h/5s/5d:660|-660|0|0|0|0:Eddie|MrOrange|Bill|MrBlue|Pluribus|Budd
STATE:44:fr200fcfc/ccc/cr525fc/cr3125f:2h9d|Ah5c|Qd8h|TdJs|Ac6h|KhJh/QsAs3s/7d/9s:-50|-525|0|775|0|-200:MrOrange|Bill|MrBlue|Pluribus|Budd|Eddie
STATE:45:ffr200ffc/cc/cc/r375c:Qs2d|5h9h|8c3s|6d5s|8hKh|Jc7d/3dAdKs/7c/9s:-50|-375|0|0|425|0:Bill|MrBlue|Pluribus|Budd|Eddie|MrOrange
STATE:46:fr200ffcc/ccc/ccr400r1150fc/r5900f:TsAh|5h4d|2c8s|KsQd|3dTd|3h2h/9hJhKh/3c/7c:1350|-200|0|-1150|0|0:MrBlue|Pluribus|Budd|Eddie|MrOrange|Bill
STATE:47:r200ffcfc/ccr450cr1300fc/r3550f:8sTs|Qc6c|TdJd|Kh9d|Ks9c|QhAs/7sJcAc/Tc:-50|1800|-1300|0|0|-450:Pluribus|Budd|Eddie|MrOrange|Bill|MrBlue
STATE:48:fffff:5dJc|5h4s|6s8c|8s9h|4d9d|8d2h:-50|50|0|0|0|0:Budd|Eddie|MrOrange|Bill|MrBlue|Pluribus
STATE:49:fr225r675ffff:TdTc|QhAc|3h5s|4dAd|QsQd|7c2c:-50|-100|0|-225|375|0:Eddie|MrOrange|Bill|MrBlue|Pluribus|Budd
STATE:50:ffr225fff:4s8s|5dKs|2h8h|6sQd|QcTs|7sQh:-50|-100|0|0|150|0:MrOrange|Bill|MrBlue|Pluribus|Budd|Eddie
STATE:51:ffr200fff:3cKh|2hQd|5h9s|2s3h|8cAs|5dTs:-50|-100|0|0|150|0:Bill|MrBlue|Pluribus|Budd|Eddie|MrOrange
STATE:52:fffr225fr1225f:4d2c|JhJc|TdAc|9h3c|4sTc|As6c:-50|275|0|0|0|-225:MrBlue|Pluribus|Budd|Eddie|MrOrange|Bill
STATE:53:fffff:4c6s|QsTh|Tc7h|QhJc|8s6c|6hKs:-50|50|0|0|0|0:Pluribus|Budd|Eddie|MrOrange|Bill|MrBlue
STATE:54:ffr225fff:Ks3s|3c9d|6d2h|2dTh|9cJc|2s7s:-50|-100|0|0|150|0:Budd|Eddie|MrOrange|Bill|MrBlue|Pluribus
STATE:55:r225ffr720r1800fff:QcQh|7h5c|9h9s|8s3d|3h5s|2cAc:1045|-100|-225|0|0|-720:Eddie|MrOrange|Bill|MrBlue|Pluribus|Budd
STATE:56:fffr222fc/cc/cr422c/cr1316c:7c9h|7h7d|2dTc|3c8h|8sQh|Qs5s/Qd8c6d/3s/Jh:-50|-1316|0|0|0|1366:MrOrange|Bill|MrBlue|Pluribus|Budd|Eddie
STATE:57:fffr234fc/cr384f:3h8d|Qh5h|2d8s|Ks3s|2h4c|TcTh/6sKc7s:-50|-234|0|0|0|284:Bill|MrBlue|Pluribus|Budd|Eddie|MrOrange
STATE:58:r225fr700ffff:7hQs|Qh5h|9hKh|3h9c|JsJd|Qc2h:-50|-100|-225|0|375|0:MrBlue|Pluribus|Budd|Eddie|MrOrange|Bill
STATE:59:fffr225fc/cc/r475f:7sTd|Qc9c|4s7d|3s2s|Qs6s|KhAc/7c3dQh/4c:-50|275|0|0|0|-225:Pluribus|Budd|Eddie|MrOrange|Bill|MrBlue
STATE:60:fr225cfff/r675c/r1675c/cr10000f:5hAc|4h9s|3c9d|5s6s|4c5c|Jc7s/3s8s2c/Tc/Ad:-50|-100|0|-1675|1825|0:Budd|Eddie|MrOrange|Bill|MrBlue|Pluribus
STATE:61:fr225cfff/cc/r675f:2s4h|Jc3d|2d8d|QhAs|AhJh|9s7d/Qc7s8c/5h:-50|-100|0|375|-225|0:Eddie|MrOrange|Bill|MrBlue|Pluribus|Budd
STATE:62:ffr225fff:Ts4d|2sJd|7h6c|2hKc|TdJh|Kd5s:-50|-100|0|0|150|0:MrOrange|Bill|MrBlue|Pluribus|Budd|Eddie
STATE:63:fcfffc/cr200f:5d9h|2s2d|9dAs|Td7s|2cJd|5s8h/4hQc9s:-50|-100|0|150|0|0:Bill|MrBlue|Pluribus|Budd|Eddie|MrOrange
STATE:64:fffff:Qd3h|5sAh|3sQc|Tc6d|2d5c|7h9d:-50|50|0|0|0|0:MrBlue|Pluribus|Budd|Eddie|MrOrange|Bill
STATE:65:r200r700fffff:Td9d|2h3d|Kc7c|AhQc|QhJh|Qs9c:-50|-100|-200|350|0|0:Pluribus|Budd|Eddie|MrOrange|Bill|MrBlue
STATE:66:ffr225fr900ff:KdQc|6s3h|5cTs|7d9h|2dAs|ThKs:325|-100|0|0|-225|0:Budd|Eddie|MrOrange|Bill|MrBlue|Pluribus
STATE:67:fffr250cf/cc/r450c/r1250f:As8s|9s4h|2dJd|5d6h|6d5h|9c9d/AcKc8c/2h/4d:550|-100|0|0|0|-450:Eddie|MrOrange|Bill|MrBlue|Pluribus|Budd
STATE:68:fffr222r1100ff:KsQd|5h2s|2d5s|7dTh|Js6s|Td9h:322|-100|0|0|0|-222:MrOrange|Bill|MrBlue|Pluribus|Budd|Eddie
STATE:69:r200ffffc/cr650f:6dAh|9s9d|Kc9c|Jc5d|7dKh|3s8h/2hAsJh:-50|-200|250|0|0|0:Bill|MrBlue|Pluribus|Budd|Eddie|MrOrange
STATE:70:fffr250ff:7hKs|9h5c|2s8c|3hQc|Kd7d|9s6s:-50|-100|0|0|0|150:MrBlue|Pluribus|Budd|Eddie|MrOrange|Bill
STATE:71:ffffcr350c/cr794f:7h5h|AsTh|6hAd|Js3s|9s2d|Kh5d/JcAcTc:-350|350|0|0|0|0:Pluribus|Budd|Eddie|MrOrange|Bill|MrBlue
STATE:72:ffr225cff/cc/cc/cc:5s3c|5hQd|7s3h|2dTc|TdTh|JdJh/AcQs6c/As/8h:-50|-100|0|0|-225|375:Budd|Eddie|MrOrange|Bill|MrBlue|Pluribus
STATE:73:r225ffffc/cr475f:7d2c|ThJc|QcKh|4d8d|3h8h|3d9s/Ks4c6h:-50|-225|275|0|0|0:Eddie|MrOrange|Bill|MrBlue|Pluribus|Budd
STATE:74:fffff:9c2d|3hJh|Td7s|Ac9s|Th3c|Tc5d:-50|50|0|0|0|0:MrOrange|Bill|MrBlue|Pluribus|Budd|Eddie
STATE:75:fr225ffr950ff:KdKc|8cTs|Ac6s|5c4c|Qd8d|6hQs:325|-100|0|-225|0|0:Bill|MrBlue|Pluribus|Budd|Eddie|MrOrange
STATE:76:fffr250fc/cc/r387f:Td4d|6dAh|TsKh|Jc6s|9h8c|Qc3c/7hJd9d/2d:-50|300|0|0|0|-250:MrBlue|Pluribus|Budd|Eddie|MrOrange|Bill
STATE:77:fffr225ff:7c5c|4d3h|2cKs|5dTc|7h9s|2d2h:-50|-100|0|0|0|150:Pluribus|Budd|Eddie|MrOrange|Bill|MrBlue
STATE:78:r200fffff:5s7s|7h2d|ThTd|6d5c|5hJd|9h6s:-50|-100|150|0|0|0:Budd|Eddie|MrOrange|Bill|MrBlue|Pluribus
STATE:79:ffr200fr1100fr2250r10000c///:4hAh|5c5s|5hTs|Jh8d|KhKc|3c7d/8c8sQh/Kd/Ac:-10000|-100|0|0|10100|0:Eddie|MrOrange|Bill|MrBlue|Pluribus|Budd
STATE:80:fr200cfr1300fff:AsQd|5d9c|Kc3h|KhTd|JcQc|7cQs:500|-100|0|-200|-200|0:MrOrange|Bill|MrBlue|Pluribus|Budd|Eddie
STATE:81:r200fffff:JsTc|2s9h|Ks9s|Kc8d|5hQc|Kh2d:-50|-100|150|0|0|0:Bill|MrBlue|Pluribus|Budd|Eddie|MrOrange
STATE:82:fffr250fc/cr525c/cr1625c/cc:Jc8d|5d4h|TdAs|2d7c|KcTh|2s2c/Ts3h5c/Ac/6s:-50|1675|0|0|0|-1625:MrBlue|Pluribus|Budd|Eddie|MrOrange|Bill
STATE:83:ffr225fff:Jc3d|4h6d|Ts9d|9c7d|JhQs|8sTh:-50|-100|0|0|150|0:Pluribus|Budd|Eddie|MrOrange|Bill|MrBlue
STATE:84:fffr250fc/cc/cr525c/cr3825f:8s9c|TdAd|3d9d|3h4c|4s9h|Th8d/KhKc5h/Jd/5c:-50|-525|0|0|0|575:Budd|Eddie|MrOrange|Bill|MrBlue|Pluribus
STATE:85:ffffcr325c/cc/cc/cc:3dQd|9dKd|Ah4s|6d2h|2cJc|Ts5h/Js6s6h/2s/Ks:-325|325|0|0|0|0:Eddie|MrOrange|Bill|MrBlue|Pluribus|Budd
STATE:86:ffffr250c/cr500c/cr1000f:Ac2c|JhTc|5s7c|3hTh|Kd4h|7hQs/Kh3c2d/6d:-500|500|0|0|0|0:MrOrange|Bill|MrBlue|Pluribus|Budd|Eddie
STATE:87:fffff:4s8d|Qs9c|7cJd|Ts4h|2d8s|As4d:-50|50|0|0|0|0:Bill|MrBlue|Pluribus|Budd|Eddie|MrOrange
STATE:88:fffr250fc/cr525r1625f:9c3d|3hAc|9h6d|Kc5h|9d6c|QdJc/Kd6h3c:-50|575|0|0|0|-525:MrBlue|Pluribus|Budd|Eddie|MrOrange|Bill
STATE:89:ffr225ffc/cc/cc/r600c:Ks2s|Kh9d|Td5h|4cQd|9cQc|7d3s/9sTs7h/3d/3c:-50|650|0|0|-600|0:Pluribus|Budd|Eddie|MrOrange|Bill|MrBlue
STATE:90:ffr225cfc/ccr587ff:3sAh|Ad9c|6d9s|2cTd|AsKh|7s7h/2s7d4c:-50|-225|0|0|-225|500:Budd|Eddie|MrOrange|Bill|MrBlue|Pluribus
STATE:91:fffff:9c6h|2s9s|As8c|JhQd|4c7c|Kh6c:-50|50|0|0|0|0:Eddie|MrOrange|Bill|MrBlue|Pluribus|Budd
STATE:92:fr225r720fffc/cc/cr1620c/cr3720f:7dKc|Tc4d|5h7s|KhAh|AcAs|7c5c/6d3s8s/Jc/5s:-50|-100|0|-1620|1770|0:MrOrange|Bill|MrBlue|Pluribus|Budd|Eddie
STATE:93:ffr200fff:Ks7d|2dTh|Qc6c|7c5s|QsJd|9d8h:-50|-100|0|0|150|0:Bill|MrBlue|Pluribus|Budd|Eddie|MrOrange
STATE:94:ffffr400c/cc/cr1200f:KhKd|4sJs|Ah3d|Ad5c|6h9h|7hKs/8s3hAs/2s:-400|400|0|0|0|0:MrBlue|Pluribus|Budd|Eddie|MrOrange|Bill
STATE:95:fffr225r706fc/cc/cc/cr1840c:ThTd|9d8h|8sJc|8d5d|Jh7s|Ac3c/TsQc7c/Kc/2h:-1840|-100|0|0|0|1940:Pluribus|Budd|Eddie|MrOrange|Bill|MrBlue
STATE:96:ffffr300c/cc/cc/cr600r1800c:AsAh|6hKh|Qh2s|Jc9h|3cTs|8d3d/6sJs5h/5c/Kd:1800|-1800|0|0|0|0:Budd|Eddie|MrOrange|Bill|MrBlue|Pluribus
STATE:97:fr225ffff:Jh5d|2s9d|3hQd|Qh8h|2h5c|8d3d:-50|-100|0|150|0|0:Eddie|MrOrange|Bill|MrBlue|Pluribus|Budd
STATE:98:ffffr250c/cc/cc/cr625c:QsJd|Jc4s|2cJh|4cAd|7d6c|9d2s/KcAcJs/5s/4d:-625|625|0|0|0|0:MrOrange|Bill|MrBlue|Pluribus|Budd|Eddie
STATE:99:fffr250r1050ff:AdJh|5h9d|8cTd|2d6c|4c7h|ThKc:350|-100|0|0|0|-250:Bill|MrBlue|Pluribus|Budd|Eddie|MrOrange
STATE:100:fffr250fr1350f:Td7h|AhQc|Jh8h|4h5s|8sQs|JsKh:-50|300|0|0|0|-250:MrBlue|Pluribus|Budd|Eddie|MrOrange|Bill
STATE:101:fr215fffc/cc/r935f:2d5d|Qh5h|3d8s|AsJc|Qs2c|QdTc/9h4d7h/3h:-50|265|0|-215|0|0:Pluribus|Budd|Eddie|MrOrange|Bill|MrBlue
STATE:102:fffr225r900ff:QsKh|5s3c|8d6c|2s4h|7h3s|JhQc:325|-100|0|0|0|-225:Budd|Eddie|MrOrange|Bill|MrBlue|Pluribus
STATE:103:fffr250r1150fc/r1870c/r4070c/r10000f:KcJd|2cAc|Kh5c|6sQs|8h9s|ThJh/7h2sKd/Qh/Qd:4170|-100|0|0|0|-4070:Eddie|MrOrange|Bill|MrBlue|Pluribus|Budd
STATE:104:fr225fr800ffr2175c/r4425f:8s3c|4d4h|5h7c|KdKs|8hQh|JcJh/8d3hQs:-50|-100|0|2325|0|-2175:MrOrange|Bill|MrBlue|Pluribus|Budd|Eddie
STATE:105:ffffr300c/r600f:9h8h|3h8d|5d6s|Kd2d|Qh4c|9dTs/Ad6h2c:300|-300|0|0|0|0:Bill|MrBlue|Pluribus|Budd|Eddie|MrOrange
STATE:106:fffr250fr1350r2625f:6d8s|KcQh|Ts2h|2d9d|7h5h|JsJc:-50|-1350|0|0|0|1400:MrBlue|Pluribus|Budd|Eddie|MrOrange|Bill
STATE:107:r200ffccc/cccc/cccr500fff:8d8h|7d9c|2hAh|5dKd|Qh8c|9sQs/QdQc6h/6d:-200|-200|-200|0|0|600:Pluribus|Budd|Eddie|MrOrange|Bill|MrBlue
STATE:108:ffffr300c/cr450c/cr1800f:5cQc|3c3h|5d3d|6cQh|Js8h|5s7d/7s3s4h/9h:-450|450|0|0|0|0:Budd|Eddie|MrOrange|Bill|MrBlue|Pluribus
STATE:109:ffffcc/cc/r200c/cc:7sQs|4hAd|4c7c|5c8h|7hAs|2c8c/6d2h8s/6s/Js:200|-200|0|0|0|0:Eddie|MrOrange|Bill|MrBlue|Pluribus|Budd
STATE:110:fr225cr950ffff:AhQs|3d2d|6hKs|5hKh|9c9s|QcAd:-50|-100|0|-225|-225|600:MrOrange|Bill|MrBlue|Pluribus|Budd|Eddie
STATE:111:fr225fccf/ccc/ccc/cr775ff:QhKh|5h2s|6c5c|AdAs|Ac9d|8s9s/8d7c5d/Jd/7d:-225|-100|0|550|0|-225:Bill|MrBlue|Pluribus|Budd|Eddie|MrOrange
STATE:112:fr200fffc/cr335f:Th4h|9dQs|Ac6s|KdJd|2d5s|3sTs/4dTd3h:-50|-200|0|250|0|0:MrBlue|Pluribus|Budd|Eddie|MrOrange|Bill
STATE:113:fffr225ff:9dKh|8s3h|8cTh|9h5d|6hTd|8dKs:-50|-100|0|0|0|150:Pluribus|Budd|Eddie|MrOrange|Bill|MrBlue
STATE:114:ffr225fff:8c7h|2sKd|3sTs|Js3c|QdQh|7c5c:-50|-100|0|0|150|0:Budd|Eddie|MrOrange|Bill|MrBlue|Pluribus
STATE:115:ffr225fff:Kh5h|Th7c|5c9h|9sQc|TsQh|9d6s:-50|-100|0|0|150|0:Eddie|MrOrange|Bill|MrBlue|Pluribus|Budd
STATE:116:fffff:7c6h|4h4c|2hJd|2c7s|3hTh|Kh4d:-50|50|0|0|0|0:MrOrange|Bill|MrBlue|Pluribus|Budd|Eddie
STATE:117:fr225cfff/cr705f:9cAd|Ks3c|Th3h|8s8c|7d7s|5d2c/7cQdAs:-50|-100|0|-225|375|0:Bill|MrBlue|Pluribus|Budd|Eddie|MrOrange
STATE:118:fffr250fc/cr525c/cr1625f:5dQd|JdTc|5c7h|7d6s|2c4h|9sTs/6hQhAs/Js:-50|-525|0|0|0|575:MrBlue|Pluribus|Budd|Eddie|MrOrange|Bill
STATE:119:fffr225fc/cc/r600f:7h2c|JdTs|JsQh|AcTd|4dJh|8dAh/Qs5c4c/Th:-50|275|0|0|0|-225:Pluribus|Budd|Eddie|MrOrange|Bill|MrBlue
STATE:120:fffr250ff:9h2d|4hTd|6c3c|5hJc|7hKs|9dAc:-50|-100|0|0|0|150:Budd|Eddie|MrOrange|Bill|MrBlue|Pluribus
STATE:121:ffr200ffc/cr425c/cc/r869c:4s2c|TsJh|3c8d|3s2d|JdTd|Th5s/Qd6cJc/7s/3h:-50|25|0|0|25|0:Eddie|MrOrange|Bill|MrBlue|Pluribus|Budd
STATE:122:r225fffff:5hKd|7h6s|AdQc|9d3h|9s5d|2sKc:-50|-100|150|0|0|0:MrOrange|Bill|MrBlue|Pluribus|Budd|Eddie
STATE:123:ffffr300r900f:Ah4d|5c9d|8d5d|As2d|7sTc|Ks5h:-300|300|0|0|0|0:Bill|MrBlue|Pluribus|Budd|Eddie|MrOrange
STATE:124:ffr215fff:Ad7s|8c2h|8dAc|4h5d|JhQc|Kd4d:-50|-100|0|0|150|0:MrBlue|Pluribus|Budd|Eddie|MrOrange|Bill
STATE:125:fr210ffcf/cr435f:KsQc|Jh3c|2hTs|Ac9c|8hQd|3h6h/Ah9s7h:-210|-100|0|310|0|0:Pluribus|Budd|Eddie|MrOrange|Bill|MrBlue
STATE:126:ffr225fff:Th3d|5dQs|8s3s|3h4h|AsTs|8h4d:-50|-100|0|0|150|0:Budd|Eddie|MrOrange|Bill|MrBlue|Pluribus
STATE:127:fr225ffff:9d5d|3d4d|7s2c|KhKs|7c9c|8cQs:-50|-100|0|150|0|0:Eddie|MrOrange|Bill|MrBlue|Pluribus|Budd
STATE:128:ffr225fff:4s9s|8hQc|8cAd|3h5s|As8s|Tc7c:-50|-100|0|0|150|0:MrOrange|Bill|MrBlue|Pluribus|Budd|Eddie
STATE:129:fffff:8d3d|3h7h|5hJh|Ks7c|Tc6c|5c4d:-50|50|0|0|0|0:Bill|MrBlue|Pluribus|Budd|Eddie|MrOrange
STATE:130:fffr250ff:8h5s|3d2c|As4c|6h7d|8s2d|QcJh:-50|-100|0|0|0|150:MrBlue|Pluribus|Budd|Eddie|MrOrange|Bill
STATE:131:fffr225cf/cc/cr637c/cc:TcAs|Td5h|7dKc|QcJh|7h5c|7c6d/4d7s5s/Th/Ks:737|-100|0|0|0|-637:Pluribus|Budd|Eddie|MrOrange|Bill|MrBlue
STATE:132:ffffr300f:9sAh|Jd2h|8h4h|KsTc|5c4s|7s2c:100|-100|0|0|0|0:Budd|Eddie|MrOrange|Bill|MrBlue|Pluribus
STATE:133:fffff:4c2s|6hKh|4hKs|Js4s|9dKc|9c5s:-50|50|0|0|0|0:Eddie|MrOrange|Bill|MrBlue|Pluribus|Budd
STATE:134:fr200ffff:8hTh|2dQs|5h7s|QhKh|8sTd|6s4h:-50|-100|0|150|0|0:MrOrange|Bill|MrBlue|Pluribus|Budd|Eddie
STATE:135:fr225fffc/cr400r1037c/r3587f:2h4h|4cQc|6c5c|JhQh|Tc9d|2sKh/Th4sJc/8d:-50|1087|0|-1037|0|0:Bill|MrBlue|Pluribus|Budd|Eddie|MrOrange
STATE:136:ffffr300c/cc/cr450c/cr3150c:6hKh|5h4s|3cKc|Qc5d|2hQd|4hJd/8c2sTd/Ks/Kd:3150|-3150|0|0|0|0:MrBlue|Pluribus|Budd|Eddie|MrOrange|Bill
STATE:137:fffr225r1325ff:AcAd|Th4s|Ts5s|9s7s|5h7c|8sQs:325|-100|0|0|0|-225:Pluribus|Budd|Eddie|MrOrange|Bill|MrBlue
STATE:138:fr225fffr1300r2525c/cr10000c//:Qs4s|8d7d|Kh3d|AdKc|KsJc|3cTs/9h6d5d/6c/5s:-50|10050|0|-10000|0|0:Budd|Eddie|MrOrange|Bill|MrBlue|Pluribus
STATE:139:fffr250ff:2cKh|4d8s|7dKc|ThJc|Jd6h|Ac9s:-50|-100|0|0|0|150:Eddie|MrOrange|Bill|MrBlue|Pluribus|Budd
STATE:140:r225fffff:7h4c|5c6s|3h3s|4h2h|3dTd|8c2c:-50|-100|150|0|0|0:MrOrange|Bill|MrBlue|Pluribus|Budd|Eddie
STATE:141:fffff:5sKh|8h4h|Ts6d|9h6c|7s4s|Jh8d:-50|50|0|0|0|0:Bill|MrBlue|Pluribus|Budd|Eddie|MrOrange
STATE:142:fffr250fc/cr625f:5c2c|8cKh|7dKd|4c9d|Ts8d|Td8h/3s7h5s:-50|-250|0|0|0|300:MrBlue|Pluribus|Budd|Eddie|MrOrange|Bill
STATE:143:fffr225fr1100f:6d7h|KdTd|8h2s|Ks7d|2d9h|9d5d:-50|275|0|0|0|-225:Pluribus|Budd|Eddie|MrOrange|Bill|MrBlue
STATE:144:fffr250r1050ff:KcKd|Td9h|4h2c|7s9c|8hTs|8dAs:350|-100|0|0|0|-250:Budd|Eddie|MrOrange|Bill|MrBlue|Pluribus
STATE:145:r225fffcc/ccc/ccc/cr725ff:KcQs|QhAs|Ks9s|9h2c|2dQd|6s5s/3sTh8h/Ad/Td:-225|450|-225|0|0|0:Eddie|MrOrange|Bill|MrBlue|Pluribus|Budd
STATE:146:fffff:3hTh|TsAc|5h4d|7s4c|6c2d|Jc2c:-50|50|0|0|0|0:MrOrange|Bill|MrBlue|Pluribus|Budd|Eddie
STATE:147:fffff:Jh7c|Ks3c|6d7h|3d9h|Qh9d|9c6h:-50|50|0|0|0|0:Bill|MrBlue|Pluribus|Budd|Eddie|MrOrange
STATE:148:fr200fffc/cr425r2225f:4dJh|8sQs|Qh9c|QcKc|4c4h|7cTs/7hTc9s:-50|475|0|-425|0|0:MrBlue|Pluribus|Budd|Eddie|MrOrange|Bill
