STATE:40:ffffr235f:3dAd|Th2s|9hJs|8c7s|Jh4d|5d8h:100|-100|0|0|0|0:Eddie|Pluribus|Bill|MrOrange|MrBlue|MrPink
STATE:41:ffr210fcc/ccc/ccc/ccc:9h8h|AhTd|Tc5h|6hTs|8cJc|Kh7d/JhTh8d/Kc/9s:-210|-210|0|0|420|0:Pluribus|Bill|MrOrange|MrBlue|MrPink|Eddie
STATE:42:ffffcr325r1300c/cc/cr2855c/cc:QsJs|Ah9h|Qc5c|2hAd|9s4h|4c3c/8cJdKh/Tc/8h:2855|-2855|0|0|0|0:Bill|MrOrange|MrBlue|MrPink|Eddie|Pluribus
STATE:43:r210ffffc/cc/cc/cr445f:2d9s|9hQh|TdAd|Kh4h|3dKc|6sAc/6c3h5d/As/8c:-50|-210|260|0|0|0:MrOrange|MrBlue|MrPink|Eddie|Pluribus|Bill
STATE:44:fr225ffcf/cc/cc/r455c:QsQc|7cTh|3sAd|3h3d|2h4c|Kd8d/8s6dKc/9s/9d:555|-100|0|-455|0|0:MrBlue|MrPink|Eddie|Pluribus|Bill|MrOrange
STATE:45:r250fffff:4s4c|8h3c|4dAd|Ts8c|6d3d|9h7d:-50|-100|150|0|0|0:MrPink|Eddie|Pluribus|Bill|MrOrange|MrBlue
STATE:46:fffff:Js6d|Qc7s|Kc4h|6s9s|Td2c|Tc2d:-50|50|0|0|0|0:Eddie|Pluribus|Bill|MrOrange|MrBlue|MrPink
STATE:47:r200fr650fffr1900f:8h4s|8c7c|KdAs|JdTc|Ad8d|Qd2c:-50|-100|800|0|-650|0:Pluribus|Bill|MrOrange|MrBlue|MrPink|Eddie
STATE:48:fffr200fc/cr425c/cc/cr1100c:6sAc|7cTh|Qs8d|Jh6c|Kc3d|KhAd/2c7s3c/4h/Ks:-50|-1100|0|0|0|1150:Bill|MrOrange|MrBlue|MrPink|Eddie|Pluribus
STATE:49:fr200cfff/r338c/cc/cr751c:6c2c|2sTc|3cJc|AhJs|QsAd|7sTs/7c7dAc/7h/8h:-50|-100|0|75|75|0:MrOrange|MrBlue|MrPink|Eddie|Pluribus|Bill
STATE:50:fr250fffc/cr525c/cr2175f:9sAd|4c5c|Jh3h|Td8d|5d9d|3d6h/7d8cJd/4s:-50|-525|0|575|0|0:MrBlue|MrPink|Eddie|Pluribus|Bill|MrOrange
STATE:51:r250fffr1100fc/r1850c/r4150c/r10000c:Ac8c|Qc9d|Ad5d|7d6c|4h2h|2sKs/8d8sQd/3s/Td:-10000|-100|10100|0|0|0:MrPink|Eddie|Pluribus|Bill|MrOrange|MrBlue
STATE:52:r225ffcff/cr525c/cc/r1325f:Js7d|2c8h|9c8c|7sJh|2h5c|9sAs/3cJc7h/4h/7c:-50|-100|675|0|0|-525:Eddie|Pluribus|Bill|MrOrange|MrBlue|MrPink
STATE:53:fr225fffr1000c/cr1800c/cr3675c/cr10000c:7s5c|AhAd|8d6h|QcQs|Ks7h|3hTd/7dTsQd/4c/6s:-50|-10000|0|10050|0|0:Pluribus|Bill|MrOrange|MrBlue|MrPink|Eddie
STATE:54:ffr200ffc/cc/cc/cc:2s8s|JdAc|5c9c|2c7d|7h9h|2h8c/Td5d7s/4d/Ks:-50|-200|0|0|250|0:Bill|MrOrange|MrBlue|MrPink|Eddie|Pluribus
STATE:55:ffr200ffc/cr650f:QcJs|7sJh|Qs3d|7cJc|6s5s|5d4c/5hAsTc:-50|-200|0|0|250|0:MrOrange|MrBlue|MrPink|Eddie|Pluribus|Bill
STATE:56:ffffcc/cc/cc/cr200r700f:As2c|9h8c|5cKc|Kh7c|Kd2d|7dJc/2s2hTh/Ah/9c:200|-200|0|0|0|0:MrBlue|MrPink|Eddie|Pluribus|Bill|MrOrange
STATE:57:fffff:2d9s|QdAc|3h2s|4h2h|8d3c|2c9d:-50|50|0|0|0|0:MrPink|Eddie|Pluribus|Bill|MrOrange|MrBlue
STATE:58:fr205cfcc/cccr580ffc/cr1932f:Ah5h|5s4c|5d9c|9dQd|8h8c|2sTd/Kc8s9h/As:-205|-205|0|-580|990|0:Eddie|Pluribus|Bill|MrOrange|MrBlue|MrPink
STATE:59:r200ffffc/cr425f:9c2d|7c8d|AsKs|Ac9h|Qc5h|4d9d/3sJcTc:-50|-200|250|0|0|0:Pluribus|Bill|MrOrange|MrBlue|MrPink|Eddie
STATE:60:r225r700fffff:4c8s|ThAs|Ah2h|KsJs|4s6h|5c9h:-50|-100|-225|375|0|0:Bill|MrOrange|MrBlue|MrPink|Eddie|Pluribus
STATE:61:fr200fcfr1275ff:3c7d|QcQh|5h2d|Th9h|2c3h|Jc9c:-50|450|0|-200|0|-200:MrOrange|MrBlue|MrPink|Eddie|Pluribus|Bill
STATE:62:ffffcc/cc/cc/cc:Kh7c|5hKc|3s7s|Ah5s|Qs2d|Jh6s/9hJc3d/9s/9d:0|0|0|0|0|0:MrBlue|MrPink|Eddie|Pluribus|Bill|MrOrange
STATE:63:ffffr300c/cc/r500f:QhTh|Kc7c|8d7d|5h2h|2c8s|3c5d/4d2d5s/Jd:300|-300|0|0|0|0:MrPink|Eddie|Pluribus|Bill|MrOrange|MrBlue
STATE:64:fffff:3cTh|8c9d|Ah7s|2hQd|5hQc|8sTc:-50|50|0|0|0|0:Eddie|Pluribus|Bill|MrOrange|MrBlue|MrPink
STATE:65:r200r730fffr1875ff:Td6d|QdQs|JhKh|5hAh|4hAs|8c9h:-50|980|-200|-730|0|0:Pluribus|Bill|MrOrange|MrBlue|MrPink|Eddie
STATE:66:ffr200cff/cc/r975f:8d4c|6sAc|Kd5c|6hJs|7d5d|KcTc/2d7s9s/4d:-50|-100|0|0|350|-200:Bill|MrOrange|MrBlue|MrPink|Eddie|Pluribus
STATE:67:fffff:Qs5c|Kh2d|6hQh|Ac8h|3sKc|Jh4s:-50|50|0|0|0|0:MrOrange|MrBlue|MrPink|Eddie|Pluribus|Bill
STATE:68:fffr244cc/ccr466fc/cr841c/cc:4s4h|5hAd|3h8c|5c2d|6c2s|9h9s/7hAcAs/6d/Qh:-244|1085|0|0|0|-841:MrBlue|MrPink|Eddie|Pluribus|Bill|MrOrange
STATE:69:fr225ffff:Td6s|Ac2d|Kd6c|8s8c|7hKh|6h9d:-50|-100|0|150|0|0:MrPink|Eddie|Pluribus|Bill|MrOrange|MrBlue
STATE:70:r225fcfff/cr475c/cr1325c/cr6450c:2cKd|5d6h|AsAh|7cAd|KsKh|7h2s/9sTcTd/Th/2d:-50|-100|6600|0|-6450|0:Eddie|Pluribus|Bill|MrOrange|MrBlue|MrPink
STATE:71:fffff:2d6s|KdQc|Kc6d|6c4s|6h3d|2cTd:-50|50|0|0|0|0:Pluribus|Bill|MrOrange|MrBlue|MrPink|Eddie
STATE:72:fffr250fc/cc/cr387f:5s7c|3s3c|8h3h|4h9c|2h4c|JhTd/Ac9s6h/2d:-50|-250|0|0|0|300:Bill|MrOrange|MrBlue|MrPink|Eddie|Pluribus
STATE:73:fr200fffc/cc/cc/r537f:JhQs|8sAs|9h6h|5h5d|6s4d|2c7d/8cQc9c/Ah/Jd:-50|250|0|-200|0|0:MrOrange|MrBlue|MrPink|Eddie|Pluribus|Bill
STATE:74:fffr244fc/cr519r1063f:Qs4c|8hAh|6h8c|2h6d|Js2d|5cAs/6s8d3s:-50|569|0|0|0|-519:MrBlue|MrPink|Eddie|Pluribus|Bill|MrOrange
STATE:75:r225ffr780ffc/cc/r1207f:3c9d|Qc2s|4c4h|Kh2c|Ac5c|AdQs/6sTd7c/Th:-50|-100|930|0|0|-780:MrPink|Eddie|Pluribus|Bill|MrOrange|MrBlue
STATE:76:ffr225ffc/cr600r1225c/r3725c/cr10000f:4sQc|9s8c|Jc9d|Ts2d|Jh8h|7d3c/6sTh7h/3d/4h:-50|-3725|0|0|3775|0:Eddie|Pluribus|Bill|MrOrange|MrBlue|MrPink
STATE:77:r200fffcc/r500fc/cc/r1700f:4sAs|QdAc|KsJs|Kh2h|Qh9s|3sQs/2d5s2s/6d/3c:700|-200|-500|0|0|0:Pluribus|Bill|MrOrange|MrBlue|MrPink|Eddie
STATE:78:fffr225r925ff:QhQc|Kd8c|Kc2d|7d9d|6h3h|9c8s:325|-100|0|0|0|-225:Bill|MrOrange|MrBlue|MrPink|Eddie|Pluribus
STATE:79:r210ffffc/cr360f:KhJd|8d9s|QsAs|3h6d|7sQd|TcJs/3d5c5h:-50|-210|260|0|0|0:MrOrange|MrBlue|MrPink|Eddie|Pluribus|Bill
STATE:80:fffr244fr1200c/r2200c/r4850f:7hAc|6c7c|5hTd|Ts5s|Tc2d|9s9c/4s2h6s/Kc:-50|2250|0|0|0|-2200:MrBlue|MrPink|Eddie|Pluribus|Bill|MrOrange
STATE:81:fffr225ff:3cJd|3hTs|3d5h|6sQh|Td2c|9cAd:-50|-100|0|0|0|150:MrPink|Eddie|Pluribus|Bill|MrOrange|MrBlue
STATE:82:fffr250fc/cr850c/cr2850r5725f:Jh6h|4h2h|7s3h|3dTs|9hTc|AdQd/Kh5dAs/7h:-50|2900|0|0|0|-2850:Eddie|Pluribus|Bill|MrOrange|MrBlue|MrPink
STATE:83:r200fffff:Ts4s|7dTc|8s8d|Th7c|Ad4c|2cJh:-50|-100|150|0|0|0:Pluribus|Bill|MrOrange|MrBlue|MrPink|Eddie
STATE:84:fr210ffff:7cTs|5s6d|2h6s|KcQh|6cKh|As9h:-50|-100|0|150|0|0:Bill|MrOrange|MrBlue|MrPink|Eddie|Pluribus
STATE:85:r210ffffc/cr360f:2sKc|Ah9s|AdJs|7d3h|9hKd|2d3d/Ks8sKh:-50|-210|260|0|0|0:MrOrange|MrBlue|MrPink|Eddie|Pluribus|Bill
STATE:86:ffffcr300c/cr490r980c/cr1470c/cc:7s6s|KcAc|8c4c|Jc7c|Kd2h|7h5d/6d6hKh/8h/2d:1470|-1470|0|0|0|0:MrBlue|MrPink|Eddie|Pluribus|Bill|MrOrange
STATE:87:r250fffff:Jh9d|Ah5c|8cKc|Th7c|2h8s|3sKs:-50|-100|150|0|0|0:MrPink|Eddie|Pluribus|Bill|MrOrange|MrBlue
STATE:88:r225fffff:Jh4s|2s6d|7h7s|Qh6h|9d4c|2h8h:-50|-100|150|0|0|0:Eddie|Pluribus|Bill|MrOrange|MrBlue|MrPink
STATE:89:fffr222ff:6h3d|5c9d|Qh3h|Kc6s|7d8s|5sJs:-50|-100|0|0|0|150:Pluribus|Bill|MrOrange|MrBlue|MrPink|Eddie
STATE:90:fffr250fc/cr525f:6d5c|Jh2h|4h2d|8s9h|5s9c|Ah3c/3h9sKd:-50|-250|0|0|0|300:Bill|MrOrange|MrBlue|MrPink|Eddie|Pluribus
STATE:91:fffff:6c2s|8d6d|4dTh|9hKd|3dQs|2d8c:-50|50|0|0|0|0:MrOrange|MrBlue|MrPink|Eddie|Pluribus|Bill
STATE:92:ffffcr300c/cr900c/cr2900f:7cTc|QsJs|8cJc|Qh6c|Qd3h|5d3d/4sTh9h/5c:-900|900|0|0|0|0:MrBlue|MrPink|Eddie|Pluribus|Bill|MrOrange
STATE:93:fffr225fc/cr425c/cr1110c/cr2825c:5c9h|3cAs|Kc2h|Th5d|8c6h|AcQs/Qh5h5s/3s/Jd:-50|-2825|0|0|0|2875:MrPink|Eddie|Pluribus|Bill|MrOrange|MrBlue
STATE:94:ffr225fff:8h6s|6cKs|7d5s|8sKd|7cAd|Qc2h:-50|-100|0|0|150|0:Eddie|Pluribus|Bill|MrOrange|MrBlue|MrPink
STATE:95:ffffcc/r200c/r600f:KdTh|6d9d|Ks3s|4sQd|7h8d|4d3c/5d3hJc/Qs:200|-200|0|0|0|0:Pluribus|Bill|MrOrange|MrBlue|MrPink|Eddie
STATE:96:ffffcc/cc/cc/cc:7hAs|8d2s|2hAd|4s9h|Th3h|Ts5d/3d9sJc/Ks/Kc:100|-100|0|0|0|0:Bill|MrOrange|MrBlue|MrPink|Eddie|Pluribus
STATE:97:ffr250r850ffc/cc/cr2100r4275f:4c8d|6d3c|Ah2s|Ks9h|8c9c|KhQc/4hAsTd/7c:-50|-100|0|0|2250|-2100:MrOrange|MrBlue|MrPink|Eddie|Pluribus|Bill
STATE:98:ffr225ffc/cr475f:Jd9c|8h9d|As6h|5c8c|6s6c|4s2s/TsAd3s:-50|-225|0|0|275|0:MrBlue|MrPink|Eddie|Pluribus|Bill|MrOrange
STATE:99:ffr215ffc/cc/cc/r365f:7sTs|QcJc|7c2c|6h8d|AdJh|4d9s/6sKh8h/Kd/9h:-50|265|0|0|-215|0:MrPink|Eddie|Pluribus|Bill|MrOrange|MrBlue
STATE:100:ffr225ffc/cr475r975f:4h2c|JsKc|Kd5s|7s9c|Ah9d|3cQc/7hJc5d:-50|525|0|0|-475|0:Eddie|Pluribus|Bill|MrOrange|MrBlue|MrPink
STATE:101:fffr222ff:Qh5h|2cJd|Qc3d|Kc8h|7c4s|Js5s:-50|-100|0|0|0|150:Pluribus|Bill|MrOrange|MrBlue|MrPink|Eddie
STATE:102:fffff:2d6c|8sQh|5dTs|4s9d|2sKc|4h3h:-50|50|0|0|0|0:Bill|MrOrange|MrBlue|MrPink|Eddie|Pluribus
STATE:103:ffr225fr1100ff:6cAc|Ad3s|8s6h|7hTs|2s2h|Jd6s:325|-100|0|0|-225|0:MrOrange|MrBlue|MrPink|Eddie|Pluribus|Bill
STATE:104:r200ffffr1100f:8h2h|KdTd|As3s|7sQc|Qh2c|5d6d:-50|250|-200|0|0|0:MrBlue|MrPink|Eddie|Pluribus|Bill|MrOrange
STATE:105:fffr225ff:Ts7c|2h5s|3d6d|3s5d|7sJh|Ad4d:-50|-100|0|0|0|150:MrPink|Eddie|Pluribus|Bill|MrOrange|MrBlue
STATE:106:ffr225ffc/cr475f:8hAh|KsJs|QdTs|ThAc|5h6h|8s2s/Qh5c8d:-50|-225|0|0|275|0:Eddie|Pluribus|Bill|MrOrange|MrBlue|MrPink
STATE:107:ffr210ffc/cr325r610c/r1440c/r3610c:5d9s|6d9d|5cTc|Jc8s|4hAh|3c3s/Ad4d6h/7d/Qc:-50|3660|0|0|-3610|0:Pluribus|Bill|MrOrange|MrBlue|MrPink|Eddie
STATE:108:fr210cfff/cc/cc/r400c:Qs7s|5s9d|7cQd|TdJd|8h8d|4h8s/5h9sJh/Jc/5d:-50|-100|0|550|-400|0:Bill|MrOrange|MrBlue|MrPink|Eddie|Pluribus
STATE:109:fffff:4s6c|4hKs|8c5d|Ah7s|4d3h|Kd6h:-50|50|0|0|0|0:MrOrange|MrBlue|MrPink|Eddie|Pluribus|Bill
STATE:110:r200r475fr1555ffff:5d9d|3h6h|2dAd|7s7d|9cTd|KsKh:-50|-100|-200|-475|0|825:MrBlue|MrPink|Eddie|Pluribus|Bill|MrOrange
STATE:111:fffr225fc/cr475f:Ah6c|3h9h|3c8d|Td6h|8cKh|4c4h/QsKd2h:-50|-225|0|0|0|275:MrPink|Eddie|Pluribus|Bill|MrOrange|MrBlue
STATE:112:ffr225cff/cr825c/cr2175c/cc:4d9s|3h7h|8dJd|6s9h|Qd9d|QsAc/7d3cAd/3d/5s:-50|-100|0|0|2325|-2175:Eddie|Pluribus|Bill|MrOrange|MrBlue|MrPink
STATE:113:ffr210fff:Ks9d|8d3h|6sQh|8c6h|Qc7c|Qs5c:-50|-100|0|0|150|0:Pluribus|Bill|MrOrange|MrBlue|MrPink|Eddie
STATE:114:ffffcc/cc/cc/cc:9c6c|Ah7s|9dJc|3s8h|Ac2s|5d4h/5hJhJs/2c/3c:-100|100|0|0|0|0:Bill|MrOrange|MrBlue|MrPink|Eddie|Pluribus
STATE:115:ffffcr350f:4c7c|5s3c|6dKh|Td6c|2sQd|4s8s:-100|100|0|0|0|0:MrOrange|MrBlue|MrPink|Eddie|Pluribus|Bill
STATE:116:ffr225ffc/cr400r825f:Jc2h|5c4d|5dTh|7d6c|KcJs|QhTc/3c3s5h:-50|450|0|0|-400|0:MrBlue|MrPink|Eddie|Pluribus|Bill|MrOrange
STATE:117:fffr225r1050ff:As9s|8dTc|Ah2c|3h9d|5s8s|7c6s:325|-100|0|0|0|-225:MrPink|Eddie|Pluribus|Bill|MrOrange|MrBlue
STATE:118:ffr225ffr1225c/r1850c/cr3725f:8h2d|QdAs|9c7h|4c6d|Ah2h|6cJd/8d9hKh/7c:-50|-1850|0|0|1900|0:Eddie|Pluribus|Bill|MrOrange|MrBlue|MrPink
STATE:119:fffff:5d9h|4c5s|TdAs|2d3s|6s4d|7cKd:-50|50|0|0|0|0:Pluribus|Bill|MrOrange|MrBlue|MrPink|Eddie
STATE:120:fffr200r850r1900fc/cr3125f:ThAh|QdQh|9d5d|9h4c|Js4s|6cTc/KsKc4d:-1900|2100|0|0|0|-200:Bill|MrOrange|MrBlue|MrPink|Eddie|Pluribus
STATE:121:fffr250r1100ff:KcKd|6s9s|Jd7s|9hTs|3c4s|8sAh:350|-100|0|0|0|-250:MrOrange|MrBlue|MrPink|Eddie|Pluribus|Bill
STATE:122:fffr244r1050fc/cr1838c/cr3492c/cr10000c:QsJs|3c4c|7c5c|9d8h|6c7s|TsKs/2sTh3s/Jd/2d:10100|-100|0|0|0|-10000:MrBlue|MrPink|Eddie|Pluribus|Bill|MrOrange
STATE:123:fr225ffff:KcTh|9d3h|9s6c|JsQc|7s3c|KsTs:-50|-100|0|150|0|0:MrPink|Eddie|Pluribus|Bill|MrOrange|MrBlue
STATE:124:fffr250fr1350f:6h8d|AcKs|9s7c|Jh8h|8c7s|QsTd:-50|300|0|0|0|-250:Eddie|Pluribus|Bill|MrOrange|MrBlue|MrPink
STATE:125:fr225fr700ffc/cr1475f:6cJd|2s9h|KcTh|3d3h|4h9s|AdKd/Jh5c8c:-50|-100|0|-700|0|850:Pluribus|Bill|MrOrange|MrBlue|MrPink|Eddie
STATE:126:fr210r650fffc/cr1013f:JdKh|6sTh|7hTc|5c5s|AdKc|Ts2h/JhQh7c:-50|-100|0|-650|800|0:Bill|MrOrange|MrBlue|MrPink|Eddie|Pluribus
STATE:127:ffr200fr955ff:ThAc|7cKs|2h6s|3d2s|Qs9s|Jc4h:300|-100|0|0|-200|0:MrOrange|MrBlue|MrPink|Eddie|Pluribus|Bill
STATE:128:ffffr300c/cc/cc/cc:8d8s|7sJs|As5c|Qd9c|2sQh|6s7d/4cAc9d/3c/5s:300|-300|0|0|0|0:MrBlue|MrPink|Eddie|Pluribus|Bill|MrOrange
STATE:129:ffffr300f:3d3h|6cJh|9s6s|Kd3s|Ks4h|4c7h:100|-100|0|0|0|0:MrPink|Eddie|Pluribus|Bill|MrOrange|MrBlue
STATE:130:ffr225cff/r675c/r2000f:5d9h|5hTd|Kc5s|Qd6h|9cTc|9s8s/5c8d3c/Ac:-50|-100|0|0|825|-675:Eddie|Pluribus|Bill|MrOrange|MrBlue|MrPink
STATE:131:fffr222ff:3d7d|Qs3h|7h5h|Qc3c|Js6d|Td9c:-50|-100|0|0|0|150:Pluribus|Bill|MrOrange|MrBlue|MrPink|Eddie
STATE:132:fr210ffff:3h6c|7c3c|5h2c|JsAd|8s3s|8d7s:-50|-100|0|150|0|0:Bill|MrOrange|MrBlue|MrPink|Eddie|Pluribus
STATE:133:fffff:9h3d|AcJc|7c2h|Qh4d|Jd6d|2dTc:-50|50|0|0|0|0:MrOrange|MrBlue|MrPink|Eddie|Pluribus|Bill
STATE:134:r200fffff:3s4c|2h4d|AsQh|Qc3d|Th8s|7c8c:-50|-100|150|0|0|0:MrBlue|MrPink|Eddie|Pluribus|Bill|MrOrange
STATE:135:r200ffffc/cc/cr425f:Kd2h|9cAh|7h6h|Qc4d|Td7s|2c4h/ThTc5s/8s:-50|-200|250|0|0|0:MrPink|Eddie|Pluribus|Bill|MrOrange|MrBlue
STATE:136:fr210fffc/cr360f:6dKh|7d5d|Jh4c|4s4h|5sAd|5c6h/2cJs2h:-50|-210|0|260|0|0:Eddie|Pluribus|Bill|MrOrange|MrBlue|MrPink
STATE:137:ffr210fff:TsKh|5cQs|Kd4s|Td8c|AcTh|8h3d:-50|-100|0|0|150|0:Pluribus|Bill|MrOrange|MrBlue|MrPink|Eddie
STATE:138:ffr200ffc/cr425r1000f:8cJc|5hQh|7d4s|Js3h|9dJd|Ks4d/7s6h4h:-50|475|0|0|-425|0:Bill|MrOrange|MrBlue|MrPink|Eddie|Pluribus
STATE:139:ffffcc/r200c/r500f:KsQc|5d8s|4hAc|Tc3s|2cKc|2hQs/4sKh7s/2d:200|-200|0|0|0|0:MrOrange|MrBlue|MrPink|Eddie|Pluribus|Bill
STATE:140:ffffcc/cr200f:Ks4h|Td7h|6s4d|5s2c|7s3s|5d4s/QhTh6d:-100|100|0|0|0|0:MrBlue|MrPink|Eddie|Pluribus|Bill|MrOrange
STATE:141:fr225ffff:As2c|3d2h|6d7c|JcJd|9h2d|6sQh:-50|-100|0|150|0|0:MrPink|Eddie|Pluribus|Bill|MrOrange|MrBlue
STATE:142:r225ffffc/cc/r475c/r1225c:Kc3c|KdTs|Qd9d|5h2c|Js5c|8sQs/7d2d3s/Qh/8c:-50|-1225|1275|0|0|0:Eddie|Pluribus|Bill|MrOrange|MrBlue|MrPink
STATE:143:fffff:8h2s|Ts5d|Kc8s|Ks3c|5s6h|3dQh:-50|50|0|0|0|0:Pluribus|Bill|MrOrange|MrBlue|MrPink|Eddie
STATE:144:fffr250fr1200f:8dTc|QsAc|6cJc|3hTh|9d3s|TsJh:-50|300|0|0|0|-250:Bill|MrOrange|MrBlue|MrPink|Eddie|Pluribus
STATE:145:fr200ffff:4c4d|4hTd|Qd2s|8c8d|2d7c|9s8h:-50|-100|0|150|0|0:MrOrange|MrBlue|MrPink|Eddie|Pluribus|Bill
STATE:146:r200ffffc/cr605f:7cTd|8dAs|KsKh|3hAc|4dQc|8s5c/6cThQd:-50|-200|250|0|0|0:MrBlue|MrPink|Eddie|Pluribus|Bill|MrOrange
STATE:147:r225ffcfc/ccc/ccc/ccc:6c6h|TdQs|AdJs|4c8s|5dQc|AhKs/9s8c4d/Qh/6d:-50|500|-225|0|0|-225:MrPink|Eddie|Pluribus|Bill|MrOrange|MrBlue
STATE:148:ffr225ffc/cc/cr600f:5hJs|As7d|8hJd|7h4h|QdTc|2d6s/2s5d3c/Kc:-50|-225|0|0|275|0:Eddie|Pluribus|Bill|MrOrange|MrBlue|MrPink
STATE:149:fffr222ff:Ah8s|5c2h|9h4c|2s8h|Jh9s|6sAs:-50|-100|0|0|0|150:Pluribus|Bill|MrOrange|MrBlue|MrPink|Eddie
STATE:150:r225ffcff/cc/cc/cc:4c6s|2s8d|9dKd|Ad5h|9h4h|QsKh/5sQcAh/9s/2d:-50|-100|-225|0|0|375:Bill|MrOrange|MrBlue|MrPink|Eddie|Pluribus
STATE:151:fr200ffff:Tc8c|9s5h|Qh3h|TdAd|6hJd|3sJs:-50|-100|0|150|0|0:MrOrange|MrBlue|MrPink|Eddie|Pluribus|Bill
STATE:152:fffr244ff:2d6c|2s3h|3s9h|4s7c|5cKd|Jh7h:-50|-100|0|0|0|150:MrBlue|MrPink|Eddie|Pluribus|Bill|MrOrange
STATE:153:fffff:6s4h|TcKc|2s8h|6cQh|9sJc|4s7d:-50|50|0|0|0|0:MrPink|Eddie|Pluribus|Bill|MrOrange|MrBlue
STATE:154:r225fr745ffff:4sAh|As4c|AcTd|9hQh|7d7c|8c9d:-50|-100|-225|0|375|0:Eddie|Pluribus|Bill|MrOrange|MrBlue|MrPink
STATE:155:ffr210cff/cc/cc/cc:6sKh|5d9h|2d4d|8s9c|JhQd|JdKc/3h7s3c/5s/4h:-50|-100|0|0|-210|360:Pluribus|Bill|MrOrange|MrBlue|MrPink|Eddie
STATE:156:r225fffr925fc/r1575c/r2650c/cr10000f:TcJc|Kh5s|9dQd|Th2d|5dAc|3s5h/4c3h9c/9s/As:-2650|-100|2750|0|0|0:Bill|MrOrange|MrBlue|MrPink|Eddie|Pluribus
STATE:157:r210ffcfc/ccr630r1770fc/cc/cr3020c:4d3s|Jd9c|AdTs|4h3h|3c8h|KdKc/6dQh9s/As/2d:-50|-3020|-210|0|0|3280:MrOrange|MrBlue|MrPink|Eddie|Pluribus|Bill
STATE:158:fr200r625fffc/cc/cc/cr1325c:8hKc|JsQh|4h6s|6h6c|3c3h|Kd7c/Td6dQd/8d/4d:-50|-100|0|75|75|0:MrBlue|MrPink|Eddie|Pluribus|Bill|MrOrange
STATE:159:ffffcr300f:7hQs|5sKh|5d8c|4d7s|8hAc|2s6s:-100|100|0|0|0|0:MrPink|Eddie|Pluribus|Bill|MrOrange|MrBlue
STATE:160:ffffr235c/cr470c/cc/cr1880c:Kh8s|AdTh|6s4h|9dJh|4d9h|Jd3c/KdTd5d/Tc/8c:-1880|1880|0|0|0|0:Eddie|Pluribus|Bill|MrOrange|MrBlue|MrPink
STATE:161:r200ffffc/cr350c/cr905c/cr2242c:3c8h|KhTc|KsAs|Kc3h|Js7c|7d4d/Kd5s7h/2h/6c:-50|-2242|2292|0|0|0:Pluribus|Bill|MrOrange|MrBlue|MrPink|Eddie
STATE:162:r225fffff:7h9h|2d6d|JhJs|7d3h|7sQh|4hJc:-50|-100|150|0|0|0:Bill|MrOrange|MrBlue|MrPink|Eddie|Pluribus
STATE:163:ffffcc/cc/cc/cr250f:Ad2s|2d9d|TdQh|4h3d|6d8h|Ts7c/7hJd3s/6s/8d:-100|100|0|0|0|0:MrOrange|MrBlue|MrPink|Eddie|Pluribus|Bill
STATE:164:r200fffff:Kd9h|5c3s|AdQc|JdKh|8dAs|4d6s:-50|-100|150|0|0|0:MrBlue|MrPink|Eddie|Pluribus|Bill|MrOrange
STATE:165:ffffr300r900c/cc/r2900c/r10000c:9sKs|8hAs|7s5h|Tc5c|9cQh|Qc5s/JhKh8c/5d/Kd:10000|-10000|0|0|0|0:MrPink|Eddie|Pluribus|Bill|MrOrange|MrBlue
