STATE:121:fr200fffc/cc/cc/cc:9h8s|7d8c|Ad7c|Ah2h|5hTh|8h9c/5dKcKd/Ks/3s:-50|-200|0|250|0|0:Hattori|MrBlue|Bill|MrOrange|Pluribus|ORen
STATE:122:r200fffff:9h5s|2d3s|Js9s|Ks8s|6c4s|QdJc:-50|-100|150|0|0|0:MrBlue|Bill|MrOrange|Pluribus|ORen|Hattori
STATE:123:ffffr300c/r500c/r1000c/r2000f:7hTh|8cQh|6s3d|2d7c|Ks4h|6d2c/3h5h9h/Td/Tc:1000|-1000|0|0|0|0:Bill|MrOrange|Pluribus|ORen|Hattori|MrBlue
STATE:124:ffr225ffr1225c/cr2225f:9h2c|QdAh|2hAd|5hTd|3cAc|8s4s/6s8c9c:-50|-1225|0|0|1275|0:MrOrange|Pluribus|ORen|Hattori|MrBlue|Bill
STATE:125:fr225fr700ffc/cr1217c/cc/r3332f:5sQh|2h7c|5c6d|KdQd|Tc4d|AhJc/3s3d8d/Qc/7d:-50|-100|0|1367|0|-1217:Pluribus|ORen|Hattori|MrBlue|Bill|MrOrange
STATE:126:r225ffr750fr1850fc/cr2843c/cc/cc:Qh4h|AsKc|5h5d|6c5s|9s3h|7c8c/2c6d3s/Tc/7d:-50|-2843|-225|0|0|3118:ORen|Hattori|MrBlue|Bill|MrOrange|Pluribus
STATE:127:ffffr250c/cc/cc/cc:3d5d|QsTs|7h6d|8dAc|9c4h|4d9d/Jh4cTh/Kd/5s:-250|250|0|0|0|0:Hattori|MrBlue|Bill|MrOrange|Pluribus|ORen
STATE:128:ffffcr350c/cc/r875c/cr2187f:Qd8c|Kh9h|4cJh|4dAs|8d5c|3d6c/6dTh7c/Js/5h:-875|875|0|0|0|0:MrBlue|Bill|MrOrange|Pluribus|ORen|Hattori
STATE:129:fffff:9c2h|9dAd|6h8h|3s9h|6d4c|6c2d:-50|50|0|0|0|0:Bill|MrOrange|Pluribus|ORen|Hattori|MrBlue
STATE:130:fffff:Td7s|Ad5h|6h9s|7c4s|Qd6c|2d9h:-50|50|0|0|0|0:MrOrange|Pluribus|ORen|Hattori|MrBlue|Bill
STATE:131:r200fffff:Kc8h|3dQc|9hQh|JsTd|Qs2s|8s4c:-50|-100|150|0|0|0:Pluribus|ORen|Hattori|MrBlue|Bill|MrOrange
STATE:132:ffr200fff:Kc8s|6h9d|8d7h|6sQh|2s2c|Qd8h:-50|-100|0|0|150|0:ORen|Hattori|MrBlue|Bill|MrOrange|Pluribus
STATE:133:ffffr235c/cc/cr587f:Ah6d|9sQh|3c6s|5hTs|9h3d|8s3h/Kc4dJh/Kh:-235|235|0|0|0|0:Hattori|MrBlue|Bill|MrOrange|Pluribus|ORen
STATE:134:fr200r612fr1700fff:AdQs|8s2s|Ah3s|8c8h|KdQc|As7h:912|-100|0|-200|-612|0:MrBlue|Bill|MrOrange|Pluribus|ORen|Hattori
STATE:135:fffr225ff:6h9c|3c4h|8hKs|2c7s|4c8d|TdKd:-50|-100|0|0|0|150:Bill|MrOrange|Pluribus|ORen|Hattori|MrBlue
STATE:136:fr200fcfc/cr600cf/r2050c/cc:4h9c|3s3c|8sJc|JhQd|Kh7d|6hAh/8hTs2h/Kc/Tc:-50|-200|0|-2050|0|2300:MrOrange|Pluribus|ORen|Hattori|MrBlue|Bill
STATE:137:ffr225ccc/cccc/ccr900cff/r2587f:Ad7d|3s3d|Ts8d|2d6d|QcJh|2cAc/KcTcJd/9d/7h:-225|-225|0|0|1350|-900:Pluribus|ORen|Hattori|MrBlue|Bill|MrOrange
STATE:138:r225fffcc/ccc/ccc/ccr440ff:2hAh|JcKs|JsTs|5c4d|3c2c|9d6d/8d8c7c/Td/8s:-225|-225|450|0|0|0:ORen|Hattori|MrBlue|Bill|MrOrange|Pluribus
STATE:139:r225ffccc/cccc/ccr900fff:6c6h|6d8s|KhAh|7h2c|Jd5c|9s9d/5sQdTc/3c:-225|-225|675|0|0|-225:Hattori|MrBlue|Bill|MrOrange|Pluribus|ORen
STATE:140:fffr225fc/cc/cc/cr475r1975f:Js5d|Ad5s|3sTh|Ks6c|Jh7h|6d8d/3d4s8s/Ts/7c:-50|525|0|0|0|-475:MrBlue|Bill|MrOrange|Pluribus|ORen|Hattori
STATE:141:fr200fffc/cr475f:2hTs|2dTd|Qd7d|Qh9h|6d4s|9cQc/3c4dJc:-50|-200|0|250|0|0:Bill|MrOrange|Pluribus|ORen|Hattori|MrBlue
STATE:142:ffffr400f:2d6d|5hTd|QsJc|Js5s|4sQh|9h3s:100|-100|0|0|0|0:MrOrange|Pluribus|ORen|Hattori|MrBlue|Bill
STATE:143:r200fffcc/ccc/ccc/ccc:6cAc|JsTd|7s7d|Th4c|2cQs|2h5s/Kc5hJd/Qd/5d:-200|400|-200|0|0|0:Pluribus|ORen|Hattori|MrBlue|Bill|MrOrange
STATE:144:fr225fr825fff:Ah7h|QdKs|2h6h|Kc8c|Jh2s|AdQc:-50|-100|0|-225|0|375:ORen|Hattori|MrBlue|Bill|MrOrange|Pluribus
STATE:145:fffr200fc/cc/cr450r1162c/cc:5cQd|6s9d|3sAc|4s3c|6hJc|TsTc/5dQh5s/6d/3d:-50|-1162|0|0|0|1212:Hattori|MrBlue|Bill|MrOrange|Pluribus|ORen
STATE:146:fffr225ff:8d9c|3c2s|6h7c|5hJs|5c8c|KsQs:-50|-100|0|0|0|150:MrBlue|Bill|MrOrange|Pluribus|ORen|Hattori
STATE:147:ffr211ffc/cr361f:2sAc|5c8c|Qs2h|8h3d|JdTc|4d6s/9cKh3s:-50|-211|0|0|261|0:Bill|MrOrange|Pluribus|ORen|Hattori|MrBlue
STATE:148:fffr250fc/cr525f:Tc5c|5s8s|Kh7d|6sJd|4c8c|5d9d/9hQdQh:-50|-250|0|0|0|300:MrOrange|Pluribus|ORen|Hattori|MrBlue|Bill
STATE:149:ffr225fff:6c3c|7c4d|3s4s|JsKh|QhAd|7s6d:-50|-100|0|0|150|0:Pluribus|ORen|Hattori|MrBlue|Bill|MrOrange
STATE:150:fr225fffr1250f:5s8d|KdAs|Jc5c|Ah2h|9h4c|4hQc:-50|275|0|-225|0|0:ORen|Hattori|MrBlue|Bill|MrOrange|Pluribus
STATE:151:fffr200fc/cr350f:Kc3c|TsAd|Jh8d|6h5s|9cJd|Kd5d/9h5c2s:-50|-200|0|0|0|250:Hattori|MrBlue|Bill|MrOrange|Pluribus|ORen
STATE:152:ffffcr350c/cr575c/cr1437f:9dTs|5cQs|4d3h|5h3c|8sKd|5s2d/KsJhJc/Ac:-575|575|0|0|0|0:MrBlue|Bill|MrOrange|Pluribus|ORen|Hattori
STATE:153:ffr200r705fff:5s4c|Qd9h|4s8d|2sTc|7d9d|JhQs:-50|-100|0|0|-200|350:Bill|MrOrange|Pluribus|ORen|Hattori|MrBlue
STATE:154:ffr225fff:7h5c|Qc7s|8sKs|Kh7d|JdQh|Qs8c:-50|-100|0|0|150|0:MrOrange|Pluribus|ORen|Hattori|MrBlue|Bill
STATE:155:ffr225ffr1100r2375f:Jc3s|7h8h|Th2s|9cAd|AcKc|3hKd:-50|-1100|0|0|1150|0:Pluribus|ORen|Hattori|MrBlue|Bill|MrOrange
STATE:156:ffffcr300f:Ts8h|4dKh|3sAc|As5d|7c6d|9s2h:-100|100|0|0|0|0:ORen|Hattori|MrBlue|Bill|MrOrange|Pluribus
STATE:157:ffr225fff:Ks7h|7s3d|Ad9s|8h6d|Qc9c|2d7d:-50|-100|0|0|150|0:Hattori|MrBlue|Bill|MrOrange|Pluribus|ORen
STATE:158:fr225ffcc/ccc/ccr900r2418ff:4c4d|9sTd|8s2h|7s6s|JsKc|5d7c/2dJcAs/4s:1125|-225|0|-900|0|0:MrBlue|Bill|MrOrange|Pluribus|ORen|Hattori
STATE:159:ffr200ffc/cr311r700c/r1200c/r3650c:Tc3c|7d9d|KdTs|2dJh|4hAh|3h7h/8s8hTh/Ad/6d:-50|3700|0|0|-3650|0:Bill|MrOrange|Pluribus|ORen|Hattori|MrBlue
STATE:160:ffr225r800ffr2530r10000c///:2cKh|2d4c|9s4s|8d2s|AcKs|ThTd/6c8cQd/4d/4h:-50|-100|0|0|-10000|10150:MrOrange|Pluribus|ORen|Hattori|MrBlue|Bill
STATE:161:fffr200fc/cc/cc/cc:3cQs|8dKh|3s6d|4cQh|Ks9d|Ah6c/2c4dTc/5h/7s:-50|-200|0|0|0|250:Pluribus|ORen|Hattori|MrBlue|Bill|MrOrange
STATE:162:r225ffffc/cr475c/cc/cc:8s6h|9hQh|AdQc|Qd3h|5hQs|2dTh/7sKdTc/Kh/Ts:-50|-475|525|0|0|0:ORen|Hattori|MrBlue|Bill|MrOrange|Pluribus
STATE:163:fffr200r1000fr2600f:8sTs|Ac9c|5c9h|Kc7s|6hKd|AhKh:-1000|-100|0|0|0|1100:Hattori|MrBlue|Bill|MrOrange|Pluribus|ORen
STATE:164:ffffcc/cr200f:Js2c|7s8c|8h4c|7h3d|6h9d|5hTs/Qc7d5c:-100|100|0|0|0|0:MrBlue|Bill|MrOrange|Pluribus|ORen|Hattori
STATE:165:fffff:7h9d|2s8s|TcKh|Ks6c|5h3d|3h4d:-50|50|0|0|0|0:Bill|MrOrange|Pluribus|ORen|Hattori|MrBlue
STATE:166:ffr225ffc/cc/cc/r475c:4hQh|9sQs|Th6s|5c3c|AhJs|Kc9d/KdJdTs/8s/8d:-50|525|0|0|-475|0:MrOrange|Pluribus|ORen|Hattori|MrBlue|Bill
STATE:167:fffff:6dTh|KhQs|8c5d|Qc7d|7cAs|Td3h:-50|50|0|0|0|0:Pluribus|ORen|Hattori|MrBlue|Bill|MrOrange
STATE:168:fr225ffff:3hKh|Jc3s|Ks8c|8sQs|5sQd|4c2s:-50|-100|0|150|0|0:ORen|Hattori|MrBlue|Bill|MrOrange|Pluribus
STATE:169:ffr225ffc/cr725f:2cQc|7dKd|Ad7h|5h7s|TsJd|7cTd/3c6s5c:-50|-225|0|0|275|0:Hattori|MrBlue|Bill|MrOrange|Pluribus|ORen
STATE:170:ffffcc/cr200r500f:2d8d|9d5c|Js8s|4cAd|9s3s|Jh6s/7cQd2s:200|-200|0|0|0|0:MrBlue|Bill|MrOrange|Pluribus|ORen|Hattori
STATE:171:r200fffff:3cKh|Qs6c|Ah4h|As7c|Ad7s|3sKs:-50|-100|150|0|0|0:Bill|MrOrange|Pluribus|ORen|Hattori|MrBlue
STATE:172:ffr225fff:Ad9h|As2d|8hTc|4h7c|9c8c|4c6s:-50|-100|0|0|150|0:MrOrange|Pluribus|ORen|Hattori|MrBlue|Bill
STATE:173:fffr200fc/cr350f:7h3c|Kh2c|2h6d|Qs3s|5dTs|8cTc/7d4s7c:-50|-200|0|0|0|250:Pluribus|ORen|Hattori|MrBlue|Bill|MrOrange
STATE:174:fffff:2s5h|9c8d|7dKh|Kc6s|3s2c|7cTs:-50|50|0|0|0|0:ORen|Hattori|MrBlue|Bill|MrOrange|Pluribus
STATE:175:ffr200ffc/cc/cc/r537f:6s9c|Ks8d|Jc2d|2hAc|AhQs|6d7c/9d4s7d/3d/8h:-50|250|0|0|-200|0:Hattori|MrBlue|Bill|MrOrange|Pluribus|ORen
STATE:176:ffffr300f:JcKd|5sJd|9dAh|7h8s|4s7d|4hKs:100|-100|0|0|0|0:MrBlue|Bill|MrOrange|Pluribus|ORen|Hattori
STATE:177:fffff:4hJc|Jd5c|Td4d|7c3h|Qc2c|2s3d:-50|50|0|0|0|0:Bill|MrOrange|Pluribus|ORen|Hattori|MrBlue
STATE:178:fffr250fc/cr525f:2sTc|Kh3h|KdTh|7sJh|7hQd|4d7d/Td5s6s:-50|-250|0|0|0|300:MrOrange|Pluribus|ORen|Hattori|MrBlue|Bill
STATE:179:fr225fffc/cc/cr600f:4cTc|Ts8s|2s9d|7h8h|5cAs|6sAh/6h2hKd/Qs:-50|-225|0|275|0|0:Pluribus|ORen|Hattori|MrBlue|Bill|MrOrange
STATE:180:ffffr300c/r450c/cr1350r3150c/r10000f:5dAs|Kh9h|JhTs|Tc3c|4s8c|5c7h/3sKd6h/2s/Js:3150|-3150|0|0|0|0:ORen|Hattori|MrBlue|Bill|MrOrange|Pluribus
STATE:181:fffff:Td2h|2cTh|9d8h|6h8c|6c8s|Kc5d:-50|50|0|0|0|0:Hattori|MrBlue|Bill|MrOrange|Pluribus|ORen
STATE:182:ffr200r770cfc/ccc/r2695cc/cr10000fc:5h6h|3s3d|Js7h|Qd5c|8d7d|JdKh/Td6d5s/Qh/4s:-10000|-100|0|0|12795|-2695:MrBlue|Bill|MrOrange|Pluribus|ORen|Hattori
STATE:183:fffr225fc/cr425r950f:Js6d|9c8h|5sKs|9s3h|Jd8c|Ts4s/7c6s7d:-50|475|0|0|0|-425:Bill|MrOrange|Pluribus|ORen|Hattori|MrBlue
STATE:184:fr200fffc/cr550f:4h3h|TsTh|2dAh|Td9d|KsJh|9c7h/JdQdAd:-50|-200|0|250|0|0:MrOrange|Pluribus|ORen|Hattori|MrBlue|Bill
STATE:185:ffr225fcf/cc/cc/r1325f:TsKs|2h9s|JsQd|Qh7h|8h9h|3h5s/8cAsJd/5c/3s:325|-100|0|0|-225|0:Pluribus|ORen|Hattori|MrBlue|Bill|MrOrange
STATE:186:ffffcc/r200c/cc/cr400f:7hJc|6c9c|5dJh|5c8h|8d7s|6d8s/Qh8cQc/6h/2s:-200|200|0|0|0|0:ORen|Hattori|MrBlue|Bill|MrOrange|Pluribus
STATE:187:ffr225ffc/cr725f:Js7s|AcTd|Qh9d|Jc2s|QsJd|Qc8s/5s9s3d:-50|-225|0|0|275|0:Hattori|MrBlue|Bill|MrOrange|Pluribus|ORen
STATE:188:ffffcr350c/cr575c/cr1437c/cc:9s6s|Td6c|TcJd|4s2s|9cAs|Ks3c/7c7s3s/6h/4d:-1437|1437|0|0|0|0:MrBlue|Bill|MrOrange|Pluribus|ORen|Hattori
STATE:189:r200ffcfc/ccc/ccc/ccc:2s9c|7d3d|8hAh|As8c|2c6s|Ac4c/5sTh5h/Jc/4d:-50|-200|-200|0|0|450:Bill|MrOrange|Pluribus|ORen|Hattori|MrBlue
STATE:190:fffr250fc/cc/r800c/cc:7cKh|KcJd|8hJh|5sKd|3cQs|Ac7s/4cAdQc/6c/4h:-50|-800|0|0|0|850:MrOrange|Pluribus|ORen|Hattori|MrBlue|Bill
STATE:191:fr225ffff:Qd4c|5hTc|2s9h|5dAd|8c2c|4dJc:-50|-100|0|150|0|0:Pluribus|ORen|Hattori|MrBlue|Bill|MrOrange
STATE:192:fr225r700fffc/cr1200c/cc/cr3000f:3dJc|Td2h|3cJd|9hTh|AdKs|5cKh/5dTsAh/6h/8c:-50|-100|0|-1200|1350|0:ORen|Hattori|MrBlue|Bill|MrOrange|Pluribus
STATE:193:r225fffcc/ccc/ccc/cr562ff:2h2d|4h5s|KcJs|9c5d|3dAc|QdTc/3s9h6h/7c/5c:-225|450|-225|0|0|0:Hattori|MrBlue|Bill|MrOrange|Pluribus|ORen
STATE:194:ffffcc/cr200c/cr400c/cr1000f:5d5c|Ah3c|8h9d|Kc9h|5sKh|8d6s/3h2hAc/9s/7c:-400|400|0|0|0|0:MrBlue|Bill|MrOrange|Pluribus|ORen|Hattori
STATE:195:ffffr300r800f:6h8d|Th9h|QcJh|2c6d|7h5d|Ts2d:-300|300|0|0|0|0:Bill|MrOrange|Pluribus|ORen|Hattori|MrBlue
STATE:196:ffffr400f:Ts8h|Qc3d|9c6c|7dJd|6sAh|Qs2h:100|-100|0|0|0|0:MrOrange|Pluribus|ORen|Hattori|MrBlue|Bill
STATE:197:fffr200ff:2d3c|3h5c|5d6c|6d4s|9c7d|Js9h:-50|-100|0|0|0|150:Pluribus|ORen|Hattori|MrBlue|Bill|MrOrange
STATE:198:r225fffff:Tc9h|Jh3c|7d7h|8dTd|As2h|4d8s:-50|-100|150|0|0|0:ORen|Hattori|MrBlue|Bill|MrOrange|Pluribus
STATE:199:fffr200fc/cr325f:5dKc|8hKh|4c5h|Jc2d|3c4s|KdAs/7dQdAd:-50|-200|0|0|0|250:Hattori|MrBlue|Bill|MrOrange|Pluribus|ORen
STATE:200:ffffr300c/r622c/cc/cc:4c4h|9s7d|6cTh|5hJs|Kd9h|6h9d/Ad7sTc/2c/2d:-622|622|0|0|0|0:MrBlue|Bill|MrOrange|Pluribus|ORen|Hattori
STATE:201:fr200ffff:3hAc|8d3c|6s5h|JdKs|4s7h|9h5c:-50|-100|0|150|0|0:Bill|MrOrange|Pluribus|ORen|Hattori|MrBlue
STATE:202:r200fffff:4d7c|Kh6s|9cJc|5sKd|2c6c|5c7s:-50|-100|150|0|0|0:MrOrange|Pluribus|ORen|Hattori|MrBlue|Bill
STATE:203:ffr225ffc/cr475f:7d9d|9s8c|QhJd|6cKc|8h8d|5hAc/3cAd7h:-50|-225|0|0|275|0:Pluribus|ORen|Hattori|MrBlue|Bill|MrOrange
STATE:204:fr225ffff:8hAs|3d2s|Ah2c|JsKs|2h5h|9s7d:-50|-100|0|150|0|0:ORen|Hattori|MrBlue|Bill|MrOrange|Pluribus
STATE:205:fr200fffc/cc/r925c/cc:4sJs|8d7h|6d8c|QcJc|5hQh|Ad3s/QdTh9h/5s/Jh:-50|975|0|-925|0|0:Hattori|MrBlue|Bill|MrOrange|Pluribus|ORen
STATE:206:ffffcr350c/cr575c/cr1437f:KcTc|QcJh|4dQd|6sJc|9h7c|4hTd/2d2c2h/8h:-575|575|0|0|0|0:MrBlue|Bill|MrOrange|Pluribus|ORen|Hattori
STATE:207:ffffr300f:Kc6c|Jc2s|4h3h|7dKh|6dQs|2h3c:100|-100|0|0|0|0:Bill|MrOrange|Pluribus|ORen|Hattori|MrBlue
STATE:208:fr200ffff:7s4s|Qs3d|Th6c|QcKh|Jc3c|Kc9d:-50|-100|0|150|0|0:MrOrange|Pluribus|ORen|Hattori|MrBlue|Bill
STATE:209:ffr225ffc/cr475f:2cKs|Ad8h|6hKc|6cQd|7h7s|Jh3d/3cTs2h:-50|-225|0|0|275|0:Pluribus|ORen|Hattori|MrBlue|Bill|MrOrange
STATE:210:r225ffcfc/ccr950ff:3h4d|5h5d|Ac5c|6s2h|6c4h|8d8s/AdJs9d:-50|-225|-225|0|0|500:ORen|Hattori|MrBlue|Bill|MrOrange|Pluribus
STATE:211:fr200fffc/cc/cc/cr375f:4d9h|7h8d|Tc6s|KhAc|3sKc|3hJc/Js9d3c/2s/Ks:-50|-200|0|250|0|0:Hattori|MrBlue|Bill|MrOrange|Pluribus|ORen
STATE:212:ffr200ffc/cr537c/cr962c/cc:Jh4c|5d2d|Kc6c|7sQh|Ac5c|7dKh/QdTd2c/3d/3h:-50|1012|0|0|-962|0:MrBlue|Bill|MrOrange|Pluribus|ORen|Hattori
STATE:213:ffffr300c/cc/cc/cr600f:2s4s|Ks5d|Ad2c|Qh3h|4c9c|7c9h/6dKh4h/Ah/Qc:-300|300|0|0|0|0:Bill|MrOrange|Pluribus|ORen|Hattori|MrBlue
STATE:214:fffff:6d5c|JdQs|As4c|8dTh|8c5s|Ts3d:-50|50|0|0|0|0:MrOrange|Pluribus|ORen|Hattori|MrBlue|Bill
STATE:215:fr225ffff:5sJc|3dTc|3c7s|6d6s|Qh6c|7h2c:-50|-100|0|150|0|0:Pluribus|ORen|Hattori|MrBlue|Bill|MrOrange
STATE:216:fr225fffc/cr475f:8h9d|2sJs|8dQd|KdTd|4cQs|Ac4s/9s3cQc:-50|-225|0|275|0|0:ORen|Hattori|MrBlue|Bill|MrOrange|Pluribus
STATE:217:fr200fcfc/ccr425ff:7hAd|2c2s|ThJs|9d9s|4s8h|TsTc/Qc7d7s:-50|-200|0|-200|0|450:Hattori|MrBlue|Bill|MrOrange|Pluribus|ORen
STATE:218:ffr200fr975fr2350r10000c///:9c9d|TdQs|3h8s|5s3s|AhAd|Ac6h/As3cKc/Js/Ks:-10000|-100|0|0|10100|0:MrBlue|Bill|MrOrange|Pluribus|ORen|Hattori
STATE:219:r225fcfff/cr425c/r675f:Js8d|6hAc|QcJc|9d3s|6d6c|5sTs/9h2sTh/8h:-50|-100|575|0|-425|0:Bill|MrOrange|Pluribus|ORen|Hattori|MrBlue
STATE:220:fr200cfff/cr2500f:4c6c|Ad4h|3hTs|7d7c|6s6d|5hQc/9sQs9h:-50|-100|0|-200|350|0:MrOrange|Pluribus|ORen|Hattori|MrBlue|Bill
STATE:221:fr225ffcf/cc/cc/cc:ThJh|8s3c|6s9d|5s5d|Qh4s|7c2d/Qd6hKs/2s/2c:-225|-100|0|325|0|0:Pluribus|ORen|Hattori|MrBlue|Bill|MrOrange
STATE:222:ffffr300f:3h3d|3c6h|4s5d|3sJh|4hAc|2d8c:100|-100|0|0|0|0:ORen|Hattori|MrBlue|Bill|MrOrange|Pluribus
STATE:223:ffffr250r750c/cr1350c/cc/cc:KhJs|2h9c|8dTh|9h2s|7dQs|6s7c/3d3h7s/Ts/6d:1350|-1350|0|0|0|0:Hattori|MrBlue|Bill|MrOrange|Pluribus|ORen
STATE:224:fr250ffcc/ccc/ccr625fc/cc:KsAc|7c8d|9hJd|KhKc|Ah7h|Kd6s/8sJs2h/Jh/7s:-250|-625|0|875|0|0:MrBlue|Bill|MrOrange|Pluribus|ORen|Hattori
STATE:225:fffr225fc/cc/r375c/r725f:TdQh|8c9d|2h5h|Qc3d|6dQs|7s3s/9s4cKs/5d/9h:-50|425|0|0|0|-375:Bill|MrOrange|Pluribus|ORen|Hattori|MrBlue
STATE:226:r200fffcf/cc/r400f:JcJs|4hQc|QsKd|2sKs|9d8h|3cAd/2d7hJd/4c:300|-100|-200|0|0|0:MrOrange|Pluribus|ORen|Hattori|MrBlue|Bill
STATE:227:r200ffffc/cr350f:Ah2s|5hQh|9sAs|5c6s|9dJh|5d8d/KdAdTc:-50|-200|250|0|0|0:Pluribus|ORen|Hattori|MrBlue|Bill|MrOrange
STATE:228:ffr200fr900fc/cc/cc/cc:QdKd|9sJs|Jc5s|3s8h|3hAh|7h4c/8cTdQh/Ac/7c:-900|-100|0|0|1000|0:ORen|Hattori|MrBlue|Bill|MrOrange|Pluribus
STATE:229:fffr200fc/cr425c/cc/cr1100f:3h7d|JsQd|2h6c|7cAd|9h2c|TdKh/KsQsJh/8s/8c:-50|-425|0|0|0|475:Hattori|MrBlue|Bill|MrOrange|Pluribus|ORen
STATE:230:ffr200ffc/cr350f:Tc7d|3s8s|As6h|4c8h|AhKd|5s4d/2cJs5h:-50|-200|0|0|250|0:MrBlue|Bill|MrOrange|Pluribus|ORen|Hattori
STATE:231:fffff:3h4d|Tc7c|2dJc|9s8c|Qh7d|2s9d:-50|50|0|0|0|0:Bill|MrOrange|Pluribus|ORen|Hattori|MrBlue