STATE:99:r200fffff:7sJh|2d6d|As9s|5cJd|KcTd|Ts2h:-50|-100|150|0|0|0:Eddie|Bill|Pluribus|MrOrange|MrBlue|MrBlonde
STATE:100:ffr250ffc/cc/cc/cc:5c7d|ThAs|3dTc|6c2d|QsAd|2s7c/Kc5h4h/8c/3s:-50|-250|0|0|300|0:Bill|Pluribus|MrOrange|MrBlue|MrBlonde|Eddie
STATE:101:ffffcc/r200f:2cAc|3h4c|Jd3d|Qd7h|Qc3s|7d8h/8c7sAh:100|-100|0|0|0|0:Pluribus|MrOrange|MrBlue|MrBlonde|Eddie|Bill
STATE:102:fffr250fr1100c/r1950c/cc/cc:3c9s|KdAs|Js5d|6cAh|Th2c|8d8h/JdAc3s/Jc/5c:-50|2000|0|0|0|-1950:MrOrange|MrBlue|MrBlonde|Eddie|Bill|Pluribus
STATE:103:ffffr300c/cr650c/cc/r2550f:Js9h|8sTc|QhTs|Qc3d|Kd2d|Qs4c/Kc3cJc/2s/Jd:650|-650|0|0|0|0:MrBlue|MrBlonde|Eddie|Bill|Pluribus|MrOrange
STATE:104:ffffr300c/cr450c/cc/cc:7cAh|Ad9d|Kd7s|8cAs|Kh9c|Tc7h/3d5h5d/8h/3h:0|0|0|0|0|0:MrBlonde|Eddie|Bill|Pluribus|MrOrange|MrBlue
STATE:105:fffr250fc/cr550f:Tc7h|Kd8h|Jc2s|Jh7d|8s5d|Qd9s/6cTh2h:-50|-250|0|0|0|300:Eddie|Bill|Pluribus|MrOrange|MrBlue|MrBlonde
STATE:106:fffr222fc/cr372f:3h8s|2hAc|Ah5c|6hKd|5h2s|9cJc/Ts8dQs:-50|-222|0|0|0|272:Bill|Pluribus|MrOrange|MrBlue|MrBlonde|Eddie
STATE:107:ffr200fff:Jc5c|5s7h|Js5d|4cKc|JdAd|KdTs:-50|-100|0|0|150|0:Pluribus|MrOrange|MrBlue|MrBlonde|Eddie|Bill
STATE:108:fr200fffc/cr605f:Ks6h|6c9d|5h7s|JsAh|Ac6s|3cQc/AdTs3s:-50|-200|0|250|0|0:MrOrange|MrBlue|MrBlonde|Eddie|Bill|Pluribus
STATE:109:ffffr300f:8cAh|8hQs|Ac4d|3c9c|6h5c|Kd7h:100|-100|0|0|0|0:MrBlue|MrBlonde|Eddie|Bill|Pluribus|MrOrange
STATE:110:fffr225fc/cc/cr600f:3d7s|Ah2d|6cQs|Jh9s|6d2c|KcKd/7c3s7d/6h:-50|-225|0|0|0|275:MrBlonde|Eddie|Bill|Pluribus|MrOrange|MrBlue
STATE:111:ffr225ffc/cc/r400c/cr1037c:2hKs|8hAs|5s7h|Jc6c|7cKc|6s2s/Kh9h8d/6d/4c:-50|-1037|0|0|1087|0:Eddie|Bill|Pluribus|MrOrange|MrBlue|MrBlonde
STATE:112:fffr222fr1225c/r1850c/cc/cc:6d9h|AdJd|7s5s|5d9s|4c6h|9d9c/ThKc5c/4h/Qh:-50|1900|0|0|0|-1850:Bill|Pluribus|MrOrange|MrBlue|MrBlonde|Eddie
STATE:113:ffr200ffc/cr335c/cc/cr1055f:Ts7h|Qd8h|Jh5d|6dTd|4dKd|7sJd/2sQhKc/2d/3s:-50|-335|0|0|385|0:Pluribus|MrOrange|MrBlue|MrBlonde|Eddie|Bill
STATE:114:fr200fcff/cc/r365f:2d5d|7cJs|7d6c|QhAs|6s7h|9h8h/4dQdKs/Kd:-50|-100|0|350|0|-200:MrOrange|MrBlue|MrBlonde|Eddie|Bill|Pluribus
STATE:115:ffr200fff:6s3d|4cTs|4d7d|3hJs|QhTh|8cJh:-50|-100|0|0|150|0:MrBlue|MrBlonde|Eddie|Bill|Pluribus|MrOrange
STATE:116:ffr224ffc/cc/cc/cc:Kc9s|Ah2h|8c3h|TcJd|9cAc|Qc8h/2d4s5c/Jh/7h:-50|274|0|0|-224|0:MrBlonde|Eddie|Bill|Pluribus|MrOrange|MrBlue
STATE:117:fffr250fc/cc/r525f:As6c|8c6d|7c2c|6hKs|Kc5s|JcQs/9s2s9h/7d:-50|300|0|0|0|-250:Eddie|Bill|Pluribus|MrOrange|MrBlue|MrBlonde
STATE:118:fffr222fc/cc/r1210c/r6150f:5c3s|2d8d|4cKs|Tc3h|Ah8s|QcAc/Ad3d4s/Jh/5s:-50|1260|0|0|0|-1210:Bill|Pluribus|MrOrange|MrBlue|MrBlonde|Eddie
STATE:119:fffr287cf/cc/cc/cr624f:9s9h|4cJd|3c5h|Ac3d|Qs3h|2cAh/7h6cAs/8s/Ks:-287|-100|0|0|0|387:Pluribus|MrOrange|MrBlue|MrBlonde|Eddie|Bill
STATE:120:fr200ffff:7d9d|6d2c|4dAs|TdJc|7sQs|3h4s:-50|-100|0|150|0|0:MrOrange|MrBlue|MrBlonde|Eddie|Bill|Pluribus
STATE:121:fr225fcff/r675c/cr1452f:5dAh|6d2d|Jc3c|9hKh|6h5s|9c9s/2s3h7s/5c:-50|-100|0|-675|0|825:MrBlue|MrBlonde|Eddie|Bill|Pluribus|MrOrange
STATE:122:fffff:4c3c|5s5c|2h7d|As9c|Jc3d|3sQd:-50|50|0|0|0|0:MrBlonde|Eddie|Bill|Pluribus|MrOrange|MrBlue
STATE:123:fr222fffc/cc/cc/cc:7s6d|KsQc|9s8c|8h8d|7d5s|7cJs/3cQhAc/6c/Jh:-50|272|0|-222|0|0:Eddie|Bill|Pluribus|MrOrange|MrBlue|MrBlonde
STATE:124:ffffr300f:QcJd|8h2s|8s4s|6hJh|Ah5d|Ks2c:100|-100|0|0|0|0:Bill|Pluribus|MrOrange|MrBlue|MrBlonde|Eddie
STATE:125:fffr287fc/cr599c/r1043c/r2931f:6cJd|KdTs|2h6h|9d8h|3c4d|JsQh/5sTcAd/Td/3h:-50|1093|0|0|0|-1043:Pluribus|MrOrange|MrBlue|MrBlonde|Eddie|Bill
STATE:126:fffr250fc/cc/cc/r370c:Qc9d|Kc5c|Ah6h|8d7h|2c6d|3hAc/6s8h8s/5d/Jc:-50|420|0|0|0|-370:MrOrange|MrBlue|MrBlonde|Eddie|Bill|Pluribus
STATE:127:ffffr300c/cr700c/cr1700c/cc:JcAs|6sKh|6h8s|3dKs|9h4c|5s3h/Qh7hAh/9c/7d:1700|-1700|0|0|0|0:MrBlue|MrBlonde|Eddie|Bill|Pluribus|MrOrange
STATE:128:fffr225ff:2sQs|4dQh|2h5s|Tc2c|7sTh|Ah5h:-50|-100|0|0|0|150:MrBlonde|Eddie|Bill|Pluribus|MrOrange|MrBlue
STATE:129:ffr225fcf/cc/cc/cc:Ac6c|9h6s|6d9s|Qc3h|Ad9d|4hJc/2hKc2s/8s/8c:50|-100|0|0|50|0:Eddie|Bill|Pluribus|MrOrange|MrBlue|MrBlonde
STATE:130:r200fffff:TcJs|5dJc|KdAh|4h2c|4s2h|6sQh:-50|-100|150|0|0|0:Bill|Pluribus|MrOrange|MrBlue|MrBlonde|Eddie
STATE:131:fffff:5s2c|9dJs|3cQc|4s4c|4hQh|Ts2d:-50|50|0|0|0|0:Pluribus|MrOrange|MrBlue|MrBlonde|Eddie|Bill
STATE:132:fffff:5c9h|3cQc|6cJc|2d5d|Js9d|2cTc:-50|50|0|0|0|0:MrOrange|MrBlue|MrBlonde|Eddie|Bill|Pluribus
STATE:133:fr225fffc/cr400f:8sAd|8h7c|2d6d|3c3h|Ac5s|8c7s/Kd9sQc:-50|-225|0|275|0|0:MrBlue|MrBlonde|Eddie|Bill|Pluribus|MrOrange
STATE:134:fffff:Qs7h|8h6s|5h3h|3cKh|4s6d|3d2h:-50|50|0|0|0|0:MrBlonde|Eddie|Bill|Pluribus|MrOrange|MrBlue
STATE:135:fr233fffc/cr383f:7c2c|8s9d|4h3s|KhJh|Ad7d|6sQs/JdKs5h:-50|-233|0|283|0|0:Eddie|Bill|Pluribus|MrOrange|MrBlue|MrBlonde
STATE:136:ffffr300c/r600c/cc/r1500c:Ad9h|8s8c|As6s|7s6h|7hQc|3hKc/TsAc3d/2c/9d:1500|-1500|0|0|0|0:Bill|Pluribus|MrOrange|MrBlue|MrBlonde|Eddie
STATE:137:ffr200ffc/cr335r675c/cc/r1775c:5s3c|KhJc|ThJd|8d5d|KsKc|3hJh/QdTsQh/3d/9d:-50|1825|0|0|-1775|0:Pluribus|MrOrange|MrBlue|MrBlonde|Eddie|Bill
STATE:138:fffff:Tc7s|2hAh|7h8d|5d4h|6sJc|9c3h:-50|50|0|0|0|0:MrOrange|MrBlue|MrBlonde|Eddie|Bill|Pluribus
STATE:139:ffr225ffc/cc/r625f:5d2s|4d3d|Qh7s|Js6h|9dAs|TsJh/Ks7c7d/Qd:-50|275|0|0|-225|0:MrBlue|MrBlonde|Eddie|Bill|Pluribus|MrOrange
STATE:140:fr200r650ffff:3h5s|5h5d|9d8c|KhJc|AsJd|6s3c:-50|-100|0|-200|350|0:MrBlonde|Eddie|Bill|Pluribus|MrOrange|MrBlue
STATE:141:ffffr300c/cc/r450c/r1170f:9hQc|Ah2h|4s8s|Th7d|6h3c|8h4d/Tc7c6s/7s/Kh:450|-450|0|0|0|0:Eddie|Bill|Pluribus|MrOrange|MrBlue|MrBlonde
STATE:142:fr225ffff:8cJc|2hQc|9cAs|JdAd|6h9s|9hTs:-50|-100|0|150|0|0:Bill|Pluribus|MrOrange|MrBlue|MrBlonde|Eddie
STATE:143:ffr200ffc/cc/cr650f:8s9c|8cAs|8hJs|7sKd|TcQs|QdTs/2d9sJh/2s:-50|-200|0|0|250|0:Pluribus|MrOrange|MrBlue|MrBlonde|Eddie|Bill
STATE:144:fffr200ff:Qc4h|2h9s|7d5c|Ts3h|2dQs|ThAd:-50|-100|0|0|0|150:MrOrange|MrBlue|MrBlonde|Eddie|Bill|Pluribus
STATE:145:r200r625ffffc/cr1675r3125c/cr4725f:8hQc|9h9d|KdTd|JcJd|4d5d|5cKc/9s8s7c/Qs:-50|-100|-3125|3275|0|0:MrBlue|MrBlonde|Eddie|Bill|Pluribus|MrOrange
STATE:146:r225ffr725fff:2cAd|6s2d|KcJh|5h7c|2s9d|AcKh:-50|-100|-225|0|0|375:MrBlonde|Eddie|Bill|Pluribus|MrOrange|MrBlue
STATE:147:fffff:7s5d|Qd3s|8d2h|Qh7d|5s9c|Tc3c:-50|50|0|0|0|0:Eddie|Bill|Pluribus|MrOrange|MrBlue|MrBlonde
STATE:148:fffr222ff:6d7s|3c6h|7h9d|9cKd|5h2c|8sKc:-50|-100|0|0|0|150:Bill|Pluribus|MrOrange|MrBlue|MrBlonde|Eddie
STATE:149:fffff:7h2h|Js4s|9sKc|4hTd|5cKd|Qh3c:-50|50|0|0|0|0:Pluribus|MrOrange|MrBlue|MrBlonde|Eddie|Bill
STATE:150:fffff:Kc2d|3h5c|6sKs|7s5h|4hQh|6hJd:-50|50|0|0|0|0:MrOrange|MrBlue|MrBlonde|Eddie|Bill|Pluribus
STATE:151:r200ffffc/cr335c/cc/cc:8c7s|5cKc|Kh7h|Td7c|3s5s|Th9s/6cKs4s/2c/6s:-50|-335|385|0|0|0:MrBlue|MrBlonde|Eddie|Bill|Pluribus|MrOrange
STATE:152:fr200fffc/cr425c/cc/cc:Kc4d|2dJd|7h3d|JhAh|7d6s|5c7s/Ks9sJc/Qd/4c:-50|-425|0|475|0|0:MrBlonde|Eddie|Bill|Pluribus|MrOrange|MrBlue
STATE:153:fffr255fr1125f:5sKc|AsQd|8dTc|6h9s|8h5h|6c9c:-50|305|0|0|0|-255:Eddie|Bill|Pluribus|MrOrange|MrBlue|MrBlonde
STATE:154:fffr222fr1225f:2hAd|QdJc|6cTs|4dTc|4c9h|As9d:-50|272|0|0|0|-222:Bill|Pluribus|MrOrange|MrBlue|MrBlonde|Eddie
STATE:155:fffff:4d2d|7hTd|8d3s|2c9c|5d6s|6d7c:-50|50|0|0|0|0:Pluribus|MrOrange|MrBlue|MrBlonde|Eddie|Bill
STATE:156:fr200ffr1100ff:9sTs|5dKs|4c5h|JcAd|Td7d|JdKc:300|-100|0|-200|0|0:MrOrange|MrBlue|MrBlonde|Eddie|Bill|Pluribus
STATE:157:fffff:2c9h|2s3c|5c2h|Qc6c|6s4s|4d7h:-50|50|0|0|0|0:MrBlue|MrBlonde|Eddie|Bill|Pluribus|MrOrange
STATE:158:fffr225ff:6s8d|3sTd|7h5c|4d7c|6d3d|Ks8s:-50|-100|0|0|0|150:MrBlonde|Eddie|Bill|Pluribus|MrOrange|MrBlue
STATE:159:r200ffffc/cr425f:7dJh|9d4d|JdKs|Th9s|Kh7h|Ac6c/As6s7s:-50|-200|250|0|0|0:Eddie|Bill|Pluribus|MrOrange|MrBlue|MrBlonde
STATE:160:fr225fcfc/cr587r1311ff:Js6h|Jc7c|3s7s|4h3h|2dJh|Ac6c/6sKc2c:-50|-225|0|-587|0|862:Bill|Pluribus|MrOrange|MrBlue|MrBlonde|Eddie
STATE:161:fffr287ff:5s4d|Jh6s|4cQd|3c3s|9c7h|Kc9h:-50|-100|0|0|0|150:Pluribus|MrOrange|MrBlue|MrBlonde|Eddie|Bill
STATE:162:fffr250fc/cr525c/cc/r3525c:7s3s|9cAh|9hJc|5c7d|Qh7c|Ts8h/Th5s2h/3h/Qs:-50|-3525|0|0|0|3575:MrOrange|MrBlue|MrBlonde|Eddie|Bill|Pluribus
STATE:163:r200fffff:3d2s|6sKd|7d7s|7h2d|JsQd|7c3h:-50|-100|150|0|0|0:MrBlue|MrBlonde|Eddie|Bill|Pluribus|MrOrange
STATE:164:fffff:Jd3d|8s9c|7s9s|4s3c|Tc8h|2d4c:-50|50|0|0|0|0:MrBlonde|Eddie|Bill|Pluribus|MrOrange|MrBlue
STATE:165:r225fffff:Ts7c|Kc4s|8c8d|JdAc|2c5s|5cAh:-50|-100|150|0|0|0:Eddie|Bill|Pluribus|MrOrange|MrBlue|MrBlonde
STATE:166:fffff:Qd5h|6sTh|3c5c|2s3d|4hQc|Ad2h:-50|50|0|0|0|0:Bill|Pluribus|MrOrange|MrBlue|MrBlonde|Eddie
STATE:167:fr255ffr1000ff:KdKc|5sJh|Ks7c|JdAs|Qh3d|9cTd:355|-100|0|-255|0|0:Pluribus|MrOrange|MrBlue|MrBlonde|Eddie|Bill
STATE:168:fr200fffc/cr335f:5dQh|Qs2s|4d7h|JsTh|8dAh|5s8s/Tc9dTs:-50|-200|0|250|0|0:MrOrange|MrBlue|MrBlonde|Eddie|Bill|Pluribus
STATE:169:fr225fffc/cc/cr475f:4sQs|6h7h|Ac3s|8sTs|Jd7d|4d2d/5s5h6c/As:-50|-225|0|275|0|0:MrBlue|MrBlonde|Eddie|Bill|Pluribus|MrOrange
STATE:170:fffr225ff:Td5s|5d2h|9h4d|3s5h|Ad8s|8d9s:-50|-100|0|0|0|150:MrBlonde|Eddie|Bill|Pluribus|MrOrange|MrBlue
STATE:171:ffr225ffc/cc/r600c/r1850f:4s2d|ThAd|7s6h|4h8d|AhKs|9h3s/3hJh9s/Td/Ac:-50|650|0|0|-600|0:Eddie|Bill|Pluribus|MrOrange|MrBlue|MrBlonde
STATE:172:fffff:2cTs|Tc6c|Td7d|4cAd|2s5h|Kc3d:-50|50|0|0|0|0:Bill|Pluribus|MrOrange|MrBlue|MrBlonde|Eddie
STATE:173:fffr287cf/cc/r1635f:QcJc|Jd4c|7d3h|Ks3s|Th3c|9d8s/4dTc2c/8d:387|-100|0|0|0|-287:Pluribus|MrOrange|MrBlue|MrBlonde|Eddie|Bill
STATE:174:fffff:6hTh|4dAd|7s9s|Kh3c|3s2c|2h8s:-50|50|0|0|0|0:MrOrange|MrBlue|MrBlonde|Eddie|Bill|Pluribus
STATE:175:ffffr300c/r750c/cc/cr1050c:9dJh|Kh5d|3d6s|9hQc|5c8s|8d2s/Kd4sTh/Jc/2d:-1050|1050|0|0|0|0:MrBlue|MrBlonde|Eddie|Bill|Pluribus|MrOrange
STATE:176:fffr225ff:Js3h|Kd4s|2cKh|5d2h|6s7s|8hTd:-50|-100|0|0|0|150:MrBlonde|Eddie|Bill|Pluribus|MrOrange|MrBlue
STATE:177:r200fffff:4c6d|Th4d|KdKh|8s7c|Qc3h|6sKs:-50|-100|150|0|0|0:Eddie|Bill|Pluribus|MrOrange|MrBlue|MrBlonde
STATE:178:fr225fffc/cr475f:3c8d|4s9s|Ts4d|5s7s|6cKs|Kc3h/As7c2d:-50|-225|0|275|0|0:Bill|Pluribus|MrOrange|MrBlue|MrBlonde|Eddie
STATE:179:ffffcr325c/cr780f:9sQs|7s5c|Tc2c|2sAd|As5h|4d7h/2d6c8h:-325|325|0|0|0|0:Pluribus|MrOrange|MrBlue|MrBlonde|Eddie|Bill
STATE:180:fffff:5s4h|9c9s|Ts8d|Kd2s|5cKs|5dJs:-50|50|0|0|0|0:MrOrange|MrBlue|MrBlonde|Eddie|Bill|Pluribus
STATE:181:ffr200fff:6h4s|Ad4c|8sKh|Ac4d|3d3c|Qc4h:-50|-100|0|0|150|0:MrBlue|MrBlonde|Eddie|Bill|Pluribus|MrOrange
STATE:182:fr200fffc/cc/r335f:Qh3h|JsTd|5s3d|Kh8h|4d2s|Qd8s/3c2d5d/2c:-50|250|0|-200|0|0:MrBlonde|Eddie|Bill|Pluribus|MrOrange|MrBlue
STATE:183:ffffr300r1000f:9cKh|AcKd|4dQs|8sJd|Td7h|6d3s:-300|300|0|0|0|0:Eddie|Bill|Pluribus|MrOrange|MrBlue|MrBlonde
STATE:184:r200ffr300ffc/cc/cc/cc:5h6s|3c9c|AsQd|KcQh|TsJh|8sQs/7s9d7d/Ad/8c:-50|-100|450|0|0|-300:Bill|Pluribus|MrOrange|MrBlue|MrBlonde|Eddie
STATE:185:fffr287r1129fc/r1718c/r2602f:JsQs|8s4s|8d4h|7d8c|Tc2d|9s9d/AcAhQd/Jh:1818|-100|0|0|0|-1718:Pluribus|MrOrange|MrBlue|MrBlonde|Eddie|Bill
STATE:186:fffr250fc/cr800f:Kc8h|6cAc|7h3c|4cTc|8c4h|ThKd/9c3h4d:-50|-250|0|0|0|300:MrOrange|MrBlue|MrBlonde|Eddie|Bill|Pluribus
STATE:187:fr225ffff:8h7c|2sQh|5sTd|4h5h|Qc3h|Jh7s:-50|-100|0|150|0|0:MrBlue|MrBlonde|Eddie|Bill|Pluribus|MrOrange
STATE:188:fffr225fc/cc/cc/cr425f:7h3d|7cAs|KsTc|Td6d|9h2d|8dJc/3c6cTh/8s/3h:-50|-225|0|0|0|275:MrBlonde|Eddie|Bill|Pluribus|MrOrange|MrBlue
STATE:189:fr215ffff:5dJd|3cTh|Qs3h|Ad7d|4d2d|2cQd:-50|-100|0|150|0|0:Eddie|Bill|Pluribus|MrOrange|MrBlue|MrBlonde
STATE:190:fr225ffr950fc/cr1750c/cr4150f:KdAc|6h2s|2c9s|3s3c|5sJs|6sTd/8cTc3h/Qs:-1750|-100|0|1850|0|0:Bill|Pluribus|MrOrange|MrBlue|MrBlonde|Eddie
STATE:191:fr255ccff/ccr555r1505ff:7h9d|3hKd|9h3s|9cTc|5d5s|KsTs/8sJhJc:-50|-100|0|960|-255|-555:Pluribus|MrOrange|MrBlue|MrBlonde|Eddie|Bill
STATE:192:fr200r625fffc/cc/r1745f:9d3d|7s9h|6cJc|As3s|6h6s|Jd2h/AcKs9s/8s:-50|-100|0|775|-625|0:MrOrange|MrBlue|MrBlonde|Eddie|Bill|Pluribus
STATE:193:fr225ffff:Qd8c|Qc8s|TcJs|9dAd|3c9h|Qs7c:-50|-100|0|150|0|0:MrBlue|MrBlonde|Eddie|Bill|Pluribus|MrOrange
STATE:194:fffff:Tc5h|9dKc|7dAh|5dJd|6cQs|Qd4s:-50|50|0|0|0|0:MrBlonde|Eddie|Bill|Pluribus|MrOrange|MrBlue
STATE:195:fr215fffc/cr550c/cr2100c/cr10000f:8d2s|6hKh|8sQs|AhJd|2cQc|3s7h/JhAc9h/6d/3c:-50|-2100|0|2150|0|0:Eddie|Bill|Pluribus|MrOrange|MrBlue|MrBlonde
STATE:196:ffffr300f:9cTd|8h5s|Kd2h|3d7c|8c4d|Kh4c:100|-100|0|0|0|0:Bill|Pluribus|MrOrange|MrBlue|MrBlonde|Eddie
STATE:197:r2225ffffc/cc/cc/r10000f:7d8d|ThKd|6c6d|7h2s|3s4c|3c6h/8h7cAd/4h/Jc:-50|2275|-2225|0|0|0:Pluribus|MrOrange|MrBlue|MrBlonde|Eddie|Bill