STATE:115:fffr200fc/cc/r400c/cc:8h5s|6h4h|Ks7d|Th6s|5h2d|5dAs/2s8c9d/3h/6c:-50|450|0|0|0|-400:Hattori|MrBlue|Bill|MrOrange|Pluribus|ORen
STATE:116:fr200ffcf/cc/cr450f:8cQc|6s4d|Ah4s|5s5d|Qh2c|2sJh/2d9h3h/9s:-200|-100|0|300|0|0:MrBlue|Bill|MrOrange|Pluribus|ORen|Hattori
STATE:117:r200ffffc/cc/cr312c/r812f:3s9c|Jd8h|5d5s|Kd9d|Ts5c|Qs7h/9sJcAd/3h/8c:-50|362|-312|0|0|0:Bill|MrOrange|Pluribus|ORen|Hattori|MrBlue
STATE:118:fffff:7h6d|JsQh|Ah5s|As9h|7s4h|2h8c:-50|50|0|0|0|0:MrOrange|Pluribus|ORen|Hattori|MrBlue|Bill
STATE:119:r200ffffc/cr312f:5d7h|Ad8h|KsAh|Ts4h|Kd8c|5c4s/2d7s2h:-50|-200|250|0|0|0:Pluribus|ORen|Hattori|MrBlue|Bill|MrOrange
STATE:120:ffr200fff:2c6d|3d5h|7hQh|2s8c|ThAd|3hQc:-50|-100|0|0|150|0:ORen|Hattori|MrBlue|Bill|MrOrange|Pluribus
STATE:121:fffr200ff:4cAh|3s9h|5h7c|7hTc|9c8h|7sAs:-50|-100|0|0|0|150:Hattori|MrBlue|Bill|MrOrange|Pluribus|ORen
STATE:122:fffr225cf/cr350f:8cAh|2s4d|6h5s|Ks5d|3s8s|9sQs/9hJsKc:-225|-100|0|0|0|325:MrBlue|Bill|MrOrange|Pluribus|ORen|Hattori
STATE:123:ffffr300f:9cQs|3h5c|4c8s|Jh2d|3dAh|9d6c:100|-100|0|0|0|0:Bill|MrOrange|Pluribus|ORen|Hattori|MrBlue
STATE:124:r200ffffc/cc/cc/cr325c:5s2d|8s9d|5h5c|Jd7c|8h4c|7d6c/9c7sAs/Kh/Ad:-50|375|-325|0|0|0:MrOrange|Pluribus|ORen|Hattori|MrBlue|Bill
STATE:125:fffr200fc/cc/r375c/r1175f:3c8h|Tc9h|Jh8c|Jd9s|5d9c|QcQd/4d6h5h/8d/As:-50|425|0|0|0|-375:Pluribus|ORen|Hattori|MrBlue|Bill|MrOrange
STATE:126:ffr200cff/cc/cr750c/cc:3c4s|Ah5s|2c7c|9s3d|AcKh|ThQh/7h4d8d/Kd/5h:-50|-100|0|0|900|-750:ORen|Hattori|MrBlue|Bill|MrOrange|Pluribus
STATE:127:fr200fffc/cr350c/cc/r650f:4hJc|9dQc|Kc3c|JsQs|3d2c|Kh9s/2d5dTd/4d/7d:-50|400|0|-350|0|0:Hattori|MrBlue|Bill|MrOrange|Pluribus|ORen
STATE:128:fr225ffcf/cc/cc/r425r900r3950f:4d5d|7s3h|5cKd|QhAc|4h7h|6sQc/Ad2h9h/3d/3c:1000|-100|0|-900|0|0:MrBlue|Bill|MrOrange|Pluribus|ORen|Hattori
STATE:129:fffff:Qh7d|QdAh|Qs4c|Ac9h|Kh7s|9s6d:-50|50|0|0|0|0:Bill|MrOrange|Pluribus|ORen|Hattori|MrBlue
STATE:130:fffff:3s5c|7cAd|6d4c|3hTh|Qd4h|8dQs:-50|50|0|0|0|0:MrOrange|Pluribus|ORen|Hattori|MrBlue|Bill
STATE:131:ffr225ffc/cc/cc/r725f:5d9s|9cTd|QhTs|JdTh|2sAs|Kd5h/4h3s8h/Qc/3c:-50|275|0|0|-225|0:Pluribus|ORen|Hattori|MrBlue|Bill|MrOrange
STATE:132:r225fffff:4d3c|3dJh|QdQs|8cJc|6hAh|Kh3s:-50|-100|150|0|0|0:ORen|Hattori|MrBlue|Bill|MrOrange|Pluribus
STATE:133:fffr200fc/cr550f:3h2h|6d4d|Qh9c|4sTc|8d5s|AhKh/QsTd8h:-50|-200|0|0|0|250:Hattori|MrBlue|Bill|MrOrange|Pluribus|ORen
STATE:134:r200ffcfc/ccc/r375cf/r1125c:Js3h|JhTh|9c9h|8s4d|6hTc|3d3s/7c5d6s/8c/Ks:-50|-1125|1375|0|0|-200:MrBlue|Bill|MrOrange|Pluribus|ORen|Hattori
STATE:135:r250fr800fffr1889c/r3853c/cc/cc:4d2h|Qh2d|As4s|2c2s|AcQc|Kd3h/JhTc3d/Th/Qd:-50|-100|-3853|0|4003|0:Bill|MrOrange|Pluribus|ORen|Hattori|MrBlue
STATE:136:r200fffff:2h7d|8h6s|AdKd|6cAc|6h2c|4dJs:-50|-100|150|0|0|0:MrOrange|Pluribus|ORen|Hattori|MrBlue|Bill
STATE:137:fffff:3cKd|KhTd|4h9d|2d4d|Js8c|3s6d:-50|50|0|0|0|0:Pluribus|ORen|Hattori|MrBlue|Bill|MrOrange
STATE:138:fffr250ff:2hAd|Kh2d|2s8c|2c9d|Ks3d|4sAh:-50|-100|0|0|0|150:ORen|Hattori|MrBlue|Bill|MrOrange|Pluribus
STATE:139:ffr200cfc/ccr425cf/cc/cc:4d8h|7d7h|6c3c|6sTs|AsTd|Jc8c/5cQd3h/6d/9c:-50|675|0|0|-200|-425:Hattori|MrBlue|Bill|MrOrange|Pluribus|ORen
STATE:140:fffr225fc/cc/cc/cc:2dKc|7hTc|2c7s|8s7d|Qc5d|KhAc/4d3sQh/8h/3h:-50|-225|0|0|0|275:MrBlue|Bill|MrOrange|Pluribus|ORen|Hattori
STATE:141:ffr211fr860ff:JdAc|Td4h|Kc6h|Kd5h|KsQd|5d3h:311|-100|0|0|-211|0:Bill|MrOrange|Pluribus|ORen|Hattori|MrBlue
STATE:142:ffffr400f:Ad3h|7h4s|7s8h|Tc9s|2c7c|3sJs:100|-100|0|0|0|0:MrOrange|Pluribus|ORen|Hattori|MrBlue|Bill
STATE:143:ffr225ffc/cr375r750c/r1800c/cr4537f:3h2c|Tc8s|5c3d|9s7c|8c9c|8dKs/QdQs6c/7h/6h:-50|-1800|0|0|1850|0:Pluribus|ORen|Hattori|MrBlue|Bill|MrOrange
STATE:144:ffcr275fff:6sJd|Tc8d|7c3d|Ks3h|Th2h|QsQh:-50|-100|0|0|-100|250:ORen|Hattori|MrBlue|Bill|MrOrange|Pluribus
STATE:145:r225cr946ffr2250fff:Th2d|AhKc|QdTd|JsAs|TsKs|3d2s:-50|1446|-225|-225|-946|0:Hattori|MrBlue|Bill|MrOrange|Pluribus|ORen
STATE:146:fr200ffcc/ccc/ccc/ccr500cf:2c2d|Qc7c|5h6c|QdJs|Th7d|Td4s/4h9s3c/4d/4c:700|-200|0|-500|0|0:MrBlue|Bill|MrOrange|Pluribus|ORen|Hattori
STATE:147:r225fccr1375fffc/r2475f:As3s|2c2d|Js9s|Ac4d|AdTd|7h5h/Tc3cJc:1925|-100|-225|0|-225|-1375:Bill|MrOrange|Pluribus|ORen|Hattori|MrBlue
STATE:148:fffff:4c3d|Qs6d|9dTh|5h4d|Qc2c|6s8d:-50|50|0|0|0|0:MrOrange|Pluribus|ORen|Hattori|MrBlue|Bill
STATE:149:r200ffffc/cr312c/cr532c/cr1082f:8sKc|8hAd|TdQd|Qh6h|Ac2h|9s5s/Qs8d7d/6c/3d:-50|-532|582|0|0|0:Pluribus|ORen|Hattori|MrBlue|Bill|MrOrange
STATE:150:fr225fffc/cc/cr475f:3h4c|3s7s|Kd4s|KcQd|6s5d|Jh7d/5cQh5h/9h:-50|-225|0|275|0|0:ORen|Hattori|MrBlue|Bill|MrOrange|Pluribus
STATE:151:fffr200fc/cr325c/cc/cr775c:8s2d|6cAd|5d8h|Ts4c|6dTc|8cJc/9hAs3d/5c/2s:-50|825|0|0|0|-775:Hattori|MrBlue|Bill|MrOrange|Pluribus|ORen
STATE:152:fr250ffff:3d7d|Jh2d|3c9c|8s7s|Ks4d|8hAd:-50|-100|0|150|0|0:MrBlue|Bill|MrOrange|Pluribus|ORen|Hattori
STATE:153:ffffr300r800c/cc/r1350r2375f:TcJc|9d9c|6h3d|2cTh|8d3s|7h3h/5sQd4d/Qs:-1350|1350|0|0|0|0:Bill|MrOrange|Pluribus|ORen|Hattori|MrBlue
STATE:154:fffff:Qc7h|6h5s|5c8c|8d6c|Kh3c|4d2d:-50|50|0|0|0|0:MrOrange|Pluribus|ORen|Hattori|MrBlue|Bill
STATE:155:ffffr250c/cr375c/cr1125f:Ad7d|Jh9h|6s7h|Jc4d|8hKc|Th3d/4cQhQd/3s:-375|375|0|0|0|0:Pluribus|ORen|Hattori|MrBlue|Bill|MrOrange
STATE:156:fr225ffff:Qd3s|9d6c|Jd2d|KdAs|9sKs|3h7h:-50|-100|0|150|0|0:ORen|Hattori|MrBlue|Bill|MrOrange|Pluribus
STATE:157:fffr200cf/cc/r700f:QcJs|3h9d|ThQs|6c3s|2dJc|3dAd/6h5c8h/Jd:300|-100|0|0|0|-200:Hattori|MrBlue|Bill|MrOrange|Pluribus|ORen
STATE:158:r200ffffc/cr350c/cc/r1100f:7d6h|9dAh|5c5d|Td5h|Jh3h|5s2h/7hKdAs/Ad/4s:-50|400|-350|0|0|0:MrBlue|Bill|MrOrange|Pluribus|ORen|Hattori
STATE:159:ffr200ffc/cr600f:5dAs|JhQc|3c8c|7cAd|9sTs|2s8h/6s4hKd:-50|-200|0|0|250|0:Bill|MrOrange|Pluribus|ORen|Hattori|MrBlue
STATE:160:ffr225fff:9h4h|Kc6d|Ac6h|As7c|QcTs|6c8d:-50|-100|0|0|150|0:MrOrange|Pluribus|ORen|Hattori|MrBlue|Bill
STATE:161:ffr225ffc/cc/cc/r375c:Td3s|JhAc|3c2d|4c7h|TsAd|Ks4s/5hQh9d/5s/9s:-50|25|0|0|25|0:Pluribus|ORen|Hattori|MrBlue|Bill|MrOrange
STATE:162:ffr200fr800fc/cr1300c/r3500c/r10000f:JhKh|2h3d|3c6c|2dTs|QsAs|2cJc/AdTc9d/Th/8c:3600|-100|0|0|-3500|0:ORen|Hattori|MrBlue|Bill|MrOrange|Pluribus
STATE:163:ffffr250r750c/cr1775c/cr4025c/cr10000f:7sAs|Td5s|8dJc|4h3c|3d8s|7cQs/4s6c7h/Kc/9d:-4025|4025|0|0|0|0:Hattori|MrBlue|Bill|MrOrange|Pluribus|ORen
STATE:164:r200r681ffffc/cr1437c/cc/r1537f:3cAd|Qd2c|8hKh|7h6h|8c5d|AhJs/8sTc4d/Qs/4h:-50|-100|1587|-1437|0|0:MrBlue|Bill|MrOrange|Pluribus|ORen|Hattori
STATE:165:ffr200fr850fc/r1300c/cc/r4000r10000f:AhQh|7s5h|6sKd|8c2s|QdAs|Ts3s/8s8d3h/5c/Qc:-4000|-100|0|0|4100|0:Bill|MrOrange|Pluribus|ORen|Hattori|MrBlue
STATE:166:ffr225fr1100fc/r1850f:AcQd|8s7s|6d3c|ThJs|7h6h|3s2h/Jd2sKh:1200|-100|0|0|-1100|0:MrOrange|Pluribus|ORen|Hattori|MrBlue|Bill
STATE:167:ffr225fff:3d8h|2h9c|4c3h|5cQd|8dAd|9sTd:-50|-100|0|0|150|0:Pluribus|ORen|Hattori|MrBlue|Bill|MrOrange
STATE:168:fffr225cc/ccc/ccc/r1025ff:AdTh|9sTd|Qs5h|7d9c|7cKs|9h8s/3h6c2d/2h/Tc:450|-225|0|0|0|-225:ORen|Hattori|MrBlue|Bill|MrOrange|Pluribus
STATE:169:r225ffffc/cr375f:Jh7s|7hJs|KcQd|6sTh|5d3s|6c3h/9d2h2d:-50|-225|275|0|0|0:Hattori|MrBlue|Bill|MrOrange|Pluribus|ORen
STATE:170:fr200fffc/cr425f:7c5d|6sAh|Jd9s|7h8h|4s3d|8dQd/2cKh8s:-50|-200|0|250|0|0:MrBlue|Bill|MrOrange|Pluribus|ORen|Hattori
STATE:171:fffr225r950fc/r1950c/cr3950f:8hAh|9d3d|Tc2d|6sTs|3s7d|4h7h/7c5h2s/2c:-1950|-100|0|0|0|2050:Bill|MrOrange|Pluribus|ORen|Hattori|MrBlue
STATE:172:ffr225ffc/cc/cc/r725f:5hAc|4sKs|6d8c|9h2d|8hTh|6h4h/Qd3hJd/5c/2c:-50|275|0|0|-225|0:MrOrange|Pluribus|ORen|Hattori|MrBlue|Bill
STATE:173:fffr200cf/cc/r700c/cr1255f:JdAd|8h4h|9h2d|Jc6d|2s9d|5d3d/Ts9c7d/Qd/Qc:-700|-100|0|0|0|800:Pluribus|ORen|Hattori|MrBlue|Bill|MrOrange
STATE:174:fffff:7d3c|Qc6c|Qd2d|Kc4h|Qh6d|3d8c:-50|50|0|0|0|0:ORen|Hattori|MrBlue|Bill|MrOrange|Pluribus
STATE:175:fr200fffc/cr350f:3dJc|6hQc|8h7s|8sQs|7d6s|Jh6c/2hAs4s:-50|-200|0|250|0|0:Hattori|MrBlue|Bill|MrOrange|Pluribus|ORen
STATE:176:fffr225fc/cc/cr425f:3cAd|9cKc|4c9h|3hKh|Qd4h|JhTs/5s6h6s/Th:-50|-225|0|0|0|275:MrBlue|Bill|MrOrange|Pluribus|ORen|Hattori
STATE:177:ffr200fr850ff:9d9c|9h7s|3dKh|8s6c|Ah8d|2h6d:300|-100|0|0|-200|0:Bill|MrOrange|Pluribus|ORen|Hattori|MrBlue
STATE:178:fffr250ff:Kd5c|6c8s|JdKh|TsJh|2sQs|Ah7d:-50|-100|0|0|0|150:MrOrange|Pluribus|ORen|Hattori|MrBlue|Bill
STATE:179:fr225ffff:9dKh|2c4d|2dTh|9cJc|Kd7h|8s3d:-50|-100|0|150|0|0:Pluribus|ORen|Hattori|MrBlue|Bill|MrOrange
STATE:180:ffr200ffc/cc/cc/r350c:5cKs|8d7h|9h3h|Ac4s|JsAs|3d9s/7d2c9d/Ts/Td:-50|400|0|0|-350|0:ORen|Hattori|MrBlue|Bill|MrOrange|Pluribus
STATE:181:ffffcc/r200c/r800f:Qc8c|4c6c|6hTc|4h7d|2cAh|Jh3d/Kc3hJc/Td:200|-200|0|0|0|0:Hattori|MrBlue|Bill|MrOrange|Pluribus|ORen
STATE:182:fr200fr770fff:7sQs|4d2h|Jc3c|JsKh|3d2s|KsKc:-50|-100|0|-200|0|350:MrBlue|Bill|MrOrange|Pluribus|ORen|Hattori
STATE:183:ffffr300c/r600f:Ah4h|7hKs|Kd9c|7cQd|6sTs|5sJh/2h4dTd:300|-300|0|0|0|0:Bill|MrOrange|Pluribus|ORen|Hattori|MrBlue
STATE:184:ffr225fr1100ff:3dAd|TsKc|Ks9h|5h7h|Qd5d|Qc6c:325|-100|0|0|-225|0:MrOrange|Pluribus|ORen|Hattori|MrBlue|Bill
STATE:185:r200ffffc/cr600f:JhQd|9dQs|JsAh|As5h|6c6s|4c2d/JdAd5s:-50|-200|250|0|0|0:Pluribus|ORen|Hattori|MrBlue|Bill|MrOrange
STATE:186:fr225ffff:4sKd|7s3c|5h3h|7c6c|2h9c|Qh6d:-50|-100|0|150|0|0:ORen|Hattori|MrBlue|Bill|MrOrange|Pluribus
STATE:187:ffffr250r750f:9dQs|2c6h|9c3d|7c6s|4dJs|3c8d:-250|250|0|0|0|0:Hattori|MrBlue|Bill|MrOrange|Pluribus|ORen
STATE:188:ffffcr350c/cr875c/cr1750c/cc:6sAc|7s7d|Js8d|9cKs|Jd8c|6hKc/5c7c8h/9h/6d:0|0|0|0|0|0:MrBlue|Bill|MrOrange|Pluribus|ORen|Hattori
STATE:189:ffr200fff:7h8d|2d3h|4dKh|3c6h|KcTs|Th6c:-50|-100|0|0|150|0:Bill|MrOrange|Pluribus|ORen|Hattori|MrBlue
STATE:190:r200ffr725fff:5hJc|6c4d|3c3s|Ac9d|Kh5d|KsAd:-50|-100|-200|0|0|350:MrOrange|Pluribus|ORen|Hattori|MrBlue|Bill
STATE:191:ffffr250c/cc/r375f:Ac3c|Qh2h|9s3h|3s2d|Ks4d|5c7d/Ah8dKc/Jc:250|-250|0|0|0|0:Pluribus|ORen|Hattori|MrBlue|Bill|MrOrange
STATE:192:fffr225fc/cc/r725f:3h6c|TdKh|TsQc|Kd5h|7h2d|5sAs/KsQd9h/4c:-50|275|0|0|0|-225:ORen|Hattori|MrBlue|Bill|MrOrange|Pluribus
STATE:193:fffr200r1000ff:7s6s|4d8c|5c8h|9cKs|8s5s|Qs9h:300|-100|0|0|0|-200:Hattori|MrBlue|Bill|MrOrange|Pluribus|ORen
STATE:194:ffffr300f:6d6h|Kc4s|2c8d|4d8h|As9c|Tc3c:100|-100|0|0|0|0:MrBlue|Bill|MrOrange|Pluribus|ORen|Hattori
STATE:195:r225fffff:8c3h|4d3c|JcJh|Qd6c|7cTd|Kh9d:-50|-100|150|0|0|0:Bill|MrOrange|Pluribus|ORen|Hattori|MrBlue
STATE:196:ffr225fff:2d3c|3d5s|4s8d|5hAd|7d6d|JhQd:-50|-100|0|0|150|0:MrOrange|Pluribus|ORen|Hattori|MrBlue|Bill
STATE:197:ffr225ffc/cc/cc/cc:4c3d|3h3s|9s7c|8c9h|8sJs|4h2d/KhJcAh/6s/5s:-50|-225|0|0|275|0:Pluribus|ORen|Hattori|MrBlue|Bill|MrOrange
STATE:198:fr225fcff/cc/cc/r675f:2c9d|7sTc|TdAs|2dAd|Jc3d|7hAh/Kh3sTh/8c/Jd:-50|-100|0|375|0|-225:ORen|Hattori|MrBlue|Bill|MrOrange|Pluribus
STATE:199:fffr200r1000ff:AhKd|Jc5s|7sJs|7cTd|2c3d|8dQd:300|-100|0|0|0|-200:Hattori|MrBlue|Bill|MrOrange|Pluribus|ORen
STATE:200:fr250fffc/cr525f:TsAh|7cAc|7s5h|QdJh|9sKs|Ad4s/6s3sKd:-50|-250|0|300|0|0:MrBlue|Bill|MrOrange|Pluribus|ORen|Hattori
STATE:201:ffffr300c/cc/cc/cc:Ad5h|Ah9d|3d9s|Jd6h|3cKd|8cJs/7cJcTd/2s/7s:0|0|0|0|0|0:Bill|MrOrange|Pluribus|ORen|Hattori|MrBlue
STATE:202:fr200fcfc/cr365cf/cr715f:6sJd|Tc4c|Th4d|2h2d|8h3c|AdQh/8s5h8d/Qd:-50|-200|0|-365|0|615:MrOrange|Pluribus|ORen|Hattori|MrBlue|Bill
STATE:203:fffr200cc/ccc/cr1100fc/cr4700c:Tc8c|9c7c|Qs5h|4c5d|2sAd|Ac7s/Jh8dTs/4h/6d:-4700|4900|0|0|0|-200:Pluribus|ORen|Hattori|MrBlue|Bill|MrOrange
STATE:204:fr225ffff:3d4h|4d7h|2d5s|AsQd|9s3h|7c6s:-50|-100|0|150|0|0:ORen|Hattori|MrBlue|Bill|MrOrange|Pluribus
STATE:205:fffr200r1000fc/cc/cc/cc:7s6s|Qh5c|8s9h|Jd9c|Kh3d|7d7c/6hAc3h/Jc/Kd:-1000|-100|0|0|0|1100:Hattori|MrBlue|Bill|MrOrange|Pluribus|ORen
STATE:206:ffffcr350f:9d4h|Kd2h|3c7c|8h3d|9hKs|As2c:-100|100|0|0|0|0:MrBlue|Bill|MrOrange|Pluribus|ORen|Hattori
STATE:207:ffffr300c/cc/cc/r750c:5sQs|ThQh|7hKd|9d8h|6dKc|9c4d/QdAcAd/6h/Qc:0|0|0|0|0|0:Bill|MrOrange|Pluribus|ORen|Hattori|MrBlue
STATE:208:r200ffffc/cc/cc/r425f:2c5h|9cJd|KhTh|4c6d|KdQh|3s7h/6s6h3d/5d/9d:-50|250|-200|0|0|0:MrOrange|Pluribus|ORen|Hattori|MrBlue|Bill
STATE:209:ffr225fff:8s3d|8d4c|5d7c|9h7s|JhTs|3cJs:-50|-100|0|0|150|0:Pluribus|ORen|Hattori|MrBlue|Bill|MrOrange
STATE:210:ffffcc/cc/cc/r250r770f:9s7d|2dTh|As4h|6s8d|7hTd|9d5h/2sJh3d/4d/Tc:-250|250|0|0|0|0:ORen|Hattori|MrBlue|Bill|MrOrange|Pluribus
STATE:211:r225cfffc/ccc/cr587cf/r1311f:6sTd|QsJc|8cAc|8h8s|Th5d|6h9d/5s7hKs/2c/9c:-50|-225|862|-587|0|0:Hattori|MrBlue|Bill|MrOrange|Pluribus|ORen
STATE:212:ffffcc/cc/r250c/r632c:KhKd|7c2h|5s8c|3d6s|8s2d|5h6d/7dQd4h/Qc/3c:632|-632|0|0|0|0:MrBlue|Bill|MrOrange|Pluribus|ORen|Hattori
STATE:213:fr200fffc/cc/cc/cr350f:6dKh|As2d|4s8d|AhTh|3h9d|4h5d/Qd9c2s/4c/Ts:-50|-200|0|250|0|0:Bill|MrOrange|Pluribus|ORen|Hattori|MrBlue
STATE:214:fffr250fc/cc/cr525c/cr1075c:9hQs|7hAh|2c8s|5h7c|9sQh|JdJs/Jc2h7s/5c/3c:-50|-1075|0|0|0|1125:MrOrange|Pluribus|ORen|Hattori|MrBlue|Bill
STATE:215:fffr200fc/cc/r500f:6dTs|9h8d|2h7s|3c5h|Tc5c|KcKd/9cAcJs/9s:-50|250|0|0|0|-200:Pluribus|ORen|Hattori|MrBlue|Bill|MrOrange
STATE:216:r225ffcff/cr825f:6hTh|Qh5s|9c9s|Ks7h|Tc9h|8sTs/Jh3dAs:-50|-100|-225|0|0|375:ORen|Hattori|MrBlue|Bill|MrOrange|Pluribus
STATE:217:r225ffffc/cr475c/cc/cr1225c:As4h|JcJd|KcQd|8c5c|6c2h|Ks3s/Ad9cTs/8h/Js:-50|-1225|1275|0|0|0:Hattori|MrBlue|Bill|MrOrange|Pluribus|ORen
STATE:218:r200fffff:5dJc|2c3h|6d7d|5s4d|9d5h|9hQc:-50|-100|150|0|0|0:MrBlue|Bill|MrOrange|Pluribus|ORen|Hattori
STATE:219:r200fffff:8d4s|3h5c|KhTh|4hJs|Kc8s|Tc8h:-50|-100|150|0|0|0:Bill|MrOrange|Pluribus|ORen|Hattori|MrBlue
STATE:220:fr200fcff/cr475c/cr1300c/cr4050f:2h8s|2c4h|4cJs|JhKh|Qh2s|AhKs/9s4dKc/Ac/As:-50|-100|0|-1300|0|1450:MrOrange|Pluribus|ORen|Hattori|MrBlue|Bill
STATE:221:fffr200ff:8s5s|7s3d|2dQd|Ts4c|3s7h|QhJs:-50|-100|0|0|0|150:Pluribus|ORen|Hattori|MrBlue|Bill|MrOrange
STATE:222:fffr225fc/cr725f:7sTd|ThAc|2c5c|Ad4s|Jh3d|2s2h/7d5d8s:-50|-225|0|0|0|275:ORen|Hattori|MrBlue|Bill|MrOrange|Pluribus
STATE:223:ffffr250c/r650c/cr1625f:KhTc|2cKs|3c7c|9s7h|5dQs|8sKd/9h2d7s/2s:-650|650|0|0|0|0:Hattori|MrBlue|Bill|MrOrange|Pluribus|ORen
STATE:224:fffr225ff:4h3c|Qd4s|6d8h|9d4c|2h6c|8sKc:-50|-100|0|0|0|150:MrBlue|Bill|MrOrange|Pluribus|ORen|Hattori
STATE:225:fr200ffff:2d2h|3d4s|8d5h|AdKc|Td9s|9c6s:-50|-100|0|150|0|0:Bill|MrOrange|Pluribus|ORen|Hattori|MrBlue
STATE:226:ffr225fff:4h9d|4s7c|5cQh|8c4d|QdTc|4cTs:-50|-100|0|0|150|0:MrOrange|Pluribus|ORen|Hattori|MrBlue|Bill
STATE:227:r200fffff:KdTs|2sQc|8d7d|6dJh|3h8h|Ks3c:-50|-100|150|0|0|0:Pluribus|ORen|Hattori|MrBlue|Bill|MrOrange
STATE:228:fffff:4h8d|Ts6s|TdQh|As9h|5hTh|Kc3s:-50|50|0|0|0|0:ORen|Hattori|MrBlue|Bill|MrOrange|Pluribus
STATE:229:r225fffff:5dTc|2sJd|8hAh|ThQd|6h3d|9d6c:-50|-100|150|0|0|0:Hattori|MrBlue|Bill|MrOrange|Pluribus|ORen
STATE:230:ffr200r770fr2275ff:2sKh|KdAd|8hTd|6d9c|3h3d|QcAh:-50|1020|0|0|-200|-770:MrBlue|Bill|MrOrange|Pluribus|ORen|Hattori
STATE:231:fffff:5s8h|3cKs|Qh2d|8d9c|Qs5c|3s9h:-50|50|0|0|0|0:Bill|MrOrange|Pluribus|ORen|Hattori|MrBlue
STATE:232:fr200fffc/cc/cc/r1100f:Qh6c|7s9s|4h8s|ThTs|6d8h|3hKd/Qc7hAs/4s/3s:-50|250|0|-200|0|0:MrOrange|Pluribus|ORen|Hattori|MrBlue|Bill
STATE:233:fffff:Qd2h|Ah2c|4d9h|KhTd|2dQh|3cJh:-50|50|0|0|0|0:Pluribus|ORen|Hattori|MrBlue|Bill|MrOrange
STATE:234:ffffr300c/cc/r650c/cr2550f:4h4d|8dJc|Td7s|Ad9s|2sKs|7d6c/6sAc3c/2c/2d:-650|650|0|0|0|0:ORen|Hattori|MrBlue|Bill|MrOrange|Pluribus