STATE:31:fr225fr720ffc/cc/cc/cr1515f:7sTd|As5d|6dKd|8d8h|7hQc|QdQs/9s6hJs/Kh/5s:-50|-100|0|-720|0|870:MrWhite|MrOrange|Hattori|MrBlue|Pluribus|Budd
STATE:32:ffffr250c/r400c/cr1200c/cr2400f:8c8d|7hQd|5cTd|Kc6s|5h9s|3s9d/Qh5d4d/4s/6h:-1200|1200|0|0|0|0:MrOrange|Hattori|MrBlue|Pluribus|Budd|MrWhite
STATE:33:fffff:2d3d|2h7h|9sQd|2cJd|4d9d|5h7s:-50|50|0|0|0|0:Hattori|MrBlue|Pluribus|Budd|MrWhite|MrOrange
STATE:34:r225fffff:5sQc|6c2c|KhAh|Qs4c|7s8c|4hTs:-50|-100|150|0|0|0:MrBlue|Pluribus|Budd|MrWhite|MrOrange|Hattori
STATE:35:fffr225r1050ff:9c9d|5s8d|Th2c|6dKs|6s4h|Ad3s:325|-100|0|0|0|-225:Pluribus|Budd|MrWhite|MrOrange|Hattori|MrBlue
STATE:36:r200fffr1100ff:KsKh|3d8h|7dAd|Th5s|2s6s|Qs2h:300|-100|-200|0|0|0:Budd|MrWhite|MrOrange|Hattori|MrBlue|Pluribus
STATE:37:fffff:Js3c|6d2d|4c6h|As9d|6sTc|7c5s:-50|50|0|0|0|0:MrWhite|MrOrange|Hattori|MrBlue|Pluribus|Budd
STATE:38:fffr225fc/cr600c/cc/cc:Kc4s|8hQd|4c2c|3d8s|9s3s|9dAd/2h8c7c/Ah/Tc:-50|-600|0|0|0|650:MrOrange|Hattori|MrBlue|Pluribus|Budd|MrWhite
STATE:39:ffffcr350f:8d4d|3d9c|8h4c|4h7c|Jd2d|7hQs:-100|100|0|0|0|0:Hattori|MrBlue|Pluribus|Budd|MrWhite|MrOrange
STATE:40:ffffr300f:3cAs|Jh2d|8cTc|Jd3s|Ad9c|Ts5c:100|-100|0|0|0|0:MrBlue|Pluribus|Budd|MrWhite|MrOrange|Hattori
STATE:41:ffr211fff:Jh2s|5s9h|QcJs|4s5h|TsTd|8h5d:-50|-100|0|0|150|0:Pluribus|Budd|MrWhite|MrOrange|Hattori|MrBlue
STATE:42:r200fffff:Js5c|2h7d|6d6c|8c9h|2c3c|Kc8s:-50|-100|150|0|0|0:Budd|MrWhite|MrOrange|Hattori|MrBlue|Pluribus
STATE:43:fffff:Td2s|Ks8s|3sTc|4s6c|3h2d|5h6s:-50|50|0|0|0|0:MrWhite|MrOrange|Hattori|MrBlue|Pluribus|Budd
STATE:44:r225fffff:Qc2c|2s3h|KsAh|2d7s|Ac4h|7c8d:-50|-100|150|0|0|0:MrOrange|Hattori|MrBlue|Pluribus|Budd|MrWhite
STATE:45:r200r720r1615ffffc/cr3405f:9s4h|Jd3c|8sKs|QdQc|KdKh|Ts9d/8h5c6h:-50|-100|-200|-1615|1965|0:Hattori|MrBlue|Pluribus|Budd|MrWhite|MrOrange
STATE:46:fffff:6s2c|Ah8c|Jd4c|3hAc|4sKc|2d8h:-50|50|0|0|0|0:MrBlue|Pluribus|Budd|MrWhite|MrOrange|Hattori
STATE:47:ffr211ffc/cr571f:Jh4c|8d6d|9h5d|3c7c|KhQh|Ac3h/KdAsTs:-50|-211|0|0|261|0:Pluribus|Budd|MrWhite|MrOrange|Hattori|MrBlue
STATE:48:r200fffff:8cKh|4s3h|QhKd|2sAd|5cAh|6hQs:-50|-100|150|0|0|0:Budd|MrWhite|MrOrange|Hattori|MrBlue|Pluribus
STATE:49:ffr225ffc/cr475c/cc/r2030f:3s6s|TcQs|2s5h|Jc4d|3dAd|9s2d/Kd7cKc/Jh/4s:-50|525|0|0|-475|0:MrWhite|MrOrange|Hattori|MrBlue|Pluribus|Budd
STATE:50:fffff:7d8h|4d2h|TsAc|8sJd|5cAh|3h7c:-50|50|0|0|0|0:MrOrange|Hattori|MrBlue|Pluribus|Budd|MrWhite
STATE:51:r200ffffc/cr650f:3cTh|7dTs|5h5d|4h8h|Js3s|4s2d/6dJhKh:-50|-200|250|0|0|0:Hattori|MrBlue|Pluribus|Budd|MrWhite|MrOrange
STATE:52:fffr225cr1237fc/cc/cc/cr6635f:7c7h|5d6d|Qh6c|9c3d|Ac7s|Kc8c/Kd2d4h/Qd/3h:-1237|1462|0|0|0|-225:MrBlue|Pluribus|Budd|MrWhite|MrOrange|Hattori
STATE:53:r225fffff:Th5c|2s7d|8dJd|Tc4s|6hAd|Js8c:-50|-100|150|0|0|0:Pluribus|Budd|MrWhite|MrOrange|Hattori|MrBlue
STATE:54:ffr225ffc/cc/cr525f:Ac4d|3s9s|7c2d|9cAd|Jh9h|8hTs/6c6s4c/Th:-50|-225|0|0|275|0:Budd|MrWhite|MrOrange|Hattori|MrBlue|Pluribus
STATE:55:fr225ffff:Tc7s|Js7c|3s7h|As8s|4d4c|9d4s:-50|-100|0|150|0|0:MrWhite|MrOrange|Hattori|MrBlue|Pluribus|Budd
STATE:56:fr250fcff/cc/cr737f:Ad5h|2h5d|3dKh|TsAc|7sJc|KcTc/6s9h5s/7h:-50|-100|0|-250|0|400:MrOrange|Hattori|MrBlue|Pluribus|Budd|MrWhite
STATE:57:ffffr235r762f:6sJs|7c2s|8hJd|8sJc|9d4h|6dQh:-235|235|0|0|0|0:Hattori|MrBlue|Pluribus|Budd|MrWhite|MrOrange
STATE:58:fffr225cf/cc/cc/r637c:Td8d|3sQh|8cAh|5sAc|7cQd|9hAs/5h8h3c/9s/Ts:737|-100|0|0|0|-637:MrBlue|Pluribus|Budd|MrWhite|MrOrange|Hattori
STATE:59:r225cffff/cc/cc/cc:Jd6h|6dAh|KhKc|JhJc|Qs2c|6c8s/3dAd7c/Qd/6s:-50|-100|375|-225|0|0:Pluribus|Budd|MrWhite|MrOrange|Hattori|MrBlue
STATE:60:fr200r707fffc/cc/r1207c/r1957f:5hJc|AhTs|2c5c|JsQs|QcAs|Kd2d/8s9s5d/Jh/8c:-50|-100|0|1357|-1207|0:Budd|MrWhite|MrOrange|Hattori|MrBlue|Pluribus
STATE:61:r200fffff:ThQs|2s8s|9d8d|5c7d|9c6c|4c7s:-50|-100|150|0|0|0:MrWhite|MrOrange|Hattori|MrBlue|Pluribus|Budd
STATE:62:fffr225fc/cc/cc/r1725f:8dQh|9dJs|3s2d|5s6s|As4d|TcAh/6hQsTs/Kc/5c:-50|275|0|0|0|-225:MrOrange|Hattori|MrBlue|Pluribus|Budd|MrWhite
STATE:63:fr225ffff:9h5s|3d7c|8h2d|JhAs|8s5h|TcKs:-50|-100|0|150|0|0:Hattori|MrBlue|Pluribus|Budd|MrWhite|MrOrange
STATE:64:fr225ffff:7d2c|Ts3s|Ah5c|AdTd|7c6c|7sKd:-50|-100|0|150|0|0:MrBlue|Pluribus|Budd|MrWhite|MrOrange|Hattori
STATE:65:fffr225fc/cc/r600c/cr1537f:Qc6c|Qh4h|5d3c|5s2h|6sJs|9hTs/Tc5c3d/7h/3h:-50|-600|0|0|0|650:Pluribus|Budd|MrWhite|MrOrange|Hattori|MrBlue
STATE:66:fffr225fc/cr475c/cr1475f:6c4c|AhTc|7dTd|Ts5h|Qd9s|QcAc/2c3sJc/3c:-50|-475|0|0|0|525:Budd|MrWhite|MrOrange|Hattori|MrBlue|Pluribus
STATE:67:ffffr300c/cc/cc/cr633c:Jc9h|6hJh|6sQc|Kc2h|4dJs|5cKs/Jd7dAh/4s/8d:633|-633|0|0|0|0:MrWhite|MrOrange|Hattori|MrBlue|Pluribus|Budd
STATE:68:ffr225cff/cc/cc/cr675f:QdTc|4c7d|8d5d|8cAh|TsTd|QhKc/4d9cAd/Kh/8h:-50|-100|0|0|-225|375:MrOrange|Hattori|MrBlue|Pluribus|Budd|MrWhite
STATE:69:ffffr235c/cr435c/cr1087f:6cAd|8s4h|5hQd|8d9c|Jh4c|7cJs/ThAhKh/Jc:-435|435|0|0|0|0:Hattori|MrBlue|Pluribus|Budd|MrWhite|MrOrange
STATE:70:ffffr300c/r550c/cc/cc:6c6d|KdJs|5cKc|9s4d|JhTs|8s2d/AdAc6s/4h/9d:550|-550|0|0|0|0:MrBlue|Pluribus|Budd|MrWhite|MrOrange|Hattori
STATE:71:ffr211ffc/cr761c/cr2761c/cc:2cAs|5d5s|9d7h|2d9c|JcAc|7dTh/Jd4h2s/5c/Qs:-50|2811|0|0|-2761|0:Pluribus|Budd|MrWhite|MrOrange|Hattori|MrBlue
STATE:72:fffff:6h3c|Ah9s|Qd5h|3hAd|2hJc|2s5d:-50|50|0|0|0|0:Budd|MrWhite|MrOrange|Hattori|MrBlue|Pluribus
STATE:73:fr225ffr775fc/r2012c/r5012c/cc:JcAc|Kc3s|Kd7c|Jd9d|4sJh|7dAd/TcJs2d/8h/5h:5112|-100|0|-5012|0|0:MrWhite|MrOrange|Hattori|MrBlue|Pluribus|Budd
STATE:74:r225fr720fffc/cr1270c/cr2615f:6c6d|Kc9d|5h5d|Jh2s|AhQs|2hAc/Qc7s3s/As:-50|-100|-1270|0|1420|0:MrOrange|Hattori|MrBlue|Pluribus|Budd|MrWhite
STATE:75:r225ffr700ffc/cr1200c/cr2450f:4d9c|ThKh|JhJc|Jd6h|TcQs|KcAh/2dKs8h/As:-50|-100|-1200|0|0|1350:Hattori|MrBlue|Pluribus|Budd|MrWhite|MrOrange
STATE:76:fffr225ff:2s6d|5h8s|6h8d|Ks4s|7dAs|JsKd:-50|-100|0|0|0|150:MrBlue|Pluribus|Budd|MrWhite|MrOrange|Hattori
STATE:77:fr200fffc/cc/cc/cc:2sTc|7d6d|6c4d|AsQd|Kc3c|2h5s/Kh9hTs/5d/4c:-50|-200|0|250|0|0:Pluribus|Budd|MrWhite|MrOrange|Hattori|MrBlue
STATE:78:fffr250fc/cr525c/cc/cr1350f:Jc7d|Ah7c|9sAc|3sTc|3hTs|6h6c/5sQd5c/4c/Qc:-50|-525|0|0|0|575:Budd|MrWhite|MrOrange|Hattori|MrBlue|Pluribus
STATE:79:fffff:4h9s|4dJc|Ac9h|8d3d|Tc2d|7d3c:-50|50|0|0|0|0:MrWhite|MrOrange|Hattori|MrBlue|Pluribus|Budd
STATE:80:r225ffffc/cr425c/cc/cc:7hQh|AdTs|8cKc|6d5s|Qs8s|Jc2h/Ks3s9s/9h/8h:-50|-425|475|0|0|0:MrOrange|Hattori|MrBlue|Pluribus|Budd|MrWhite
STATE:81:fr225fffc/cc/cc/r1150f:7cJc|5h4h|3dTc|6d5d|9cTd|Qc8c/TsJsJh/Kd/6s:-50|275|0|-225|0|0:Hattori|MrBlue|Pluribus|Budd|MrWhite|MrOrange
STATE:82:fffff:Jc5h|7c4d|4h8s|Ts2d|2s7s|4sQh:-50|50|0|0|0|0:MrBlue|Pluribus|Budd|MrWhite|MrOrange|Hattori
STATE:83:r225cffcc/cccr625r2325fff:JdTd|5h9h|7c8c|AhAc|9s6d|As4d/8h3dKd:1075|-225|-225|-625|0|0:Pluribus|Budd|MrWhite|MrOrange|Hattori|MrBlue
STATE:84:fffr225fc/cc/r475c/cc:5cAd|Kh3h|8s3d|9h5h|6hQc|8h8d/KcQh3s/Ks/As:-50|525|0|0|0|-475:Budd|MrWhite|MrOrange|Hattori|MrBlue|Pluribus
STATE:85:fffr250ff:Ks9d|8h6d|Th6s|Jc2d|8dJh|9s8s:-50|-100|0|0|0|150:MrWhite|MrOrange|Hattori|MrBlue|Pluribus|Budd
STATE:86:fffff:6sAd|7s5s|5dQs|Jh8s|7d6h|Tc4c:-50|50|0|0|0|0:MrOrange|Hattori|MrBlue|Pluribus|Budd|MrWhite
STATE:87:r250cffcc/cccr600cfc/ccc/ccc:TcTs|7c9d|2dAd|AcJc|8h6d|Qd8d/Js4s3c/4h/6h:-600|-250|-600|1450|0|0:Hattori|MrBlue|Pluribus|Budd|MrWhite|MrOrange
STATE:88:ffffr300r1500f:Ac3d|Kh7d|9h5c|7sJc|Ts8s|2dJd:-300|300|0|0|0|0:MrBlue|Pluribus|Budd|MrWhite|MrOrange|Hattori
STATE:89:r225ffffc/cc/cc/r725f:9cJs|3s7s|JhAc|5dKd|Td6s|Kh5h/9hTc2d/2h/Qd:-50|275|-225|0|0|0:Pluribus|Budd|MrWhite|MrOrange|Hattori|MrBlue
STATE:90:ffffr300r900r2700r10000c///:AhAd|9h9s|4cAs|7dQd|Kc8d|3s7s/Qc2dKh/Jd/Qs:10000|-10000|0|0|0|0:Budd|MrWhite|MrOrange|Hattori|MrBlue|Pluribus
STATE:91:r200cfcff/cr575cf/cr1325c/cr3875f:5d2d|8s3d|QsKh|7d8d|2c8c|4h4d/8h5c4s/4c/Td:-50|-100|-200|-1325|0|1675:MrWhite|MrOrange|Hattori|MrBlue|Pluribus|Budd
STATE:92:fffr225ff:8cKd|6sQh|Ad4s|7s5h|6cKh|ThTc:-50|-100|0|0|0|150:MrOrange|Hattori|MrBlue|Pluribus|Budd|MrWhite
STATE:93:r225ffffc/cr475c/r825f:9h6d|Qd8d|Ad3d|7dQc|9cAc|4dKd/8hKh7h/6h:-50|525|-475|0|0|0:Hattori|MrBlue|Pluribus|Budd|MrWhite|MrOrange
STATE:94:r225fffff:5h4c|3s8c|2hAh|Js6c|TsKh|Qs2s:-50|-100|150|0|0|0:MrBlue|Pluribus|Budd|MrWhite|MrOrange|Hattori
STATE:95:ffffr275f:7dAc|3c8s|5d9s|4dJc|6dAh|3dJh:100|-100|0|0|0|0:Pluribus|Budd|MrWhite|MrOrange|Hattori|MrBlue
STATE:96:fffr225ff:7h3d|6c8d|TdJs|4cTc|5dKs|9dKd:-50|-100|0|0|0|150:Budd|MrWhite|MrOrange|Hattori|MrBlue|Pluribus
STATE:97:fr225fcr1000fcc/ccc/r2000ff:6c7c|Jh6d|5sAh|3d3c|5cQs|9d9c/5hQhAd/4d:2100|-100|0|-1000|0|-1000:MrWhite|MrOrange|Hattori|MrBlue|Pluribus|Budd
STATE:98:r225fffff:6sAc|5d9s|AsKc|3sTh|Kh6h|7cTd:-50|-100|150|0|0|0:MrOrange|Hattori|MrBlue|Pluribus|Budd|MrWhite
STATE:99:ffffr235r769f:7d8c|8s2d|5d2c|6hJs|Jh9c|4sAc:-235|235|0|0|0|0:Hattori|MrBlue|Pluribus|Budd|MrWhite|MrOrange
STATE:100:ffffr300c/cc/r750c/r2900f:Js9h|3sKs|9cQh|3cQc|Td4d|6h9d/6sAdKc/5s/8h:750|-750|0|0|0|0:MrBlue|Pluribus|Budd|MrWhite|MrOrange|Hattori
STATE:101:fffr225r1050ff:AhJs|6dJc|3h5h|Ts5c|2sKs|TdJh:325|-100|0|0|0|-225:Pluribus|Budd|MrWhite|MrOrange|Hattori|MrBlue
STATE:102:ffr225fff:8d7c|6c8h|QsJh|7sAc|8cAh|Td6h:-50|-100|0|0|150|0:Budd|MrWhite|MrOrange|Hattori|MrBlue|Pluribus
STATE:103:fffr250ff:9c3h|3s5h|Jh8h|JdQh|9sJc|4c5c:-50|-100|0|0|0|150:MrWhite|MrOrange|Hattori|MrBlue|Pluribus|Budd
STATE:104:ffr225fff:9cKh|6hJs|9sQc|7c4c|KdAd|5d2s:-50|-100|0|0|150|0:MrOrange|Hattori|MrBlue|Pluribus|Budd|MrWhite
STATE:105:fffff:2hQc|5hAh|Ts7c|2d4d|3s6d|6h8s:-50|50|0|0|0|0:Hattori|MrBlue|Pluribus|Budd|MrWhite|MrOrange
STATE:106:fffr225cc/ccc/cr562cf/cr2312c:9s9d|Kc4c|Jh6s|Kh5c|7c3c|TdTc/Jd7sKd/2d/Qs:-225|2537|0|0|0|-2312:MrBlue|Pluribus|Budd|MrWhite|MrOrange|Hattori
STATE:107:ffr211ffc/cr311c/cc/cc:Kh5c|4d4h|Jh6s|4c2h|AsKc|TcAd/QhQd9s/Ts/2s:-50|361|0|0|-311|0:Pluribus|Budd|MrWhite|MrOrange|Hattori|MrBlue
STATE:108:ffr225fff:Ah6d|4sKc|TcJs|7cQs|QhAd|7d4h:-50|-100|0|0|150|0:Budd|MrWhite|MrOrange|Hattori|MrBlue|Pluribus
STATE:109:ffr200ffc/cc/cr312f:Ah4s|TdJh|Ac2d|Th6d|TsQs|2h6s/3s6h3c/As:-50|-200|0|0|250|0:MrWhite|MrOrange|Hattori|MrBlue|Pluribus|Budd
STATE:110:ffffr250f:AcAh|7c3s|6h5s|5d6s|9h3d|8h7s:100|-100|0|0|0|0:MrOrange|Hattori|MrBlue|Pluribus|Budd|MrWhite
STATE:111:r200fffcc/ccc/r400fr900c/cc:AdQc|Kd9s|JhAh|4dKc|JcQd|2c8h/9hTdJd/Js/7c:-900|-200|1100|0|0|0:Hattori|MrBlue|Pluribus|Budd|MrWhite|MrOrange
STATE:112:fr225ffff:2cKs|Js2h|Jc6s|3h4h|3c7s|ThQs:-50|-100|0|150|0|0:MrBlue|Pluribus|Budd|MrWhite|MrOrange|Hattori
STATE:113:ffffcc/cc/cc/cc:Kc5s|2s5c|4d2c|Tc7c|2dTs|8dTh/Jc9hAd/9s/8h:100|-100|0|0|0|0:Pluribus|Budd|MrWhite|MrOrange|Hattori|MrBlue
STATE:114:ffr225fff:3sTc|3cKd|5sJs|Qh9s|7sKs|9h4h:-50|-100|0|0|150|0:Budd|MrWhite|MrOrange|Hattori|MrBlue|Pluribus
STATE:115:fffff:8h7s|3cQh|5sKh|Ts2s|6h2h|6dJc:-50|50|0|0|0|0:MrWhite|MrOrange|Hattori|MrBlue|Pluribus|Budd
STATE:116:fffff:Ts5d|8c5s|Kh7h|Qs5h|7c3d|6hTc:-50|50|0|0|0|0:MrOrange|Hattori|MrBlue|Pluribus|Budd|MrWhite
STATE:117:fffr224fc/cr374c/cc/cc:Ad5s|6h6d|Ah2c|Jh3s|2sTd|TcTs/9hAs4d/7d/Kc:-50|-374|0|0|0|424:Hattori|MrBlue|Pluribus|Budd|MrWhite|MrOrange
STATE:118:cfffcc/cr250ff:4h5d|QhJd|Th4s|9dQc|6d2c|8d5c/9h7h7s:-100|200|-100|0|0|0:MrBlue|Pluribus|Budd|MrWhite|MrOrange|Hattori
STATE:119:fffr225ff:7c9c|2sTd|6s4s|Tc7h|Qd3d|6c8c:-50|-100|0|0|0|150:Pluribus|Budd|MrWhite|MrOrange|Hattori|MrBlue
STATE:120:r200fffff:8s5h|3sQc|3cAc|8c6s|7s2c|5s4d:-50|-100|150|0|0|0:Budd|MrWhite|MrOrange|Hattori|MrBlue|Pluribus
STATE:121:ffr225fff:4s5h|Kd8c|6dKc|5dJh|7d7s|2cQs:-50|-100|0|0|150|0:MrWhite|MrOrange|Hattori|MrBlue|Pluribus|Budd
STATE:122:fr225ffff:Kh4c|5c2s|5sJh|Ac6c|9h5h|4s3d:-50|-100|0|150|0|0:MrOrange|Hattori|MrBlue|Pluribus|Budd|MrWhite
STATE:123:ffffr235f:7dTd|3h7c|8h9d|6dAh|Kc2s|Qd2d:100|-100|0|0|0|0:Hattori|MrBlue|Pluribus|Budd|MrWhite|MrOrange
STATE:124:r225fcffr1312fc/r2036f:4h7d|QcAc|Ah7h|QhKd|TdTs|TcJh/AsJc2s:-50|1587|-225|0|-1312|0:MrBlue|Pluribus|Budd|MrWhite|MrOrange|Hattori
STATE:125:fr215fcff/cr505c/cr2355c/cc:8d7h|6hKd|7d5c|ThTc|5h4c|JdJh/6c3d2s/3c/Ad:-50|-100|0|-2355|0|2505:Pluribus|Budd|MrWhite|MrOrange|Hattori|MrBlue
STATE:126:fffr200fc/cr425c/cc/cc:4h9s|7sAh|7cKc|Td6c|3sTh|4cQc/4s9c9h/Ts/2h:-50|-425|0|0|0|475:Budd|MrWhite|MrOrange|Hattori|MrBlue|Pluribus
STATE:127:fr225ffff:8hQs|Qd3h|6d7s|AhQc|4d5s|8s5c:-50|-100|0|150|0|0:MrWhite|MrOrange|Hattori|MrBlue|Pluribus|Budd
STATE:128:fr200r700fffc/cc/cc/r1862f:JdAh|8h4s|4d5s|TcQc|AdTd|2s9h/7s6c9s/Jh/4h:-50|-100|0|850|-700|0:MrOrange|Hattori|MrBlue|Pluribus|Budd|MrWhite
STATE:129:r200ffffc/cc/cc/cr425r2350f:Th8s|3s5c|KsJd|7sQh|2c9s|8h6c/3cJs7c/4d/2s:-50|475|-425|0|0|0:Hattori|MrBlue|Pluribus|Budd|MrWhite|MrOrange
STATE:130:fffr225fc/cc/cc/cc:2hJc|Kh5s|3dKs|6hQs|6d7c|TsKc/8hAs8d/4c/Jh:-50|25|0|0|0|25:MrBlue|Pluribus|Budd|MrWhite|MrOrange|Hattori
STATE:131:ffffr200r700f:6cAh|2cQc|8s3s|6hJs|Kh9d|3h8d:-200|200|0|0|0|0:Pluribus|Budd|MrWhite|MrOrange|Hattori|MrBlue
STATE:132:fr200fffc/cr310f:6c2s|As3h|2hQs|QcAh|Kc3c|9cKs/2dThJs:-50|-200|0|250|0|0:Budd|MrWhite|MrOrange|Hattori|MrBlue|Pluribus
STATE:133:ffr200ffc/cr425f:TcJd|TsKd|6hQh|3sAc|TdKs|5h7d/Qs7c4c:-50|-200|0|0|250|0:MrWhite|MrOrange|Hattori|MrBlue|Pluribus|Budd
STATE:134:fffff:3s6s|KcAs|4d7d|Qc2d|3h7s|Td5h:-50|50|0|0|0|0:MrOrange|Hattori|MrBlue|Pluribus|Budd|MrWhite
STATE:135:r250fffff:3d7s|2cTs|AcAd|2s7h|Qd6s|As5d:-50|-100|150|0|0|0:Hattori|MrBlue|Pluribus|Budd|MrWhite|MrOrange
STATE:136:fr225fcr1350ffc/cr2100c/cr5100c/cc:KcAc|4d8h|Ah6d|JcAs|Ad9s|JsKs/6c6s9c/Qh/5s:5425|-100|0|-225|0|-5100:MrBlue|Pluribus|Budd|MrWhite|MrOrange|Hattori
STATE:137:r225fffcc/ccc/ccc/ccc:As9s|Ad9h|3c3h|Qc5s|4d9d|7sJc/2cJs4c/5d/Kd:-225|-225|450|0|0|0:Pluribus|Budd|MrWhite|MrOrange|Hattori|MrBlue
STATE:138:fffr200ff:KsTc|5s3d|Qs4h|6c8s|4d9c|KhTs:-50|-100|0|0|0|150:Budd|MrWhite|MrOrange|Hattori|MrBlue|Pluribus
STATE:139:ffr200r700fff:8d7h|4c4h|Td9c|TcAh|8hJh|Ad4d:-50|-100|0|0|-200|350:MrWhite|MrOrange|Hattori|MrBlue|Pluribus|Budd
STATE:140:fffr225ff:9sQs|Jc7d|Td9c|4d8c|5dKs|AcTs:-50|-100|0|0|0|150:MrOrange|Hattori|MrBlue|Pluribus|Budd|MrWhite
STATE:141:ffffr235c/cc/cc/r385c:6cAs|Kh2s|5c7s|4hQh|9sAh|Jc7c/8hQs2c/Jd/6d:385|-385|0|0|0|0:Hattori|MrBlue|Pluribus|Budd|MrWhite|MrOrange
STATE:142:ffffcc/cc/cc/cc:Td3d|Ah6h|9h6c|2c8h|7h5h|2hAc/Th7d9d/5d/3h:100|-100|0|0|0|0:MrBlue|Pluribus|Budd|MrWhite|MrOrange|Hattori
STATE:143:r225fffcf/cc/r1325f:QcKc|Jc8s|QhAc|9dTd|5c4d|6h8c/3sTc7d/8h:325|-100|-225|0|0|0:Pluribus|Budd|MrWhite|MrOrange|Hattori|MrBlue
STATE:144:ffffr300c/r600c/r1500c/cr3750c:9sJd|9hKc|Ad8s|3sTs|4cKd|Kh4d/2h7c5c/Ks/5h:-3750|3750|0|0|0|0:Budd|MrWhite|MrOrange|Hattori|MrBlue|Pluribus
STATE:145:fffr250ff:7hTs|3sQh|7dQs|Jc9d|8h4h|9sJh:-50|-100|0|0|0|150:MrWhite|MrOrange|Hattori|MrBlue|Pluribus|Budd
STATE:146:fffr225fc/cc/cc/cc:4s6h|7cKc|5c6d|Qs3c|5h2d|AsQc/9cTh7h/5s/9h:-50|275|0|0|0|-225:MrOrange|Hattori|MrBlue|Pluribus|Budd|MrWhite
STATE:147:ffr225ffr1075c/cc/cr2725f:Kd2s|3h2h|Ad6c|9s8d|AcQc|5d8s/Ks9d6d/Tc:-50|-1075|0|0|1125|0:Hattori|MrBlue|Pluribus|Budd|MrWhite|MrOrange
STATE:148:ffr210fcc/ccc/ccc/r682cf:5hAh|Js9c|4sKc|7s8c|QcKs|Qh5d/5c6s9d/Ac/Qs:892|-682|0|0|-210|0:MrBlue|Pluribus|Budd|MrWhite|MrOrange|Hattori
STATE:149:ffr211fff:3hAc|6sJh|7sJd|9h7d|TsAd|3d7h:-50|-100|0|0|150|0:Pluribus|Budd|MrWhite|MrOrange|Hattori|MrBlue
STATE:150:r200r300fffcc/ccc/ccr900cf/cr1900r4795c:3h2h|4cAc|Ah8h|Tc9c|7dTs|Js6c/Jc8s3c/Kd/2c:-50|5145|-300|-4795|0|0:Budd|MrWhite|MrOrange|Hattori|MrBlue|Pluribus
STATE:151:ffr200ffc/cr425f:6c6h|TsQc|3cQs|6s7c|9c9d|Js2h/9s5c2c:-50|-200|0|0|250|0:MrWhite|MrOrange|Hattori|MrBlue|Pluribus|Budd
STATE:152:ffffr250c/r400c/cr700f:KhTs|8d3d|JdKc|7h2h|Js7s|4dKs/2sQs8c/Qd:-400|400|0|0|0|0:MrOrange|Hattori|MrBlue|Pluribus|Budd|MrWhite
STATE:153:ffffcr350f:Kc4d|AcTc|6sJd|Qd9c|7s3h|2d3s:-100|100|0|0|0|0:Hattori|MrBlue|Pluribus|Budd|MrWhite|MrOrange
STATE:154:r225fffff:9c2s|2cJh|KcQs|3h3d|5hKd|3s7c:-50|-100|150|0|0|0:MrBlue|Pluribus|Budd|MrWhite|MrOrange|Hattori
STATE:155:fffr225r1325ff:5h6h|3d2c|5dJh|Ad5c|4hKc|9sJd:325|-100|0|0|0|-225:Pluribus|Budd|MrWhite|MrOrange|Hattori|MrBlue
STATE:156:fr200fffc/cc/r537c/r1380f:9h3c|Th6d|2c8h|TsTd|6h7s|Kd3d/7dAc5d/4d/Jc:-50|587|0|-537|0|0:Budd|MrWhite|MrOrange|Hattori|MrBlue|Pluribus
STATE:157:fffr250fc/cr800f:Kh6h|4sJs|Qh6d|2d7c|9d2c|JcQc/KdThAc:-50|-250|0|0|0|300:MrWhite|MrOrange|Hattori|MrBlue|Pluribus|Budd
STATE:158:fr200ffr1000ff:AcJc|9c8h|9h7s|JhTd|7cQs|4dQh:300|-100|0|-200|0|0:MrOrange|Hattori|MrBlue|Pluribus|Budd|MrWhite
STATE:159:ffr225ffc/cc/r600f:6s4c|JsAc|Ks6d|5d9s|4sAs|7cTh/Jc8c6h/4d:-50|275|0|0|-225|0:Hattori|MrBlue|Pluribus|Budd|MrWhite|MrOrange
STATE:160:ffffcc/cc/cc/cc:Ah4h|7sAd|Td2c|8d9c|Th2s|4dJh/Kc8c5s/9s/Qh:0|0|0|0|0|0:MrBlue|Pluribus|Budd|MrWhite|MrOrange|Hattori
STATE:161:fr200ffff:Kh3d|9c5s|Kc8d|JdAd|As2s|Qc5c:-50|-100|0|150|0|0:Pluribus|Budd|MrWhite|MrOrange|Hattori|MrBlue
STATE:162:ffr225ffc/cr475f:3d5c|JsQs|3h6c|8c2s|JcAd|2cQc/5s7hKh:-50|-225|0|0|275|0:Budd|MrWhite|MrOrange|Hattori|MrBlue|Pluribus
STATE:163:ffr200fff:2dKd|8d6s|5dAs|Kc8c|JhKs|3c7c:-50|-100|0|0|150|0:MrWhite|MrOrange|Hattori|MrBlue|Pluribus|Budd
STATE:164:r225fffff:2hAh|7dQc|9cAc|6d4h|8h2s|Ts9d:-50|-100|150|0|0|0:MrOrange|Hattori|MrBlue|Pluribus|Budd|MrWhite
STATE:165:ffr225fff:6hAs|Qs4d|3d5h|2c9s|7cAc|KhJc:-50|-100|0|0|150|0:Hattori|MrBlue|Pluribus|Budd|MrWhite|MrOrange
STATE:166:fr225ffff:Kh3c|Qd5c|Jh5d|AdAs|5sJs|4sQc:-50|-100|0|150|0|0:MrBlue|Pluribus|Budd|MrWhite|MrOrange|Hattori
STATE:167:fr210ffff:9hAd|3hJd|5dAc|4c4h|6d7s|5h8s:-50|-100|0|150|0|0:Pluribus|Budd|MrWhite|MrOrange|Hattori|MrBlue
STATE:168:ffr225cff/cr525c/cc/cc:3dJd|6hJc|9c5s|6s7c|6d9d|4c4d/9h2c2d/7d/Qc:-50|-100|0|0|675|-525:Budd|MrWhite|MrOrange|Hattori|MrBlue|Pluribus
STATE:169:fffff:5d7d|8sJc|6c7h|4dJd|7sJh|9c6h:-50|50|0|0|0|0:MrWhite|MrOrange|Hattori|MrBlue|Pluribus|Budd
STATE:170:fffff:Kh4d|5c5d|2sQh|2h6h|8hKc|4sJs:-50|50|0|0|0|0:MrOrange|Hattori|MrBlue|Pluribus|Budd|MrWhite
STATE:171:fr225fr700fff:3d7s|Qd6s|5h7h|3cAc|4s9h|8d9d:-50|-100|0|-225|0|375:Hattori|MrBlue|Pluribus|Budd|MrWhite|MrOrange
STATE:172:fffr225fc/cc/cc/cc:6dTc|5dKh|Jh2c|Ad6c|2dKs|Ah8d/5cJd5h/5s/Qc:-50|275|0|0|0|-225:MrBlue|Pluribus|Budd|MrWhite|MrOrange|Hattori
STATE:173:r225fffff:KsTh|5s8h|KcAs|TcAd|Qc6c|4hTd:-50|-100|150|0|0|0:Pluribus|Budd|MrWhite|MrOrange|Hattori|MrBlue
STATE:174:ffr225r825fff:5c9h|2hTh|7dTs|4h5h|6d9d|JsJd:-50|-100|0|0|-225|375:Budd|MrWhite|MrOrange|Hattori|MrBlue|Pluribus
STATE:175:fffff:6cTs|Kd8s|Ah5s|Qs5d|2c3s|4d7d:-50|50|0|0|0|0:MrWhite|MrOrange|Hattori|MrBlue|Pluribus|Budd
STATE:176:ffffr300c/cr500c/cc/cc:Ad7s|Ks2c|3cKc|7c4h|2dTs|9h7d/2hAc4d/Js/9s:500|-500|0|0|0|0:MrOrange|Hattori|MrBlue|Pluribus|Budd|MrWhite
STATE:177:ffffr235c/r385f:7cAs|2dTs|8dJs|Jh6d|Th6c|6sKh/Qs5dKc:235|-235|0|0|0|0:Hattori|MrBlue|Pluribus|Budd|MrWhite|MrOrange
STATE:178:ffr210ffc/cc/cc/r445f:5h2h|Qh8c|6dKs|3hJh|9hAh|5s8h/5d8s4c/3d/Jc:-50|260|0|0|-210|0:MrBlue|Pluribus|Budd|MrWhite|MrOrange|Hattori
STATE:179:ffr211fff:9s5d|2c4s|Qh6s|7d5h|2h2d|5cQd:-50|-100|0|0|150|0:Pluribus|Budd|MrWhite|MrOrange|Hattori|MrBlue
STATE:180:ffffr300c/cc/cc/cr600f:Ad3s|Qd8d|3h5c|7h8c|2h6s|7cKs/9dJhQc/Th/4d:-300|300|0|0|0|0:Budd|MrWhite|MrOrange|Hattori|MrBlue|Pluribus
STATE:181:fffff:4sAh|ThTs|5s3c|5c7d|Qs3d|2s3s:-50|50|0|0|0|0:MrWhite|MrOrange|Hattori|MrBlue|Pluribus|Budd
STATE:182:ffr225fff:8h2h|6hQs|9s3c|Ac6s|6d6c|Ts4d:-50|-100|0|0|150|0:MrOrange|Hattori|MrBlue|Pluribus|Budd|MrWhite
STATE:183:ffr225r700fcf/cr1450f:5sTd|9sTs|7h9c|2cKs|JdAc|QcQh/QdAh6d:-50|-700|0|0|-225|975:Hattori|MrBlue|Pluribus|Budd|MrWhite|MrOrange
STATE:184:fffr225r1075ff:QdAh|3sJd|8s7c|6h2d|3c5d|9cJh:325|-100|0|0|0|-225:MrBlue|Pluribus|Budd|MrWhite|MrOrange|Hattori
