STATE:97:r200fffff:Qh4d|5sQd|7h7c|6d9h|QcJh|3hTs:-50|-100|150|0|0|0:MrBlue|MrBlonde|Eddie|Bill|Pluribus|MrOrange
STATE:98:ffffr300f:Ks7s|Td3s|ThQs|7cQc|8s9h|Kc6h:100|-100|0|0|0|0:MrBlonde|Eddie|Bill|Pluribus|MrOrange|MrBlue
STATE:99:fcfffc/cr200c/cr477f:8s5h|6dKc|Qd7s|6c4d|Ad3s|Ah9s/8d6sAs/4h:-50|-200|0|250|0|0:Eddie|Bill|Pluribus|MrOrange|MrBlue|MrBlonde
STATE:100:ffr250fff:9sTd|6h8s|6dJd|4sJh|7dAd|Js8h:-50|-100|0|0|150|0:Bill|Pluribus|MrOrange|MrBlue|MrBlonde|Eddie
STATE:101:fr250ffff:Qh8c|3s2d|Ks4s|JhAc|As6d|8d6s:-50|-100|0|150|0|0:Pluribus|MrOrange|MrBlue|MrBlonde|Eddie|Bill
STATE:102:fffr200fr925r1775f:Js3c|2c4c|Qs6h|As2d|5s3s|QhQd:-50|-925|0|0|0|975:MrOrange|MrBlue|MrBlonde|Eddie|Bill|Pluribus
STATE:103:r200fffff:5d7s|8d6c|Ac8c|3dTh|Ks9c|Jd4h:-50|-100|150|0|0|0:MrBlue|MrBlonde|Eddie|Bill|Pluribus|MrOrange
STATE:104:fffr225ff:3s9c|6h8s|Jh4d|Qc8d|7c9s|JcQs:-50|-100|0|0|0|150:MrBlonde|Eddie|Bill|Pluribus|MrOrange|MrBlue
STATE:105:ffr225ffc/cr475f:3dAs|8dKs|QhTc|8s5h|4h7h|9dKh/4sJdQc:-50|-225|0|0|275|0:Eddie|Bill|Pluribus|MrOrange|MrBlue|MrBlonde
STATE:106:ffffr300c/cc/cc/cc:Ad2c|KcJd|Kh7d|Td4s|Ac4d|Ks7h/6s7sAh/9s/3s:300|-300|0|0|0|0:Bill|Pluribus|MrOrange|MrBlue|MrBlonde|Eddie
STATE:107:ffr200r725fff:5s9s|8d5d|Ts3h|KsTh|AhTd|JcJd:-50|-100|0|0|-200|350:Pluribus|MrOrange|MrBlue|MrBlonde|Eddie|Bill
STATE:108:ffr225ffc/cr475f:2h2c|2s7s|7hJc|5s6h|AdQh|7d3d/AsKd5c:-50|-225|0|0|275|0:MrOrange|MrBlue|MrBlonde|Eddie|Bill|Pluribus
STATE:109:fr225ffcc/ccr562cf/cr1911f:TdAs|Qs5s|9h2d|5d6d|3c8d|3d3s/JhAc4d/6c:-562|-225|0|787|0|0:MrBlue|MrBlonde|Eddie|Bill|Pluribus|MrOrange
STATE:110:fffr225ff:9cKd|9h5s|As9d|4sJd|6d9s|8cKs:-50|-100|0|0|0|150:MrBlonde|Eddie|Bill|Pluribus|MrOrange|MrBlue
STATE:111:ffffcr350f:7d9s|5c6d|2c4h|Kh6c|Td8s|3hKd:-100|100|0|0|0|0:Eddie|Bill|Pluribus|MrOrange|MrBlue|MrBlonde
STATE:112:fffr222fc/cc/r469c/cc:8s5s|Ac3s|Kh3h|4s8h|Qh5d|Qd9d/8c7s7h/7c/5h:-50|519|0|0|0|-469:Bill|Pluribus|MrOrange|MrBlue|MrBlonde|Eddie
STATE:113:fffr287ff:Kc4h|9s2s|2h3s|Jd3c|Kh3d|Tc8h:-50|-100|0|0|0|150:Pluribus|MrOrange|MrBlue|MrBlonde|Eddie|Bill
STATE:114:fr200r625ffff:8dAh|9sQh|Kd6s|TdAs|KsQs|Ac3d:-50|-100|0|-200|350|0:MrOrange|MrBlue|MrBlonde|Eddie|Bill|Pluribus
STATE:115:fr225ffcf/cr637f:JsKd|4hQd|9s2h|TsTc|3hKs|6cKh/3c4c7s:-225|-100|0|325|0|0:MrBlue|MrBlonde|Eddie|Bill|Pluribus|MrOrange
STATE:116:fffr225ff:8sAc|3s4c|6cKd|5s6s|5c2s|9cKc:-50|-100|0|0|0|150:MrBlonde|Eddie|Bill|Pluribus|MrOrange|MrBlue
STATE:117:ffffcc/cc/r200c/cr325f:Th3h|Ad6h|7s2c|8c6d|4cJh|9s5c/Kh3s5s/2d/4h:-200|200|0|0|0|0:Eddie|Bill|Pluribus|MrOrange|MrBlue|MrBlonde
STATE:118:fffff:Qs4c|7c3c|Qc5h|3s2d|2h6h|2s8d:-50|50|0|0|0|0:Bill|Pluribus|MrOrange|MrBlue|MrBlonde|Eddie
STATE:119:ffffcc/cr200f:3hTh|Ad3d|8dQs|Qd5c|7s5d|4d2c/4sAc8h:-100|100|0|0|0|0:Pluribus|MrOrange|MrBlue|MrBlonde|Eddie|Bill
STATE:120:ffr225cff/r525f:8dAs|8cKd|8h6c|4sAc|TcTd|QhKh/Jc5s7c:-50|-100|0|0|375|-225:MrOrange|MrBlue|MrBlonde|Eddie|Bill|Pluribus
STATE:121:ffr225fff:Kd5h|6s5c|9h3d|5d8c|AdKc|9cTd:-50|-100|0|0|150|0:MrBlue|MrBlonde|Eddie|Bill|Pluribus|MrOrange
STATE:122:fr287ffr1100fc/cc/r2600f:JdJh|7d5d|Qd4h|AcKs|7sTs|As2d/5c6d3s/9s:1200|-100|0|-1100|0|0:MrBlonde|Eddie|Bill|Pluribus|MrOrange|MrBlue
STATE:123:r200ffffc/cc/r425f:3h2s|QhTc|Ah6h|5d4s|AsTd|Qd3d/JcJh9d/3c:-50|250|-200|0|0|0:Eddie|Bill|Pluribus|MrOrange|MrBlue|MrBlonde
STATE:124:fffff:6cTh|Ts9s|8hTc|6sQd|3s6d|7c5d:-50|50|0|0|0|0:Bill|Pluribus|MrOrange|MrBlue|MrBlonde|Eddie
STATE:125:fffff:2h3s|AsAc|Kd6h|7d6c|Ts4h|Jd8s:-50|50|0|0|0|0:Pluribus|MrOrange|MrBlue|MrBlonde|Eddie|Bill
STATE:126:ffffr325r975r2325f:AdAc|5d7h|Jc5s|6hJs|8c3d|Jd8h:975|-975|0|0|0|0:MrOrange|MrBlue|MrBlonde|Eddie|Bill|Pluribus
STATE:127:ffffr300c/cc/r750f:JhTc|Td4d|Qh5s|9s8d|2sKc|5hAd/6cQdTs/Js:300|-300|0|0|0|0:MrBlue|MrBlonde|Eddie|Bill|Pluribus|MrOrange
STATE:128:fffr225fc/cr475c/cc/cc:5dAh|Jd2d|Qs7c|Qc3h|ThQd|Ac6s/Jh4sQh/6h/Kd:-50|525|0|0|0|-475:MrBlonde|Eddie|Bill|Pluribus|MrOrange|MrBlue
STATE:129:ffr225ffc/cr475r975c/cc/cc:8hQd|7cAd|9c7s|3h6h|As9h|Kd4s/7h2c9s/Ts/3c:-50|-975|0|0|1025|0:Eddie|Bill|Pluribus|MrOrange|MrBlue|MrBlonde
STATE:130:fr225ffff:3s7d|3c6d|3dJs|KsQd|4s3h|2h5d:-50|-100|0|150|0|0:Bill|Pluribus|MrOrange|MrBlue|MrBlonde|Eddie
STATE:131:r225ffffc/cc/cc/r1113f:7h4s|5hQh|AhQc|6dKd|2sAc|7dTh/8h8d2c/Kh/9h:-50|275|-225|0|0|0:Pluribus|MrOrange|MrBlue|MrBlonde|Eddie|Bill
STATE:132:ffr225ffc/cr475c/cc/cc:2d6c|Ad2s|4cTs|5c2h|6dKd|Jh7s/6sAc3d/Th/8c:-50|525|0|0|-475|0:MrOrange|MrBlue|MrBlonde|Eddie|Bill|Pluribus
STATE:133:fffff:8d4s|2c2d|4dJd|Kh9c|8h7s|7h9s:-50|50|0|0|0|0:MrBlue|MrBlonde|Eddie|Bill|Pluribus|MrOrange
STATE:134:fffr225ff:9d6d|Jd6s|Qh2c|7s6h|Ad8c|KhQc:-50|-100|0|0|0|150:MrBlonde|Eddie|Bill|Pluribus|MrOrange|MrBlue
STATE:135:fffr250fc/cr550c/cr1350c/cr2516c:2d8h|8dAc|9s7d|Tc6d|Qh7s|9dAh/4c9cAs/6h/Jc:-50|-2516|0|0|0|2566:Eddie|Bill|Pluribus|MrOrange|MrBlue|MrBlonde
STATE:136:ffr250fff:7s6c|Qc8d|8c6h|4d7h|JcKc|5d6s:-50|-100|0|0|150|0:Bill|Pluribus|MrOrange|MrBlue|MrBlonde|Eddie
STATE:137:ffffr275c/r550c/r1650f:JhJc|TcKc|Ks4c|2c8s|8cKd|5c8d/JsAsTh/9d:550|-550|0|0|0|0:Pluribus|MrOrange|MrBlue|MrBlonde|Eddie|Bill
STATE:138:ffr225ffc/cc/r425c/r1125c:Jd9d|QdKc|5s2s|5h3c|7sQs|5cKd/Qc9s8d/4d/5d:-50|1175|0|0|-1125|0:MrOrange|MrBlue|MrBlonde|Eddie|Bill|Pluribus
STATE:139:fffr234ff:Qd5s|4c7s|Qc4h|9cQs|5dAc|9hQh:-50|-100|0|0|0|150:MrBlue|MrBlonde|Eddie|Bill|Pluribus|MrOrange
STATE:140:ffffr300f:AdTd|3hKs|5sQc|2cQd|8sAh|4c8h:100|-100|0|0|0|0:MrBlonde|Eddie|Bill|Pluribus|MrOrange|MrBlue
STATE:141:ffr225fcc/ccc/cr731ff:2cAc|QcKh|Qs9c|4d3h|6d7d|9h3c/ThQh2d/7h:-225|450|0|0|-225|0:Eddie|Bill|Pluribus|MrOrange|MrBlue|MrBlonde
STATE:142:fffr222fc/cc/r469f:8hQh|JsKc|Ts3d|Th5d|7h9d|6d8d/KsTc6c/Jh:-50|272|0|0|0|-222:Bill|Pluribus|MrOrange|MrBlue|MrBlonde|Eddie
STATE:143:ffr200r725ffc/cr1275f:2s9d|8s5c|KcJh|7dQs|AhTh|QcAd/5s5dKd:-50|-100|0|0|-725|875:Pluribus|MrOrange|MrBlue|MrBlonde|Eddie|Bill
STATE:144:fffr225fc/cr725f:As5d|2dAc|9c5s|2s9h|Qd9s|6cAd/Th5h6d:-50|-225|0|0|0|275:MrOrange|MrBlue|MrBlonde|Eddie|Bill|Pluribus
STATE:145:ffffcc/cc/r250f:6d7d|4s6c|5sTs|JsTd|2d4h|3c5h/Jc3sTh/2c:100|-100|0|0|0|0:MrBlue|MrBlonde|Eddie|Bill|Pluribus|MrOrange
STATE:146:fffr225r1050ff:JsAd|8h4c|4dKs|3sQh|8s5s|2dAs:325|-100|0|0|0|-225:MrBlonde|Eddie|Bill|Pluribus|MrOrange|MrBlue
STATE:147:ffr225fff:3cKh|2s9h|4s3d|6d7s|AhKc|Ac5d:-50|-100|0|0|150|0:Eddie|Bill|Pluribus|MrOrange|MrBlue|MrBlonde
STATE:148:fffr222fc/cr372c/r570r1265r3845f:8s7c|Ah2h|Qh3d|5c6s|2s9h|AsKh/3s9c2d/2c:-50|1315|0|0|0|-1265:Bill|Pluribus|MrOrange|MrBlue|MrBlonde|Eddie
STATE:149:ffffr250f:7h4h|5sJd|6h3c|Td5h|6sJh|2cKh:100|-100|0|0|0|0:Pluribus|MrOrange|MrBlue|MrBlonde|Eddie|Bill
STATE:150:ffr225fff:9h6s|Qd6c|QhJd|7sKd|AhJs|2hTs:-50|-100|0|0|150|0:MrOrange|MrBlue|MrBlonde|Eddie|Bill|Pluribus
STATE:151:ffffcc/cc/r250f:Qc5h|Td5c|Qs7s|6hAc|5s4c|Kh8d/4h4d9h/Jd:100|-100|0|0|0|0:MrBlue|MrBlonde|Eddie|Bill|Pluribus|MrOrange
STATE:152:fffr225fc/cr600c/r975c/r3475f:JsKh|9sJd|7dAs|2hJc|4cQd|8s4s/8cKsTc/Td/Ah:-50|1025|0|0|0|-975:MrBlonde|Eddie|Bill|Pluribus|MrOrange|MrBlue
STATE:153:fr210ffcf/cc/cc/r626f:8h8d|4d6s|3cJd|QhKs|Tc7h|7d6h/5d5cTd/7c/Ts:310|-100|0|-210|0|0:Eddie|Bill|Pluribus|MrOrange|MrBlue|MrBlonde
STATE:154:ffr255r850fff:5dTc|6h5c|7hKc|8hAd|TdQs|QdQc:-50|-100|0|0|-255|405:Bill|Pluribus|MrOrange|MrBlue|MrBlonde|Eddie
STATE:155:fffr287fr1300f:5hAs|6s7s|Ts9h|2d6h|3c9d|4cKc:-50|337|0|0|0|-287:Pluribus|MrOrange|MrBlue|MrBlonde|Eddie|Bill
STATE:156:fr200fcfc/ccc/ccr525ff:4d5d|6h4s|6dTd|TcQc|Th2d|AdQd/7h8dJd/8s:-50|-200|0|-200|0|450:MrOrange|MrBlue|MrBlonde|Eddie|Bill|Pluribus
STATE:157:r200fffcc/ccr350fr875c/r2075f:Ad3d|Kd9d|Ac9c|Jh9h|As6h|QdTc/9sKcKh/8d:-200|1075|-875|0|0|0:MrBlue|MrBlonde|Eddie|Bill|Pluribus|MrOrange
STATE:158:ffr222cfc/ccr522ff:KdTh|QcKs|As4h|Td2s|KhQs|9s9c/6d8d6c:-50|-222|0|0|-222|494:MrBlonde|Eddie|Bill|Pluribus|MrOrange|MrBlue
STATE:159:fr214fffc/cr435r1125c/cr2013f:Qd2s|As3s|6dJs|KcKh|Ad8h|Jc8c/4hTsJh/Jd:-50|-1125|0|1175|0|0:Eddie|Bill|Pluribus|MrOrange|MrBlue|MrBlonde
STATE:160:fr225cffc/cr425fr1550f:Jd9h|JsTs|4s3s|AcJh|2c2d|7dJc/KhAsKc:-50|700|0|-425|-225|0:Bill|Pluribus|MrOrange|MrBlue|MrBlonde|Eddie
STATE:161:fr255ffff:Ad5h|9s6h|4c8s|5d5c|2cAh|TcKh:-50|-100|0|150|0|0:Pluribus|MrOrange|MrBlue|MrBlonde|Eddie|Bill
STATE:162:fr200ffff:4sJd|6c2s|6s9s|Kh7h|As2h|9dQs:-50|-100|0|150|0|0:MrOrange|MrBlue|MrBlonde|Eddie|Bill|Pluribus
STATE:163:r200fffff:Qc8s|3sTh|JsAd|3dJh|9d5s|8c4d:-50|-100|150|0|0|0:MrBlue|MrBlonde|Eddie|Bill|Pluribus|MrOrange
STATE:164:ffr215ffc/cc/r605f:Ts7d|4s2s|Td4c|Qh3s|KcAd|Jd9s/3d5d6s/9h:-50|265|0|0|-215|0:MrBlonde|Eddie|Bill|Pluribus|MrOrange|MrBlue
STATE:165:fffff:2c4c|2h6h|6d3c|Qc2s|Ks2d|Js3d:-50|50|0|0|0|0:Eddie|Bill|Pluribus|MrOrange|MrBlue|MrBlonde
STATE:166:fffff:Kd2c|5d4d|3cTs|3d6c|4c9d|7d8c:-50|50|0|0|0|0:Bill|Pluribus|MrOrange|MrBlue|MrBlonde|Eddie
STATE:167:fffr287fc/cc/r1087f:4hKc|JhTh|5dTd|7d8c|2cQh|Ts7s/3c8d7h/5c:-50|337|0|0|0|-287:Pluribus|MrOrange|MrBlue|MrBlonde|Eddie|Bill
STATE:168:fffr200fc/cc/r537f:Jh5c|6c5d|Qh4s|9dAc|8c2s|TcKc/Qs8h7d/Qd:-50|250|0|0|0|-200:MrOrange|MrBlue|MrBlonde|Eddie|Bill|Pluribus
STATE:169:fffff:Ks3d|Tc3c|5h2d|Ac6h|4hAd|Kh3h:-50|50|0|0|0|0:MrBlue|MrBlonde|Eddie|Bill|Pluribus|MrOrange
STATE:170:r225r525ffffc/cr1125c/cc/r2325f:5cKc|8h4s|9c9d|AdAh|3s4d|7s8c/8dQs6h/9s/7h:-50|-100|1275|-1125|0|0:MrBlonde|Eddie|Bill|Pluribus|MrOrange|MrBlue
STATE:171:ffr225fff:Jh2s|2h9c|9s6c|8cTh|5d8d|Qs3h:-50|-100|0|0|150|0:Eddie|Bill|Pluribus|MrOrange|MrBlue|MrBlonde
STATE:172:fffr222ff:4s7s|2d6c|ThQc|7cQd|6d4c|Qh4h:-50|-100|0|0|0|150:Bill|Pluribus|MrOrange|MrBlue|MrBlonde|Eddie
STATE:173:fffr287ff:Kc4d|3hKs|ThQc|9d6d|2d4h|8s7d:-50|-100|0|0|0|150:Pluribus|MrOrange|MrBlue|MrBlonde|Eddie|Bill
STATE:174:fffff:4sTs|8dTh|8h3h|5dKh|Qd9s|Qc2s:-50|50|0|0|0|0:MrOrange|MrBlue|MrBlonde|Eddie|Bill|Pluribus
STATE:175:fffr243fr1050f:Jd8c|JcKc|5c3d|7c3c|Jh6s|5d6d:-50|293|0|0|0|-243:MrBlue|MrBlonde|Eddie|Bill|Pluribus|MrOrange
STATE:176:ffr215fff:2c2h|8sQc|6cKh|9cQd|Ah7h|5dKc:-50|-100|0|0|150|0:MrBlonde|Eddie|Bill|Pluribus|MrOrange|MrBlue
STATE:177:fffr255fc/cc/r675c/r2075f:9hQc|Tc5c|Jc3s|6cQh|2c7h|6dAh/8h9sAd/Qd/8d:-50|725|0|0|0|-675:Eddie|Bill|Pluribus|MrOrange|MrBlue|MrBlonde
STATE:178:ffr255fff:7d6c|7s9c|Kc4c|Qd6h|QhKd|7h4h:-50|-100|0|0|150|0:Bill|Pluribus|MrOrange|MrBlue|MrBlonde|Eddie
STATE:179:fr255ffcf/cr655c/cr1555f:QdKd|2d7s|2h5c|KcAd|Jc7h|7cTd/Kh6dAs/4h:-655|-100|0|755|0|0:Pluribus|MrOrange|MrBlue|MrBlonde|Eddie|Bill
STATE:180:fr200fffc/cr605c/cc/r3705f:2s8c|8h9s|Ts4d|JhQc|Ac4h|6sQs/6dJsTd/7s/5s:-50|655|0|-605|0|0:MrOrange|MrBlue|MrBlonde|Eddie|Bill|Pluribus
STATE:181:r200fffcc/ccc/r650ff:KsJc|9dQh|8h8s|JdTh|9hQs|9cKc/5dKdJs/5c:400|-200|-200|0|0|0:MrBlue|MrBlonde|Eddie|Bill|Pluribus|MrOrange
STATE:182:fr200r675fffc/cr1230f:4s7d|8c6d|Qh4h|5h5c|KhQd|5sJs/Ad8s3d:-50|-100|0|-675|825|0:MrBlonde|Eddie|Bill|Pluribus|MrOrange|MrBlue
STATE:183:r200fffr1100fr2250r10000c///:Ac5c|Td4s|AdAh|Qh2s|5s8d|Qs3d/QcKh7h/4d/Kd:-10000|-100|10100|0|0|0:Eddie|Bill|Pluribus|MrOrange|MrBlue|MrBlonde
STATE:184:fffff:3d4h|ThJc|Ts9d|4cKd|7sKc|6hQd:-50|50|0|0|0|0:Bill|Pluribus|MrOrange|MrBlue|MrBlonde|Eddie
STATE:185:ffr200cfc/ccc/ccc/ccr525fc:2sTd|3h6h|Jh8s|5d4d|6dQd|TsQs/Qc7c3d/Kh/8d:-50|-200|0|0|-525|775:Pluribus|MrOrange|MrBlue|MrBlonde|Eddie|Bill
STATE:186:fffff:8dTh|8hTc|5d2d|Ac9h|Kd7s|6c5s:-50|50|0|0|0|0:MrOrange|MrBlue|MrBlonde|Eddie|Bill|Pluribus
STATE:187:r200ffccf/cr375cf/cc/cc:Ac4c|Qc5s|AhQd|9sTd|Jc4d|KsQs/7s8s3d/Th/7h:-200|-100|675|0|0|-375:MrBlue|MrBlonde|Eddie|Bill|Pluribus|MrOrange
STATE:188:r225ffffc/cc/cc/cr475f:7s6d|Kd7d|Kc9c|4hQh|Jc3d|Ks2s/6h7cQc/2d/Ts:-50|-225|275|0|0|0:MrBlonde|Eddie|Bill|Pluribus|MrOrange|MrBlue
STATE:189:fffr255fc/cc/cc/r675f:3hTh|3sAc|7cJh|6cKd|6sJc|9hTs/5dAd4s/Kc/7s:-50|305|0|0|0|-255:Eddie|Bill|Pluribus|MrOrange|MrBlue|MrBlonde
STATE:190:fffff:5dJh|3dJs|8s7c|2cTs|Qh5h|Qs3h:-50|50|0|0|0|0:Bill|Pluribus|MrOrange|MrBlue|MrBlonde|Eddie
STATE:191:r225cr900fffr2785fc/r10000c//:6hTc|Th8s|KsKh|JdJc|AhAc|4cKd/Td2c8c/3d/Qd:-50|-100|-10000|-225|10375|0:Pluribus|MrOrange|MrBlue|MrBlonde|Eddie|Bill
STATE:192:fffff:Tc7h|2d5d|KsJc|3h7d|6c9d|8c6h:-50|50|0|0|0|0:MrOrange|MrBlue|MrBlonde|Eddie|Bill|Pluribus
STATE:193:ffffr300f:7dKd|6cQh|6dQs|6hAd|3c4h|5hJd:100|-100|0|0|0|0:MrBlue|MrBlonde|Eddie|Bill|Pluribus|MrOrange
STATE:194:r225ffcff/cr475c/cc/r1300f:3c5h|2dTs|KdKh|4cAs|8s6d|Tc7c/6h9s4d/Jc/6c:-50|-100|625|0|0|-475:MrBlonde|Eddie|Bill|Pluribus|MrOrange|MrBlue
STATE:195:ffr225fff:4h2h|3dTc|2s3h|Ks7h|JhJd|6s8d:-50|-100|0|0|150|0:Eddie|Bill|Pluribus|MrOrange|MrBlue|MrBlonde
STATE:196:fr225ffff:4hTs|2cTc|8sKs|8h6h|Jc8c|5sKh:-50|-100|0|150|0|0:Bill|Pluribus|MrOrange|MrBlue|MrBlonde|Eddie
STATE:197:r225fffff:6c8s|5h7s|QdQs|Ks7h|Kc5c|4d2s:-50|-100|150|0|0|0:Pluribus|MrOrange|MrBlue|MrBlonde|Eddie|Bill
STATE:198:ffffcc/cr250c/cr640f:Ks4s|4cTh|7s6c|7hTs|9cJs|Qh3c/Ah5c4d/6h:-250|250|0|0|0|0:MrOrange|MrBlue|MrBlonde|Eddie|Bill|Pluribus
STATE:199:fffff:Tc2s|JcQd|TsKc|6h5c|6cJs|Qc7d:-50|50|0|0|0|0:MrBlue|MrBlonde|Eddie|Bill|Pluribus|MrOrange
STATE:200:r225fffff:4c9c|4hAd|8c8d|Kc3s|QcTd|9d6c:-50|-100|150|0|0|0:MrBlonde|Eddie|Bill|Pluribus|MrOrange|MrBlue
STATE:201:fcffcr500ff:4cKc|9cAh|8dQh|8h7c|3hQd|5s2d:-100|200|0|-100|0|0:Eddie|Bill|Pluribus|MrOrange|MrBlue|MrBlonde
STATE:202:ffr255ffc/cc/cc/cc:2d4d|9d7d|Kc3d|4cJh|AcJc|2c5d/QdThQh/7s/5c:-50|305|0|0|-255|0:Bill|Pluribus|MrOrange|MrBlue|MrBlonde|Eddie
STATE:203:fffff:8c3c|Tc2s|Jd4d|Ac6d|4hAs|6c5h:-50|50|0|0|0|0:Pluribus|MrOrange|MrBlue|MrBlonde|Eddie|Bill
STATE:204:ffffcc/cc/r200c/r500f:Ah7h|Kd8c|Qh4c|Th6d|3dTs|3s9h/Ac8s4d/9s/Qd:200|-200|0|0|0|0:MrOrange|MrBlue|MrBlonde|Eddie|Bill|Pluribus
