# name/game/hands/seed sample_game_111 ../lib/python-client/acpc_infrastructure/holdem.nolimit.6p.game 10000 111
#--t_response 600000000
#--t_hand 600000000
#--t_per_hand 600000000
STATE:0:fffff:5dQc|2h8s|Jd9d|7hJs|Qs6d|2c8d:-50|50|0|0|0|0:Eddie|MrPink|MrOrange|MrWhite|MrBlue|Pluribus
STATE:1:fr225ffff:4h4d|6hKs|Th9c|QhKc|2dKh|7dTs:-50|-100|0|150|0|0:MrPink|MrOrange|MrWhite|MrBlue|Pluribus|Eddie
STATE:2:ffr200ffc/cr610c/cr1610c/cr10000c:8h7s|Ad9h|6s5d|2cTd|QsKh|Jc3h/JhAs6h/9s/Ah:-50|10050|0|0|-10000|0:MrOrange|MrWhite|MrBlue|Pluribus|Eddie|MrPink
STATE:3:ffffr300c/r600r1200f:QsTs|5h5c|6s8c|3h7h|Ac4s|6d3c/5s6h6c:-600|600|0|0|0|0:MrWhite|MrBlue|Pluribus|Eddie|MrPink|MrOrange
STATE:4:fffr225fr1225f:3cKs|QcQs|TsKc|5cAh|6d9d|5sAd:-50|275|0|0|0|-225:MrBlue|Pluribus|Eddie|MrPink|MrOrange|MrWhite
STATE:5:fffr225ff:2cAd|Kd7c|2s9s|2h7s|3dAs|JcTs:-50|-100|0|0|0|150:Pluribus|Eddie|MrPink|MrOrange|MrWhite|MrBlue
STATE:6:ffffr285c/cr570c/cr1270f:2sAc|6h8h|4hQd|8sAh|9s3c|6s5h/3h7h2d/Jh:-570|570|0|0|0|0:Eddie|MrPink|MrOrange|MrWhite|MrBlue|Pluribus
STATE:7:ffr225cff/cr375c/cc/r1050c:5dQc|5cTc|2cAd|9sKd|ThTd|6h7h/2s6cQs/3h/2h:-50|-100|0|0|1200|-1050:MrPink|MrOrange|MrWhite|MrBlue|Pluribus|Eddie
STATE:8:fr225ffff:2c9s|7c4d|Kc3d|JhAs|3cAh|6c8s:-50|-100|0|150|0|0:MrOrange|MrWhite|MrBlue|Pluribus|Eddie|MrPink
STATE:9:ffr210ffc/cr710f:8cKc|Qc9s|8hJc|3d5c|6d8d|5h6s/Ac5dJh:-50|-210|0|0|260|0:MrWhite|MrBlue|Pluribus|Eddie|MrPink|MrOrange
STATE:10:ffr210cfc/cr440fc/cr990f:Js6c|9s9c|3dQs|2s4h|Jh9h|Jc8c/5hAh5s/2h:-50|-440|0|0|700|-210:MrBlue|Pluribus|Eddie|MrPink|MrOrange|MrWhite
STATE:11:fffff:2h8d|7hQh|Th8h|Ks6d|5dQs|2c6s:-50|50|0|0|0|0:Pluribus|Eddie|MrPink|MrOrange|MrWhite|MrBlue
STATE:12:fffff:2hTh|4h6d|2cJh|6s9h|Qh8s|4s7d:-50|50|0|0|0|0:Eddie|MrPink|MrOrange|MrWhite|MrBlue|Pluribus
STATE:13:fffr225ff:4c3c|Th4d|5sAd|2cKc|4hTs|KsTd:-50|-100|0|0|0|150:MrPink|MrOrange|MrWhite|MrBlue|Pluribus|Eddie
STATE:14:fr250ffff:8cKc|9h5s|7s4s|KhKs|2hJh|5dTc:-50|-100|0|150|0|0:MrOrange|MrWhite|MrBlue|Pluribus|Eddie|MrPink
STATE:15:ffr210fr730cf/r1630f:JsJc|4c5c|3d4h|9sJh|TcKh|6c3h/6h6d9h:940|-730|0|0|-210|0:MrWhite|MrBlue|Pluribus|Eddie|MrPink|MrOrange
STATE:16:fffr225r1100ff:Ad8d|KhQs|4c3h|6s5h|Jd8c|4s4h:325|-100|0|0|0|-225:MrBlue|Pluribus|Eddie|MrPink|MrOrange|MrWhite
STATE:17:fffr225fc/cr475f:7hTh|4cQc|Js8h|9c2d|5hQd|AhTc/Jd3h2s:-50|-225|0|0|0|275:Pluribus|Eddie|MrPink|MrOrange|MrWhite|MrBlue
STATE:18:fr225fcff/cr825c/cc/cc:8s4s|7s3d|Td5h|JdQd|6sJh|9cTc/AcQh2d/4d/Kd:-50|-100|0|975|0|-825:Eddie|MrPink|MrOrange|MrWhite|MrBlue|Pluribus
STATE:19:fffff:9d4h|7c7h|3h2h|JhTs|Kc2s|2dAc:-50|50|0|0|0|0:MrPink|MrOrange|MrWhite|MrBlue|Pluribus|Eddie
STATE:20:fr200fffc/cr425f:4hJd|5s7c|2d3d|QcAh|6d8s|2cKs/3sAdTd:-50|-200|0|250|0|0:MrOrange|MrWhite|MrBlue|Pluribus|Eddie|MrPink
STATE:21:ffr210fcc/ccc/r525cf/r1155c:7h7c|6s5c|4sQc|Jc5d|QhTd|9h4c/5s6c3s/7d/Kd:1365|-1155|0|0|-210|0:MrWhite|MrBlue|Pluribus|Eddie|MrPink|MrOrange
STATE:22:fr210fffc/cr325f:3dKs|9dTs|Qs9h|JdAh|Tc8s|7d9c/Kc5cQc:-50|-210|0|260|0|0:MrBlue|Pluribus|Eddie|MrPink|MrOrange|MrWhite
STATE:23:fffr225ff:3cQd|6c9h|4d7s|Jc8c|6s2d|4h6h:-50|-100|0|0|0|150:Pluribus|Eddie|MrPink|MrOrange|MrWhite|MrBlue
STATE:24:ffffr235c/cc/cc/cc:Js8d|5h2s|7h3h|4hQh|6d3c|7d6h/Kd9sJc/Qd/5d:235|-235|0|0|0|0:Eddie|MrPink|MrOrange|MrWhite|MrBlue|Pluribus
STATE:25:ffffcc/r200c/r600c/r1800f:QcQs|Qd8s|2c8d|9c4s|4d3d|6sKh/Kc7sQh/4h/Jd:600|-600|0|0|0|0:MrPink|MrOrange|MrWhite|MrBlue|Pluribus|Eddie
STATE:26:r225fffcf/cc/cc/r625f:AsQs|2h4s|6d5d|Ad3s|8hKs|6c4h/9h3cJh/Ts/Kc:325|-100|-225|0|0|0:MrOrange|MrWhite|MrBlue|Pluribus|Eddie|MrPink
STATE:27:fffff:7c2c|8s3c|9c7s|4hQc|4c6h|Ts3d:-50|50|0|0|0|0:MrWhite|MrBlue|Pluribus|Eddie|MrPink|MrOrange
STATE:28:r200fffcc/ccr350cc/ccc/ccc:QsAh|AdTc|2d2s|2cQh|3hKd|6dTh/5cAc4s/3c/4c:-350|700|-350|0|0|0:MrBlue|Pluribus|Eddie|MrPink|MrOrange|MrWhite
STATE:29:ffffr250f:KdTd|7h2d|6dTc|Qh3d|5sJh|9c3h:100|-100|0|0|0|0:Pluribus|Eddie|MrPink|MrOrange|MrWhite|MrBlue
STATE:30:ffr225ffc/cr425r875c/r1475c/r2225c:6dJh|9s4s|Jc2c|2d3h|8sKs|7dTd/4h8d4c/Tc/4d:-50|2275|0|0|-2225|0:Eddie|MrPink|MrOrange|MrWhite|MrBlue|Pluribus
STATE:31:ffr225fff:9h3c|6sKd|4h8c|5dTc|QdTd|Ks4s:-50|-100|0|0|150|0:MrPink|MrOrange|MrWhite|MrBlue|Pluribus|Eddie
STATE:32:fffff:4c6d|2c3c|4h7s|2sKs|7c9d|3h4s:-50|50|0|0|0|0:MrOrange|MrWhite|MrBlue|Pluribus|Eddie|MrPink
STATE:33:r225fffff:Ks6s|Js7d|6dAd|Qh9s|4d3h|8h5s:-50|-100|150|0|0|0:MrWhite|MrBlue|Pluribus|Eddie|MrPink|MrOrange
STATE:34:ffffcr275c/cr550c/cr1100c/cc:9dAs|7dTs|Ks5c|Ad6c|6s2h|4d7c/3d4cAh/5d/Tc:1100|-1100|0|0|0|0:MrBlue|Pluribus|Eddie|MrPink|MrOrange|MrWhite
STATE:35:fffr225r1325ff:KsAh|2s9s|Kh4s|3c5h|8h5c|Ac4h:325|-100|0|0|0|-225:Pluribus|Eddie|MrPink|MrOrange|MrWhite|MrBlue
STATE:36:fffr200fr1100f:4s8d|TdTh|7dQh|9s3c|2s7h|8sQs:-50|250|0|0|0|-200:Eddie|MrPink|MrOrange|MrWhite|MrBlue|Pluribus
STATE:37:fr225ffff:2s6s|8dKh|4hKd|JdAd|9hQc|3h5d:-50|-100|0|150|0|0:MrPink|MrOrange|MrWhite|MrBlue|Pluribus|Eddie
STATE:38:r225cfffc/ccc/r725ff:7sKh|Tc8s|3s3c|AsQs|5s2c|Ah9s/4d7h6s/Jh:-50|500|-225|-225|0|0:MrOrange|MrWhite|MrBlue|Pluribus|Eddie|MrPink
STATE:39:fffff:2s5s|Kc6h|6s7d|4s5h|Js9d|4d9h:-50|50|0|0|0|0:MrWhite|MrBlue|Pluribus|Eddie|MrPink|MrOrange
STATE:40:ffr225ffc/cc/cc/cr575r2975f:5c3s|2s6s|As4h|8hKd|TdQh|4c6h/6dQc9d/Ks/2h:-50|625|0|0|-575|0:MrBlue|Pluribus|Eddie|MrPink|MrOrange|MrWhite
STATE:41:ffffcc/cr200f:7cTd|5c3d|Ad4s|Qs4d|6dQd|9s2d/2sJd3h:-100|100|0|0|0|0:Pluribus|Eddie|MrPink|MrOrange|MrWhite|MrBlue
STATE:42:fr225fr525ffc/cr825f:8c9h|8sTd|7dJd|2c2s|8h5h|6c6h/KcKh3c:-50|-100|0|-525|0|675:Eddie|MrPink|MrOrange|MrWhite|MrBlue|Pluribus
STATE:43:r225fffff:7sKd|Jh7c|3c3h|2c6c|Ah5s|ThJc:-50|-100|150|0|0|0:MrPink|MrOrange|MrWhite|MrBlue|Pluribus|Eddie
STATE:44:fr200fffr744f:2dAs|AhAd|Js4d|QsJh|4s3s|6d5h:-50|250|0|-200|0|0:MrOrange|MrWhite|MrBlue|Pluribus|Eddie|MrPink
STATE:45:fffff:6h2h|AcKd|Qs5c|9d6c|4c7h|3hKs:-50|50|0|0|0|0:MrWhite|MrBlue|Pluribus|Eddie|MrPink|MrOrange
STATE:46:fr210ffcf/cr340f:5s3s|Kd4s|Qs9d|AsKc|9cAd|2h6s/Kh9h4h:-210|-100|0|310|0|0:MrBlue|Pluribus|Eddie|MrPink|MrOrange|MrWhite
STATE:47:r210fffcf/cc/cc/r470f:7h7c|Qd6c|TsTc|TdKc|2s4d|5d2h/As8sQh/3h/9d:310|-100|-210|0|0|0:Pluribus|Eddie|MrPink|MrOrange|MrWhite|MrBlue
STATE:48:ffffr235c/r398f:Kh7d|JhQs|Qd2h|9s6s|Td3s|6h4c/4dAd3c:235|-235|0|0|0|0:Eddie|MrPink|MrOrange|MrWhite|MrBlue|Pluribus
STATE:49:fr225fffc/cr600c/cr1680f:Kc3c|7d7s|2sKh|AcAd|7c2c|Qh5c/5h3h9s/Jd:-50|-600|0|650|0|0:MrPink|MrOrange|MrWhite|MrBlue|Pluribus|Eddie
STATE:50:fr250fffc/cr525f:3d9d|3s3c|2d6s|QdQs|KsJc|7c9h/TdQhKd:-50|-250|0|300|0|0:MrOrange|MrWhite|MrBlue|Pluribus|Eddie|MrPink
STATE:51:r200fr650fffr2004c/r3043r10000f:6c2c|6d9s|Ad4d|8d2h|AsAc|9h8s/KhJh3d:-50|-100|-3043|0|3193|0:MrWhite|MrBlue|Pluribus|Eddie|MrPink|MrOrange
STATE:52:ffr210fff:2dQh|6dTs|Jd9s|5hAc|JhKc|7s9h:-50|-100|0|0|150|0:MrBlue|Pluribus|Eddie|MrPink|MrOrange|MrWhite
STATE:53:fffr225cf/cr500f:3h3d|7h2c|Kh5s|Ts3c|5d3s|KsAd/TcQc4h:-225|-100|0|0|0|325:Pluribus|Eddie|MrPink|MrOrange|MrWhite|MrBlue
STATE:54:fffff:7d9c|Jc9d|5cAd|Tc8d|5h4d|9s6h:-50|50|0|0|0|0:Eddie|MrPink|MrOrange|MrWhite|MrBlue|Pluribus
STATE:55:fffr225ff:7d8h|Jd2c|6c8c|8dTc|7c6d|Ks9d:-50|-100|0|0|0|150:MrPink|MrOrange|MrWhite|MrBlue|Pluribus|Eddie
STATE:56:r225ffr700ffc/cr1200f:Ts4s|6s6h|2dAd|7c8c|Jh8s|KcKs/TcJc3d:-50|-100|-700|0|0|850:MrOrange|MrWhite|MrBlue|Pluribus|Eddie|MrPink
STATE:57:r200fffff:7hTs|5sTh|4s4h|8s5h|3dJs|QcJh:-50|-100|150|0|0|0:MrWhite|MrBlue|Pluribus|Eddie|MrPink|MrOrange
STATE:58:ffffcr350c/cc/cr700f:4cQc|Jd6h|6cTc|2dKh|Qs8h|Th4d/AdKdKc/9d:-350|350|0|0|0|0:MrBlue|Pluribus|Eddie|MrPink|MrOrange|MrWhite
STATE:59:fffff:7c5h|Jd6s|5s6d|9hKs|3dQs|4h8c:-50|50|0|0|0|0:Pluribus|Eddie|MrPink|MrOrange|MrWhite|MrBlue
STATE:60:fffr225fr1150f:Jh3c|KcAc|9d2h|3h9c|8d7h|Qh9s:-50|275|0|0|0|-225:Eddie|MrPink|MrOrange|MrWhite|MrBlue|Pluribus
STATE:61:ffffcc/r200c/cr475f:TdQh|6h7c|8c5c|KcTs|Jh9c|Js4c/Ac4h8h/2s:-200|200|0|0|0|0:MrPink|MrOrange|MrWhite|MrBlue|Pluribus|Eddie
STATE:62:ffffr250c/r560f:AcKd|6h4h|Ks7c|Ts8c|Ad7h|7d2d/Kh5cQc:250|-250|0|0|0|0:MrOrange|MrWhite|MrBlue|Pluribus|Eddie|MrPink
STATE:63:r225ffffc/cr725c/cr1475f:2h8s|6s7h|QhKh|Ts6d|Jh6c|7c3h/8dJd5c/3d:-50|-725|775|0|0|0:MrWhite|MrBlue|Pluribus|Eddie|MrPink|MrOrange
STATE:64:ffffr300f:AsKd|5h9d|7h4h|Th6d|3c6c|6hKs:100|-100|0|0|0|0:MrBlue|Pluribus|Eddie|MrPink|MrOrange|MrWhite
STATE:65:fffr225fr1350f:Ad8s|QsQd|4h3h|Ah3s|9h4c|7sAc:-50|275|0|0|0|-225:Pluribus|Eddie|MrPink|MrOrange|MrWhite|MrBlue
STATE:66:r200ffffc/cc/r350c/r550r2100r5287f:5s4c|Qc7c|KcAs|2dQd|Qh9s|6d9c/Th6h5c/9d/Jc:-50|2150|-2100|0|0|0:Eddie|MrPink|MrOrange|MrWhite|MrBlue|Pluribus
STATE:67:ffr250fr1100ff:7s6s|5d8c|Qd8d|Jd3c|QsJc|9sAd:350|-100|0|0|-250|0:MrPink|MrOrange|MrWhite|MrBlue|Pluribus|Eddie
STATE:68:fr200fffr777c/r2165r4355r10000c//:Kc8d|AdAs|3d5s|5c5h|4h8h|TsJh/5dJd9h/4d/7d:-50|10050|0|-10000|0|0:MrOrange|MrWhite|MrBlue|Pluribus|Eddie|MrPink
STATE:69:ffr210ffc/cr510f:5s6h|2sAs|2d2h|2cAd|JsJd|7d4c/Ts8h7c:-50|-210|0|0|260|0:MrWhite|MrBlue|Pluribus|Eddie|MrPink|MrOrange
STATE:70:fffff:8c2h|9dAd|4hQh|8d5c|6h3h|3sJc:-50|50|0|0|0|0:MrBlue|Pluribus|Eddie|MrPink|MrOrange|MrWhite
STATE:71:fr205ccfc/ccr505fcf/cr985f:2cJc|Kh3h|2dTs|9c8c|7c7h|ThQh/4s4h3s/Td:-50|-505|0|-205|965|-205:Pluribus|Eddie|MrPink|MrOrange|MrWhite|MrBlue
STATE:72:fffr250r1100ff:TcKc|8s5h|7s3c|3dJc|7c2c|Qs6s:350|-100|0|0|0|-250:Eddie|MrPink|MrOrange|MrWhite|MrBlue|Pluribus
STATE:73:ffffr300c/cr400c/cc/cr775f:Kh8c|5s6c|9hQd|4c2c|Kc8s|Qc2d/3d4hAd/Ah/Jd:-400|400|0|0|0|0:MrPink|MrOrange|MrWhite|MrBlue|Pluribus|Eddie
STATE:74:r225ffffc/cr475f:5h6s|Ac4c|ThJh|8c4d|5cKs|3s4s/7d9cQd:-50|-225|275|0|0|0:MrOrange|MrWhite|MrBlue|Pluribus|Eddie|MrPink
STATE:75:ffffr300f:KcTd|5hJc|3hTs|3d9s|2dAc|6sTh:100|-100|0|0|0|0:MrWhite|MrBlue|Pluribus|Eddie|MrPink|MrOrange
STATE:76:ffffcc/cc/r225f:6hKc|2c7h|7cTs|Kh7d|8sAh|5sTd/Js5d5c/3h:100|-100|0|0|0|0:MrBlue|Pluribus|Eddie|MrPink|MrOrange|MrWhite
STATE:77:r210fr637fffc/cc/cc/cc:7c3h|6c9h|6h6d|QcTs|QhAd|4d8h/7dKh4s/4h/8s:-50|-100|787|0|-637|0:Pluribus|Eddie|MrPink|MrOrange|MrWhite|MrBlue
STATE:78:ffr225r675ffc/cr1050f:9d2d|7s4h|4d5c|6c4c|7c8c|JsJh/Qd3c4s:-50|-100|0|0|-675|825:Eddie|MrPink|MrOrange|MrWhite|MrBlue|Pluribus
STATE:79:r225fffr1050ff:AdKc|5s8h|7d7h|9h6h|Tc4d|9cQh:325|-100|-225|0|0|0:MrPink|MrOrange|MrWhite|MrBlue|Pluribus|Eddie
STATE:80:r225fffff:4cAd|Jc5d|9dTd|Kc8s|6s2h|KsQd:-50|-100|150|0|0|0:MrOrange|MrWhite|MrBlue|Pluribus|Eddie|MrPink
