# name/game/hands/seed sample_game_102 ../lib/python-client/acpc_infrastructure/holdem.nolimit.6p.game 10000 102
#--t_response 600000000
#--t_hand 600000000
#--t_per_hand 600000000
STATE:0:ffr225fcc/ccc/ccc/ccr562cf:2cAc|9sTc|4c6s|Ks2d|6dAd|Jh5d/Qs9c4s/As/8d:112.5|-225|0|0|112.5|0:MrBlue|MrBlonde|MrWhite|MrPink|MrBrown|Pluribus
STATE:1:ffffr300c/cr600f:Tc9s|9dTs|5c6d|2cAh|6h3c|Js6c/Kc2s4d:-300|300|0|0|0|0:MrBlonde|MrWhite|MrPink|MrBrown|Pluribus|MrBlue
STATE:2:ffffr350f:3sAd|4d8c|4cAh|3h2d|8sTh|4hJs:100|-100|0|0|0|0:MrWhite|MrPink|MrBrown|Pluribus|MrBlue|MrBlonde
STATE:3:fffff:3h5d|9d5c|2cQd|Ah9c|Td9s|2dQc:-50|50|0|0|0|0:MrPink|MrBrown|Pluribus|MrBlue|MrBlonde|MrWhite
STATE:4:ffffr350c/cc/r875c/cr2187c:8dJs|TcAs|Kh3h|7dJd|5sJh|Jc2c/5cKs4s/7s/6d:2187|-2187|0|0|0|0:MrBrown|Pluribus|MrBlue|MrBlonde|MrWhite|MrPink
STATE:5:ffr210ffr1050f:5cJs|AhAs|6c9h|JdTc|KdJh|3dKc:-50|260|0|0|-210|0:Pluribus|MrBlue|MrBlonde|MrWhite|MrPink|MrBrown
STATE:6:fffff:6c2s|8h9s|2h7h|Kd4c|6sJh|5cQd:-50|50|0|0|0|0:MrBlue|MrBlonde|MrWhite|MrPink|MrBrown|Pluribus
STATE:7:r210fffr1050fc/cr1930f:QhAc|3cKc|JsJc|6h3d|AsTh|9hTs/5s6dTc:-1050|-100|1150|0|0|0:MrBlonde|MrWhite|MrPink|MrBrown|Pluribus|MrBlue
STATE:8:r225fffff:5hAs|4dQh|TsKs|6hJh|Th8d|9s3h:-50|-100|150|0|0|0:MrWhite|MrPink|MrBrown|Pluribus|MrBlue|MrBlonde
STATE:9:r200fffff:4dAh|4hQc|JsKd|2hKs|Jh6s|Kh8s:-50|-100|150|0|0|0:MrPink|MrBrown|Pluribus|MrBlue|MrBlonde|MrWhite
STATE:10:fr250fffc/cr625f:3s9s|4hAh|Jd7h|Qc9c|Js5s|Th4d/6dKc7c:-50|-250|0|300|0|0:MrBrown|Pluribus|MrBlue|MrBlonde|MrWhite|MrPink
STATE:11:r250fffr1450ff:4d5d|7d7h|KhJs|9cKs|Jh3c|2h8s:350|-100|-250|0|0|0:Pluribus|MrBlue|MrBlonde|MrWhite|MrPink|MrBrown
STATE:12:ffffcc/cc/cc/r200f:6dAs|Ks4s|Kc6h|6cTs|Ah5c|2d8h/9h2h8d/9d/8s:100|-100|0|0|0|0:MrBlue|MrBlonde|MrWhite|MrPink|MrBrown|Pluribus
STATE:13:ffr200ffc/cr425f:As9c|8hAh|6h4h|7c6s|Td9d|7h8c/QdTh2d:-50|-200|0|0|250|0:MrBlonde|MrWhite|MrPink|MrBrown|Pluribus|MrBlue
STATE:14:ffr225fff:KdJc|3s9h|Jh3c|Kh2d|AsQc|4cAh:-50|-100|0|0|150|0:MrWhite|MrPink|MrBrown|Pluribus|MrBlue|MrBlonde
STATE:15:r200fffff:7s4h|4c2s|JdQd|4s7c|As2d|6d9h:-50|-100|150|0|0|0:MrPink|MrBrown|Pluribus|MrBlue|MrBlonde|MrWhite
STATE:16:fr250ffff:6dQc|7sTd|6cAd|5d5h|Kh3h|9c2c:-50|-100|0|150|0|0:MrBrown|Pluribus|MrBlue|MrBlonde|MrWhite|MrPink
STATE:17:fr250ffr1150fc/cc/cr2450r4950f:5cAc|5hQd|3d2h|TcKc|6hAh|2dTs/8d2c4s/Jh:2550|-100|0|-2450|0|0:Pluribus|MrBlue|MrBlonde|MrWhite|MrPink|MrBrown
STATE:18:r250fffff:TsQc|Kd4d|6d6s|8s6c|7cJs|Qs4h:-50|-100|150|0|0|0:MrBlue|MrBlonde|MrWhite|MrPink|MrBrown|Pluribus
STATE:19:ffr250ffr1000r2091c/cr3149c/cr6323f:Ah5s|AsQs|3c3s|6d8d|7dAd|5d3d/Ks2hTh/8c:-50|-3149|0|0|3199|0:MrBlonde|MrWhite|MrPink|MrBrown|Pluribus|MrBlue
STATE:20:fffr250ff:Qc3d|5d7s|3hTs|8d5h|Tc6c|8hJh:-50|-100|0|0|0|150:MrWhite|MrPink|MrBrown|Pluribus|MrBlue|MrBlonde
STATE:21:ffr250ffc/cr550f:5sJh|Qh6h|8c2c|8dAh|AsKd|8h4s/Ks4d5c:-50|-250|0|0|300|0:MrPink|MrBrown|Pluribus|MrBlue|MrBlonde|MrWhite
STATE:22:fffr250ff:4dJd|Ks2c|7cQd|5sTd|As7h|QsJs:-50|-100|0|0|0|150:MrBrown|Pluribus|MrBlue|MrBlonde|MrWhite|MrPink
STATE:23:fffr250fr1000c/cc/r2125c/r10000f:Qh2h|6d2d|3h8h|Ah6s|8d9c|TdAd/8c4d9s/Qd/4h:-50|2175|0|0|0|-2125:Pluribus|MrBlue|MrBlonde|MrWhite|MrPink|MrBrown
STATE:24:ffr250r900fff:5sKs|4s9c|4cAs|4d2d|JdQh|Ah9h:-50|-100|0|0|-250|400:MrBlue|MrBlonde|MrWhite|MrPink|MrBrown|Pluribus
STATE:25:r210fffff:5c3s|5d7c|9d9c|7s2d|Ks7h|2cTs:-50|-100|150|0|0|0:MrBlonde|MrWhite|MrPink|MrBrown|Pluribus|MrBlue
STATE:26:r225fcfff/r525c/cr1375f:Jc5c|Td2s|Ah7h|5s3s|TcTh|Jh6h/9s2h4s/Kc:-50|-100|-525|0|675|0:MrWhite|MrPink|MrBrown|Pluribus|MrBlue|MrBlonde
STATE:27:r200ffffc/cr425f:3sTd|6c8c|TsKs|8s5c|Kh2c|8h6h/AdQdKc:-50|-200|250|0|0|0:MrPink|MrBrown|Pluribus|MrBlue|MrBlonde|MrWhite
STATE:28:ffr225ffc/cr600f:3sKd|6s4s|Jc6h|2s7h|KhAc|7dQh/Qs3cKc:-50|-225|0|0|275|0:MrBrown|Pluribus|MrBlue|MrBlonde|MrWhite|MrPink
STATE:29:fffr275ff:8h4h|3hKc|4s6c|5s7h|6d9h|AsAh:-50|-100|0|0|0|150:Pluribus|MrBlue|MrBlonde|MrWhite|MrPink|MrBrown
STATE:30:ffffcc/cr250f:Kc6h|4s9c|Th6d|9hKd|5d4c|6sKh/Jh3s8c:-100|100|0|0|0|0:MrBlue|MrBlonde|MrWhite|MrPink|MrBrown|Pluribus
STATE:31:ffr200ffc/cr425f:Jh9s|5hJc|Tc5d|5cAd|Kh3h|Jd2h/2cTsQs:-50|-200|0|0|250|0:MrBlonde|MrWhite|MrPink|MrBrown|Pluribus|MrBlue
STATE:32:ffr225fr950ff:5hAh|8h2s|Th7h|Ad9s|TcQd|2cTd:325|-100|0|0|-225|0:MrWhite|MrPink|MrBrown|Pluribus|MrBlue|MrBlonde
STATE:33:fffr225cc/ccc/ccr675ff:QsJd|3d6d|Kh8d|5s4c|6cAh|8sAd/7dAsJs/8c:-225|-225|0|0|0|450:MrPink|MrBrown|Pluribus|MrBlue|MrBlonde|MrWhite
STATE:34:r225ffffc/cr475f:Kd2h|5d5s|JhJs|Th2d|2s9h|2cAh/6hJcQc:-50|-225|275|0|0|0:MrBrown|Pluribus|MrBlue|MrBlonde|MrWhite|MrPink
STATE:35:ffr210fff:Qc4s|3s8d|4h6c|Qs3d|Jc9c|9s5d:-50|-100|0|0|150|0:Pluribus|MrBlue|MrBlonde|MrWhite|MrPink|MrBrown
STATE:36:ffr250cfc/ccc/ccc/cr850fc:Td4s|QcKd|5hAs|5s9d|4h4d|QdAh/7c9cAc/Ks/Ts:-50|1150|0|0|-850|-250:MrBlue|MrBlonde|MrWhite|MrPink|MrBrown|Pluribus
STATE:37:ffr225fff:Ts3s|5c3d|6d9c|9sJd|8dAs|4h7d:-50|-100|0|0|150|0:MrBlonde|MrWhite|MrPink|MrBrown|Pluribus|MrBlue
STATE:38:fr200ffff:Ts6h|3hKs|9c5h|Kc6c|JcKd|5d6s:-50|-100|0|150|0|0:MrWhite|MrPink|MrBrown|Pluribus|MrBlue|MrBlonde
STATE:39:ffffr300c/cc/cr750c/cc:4sAs|Kc2c|3hJh|8hJs|9hQd|6sKh/4d3d6c/8c/Jd:750|-750|0|0|0|0:MrPink|MrBrown|Pluribus|MrBlue|MrBlonde|MrWhite
STATE:40:r225fffff:7cKc|6cQs|AcKd|2c5s|Qd8d|9d6h:-50|-100|150|0|0|0:MrBrown|Pluribus|MrBlue|MrBlonde|MrWhite|MrPink
STATE:41:fr225ffr1325ff:AcKs|5c2s|Jd3s|2dAd|4dQc|3cJh:325|-100|0|-225|0|0:Pluribus|MrBlue|MrBlonde|MrWhite|MrPink|MrBrown
STATE:42:fr210ffcc/ccr610cf/cr1610f:Qs9s|Ac2c|Tc2d|JdQd|Ks7s|9d7h/3cTsQh/4h:-610|-210|0|820|0|0:MrBlue|MrBlonde|MrWhite|MrPink|MrBrown|Pluribus
STATE:43:fr225fffc/cr475c/cr1225f:8dKc|JhJd|3h9s|TcJc|Kd7h|KsTd/2sAhQc/9d:-50|-475|0|525|0|0:MrBlonde|MrWhite|MrPink|MrBrown|Pluribus|MrBlue
STATE:44:r225fffff:4cTc|Kc4h|KhAs|Ad3s|5sKd|6h3h:-50|-100|150|0|0|0:MrWhite|MrPink|MrBrown|Pluribus|MrBlue|MrBlonde
STATE:45:fr225ffff:3dAs|5s6d|2d6s|AdQs|Qd8h|TcJd:-50|-100|0|150|0|0:MrPink|MrBrown|Pluribus|MrBlue|MrBlonde|MrWhite
STATE:46:fffr250fc/cc/r387c/r799f:8s2h|TsJc|9dAh|6h7d|4cQc|JsKc/7c2d5s/Qs/6d:-50|437|0|0|0|-387:MrBrown|Pluribus|MrBlue|MrBlonde|MrWhite|MrPink
STATE:47:fr225ffff:9d7h|Qd4h|9c4c|6s6d|3h2d|Qc3d:-50|-100|0|150|0|0:Pluribus|MrBlue|MrBlonde|MrWhite|MrPink|MrBrown
STATE:48:fr210ffff:Kh8s|7h3d|3hJc|TdAc|2sAd|2dAh:-50|-100|0|150|0|0:MrBlue|MrBlonde|MrWhite|MrPink|MrBrown|Pluribus
STATE:49:fffff:7c6d|6c4s|9s2d|Tc9h|7hTs|3s2h:-50|50|0|0|0|0:MrBlonde|MrWhite|MrPink|MrBrown|Pluribus|MrBlue
STATE:50:r225fcfff/r625f:9s2d|3d7c|TsJs|9h7s|AsQs|3c4c/Kd5s6d:-50|-100|375|0|-225|0:MrWhite|MrPink|MrBrown|Pluribus|MrBlue|MrBlonde
STATE:51:ffffr300c/r450r750r1450c/cr2300c/r5300c:KhQh|8d9s|8c6h|2d6d|7cAh|5h7d/9d9hKd/2s/Kc:5300|-5300|0|0|0|0:MrPink|MrBrown|Pluribus|MrBlue|MrBlonde|MrWhite
STATE:52:fr250ffff:9cQc|6sTd|Qh7c|Ad9d|9sQd|6h2d:-50|-100|0|150|0|0:MrBrown|Pluribus|MrBlue|MrBlonde|MrWhite|MrPink
STATE:53:fffff:Jc6d|9c8c|8h2d|5cTc|9s2h|5h2c:-50|50|0|0|0|0:Pluribus|MrBlue|MrBlonde|MrWhite|MrPink|MrBrown
STATE:54:ffffcc/cc/r250c/r625f:Qs2s|Ks6c|8c7s|Qc7c|Ah2c|6d5c/8d3h4c/5s/Ts:250|-250|0|0|0|0:MrBlue|MrBlonde|MrWhite|MrPink|MrBrown|Pluribus
STATE:55:r210cffff/cr495f:Qd3s|Jd3c|ThAd|8s8d|4c7c|7dKc/6h7s3h:-50|-100|-210|360|0|0:MrBlonde|MrWhite|MrPink|MrBrown|Pluribus|MrBlue
STATE:56:fr225ffff:8hKh|8c3s|Ah5c|TsAc|KsJd|7c6d:-50|-100|0|150|0|0:MrWhite|MrPink|MrBrown|Pluribus|MrBlue|MrBlonde
STATE:57:fr225fcr1300fcc/ccc/r2600fc/cr5200c:AhQd|4d7d|3h5h|4s4h|7cTh|Jd9d/QcTd9c/9h/8h:-5200|-100|0|-1300|0|6600:MrPink|MrBrown|Pluribus|MrBlue|MrBlonde|MrWhite
STATE:58:ffr225r700fff:9d5c|Tc7d|ThKd|3d4d|Kh9h|AdJh:-50|-100|0|0|-225|375:MrBrown|Pluribus|MrBlue|MrBlonde|MrWhite|MrPink
STATE:59:fr225fffc/cc/cr475r1225f:8s4s|4c5s|3h2c|9sJs|Kd5d|8d2d/6hAcTc/4d:-50|525|0|-475|0|0:Pluribus|MrBlue|MrBlonde|MrWhite|MrPink|MrBrown
STATE:60:r287fffff:7h8d|Js9c|JhTh|9s7d|4hAs|Qh2h:-50|-100|150|0|0|0:MrBlue|MrBlonde|MrWhite|MrPink|MrBrown|Pluribus
STATE:61:ffffr300r900c/cr1700c/cc/r2565f:KdQs|AhKs|4d7s|KhTd|Js8c|6c5s/3hQd7d/8h/6d:1700|-1700|0|0|0|0:MrBlonde|MrWhite|MrPink|MrBrown|Pluribus|MrBlue
STATE:62:fffff:4s8c|6h7s|2dKh|6sKc|Td7c|6c3d:-50|50|0|0|0|0:MrWhite|MrPink|MrBrown|Pluribus|MrBlue|MrBlonde
STATE:63:fffff:8s3d|Ah9h|6c7h|Ts3c|4cJc|5h3h:-50|50|0|0|0|0:MrPink|MrBrown|Pluribus|MrBlue|MrBlonde|MrWhite
STATE:64:fffff:3c9s|Jh5d|9cAh|6s4c|Ks9d|7d6c:-50|50|0|0|0|0:MrBrown|Pluribus|MrBlue|MrBlonde|MrWhite|MrPink
STATE:65:fffff:4sJd|8sQc|Ts6h|As9d|3d6c|7h2h:-50|50|0|0|0|0:Pluribus|MrBlue|MrBlonde|MrWhite|MrPink|MrBrown
STATE:66:fffr225ff:5h7d|4c6d|Kh3s|Qd4h|2c5c|9c8d:-50|-100|0|0|0|150:MrBlue|MrBlonde|MrWhite|MrPink|MrBrown|Pluribus
STATE:67:r210fffff:7dJc|4c3h|KcKs|5hTd|8hAd|8s3d:-50|-100|150|0|0|0:MrBlonde|MrWhite|MrPink|MrBrown|Pluribus|MrBlue
STATE:68:fffff:6s2c|Qs9h|8d4d|Qh6h|8h7c|5s7d:-50|50|0|0|0|0:MrWhite|MrPink|MrBrown|Pluribus|MrBlue|MrBlonde
STATE:69:fffff:8d2d|Qc5s|Qs6c|Js7c|9hKs|2s5c:-50|50|0|0|0|0:MrPink|MrBrown|Pluribus|MrBlue|MrBlonde|MrWhite
STATE:70:fffr250cc/ccc/ccc/ccc:ThJd|Tc6c|Qc9s|2hKh|6hAd|6sTs/3dTd9d/7s/Ac:500|-250|0|0|0|-250:MrBrown|Pluribus|MrBlue|MrBlonde|MrWhite|MrPink
STATE:71:fr225fcfc/cr575ff:2d5c|6c6d|Jh9s|8d8s|Js3s|AhQc/5dTd7c:-50|-225|0|500|0|-225:Pluribus|MrBlue|MrBlonde|MrWhite|MrPink|MrBrown
STATE:72:fffr200ff:Kc7s|8h2d|Tc3c|Kh2h|6cQh|7cAs:-50|-100|0|0|0|150:MrBlue|MrBlonde|MrWhite|MrPink|MrBrown|Pluribus
