# name/game/hands/seed sample_game_110 ../lib/python-client/acpc_infrastructure/holdem.nolimit.6p.game 10000 110
#--t_response 600000000
#--t_hand 600000000
#--t_per_hand 600000000
STATE:0:fffr250cc/ccc/r625ff:TcKh|Qs8h|2d5s|TsQh|3s4d|Js6s/8d7d9h/Jh:500|-250|0|0|0|-250:MrWhite|MrBlonde|MrBlue|MrOrange|MrPink|Pluribus
STATE:1:fffff:2d9s|QsKh|8h6c|9h5c|4hJs|2s3h:-50|50|0|0|0|0:MrBlonde|MrBlue|MrOrange|MrPink|Pluribus|MrWhite
STATE:2:r210fffff:Ah6d|Ts9c|TdQd|6cJd|5h4s|Ac8s:-50|-100|150|0|0|0:MrBlue|MrOrange|MrPink|Pluribus|MrWhite|MrBlonde
STATE:3:ffr250cff/cr500c/cr1425c/cc:9c4s|7hAs|7c8c|8hQs|6s8s|9sTs/Td2h8d/3h/Qc:-50|-100|0|0|-1425|1575:MrOrange|MrPink|Pluribus|MrWhite|MrBlonde|MrBlue
STATE:4:r225fffff:2dJc|3sAd|QhQd|Ac4d|8hJs|9sKh:-50|-100|150|0|0|0:MrPink|Pluribus|MrWhite|MrBlonde|MrBlue|MrOrange
STATE:5:fffr250ff:3cQs|6sJc|QhTc|Kd6h|8dQc|AdJs:-50|-100|0|0|0|150:Pluribus|MrWhite|MrBlonde|MrBlue|MrOrange|MrPink
STATE:6:fffr225fr1075f:6hTd|JcJh|5h6c|9d6d|Ts8c|Kc9s:-50|275|0|0|0|-225:MrWhite|MrBlonde|MrBlue|MrOrange|MrPink|Pluribus
STATE:7:ffffr300r900c/cr2325f:Ad4d|JdJc|ThAs|4c8c|6c2c|6hKd/9d8s6s:-900|900|0|0|0|0:MrBlonde|MrBlue|MrOrange|MrPink|Pluribus|MrWhite
STATE:8:fr225ffff:Th6s|2c8c|5c8h|TcJc|3c5s|TsAc:-50|-100|0|150|0|0:MrBlue|MrOrange|MrPink|Pluribus|MrWhite|MrBlonde
STATE:9:ffr250ffc/cc/cc/cc:TdAs|2sQs|2h8c|9s3s|9cQc|9h4d/7d7c6h/Ah/Jd:-50|25|0|0|25|0:MrOrange|MrPink|Pluribus|MrWhite|MrBlonde|MrBlue
STATE:10:ffffcc/r200c/cc/r400c:2cAh|Th6h|5dKc|6s4h|3c7s|2d5h/TcQs8c/Qh/Ac:400|-400|0|0|0|0:MrPink|Pluribus|MrWhite|MrBlonde|MrBlue|MrOrange
STATE:11:ffr225ffc/cr475c/cc/cc:As6d|KdTc|6c8d|5sKs|TdAd|6s3d/Jd6hQc/Th/5h:-50|-475|0|0|525|0:Pluribus|MrWhite|MrBlonde|MrBlue|MrOrange|MrPink
STATE:12:ffffr300f:Td8d|5c3s|3c5h|7h2c|6s3d|4s2h:100|-100|0|0|0|0:MrWhite|MrBlonde|MrBlue|MrOrange|MrPink|Pluribus
STATE:13:fffff:5s2s|4d4s|8hAs|Jc7h|6c3d|Th2d:-50|50|0|0|0|0:MrBlonde|MrBlue|MrOrange|MrPink|Pluribus|MrWhite
STATE:14:r210fr637ffff:QhJh|2c5s|TdAs|Ts5c|8s7s|Kh5d:-50|-100|-210|0|360|0:MrBlue|MrOrange|MrPink|Pluribus|MrWhite|MrBlonde
STATE:15:r200ffffc/cr425r1100c/r3600f:9c6h|Qh9h|JdJs|3dTd|Jh3h|7cTh/Qd3c9d/4h:-50|1150|-1100|0|0|0:MrOrange|MrPink|Pluribus|MrWhite|MrBlonde|MrBlue
STATE:16:ffffcc/r200c/cr400c/cr2800f:QsAc|6cAh|Qc3c|2c7s|9h2d|Th4s/3d4hJh/5s/Qd:-400|400|0|0|0|0:MrPink|Pluribus|MrWhite|MrBlonde|MrBlue|MrOrange
STATE:17:r250fffff:Ks4h|4cJd|8c8s|7s5c|Jh7h|Tc5d:-50|-100|150|0|0|0:Pluribus|MrWhite|MrBlonde|MrBlue|MrOrange|MrPink
STATE:18:fffr225fc/cr1225f:Qh6d|TsKh|JsKd|4s8s|7c2s|5hJh/3dAhQs:-50|-225|0|0|0|275:MrWhite|MrBlonde|MrBlue|MrOrange|MrPink|Pluribus
STATE:19:fffff:3dAs|9c6d|8h9d|Kh4d|Ks7h|Kd2h:-50|50|0|0|0|0:MrBlonde|MrBlue|MrOrange|MrPink|Pluribus|MrWhite
STATE:20:fffr250fc/cr675c/cr1675r3525f:5h8d|TdTc|5sKh|Ad8c|Kc9d|7sJs/8sQd9h/2d:-50|1725|0|0|0|-1675:MrBlue|MrOrange|MrPink|Pluribus|MrWhite|MrBlonde
STATE:21:fffr225ff:9s8d|2s5d|Js2d|Ah7d|6d2c|5cQc:-50|-100|0|0|0|150:MrOrange|MrPink|Pluribus|MrWhite|MrBlonde|MrBlue
STATE:22:r225fffff:Ah6d|5dQh|JcAd|Jh8s|6sTh|6cJs:-50|-100|150|0|0|0:MrPink|Pluribus|MrWhite|MrBlonde|MrBlue|MrOrange
STATE:23:fr225ffr1325cr10000ff:5h6h|JdQs|7hKd|KcAs|2c8h|Ks3d:-1325|-1325|0|2650|0|0:Pluribus|MrWhite|MrBlonde|MrBlue|MrOrange|MrPink
STATE:24:r225fffr775fc/cr1475c/cc/cc:9cTc|4sJh|KcQh|Ad6d|3dAc|4d3s/9h4c7c/Ah/2s:1575|-100|-1475|0|0|0:MrWhite|MrBlonde|MrBlue|MrOrange|MrPink|Pluribus
STATE:25:fffr225ff:2d5h|3hJs|Ac8d|2cAs|7dTs|Ah4c:-50|-100|0|0|0|150:MrBlonde|MrBlue|MrOrange|MrPink|Pluribus|MrWhite
STATE:26:fffr250ff:9sTh|Jd4s|Kc7d|Qs3s|8sTc|7h7c:-50|-100|0|0|0|150:MrBlue|MrOrange|MrPink|Pluribus|MrWhite|MrBlonde
STATE:27:ffr250ffc/cr550r1125c/r3625c/r10000f:Jd9s|7h5h|Ac9d|8s2h|QdAh|9c5s/4hQs6d/5d/Js:-50|3675|0|0|-3625|0:MrOrange|MrPink|Pluribus|MrWhite|MrBlonde|MrBlue
STATE:28:ffr225fcf/cc/cr625r1975c/cr10000f:8dAd|Qc4s|8h5d|Js9h|7hAh|5cQh/As3c2c/8s/5s:-1975|-100|0|0|2075|0:MrPink|Pluribus|MrWhite|MrBlonde|MrBlue|MrOrange
STATE:29:fffff:5h9s|3c9h|Qd5d|Ac9d|Qs3s|4s8c:-50|50|0|0|0|0:Pluribus|MrWhite|MrBlonde|MrBlue|MrOrange|MrPink
STATE:30:fffr287ff:7cKh|Qd6s|3h9c|TsAc|3s9d|6h6d:-50|-100|0|0|0|150:MrWhite|MrBlonde|MrBlue|MrOrange|MrPink|Pluribus
STATE:31:ffr200r612ffr1814c/r3703c/r7481f:Js8d|9sTh|2h8s|Jh4h|KcAs|AcQh/3dAdJd/7c:-50|-100|0|0|3853|-3703:MrBlonde|MrBlue|MrOrange|MrPink|Pluribus|MrWhite
STATE:32:fffff:4c6h|6dTh|9c6c|Kd7c|4d9h|9s3h:-50|50|0|0|0|0:MrBlue|MrOrange|MrPink|Pluribus|MrWhite|MrBlonde
STATE:33:fffr225ff:Jc4d|Qh3s|7d8h|5c3h|Ad4s|3d5d:-50|-100|0|0|0|150:MrOrange|MrPink|Pluribus|MrWhite|MrBlonde|MrBlue
STATE:34:r225fffff:Qc6d|Kh2c|JhJs|3c9h|3d5c|5sQs:-50|-100|150|0|0|0:MrPink|Pluribus|MrWhite|MrBlonde|MrBlue|MrOrange
STATE:35:ffr225fff:7dTc|2sKc|8c2h|9s3h|QhJc|9dAc:-50|-100|0|0|150|0:Pluribus|MrWhite|MrBlonde|MrBlue|MrOrange|MrPink
STATE:36:r225fffff:JsQd|Ac4s|TsTc|5s8d|Jd8c|9s3h:-50|-100|150|0|0|0:MrWhite|MrBlonde|MrBlue|MrOrange|MrPink|Pluribus
STATE:37:fr210fcff/cc/r390c/r990f:3sJc|5sTh|Qs5c|KdJs|Ks6c|7d7h/6dQc3d/Td/Ah:-50|-100|0|540|0|-390:MrBlonde|MrBlue|MrOrange|MrPink|Pluribus|MrWhite
STATE:38:fffr250ff:3dQs|9c6s|6c8h|9s2s|6hQd|ThJc:-50|-100|0|0|0|150:MrBlue|MrOrange|MrPink|Pluribus|MrWhite|MrBlonde
STATE:39:fffff:4h3c|8d9d|Th7d|3h8s|7cJh|7hKs:-50|50|0|0|0|0:MrOrange|MrPink|Pluribus|MrWhite|MrBlonde|MrBlue
STATE:40:r225fffff:5sJs|8d9c|9d9h|Ts5d|Jh3h|4sJc:-50|-100|150|0|0|0:MrPink|Pluribus|MrWhite|MrBlonde|MrBlue|MrOrange
STATE:41:ffffr250c/cc/cc/cc:Ac3c|As7s|5hKh|TsJd|5dJc|Ks2d/Qs8h7c/Td/9d:-250|250|0|0|0|0:Pluribus|MrWhite|MrBlonde|MrBlue|MrOrange|MrPink
STATE:42:ffr210fff:6hKh|8h2h|3cTc|9h5s|AcTs|9c6d:-50|-100|0|0|150|0:MrWhite|MrBlonde|MrBlue|MrOrange|MrPink|Pluribus
STATE:43:ffr200ffr900f:7hKh|KcKd|Jd8c|6c9c|5hQh|Jc6s:-50|250|0|0|-200|0:MrBlonde|MrBlue|MrOrange|MrPink|Pluribus|MrWhite
STATE:44:ffffcr400c/cr700f:4sQs|QcJc|9cTd|Js7d|3cQd|3h5c/Ac9d7c:-400|400|0|0|0|0:MrBlue|MrOrange|MrPink|Pluribus|MrWhite|MrBlonde
STATE:45:fr225fffc/cc/cc/cc:2sJs|Qh5h|Qs7d|JhKd|9hJd|4cTs/2cAc5s/8s/6c:-50|275|0|-225|0|0:MrOrange|MrPink|Pluribus|MrWhite|MrBlonde|MrBlue
STATE:46:fffff:2s9d|2d9s|7c3c|8d4h|3dJs|5d8s:-50|50|0|0|0|0:MrPink|Pluribus|MrWhite|MrBlonde|MrBlue|MrOrange
STATE:47:fr225fffc/cr475f:3sAc|2hQh|5s9c|5h4h|TcAs|8cQs/4c9dKd:-50|-225|0|275|0|0:Pluribus|MrWhite|MrBlonde|MrBlue|MrOrange|MrPink
STATE:48:fffff:6dTc|9sTh|Jc3h|TsQd|2s7d|Td4d:-50|50|0|0|0|0:MrWhite|MrBlonde|MrBlue|MrOrange|MrPink|Pluribus
STATE:49:fffff:8d7h|8c9d|Ac2h|2s7d|5hJs|8s3s:-50|50|0|0|0|0:MrBlonde|MrBlue|MrOrange|MrPink|Pluribus|MrWhite
STATE:50:fr200ffcf/cr450f:8dTd|7cTh|2cKh|5s5h|Tc8s|2sJd/KsQs4d:-200|-100|0|300|0|0:MrBlue|MrOrange|MrPink|Pluribus|MrWhite|MrBlonde
STATE:51:r250ffffc/cr1350f:9cAd|7s7c|6cKc|3sQd|3h9h|8s2d/9sQc3d:-50|-250|300|0|0|0:MrOrange|MrPink|Pluribus|MrWhite|MrBlonde|MrBlue
STATE:52:fr250fffc/cr550f:5d7d|7s7h|2d6h|TdJd|3h5s|Ah6c/Ac3s4d:-50|-250|0|300|0|0:MrPink|Pluribus|MrWhite|MrBlonde|MrBlue|MrOrange
STATE:53:ffffr250c/r500f:AdAs|Kc9h|3cTc|Jh6d|Kd6c|Kh3s/Ac7h6h:250|-250|0|0|0|0:Pluribus|MrWhite|MrBlonde|MrBlue|MrOrange|MrPink
STATE:54:ffr210fff:Jc4c|5h3h|8dKs|2d6d|5s5d|4h2h:-50|-100|0|0|150|0:MrWhite|MrBlonde|MrBlue|MrOrange|MrPink|Pluribus
STATE:55:fffr225fc/cc/cc/r425c:5d9h|3hAs|Qs2h|Js4s|9c4d|TdTh/Ad5hKs/Qc/7c:-50|475|0|0|0|-425:MrBlonde|MrBlue|MrOrange|MrPink|Pluribus|MrWhite
STATE:56:fffr250fr1400f:Qd5d|AdKc|2dAc|5sTs|Jh7c|6hKh:-50|300|0|0|0|-250:MrBlue|MrOrange|MrPink|Pluribus|MrWhite|MrBlonde
STATE:57:fffr225ff:6cQh|6h3d|5sQc|2c3h|7h4s|6d6s:-50|-100|0|0|0|150:MrOrange|MrPink|Pluribus|MrWhite|MrBlonde|MrBlue
STATE:58:ffffr300r1200c/cr1800r3200f:KdJd|Ah2s|3d2d|2cJs|Jc3h|Qh4h/6h7sKs:1800|-1800|0|0|0|0:MrPink|Pluribus|MrWhite|MrBlonde|MrBlue|MrOrange
STATE:59:fffr250fc/cr600f:5dKs|8hAs|4s4c|7d9s|3d9d|TcAc/QdJc8c:-50|-250|0|0|0|300:Pluribus|MrWhite|MrBlonde|MrBlue|MrOrange|MrPink
STATE:60:ffr210fff:8sQs|9h4c|6hJd|Kc2c|AhQc|As6d:-50|-100|0|0|150|0:MrWhite|MrBlonde|MrBlue|MrOrange|MrPink|Pluribus
STATE:61:fffr225ff:6c9c|2d8s|3hKd|7s4h|5d9h|3cKc:-50|-100|0|0|0|150:MrBlonde|MrBlue|MrOrange|MrPink|Pluribus|MrWhite
STATE:62:r210ffffc/cc/cc/cc:Qh2d|JdTd|Ad9d|8cQs|Ks4d|Kd2c/KcJc5h/7h/Tc:-50|260|-210|0|0|0:MrBlue|MrOrange|MrPink|Pluribus|MrWhite|MrBlonde
STATE:63:r250cffff/cr824f:9cAs|4hJd|3dAd|7d7s|8s5c|Qs2c/Td6h7c:-50|-100|-250|400|0|0:MrOrange|MrPink|Pluribus|MrWhite|MrBlonde|MrBlue
STATE:64:fffff:6h3s|2h3h|5c9s|2d7c|Td7h|4dKd:-50|50|0|0|0|0:MrPink|Pluribus|MrWhite|MrBlonde|MrBlue|MrOrange
STATE:65:fr225ffff:4c7c|7d6h|4sTs|7h8h|5hKh|7s2h:-50|-100|0|150|0|0:Pluribus|MrWhite|MrBlonde|MrBlue|MrOrange|MrPink
STATE:66:r225fffff:8cJh|3cTs|KcJc|7sJd|Ah2s|QhJs:-50|-100|150|0|0|0:MrWhite|MrBlonde|MrBlue|MrOrange|MrPink|Pluribus
STATE:67:r200r650ffffc/cr1100c/cc/r1800f:5d2s|6sJd|JcJs|TcTh|4dQs|7cKs/7d9d4c/Ad/As:-50|-100|1250|-1100|0|0:MrBlonde|MrBlue|MrOrange|MrPink|Pluribus|MrWhite
STATE:68:fffr250ff:5h7s|6s9d|Qs5d|2cKs|9hJc|8sJs:-50|-100|0|0|0|150:MrBlue|MrOrange|MrPink|Pluribus|MrWhite|MrBlonde
STATE:69:ffr250ffc/cc/cc/r650f:5sJd|7sTs|3cKc|Ah8c|8d6d|2hKd/Qs9cKh/Ad/9d:-50|300|0|0|-250|0:MrOrange|MrPink|Pluribus|MrWhite|MrBlonde|MrBlue
STATE:70:ffr225ffc/cr975f:5s8h|3d4d|5h7d|9hQc|6c8c|4h5d/8dAhKc:-50|-225|0|0|275|0:MrPink|Pluribus|MrWhite|MrBlonde|MrBlue|MrOrange
STATE:71:r250ffffc/cr550f:6sQc|As6h|QsTs|Th4d|Ah3h|9sQd/3sJc3d:-50|-250|300|0|0|0:Pluribus|MrWhite|MrBlonde|MrBlue|MrOrange|MrPink
STATE:72:fr200ffff:2s4h|5sQd|3sTd|KdAh|QsTs|6s8c:-50|-100|0|150|0|0:MrWhite|MrBlonde|MrBlue|MrOrange|MrPink|Pluribus
STATE:73:fr210fffc/cc/cr680f:3c5h|8hAc|3d3s|As6s|TcJh|6hAd/KhTd5c/Qh:-50|-210|0|260|0|0:MrBlonde|MrBlue|MrOrange|MrPink|Pluribus|MrWhite
STATE:74:ffr225fff:8dKs|5h8s|Ad4c|Ah5c|KcKh|Tc9s:-50|-100|0|0|150|0:MrBlue|MrOrange|MrPink|Pluribus|MrWhite|MrBlonde
STATE:75:ffr250fff:Ac6d|Tc3c|5s2s|Td8h|TsKs|8s9d:-50|-100|0|0|150|0:MrOrange|MrPink|Pluribus|MrWhite|MrBlonde|MrBlue
STATE:76:fffff:8d5c|3s4d|6hJc|4hTh|7s2d|7h6s:-50|50|0|0|0|0:MrPink|Pluribus|MrWhite|MrBlonde|MrBlue|MrOrange
STATE:77:ffffcc/r200c/cr500f:7d8c|2dTc|6dAc|Ad5h|8sKs|8h4h/JcQh8d/9h:-200|200|0|0|0|0:Pluribus|MrWhite|MrBlonde|MrBlue|MrOrange|MrPink
STATE:78:fffr250fc/cr525c/cc/cr2175c:9h2s|7sAs|Jd7h|2cTc|3hTs|Qd9c/Kd8c8s/Td/Ac:-50|2225|0|0|0|-2175:MrWhite|MrBlonde|MrBlue|MrOrange|MrPink|Pluribus
STATE:79:fffr225fc/cr600c/cc/cc:Ah4c|7c6h|6c4s|9dJh|2cKc|As4d/Js2s6d/Kd/5h:-50|650|0|0|0|-600:MrBlonde|MrBlue|MrOrange|MrPink|Pluribus|MrWhite
STATE:80:ffffr300f:KcQc|5cJh|Ac4h|4d7d|5h2d|7c5s:100|-100|0|0|0|0:MrBlue|MrOrange|MrPink|Pluribus|MrWhite|MrBlonde
STATE:81:fffr225fr1150c/r1900f:Jh9c|9d9h|5h7s|Ad3c|5c3h|4h4d/8hTs7d:-50|1200|0|0|0|-1150:MrOrange|MrPink|Pluribus|MrWhite|MrBlonde|MrBlue
STATE:82:ffffcc/r200r500c/cc/cc:AdTh|8cQc|Jd6d|3d6h|6s7d|8d9h/TcQh4h/Kh/2d:-500|500|0|0|0|0:MrPink|Pluribus|MrWhite|MrBlonde|MrBlue|MrOrange
STATE:83:ffffr200c/r400f:Js9c|Qc5c|2dQh|QdJh|Jc2c|2hTs/AhKd6h:200|-200|0|0|0|0:Pluribus|MrWhite|MrBlonde|MrBlue|MrOrange|MrPink
STATE:84:ffr210ffc/cr325c/cc/cc:2h7d|9sQh|2s9c|Th6c|QcKd|4hQd/Ad6s9d/3s/7c:-50|375|0|0|-325|0:MrWhite|MrBlonde|MrBlue|MrOrange|MrPink|Pluribus
STATE:85:fffff:4d5s|2c7s|2dAc|8hJh|Qs3d|Th8c:-50|50|0|0|0|0:MrBlonde|MrBlue|MrOrange|MrPink|Pluribus|MrWhite
STATE:86:fr250cfff/r575c/r2525f:6cTh|Qh2c|9cAh|3s3d|TdAd|8dKd/3h9dJc/Kh:-50|-100|0|725|-575|0:MrBlue|MrOrange|MrPink|Pluribus|MrWhite|MrBlonde
STATE:87:fffff:Th2d|7cAc|Qh6c|2s8d|3sAd|4c9d:-50|50|0|0|0|0:MrOrange|MrPink|Pluribus|MrWhite|MrBlonde|MrBlue
STATE:88:ffffcc/r200c/r400f:Jc8s|2d2c|Jd3d|As4c|Qh6s|6c5h/Ts5sAc/4s:200|-200|0|0|0|0:MrPink|Pluribus|MrWhite|MrBlonde|MrBlue|MrOrange
STATE:89:ffffcc/r200c/cr533c/cc:2hAs|9cQd|JdTh|5d7h|Js3h|2c4h/8cQcQh/Ac/5c:-533|533|0|0|0|0:Pluribus|MrWhite|MrBlonde|MrBlue|MrOrange|MrPink
STATE:90:ffffr300c/r600c/r1200c/cr1800f:6d6c|QsTc|5d3h|Js7c|6hQd|9c7h/4sTs4h/3d/3c:-1200|1200|0|0|0|0:MrWhite|MrBlonde|MrBlue|MrOrange|MrPink|Pluribus
STATE:91:ffffr300c/cc/r750f:ThKh|4h4s|7h2h|6cTd|Jd6s|8h5d/Jh7s8c/Ad:300|-300|0|0|0|0:MrBlonde|MrBlue|MrOrange|MrPink|Pluribus|MrWhite
STATE:92:fffr250ff:8dQh|4s9h|TsJh|6d5h|5cTh|Qs5s:-50|-100|0|0|0|150:MrBlue|MrOrange|MrPink|Pluribus|MrWhite|MrBlonde
STATE:93:r225cffff/cc/cc/r825f:Ad3c|Ks4c|AsKd|9c9s|7h5d|5c6s/7c4dQs/Tc/6h:-50|-100|375|-225|0|0:MrOrange|MrPink|Pluribus|MrWhite|MrBlonde|MrBlue
STATE:94:ffr225fff:JsTc|8dTh|3d4d|8cTd|JdAs|7hQh:-50|-100|0|0|150|0:MrPink|Pluribus|MrWhite|MrBlonde|MrBlue|MrOrange
STATE:95:fffr250ff:Ad8c|4h7s|2d5h|7dTh|Qd7c|5d5c:-50|-100|0|0|0|150:Pluribus|MrWhite|MrBlonde|MrBlue|MrOrange|MrPink
STATE:96:fr200ffff:Js5h|6h4d|8sTd|AhKs|KdQs|Jd5c:-50|-100|0|150|0|0:MrWhite|MrBlonde|MrBlue|MrOrange|MrPink|Pluribus
STATE:97:fffff:2c7h|6d6c|5sQd|7s9c|8s9h|Kc4h:-50|50|0|0|0|0:MrBlonde|MrBlue|MrOrange|MrPink|Pluribus|MrWhite
STATE:98:fffff:8d3h|Tc4d|2d6d|5d2s|7dKs|Qd3c:-50|50|0|0|0|0:MrBlue|MrOrange|MrPink|Pluribus|MrWhite|MrBlonde
STATE:99:ffffr300r900c/cr1800c/cr4050c/cc:5c5d|8sAc|9s8c|8dKc|Jh4h|9c6d/5h7c5s/Td/2h:4050|-4050|0|0|0|0:MrOrange|MrPink|Pluribus|MrWhite|MrBlonde|MrBlue
STATE:100:r225ffffc/cr575f:QdKc|3d4d|5cAc|Js6s|JdKh|Ad7h/Jc9cQs:-50|-225|275|0|0|0:MrPink|Pluribus|MrWhite|MrBlonde|MrBlue|MrOrange
STATE:101:fffr250fc/cr650f:6dTc|7d9s|3h8s|8d3d|9c5h|JsJd/3s8c2c:-50|-250|0|0|0|300:Pluribus|MrWhite|MrBlonde|MrBlue|MrOrange|MrPink
STATE:102:fffr225fc/cr475f:JhQd|3s3d|Ad6h|4c2s|Kc3c|5h7h/8cJsTh:-50|-225|0|0|0|275:MrWhite|MrBlonde|MrBlue|MrOrange|MrPink|Pluribus
STATE:103:fr210cffc/ccr550ff:2dJs|2sQs|5hAc|7s8s|KhTh|6h9s/QdAs4d:-50|-210|0|-210|470|0:MrBlonde|MrBlue|MrOrange|MrPink|Pluribus|MrWhite
STATE:104:fr200cr1200ffr4417ff:8sKd|Js6h|7dKs|QhQd|8d8h|4cAc:-50|-100|0|1550|-200|-1200:MrBlue|MrOrange|MrPink|Pluribus|MrWhite|MrBlonde
STATE:105:ffr250r800fff:Qc3s|6dAc|3d5s|7c4h|QdJc|Ah8h:-50|-100|0|0|-250|400:MrOrange|MrPink|Pluribus|MrWhite|MrBlonde|MrBlue
STATE:106:ffr225ffc/cr475c/cc/cr1325f:3dTs|9c9h|QdJc|3sTd|Ad4c|Kc6s/2d6cJd/5h/Kd:-50|-475|0|0|525|0:MrPink|Pluribus|MrWhite|MrBlonde|MrBlue|MrOrange
STATE:107:ffffcc/cc/r200c/cr500f:9dAc|2cQd|6s3d|2h9h|Qc5s|7dJs/Jd5c5h/Qs/7s:-200|200|0|0|0|0:Pluribus|MrWhite|MrBlonde|MrBlue|MrOrange|MrPink
STATE:108:fffr225fr1075c/r2275c/cr4575f:6d2h|JdQd|5s2s|3c2d|6c4c|7hKh/Th6hAh/Js:-50|-2275|0|0|0|2325:MrWhite|MrBlonde|MrBlue|MrOrange|MrPink|Pluribus
STATE:109:ffr225ffr1050f:2sQc|TdTh|Qd5h|6h5c|TcAh|6s8c:-50|275|0|0|-225|0:MrBlonde|MrBlue|MrOrange|MrPink|Pluribus|MrWhite
STATE:110:fffff:4h8s|3sKs|Qc8d|9cQh|ThKd|8h5c:-50|50|0|0|0|0:MrBlue|MrOrange|MrPink|Pluribus|MrWhite|MrBlonde
STATE:111:r225fffff:Qh7s|3s5d|8hKh|Td2d|As4s|Jh2s:-50|-100|150|0|0|0:MrOrange|MrPink|Pluribus|MrWhite|MrBlonde|MrBlue
STATE:112:r225fffff:Jc8h|3cAh|QhTh|9h6h|5c3h|6dJs:-50|-100|150|0|0|0:MrPink|Pluribus|MrWhite|MrBlonde|MrBlue|MrOrange
STATE:113:fffr250fc/cr400f:3d4c|5c5s|7c6d|2sJd|8d3h|9cTd/7hKcTs:-50|-250|0|0|0|300:Pluribus|MrWhite|MrBlonde|MrBlue|MrOrange|MrPink
STATE:114:fffr225fc/cr475c/cc/cr975f:6sTd|3c3s|TsJc|Th6d|8cJs|Ad7s/9dKhKc/Ac/5d:-50|-475|0|0|0|525:MrWhite|MrBlonde|MrBlue|MrOrange|MrPink|Pluribus
STATE:115:fr210ffr1010fc/cc/cr1710c/cr5230c:8h8d|5c2c|Ah4d|As4s|KhJd|2d8c/7h6h5d/Ts/Td:5330|-100|0|-5230|0|0:MrBlonde|MrBlue|MrOrange|MrPink|Pluribus|MrWhite
STATE:116:fr200fr700fff:Th5h|JdKh|7d9c|AsTd|9d3s|KsQh:-50|-100|0|-200|0|350:MrBlue|MrOrange|MrPink|Pluribus|MrWhite|MrBlonde
STATE:117:fr225ffr1150fr2950r10000c///:KsKd|2c9d|5cTc|AsKc|6d3c|7cQs/2d7hAd/5d/8d:10100|-100|0|-10000|0|0:MrOrange|MrPink|Pluribus|MrWhite|MrBlonde|MrBlue
STATE:118:ffr225ffc/cr475c/cc/cc:5c6s|4s9s|6dJc|3c8d|5hKh|7h5d/Ts2d4d/Td/Ks:-50|-475|0|0|525|0:MrPink|Pluribus|MrWhite|MrBlonde|MrBlue|MrOrange
STATE:119:fr225fffc/cr475r1225c/cr3725f:3s2c|7c9c|4cTh|8d9d|Js7s|5d7h/TcJh6h/7d:-50|-1225|0|1275|0|0:Pluribus|MrWhite|MrBlonde|MrBlue|MrOrange|MrPink
STATE:120:fr200fcfc/ccc/r950ff:6cAh|Jd9d|ThAc|4s4d|Kd7d|QhKh/Js5c9c/2d:-50|450|0|-200|0|-200:MrWhite|MrBlonde|MrBlue|MrOrange|MrPink|Pluribus
STATE:121:fffff:4h8s|6s3d|5dKh|7d9d|Qd2c|Kd3s:-50|50|0|0|0|0:MrBlonde|MrBlue|MrOrange|MrPink|Pluribus|MrWhite
STATE:122:r210fffff:JsTc|Ts6s|AhJd|2c4s|QsJc|Td4c:-50|-100|150|0|0|0:MrBlue|MrOrange|MrPink|Pluribus|MrWhite|MrBlonde
STATE:123:fffr225fc/cr475c/cc/r775r1325r4025c:Jh2h|9sJs|4cAs|7c6s|6c7d|TdKs/8cQh5d/Tc/Ts:-50|4075|0|0|0|-4025:MrOrange|MrPink|Pluribus|MrWhite|MrBlonde|MrBlue
STATE:124:ffr225fff:As5d|5hTd|9h8d|6sKh|Ah3c|9c6c:-50|-100|0|0|150|0:MrPink|Pluribus|MrWhite|MrBlonde|MrBlue|MrOrange
STATE:125:fffr250fc/cr400f:7dTc|5s7s|Qs7h|8s3d|Jh2s|AhKc/Ks9cKd:-50|-250|0|0|0|300:Pluribus|MrWhite|MrBlonde|MrBlue|MrOrange|MrPink
STATE:126:fffff:4sTd|6sQc|7c5h|Ad9h|2dJc|5d8c:-50|50|0|0|0|0:MrWhite|MrBlonde|MrBlue|MrOrange|MrPink|Pluribus
STATE:127:fffff:2d9h|Kd3d|Jh8d|2hTc|Ts4h|2s6d:-50|50|0|0|0|0:MrBlonde|MrBlue|MrOrange|MrPink|Pluribus|MrWhite
STATE:128:r210fffff:4hAc|3hTs|AhAs|4s8s|3d2s|4c7h:-50|-100|150|0|0|0:MrBlue|MrOrange|MrPink|Pluribus|MrWhite|MrBlonde
STATE:129:fr225ffff:6hJd|4d7h|Kd8h|4cAc|7s5h|5c8s:-50|-100|0|150|0|0:MrOrange|MrPink|Pluribus|MrWhite|MrBlonde|MrBlue
STATE:130:r225ffffc/cr525f:QhKd|5s5d|Jd9d|3c2s|8d9c|6cTc/7dKhQs:-50|-225|275|0|0|0:MrPink|Pluribus|MrWhite|MrBlonde|MrBlue|MrOrange
STATE:131:fffr250ff:7c5c|Kc7h|3c3h|Kh7s|3d2s|9d8d:-50|-100|0|0|0|150:Pluribus|MrWhite|MrBlonde|MrBlue|MrOrange|MrPink
STATE:132:fffff:9s7d|4d4c|2dAc|Js2h|4hTd|Qd7h:-50|50|0|0|0|0:MrWhite|MrBlonde|MrBlue|MrOrange|MrPink|Pluribus
STATE:133:ffr225fff:7cTd|4cQd|2c2d|3hAd|Ac9s|6s8h:-50|-100|0|0|150|0:MrBlonde|MrBlue|MrOrange|MrPink|Pluribus|MrWhite
STATE:134:fffr250ff:As3h|3d9h|6cTd|Js4h|Th8s|7s7d:-50|-100|0|0|0|150:MrBlue|MrOrange|MrPink|Pluribus|MrWhite|MrBlonde
STATE:135:fffr225fr1150f:8s2c|8c6c|Jc6d|JsTh|5hAc|5cAd:-50|275|0|0|0|-225:MrOrange|MrPink|Pluribus|MrWhite|MrBlonde|MrBlue
STATE:136:r225ffffc/cr475c/cc/r1475f:6d4s|4cQc|5h6h|Jh7c|Ks8d|3h9h/QhQdTh/6c/2d:-50|525|-475|0|0|0:MrPink|Pluribus|MrWhite|MrBlonde|MrBlue|MrOrange
STATE:137:ffffcc/r200f:6s3s|9s6d|As9c|9hQd|8dJs|Kc3h/6cKsTh:100|-100|0|0|0|0:Pluribus|MrWhite|MrBlonde|MrBlue|MrOrange|MrPink
STATE:138:ffr210ffc/cr445c/cr745r10000c/:5cKh|ThKd|2s6s|3hJs|KcQh|3sAc/QcAsTd/Jd/7c:-50|25|0|0|25|0:MrWhite|MrBlonde|MrBlue|MrOrange|MrPink|Pluribus
STATE:139:fffff:Ad2s|Jd8d|7s6s|7dTh|9cQd|Js2h:-50|50|0|0|0|0:MrBlonde|MrBlue|MrOrange|MrPink|Pluribus|MrWhite
STATE:140:fffr250fc/cc/cr600f:4s6h|7d6d|Jc3c|2h9d|Tc5d|Ah5h/QcKdJh/9c:-50|-250|0|0|0|300:MrBlue|MrOrange|MrPink|Pluribus|MrWhite|MrBlonde
STATE:141:ffr250fr1150ff:KhAd|2d3c|Th2c|7dTc|9cAs|Ac3d:350|-100|0|0|-250|0:MrOrange|MrPink|Pluribus|MrWhite|MrBlonde|MrBlue
STATE:142:fffff:Ts2h|TdKs|3c2s|As4d|Jd4c|Tc4s:-50|50|0|0|0|0:MrPink|Pluribus|MrWhite|MrBlonde|MrBlue|MrOrange
STATE:143:r250fffff:Jc5d|9c6h|QhKd|3s4h|6dQc|3c9d:-50|-100|150|0|0|0:Pluribus|MrWhite|MrBlonde|MrBlue|MrOrange|MrPink
STATE:144:fffr250ff:KsTc|4c3d|4s2s|Td6s|4d9c|AdQs:-50|-100|0|0|0|150:MrWhite|MrBlonde|MrBlue|MrOrange|MrPink|Pluribus
STATE:145:fr210r612ffff:As6s|7dQs|7h2h|KhJs|AcQh|2c6c:-50|-100|0|-210|360|0:MrBlonde|MrBlue|MrOrange|MrPink|Pluribus|MrWhite
STATE:146:fr225ffff:2dKd|Kc4s|6dTd|JsQh|9sAc|Jc8d:-50|-100|0|150|0|0:MrBlue|MrOrange|MrPink|Pluribus|MrWhite|MrBlonde
STATE:147:ffr250cff/r650c/cc/r1150f:9cQd|7s2d|9s5h|5cKs|As6s|8c8d/Kh2s2c/Tc/Qh:-50|-100|0|0|800|-650:MrOrange|MrPink|Pluribus|MrWhite|MrBlonde|MrBlue
STATE:148:fffr300ff:8sJh|Th4d|2c4h|3c8h|Qs8d|Ac7s:-50|-100|0|0|0|150:MrPink|Pluribus|MrWhite|MrBlonde|MrBlue|MrOrange
STATE:149:ffr225fff:6dJd|9c7d|8sKh|ThKs|QhAh|8h5h:-50|-100|0|0|150|0:Pluribus|MrWhite|MrBlonde|MrBlue|MrOrange|MrPink
STATE:150:r225fr700fffc/cc/cc/cc:3dKh|KdTc|AcJc|4s2s|7c7d|Js9c/5dQd9s/3s/As:-50|-100|850|0|-700|0:MrWhite|MrBlonde|MrBlue|MrOrange|MrPink|Pluribus
STATE:151:r200ffffc/cc/cr350f:2cJs|QsTs|TcTd|Kd4h|8h5h|2d7s/6d4c9c/4d:-50|-200|250|0|0|0:MrBlonde|MrBlue|MrOrange|MrPink|Pluribus|MrWhite
STATE:152:ffffcc/cc/cr200f:3hAc|6d8s|4h6h|Ks7h|9c2d|7c5h/Qh4dQd/6c:-100|100|0|0|0|0:MrBlue|MrOrange|MrPink|Pluribus|MrWhite|MrBlonde
STATE:153:fffr225fc/cr475f:ThAs|7sKd|Td2s|6c5d|6h4d|2h2d/Qd8s5c:-50|-225|0|0|0|275:MrOrange|MrPink|Pluribus|MrWhite|MrBlonde|MrBlue
STATE:154:fffff:8c3c|6sAh|JhKs|Kc2h|Jc2c|7dTc:-50|50|0|0|0|0:MrPink|Pluribus|MrWhite|MrBlonde|MrBlue|MrOrange
STATE:155:fffr250ff:Ad7h|8c5d|Jd3s|5c6d|9h4h|Td8d:-50|-100|0|0|0|150:Pluribus|MrWhite|MrBlonde|MrBlue|MrOrange|MrPink
STATE:156:ffr210fff:2c5s|7h2d|7cJc|Jd4h|TcTs|3c9d:-50|-100|0|0|150|0:MrWhite|MrBlonde|MrBlue|MrOrange|MrPink|Pluribus
STATE:157:ffffr300c/cr600r1800c/cr3000f:5d8d|5c5s|9hTc|9s2s|Ac6h|3c6s/4c3d7c/7h:-1800|1800|0|0|0|0:MrBlonde|MrBlue|MrOrange|MrPink|Pluribus|MrWhite
STATE:158:fffff:2s5s|8c5c|Qc4d|7c6d|Js6s|3cTs:-50|50|0|0|0|0:MrBlue|MrOrange|MrPink|Pluribus|MrWhite|MrBlonde
STATE:159:fr225fffc/cr475r975f:Qc9s|Qd8d|7h2s|9c8c|Ah6s|JdQs/Js5c5d:-50|525|0|-475|0|0:MrOrange|MrPink|Pluribus|MrWhite|MrBlonde|MrBlue
STATE:160:ffffr300c/cr600f:Td8d|7cAh|4sJc|As5d|3dKc|Jd6c/3s4d5h:-300|300|0|0|0|0:MrPink|Pluribus|MrWhite|MrBlonde|MrBlue|MrOrange
STATE:161:ffffr250c/cc/cr625f:2h2c|9sQd|8h9c|4c3s|7c3d|5s3h/JsAd4s/7s:-250|250|0|0|0|0:Pluribus|MrWhite|MrBlonde|MrBlue|MrOrange|MrPink
STATE:162:ffr210fr730fc/r1729r3308f:8d9d|3h8c|2c8s|9c2h|JhAs|6sQs/Jd4c6c:-1729|-100|0|0|1829|0:MrWhite|MrBlonde|MrBlue|MrOrange|MrPink|Pluribus
STATE:163:ffffr300c/cc/cr750r2500f:KsKd|6s7h|2hQc|6dAc|3sQd|2d8h/ThKc3c/4s:750|-750|0|0|0|0:MrBlonde|MrBlue|MrOrange|MrPink|Pluribus|MrWhite
STATE:164:fffr250r1100ff:JcTc|4d7s|Ks8d|Qc9d|Qs3s|6hJh:350|-100|0|0|0|-250:MrBlue|MrOrange|MrPink|Pluribus|MrWhite|MrBlonde
STATE:165:fffr225fc/cc/cr475c/cc:Qd6c|2sAs|4c3c|Td7s|Ah5c|AdKh/7h9dTh/Jc/Ts:-50|-475|0|0|0|525:MrOrange|MrPink|Pluribus|MrWhite|MrBlonde|MrBlue
STATE:166:fffr275r1100r2401ff:KcQh|AhKs|7d2d|9cQd|5c8s|9d9s:-1100|1375|0|0|0|-275:MrPink|Pluribus|MrWhite|MrBlonde|MrBlue|MrOrange
STATE:167:fffr250cc/ccr1000ff:3sAs|8dJs|3hQd|4cKc|7h6s|5dAh/9dAdKs:-250|-250|0|0|0|500:Pluribus|MrWhite|MrBlonde|MrBlue|MrOrange|MrPink
STATE:168:ffr210ffc/cr325f:4dKd|8hKc|6h9d|Jh7c|8s7s|Tc2s/Td2d7d:-50|-210|0|0|260|0:MrWhite|MrBlonde|MrBlue|MrOrange|MrPink|Pluribus
STATE:169:fffr225r1025fc/r2150c/r4300f:8dTd|Kh6d|4s7c|3s9s|9h7d|AcQh/JhKd4c/7h:2250|-100|0|0|0|-2150:MrBlonde|MrBlue|MrOrange|MrPink|Pluribus|MrWhite
STATE:170:ffffcc/cc/r250c/r2250f:8hJd|Qs3s|Jh7d|9c8s|5sQd|2d8c/2s4dAh/Ad/Kc:250|-250|0|0|0|0:MrBlue|MrOrange|MrPink|Pluribus|MrWhite|MrBlonde
STATE:171:fcfr275ffc/cr575f:Kc9c|5sQd|Tc5d|Qs9d|2cQc|3c3h/5c2hAs:-50|-100|0|-275|0|425:MrOrange|MrPink|Pluribus|MrWhite|MrBlonde|MrBlue
STATE:172:fffr275fr1535f:Qs6d|KcAs|5s3s|6h8d|5h2h|8sKs:-50|325|0|0|0|-275:MrPink|Pluribus|MrWhite|MrBlonde|MrBlue|MrOrange
STATE:173:ffr222r700fff:2hJh|JsKc|5d8s|7dQh|QdTc|TsTd:-50|-100|0|0|-222|372:Pluribus|MrWhite|MrBlonde|MrBlue|MrOrange|MrPink
STATE:174:ffffr300r1000c/cr1700f:KcTc|8c8s|Js4h|2c3c|8d7c|8hQc/QhQs2d:-1000|1000|0|0|0|0:MrWhite|MrBlonde|MrBlue|MrOrange|MrPink|Pluribus
STATE:175:ffffr300c/cc/cc/cr750c:7sAh|As2h|Kc2s|TsJh|7c6s|4s8c/8d8s9d/6c/2c:-750|750|0|0|0|0:MrBlonde|MrBlue|MrOrange|MrPink|Pluribus|MrWhite
STATE:176:fffr250ff:7d5s|4c9d|7h9h|5cQc|6c9c|Kd3d:-50|-100|0|0|0|150:MrBlue|MrOrange|MrPink|Pluribus|MrWhite|MrBlonde
STATE:177:ffffr300c/cr600c/cc/cc:AhAc|Qs8s|7s3h|5s6c|Qc6s|Kh7d/4hAs7h/Th/4c:600|-600|0|0|0|0:MrOrange|MrPink|Pluribus|MrWhite|MrBlonde|MrBlue
STATE:178:fffr227ff:4sQc|2sTd|3cQs|9h7d|8s6c|KsJd:-50|-100|0|0|0|150:MrPink|Pluribus|MrWhite|MrBlonde|MrBlue|MrOrange
STATE:179:ffffcr400f:5hQc|KsQs|Kh4d|7hAd|3s9d|7dJc:-100|100|0|0|0|0:Pluribus|MrWhite|MrBlonde|MrBlue|MrOrange|MrPink
STATE:180:fffff:8hJs|JdJc|Ts7h|7s2s|2h6h|Qc6d:-50|50|0|0|0|0:MrWhite|MrBlonde|MrBlue|MrOrange|MrPink|Pluribus
STATE:181:r200fffff:7cKc|5hTc|3sAs|5s9h|Qd3c|7h9c:-50|-100|150|0|0|0:MrBlonde|MrBlue|MrOrange|MrPink|Pluribus|MrWhite
STATE:182:r210fffff:5s9h|Qh9s|QcQd|8sQs|As7h|2s4c:-50|-100|150|0|0|0:MrBlue|MrOrange|MrPink|Pluribus|MrWhite|MrBlonde
STATE:183:fr225ffff:9c8h|2hQc|4c8c|5h5d|8dAs|7d6h:-50|-100|0|150|0|0:MrOrange|MrPink|Pluribus|MrWhite|MrBlonde|MrBlue
STATE:184:fffr200fc/cr300c/r462c/r949r3871f:Ks5h|KcJs|3sTs|Qs5c|7c6h|7s7d/5s4s8s/6s/Jc:-50|-949|0|0|0|999:MrPink|Pluribus|MrWhite|MrBlonde|MrBlue|MrOrange
STATE:185:fffff:2d7s|Jh2c|4s6s|Ad4h|5sTd|Ts5d:-50|50|0|0|0|0:Pluribus|MrWhite|MrBlonde|MrBlue|MrOrange|MrPink
STATE:186:ffffr300f:Ad9d|3cKh|9hAc|8c6c|Jd6d|3h7d:100|-100|0|0|0|0:MrWhite|MrBlonde|MrBlue|MrOrange|MrPink|Pluribus
STATE:187:r200fcffc/ccr850fc/cr3775c/cc:6s3h|Qd8c|KhTh|As2h|4dAd|9s3c/7hQsKc/Kd/4h:-50|-200|4025|0|-3775|0:MrBlonde|MrBlue|MrOrange|MrPink|Pluribus|MrWhite
STATE:188:fr200ffff:7c2c|7d3h|2dQc|JsKd|2sAh|4d5c:-50|-100|0|150|0|0:MrBlue|MrOrange|MrPink|Pluribus|MrWhite|MrBlonde
STATE:189:fffff:7cKs|6cTs|Js6h|2dQd|3hQs|2s9h:-50|50|0|0|0|0:MrOrange|MrPink|Pluribus|MrWhite|MrBlonde|MrBlue
STATE:190:fffff:4hQs|QcTc|Kd7h|7d9h|3s7s|9dJh:-50|50|0|0|0|0:MrPink|Pluribus|MrWhite|MrBlonde|MrBlue|MrOrange
STATE:191:ffr222r700fcc/ccc/r1477ff:QhTc|KdTd|3dKs|Th7d|5s5c|AsJh/Jd8d9d/7s:-50|1450|0|0|-700|-700:Pluribus|MrWhite|MrBlonde|MrBlue|MrOrange|MrPink
STATE:192:fffr200ff:As9h|Ts6h|Jd8c|2sQh|5d7s|QcTc:-50|-100|0|0|0|150:MrWhite|MrBlonde|MrBlue|MrOrange|MrPink|Pluribus
STATE:193:r200ffffc/cc/cc/cc:Th5h|7h3h|AsQc|QsTs|9d4d|7c6s/8s3s4c/5s/2h:-50|-200|250|0|0|0:MrBlonde|MrBlue|MrOrange|MrPink|Pluribus|MrWhite
STATE:194:fr250fr800ffc/cr1800c/cc/cc:3h6h|8dQh|Jc6d|6s7s|5s4s|TcAc/Qc8s6c/9s/Td:-50|-100|0|1950|0|-1800:MrBlue|MrOrange|MrPink|Pluribus|MrWhite|MrBlonde
