# name/game/hands/seed sample_game_114 ../lib/python-client/acpc_infrastructure/holdem.nolimit.6p.game 10000 114
#--t_response 600000000
#--t_hand 600000000
#--t_per_hand 600000000
STATE:0:fr225ffff:4cKh|2cKd|Kc2h|7d7s|JsQd|6c9c:-50|-100|0|150|0|0:Eddie|MrPink|MrOrange|MrWhite|MrBlue|Pluribus
STATE:1:fr225fr750ffc/cr1080r2925r4770c/r10000c/:Ks2d|8hTc|Jh9s|AdKd|4h4s|KhAc/6c2sAs/3c/8d:-50|-100|0|75|0|75:MrPink|MrOrange|MrWhite|MrBlue|Pluribus|Eddie
STATE:2:fffff:7c4h|9d6d|2c7h|7dKh|Kc2s|8h5c:-50|50|0|0|0|0:MrOrange|MrWhite|MrBlue|Pluribus|Eddie|MrPink
STATE:3:r200ffcfc/ccr400fc/cc/cc:5s6h|Td7d|QcAs|9hKs|2s4d|8h8c/5hAc7h/Qh/4h:-50|-200|-400|0|0|650:MrWhite|MrBlue|Pluribus|Eddie|MrPink|MrOrange
STATE:4:fr210ffff:Ts4c|7sQc|Js5c|7c7d|As5d|4s9c:-50|-100|0|150|0|0:MrBlue|Pluribus|Eddie|MrPink|MrOrange|MrWhite
STATE:5:ffr225ffc/cr475f:8cKh|Jh2h|7d5h|Qs7s|9sJs|Ks8h/6c3dQd:-50|-225|0|0|275|0:Pluribus|Eddie|MrPink|MrOrange|MrWhite|MrBlue
STATE:6:fffr200fc/cr425f:3c9s|4s2s|Kc9h|7s5d|6c2c|Ah6d/7c6hTc:-50|-200|0|0|0|250:Eddie|MrPink|MrOrange|MrWhite|MrBlue|Pluribus
STATE:7:fffr225cf/cc/r625c/cc:JdTh|Td2s|4d7h|4hKh|3d9d|Qd2d/AdQh5h/3s/6s:-625|-100|0|0|0|725:MrPink|MrOrange|MrWhite|MrBlue|Pluribus|Eddie
STATE:8:r225ffffc/cc/cc/cr425c:7d3h|9s9d|AcTc|6hTh|Js8c|9c5s/7sTdJh/4d/2s:-50|-425|475|0|0|0:MrOrange|MrWhite|MrBlue|Pluribus|Eddie|MrPink
STATE:9:ffr210r700fff:8d7s|9s4d|9h2c|5cTd|ThQd|JcJh:-50|-100|0|0|-210|360:MrWhite|MrBlue|Pluribus|Eddie|MrPink|MrOrange
STATE:10:fr210fffc/cr325f:6d3s|7hQh|8hJs|5sAs|Kd3h|8s6c/2hAc5d:-50|-210|0|260|0|0:MrBlue|Pluribus|Eddie|MrPink|MrOrange|MrWhite
STATE:11:r210ffcff/cc/r910f:6d4c|2d4h|KdAd|Td4s|4dKc|9c9h/ThQs3d/2h:-50|-100|360|0|0|-210:Pluribus|Eddie|MrPink|MrOrange|MrWhite|MrBlue
STATE:12:fffff:2c8h|8d4d|8s6d|9cKs|6s3c|Ah3s:-50|50|0|0|0|0:Eddie|MrPink|MrOrange|MrWhite|MrBlue|Pluribus
STATE:13:ffffcc/r200c/cr350f:Th2h|4h7d|Qd3c|Ah8c|Ts4d|2d3d/3h8d7c/8s:-200|200|0|0|0|0:MrPink|MrOrange|MrWhite|MrBlue|Pluribus|Eddie
STATE:14:fffr250fc/cr425f:5s3c|Qc4h|4cTh|9c2c|2s6h|4s3s/Jd9sJs:-50|-250|0|0|0|300:MrOrange|MrWhite|MrBlue|Pluribus|Eddie|MrPink
STATE:15:fffff:4h8s|5h4d|Th2d|7h8d|Qh4c|5s2h:-50|50|0|0|0|0:MrWhite|MrBlue|Pluribus|Eddie|MrPink|MrOrange
STATE:16:fr210fffc/cc/cc/cc:Ac4h|Js3s|Jc4c|7d7s|9d6c|9h4d/Td8d2d/5s/As:-50|-210|0|260|0|0:MrBlue|Pluribus|Eddie|MrPink|MrOrange|MrWhite
STATE:17:fr205ffr1200ff:QhQc|6s4d|5hKh|QsKc|Jd4s|TcKs:305|-100|0|-205|0|0:Pluribus|Eddie|MrPink|MrOrange|MrWhite|MrBlue
STATE:18:ffffr235r705f:7d8c|QcTc|JcKh|Ah6c|Ts4c|9s5s:-235|235|0|0|0|0:Eddie|MrPink|MrOrange|MrWhite|MrBlue|Pluribus
STATE:19:ffffcc/r200f:Th5h|7c4h|QcJs|9h6h|5d2s|4d3h/KdTc9c:100|-100|0|0|0|0:MrPink|MrOrange|MrWhite|MrBlue|Pluribus|Eddie
STATE:20:ffffr250c/r550c/r1950c/r5505f:AsKd|Kh8d|KcQd|5h8h|Js4s|5cJh/7d9dKs/3c/Ts:1950|-1950|0|0|0|0:MrOrange|MrWhite|MrBlue|Pluribus|Eddie|MrPink
STATE:21:fffff:6hQd|3h9h|Jd5c|2dJc|Ts7c|6c2c:-50|50|0|0|0|0:MrWhite|MrBlue|Pluribus|Eddie|MrPink|MrOrange
STATE:22:fffr225fc/cr475c/cr975c/cr1650c:Td2h|Jh9h|3c5c|Kd3d|6sJs|JcTs/7c8s7s/Jd/9s:-50|-1650|0|0|0|1700:MrBlue|Pluribus|Eddie|MrPink|MrOrange|MrWhite
STATE:23:ffffcc/r300c/cr600f:Qs8h|Js9h|Th4s|5s6d|9d6c|6s4d/3s7hTd/4h:-300|300|0|0|0|0:Pluribus|Eddie|MrPink|MrOrange|MrWhite|MrBlue
STATE:24:ffr225fcc/ccc/ccc/ccr562fc:9s8s|Kc4c|3h3s|5d6s|AdKd|9h6d/Tc4h2d/Js/Ac:-225|-562|0|0|787|0:Eddie|MrPink|MrOrange|MrWhite|MrBlue|Pluribus
STATE:25:r225fffff:7c3d|Ac6s|JdTd|9h4d|3h7h|5d3c:-50|-100|150|0|0|0:MrPink|MrOrange|MrWhite|MrBlue|Pluribus|Eddie
STATE:26:r225ffcff/cr525c/cc/cc:2s4d|Th5s|TsJs|9sAh|5cKs|Ac2c/Td3s4s/6s/As:-50|-100|675|0|0|-525:MrOrange|MrWhite|MrBlue|Pluribus|Eddie|MrPink
STATE:27:fffr225ff:7sJc|Kc4s|9cAs|Jh8d|Qh6c|KhQc:-50|-100|0|0|0|150:MrWhite|MrBlue|Pluribus|Eddie|MrPink|MrOrange
STATE:28:ffr210ffc/cc/r680c/r2090c:7h2h|Td8h|7c8d|Jd7s|TcTh|5h3h/2cQc9c/6h/3c:-50|-2090|0|0|2140|0:MrBlue|Pluribus|Eddie|MrPink|MrOrange|MrWhite
STATE:29:fffr225ff:7s8c|2d9h|8h9c|3hTc|9dQs|TsJc:-50|-100|0|0|0|150:Pluribus|Eddie|MrPink|MrOrange|MrWhite|MrBlue
STATE:30:ffffr235c/r520f:AhKc|Qd9s|7cKh|3c6s|Jh4h|6dJs/Kd7h5h:235|-235|0|0|0|0:Eddie|MrPink|MrOrange|MrWhite|MrBlue|Pluribus
STATE:31:fffr225ff:6d3h|2s6s|6c3s|4d6h|2dAc|4hQh:-50|-100|0|0|0|150:MrPink|MrOrange|MrWhite|MrBlue|Pluribus|Eddie
STATE:32:fffff:4hTs|Kc2s|Qh8c|5s2c|3cJs|4d6c:-50|50|0|0|0|0:MrOrange|MrWhite|MrBlue|Pluribus|Eddie|MrPink
STATE:33:fr200fffc/cr610f:Ks7d|5hAs|Qc2h|KcQh|8d4h|3h2d/6c9dTh:-50|-200|0|250|0|0:MrWhite|MrBlue|Pluribus|Eddie|MrPink|MrOrange
STATE:34:r200ffccf/ccr500fr850c/cc/cc:JdKs|Jh2h|JcKh|6sTh|Ah9s|8s8h/Td5h6h/4s/3s:-200|-100|-850|0|0|1150:MrBlue|Pluribus|Eddie|MrPink|MrOrange|MrWhite
STATE:35:ffr225fcr1250cf/r2850c/cr4500c/cc:9sAs|JdJs|Qd3h|7sQc|9d9c|6cKd/6s2h3c/Qh/Ts:-225|4725|0|0|-4500|0:Pluribus|Eddie|MrPink|MrOrange|MrWhite|MrBlue
STATE:36:ffr225ffc/cc/r925f:Kc3h|8d7c|6h2c|6dAc|Ah5d|7dTs/9h9sKd/2h:-50|275|0|0|-225|0:Eddie|MrPink|MrOrange|MrWhite|MrBlue|Pluribus
STATE:37:ffffcr350f:Qc6d|4hQh|3d9s|9hAc|7dKs|2d5c:-100|100|0|0|0|0:MrPink|MrOrange|MrWhite|MrBlue|Pluribus|Eddie
STATE:38:r225ffcfr950cf/r2250f:2sJc|8d7d|3d4d|6c5h|2cJd|9h8h/2hTs9s:-50|1225|-950|0|0|-225:MrOrange|MrWhite|MrBlue|Pluribus|Eddie|MrPink
STATE:39:r200r650ffffc/cc/cr1800c/cc:KsJd|2s3d|Ad9d|JsTs|4hJc|2d7c/Ac7h5c/8s/Th:-50|-100|1950|-1800|0|0:MrWhite|MrBlue|Pluribus|Eddie|MrPink|MrOrange
STATE:40:fffff:Jd4h|Tc7d|8hAs|6c2h|2s3h|5d4s:-50|50|0|0|0|0:MrBlue|Pluribus|Eddie|MrPink|MrOrange|MrWhite
STATE:41:ffr225fff:TcQh|8h5s|7h2d|Td6d|2sAs|5h2c:-50|-100|0|0|150|0:Pluribus|Eddie|MrPink|MrOrange|MrWhite|MrBlue
STATE:42:ffr225ffc/cr475r975f:5hTd|6h6c|Kh7s|As7d|QcTh|7cJh/3c6dJs:-50|525|0|0|-475|0:Eddie|MrPink|MrOrange|MrWhite|MrBlue|Pluribus
STATE:43:fffr225fc/cr575r1250c/r3205f:Jc7d|Ts8c|4h8d|7sAc|Jd3d|AsTd/7c6sKs/5d:-50|1300|0|0|0|-1250:MrPink|MrOrange|MrWhite|MrBlue|Pluribus|Eddie
STATE:44:ffffr250r750r1900f:AdAh|6d3d|7d6s|5c9d|2cAs|5s4d:750|-750|0|0|0|0:MrOrange|MrWhite|MrBlue|Pluribus|Eddie|MrPink
STATE:45:fffff:6h7d|6d3d|Kc7h|5d7s|2h9c|6sTc:-50|50|0|0|0|0:MrWhite|MrBlue|Pluribus|Eddie|MrPink|MrOrange
STATE:46:fffr225r1100ff:9c9s|Qd7s|4h3h|8dTh|7c4s|6dKd:325|-100|0|0|0|-225:MrBlue|Pluribus|Eddie|MrPink|MrOrange|MrWhite
STATE:47:ffr225fff:9c8s|7cTd|8c6s|Kd8h|QcJd|TcJs:-50|-100|0|0|150|0:Pluribus|Eddie|MrPink|MrOrange|MrWhite|MrBlue
STATE:48:ffffr235r705c/cr1155c/cr2555c/cr10000c:QcJc|KhKd|3d4c|6hAd|Ts2d|6dKc/9s3c8s/Jd/8d:-10000|10000|0|0|0|0:Eddie|MrPink|MrOrange|MrWhite|MrBlue|Pluribus
STATE:49:ffffcc/cr200c/cc/cr350c:2sKs|3hAs|8s5h|2h7s|6c9d|3c4d/Ad4c3d/4s/6h:-350|350|0|0|0|0:MrPink|MrOrange|MrWhite|MrBlue|Pluribus|Eddie
STATE:50:ffffr250c/r400c/r1400f:Ac6c|7sJd|9c8d|Qc3h|8sTd|Qh5s/6sJcAh/4s:400|-400|0|0|0|0:MrOrange|MrWhite|MrBlue|Pluribus|Eddie|MrPink
STATE:51:ffffr300c/cc/r750f:ThQs|6sAd|5cKh|7dQd|4s9d|Tc4h/Qh8h4c/Jh:300|-300|0|0|0|0:MrWhite|MrBlue|Pluribus|Eddie|MrPink|MrOrange
STATE:52:fffff:6h9c|KsJs|8c9s|2sQc|8d4c|Qs4s:-50|50|0|0|0|0:MrBlue|Pluribus|Eddie|MrPink|MrOrange|MrWhite
STATE:53:r210ffffc/cr680f:9h5s|6s7c|Ac5c|Ts6c|6d3s|8cQs/9s3hTh:-50|-210|260|0|0|0:Pluribus|Eddie|MrPink|MrOrange|MrWhite|MrBlue
STATE:54:ffr225ffr1150f:Qc5s|9d7d|4d3s|4hJs|JcTd|5d9h:-50|275|0|0|-225|0:Eddie|MrPink|MrOrange|MrWhite|MrBlue|Pluribus
STATE:55:ffr200ffc/cr650f:5d4c|9sQh|7c8h|4d6s|Jc8c|Jd5s/Tc7d5h:-50|-200|0|0|250|0:MrPink|MrOrange|MrWhite|MrBlue|Pluribus|Eddie
STATE:56:fr250fffc/cr525f:4dQc|7h8c|Th4h|9d9c|JsKh|6hTs/2h6d6s:-50|-250|0|300|0|0:MrOrange|MrWhite|MrBlue|Pluribus|Eddie|MrPink
STATE:57:ffr210ffc/cc/cc/r562f:Ks6d|5dJd|4d8h|8cTd|3h3c|Ah6c/Ts7s6h/Qs/9h:-50|260|0|0|-210|0:MrWhite|MrBlue|Pluribus|Eddie|MrPink|MrOrange
STATE:58:fffr225cf/cr500f:3h3c|7dTh|6hJd|5hKd|2s9d|TdQh/Qs9s4s:-225|-100|0|0|0|325:MrBlue|Pluribus|Eddie|MrPink|MrOrange|MrWhite
STATE:59:ffffcr300f:Qh8s|6d6c|7c5s|6s5d|2s4c|7d3c:-100|100|0|0|0|0:Pluribus|Eddie|MrPink|MrOrange|MrWhite|MrBlue
STATE:60:fr225ffcc/ccc/r450ff:6hAh|6c7d|2d5h|AcKc|Ks9s|2s6d/7s4sQs/3h:450|-225|0|-225|0|0:Eddie|MrPink|MrOrange|MrWhite|MrBlue|Pluribus
STATE:61:fffr225ff:Ac9d|2s4d|7d8s|2c4s|6c4h|KhTd:-50|-100|0|0|0|150:MrPink|MrOrange|MrWhite|MrBlue|Pluribus|Eddie
STATE:62:ffffr250f:Ad5d|2cQd|7hJd|8h3c|8dQc|2h9c:100|-100|0|0|0|0:MrOrange|MrWhite|MrBlue|Pluribus|Eddie|MrPink
STATE:63:fffr225fc/cr375f:2hTs|Jh6h|3hQd|3d9c|Tc4d|8cAc/8d7cAs:-50|-225|0|0|0|275:MrWhite|MrBlue|Pluribus|Eddie|MrPink|MrOrange
STATE:64:fr210cfff/cc/r445c/cc:3d5d|Kd4c|Kh3h|7d8d|AdQd|7s6d/Ts2h2s/7c/5h:-50|-100|0|595|-445|0:MrBlue|Pluribus|Eddie|MrPink|MrOrange|MrWhite
STATE:65:fffr225ff:8hAd|9h2c|Tc4s|As5h|6hJs|6c9c:-50|-100|0|0|0|150:Pluribus|Eddie|MrPink|MrOrange|MrWhite|MrBlue
STATE:66:fr225ffff:7h8s|3cKs|Td4h|TcAd|5d4c|Kh5s:-50|-100|0|150|0|0:Eddie|MrPink|MrOrange|MrWhite|MrBlue|Pluribus
STATE:67:fffr225r1050fc/r1750r2800c/cc/cc:QsJs|4hTd|Th5d|9hAd|2cAh|KdJc/JdKs9d/Tc/4d:2900|-100|0|0|0|-2800:MrPink|MrOrange|MrWhite|MrBlue|Pluribus|Eddie
STATE:68:fffr250fc/cc/cc/cr525f:4d7c|KdQc|Js9h|Ks2d|8sTc|Kh6h/7dJc2s/3h/As:-50|-250|0|0|0|300:MrOrange|MrWhite|MrBlue|Pluribus|Eddie|MrPink
STATE:69:r200ffffc/cr425c/cr1325c/cc:8d7s|TdJd|QdQh|4s3c|5s4d|TcKs/Jh9dQc/3h/Kh:-50|1375|-1325|0|0|0:MrWhite|MrBlue|Pluribus|Eddie|MrPink|MrOrange
STATE:70:fr210ffff:As4d|Ks5d|8d6c|AdKh|5c2c|Js3h:-50|-100|0|150|0|0:MrBlue|Pluribus|Eddie|MrPink|MrOrange|MrWhite
STATE:71:ffr225fff:8cTh|3cQh|4s2c|QsTd|5c5s|Js9h:-50|-100|0|0|150|0:Pluribus|Eddie|MrPink|MrOrange|MrWhite|MrBlue
STATE:72:fffr200fc/cc/cc/r350r1100c:Ac2h|9c4c|3h5s|ThKc|9h6d|AsQs/2d3s7c/Qd/4h:-50|-1100|0|0|0|1150:Eddie|MrPink|MrOrange|MrWhite|MrBlue|Pluribus
