# name/game/hands/seed sample_game_41 ../lib/python-client/acpc_infrastructure/holdem.nolimit.6p.game 10000 41
#--t_response 600000000
#--t_hand 600000000
#--t_per_hand 600000000
STATE:0:fffr225fc/cc/cc/cc:2c4s|7s8s|5d9d|5c4d|Qs3d|Ts9h/9sJd3h/8d/Ah:-50|-225|0|0|0|275:Eddie|MrBrown|MrBlue|Bill|MrPink|Pluribus
STATE:1:fr210ffff:2hJh|9d3h|8s4h|TdAc|3s9c|Qh7s:-50|-100|0|150|0|0:MrBrown|MrBlue|Bill|MrPink|Pluribus|Eddie
STATE:2:r210fr700fffc/cr1425r2925f:2h7s|8cKh|JhAh|6s9h|8d8s|4c8h/3h4hTc:-50|-100|1575|0|-1425|0:MrBlue|Bill|MrPink|Pluribus|Eddie|MrBrown
STATE:3:fr200fffc/cr425f:Kc5h|As7d|Td8s|7hKh|JdTs|8cJs/Qh4hTh:-50|-200|0|250|0|0:Bill|MrPink|Pluribus|Eddie|MrBrown|MrBlue
STATE:4:r200ffcff/r525c/r1485f:7c2d|Kc3s|QhAs|Ah3c|6dAc|8s8h/6sAdJc/Kd:-50|-100|675|0|0|-525:MrPink|Pluribus|Eddie|MrBrown|MrBlue|Bill
STATE:5:fffr250fc/cr850c/cc/cc:Qc7c|ThKs|Ts7s|4s2d|2s8c|TdKc/QsAs8d/6s/4c:-50|25|0|0|0|25:Pluribus|Eddie|MrBrown|MrBlue|Bill|MrPink
STATE:6:ffr210fff:6h3s|8d4s|Tc2d|3h5c|ThKc|3d6d:-50|-100|0|0|150|0:Eddie|MrBrown|MrBlue|Bill|MrPink|Pluribus
STATE:7:fffr222r766fc/r1366f:3d4d|8cTh|3s7s|Ks8d|9hJc|7d5d/2d8sJh:866|-100|0|0|0|-766:MrBrown|MrBlue|Bill|MrPink|Pluribus|Eddie
STATE:8:ffr200ffr900f:Ks3s|7c6c|Qc8s|7dAs|QsTh|4sKc:-50|250|0|0|-200|0:MrBlue|Bill|MrPink|Pluribus|Eddie|MrBrown
STATE:9:ffr250ccr1450fff:AsJd|KdQh|6dKh|3d9s|JsQs|KsTs:-250|750|0|0|-250|-250:Bill|MrPink|Pluribus|Eddie|MrBrown|MrBlue
STATE:10:ffr225ffc/cc/cc/r475r1225f:6d2s|Ac8h|2dTs|6sAh|AsQs|Tc5h/4s4c9d/5c/Ad:-50|-475|0|0|525|0:MrPink|Pluribus|Eddie|MrBrown|MrBlue|Bill
STATE:11:fffff:Qc2s|Js2d|5s6h|5h6c|8s5c|6s2h:-50|50|0|0|0|0:Pluribus|Eddie|MrBrown|MrBlue|Bill|MrPink
STATE:12:r225fffff:9dKd|7h5d|QsAs|Kc4d|2dTs|8s5h:-50|-100|150|0|0|0:Eddie|MrBrown|MrBlue|Bill|MrPink|Pluribus
STATE:13:r225fffff:TcJd|2sQc|AsQs|4dKh|8dTd|9s5h:-50|-100|150|0|0|0:MrBrown|MrBlue|Bill|MrPink|Pluribus|Eddie
STATE:14:fffr250fr1100f:4dKh|6c5c|9dKs|8cJh|7c6s|8dQd:-50|300|0|0|0|-250:MrBlue|Bill|MrPink|Pluribus|Eddie|MrBrown
STATE:15:r250fffff:5s9c|6s2h|9d9s|8hKd|5cKc|Ac3h:-50|-100|150|0|0|0:Bill|MrPink|Pluribus|Eddie|MrBrown|MrBlue
STATE:16:ffr225ffc/cc/cc/r600c:6hJh|Qd7d|Ac6d|Td8c|Ah3s|TcQh/4c8s9h/3h/2d:-50|-600|0|0|650|0:MrPink|Pluribus|Eddie|MrBrown|MrBlue|Bill
STATE:17:ffffr275f:JhAs|8h5d|2d2s|2c6d|6s5h|4dTc:100|-100|0|0|0|0:Pluribus|Eddie|MrBrown|MrBlue|Bill|MrPink
STATE:18:fr225ffr1100fc/r2500c/cc/cc:AhKc|6dTh|9c8d|AdQh|5h6h|Kh4h/8c8h3d/Ts/Td:50|-100|0|50|0|0:Eddie|MrBrown|MrBlue|Bill|MrPink|Pluribus
STATE:19:r225fffr900fc/cr1550f:AdKc|JdKh|7s7d|6sJh|3dKd|Ah4d/4hTs9h:-900|-100|1000|0|0|0:MrBrown|MrBlue|Bill|MrPink|Pluribus|Eddie
STATE:20:fffr250ff:7dAh|7h4d|4cAd|Qc9s|7s8c|9h8s:-50|-100|0|0|0|150:MrBlue|Bill|MrPink|Pluribus|Eddie|MrBrown
STATE:21:r200ffr700fff:4d8s|3d3s|JhKc|8h7c|2s6h|AsQc:-50|-100|-200|0|0|350:Bill|MrPink|Pluribus|Eddie|MrBrown|MrBlue
STATE:22:fr225fcff/r425c/cc/r1175f:2d3d|Ts7c|4sTd|QhKh|3s6h|AcJh/7dKs3c/5d/9c:-50|-100|0|575|0|-425:MrPink|Pluribus|Eddie|MrBrown|MrBlue|Bill
STATE:23:fffr250ff:6c9c|Qs7c|Th3s|6s3h|Ad2c|TdJc:-50|-100|0|0|0|150:Pluribus|Eddie|MrBrown|MrBlue|Bill|MrPink
STATE:24:fr225ffff:3s2s|7s5h|AhJs|9c9s|8s4h|6sKd:-50|-100|0|150|0|0:Eddie|MrBrown|MrBlue|Bill|MrPink|Pluribus
STATE:25:ffr250ffc/cr525f:TdQc|JdAd|4d9s|2s6d|ThJh|Kh4h/3h7d7c:-50|-250|0|0|300|0:MrBrown|MrBlue|Bill|MrPink|Pluribus|Eddie
STATE:26:fr225fr650ffc/cr1200c/cc/cr2200r6750c:6c6d|7s9h|5dQd|JdJh|9c3c|KcKs/6sJs3h/4s/Qc:-50|-100|0|6900|0|-6750:MrBlue|Bill|MrPink|Pluribus|Eddie|MrBrown
STATE:27:fffff:5s8h|JhAc|As3h|5h6d|Kh9c|Td6h:-50|50|0|0|0|0:Bill|MrPink|Pluribus|Eddie|MrBrown|MrBlue
STATE:28:ffr225cr1200fff:KsKc|7h9c|6sTd|7c3d|6hAc|Tc8c:550|-100|0|0|-225|-225:MrPink|Pluribus|Eddie|MrBrown|MrBlue|Bill
STATE:29:fr225r700fffc/cr1250c/cr2575r4875f:2sAc|8d7d|7h9d|3s5s|AdKs|Jh5d/3dJs8s/Qs:-50|-100|0|2725|-2575|0:Pluribus|Eddie|MrBrown|MrBlue|Bill|MrPink
STATE:30:fffff:2d6s|9d7h|9c8d|2cQs|8hTs|Qc4h:-50|50|0|0|0|0:Eddie|MrBrown|MrBlue|Bill|MrPink|Pluribus
STATE:31:ffr225ffc/cc/cr725f:AsTc|Kh7h|Jc4h|5dJd|ThAd|Ks3c/Ah6s4d/Td:-50|-225|0|0|275|0:MrBrown|MrBlue|Bill|MrPink|Pluribus|Eddie
STATE:32:ffffcc/cc/r250f:5c8c|6dAh|4s2c|2hTh|8sKd|3cQd/Js4c9c/3h:100|-100|0|0|0|0:MrBlue|Bill|MrPink|Pluribus|Eddie|MrBrown
STATE:33:fffff:3c5h|7c7h|4c2d|Td4s|2c8c|6d8s:-50|50|0|0|0|0:Bill|MrPink|Pluribus|Eddie|MrBrown|MrBlue
STATE:34:r200fffff:AcJh|Td8c|AsKs|9h4h|6c3h|5cTs:-50|-100|150|0|0|0:MrPink|Pluribus|Eddie|MrBrown|MrBlue|Bill
STATE:35:fffff:8c4h|KhJd|8h2h|3cKd|6dTd|5hQs:-50|50|0|0|0|0:Pluribus|Eddie|MrBrown|MrBlue|Bill|MrPink
STATE:36:ffffr300f:KsQd|9dQh|9cAh|3d5d|3c2c|3hKd:100|-100|0|0|0|0:Eddie|MrBrown|MrBlue|Bill|MrPink|Pluribus
STATE:37:fr210fffc/cr445c/cc/r1770f:Td2s|6h9h|4h6s|Ad4d|Jc3h|Ks5s/9d4s5c/6d/Ts:-50|495|0|-445|0|0:MrBrown|MrBlue|Bill|MrPink|Pluribus|Eddie
STATE:38:r210fffff:5dAs|7d8s|QcQd|3dTh|Kh4d|2cTs:-50|-100|150|0|0|0:MrBlue|Bill|MrPink|Pluribus|Eddie|MrBrown
STATE:39:r200fr600fffr1986f:KcJs|QdAh|AsKs|QsJh|7h8h|2h2s:-50|-100|750|0|-600|0:Bill|MrPink|Pluribus|Eddie|MrBrown|MrBlue
STATE:40:ffr225ffr1225c/r2475f:Jc8d|5h6h|3h4c|AdTs|7c6c|Kd5c/2hQcKh:-50|1275|0|0|-1225|0:MrPink|Pluribus|Eddie|MrBrown|MrBlue|Bill
STATE:41:fffr250cf/cc/r850c/r2200r4450f:9hJh|7dQs|5s2s|Jd9s|8cKd|6cAs/8h6s6d/3s/3c:-2200|-100|0|0|0|2300:Pluribus|Eddie|MrBrown|MrBlue|Bill|MrPink
STATE:42:ffffcc/cc/r200c/r500c:KhAs|Ts7s|6dTh|7hKs|Ac4d|Qc8h/3h3dAd/Td/2s:500|-500|0|0|0|0:Eddie|MrBrown|MrBlue|Bill|MrPink|Pluribus
STATE:43:r225ffffc/cc/cr475c/cc:2s8h|6c4s|KcAc|5hAd|2h6d|6hTc/2cQd4c/3d/9d:-50|525|-475|0|0|0:MrBrown|MrBlue|Bill|MrPink|Pluribus|Eddie
STATE:44:r210fffcf/cc/cc/cc:3dAd|3cTd|6h6c|AhJd|7dTc|2hJh/Qd8h5s/2d/4h:310|-100|-210|0|0|0:MrBlue|Bill|MrPink|Pluribus|Eddie|MrBrown
STATE:45:fr200fffc/cr700r1425f:Qs7c|TdAs|Ah8c|Ad9d|Kc9s|Kh2s/5d3s8s:-50|750|0|-700|0|0:Bill|MrPink|Pluribus|Eddie|MrBrown|MrBlue
STATE:46:fffff:8h5d|5h3d|9sQc|2hJc|3h5c|9h6c:-50|50|0|0|0|0:MrPink|Pluribus|Eddie|MrBrown|MrBlue|Bill
STATE:47:ffr225fr775fr1775c/r2687r4550f:6h6c|3cTd|3d8c|2dQh|JdAh|4sQs/7d4h9d:-2687|-100|0|0|2787|0:Pluribus|Eddie|MrBrown|MrBlue|Bill|MrPink
STATE:48:ffr210fcr1000cf/cr1884r10000c//:AsTd|QdQs|5h7d|8h4s|TsTc|3c8c/6c2c4d/5d/Jd:-210|10210|0|0|-10000|0:Eddie|MrBrown|MrBlue|Bill|MrPink|Pluribus
STATE:49:ffffcc/cc/cc/r250f:Ac4d|Js2s|9cTs|Jd9h|3h8h|5hKs/7hKcAd/6c/4c:100|-100|0|0|0|0:MrBrown|MrBlue|Bill|MrPink|Pluribus|Eddie
STATE:50:ffffr300c/cc/r750f:AhJc|As2c|5sQh|9hJd|6h3d|Qd4s/KcQc5d/9d:300|-300|0|0|0|0:MrBlue|Bill|MrPink|Pluribus|Eddie|MrBrown
STATE:51:ffr225ffc/cc/cc/r575c:4c6s|Jd8s|Kd5s|3hAc|TcAd|4dAh/2d5c7h/Kh/Td:-50|-575|0|0|625|0:Bill|MrPink|Pluribus|Eddie|MrBrown|MrBlue
STATE:52:fffr287r1150ff:JcAc|Ks6d|9d8h|Ah4s|Kd7h|JsTh:387|-100|0|0|0|-287:MrPink|Pluribus|Eddie|MrBrown|MrBlue|Bill
STATE:53:r225fffcf/cc/cc/r500r1325f:4s4c|Jh2c|7d7s|3cAs|8sTd|8d6c/2h3dAh/9d/7h:-500|-100|600|0|0|0:Pluribus|Eddie|MrBrown|MrBlue|Bill|MrPink
STATE:54:ffr210fcf/cr470c/cc/cc:TcTh|Qd3d|3h5d|7d9h|7s8s|Qh8d/7cJc6h/As/Td:570|-100|0|0|-470|0:Eddie|MrBrown|MrBlue|Bill|MrPink|Pluribus
STATE:55:ffffr300c/cc/cr750c/cr1906c:2dAd|ThJd|6cJh|9s7h|8h3s|7s3c/7cAc5d/8s/Kh:1906|-1906|0|0|0|0:MrBrown|MrBlue|Bill|MrPink|Pluribus|Eddie
STATE:56:fr200ffcf/cc/cc/cc:3s3h|2dKs|9sQd|6c6d|7sKd|4s6s/2s7hAd/Jc/7c:-200|-100|0|300|0|0:MrBlue|Bill|MrPink|Pluribus|Eddie|MrBrown
STATE:57:r225fffff:Jd3s|Jc4d|JhAd|2d3h|6sKd|Ks2h:-50|-100|150|0|0|0:Bill|MrPink|Pluribus|Eddie|MrBrown|MrBlue
STATE:58:r200fffff:5s7d|9c4h|6h6d|9s6c|9d8s|7h4c:-50|-100|150|0|0|0:MrPink|Pluribus|Eddie|MrBrown|MrBlue|Bill
STATE:59:fffff:2dQh|4dTh|6s5h|3c5s|Tc6c|3dKs:-50|50|0|0|0|0:Pluribus|Eddie|MrBrown|MrBlue|Bill|MrPink
STATE:60:ffr210ffr750f:8d6s|2d6d|3hTs|As6h|AdTc|3c7c:-50|260|0|0|-210|0:Eddie|MrBrown|MrBlue|Bill|MrPink|Pluribus
STATE:61:r225fffcf/cr375c/cc/cr1012c:6h6c|4h7d|JdKh|2d6s|4s7h|3h4d/3c7c8c/9c/3s:1112|-100|-1012|0|0|0:MrBrown|MrBlue|Bill|MrPink|Pluribus|Eddie
STATE:62:fffr250fr1100f:4sJc|8c8d|QdTs|6cTh|2c6h|QsTc:-50|300|0|0|0|-250:MrBlue|Bill|MrPink|Pluribus|Eddie|MrBrown
STATE:63:r200fffr850ff:QdAc|Ah9s|AsTc|Th8c|Ks3s|5d2c:300|-100|-200|0|0|0:Bill|MrPink|Pluribus|Eddie|MrBrown|MrBlue
STATE:64:ffffr300c/r450f:7cAc|Td8s|8c6c|3hAs|5d9c|4hQs/2dKh3c:300|-300|0|0|0|0:MrPink|Pluribus|Eddie|MrBrown|MrBlue|Bill
STATE:65:ffr225ffc/cc/r475c/r1275r3225f:4dJs|KsTs|8cKd|6sAc|5h6h|2s7h/Kh2hJc/9h/5c:-50|-1275|0|0|1325|0:Pluribus|Eddie|MrBrown|MrBlue|Bill|MrPink
STATE:66:r225r700ffffc/cr1750f:2d7h|5s2h|9h9s|AhJh|4d9d|4h9c/KdTc7d:-50|-100|-700|850|0|0:Eddie|MrBrown|MrBlue|Bill|MrPink|Pluribus
STATE:67:ffffcr350r1250f:TcTs|2d5h|Ad3h|3c6h|2s5c|6cJh:350|-350|0|0|0|0:MrBrown|MrBlue|Bill|MrPink|Pluribus|Eddie
STATE:68:fffff:5cTd|5dAs|KhTs|9hKd|Jd4s|Qd2c:-50|50|0|0|0|0:MrBlue|Bill|MrPink|Pluribus|Eddie|MrBrown
STATE:69:fffff:Jh6c|5h3c|ThQs|3dQh|7h4d|4h9s:-50|50|0|0|0|0:Bill|MrPink|Pluribus|Eddie|MrBrown|MrBlue
STATE:70:ffr225fr1050fc/r1800c/r4000f:QsJs|7hAc|6sKd|2cTc|9d9h|4sKc/4cKh2s/2d:1900|-100|0|0|-1800|0:MrPink|Pluribus|Eddie|MrBrown|MrBlue|Bill
STATE:71:ffffr275c/r550c/cc/r1100f:8dQs|AsTc|9h5s|3cKd|6s4h|5c2c/4sQd5h/2s/9c:550|-550|0|0|0|0:Pluribus|Eddie|MrBrown|MrBlue|Bill|MrPink
STATE:72:fffr200fc/cc/cr425r1100f:9h2d|6h7h|4cQd|9d2h|Td6d|4s4d/8h2s5c/5s:-50|475|0|0|0|-425:Eddie|MrBrown|MrBlue|Bill|MrPink|Pluribus
STATE:73:ffr225r850fff:5s8h|4h7s|5hKd|ThKs|3s3d|JhAs:-50|-100|0|0|-225|375:MrBrown|MrBlue|Bill|MrPink|Pluribus|Eddie
STATE:74:ffr200ffc/cc/cc/cc:Jh4s|5sAd|7d5d|8h9s|8dAh|4hJc/KsQs8c/2d/2h:-50|-200|0|0|250|0:MrBlue|Bill|MrPink|Pluribus|Eddie|MrBrown
STATE:75:fffr225fr1150f:6cJs|8sAs|7cQs|Ad5h|Qh2h|9sQd:-50|275|0|0|0|-225:Bill|MrPink|Pluribus|Eddie|MrBrown|MrBlue
STATE:76:fffr287fc/cc/cc/r599c:7s4d|KdJd|JhQc|8hTc|7dKc|9h8c/9cJc5d/As/8s:-50|-599|0|0|0|649:MrPink|Pluribus|Eddie|MrBrown|MrBlue|Bill
STATE:77:fffr250r1150ff:9c9d|Ah4c|4d2c|6hKh|2s5h|Ks8c:350|-100|0|0|0|-250:Pluribus|Eddie|MrBrown|MrBlue|Bill|MrPink
STATE:78:ffr210fcc/ccr410ff:Ad2d|ThKs|Jc6h|5dKd|7d7h|2sKh/8c7s7c:-210|-210|0|0|420|0:Eddie|MrBrown|MrBlue|Bill|MrPink|Pluribus
STATE:79:fffff:Td8c|7s5h|3sAh|ThKs|4c9d|Jc4h:-50|50|0|0|0|0:MrBrown|MrBlue|Bill|MrPink|Pluribus|Eddie
STATE:80:ffffcr350f:7sJd|KhKs|6d9c|2sQs|Jh5s|3c9s:-100|100|0|0|0|0:MrBlue|Bill|MrPink|Pluribus|Eddie|MrBrown
STATE:81:fr200fcfr1100r2400fr10000c///:Th7h|AdJd|4c8h|KcKd|As7c|AhJh/6c4sKh/2c/6s:-50|-10000|0|10250|0|-200:Bill|MrPink|Pluribus|Eddie|MrBrown|MrBlue
STATE:82:ffr225fff:3cAs|6sQc|3sAd|Kd2d|7s8c|3h9c:-50|-100|0|0|150|0:MrPink|Pluribus|Eddie|MrBrown|MrBlue|Bill
STATE:83:fffff:5s8h|4hJd|QsJc|Jh7h|Kc3s|4d7s:-50|50|0|0|0|0:Pluribus|Eddie|MrBrown|MrBlue|Bill|MrPink
STATE:84:fr225fcfc/ccr587fc/cr1311c/cr7105f:2h7d|JdTc|9hJc|Qh8h|4s5d|9cAc/8c7s5c/Ad/4c:-50|-225|0|-1311|0|1586:Eddie|MrBrown|MrBlue|Bill|MrPink|Pluribus
STATE:85:ffr200fcc/ccr500cc/r2000ff:9cKc|Ac4h|Qd8d|6hQs|Jc7c|ThKd/3h9d5h/Ks:1000|-500|0|0|-500|0:MrBrown|MrBlue|Bill|MrPink|Pluribus|Eddie
STATE:86:ffffr300f:AdKc|7d4c|TdJc|5c8d|Jd7s|5h9h:100|-100|0|0|0|0:MrBlue|Bill|MrPink|Pluribus|Eddie|MrBrown
STATE:87:ffffr300f:3cAd|Td4s|Ac2h|4d9d|7hAs|6c3s:100|-100|0|0|0|0:Bill|MrPink|Pluribus|Eddie|MrBrown|MrBlue
STATE:88:fffr250ff:9c3s|9d5c|6cKd|3h6s|4sJs|ThQh:-50|-100|0|0|0|150:MrPink|Pluribus|Eddie|MrBrown|MrBlue|Bill
STATE:89:ffr225ffc/cr375r675c/r3125c/r4385r10000c:ThJd|6d2d|5d4d|3d9d|AhTd|7sTc/2c4h2h/As/6h:-50|10050|0|0|-10000|0:Pluribus|Eddie|MrBrown|MrBlue|Bill|MrPink
STATE:90:fffff:5sTd|Tc6h|3c6d|3d5d|8s6c|Qc3s:-50|50|0|0|0|0:Eddie|MrBrown|MrBlue|Bill|MrPink|Pluribus
STATE:91:ffr200ffc/cr425f:3d7s|6s7h|8d2c|Js4d|AcTs|2sJh/QsQc8c:-50|-200|0|0|250|0:MrBrown|MrBlue|Bill|MrPink|Pluribus|Eddie
STATE:92:fr200ffcc/ccc/ccc/ccc:6hAh|8cJc|5sTh|AcJh|8hTs|4hQd/4d3s4c/2d/2s:100|-200|0|100|0|0:MrBlue|Bill|MrPink|Pluribus|Eddie|MrBrown
STATE:93:fffr225fc/cr475c/cc/r1825f:Kd3s|4c3h|Th4d|9sKh|3dJd|6s5s/5cKc7s/Jc/Ah:-50|525|0|0|0|-475:Bill|MrPink|Pluribus|Eddie|MrBrown|MrBlue
STATE:94:fr225r769ffff:9c7h|3sTs|Tc3c|4cAc|KdKs|Jh3d:-50|-100|0|-225|375|0:MrPink|Pluribus|Eddie|MrBrown|MrBlue|Bill
STATE:95:ffr225ccf/ccr612ff:7hAh|7s4h|9h4s|JdTs|8s6s|Ks5s/Jh2dQs:-225|-100|0|0|-225|550:Pluribus|Eddie|MrBrown|MrBlue|Bill|MrPink
STATE:96:ffffcr300f:8hQc|JcKs|Kh6s|Js5d|5c4d|9s5s:-100|100|0|0|0|0:Eddie|MrBrown|MrBlue|Bill|MrPink|Pluribus
STATE:97:r225fffff:3dQh|4cKh|8d9d|JsKc|7sQd|TdJc:-50|-100|150|0|0|0:MrBrown|MrBlue|Bill|MrPink|Pluribus|Eddie
STATE:98:ffr200ccc/cccc/r800r1800ffc/cr4800c:5sKs|Qh3h|2c3d|7cQd|JdKh|QcAs/5c7h5h/2s/Ac:5200|-4800|0|0|-200|-200:MrBlue|Bill|MrPink|Pluribus|Eddie|MrBrown
STATE:99:ffr225ffc/cc/cc/cc:Qh4h|9sTs|3sTh|8dAh|8cTc|7sTd/5d8sJh/Ks/6s:-50|275|0|0|-225|0:Bill|MrPink|Pluribus|Eddie|MrBrown|MrBlue
STATE:100:ffr225r800ffr2118c/r3868c/r10000f:7c6d|QdTs|9s3h|5s2s|Kd7d|QcJc/6s3cAc/5d:-50|-100|0|0|4018|-3868:MrPink|Pluribus|Eddie|MrBrown|MrBlue|Bill
STATE:101:fffr250ff:Qd9c|3cTs|As5h|Ac7s|2hAd|5sJs:-50|-100|0|0|0|150:Pluribus|Eddie|MrBrown|MrBlue|Bill|MrPink
STATE:102:fffr250ff:6cTc|5dJc|Ac4d|3hAd|9hKs|QsJd:-50|-100|0|0|0|150:Eddie|MrBrown|MrBlue|Bill|MrPink|Pluribus
STATE:103:ffr200ffc/cr425c/cc/cc:5h4c|6d9d|2s7s|5cAh|7cTc|4h6c/9cTh4d/Jh/5s:-50|-425|0|0|475|0:MrBrown|MrBlue|Bill|MrPink|Pluribus|Eddie
STATE:104:fffr250fc/cc/r525c/r1625c:Kh9d|Tc7c|Js4d|4s5h|7d5c|AsQh/Ts6sTh/3s/Ad:-50|1675|0|0|0|-1625:MrBlue|Bill|MrPink|Pluribus|Eddie|MrBrown
STATE:105:ffr225fr950fc/r1600f:TsTh|5s6d|5hTd|Jd7s|KhJh|7h5d/6hQd3d:1050|-100|0|0|-950|0:Bill|MrPink|Pluribus|Eddie|MrBrown|MrBlue
STATE:106:fcffr800ff:QcKs|2s8h|Kh5c|TcKd|Qd9h|6s8c:200|-100|0|-100|0|0:MrPink|Pluribus|Eddie|MrBrown|MrBlue|Bill
STATE:107:ffr225ffc/cr600c/cr1537c/cc:Tc4d|5sAd|Qs9h|5dJs|Td7d|JhTs/4s2h6d/2d/Ac:-50|1587|0|0|-1537|0:Pluribus|Eddie|MrBrown|MrBlue|Bill|MrPink
STATE:108:fffr250fr800c/cc/r1625c/cr3275f:3c8h|AhKs|9cKh|9h6c|Qc5s|KcQh/9d4cJh/Qd/4h:-50|-1625|0|0|0|1675:Eddie|MrBrown|MrBlue|Bill|MrPink|Pluribus
STATE:109:fr210fffc/cr360c/cr860c/cc:2c6c|3s2s|5dJh|QcQd|8dAc|4h5s/Js2dJd/7s/3c:-50|-860|0|910|0|0:MrBrown|MrBlue|Bill|MrPink|Pluribus|Eddie
STATE:110:ffr200fff:2cAh|4d9c|7c3c|6dJd|JhTc|Qd8s:-50|-100|0|0|150|0:MrBlue|Bill|MrPink|Pluribus|Eddie|MrBrown
STATE:111:r200ffffc/cr425r875f:4s3h|JhJd|9sKs|Ac4d|6d5s|8c3d/8s6cJc:-50|475|-425|0|0|0:Bill|MrPink|Pluribus|Eddie|MrBrown|MrBlue
STATE:112:fffr250fc/cc/cr525f:Jc9d|Qh3h|Qs4c|Tc6c|7d2s|5s6s/8cTdAh/Ts:-50|-250|0|0|0|300:MrPink|Pluribus|Eddie|MrBrown|MrBlue|Bill
STATE:113:fr225fffc/cr475c/cr1325f:Jd3s|6h5d|7dAd|As6s|Kd3d|9d4d/3cTd5s/9c:-50|-475|0|525|0|0:Pluribus|Eddie|MrBrown|MrBlue|Bill|MrPink
