STATE:0:ffr200ffc/cc/cc/cc:Jd8d|5cJs|3dKd|2c5h|6s6c|4s7s/4d8cJc/2h/8h:-50|250|0|0|-200|0:Bill|MrWhite|MrBlue|MrPink|Eddie|Pluribus
STATE:1:fffff:3c8h|AdKh|Qd5c|Td7c|3h9c|4d8c:-50|50|0|0|0|0:MrWhite|MrBlue|MrPink|Eddie|Pluribus|Bill
STATE:2:ffr225fcc/ccr650cf/cr1825c/cc:TdJh|4cAs|Ts2d|Kd8c|7d8d|6sAc/Jc9c2h/Th/7c:-1825|-225|0|0|2050|0:MrBlue|MrPink|Eddie|Pluribus|Bill|MrWhite
STATE:3:fffff:3h4c|Qc6d|5c2c|Qd6c|Kc5d|Ks4h:-50|50|0|0|0|0:MrPink|Eddie|Pluribus|Bill|MrWhite|MrBlue
STATE:4:ffffr235c/r520f:Ks8h|Tc7h|2s6s|5hQc|7c2d|3cJs/Jh4d4h:235|-235|0|0|0|0:Eddie|Pluribus|Bill|MrWhite|MrBlue|MrPink
STATE:5:r225ffffc/cr600f:Td9h|KhTc|JdKd|Ac9s|7sAd|Jh5d/8d4cQd:-50|-225|275|0|0|0:Pluribus|Bill|MrWhite|MrBlue|MrPink|Eddie
STATE:6:ffffcr300c/cr600f:4s5c|3h2d|2h9d|Td7s|Kd5s|Ts4d/Kc2s8d:-300|300|0|0|0|0:Bill|MrWhite|MrBlue|MrPink|Eddie|Pluribus
STATE:7:fffff:3h5s|7c5d|4dKh|9d2c|5cAd|Qd7s:-50|50|0|0|0|0:MrWhite|MrBlue|MrPink|Eddie|Pluribus|Bill
STATE:8:r200ffcfc/ccr687fc/cr1499f:Qh9c|3sAs|QcAd|Js6d|8s2c|AcTs/Th7d3d/Tc:-50|-200|-687|0|0|937:MrBlue|MrPink|Eddie|Pluribus|Bill|MrWhite
STATE:9:fr225ffff:6hQc|Ts8h|4cQd|8sKs|2h7d|Js4s:-50|-100|0|150|0|0:MrPink|Eddie|Pluribus|Bill|MrWhite|MrBlue
STATE:10:ffffr235c/cc/cc/cc:QhKs|6d8h|6h4d|TsKd|6s3c|3d9c/Ah3s7c/Td/2h:235|-235|0|0|0|0:Eddie|Pluribus|Bill|MrWhite|MrBlue|MrPink
STATE:11:ffr210ffc/cc/r445f:6s4c|JcKh|8cJd|3d7d|9dAd|QsTd/2h5s5h/Js:-50|260|0|0|-210|0:Pluribus|Bill|MrWhite|MrBlue|MrPink|Eddie
STATE:12:ffffcc/cr200c/cr400c/cr800f:Ah5d|5sJc|7sJs|Qh8s|9c4h|Kh3c/7h4c7d/Jh/6s:-400|400|0|0|0|0:Bill|MrWhite|MrBlue|MrPink|Eddie|Pluribus
STATE:13:fffr250fc/cc/cc/cc:5d4c|5c7d|As8h|6s9s|2s4s|Ad8c/2c5h9c/Jh/2d:-50|300|0|0|0|-250:MrWhite|MrBlue|MrPink|Eddie|Pluribus|Bill
STATE:14:fffr225fc/cc/cr475c/cr1225c:6dTh|6h4c|2sJh|5d3s|Tc5c|8dAh/Kc8s3h/6c/4s:-50|1275|0|0|0|-1225:MrBlue|MrPink|Eddie|Pluribus|Bill|MrWhite
STATE:15:fffff:Td5h|3dQd|3c9c|7hJd|5sKc|8c2h:-50|50|0|0|0|0:MrPink|Eddie|Pluribus|Bill|MrWhite|MrBlue
STATE:16:r225ffffc/cc/r725c/cc:7s9h|8hQh|Ac6c|6hKd|3d2s|2hJs/7c6d4d/Td/4c:-50|-725|775|0|0|0:Eddie|Pluribus|Bill|MrWhite|MrBlue|MrPink
STATE:17:fffff:9c5h|3c6s|Kh4h|2dTs|7cKd|2sJd:-50|50|0|0|0|0:Pluribus|Bill|MrWhite|MrBlue|MrPink|Eddie
STATE:18:r225ffffc/cc/r725c/r2725r10000f:Kc3h|9hKd|ThJh|5s5d|Ks4c|3dTs/5h6h9s/3c/Kh:-50|-2725|2775|0|0|0:Bill|MrWhite|MrBlue|MrPink|Eddie|Pluribus
STATE:19:ffr200ffc/cr650c/cc/r2550f:4c3h|3d9d|6h2c|Qh4d|AhTd|2sQs/9c5h6d/9h/Ks:-50|700|0|0|-650|0:MrWhite|MrBlue|MrPink|Eddie|Pluribus|Bill
STATE:20:ffr225fff:3dAc|Td3c|7h5h|9d6s|4s4h|9s5c:-50|-100|0|0|150|0:MrBlue|MrPink|Eddie|Pluribus|Bill|MrWhite
STATE:21:fr225ffff:Td6h|4cKd|7hQc|TsAd|JsTh|7sKc:-50|-100|0|150|0|0:MrPink|Eddie|Pluribus|Bill|MrWhite|MrBlue
STATE:22:fffff:2cTc|2hAc|Qh7h|4c6c|7d2d|3c5d:-50|50|0|0|0|0:Eddie|Pluribus|Bill|MrWhite|MrBlue|MrPink
STATE:23:fffff:5d4h|6cJd|7cJc|Tc2c|6s9h|3s6d:-50|50|0|0|0|0:Pluribus|Bill|MrWhite|MrBlue|MrPink|Eddie
STATE:24:r225ffcff/cc/cc/r675f:AsJh|Td3c|6s6d|Ah9s|6c5d|Ad4d/2d6hTc/9c/2s:-50|-100|375|0|0|-225:Bill|MrWhite|MrBlue|MrPink|Eddie|Pluribus
STATE:25:fffff:2h9s|Th7c|Jd5s|8s4d|Ks2c|3cJh:-50|50|0|0|0|0:MrWhite|MrBlue|MrPink|Eddie|Pluribus|Bill
STATE:26:ffffcr300c/cr960f:Ah9h|Kd7d|9cTs|3c8s|4h5c|3s7h/Jc6sQd:-300|300|0|0|0|0:MrBlue|MrPink|Eddie|Pluribus|Bill|MrWhite
STATE:27:ffffr300c/r450f:6h5h|8h7h|Qc8d|Jd3d|2cTs|7d5c/As2s5d:300|-300|0|0|0|0:MrPink|Eddie|Pluribus|Bill|MrWhite|MrBlue
STATE:28:r225ffccf/ccc/ccc/ccc:4c4h|Qc8s|9s9c|2d3s|JcTh|9dKd/8hAdKs/Jh/4d:550|-100|-225|0|0|-225:Eddie|Pluribus|Bill|MrWhite|MrBlue|MrPink
STATE:29:ffffr250c/cc/r375f:9c9s|Th8d|6s5c|8s2h|6hJh|7dQc/Kc2d3d/Kh:250|-250|0|0|0|0:Pluribus|Bill|MrWhite|MrBlue|MrPink|Eddie
STATE:30:ffr200ffc/cr700f:7c4s|7dJc|6dKh|6sAh|JdJh|6c4c/AdKdQc:-50|-200|0|0|250|0:Bill|MrWhite|MrBlue|MrPink|Eddie|Pluribus
STATE:31:fffr250fc/cc/cr600c/cr1450f:Ks7s|8h8d|2d9h|As2c|5c3d|5hQh/Th7dQc/2h/9d:-50|-600|0|0|0|650:MrWhite|MrBlue|MrPink|Eddie|Pluribus|Bill
STATE:32:fr200ffcf/cr450c/cc/cc:As4s|4h2d|4c9c|8h8d|3s7d|6cQc/Ts5d3c/5s/Kh:-450|-100|0|550|0|0:MrBlue|MrPink|Eddie|Pluribus|Bill|MrWhite
STATE:33:fffr225fc/cr475f:2dAs|8d7h|Qd9s|6cJc|9h4d|TcAd/9dKs3c:-50|-225|0|0|0|275:MrPink|Eddie|Pluribus|Bill|MrWhite|MrBlue
STATE:34:ffr225ffc/cc/cr600c/cc:2c9d|Jc9h|3cTc|6sTs|Ad8h|5cKh/4h2hAc/Js/4c:-50|-600|0|0|650|0:Eddie|Pluribus|Bill|MrWhite|MrBlue|MrPink
STATE:35:fffr222fc/cc/r597r1622f:3d9h|9d7s|8dTh|3sKh|Js6c|9sAc/QhTd8c/4c:-50|-597|0|0|0|647:Pluribus|Bill|MrWhite|MrBlue|MrPink|Eddie
STATE:36:ffr200ffc/cr335f:Kh5s|7s3s|Ah3d|7d4h|9sQs|Jd6d/6s2dAc:-50|-200|0|0|250|0:Bill|MrWhite|MrBlue|MrPink|Eddie|Pluribus
STATE:37:fffr250ff:6hJh|Qc3d|Jd5s|3h8h|5c2s|AdJs:-50|-100|0|0|0|150:MrWhite|MrBlue|MrPink|Eddie|Pluribus|Bill
STATE:38:r200ffffc/cr335f:9h8s|QcJs|6h6c|3dTd|5h9d|8cTs/3s2c2d:-50|-200|250|0|0|0:MrBlue|MrPink|Eddie|Pluribus|Bill|MrWhite
STATE:39:fffr225fc/cc/cr600f:8dQh|Ac5s|Kd4s|4c6h|7cQs|8s8c/9dJh2h/8h:-50|-225|0|0|0|275:MrPink|Eddie|Pluribus|Bill|MrWhite|MrBlue
