# name/game/hands/seed sample_game_113 ../lib/python-client/acpc_infrastructure/holdem.nolimit.6p.game 10000 113
#--t_response 600000000
#--t_hand 600000000
#--t_per_hand 600000000
STATE:0:r200ffffc/cr350c/cc/cc:3cKd|AhTs|AcJh|Th7s|6d4c|Kh3d/2s8h2c/Qc/4d:-50|-350|400|0|0|0:Eddie|MrPink|MrOrange|MrWhite|MrBlue|Pluribus
STATE:1:ffffr300c/cr500r1000f:8d9c|Qs7d|7hJd|JcTh|9h8c|3c6h/Td6s2h:500|-500|0|0|0|0:MrPink|MrOrange|MrWhite|MrBlue|Pluribus|Eddie
STATE:2:fffff:2s3h|9c6c|Ks6h|Td7s|2dAh|7c5h:-50|50|0|0|0|0:MrOrange|MrWhite|MrBlue|Pluribus|Eddie|MrPink
STATE:3:ffr210cff/cc/cc/cc:Td4d|Kh5s|4s9h|3h8h|JcKs|6d6s/Ac9cAs/5d/Tc:-50|-100|0|0|-210|360:MrWhite|MrBlue|Pluribus|Eddie|MrPink|MrOrange
STATE:4:fr210r700ffff:3s6h|5h6d|8d2c|QsKd|9cAc|3h3c:-50|-100|0|-210|360|0:MrBlue|Pluribus|Eddie|MrPink|MrOrange|MrWhite
STATE:5:fffff:7c5h|Tc6s|Jd9s|Ts3c|3d5d|7dQs:-50|50|0|0|0|0:Pluribus|Eddie|MrPink|MrOrange|MrWhite|MrBlue
STATE:6:ffr225cfc/cr587cr1492fr5113r10000c//:Ks3d|7sJs|4d3s|6c9s|7h8h|QdQh/Jc7dQs/Ts/Th:-50|-10000|0|0|-587|10637:Eddie|MrPink|MrOrange|MrWhite|MrBlue|Pluribus
STATE:7:fffff:4d3c|7dQd|Ts2d|6c5h|Qs7h|3dTh:-50|50|0|0|0|0:MrPink|MrOrange|MrWhite|MrBlue|Pluribus|Eddie
STATE:8:r225fcffc/ccr405ff:5hTs|Ah8d|TdQd|JdQh|7s8s|6hTh/5c4s6d:-50|-225|-225|0|500|0:MrOrange|MrWhite|MrBlue|Pluribus|Eddie|MrPink
STATE:9:fffff:7s5c|6s8s|Ah3d|7cTd|2cQs|2d3h:-50|50|0|0|0|0:MrWhite|MrBlue|Pluribus|Eddie|MrPink|MrOrange
STATE:10:r200fffff:Ad3h|3c4h|3s3d|4c8h|7cJc|2d5h:-50|-100|150|0|0|0:MrBlue|Pluribus|Eddie|MrPink|MrOrange|MrWhite
STATE:11:fffr225cf/cc/r775f:8sTs|5hQd|2hTd|4cQs|7cKh|As2d/JcJs9h/6s:325|-100|0|0|0|-225:Pluribus|Eddie|MrPink|MrOrange|MrWhite|MrBlue
STATE:12:fr225fffc/cr475c/cr1225f:9c3h|As4h|8c7s|JdAh|Td6s|2dQc/Kh6cAc/Jc:-50|-475|0|525|0|0:Eddie|MrPink|MrOrange|MrWhite|MrBlue|Pluribus
STATE:13:fr225ffff:2c2s|9h8d|Jh9d|7c7h|5d6h|5h3s:-50|-100|0|150|0|0:MrPink|MrOrange|MrWhite|MrBlue|Pluribus|Eddie
STATE:14:r225ffffc/cr475c/cc/cc:2d8d|Ts9s|AsKh|9cAh|7sAd|3c4d/QsTd8h/Qc/8c:-50|525|-475|0|0|0:MrOrange|MrWhite|MrBlue|Pluribus|Eddie|MrPink
STATE:15:fffff:4c9h|Jc9c|2cAd|Td2h|Qh5d|3dTs:-50|50|0|0|0|0:MrWhite|MrBlue|Pluribus|Eddie|MrPink|MrOrange
STATE:16:fr210ffcc/cr525ff:9hJh|4sAs|Kh2h|AdJc|Kd9s|QcTd/6d7c6h:-210|420|0|-210|0|0:MrBlue|Pluribus|Eddie|MrPink|MrOrange|MrWhite
STATE:17:fffr225fc/cr425c/cr1115f:Qs2h|JdKh|8c5c|2cTc|Ks8s|9hQd/3h8h8d/9c:-50|-425|0|0|0|475:Pluribus|Eddie|MrPink|MrOrange|MrWhite|MrBlue
STATE:18:fffff:2dTd|6d4s|JsTh|7hQs|Jd2c|3hKc:-50|50|0|0|0|0:Eddie|MrPink|MrOrange|MrWhite|MrBlue|Pluribus
STATE:19:fffff:8h6s|Ah7c|Qh4h|Jc7d|5cAs|Jh3d:-50|50|0|0|0|0:MrPink|MrOrange|MrWhite|MrBlue|Pluribus|Eddie
STATE:20:r225ffffr725c/cc/cc/cr1850f:Js7h|KsAs|5d5s|2c4h|8cAd|3dTd/8dTc4c/7s/5h:-50|-725|775|0|0|0:MrOrange|MrWhite|MrBlue|Pluribus|Eddie|MrPink
STATE:21:ffr210fff:7s5s|9s3c|3sTh|5c8d|JdKh|4c7c:-50|-100|0|0|150|0:MrWhite|MrBlue|Pluribus|Eddie|MrPink|MrOrange
STATE:22:r200fffff:2h3d|Jd3h|JcQc|4c3c|Ad9d|2dAc:-50|-100|150|0|0|0:MrBlue|Pluribus|Eddie|MrPink|MrOrange|MrWhite
STATE:23:ffr225fr1325fc/r2700c/cr4355c/cc:KdJc|4cJs|5c4s|3hQh|7c7s|Qd9h/6cQc7h/9c/5d:-4355|-100|0|0|4455|0:Pluribus|Eddie|MrPink|MrOrange|MrWhite|MrBlue
STATE:24:r200fffff:Kd9d|4dKh|6c6s|6h2d|TsKc|5s7d:-50|-100|150|0|0|0:Eddie|MrPink|MrOrange|MrWhite|MrBlue|Pluribus
STATE:25:fr225fcfr1325ff:3dQs|AcKs|9h2s|Ah6h|8h5c|8sAs:-50|500|0|-225|0|-225:MrPink|MrOrange|MrWhite|MrBlue|Pluribus|Eddie
STATE:26:fffff:2s9h|8hKd|2cQh|6h9c|Qs5c|Jd7c:-50|50|0|0|0|0:MrOrange|MrWhite|MrBlue|Pluribus|Eddie|MrPink
STATE:27:fr200fffc/cr335f:4c2h|6dKh|2s7h|KdTs|5c9h|5dKc/3dQc4h:-50|-200|0|250|0|0:MrWhite|MrBlue|Pluribus|Eddie|MrPink|MrOrange
STATE:28:ffffr300f:9c9s|3hTs|Js8c|6sKc|9d4c|3c8s:100|-100|0|0|0|0:MrBlue|Pluribus|Eddie|MrPink|MrOrange|MrWhite
STATE:29:ffffcr400r2000f:KdKc|6sAc|Qh6h|9d2h|Js8d|3c5d:400|-400|0|0|0|0:Pluribus|Eddie|MrPink|MrOrange|MrWhite|MrBlue
STATE:30:ffffr235c/cc/cr470r1635f:6c5c|9sQs|Jh4s|As4h|5h6d|6s2d/5dJc9c/2s:470|-470|0|0|0|0:Eddie|MrPink|MrOrange|MrWhite|MrBlue|Pluribus
STATE:31:r225ffcr1250ffc/r1950c/cc/cc:KhKd|2s9h|7s7h|8cKc|Jc4c|TdAd/AsQhJh/3s/8d:-1950|-100|-225|0|0|2275:MrPink|MrOrange|MrWhite|MrBlue|Pluribus|Eddie
STATE:32:ffr210cfr950fc/r1838f:3dTh|JsJc|6s8c|3h6c|Kh4h|7c7h/KdJd3c:-50|1210|0|0|-210|-950:MrOrange|MrWhite|MrBlue|Pluribus|Eddie|MrPink
STATE:33:fr200ffcc/ccc/ccc/cr650ff:7dAd|6d2d|9d7s|5s6s|7c5h|8c4c/6h9h8h/Qs/2c:-200|400|0|-200|0|0:MrWhite|MrBlue|Pluribus|Eddie|MrPink|MrOrange
STATE:34:fr210fcfc/ccc/ccr550fc/cr1570f:Kd9h|TcKh|6d3c|4c5c|Ks7d|QsAc/8d5dJc/Qc/3s:-50|-210|0|-550|0|810:MrBlue|Pluribus|Eddie|MrPink|MrOrange|MrWhite
STATE:35:r210ffffc/cr680c/cr2680f:Jc2d|QhTc|TsTd|7cAd|7hQs|3cJs/Ks3sTh/2c:-50|-680|730|0|0|0:Pluribus|Eddie|MrPink|MrOrange|MrWhite|MrBlue
STATE:36:fr225r725fffc/cr1425f:3s4d|6hTd|3c7s|9c8c|JsAd|8h4s/9dThQc:-50|-100|0|-725|875|0:Eddie|MrPink|MrOrange|MrWhite|MrBlue|Pluribus
STATE:37:ffr225fff:Ac6h|4cTh|7sKs|3c9h|QcTc|4h9s:-50|-100|0|0|150|0:MrPink|MrOrange|MrWhite|MrBlue|Pluribus|Eddie
STATE:38:fr200cr750ffr2401fr10000f:4s5h|Jc2d|Ad2c|QhAs|9s8s|QsQd:-50|-100|0|-2401|-200|2751:MrOrange|MrWhite|MrBlue|Pluribus|Eddie|MrPink
STATE:39:ffffr300c/r700f:7h6s|Kh5h|6cJs|Ts5c|4c7s|2s3h/4h3d9d:300|-300|0|0|0|0:MrWhite|MrBlue|Pluribus|Eddie|MrPink|MrOrange
STATE:40:r200r650ffffc/cr1100f:5cQs|Tc2c|5hAh|KhAd|4sAs|9c8d/Jd7hQc:-50|-100|-650|800|0|0:MrBlue|Pluribus|Eddie|MrPink|MrOrange|MrWhite
STATE:41:ffr225fff:Qd2c|Ks3c|Kd4s|4cQs|AdQc|8cKc:-50|-100|0|0|150|0:Pluribus|Eddie|MrPink|MrOrange|MrWhite|MrBlue
STATE:42:fr225cfcc/cccc/cccc/cccc:2s2d|JsKh|Kc6c|Jc9c|3h3d|2c9s/JdAdQh/7h/As:-225|675|0|-225|-225|0:Eddie|MrPink|MrOrange|MrWhite|MrBlue|Pluribus
STATE:43:fr225r675ffr1950fr4329r10000c///:Jd4d|QcQh|ThQs|5c5d|AhKd|TdAc/QdAd4c/2h/9d:-50|10275|0|-225|-10000|0:MrPink|MrOrange|MrWhite|MrBlue|Pluribus|Eddie
STATE:44:fffr250ff:Tc5d|2hKd|ThJs|2c5s|5c6d|3sAc:-50|-100|0|0|0|150:MrOrange|MrWhite|MrBlue|Pluribus|Eddie|MrPink
STATE:45:fffff:3c6h|8c5c|4h8d|4sQd|Qh9s|6sTc:-50|50|0|0|0|0:MrWhite|MrBlue|Pluribus|Eddie|MrPink|MrOrange
STATE:46:ffr210fff:Ah3c|Js5d|2h8h|8d5c|TcTd|4c9h:-50|-100|0|0|150|0:MrBlue|Pluribus|Eddie|MrPink|MrOrange|MrWhite
STATE:47:r210fffcf/cr470c/cr1870c/cr10000f:JdAh|Qh8d|KhKd|Th5c|6h7s|4cAs/3d8cJc/4h/4s:-1870|-100|1970|0|0|0:Pluribus|Eddie|MrPink|MrOrange|MrWhite|MrBlue
STATE:48:ffr225r825fff:6h3c|3d3s|Jc9h|7dTc|2sAd|7s8s:-50|-100|0|0|-225|375:Eddie|MrPink|MrOrange|MrWhite|MrBlue|Pluribus
STATE:49:r225ffr700fff:6sJc|7dQd|QhTh|7cTc|8s4h|Ad9d:-50|-100|-225|0|0|375:MrPink|MrOrange|MrWhite|MrBlue|Pluribus|Eddie
STATE:50:ffr210fr900fc/cc/cr2400c/cc:KhJh|Ad7h|6dTd|8s6s|Kd8d|3s9d/TsJdKc/4d/9s:2500|-100|0|0|-2400|0:MrOrange|MrWhite|MrBlue|Pluribus|Eddie|MrPink
STATE:51:ffr210ffc/cr325c/cc/cc:5dAc|5c4d|6c2d|Kc5h|KhTc|4c6h/Ad4h3s/9d/As:-50|375|0|0|-325|0:MrWhite|MrBlue|Pluribus|Eddie|MrPink|MrOrange
STATE:52:r200ffffc/cr610c/r927c/r2355r3783c:5sKd|JcAd|AsJh|5d3d|3cTs|Jd4d/QhTdAh/Ac/Qs:-50|25|25|0|0|0:MrBlue|Pluribus|Eddie|MrPink|MrOrange|MrWhite
STATE:53:fffr225ff:Kd4h|Th3c|6h3d|Qh5h|6d7s|5c8c:-50|-100|0|0|0|150:Pluribus|Eddie|MrPink|MrOrange|MrWhite|MrBlue
STATE:54:fr225fr825r1800ffc/r3400c/r10000f:AcQc|4c4h|7c5c|AsTs|2hJh|QhAd/2sJcKs/6c:3725|-100|0|-225|0|-3400:Eddie|MrPink|MrOrange|MrWhite|MrBlue|Pluribus
STATE:55:r225fffff:5sAc|7h6c|9s9h|Kc8s|8c4d|3h6h:-50|-100|150|0|0|0:MrPink|MrOrange|MrWhite|MrBlue|Pluribus|Eddie
STATE:56:r225fffff:Jd6s|2h4c|KsKh|7d6h|5h7h|9c8d:-50|-100|150|0|0|0:MrOrange|MrWhite|MrBlue|Pluribus|Eddie|MrPink
STATE:57:fr200fffc/cr335f:9dAh|Ac5s|8d5c|9c8c|3h4d|6h8s/Qc7c2d:-50|-200|0|250|0|0:MrWhite|MrBlue|Pluribus|Eddie|MrPink|MrOrange
STATE:58:fr210fffc/cr360c/cc/r745r2285f:Ks3h|5sTs|As4h|8d7d|6c9c|8h4d/6d5cQh/Kc/9s:-50|-745|0|795|0|0:MrBlue|Pluribus|Eddie|MrPink|MrOrange|MrWhite
STATE:59:fffr225fc/cr425r875c/r3575f:6c8c|Td4d|7s8h|Ah6d|5sKs|4hAc/2hKd2d/As:-50|925|0|0|0|-875:Pluribus|Eddie|MrPink|MrOrange|MrWhite|MrBlue
STATE:60:ffr225ffc/cr475r1475f:Qh9d|2s4s|7hTs|6c2h|7d7c|Ac4d/5s3dAd:-50|525|0|0|-475|0:Eddie|MrPink|MrOrange|MrWhite|MrBlue|Pluribus
STATE:61:ffr225ffc/cr725c/cr2975f:3h6c|8dTd|7d9c|AcJh|KcAs|JdTc/7h9dQs/4h:-50|-725|0|0|775|0:MrPink|MrOrange|MrWhite|MrBlue|Pluribus|Eddie
STATE:62:r225ffffc/cr475c/cr1325f:3d6d|Qd7c|KdAd|Td9d|Ac2d|As4d/Qs9hTh/Jc:-50|-475|525|0|0|0:MrOrange|MrWhite|MrBlue|Pluribus|Eddie|MrPink
STATE:63:r200ffffc/cr425f:6dKs|Ah8d|9cAc|8sTh|KdTs|Tc6s/7s2c4c:-50|-200|250|0|0|0:MrWhite|MrBlue|Pluribus|Eddie|MrPink|MrOrange
STATE:64:r200fcr762fffc/cr1412f:2dTh|QdJd|AhQc|7h7c|9h9s|Ac4c/Kc4dTs:-50|-100|-200|0|-762|1112:MrBlue|Pluribus|Eddie|MrPink|MrOrange|MrWhite
STATE:65:ffr225fr1050fc/cc/cc/cc:KsKh|Ac7s|7d8h|6d5d|8c8s|Qh5s/Tc4cJd/As/9h:1150|-100|0|0|-1050|0:Pluribus|Eddie|MrPink|MrOrange|MrWhite|MrBlue
STATE:66:fr225ffcc/ccc/ccr475r1075fc/cc:TsQs|9hTd|9c6h|JdQd|5dQc|Ac5h/8d8sKs/6d/Th:1300|-225|0|-1075|0|0:Eddie|MrPink|MrOrange|MrWhite|MrBlue|Pluribus
STATE:67:fffr225cf/cc/cc/cc:2s2c|7s6d|Td8s|2h6s|2dAh|AsTc/4d7h9s/3h/Jd:325|-100|0|0|0|-225:MrPink|MrOrange|MrWhite|MrBlue|Pluribus|Eddie
STATE:68:ffffr250f:QcTd|4dTs|7cTc|3h2d|5h9d|Js3c:100|-100|0|0|0|0:MrOrange|MrWhite|MrBlue|Pluribus|Eddie|MrPink
STATE:69:fffr225ff:Th5d|3c8s|2dKs|7hQh|9dJs|KdAc:-50|-100|0|0|0|150:MrWhite|MrBlue|Pluribus|Eddie|MrPink|MrOrange
STATE:70:ffffr300f:5c4c|4s2h|Qc2c|3s8c|5h8s|8dQh:100|-100|0|0|0|0:MrBlue|Pluribus|Eddie|MrPink|MrOrange|MrWhite
STATE:71:fr205ffff:Tc7s|7d2h|8s5c|QcKc|5hJd|2s9c:-50|-100|0|150|0|0:Pluribus|Eddie|MrPink|MrOrange|MrWhite|MrBlue
STATE:72:fr225fffc/cc/cc/cr475c:4s9c|As3s|Qc5s|QsJd|4hJs|7dTc/6sQd2s/Kh/2h:-50|-475|0|525|0|0:Eddie|MrPink|MrOrange|MrWhite|MrBlue|Pluribus
