# name/game/hands/seed sample_game_61 ../lib/python-client/acpc_infrastructure/holdem.nolimit.6p.game 10000 61
#--t_response 600000000
#--t_hand 600000000
#--t_per_hand 600000000
STATE:0:fr200fcfc/cr363cf/cc/cc:Jh8c|9d9c|4d2c|5s4s|2h3c|7sAs/2dTcAc/5d/Qd:-50|-200|0|-363|0|613:MrBlue|MrPink|Bill|Eddie|Joe|Pluribus
STATE:1:r200fffff:9d4c|5dQh|4dAd|8hKs|7sAc|7dTd:-50|-100|150|0|0|0:MrPink|Bill|Eddie|Joe|Pluribus|MrBlue
STATE:2:ffr225cff/r475c/r1298c/r3623c:4dTs|Kh4c|6h3s|6dJd|5hAh|Qs9s/2c7s2h/9h/5s:-50|-100|0|0|-3623|3773:Bill|Eddie|Joe|Pluribus|MrBlue|MrPink
STATE:3:r200fffff:KhTd|3d2c|JhQh|KsQc|5dAs|Qs6d:-50|-100|150|0|0|0:Eddie|Joe|Pluribus|MrBlue|MrPink|Bill
STATE:4:fffr222fr1225c/r1850c/cr2788c/r5601f:Jh5d|JsJc|Kd8h|9c7c|2s5h|JdAh/Qd3hTh/Ts/Td:-50|2838|0|0|0|-2788:Joe|Pluribus|MrBlue|MrPink|Bill|Eddie
STATE:5:ffr200fcf/cr550f:Ad8d|7sQc|6h4c|Jd5s|8cKc|4h2c/Jh6d3h:-200|-100|0|0|300|0:Pluribus|MrBlue|MrPink|Bill|Eddie|Joe
STATE:6:r225fffff:2c4h|Kc5s|Ah3h|3c2d|9h4c|6h2s:-50|-100|150|0|0|0:MrBlue|MrPink|Bill|Eddie|Joe|Pluribus
STATE:7:fr250fffr1100f:JsAd|AcAh|9d4h|KhQc|Th4s|9hJd:-50|300|0|-250|0|0:MrPink|Bill|Eddie|Joe|Pluribus|MrBlue
STATE:8:ffr225fff:5c3h|4dTs|Jc8c|7hTh|AsQd|Tc9d:-50|-100|0|0|150|0:Bill|Eddie|Joe|Pluribus|MrBlue|MrPink
STATE:9:ffr210fff:As3c|8h5d|2s8d|Qs6h|AhTd|3dQd:-50|-100|0|0|150|0:Eddie|Joe|Pluribus|MrBlue|MrPink|Bill
STATE:10:r225fffff:9dQh|Qc3h|AsQd|7d2d|2hJh|Kc6h:-50|-100|150|0|0|0:Joe|Pluribus|MrBlue|MrPink|Bill|Eddie
STATE:11:ffr200fff:4dJs|7s2c|3h6s|5h7c|QsAd|Qd8d:-50|-100|0|0|150|0:Pluribus|MrBlue|MrPink|Bill|Eddie|Joe
STATE:12:ffr250fff:Qs7d|4hJd|7hQc|Kc8s|QdTh|Ac3s:-50|-100|0|0|150|0:MrBlue|MrPink|Bill|Eddie|Joe|Pluribus
STATE:13:ffr250ffc/cc/cc/r1075c:2h2d|As9h|4d6d|3dTs|AdJs|Th7s/5dKh4h/Ah/Ac:-50|-1075|0|0|1125|0:MrPink|Bill|Eddie|Joe|Pluribus|MrBlue
STATE:14:fr200r715r1600fffc/cc/cr2450r5025r10000f:QcJh|Jd6c|6d2d|8s9s|As5s|AcKh/TsTd3c/Js:-50|-100|0|-200|-5025|5375:Bill|Eddie|Joe|Pluribus|MrBlue|MrPink
STATE:15:fr225ffff:8d4h|5c3h|4s2d|9dJd|TsAc|6dQd:-50|-100|0|150|0|0:Eddie|Joe|Pluribus|MrBlue|MrPink|Bill
STATE:16:ffffcr400f:Tc5c|3d7d|Jd2c|6s9s|4sJh|Qc3s:-100|100|0|0|0|0:Joe|Pluribus|MrBlue|MrPink|Bill|Eddie
STATE:17:fffff:5s8h|3dKs|8s2h|7sQd|8c5c|2d6c:-50|50|0|0|0|0:Pluribus|MrBlue|MrPink|Bill|Eddie|Joe
STATE:18:ffr250fcf/cr750r1950r10000c//:3s3h|Qd4s|5dKc|8cJd|9hAs|4dKh/9d7c3d/Jh/Qs:10100|-100|0|0|-10000|0:MrBlue|MrPink|Bill|Eddie|Joe|Pluribus
STATE:19:ffr200fcr1100cf/cc/cc/cr2300r4700c:2hAh|JcTc|3cAs|Js8d|7s7c|4c8s/8c9d7h/Td/4h:-200|4900|0|0|-4700|0:MrPink|Bill|Eddie|Joe|Pluribus|MrBlue
STATE:20:ffr225ffr1300r2800r10000f:QsTd|KdKc|Js4s|6h2c|AcQh|As6c:-50|2850|0|0|-2800|0:Bill|Eddie|Joe|Pluribus|MrBlue|MrPink
STATE:21:fffr250fc/cr525f:2h3s|As4d|4c3c|5c4h|9h2d|KdAd/6dQcKs:-50|-250|0|0|0|300:Eddie|Joe|Pluribus|MrBlue|MrPink|Bill
STATE:22:ffr225r800ffc/cr1500c/cc/cc:7s8h|7h3c|2c6s|8s7d|KhTh|TcTd/9sJsJc/9c/Ac:-50|-100|0|0|-1500|1650:Joe|Pluribus|MrBlue|MrPink|Bill|Eddie
STATE:23:fr225fr875ffc/cc/r1525f:9cTc|Qc7h|5c6h|9s9h|3dQd|JcKc/8s9d5h/5d:-50|-100|0|1025|0|-875:Pluribus|MrBlue|MrPink|Bill|Eddie|Joe
STATE:24:fffr287fr1400f:Jd7s|9h9d|7h3s|7c5s|Td8h|4sAd:-50|337|0|0|0|-287:MrBlue|MrPink|Bill|Eddie|Joe|Pluribus
STATE:25:ffr250fff:5c2d|4d6c|ThJs|Qd3s|Ad8c|8h2s:-50|-100|0|0|150|0:MrPink|Bill|Eddie|Joe|Pluribus|MrBlue
STATE:26:ffr225fr950fc/r1650c/r3900c/r10000f:JcAh|5d9s|Ad9h|ThKs|7sAs|7cTc/Ts7d4d/8s/2h:4000|-100|0|0|-3900|0:Bill|Eddie|Joe|Pluribus|MrBlue|MrPink
STATE:27:ffr210cff/cr410c/cc/cc:3h6c|Kh5c|2hKd|3dQc|QdJc|Qs8s/Jh2s5d/Ad/5s:-50|-100|0|0|560|-410:Eddie|Joe|Pluribus|MrBlue|MrPink|Bill
STATE:28:fffff:6h8s|4s9h|5d4h|7dQc|5h2h|3cTh:-50|50|0|0|0|0:Joe|Pluribus|MrBlue|MrPink|Bill|Eddie
STATE:29:fr225fffc/cr375f:6s5c|JcAd|7dTd|KhAc|6d9h|9c4d/9s2s9d:-50|-225|0|275|0|0:Pluribus|MrBlue|MrPink|Bill|Eddie|Joe
STATE:30:ffffcr300c/cr490c/cr1840c/cc:3h3c|8c6c|Kc6d|3d7s|8d4d|3s9c/4c5s2h/9s/4h:1840|-1840|0|0|0|0:MrBlue|MrPink|Bill|Eddie|Joe|Pluribus
STATE:31:fffff:5d8h|4s3h|Jh4c|Ts5s|Kh6s|7s5c:-50|50|0|0|0|0:MrPink|Bill|Eddie|Joe|Pluribus|MrBlue
STATE:32:ffffr300c/r750f:3cAc|2dAd|Ah4c|5c8s|Kd9s|4s7d/9c6dJh:300|-300|0|0|0|0:Bill|Eddie|Joe|Pluribus|MrBlue|MrPink
STATE:33:ffr210fcf/cc/cr370f:ThAd|2dJh|8d6c|5d6h|KcQh|3hTd/Qc4c2s/5c:-210|-100|0|0|310|0:Eddie|Joe|Pluribus|MrBlue|MrPink|Bill
STATE:34:fffr222fc/cc/cr972f:6s7s|8hKd|7dAh|Ac2s|2dQd|6cJc/AsTc5s/2c:-50|-222|0|0|0|272:Joe|Pluribus|MrBlue|MrPink|Bill|Eddie
STATE:35:fffff:5h2d|QhJs|8h7d|6s9c|4sTd|4cTc:-50|50|0|0|0|0:Pluribus|MrBlue|MrPink|Bill|Eddie|Joe
STATE:36:fffff:Jc2d|Kd8s|6h3d|5s8c|Qd9h|3h2h:-50|50|0|0|0|0:MrBlue|MrPink|Bill|Eddie|Joe|Pluribus
STATE:37:fffff:4s9h|4d6c|Qc8s|3c4c|Td6h|5d2c:-50|50|0|0|0|0:MrPink|Bill|Eddie|Joe|Pluribus|MrBlue
STATE:38:fffr250r1050fr2300r10000f:KcAh|8hAs|7d8s|3sTc|6sJh|ThAc:2400|-100|0|0|0|-2300:Bill|Eddie|Joe|Pluribus|MrBlue|MrPink
STATE:39:r225r760fffff:8s7s|6cAs|TsAc|3h3c|5c3d|AdTh:-50|-100|-225|375|0|0:Eddie|Joe|Pluribus|MrBlue|MrPink|Bill
STATE:40:fffff:7sTc|Qs5h|9dAh|2s2c|Jc8s|2h9h:-50|50|0|0|0|0:Joe|Pluribus|MrBlue|MrPink|Bill|Eddie
STATE:41:fr225fffc/cr475r1175c/cr1775f:Qc4s|2d5d|AcTs|2hAh|6sJc|8sJs/Ad2cQs/8c:-50|-1175|0|1225|0|0:Pluribus|MrBlue|MrPink|Bill|Eddie|Joe
STATE:42:fffff:4cQh|Jc5c|Kc9s|2h7h|Kh6c|6s3s:-50|50|0|0|0|0:MrBlue|MrPink|Bill|Eddie|Joe|Pluribus
STATE:43:fffff:4cKh|3c5c|TcKd|TsQd|8h6d|7h3d:-50|50|0|0|0|0:MrPink|Bill|Eddie|Joe|Pluribus|MrBlue
STATE:44:ffffr300f:6cAs|Qd2c|7sTd|2h3c|Th6d|7c5h:100|-100|0|0|0|0:Bill|Eddie|Joe|Pluribus|MrBlue|MrPink
STATE:45:fffr250fc/cr525r1250c/r2805c/r10000f:Ad4s|Jh8c|Kc7h|6dQd|Jd6c|Ks2s/Ac7s9s/Td/3c:-50|2855|0|0|0|-2805:Eddie|Joe|Pluribus|MrBlue|MrPink|Bill
STATE:46:fffff:4sJc|2dTh|3c8d|9sAc|7dAh|2hQc:-50|50|0|0|0|0:Joe|Pluribus|MrBlue|MrPink|Bill|Eddie
STATE:47:fr225fffc/cc/cc/cr475f:Jc2h|8dTc|9h6c|KdKs|7dKh|6s9c/3d6h5h/As/Qc:-50|-225|0|275|0|0:Pluribus|MrBlue|MrPink|Bill|Eddie|Joe
STATE:48:fffff:3c9s|KsQh|2cTd|Js7d|3s9h|5d9c:-50|50|0|0|0|0:MrBlue|MrPink|Bill|Eddie|Joe|Pluribus
STATE:49:fffff:Qs5h|Ah7s|7d6h|3sTc|5sJh|2h8c:-50|50|0|0|0|0:MrPink|Bill|Eddie|Joe|Pluribus|MrBlue
STATE:50:r250cr875fffcf/cc/cc/r1630r2860f:ThJd|6h7s|QdKd|Ad4d|AsQc|3c5c/8s4sTd/2s/9s:-50|-100|-1630|-250|2030|0:Bill|Eddie|Joe|Pluribus|MrBlue|MrPink
STATE:51:ffr210fff:Qs2c|5hAc|9s6h|Ad6s|8cJc|3c9d:-50|-100|0|0|150|0:Eddie|Joe|Pluribus|MrBlue|MrPink|Bill
STATE:52:fr210r637ffff:3dAc|Ks2h|2cTh|7s9s|AdQc|2sKd:-50|-100|0|-210|360|0:Joe|Pluribus|MrBlue|MrPink|Bill|Eddie
STATE:53:ffffcc/cr250c/cc/r1000f:9cJd|Th2h|4h3s|5d8s|2d9h|6dJh/8cQh7d/8d/6c:250|-250|0|0|0|0:Pluribus|MrBlue|MrPink|Bill|Eddie|Joe
STATE:54:fr200ffff:6s9c|4d7h|As5c|6d7d|Th2c|6cAd:-50|-100|0|150|0|0:MrBlue|MrPink|Bill|Eddie|Joe|Pluribus
STATE:55:fffr225fr1000f:3sAh|6h4h|Kh4c|Js7d|5hQs|8dAs:-50|275|0|0|0|-225:MrPink|Bill|Eddie|Joe|Pluribus|MrBlue
STATE:56:ffr225fr950ff:JsAd|8sTd|9dAs|7dKc|8hAc|7s4s:325|-100|0|0|-225|0:Bill|Eddie|Joe|Pluribus|MrBlue|MrPink
STATE:57:fr225ffr1150fr2525c/cr4525c/cr10000c/:AhAd|9sTc|9h5h|KhKs|5sQs|3sJs/5c8sTd/7d/8h:10100|-100|0|-10000|0|0:Eddie|Joe|Pluribus|MrBlue|MrPink|Bill
STATE:58:fffr222ff:2sQs|Js7c|Qd7h|2c6s|Td3d|ThKs:-50|-100|0|0|0|150:Joe|Pluribus|MrBlue|MrPink|Bill|Eddie
STATE:59:ffr200ffc/cc/cr750c/cr3450f:9s8d|Qc7s|TdJh|3cKc|AcTs|5sTc/3dQsJd/8s/2s:-50|-750|0|0|800|0:Pluribus|MrBlue|MrPink|Bill|Eddie|Joe
STATE:60:fffff:8h4s|Qd4c|5hAc|Js8d|3dTc|2hTd:-50|50|0|0|0|0:MrBlue|MrPink|Bill|Eddie|Joe|Pluribus
STATE:61:fffff:3d9d|5d6c|8c3h|6h3c|5s4d|7cQh:-50|50|0|0|0|0:MrPink|Bill|Eddie|Joe|Pluribus|MrBlue
STATE:62:r250fcfff/cr550c/cr2500c/cr6450c:2hKd|4c7s|Qc9c|7c8d|TsTd|JdKc/6dTc9h/Ac/6c:-50|-100|-6450|0|6600|0:Bill|Eddie|Joe|Pluribus|MrBlue|MrPink
STATE:63:ffr210r750fff:6cJd|6h2s|Kc2d|7dKh|6dAd|6s7s:-50|-100|0|0|-210|360:Eddie|Joe|Pluribus|MrBlue|MrPink|Bill
STATE:64:ffr225ffc/cr475f:4dQh|9h6h|8h9c|Js4s|TcJd|3c9d/7cKsAs:-50|-225|0|0|275|0:Joe|Pluribus|MrBlue|MrPink|Bill|Eddie
STATE:65:r210fffcc/ccc/ccc/cr682ff:Ah4h|2h3h|8sAs|2c4s|3d2s|8hQc/6s9dJc/Kh/8d:-210|420|-210|0|0|0:Pluribus|MrBlue|MrPink|Bill|Eddie|Joe
STATE:66:ffffcc/cc/cc/cc:3d7d|3cKd|Qh9s|Th4c|2s5s|9c3h/7h9hAs/Ts/6h:100|-100|0|0|0|0:MrBlue|MrPink|Bill|Eddie|Joe|Pluribus
STATE:67:fr250fcff/cc/cc/r625f:6d2h|Tc3s|5h6s|8d8s|Kd5d|2d2c/KhAdQd/Js/8c:-50|-100|0|400|0|-250:MrPink|Bill|Eddie|Joe|Pluribus|MrBlue
STATE:68:fffr250fc/cr1000f:4sJd|8sQs|4cQc|3cTs|2cTc|9hAh/9c5s2d:-50|-250|0|0|0|300:Bill|Eddie|Joe|Pluribus|MrBlue|MrPink
STATE:69:ffr210r750ffc/cc/r1250c/cc:6dQs|5sAd|Kd4c|6s7c|9sJs|9d9h/JcQd5h/4d/6c:-50|-100|0|0|1400|-1250:Eddie|Joe|Pluribus|MrBlue|MrPink|Bill
STATE:70:ffffr300f:KsAd|5h9c|Kc7s|8c3d|4c5s|Jc2s:100|-100|0|0|0|0:Joe|Pluribus|MrBlue|MrPink|Bill|Eddie
STATE:71:fffr250fr1100f:6s5h|3s5s|2sJh|Kc3d|2hAs|Qh3h:-50|300|0|0|0|-250:Pluribus|MrBlue|MrPink|Bill|Eddie|Joe
STATE:72:ffffcr300c/cr600f:Ad4d|Kc9d|6sQc|7h4c|Td3c|6h5d/8h2s8s:-300|300|0|0|0|0:MrBlue|MrPink|Bill|Eddie|Joe|Pluribus
STATE:73:r200ffffc/cc/r350c/cc:7s3d|8c5c|AdTc|3cKc|6dQs|3hJs/7h3s5s/4c/Ah:-50|-350|400|0|0|0:MrPink|Bill|Eddie|Joe|Pluribus|MrBlue
STATE:74:cr275r1100ffffr2275c/r3475f:Ks9c|9d8s|8d6s|AdKh|5sAs|6h7c/6cTcJc:-50|-100|-100|2525|-2275|0:Bill|Eddie|Joe|Pluribus|MrBlue|MrPink
STATE:75:fffr287ff:9hAs|Kd7h|8c2h|4c6d|5s2d|AhQd:-50|-100|0|0|0|150:Eddie|Joe|Pluribus|MrBlue|MrPink|Bill
STATE:76:r225fffff:8sKs|4h9s|7h7d|8cKh|2h2c|2dKc:-50|-100|150|0|0|0:Joe|Pluribus|MrBlue|MrPink|Bill|Eddie
STATE:77:fr225fr875fff:Ah5c|3h2h|8h5d|9h7h|3s8c|Kd9d:-50|-100|0|-225|0|375:Pluribus|MrBlue|MrPink|Bill|Eddie|Joe
STATE:78:ffffr300c/r750r1500f:7c8c|9dKs|7h6c|8sQc|Qs2h|4sJd/5s9h3d:-750|750|0|0|0|0:MrBlue|MrPink|Bill|Eddie|Joe|Pluribus
STATE:79:ffffcr350f:5dKh|JsKc|6sQc|2h4c|8s5c|7sJh:-100|100|0|0|0|0:MrPink|Bill|Eddie|Joe|Pluribus|MrBlue
STATE:80:ffr225fr950ff:8h8s|8c9d|3h5s|5d3d|3c4c|TsJc:325|-100|0|0|-225|0:Bill|Eddie|Joe|Pluribus|MrBlue|MrPink
STATE:81:fr225fcfc/ccr587cf/r1587f:4s5d|Jd9h|7h4d|7c8c|Ah2d|8s6s/4h9dKh/9s:-50|862|0|-225|0|-587:Eddie|Joe|Pluribus|MrBlue|MrPink|Bill
STATE:82:ffr225ffc/cr475f:5s3c|Ac4c|8d3s|Ah6s|4d4h|5d6c/9h2hKc:-50|-225|0|0|275|0:Joe|Pluribus|MrBlue|MrPink|Bill|Eddie
STATE:83:ffffcr350f:6cKs|AcTh|QdTs|8h4h|4c2s|7h9c:-100|100|0|0|0|0:Pluribus|MrBlue|MrPink|Bill|Eddie|Joe
STATE:84:fffr225fc/cc/r575c/r2225f:Kh8s|2cKc|3c2d|9d5s|4d3h|6h5h/7cQd6c/7d/5c:-50|625|0|0|0|-575:MrBlue|MrPink|Bill|Eddie|Joe|Pluribus
STATE:85:fffff:4c6h|Kh8d|3d9s|8c3c|7h3s|Jh4d:-50|50|0|0|0|0:MrPink|Bill|Eddie|Joe|Pluribus|MrBlue
STATE:86:r250fffff:5c5d|Th5h|JhAs|Kh6h|2dJd|Ac9h:-50|-100|150|0|0|0:Bill|Eddie|Joe|Pluribus|MrBlue|MrPink
STATE:87:fffr287ff:2hTd|9d2c|Tc8d|8h5c|Jc3s|KhJh:-50|-100|0|0|0|150:Eddie|Joe|Pluribus|MrBlue|MrPink|Bill
STATE:88:ffr225fff:2d5s|5d2h|3d7c|6sAc|KcTs|9dQs:-50|-100|0|0|150|0:Joe|Pluribus|MrBlue|MrPink|Bill|Eddie
STATE:89:fffr250r1000ff:5h4h|9d7d|Ts7h|9c6d|3hQd|Js7s:350|-100|0|0|0|-250:Pluribus|MrBlue|MrPink|Bill|Eddie|Joe
STATE:90:fr200ffff:Kh7c|3d6s|Kd6h|AhKc|2d4d|8sTh:-50|-100|0|150|0|0:MrBlue|MrPink|Bill|Eddie|Joe|Pluribus
STATE:91:ffffcc/r200f:6d5s|Qc7s|7d5c|2cQh|8s2s|Qd6h/AdJd3d:100|-100|0|0|0|0:MrPink|Bill|Eddie|Joe|Pluribus|MrBlue
STATE:92:ffffr300r900c/cr1350c/cc/cc:Ac2c|5d4d|Jh3s|9d4h|2h8s|2dKs/4c2sQs/Td/3c:-1350|1350|0|0|0|0:Bill|Eddie|Joe|Pluribus|MrBlue|MrPink
STATE:93:fffr287cf/cr624c/cr1298c/cr2923r10000f:QcKc|4c3d|9d8h|Ks2s|6dAh|9cQh/3c6sJc/6h/7c:3023|-100|0|0|0|-2923:Eddie|Joe|Pluribus|MrBlue|MrPink|Bill
STATE:94:fffr222fc/cr372c/cc/cr769c:2h7h|2dAs|2s6d|4sTs|5hAd|9dJc/2c5sKh/Jh/7d:-50|-769|0|0|0|819:Joe|Pluribus|MrBlue|MrPink|Bill|Eddie
STATE:95:ffffcc/r200c/cc/cc:Qs7c|Td6d|2h3h|4d7d|2sAd|3d9h/Ah5hTs/3c/4h:-200|200|0|0|0|0:Pluribus|MrBlue|MrPink|Bill|Eddie|Joe
STATE:96:r225fffcr1300cf/r2050f:5c6c|AcQc|9h9c|3cJc|6h8c|4d9d/KsAd2c:-225|1525|-1300|0|0|0:MrBlue|MrPink|Bill|Eddie|Joe|Pluribus
STATE:97:ffffcr350c/cc/cr700f:4d6d|KdQc|8s2s|5s8d|5c7d|6cKh/Ad7h3s/Ks:-350|350|0|0|0|0:MrPink|Bill|Eddie|Joe|Pluribus|MrBlue
STATE:98:ffffr300c/r750f:QdQs|7sKd|6sKh|3cJs|4h2c|5h8d/9dJcQc:300|-300|0|0|0|0:Bill|Eddie|Joe|Pluribus|MrBlue|MrPink
STATE:99:r200fffff:Jh6c|2s7s|9sTs|Ac9h|Ad3d|2h6d:-50|-100|150|0|0|0:Eddie|Joe|Pluribus|MrBlue|MrPink|Bill
STATE:100:ffr225ffc/cc/r475r975f:Qc5s|ThAh|Qd5h|TcJs|7c5c|2s4s/3s4h4c/6s:-50|-475|0|0|525|0:Joe|Pluribus|MrBlue|MrPink|Bill|Eddie
STATE:101:fr225ffff:9s2d|Th5c|6hAs|9c7c|KsTc|3hKh:-50|-100|0|150|0|0:Pluribus|MrBlue|MrPink|Bill|Eddie|Joe
STATE:102:fffr225fc/cr725c/cr2975f:3s7d|3hKc|7cQd|Qc8s|4sTc|KdQh/6sKs9h/Jc:-50|-725|0|0|0|775:MrBlue|MrPink|Bill|Eddie|Joe|Pluribus
STATE:103:ffr225fcf/cc/cr500c/cc:6c6h|Qd7c|8dQs|4hJs|AhTc|3d2d/Qc9s5c/5h/Th:-500|-100|0|0|600|0:MrPink|Bill|Eddie|Joe|Pluribus|MrBlue
STATE:104:r250ffffc/cc/r415c/cc:7sJh|As5s|AhQc|9d4h|QhJs|Kc4d/5h6h6c/9h/4s:-50|465|-415|0|0|0:Bill|Eddie|Joe|Pluribus|MrBlue|MrPink
STATE:105:fr225fcff/cr525f:7hKc|8dQc|7c3d|Kh9h|JhTc|TdKd/8sJd6d:-50|-100|0|-225|0|375:Eddie|Joe|Pluribus|MrBlue|MrPink|Bill
STATE:106:fffr222fc/cr672c/cr1232c/cr4232f:2h3d|6c9c|5c6d|7s4c|5sKd|4sJs/3s9hQh/6h/4h:-50|-1232|0|0|0|1282:Joe|Pluribus|MrBlue|MrPink|Bill|Eddie
STATE:107:fr225ffcf/cr500f:KsTs|4s2c|9d6d|9c7c|3s6s|KdTh/As4c7h:-225|-100|0|325|0|0:Pluribus|MrBlue|MrPink|Bill|Eddie|Joe
STATE:108:fffff:3d9s|KsKh|5c4s|9d2h|8h2d|7c2c:-50|50|0|0|0|0:MrBlue|MrPink|Bill|Eddie|Joe|Pluribus
STATE:109:fr250fffc/cr500c/cr2000f:9s4h|KdTs|8s2h|4dAd|Ah3d|AcJh/6s9d2d/2c:-50|-500|0|550|0|0:MrPink|Bill|Eddie|Joe|Pluribus|MrBlue
STATE:110:ffr225fff:Ac4h|8c6h|KsTc|7hKd|ThTs|Qc4s:-50|-100|0|0|150|0:Bill|Eddie|Joe|Pluribus|MrBlue|MrPink
STATE:111:ffr210fff:8h6s|3d9s|9h7c|Ks4d|JcQs|4cJs:-50|-100|0|0|150|0:Eddie|Joe|Pluribus|MrBlue|MrPink|Bill
STATE:112:fffr222fc/cr372c/cc/r769r1563r3945r10000c:8d4d|Qc9c|2c9d|3s8c|3d9h|QdKd/QhKcQs/2d/5d:-50|-10000|0|0|0|10050:Joe|Pluribus|MrBlue|MrPink|Bill|Eddie
STATE:113:r210fffff:8sTc|6d2c|2hAh|3d5s|Js4h|3sKs:-50|-100|150|0|0|0:Pluribus|MrBlue|MrPink|Bill|Eddie|Joe
STATE:114:fr200ffff:Ac4d|6hTs|5h8d|8cTc|2c4c|2h9h:-50|-100|0|150|0|0:MrBlue|MrPink|Bill|Eddie|Joe|Pluribus
STATE:115:fffr225ff:Tc7d|3d9c|Qc6c|6s2s|Ac3h|9d9h:-50|-100|0|0|0|150:MrPink|Bill|Eddie|Joe|Pluribus|MrBlue
STATE:116:fffff:4h6c|6sTc|JcTs|3d8c|4cJh|7s9h:-50|50|0|0|0|0:Bill|Eddie|Joe|Pluribus|MrBlue|MrPink
STATE:117:fr225fr800ffr2535r10000f:QsTd|5h8d|8s7d|QhAc|9h7c|KdAd:-50|-100|0|-2535|0|2685:Eddie|Joe|Pluribus|MrBlue|MrPink|Bill
STATE:118:r225ffffc/cr475c/cc/r975f:7cQc|JsQh|8hKh|4h6c|8c4s|Th5s/JdQsAc/3d/5d:-50|525|-475|0|0|0:Joe|Pluribus|MrBlue|MrPink|Bill|Eddie
STATE:119:fr225fffc/cc/cc/cc:Ts2c|8dKd|5dKs|Kh9h|4dJs|5hAd/Tc8h9c/7c/2d:-50|-225|0|275|0|0:Pluribus|MrBlue|MrPink|Bill|Eddie|Joe
STATE:120:r225ffcff/r525r1125f:Kh6d|Ts6c|KdJh|6h3s|4s9h|7c7s/7dQhQc:-50|-100|-525|0|0|675:MrBlue|MrPink|Bill|Eddie|Joe|Pluribus
STATE:121:ffffcc/r200f:8cQd|9s4d|Ts9h|7hAc|Qc6h|Kh2c/JdQh2d:100|-100|0|0|0|0:MrPink|Bill|Eddie|Joe|Pluribus|MrBlue
STATE:122:fr200cfff/cr425c/cr2175f:2c6s|7c2h|9cTh|AhQh|6h7h|5cKc/5hTc4s/8c:-50|-100|0|-425|575|0:Bill|Eddie|Joe|Pluribus|MrBlue|MrPink
STATE:123:fr225ffff:KdTc|6h8d|4c9c|AcKh|9s2h|7c2s:-50|-100|0|150|0|0:Eddie|Joe|Pluribus|MrBlue|MrPink|Bill
STATE:124:ffr225cr1300fff:TcTh|8c7s|9h6c|6dQs|Ks8s|Ad8d:550|-100|0|0|-225|-225:Joe|Pluribus|MrBlue|MrPink|Bill|Eddie
STATE:125:fr225cffc/ccc/ccr465cf/cr2575f:7cTh|TdTc|Js2h|6d6s|5d4d|8hQs/9c8d3d/Kd/4s:-50|-465|0|-225|740|0:Pluribus|MrBlue|MrPink|Bill|Eddie|Joe
STATE:126:ffr250fr1100fc/r1900c/r3550c/cc:TsTd|5hAc|4h6s|Tc7s|8h8c|5cKh/9h9s2s/3c/3d:3650|-100|0|0|-3550|0:MrBlue|MrPink|Bill|Eddie|Joe|Pluribus
STATE:127:fr250ffff:8s5c|4hAd|Kd5s|AsJd|Kh7h|ThJs:-50|-100|0|150|0|0:MrPink|Bill|Eddie|Joe|Pluribus|MrBlue
STATE:128:fffr250fr1300f:Ac5h|ThAd|2s3c|9s2d|6d4s|7c4c:-50|300|0|0|0|-250:Bill|Eddie|Joe|Pluribus|MrBlue|MrPink
STATE:129:ffffr300f:KsTh|9h2d|Jh5c|7d4d|8cQs|6d2c:100|-100|0|0|0|0:Eddie|Joe|Pluribus|MrBlue|MrPink|Bill
STATE:130:fr210fffc/cc/cc/cc:Td2c|3h5s|6s7h|8dKd|3s2h|6h4c/8cKcJc/Js/9s:-50|-210|0|260|0|0:Joe|Pluribus|MrBlue|MrPink|Bill|Eddie
STATE:131:fr225r700ffff:3cKd|AcJh|6dKh|7h9h|QsQd|8sJd:-50|-100|0|-225|375|0:Pluribus|MrBlue|MrPink|Bill|Eddie|Joe
STATE:132:r225ffcff/r525f:3d5c|8c3s|9c7c|Kh9h|Qh2d|8sAs/Qc3h2h:-50|-100|375|0|0|-225:MrBlue|MrPink|Bill|Eddie|Joe|Pluribus
STATE:133:ffr225ffc/cc/cr475c/cc:7hKc|Ah8c|2d6d|4d8s|JcKs|3h9s/9cAcKh/3d/5h:-50|525|0|0|-475|0:MrPink|Bill|Eddie|Joe|Pluribus|MrBlue
STATE:134:ffr225fff:8d9c|9h3c|6c2s|5hKd|7hJh|6h4s:-50|-100|0|0|150|0:Bill|Eddie|Joe|Pluribus|MrBlue|MrPink
STATE:135:fffr287fc/cr487f:9hAs|3sQs|7sTc|Ac6s|Jd4c|ThTd/4dJcJh:-50|-287|0|0|0|337:Eddie|Joe|Pluribus|MrBlue|MrPink|Bill
STATE:136:fffr222r950ff:TsKs|Jh3s|Qd8c|6cAs|2c4h|JsKh:322|-100|0|0|0|-222:Joe|Pluribus|MrBlue|MrPink|Bill|Eddie
STATE:137:fr225cffc/cr475fc/cc/cc:2c4c|Kc9s|JdTc|Ad6d|TsQs|7sQc/7dKhKd/Ks/5h:-50|750|0|-475|-225|0:Pluribus|MrBlue|MrPink|Bill|Eddie|Joe
STATE:138:ffr250fff:8h4h|7cQs|6cTh|3s2h|TcQh|9d6h:-50|-100|0|0|150|0:MrBlue|MrPink|Bill|Eddie|Joe|Pluribus
STATE:139:ffffr300c/r450c/r1450c/cc:JdAs|9dAh|2h6h|Jc7s|4c5s|2sTh/5hAcKc/4s/5c:0|0|0|0|0|0:MrPink|Bill|Eddie|Joe|Pluribus|MrBlue
STATE:140:r250fcffc/ccr550fc/cr1575f:5dKc|2dKd|QdAc|8h6h|QhQc|8s9h/5h9d5c/9s:-50|-250|-550|0|850|0:Bill|Eddie|Joe|Pluribus|MrBlue|MrPink
STATE:141:ffr210ffr925c/cr1675f:2sJc|QcAc|Ts8s|7dKd|7hAh|8dTh/5hJd4s:-50|-925|0|0|975|0:Eddie|Joe|Pluribus|MrBlue|MrPink|Bill
STATE:142:ffr225fff:4s5s|Jd8s|6sJc|6hKc|AdAc|6d4c:-50|-100|0|0|150|0:Joe|Pluribus|MrBlue|MrPink|Bill|Eddie
STATE:143:r210fr700fffr2150c/cc/cr3250f:9h6d|Ks7s|AcQs|TsQc|AdAs|5d9c/9s8c2d/4h:-50|-100|-2150|0|2300|0:Pluribus|MrBlue|MrPink|Bill|Eddie|Joe
STATE:144:r225fffff:7sKh|5dJh|ThAc|5sTc|9c3d|5c7d:-50|-100|150|0|0|0:MrBlue|MrPink|Bill|Eddie|Joe|Pluribus
STATE:145:fr250ffff:ThKd|6h5c|Qs2c|JcJd|5h3d|4h3s:-50|-100|0|150|0|0:MrPink|Bill|Eddie|Joe|Pluribus|MrBlue
STATE:146:r250ffffc/cr600c/cc/cc:9dQh|JdQs|Ks9s|2h4d|3h2d|7c3c/Td8s7h/Kd/As:-50|650|-600|0|0|0:Bill|Eddie|Joe|Pluribus|MrBlue|MrPink
STATE:147:ffr210fff:Jh5c|7sKc|3d4h|7cKd|As5s|7d8c:-50|-100|0|0|150|0:Eddie|Joe|Pluribus|MrBlue|MrPink|Bill
STATE:148:fr210r650ffr2293ff:7h2d|AhKs|8hKh|QhKd|JcKc|5c3d:-50|910|0|-210|-650|0:Joe|Pluribus|MrBlue|MrPink|Bill|Eddie
STATE:149:ffffr250c/cc/cr625f:5h5c|Js7d|JhTd|3d6c|8d5d|Th4h/Kh8sTc/9c:-250|250|0|0|0|0:Pluribus|MrBlue|MrPink|Bill|Eddie|Joe
STATE:150:fr200fffc/cr335c/cr910f:9cAh|6c8s|7sTs|QhKd|9s3c|3dAc/JhAs8d/9d:-50|-335|0|385|0|0:MrBlue|MrPink|Bill|Eddie|Joe|Pluribus
STATE:151:ffr200ffr875c/cr1325c/cr2000f:TcJd|AsTs|JsTh|Ac8h|6h7h|4dKc/AhKhJh/3h:-50|-1325|0|0|1375|0:MrPink|Bill|Eddie|Joe|Pluribus|MrBlue
STATE:152:r250fffff:3hQs|8c2s|8d9d|4dJh|TcQh|JsTh:-50|-100|150|0|0|0:Bill|Eddie|Joe|Pluribus|MrBlue|MrPink
STATE:153:fffr287fc/cr755c/cr2315f:Qh7s|Ac8h|6c9c|4hAd|5s2h|TdJc/8cJs9s/4d:-50|-755|0|0|0|805:Eddie|Joe|Pluribus|MrBlue|MrPink|Bill
STATE:154:fr210fr800fff:JhKs|JsKc|KhTd|QcAh|3c2h|5s4s:-50|-100|0|-210|0|360:Joe|Pluribus|MrBlue|MrPink|Bill|Eddie
STATE:155:fffr250fc/cc/cr575c/r1275f:4d9h|8s6s|2h8h|2sKh|Ks9c|Ah4s/9d6cQs/Ts/Kd:-50|625|0|0|0|-575:Pluribus|MrBlue|MrPink|Bill|Eddie|Joe
STATE:156:ffffr300c/r750f:KhAh|6h9c|Qs8s|Jc4d|4h5d|Td3s/5sKcQc:300|-300|0|0|0|0:MrBlue|MrPink|Bill|Eddie|Joe|Pluribus
STATE:157:ffr200ffc/cr425f:2d5h|Qh9c|5sTs|5c7c|TdKh|2h6d/4c3c4h:-50|-200|0|0|250|0:MrPink|Bill|Eddie|Joe|Pluribus|MrBlue
STATE:158:r250ffffc/cc/r415c/r675r1415c:6h5h|TdKc|QdAs|7cJc|Ts8c|KdTh/7d6d4d/8s/Jd:-50|-1415|1465|0|0|0:Bill|Eddie|Joe|Pluribus|MrBlue|MrPink
STATE:159:ffr210fff:9d2h|6c4h|Qs7h|4sTh|7s9s|7d8h:-50|-100|0|0|150|0:Eddie|Joe|Pluribus|MrBlue|MrPink|Bill
STATE:160:fffff:Js5c|5sAs|Jh4s|9dTs|3h4h|6dQs:-50|50|0|0|0|0:Joe|Pluribus|MrBlue|MrPink|Bill|Eddie
