# name/game/hands/seed sample_game_52 ../lib/python-client/acpc_infrastructure/holdem.nolimit.6p.game 10000 52
#--t_response 600000000
#--t_hand 600000000
#--t_per_hand 600000000
STATE:0:fffff:5h7d|9hJh|2s9s|6c5d|Kd2c|3sTh:-50|50|0|0|0|0:MrOrange|MrWhite|MrBlonde|Eddie|Bill|Pluribus
STATE:1:fr225ffcc/ccr562ff:9cTd|8d6d|5d9s|8cJc|Th4c|4d4s/2s9dQc:-225|-225|0|450|0|0:MrWhite|MrBlonde|Eddie|Bill|Pluribus|MrOrange
STATE:2:fffff:Jc5h|2h7h|2s8c|4sKd|4c9c|5sQh:-50|50|0|0|0|0:MrBlonde|Eddie|Bill|Pluribus|MrOrange|MrWhite
STATE:3:ffffcr350c/cc/cc/r875f:AdTs|9hAh|JdKc|Qh2c|9c4s|7dJs/4c3s6c/Qs/Tc:350|-350|0|0|0|0:Eddie|Bill|Pluribus|MrOrange|MrWhite|MrBlonde
STATE:4:r200ffcff/cc/cc/cc:Qs7c|2s8c|9hAh|7d4c|8sJh|7h7s/3sThQd/8d/As:-50|-100|350|0|0|-200:Bill|Pluribus|MrOrange|MrWhite|MrBlonde|Eddie
STATE:5:ffffr200c/cc/r600c/cc:JhQd|5sAs|Kc7c|2s9c|4c3h|8h3d/Js7d2c/3c/3s:600|-600|0|0|0|0:Pluribus|MrOrange|MrWhite|MrBlonde|Eddie|Bill
STATE:6:r250cffcc/cccr500ccc/cccc/ccr1925fff:9s9h|9c9d|AdKc|7c7d|5cTc|Ks5h/3h3d6d/8c/Qs:-500|-500|1500|-500|0|0:MrOrange|MrWhite|MrBlonde|Eddie|Bill|Pluribus
STATE:7:fffff:7sJh|6cTh|3c8s|4s7d|4c5d|7cTc:-50|50|0|0|0|0:MrWhite|MrBlonde|Eddie|Bill|Pluribus|MrOrange
STATE:8:fffr225fc/cr475f:Ks5d|9s8s|9h7c|9dQc|7d3h|Ac8c/4d2cTh:-50|-225|0|0|0|275:MrBlonde|Eddie|Bill|Pluribus|MrOrange|MrWhite
STATE:9:r200fffff:5h7c|3dAc|4c4d|Th8s|8hQs|8cAd:-50|-100|150|0|0|0:Eddie|Bill|Pluribus|MrOrange|MrWhite|MrBlonde
STATE:10:fffff:7sTh|Ks5s|2cJc|8dAh|3c6d|7dKh:-50|50|0|0|0|0:Bill|Pluribus|MrOrange|MrWhite|MrBlonde|Eddie
STATE:11:fr250ffff:9h7s|8d5c|Qc2d|AsAd|9sKd|TdQh:-50|-100|0|150|0|0:Pluribus|MrOrange|MrWhite|MrBlonde|Eddie|Bill
STATE:12:ffffr300c/cc/r1175f:9sQc|Ks6h|8s5s|As7d|4s2d|Td3h/5d8dQs/2s:300|-300|0|0|0|0:MrOrange|MrWhite|MrBlonde|Eddie|Bill|Pluribus
STATE:13:fr225ffff:Qc5c|2sJh|Qh8d|Ac2c|6dKh|5d7c:-50|-100|0|150|0|0:MrWhite|MrBlonde|Eddie|Bill|Pluribus|MrOrange
STATE:14:ffr225ffc/cc/cr425c/cc:7dQs|9d9s|5h8d|2h6h|JcKc|5sTd/Jd2sQc/Qd/Ad:-50|-425|0|0|475|0:MrBlonde|Eddie|Bill|Pluribus|MrOrange|MrWhite
STATE:15:fr225fffr1000c/r1550c/r3912f:Tc6h|AcKc|9hTs|8d8c|9d8s|3dJc/Ah5h7d/Td:-50|1600|0|-1550|0|0:Eddie|Bill|Pluribus|MrOrange|MrWhite|MrBlonde
STATE:16:ffffr300f:AdKs|7c4h|8cQs|Jd2s|4d6h|5d2d:100|-100|0|0|0|0:Bill|Pluribus|MrOrange|MrWhite|MrBlonde|Eddie
STATE:17:fffr287ff:Js9d|2c3h|2s5h|TsJc|6cTh|7c9c:-50|-100|0|0|0|150:Pluribus|MrOrange|MrWhite|MrBlonde|Eddie|Bill
STATE:18:ffffr325c/cr812f:2h2c|Ts7h|KhTd|6hJs|8s5c|7d3c/4sKs9s:-325|325|0|0|0|0:MrOrange|MrWhite|MrBlonde|Eddie|Bill|Pluribus
STATE:19:r200r625fffff:4d6s|Kd5h|Ac7c|AhQd|6dTh|9d4c:-50|-100|-200|350|0|0:MrWhite|MrBlonde|Eddie|Bill|Pluribus|MrOrange
STATE:20:fffr225r1050fc/r2250c/r4650r10000f:QcKd|Ts6s|Ac5h|2h8c|4d7h|8h9h/2sTdJd/7c:-4650|-100|0|0|0|4750:MrBlonde|Eddie|Bill|Pluribus|MrOrange|MrWhite
STATE:21:ffr225fcc/r425fc/r2075c/r10000f:5hAh|AcTh|3d7h|Jd2d|Td7d|4sKc/5s7c8d/5d/2s:2300|-225|0|0|-2075|0:Eddie|Bill|Pluribus|MrOrange|MrWhite|MrBlonde
STATE:22:ffr250cfc/ccc/ccr490ff:7hAd|As4s|8dQc|Tc6s|KsAc|JsKc/9h2hTs/Qh:-50|-250|0|0|-250|550:Bill|Pluribus|MrOrange|MrWhite|MrBlonde|Eddie
STATE:23:fffr287ff:Jh2d|9cKs|9d2c|5sKh|3h7d|Ac6s:-50|-100|0|0|0|150:Pluribus|MrOrange|MrWhite|MrBlonde|Eddie|Bill
STATE:24:fffr250fc/cc/cc/cr662f:Kh6c|7s9s|6d8d|2h8s|Kc4s|Ah8c/7dJd3h/As/5s:-50|-250|0|0|0|300:MrOrange|MrWhite|MrBlonde|Eddie|Bill|Pluribus
STATE:25:ffffr300c/cr750c/cr1875c/cr4000c:JcAd|7hJh|7d9d|4s2d|Ks9h|8cKh/TcQcAh/Th/2h:-4000|4000|0|0|0|0:MrWhite|MrBlonde|Eddie|Bill|Pluribus|MrOrange
STATE:26:r225fffr1050fr2375c/cr4350f:JhJs|4d5d|KhQd|3d8h|Ad3c|Th8d/Qc7hTc:-2375|-100|2475|0|0|0:MrBlonde|Eddie|Bill|Pluribus|MrOrange|MrWhite
STATE:27:ffffr300r1000c/cr1800f:5d5h|JsAh|8dQc|Kc9h|Ks2s|3d8c/Jh6d8s:-1000|1000|0|0|0|0:Eddie|Bill|Pluribus|MrOrange|MrWhite|MrBlonde
STATE:28:ffr250fff:4c2d|Td5s|7c9h|Kd3h|Ad5d|As6c:-50|-100|0|0|150|0:Bill|Pluribus|MrOrange|MrWhite|MrBlonde|Eddie
STATE:29:fffr287ff:Jh9c|6d2d|8d5h|Jc3d|Qd6c|8cKd:-50|-100|0|0|0|150:Pluribus|MrOrange|MrWhite|MrBlonde|Eddie|Bill
STATE:30:fffff:Qs5d|9h8s|9s2s|5c9d|6cAd|2dTd:-50|50|0|0|0|0:MrOrange|MrWhite|MrBlonde|Eddie|Bill|Pluribus
STATE:31:fffr245ff:6sKh|3d9h|JsQd|7c2s|5cJh|AhQs:-50|-100|0|0|0|150:MrWhite|MrBlonde|Eddie|Bill|Pluribus|MrOrange
STATE:32:fr225ffr1050ff:KsAs|9cQc|3hQd|JhTs|4d9d|2c6h:325|-100|0|-225|0|0:MrBlonde|Eddie|Bill|Pluribus|MrOrange|MrWhite
STATE:33:ffffcr350f:Ad3s|5d5h|7dQs|9h7s|4s9s|7h3c:-100|100|0|0|0|0:Eddie|Bill|Pluribus|MrOrange|MrWhite|MrBlonde
STATE:34:ffffr300r900c/cr1800f:KcQc|Jc7h|KsTh|Qd4c|Qs9h|Td2c/3s7s2h:-900|900|0|0|0|0:Bill|Pluribus|MrOrange|MrWhite|MrBlonde|Eddie
STATE:35:r225fffcf/cr485f:Ah7h|6hQd|Qs9s|Jd7c|8h2s|Jh8c/Kd3d6s:-225|-100|325|0|0|0:Pluribus|MrOrange|MrWhite|MrBlonde|Eddie|Bill
STATE:36:r250ffffc/cr550c/cc/cc:2d3c|TsAs|QhJh|2s8d|Ks5h|Jc7s/Kd4s2h/4d/6h:-50|600|-550|0|0|0:MrOrange|MrWhite|MrBlonde|Eddie|Bill|Pluribus
STATE:37:ffr225r650ffr1987f:6h8d|2sTs|7c4s|3s5s|7s8s|JdAh:-50|-100|0|0|800|-650:MrWhite|MrBlonde|Eddie|Bill|Pluribus|MrOrange
STATE:38:r225fr700r1587fffc/cc/r2842f:4d5s|2d5c|As4s|Qh5h|Ts9s|AhKs/Jd4c4h/8d:-50|-100|-225|0|1962|-1587:MrBlonde|Eddie|Bill|Pluribus|MrOrange|MrWhite
STATE:39:ffr225r750ffr2000f:7cTs|9h3h|Qh3d|6dJs|KcAc|4hAh:-50|-100|0|0|900|-750:Eddie|Bill|Pluribus|MrOrange|MrWhite|MrBlonde
STATE:40:fffff:6h9d|Ts7c|2h9c|TcQh|2c8s|6c7s:-50|50|0|0|0|0:Bill|Pluribus|MrOrange|MrWhite|MrBlonde|Eddie
STATE:41:fr250fffc/cc/r425f:Qc2d|Tc9c|2s5d|JdAc|Qd7h|Ks4h/7dTh8c/6h:-50|300|0|-250|0|0:Pluribus|MrOrange|MrWhite|MrBlonde|Eddie|Bill
STATE:42:fr200ffr1100ff:ThTd|3s9d|2sKd|3hAh|8c5c|2dKc:300|-100|0|-200|0|0:MrOrange|MrWhite|MrBlonde|Eddie|Bill|Pluribus
STATE:43:ffffr300c/r600f:AdAs|JdTc|2h6c|3sTh|7c6h|Td2d/2sAhAc:300|-300|0|0|0|0:MrWhite|MrBlonde|Eddie|Bill|Pluribus|MrOrange
STATE:44:fr287ffff:Kc4h|Jd5d|Ks6c|TcQh|JcKh|5h2d:-50|-100|0|150|0|0:MrBlonde|Eddie|Bill|Pluribus|MrOrange|MrWhite
STATE:45:ffr225fcf/cr637f:5dAd|Kh4d|3hKs|Kc6s|ThJh|7hAc/Js2sTs:-225|-100|0|0|325|0:Eddie|Bill|Pluribus|MrOrange|MrWhite|MrBlonde
STATE:46:r200r612ffffc/cr1299c/cc/cc:5sQh|3c2h|8c8h|AdKc|2dKs|9d4s/6d6sTs/7h/Qd:-50|-100|1449|-1299|0|0:Bill|Pluribus|MrOrange|MrWhite|MrBlonde|Eddie
STATE:47:fffr287fc/cr599f:Jc2h|JdQc|6cKd|4dQd|3hAs|7d7c/2sKs7h:-50|-287|0|0|0|337:Pluribus|MrOrange|MrWhite|MrBlonde|Eddie|Bill
STATE:48:fffr225fc/cr475f:5d2s|6dAc|9c3d|Ks8d|Js5c|ThQh/Tc7s4h:-50|-225|0|0|0|275:MrOrange|MrWhite|MrBlonde|Eddie|Bill|Pluribus
STATE:49:ffffr300f:9h7h|Tc2h|6s5c|2dQh|8s4h|Qs4c:100|-100|0|0|0|0:MrWhite|MrBlonde|Eddie|Bill|Pluribus|MrOrange
STATE:50:r225fffff:Qd4d|9h4c|6s7s|Jh7h|8dTd|JsAh:-50|-100|150|0|0|0:MrBlonde|Eddie|Bill|Pluribus|MrOrange|MrWhite
STATE:51:ffffcc/cc/cc/cc:As6h|2sAd|3s9d|Th6s|2d3h|Jd5s/4s5hTc/8h/Ks:100|-100|0|0|0|0:Eddie|Bill|Pluribus|MrOrange|MrWhite|MrBlonde
STATE:52:ffr250ffc/cc/cc/cc:Jh6s|Ac9d|8hQh|2c5h|Ad8d|7sJs/5cJd5d/Qs/3c:-50|25|0|0|25|0:Bill|Pluribus|MrOrange|MrWhite|MrBlonde|Eddie
STATE:53:ffr200ffc/cr700c/cc/cc:2c9h|9cTh|Qh2h|5s3c|8c7c|Js5d/6c3s9s/Jc/4s:-50|750|0|0|-700|0:Pluribus|MrOrange|MrWhite|MrBlonde|Eddie|Bill
STATE:54:fffff:Td4d|Jc6s|3hAs|4s9d|7d3d|5s3s:-50|50|0|0|0|0:MrOrange|MrWhite|MrBlonde|Eddie|Bill|Pluribus
STATE:55:fr225fffc/cr475c/cc/cc:2d3c|6h6c|Ts8d|7cAc|JsQc|8c5c/Ks3d4c/Qs/2h:-50|525|0|-475|0|0:MrWhite|MrBlonde|Eddie|Bill|Pluribus|MrOrange
STATE:56:fffr225fc/cc/cc/cc:6s3s|8hAh|9d4d|3d2d|7sAc|KsAs/Js6c5d/Th/4s:-50|-225|0|0|0|275:MrBlonde|Eddie|Bill|Pluribus|MrOrange|MrWhite
STATE:57:r250ffffr1100f:Js3c|5h6h|8hAh|8sAd|Qh4d|KdTs:-50|300|-250|0|0|0:Eddie|Bill|Pluribus|MrOrange|MrWhite|MrBlonde
STATE:58:r200cffff/cc/r900c/r4200f:6h2c|5c7d|Ah3h|9c9h|Kh3d|5s2s/7cJhTs/2h/Qs:-50|-100|1050|-900|0|0:Bill|Pluribus|MrOrange|MrWhite|MrBlonde|Eddie
STATE:59:ffffr250c/r500c/cc/cc:Qc9h|As6s|Ks5c|5h2h|3c8c|4d8h/7h8s4c/Kc/7s:-500|500|0|0|0|0:Pluribus|MrOrange|MrWhite|MrBlonde|Eddie|Bill
STATE:60:ffffr350c/r600c/cc/r2250f:Ad9h|TsKh|8c6h|7dTd|6c3d|Qh2d/As8h6d/2c/3c:600|-600|0|0|0|0:MrOrange|MrWhite|MrBlonde|Eddie|Bill|Pluribus
STATE:61:fffff:Jd8s|2h7d|JcKs|Kh8c|6s5d|5c3d:-50|50|0|0|0|0:MrWhite|MrBlonde|Eddie|Bill|Pluribus|MrOrange
STATE:62:ffr232ffc/cr431c/cc/cc:9cKc|7hQh|2d9d|5h3h|JdKd|7s8d/Qd4cTs/Td/7c:-50|481|0|0|-431|0:MrBlonde|Eddie|Bill|Pluribus|MrOrange|MrWhite
STATE:63:ffffr300c/cr700f:9c9d|2s8s|Th7d|Js4s|Td6d|4c6s/3hQsJh:-300|300|0|0|0|0:Eddie|Bill|Pluribus|MrOrange|MrWhite|MrBlonde
STATE:64:ffffr300c/cr600f:JhAh|QhJc|2cJd|9sTh|Kd3h|Ts8d/5c7c6c:-300|300|0|0|0|0:Bill|Pluribus|MrOrange|MrWhite|MrBlonde|Eddie
STATE:65:fffff:6hQs|Ks2c|4sJc|5hJd|Kh2s|9s7c:-50|50|0|0|0|0:Pluribus|MrOrange|MrWhite|MrBlonde|Eddie|Bill
STATE:66:fffr250fr800f:8cKh|KsAd|9d7d|9h7c|Qd4s|8sTh:-50|300|0|0|0|-250:MrOrange|MrWhite|MrBlonde|Eddie|Bill|Pluribus
STATE:67:fr225ffff:3sAc|3h5d|4c2s|TcAh|8s2d|9cTd:-50|-100|0|150|0|0:MrWhite|MrBlonde|Eddie|Bill|Pluribus|MrOrange
STATE:68:fffff:8c5h|KcTh|2d5s|Qs3h|3sKd|Qd4c:-50|50|0|0|0|0:MrBlonde|Eddie|Bill|Pluribus|MrOrange|MrWhite
STATE:69:ffffcr350f:Td7h|7c4s|QdJh|Kc5d|3cKh|7d8s:-100|100|0|0|0|0:Eddie|Bill|Pluribus|MrOrange|MrWhite|MrBlonde
STATE:70:fffr222fc/cc/cc/r469f:8sJh|9cQd|5s4s|2h2s|6h3s|Td6d/Kh6cQh/7d/7s:-50|272|0|0|0|-222:Bill|Pluribus|MrOrange|MrWhite|MrBlonde|Eddie
STATE:71:fffr287ff:2dQd|Jd2c|Ts5d|Js6c|5hKd|KhJc:-50|-100|0|0|0|150:Pluribus|MrOrange|MrWhite|MrBlonde|Eddie|Bill
STATE:72:fr200fffc/cr335c/cc/r875f:3hTd|3d8d|Tc5h|7sAs|7cQs|4d6h/JcKd5d/4c/4s:-50|385|0|-335|0|0:MrOrange|MrWhite|MrBlonde|Eddie|Bill|Pluribus
STATE:73:fffr255ff:7sJd|Qh3d|8cQs|Ad3h|2cJs|4s4h:-50|-100|0|0|0|150:MrWhite|MrBlonde|Eddie|Bill|Pluribus|MrOrange
STATE:74:fffff:6h8s|7cJc|4c3s|3dQd|4hTc|8hQc:-50|50|0|0|0|0:MrBlonde|Eddie|Bill|Pluribus|MrOrange|MrWhite
STATE:75:fffr250r1150fc/r2850f:KdAs|Qd3s|4sTc|7s5s|5c5h|KcQs/8h3d4d:1250|-100|0|0|0|-1150:Eddie|Bill|Pluribus|MrOrange|MrWhite|MrBlonde
STATE:76:ffffr300r1050c/cr2100c/cc/cr6300c:AhQc|AdKs|4s6c|3hJh|2d7c|Ts3d/6h9h9c/7d/Kd:-6300|6300|0|0|0|0:Bill|Pluribus|MrOrange|MrWhite|MrBlonde|Eddie
STATE:77:r225fffff:8s2d|9h6d|7s7c|Jd5c|4hQc|Ks4c:-50|-100|150|0|0|0:Pluribus|MrOrange|MrWhite|MrBlonde|Eddie|Bill
STATE:78:fffr200r1100fc/r1988f:AhKd|7d9d|Jd6h|4cQc|9h3c|3h3d/Qs5dJs:1200|-100|0|0|0|-1100:MrOrange|MrWhite|MrBlonde|Eddie|Bill|Pluribus
STATE:79:r200fffff:4s5d|7sJd|5s8s|2c8d|8c6c|3c3d:-50|-100|150|0|0|0:MrWhite|MrBlonde|Eddie|Bill|Pluribus|MrOrange
STATE:80:ffffr300c/cc/cr900f:4s4c|JsAc|6h7s|2c3h|7d5c|3s8s/7cQd6d/Jc:-300|300|0|0|0|0:MrBlonde|Eddie|Bill|Pluribus|MrOrange|MrWhite
STATE:81:fffr250ff:9d4h|2hQd|JsKd|Jd5h|Ah5s|TdKs:-50|-100|0|0|0|150:Eddie|Bill|Pluribus|MrOrange|MrWhite|MrBlonde
STATE:82:r200ffcff/cc/cr750f:5sJc|2h7h|5d5c|AcJd|9d4s|AdQh/4hAs2d/Ks:-50|-100|-200|0|0|350:Bill|Pluribus|MrOrange|MrWhite|MrBlonde|Eddie
STATE:83:fffr287fc/cr599c/r999c/cr1674f:7d8h|AdJs|As9d|7s2c|Th4s|KcQc/KhQh6d/Qs/Kd:-50|-999|0|0|0|1049:Pluribus|MrOrange|MrWhite|MrBlonde|Eddie|Bill
STATE:84:fffr250ff:8c6c|3c5d|Js8d|9s7d|4sQc|2cAc:-50|-100|0|0|0|150:MrOrange|MrWhite|MrBlonde|Eddie|Bill|Pluribus
STATE:85:fffff:Kh5c|5h4s|Js2c|9hQc|3h2h|7h8s:-50|50|0|0|0|0:MrWhite|MrBlonde|Eddie|Bill|Pluribus|MrOrange
STATE:86:r225cffff/r675f:2d4s|Jd2s|7c6c|6h6d|Qh3d|3cKd/Kc4dJs:-50|-100|375|-225|0|0:MrBlonde|Eddie|Bill|Pluribus|MrOrange|MrWhite
STATE:87:fffr250fc/cr500c/cc/r1025c:Qd7h|Ah8c|8dKh|6sJh|3s5c|ThAd/As2s6c/9c/9h:-50|-1025|0|0|0|1075:Eddie|Bill|Pluribus|MrOrange|MrWhite|MrBlonde
STATE:88:ffr250fr1050fc/cc/cc/r2500c:8sAs|8h2s|Qd7d|9h7s|KdTd|4s6c/Kh9c6s/3s/5d:-2500|-100|0|0|2600|0:Bill|Pluribus|MrOrange|MrWhite|MrBlonde|Eddie
STATE:89:fffr287ff:QsTh|4c6s|5s3h|Tc6h|9hQc|AdKc:-50|-100|0|0|0|150:Pluribus|MrOrange|MrWhite|MrBlonde|Eddie|Bill
STATE:90:fr200fffc/cc/r537f:5c8s|JsAh|QdJc|QsAd|3sKd|7h4c/9d8c7c/Ks:-50|250|0|-200|0|0:MrOrange|MrWhite|MrBlonde|Eddie|Bill|Pluribus
STATE:91:ffr200ffc/cr425f:Qh3d|Kc7d|Td4h|Qc4d|Ah9d|7hQs/JsTcTh:-50|-200|0|0|250|0:MrWhite|MrBlonde|Eddie|Bill|Pluribus|MrOrange
STATE:92:ffr215ccf/ccr587r1715ff:2d2c|5d6s|3c7d|Js7s|QsQh|9cTc/2h8cAs:902|-100|0|0|-215|-587:MrBlonde|Eddie|Bill|Pluribus|MrOrange|MrWhite
STATE:93:fffr250ff:7cAh|Th2c|Kc7s|KsJh|5d6h|Ad6d:-50|-100|0|0|0|150:Eddie|Bill|Pluribus|MrOrange|MrWhite|MrBlonde
STATE:94:fffff:6c2h|KhKc|Jh8h|Qc3h|Qs2d|7h6s:-50|50|0|0|0|0:Bill|Pluribus|MrOrange|MrWhite|MrBlonde|Eddie
STATE:95:ffffr200f:Ac6s|4dTs|Kd8h|Qd9s|2s8d|5d7h:100|-100|0|0|0|0:Pluribus|MrOrange|MrWhite|MrBlonde|Eddie|Bill
STATE:96:fr200r625fffc/cc/cc/cr1075f:TdJh|5d2d|5hAs|8d8s|9h8h|5sQc/6cJdKc/Jc/7s:-50|-100|0|-625|775|0:MrOrange|MrWhite|MrBlonde|Eddie|Bill|Pluribus
STATE:97:r200fffff:AdTc|4hTh|QhAh|9s2h|6cJd|Kd9c:-50|-100|150|0|0|0:MrWhite|MrBlonde|Eddie|Bill|Pluribus|MrOrange
STATE:98:fffff:Ts2h|Jd6s|5h3s|3dQc|2s6d|4h6c:-50|50|0|0|0|0:MrBlonde|Eddie|Bill|Pluribus|MrOrange|MrWhite

