STATE:73:ffr287cr1450fff:QhKs|3h9h|4d3s|KcJd|KhQd|2d2h:674|-100|0|0|-287|-287:MrPink|MrOrange|MrBrown|MrBlue|Pluribus|Eddie
STATE:74:r225ffffc/cr475c/cc/cc:4h8c|6dQd|2d2s|7d9d|2h5h|Th9c/QcAd5s/9h/4s:-50|525|-475|0|0|0:MrOrange|MrBrown|MrBlue|Pluribus|Eddie|MrPink
STATE:75:fr200fffc/cr700r1787c/cr3599c/cr10000f:Ks2s|5h3c|Ts8s|AdAs|3sQh|KhTc/5d3h9c/8h/Qc:-50|-3599|0|3649|0|0:MrBrown|MrBlue|Pluribus|Eddie|MrPink|MrOrange
STATE:76:fffr275ff:2dQd|6sJd|Kh6c|7dTc|Qc4d|Td8h:-50|-100|0|0|0|150:MrBlue|Pluribus|Eddie|MrPink|MrOrange|MrBrown
STATE:77:ffr250ffc/cc/cc/cc:7d6c|5d5s|Ks9h|Td9s|KhQc|Tc2c/7h5c2d/Ah/As:-50|300|0|0|-250|0:Pluribus|Eddie|MrPink|MrOrange|MrBrown|MrBlue
STATE:78:r200fffff:6h4s|3d8s|9h8h|6dJh|Tc3h|7s9c:-50|-100|150|0|0|0:Eddie|MrPink|MrOrange|MrBrown|MrBlue|Pluribus
STATE:79:ffffcr350c/cc/cc/cr725f:8d9c|7s4h|Qs9h|KhJd|Td3d|3s7d/8cKsTs/Ac/2c:-350|350|0|0|0|0:MrPink|MrOrange|MrBrown|MrBlue|Pluribus|Eddie
STATE:80:fr225fcfr1215ff:8h6s|7h6d|2c3h|QsJc|Jh3d|7cAc:-50|500|0|-225|0|-225:MrOrange|MrBrown|MrBlue|Pluribus|Eddie|MrPink
STATE:81:fffr225r900fc/r1700f:4s5s|9h8d|7s5c|9d2d|Td4d|9c8c/Th2cAs:1000|-100|0|0|0|-900:MrBrown|MrBlue|Pluribus|Eddie|MrPink|MrOrange
STATE:82:fffr275ff:9s3c|Qd6h|6s5h|QhTs|4s9h|7d8d:-50|-100|0|0|0|150:MrBlue|Pluribus|Eddie|MrPink|MrOrange|MrBrown
STATE:83:ffr250fcr1300r2750fc/cr10000f:3dAd|ThAh|Jd7s|6d2s|KsKd|5d4h/7d8sJc:-250|-2750|0|0|3000|0:Pluribus|Eddie|MrPink|MrOrange|MrBrown|MrBlue
STATE:84:fffr225fc/cr725c/cc/cc:5dKh|Kc7d|8s4s|JcTs|9dQs|QcAs/Ah7h6s/8d/8h:-50|-725|0|0|0|775:Eddie|MrPink|MrOrange|MrBrown|MrBlue|Pluribus
STATE:85:r225fffff:6c9s|7h5s|Ah3h|AdTh|5h3d|Kd8h:-50|-100|150|0|0|0:MrPink|MrOrange|MrBrown|MrBlue|Pluribus|Eddie
STATE:86:fffr250fc/cr380c/cr1480r2985c/r10000f:7s6c|5d7c|3h4c|Ad2c|3cTs|Jh8h/4dAs6h/Th/Qd:-50|3035|0|0|0|-2985:MrOrange|MrBrown|MrBlue|Pluribus|Eddie|MrPink
STATE:87:r287ffffc/cc/r647c/cc:9s3d|Js9d|KcTh|2h9c|7sJc|Td4d/8s7d4h/6d/Ts:-50|697|-647|0|0|0:MrBrown|MrBlue|Pluribus|Eddie|MrPink|MrOrange
STATE:88:fffr270fc/cc/r1450f:3h2s|3dAd|5h8c|3c4c|Qs7s|As7c/4dQh9d/Kh:-50|320|0|0|0|-270:MrBlue|Pluribus|Eddie|MrPink|MrOrange|MrBrown
STATE:89:ffffcc/r200f:KhTd|8c3s|Ah9d|3c2s|Ad7s|8d5s/Tc5dQc:100|-100|0|0|0|0:Pluribus|Eddie|MrPink|MrOrange|MrBrown|MrBlue
STATE:90:r200ffr750ffc/cc/r1305f:4c9d|3cQs|KdKc|Qd6s|2sQh|7sAs/Jh9c9h/9s:-50|-100|900|0|0|-750:Eddie|MrPink|MrOrange|MrBrown|MrBlue|Pluribus
STATE:91:ffr225ffr1200f:2d7h|6h8h|5h7s|ThKc|JdQs|2s4d:-50|275|0|0|-225|0:MrPink|MrOrange|MrBrown|MrBlue|Pluribus|Eddie
STATE:92:ffffr250f:JsJc|7s2h|Qh7h|2c9d|9sKd|Qd5s:100|-100|0|0|0|0:MrOrange|MrBrown|MrBlue|Pluribus|Eddie|MrPink
STATE:93:fffr225r900ff:QsAc|Kc2h|8h7s|6d5s|9h5d|Ad2s:325|-100|0|0|0|-225:MrBrown|MrBlue|Pluribus|Eddie|MrPink|MrOrange
STATE:94:fffr275fc/cc/cr475f:5sAd|Ac8h|9h2c|2d3s|Jd9c|JcTh/5cQhTs/Qs:-50|-275|0|0|0|325:MrBlue|Pluribus|Eddie|MrPink|MrOrange|MrBrown
STATE:95:fffff:3h9d|8hKh|2s9h|2h6c|Tc5h|Ks3d:-50|50|0|0|0|0:Pluribus|Eddie|MrPink|MrOrange|MrBrown|MrBlue
STATE:96:ffffr235c/cc/r375c/r625c:9c9h|7h8s|6dJd|8cQc|Kc5d|Tc7s/4d2cTd/8h/Kh:625|-625|0|0|0|0:Eddie|MrPink|MrOrange|MrBrown|MrBlue|Pluribus
STATE:97:fffff:6h5d|7s3h|9hTd|4hTs|Ks9c|2h3c:-50|50|0|0|0|0:MrPink|MrOrange|MrBrown|MrBlue|Pluribus|Eddie
STATE:98:fffff:4c8c|Th8s|2s5d|9c2h|9d3d|2cJd:-50|50|0|0|0|0:MrOrange|MrBrown|MrBlue|Pluribus|Eddie|MrPink
STATE:99:ffr210ffc/cr325f:4dQc|Th9s|Kd8s|3c8h|TsQd|3hKh/Ac5h6s:-50|-210|0|0|260|0:MrBrown|MrBlue|Pluribus|Eddie|MrPink|MrOrange
STATE:100:r200ffffc/cc/cr400f:Qd3c|6dKd|8s9s|3d8d|Ah9c|4sTd/8h5h5s/As:-50|-200|250|0|0|0:MrBlue|Pluribus|Eddie|MrPink|MrOrange|MrBrown
STATE:101:r210ffffc/cr325c/cc/cc:Jc8c|4h9h|AcJs|3dQh|6h9s|2c8d/7s6s4s/Kd/3c:-50|375|-325|0|0|0:Pluribus|Eddie|MrPink|MrOrange|MrBrown|MrBlue
STATE:102:fr250r800ffff:Ah6d|8dTh|5sJs|3h4h|KsAs|3cAd:-50|-100|0|-250|400|0:Eddie|MrPink|MrOrange|MrBrown|MrBlue|Pluribus
STATE:103:fffr225fc/cr675f:8cTh|9h8s|Jc2c|5c9c|3c5d|KdQs/Jd2dKs:-50|-225|0|0|0|275:MrPink|MrOrange|MrBrown|MrBlue|Pluribus|Eddie
STATE:104:fffr250ff:6c8s|5s2d|6d2s|6sAh|Th2h|QcJd:-50|-100|0|0|0|150:MrOrange|MrBrown|MrBlue|Pluribus|Eddie|MrPink
STATE:105:fr200fffc/cr335f:3c8d|As4h|Qd6h|6sKs|6dKc|Th8c/7s2hTs:-50|-200|0|250|0|0:MrBrown|MrBlue|Pluribus|Eddie|MrPink|MrOrange
STATE:106:fffr275r1305ff:JsAs|3h3c|Ad7s|Kc2h|2s3d|6d6s:375|-100|0|0|0|-275:MrBlue|Pluribus|Eddie|MrPink|MrOrange|MrBrown
STATE:107:fffr225fc/cc/cr600f:Jh3d|Kc4h|Ac2s|Kd4c|8s2c|QhTc/Js3s8c/Ah:-50|-225|0|0|0|275:Pluribus|Eddie|MrPink|MrOrange|MrBrown|MrBlue
STATE:108:ffr225ffc/cc/cc/cc:9s2c|8d8c|5h9c|8sJc|8hQh|5s3h/Kc9dQd/As/7s:-50|-225|0|0|275|0:Eddie|MrPink|MrOrange|MrBrown|MrBlue|Pluribus
STATE:109:fffr225ff:3hAs|5s7h|6d3d|5h6s|7d8h|TsQd:-50|-100|0|0|0|150:MrPink|MrOrange|MrBrown|MrBlue|Pluribus|Eddie
STATE:110:r225ffr700ffc/cr1050f:6s8h|8sAs|AdQd|6hAh|4sJc|JdJh/7h9hTh:-50|-100|-700|0|0|850:MrOrange|MrBrown|MrBlue|Pluribus|Eddie|MrPink
STATE:111:ffffcc/r300c/cc/cr600f:8hKc|8sTh|2hAd|3hKs|3dTc|Jd7h/9cJsTs/9d/Td:-300|300|0|0|0|0:MrBrown|MrBlue|Pluribus|Eddie|MrPink|MrOrange
STATE:112:ffffcr275r1375c/r2750f:AsAc|7h7c|6sTh|3c8c|8h5c|2c9c/JdKd3s:1375|-1375|0|0|0|0:MrBlue|Pluribus|Eddie|MrPink|MrOrange|MrBrown
STATE:113:fffr225fc/cr425f:8dQc|6d7h|5d4s|9dJc|6h2s|JdKc/AdAsJh:-50|-225|0|0|0|275:Pluribus|Eddie|MrPink|MrOrange|MrBrown|MrBlue
STATE:114:fffff:6d5c|Ah2h|7dTh|Kd3s|4d8d|4cQh:-50|50|0|0|0|0:Eddie|MrPink|MrOrange|MrBrown|MrBlue|Pluribus
STATE:115:fffr225fr1200f:Jc7c|JdJh|Js3h|Th5c|6s8d|Qs4s:-50|275|0|0|0|-225:MrPink|MrOrange|MrBrown|MrBlue|Pluribus|Eddie
STATE:116:ffr210fff:5c3d|Tc4s|5dQd|6c8h|7h6h|2s3s:-50|-100|0|0|150|0:MrOrange|MrBrown|MrBlue|Pluribus|Eddie|MrPink
STATE:117:r200fffcf/cc/cc/r450f:AcJh|Jc4h|AhKh|3sQh|5h3h|TcAs/7sTh4d/9h/8d:300|-100|-200|0|0|0:MrBrown|MrBlue|Pluribus|Eddie|MrPink|MrOrange
STATE:118:fffr275ff:2d7s|4hKs|4d5c|2cJs|Ts3c|6h9h:-50|-100|0|0|0|150:MrBlue|Pluribus|Eddie|MrPink|MrOrange|MrBrown
STATE:119:fr205ffr950fc/r1950r3675f:TcTh|7h2d|Ad5h|6h6s|Qs2c|2s5c/6dQcKd:-1950|-100|0|2050|0|0:Pluribus|Eddie|MrPink|MrOrange|MrBrown|MrBlue
STATE:120:fr250fffc/cr525f:Th8h|7d6d|7hAs|QcKc|Ad6h|4sJd/2hQh5c:-50|-250|0|300|0|0:Eddie|MrPink|MrOrange|MrBrown|MrBlue|Pluribus
STATE:121:fffff:Ks3c|9sAs|Qc2h|Th6c|9c3s|Ac3h:-50|50|0|0|0|0:MrPink|MrOrange|MrBrown|MrBlue|Pluribus|Eddie
STATE:122:ffffr250c/r400c/r950f:9s7s|Ks4d|2c8d|Kd5c|4h2h|Th3s/8s4cQd/6c:400|-400|0|0|0|0:MrOrange|MrBrown|MrBlue|Pluribus|Eddie|MrPink
STATE:123:fffr225fc/cc/cr600c/cr1850f:Ks9h|9dJh|4dAc|8c6h|4h8d|QdTc/2hTdJd/Th/As:-50|-600|0|0|0|650:MrBrown|MrBlue|Pluribus|Eddie|MrPink|MrOrange
STATE:124:fr210ffff:5c9h|8s5h|TsQd|AcAh|Td8c|7s2c:-50|-100|0|150|0|0:MrBlue|Pluribus|Eddie|MrPink|MrOrange|MrBrown
STATE:125:ffffr275c/r550f:AsQc|3s9s|4c6d|Qs7h|2c8h|Qh6s/Ad2h8d:275|-275|0|0|0|0:Pluribus|Eddie|MrPink|MrOrange|MrBrown|MrBlue
STATE:126:ffr225fff:7cJh|Ks6c|5h2c|Th6d|7h7d|3d4s:-50|-100|0|0|150|0:Eddie|MrPink|MrOrange|MrBrown|MrBlue|Pluribus
STATE:127:r225r725ffffc/cc/r1925f:6sKs|6h7h|JsJd|5hAh|6c9s|2h8c/8sQsJh/Ad:-50|-100|875|-725|0|0:MrPink|MrOrange|MrBrown|MrBlue|Pluribus|Eddie
STATE:128:fffr250fr900f:Jh6d|3h2h|9sJd|9c4s|2c7d|As8c:-50|300|0|0|0|-250:MrOrange|MrBrown|MrBlue|Pluribus|Eddie|MrPink
STATE:129:fffff:5s4h|3cJh|3s8d|6s7c|9s6h|Js8h:-50|50|0|0|0|0:MrBrown|MrBlue|Pluribus|Eddie|MrPink|MrOrange
STATE:130:fffr275ff:9hKs|As3d|TdKh|3sAd|2sTc|Js8s:-50|-100|0|0|0|150:MrBlue|Pluribus|Eddie|MrPink|MrOrange|MrBrown
STATE:131:fr205ffr825ff:QcAh|3s8h|6d5s|ThKh|As3h|3cQs:305|-100|0|-205|0|0:Pluribus|Eddie|MrPink|MrOrange|MrBrown|MrBlue
STATE:132:ffr225fff:3d9h|Kh4c|3s2s|7c4d|7hAh|4s9s:-50|-100|0|0|150|0:Eddie|MrPink|MrOrange|MrBrown|MrBlue|Pluribus
STATE:133:ffffcr375f:Td4d|9s5d|5h8d|5cTs|7s9h|2c8c:-100|100|0|0|0|0:MrPink|MrOrange|MrBrown|MrBlue|Pluribus|Eddie
STATE:134:fr225ffcf/cc/cr362c/cc:6h6c|Ks7c|Qc5s|Th8h|Ts9c|2h5d/8dAdAc/4c/Js:-362|-100|0|462|0|0:MrOrange|MrBrown|MrBlue|Pluribus|Eddie|MrPink
STATE:135:fr200fffc/cc/cc/cc:6d3s|9hJc|Js9d|7sTs|Jh8c|2sKd/4hAh7d/Qh/9c:-50|250|0|-200|0|0:MrBrown|MrBlue|Pluribus|Eddie|MrPink|MrOrange
STATE:136:fffff:4cKs|TdJh|3cTs|3s6d|5d9h|4h8d:-50|50|0|0|0|0:MrBlue|Pluribus|Eddie|MrPink|MrOrange|MrBrown
STATE:137:r210cffff/cc/cc/r390f:2h5h|As8d|Ah9h|7c7s|6d8h|6hTd/QhAdKd/2s/Ks:-50|-100|360|-210|0|0:Pluribus|Eddie|MrPink|MrOrange|MrBrown|MrBlue
STATE:138:ffr225fff:6c4c|8c3h|3sTd|7c9c|JdAc|Ts2d:-50|-100|0|0|150|0:Eddie|MrPink|MrOrange|MrBrown|MrBlue|Pluribus
STATE:139:ffr200fff:7dQc|3c7h|Ks8s|9sTc|2c2s|Td6c:-50|-100|0|0|150|0:MrPink|MrOrange|MrBrown|MrBlue|Pluribus|Eddie
STATE:140:r225ffcfr1100cf/cr2100c/cr4100f:5c8h|KsKc|KdAc|9c3c|5d9s|6h6c/AsQhTc/Qs:-50|-2100|2375|0|0|-225:MrOrange|MrBrown|MrBlue|Pluribus|Eddie|MrPink
STATE:141:r200fffff:Jc3c|6dJh|7hKh|3d6s|2h4c|Kd7s:-50|-100|150|0|0|0:MrBrown|MrBlue|Pluribus|Eddie|MrPink|MrOrange
STATE:142:fr210ffff:4s3d|Js8h|9sJd|6sKs|Td2d|Ad9h:-50|-100|0|150|0|0:MrBlue|Pluribus|Eddie|MrPink|MrOrange|MrBrown
STATE:143:fffr225cr1350ff:JcQd|TcQc|2d5s|2s6c|Qh2c|4d3d:-225|450|0|0|0|-225:Pluribus|Eddie|MrPink|MrOrange|MrBrown|MrBlue
STATE:144:ffr225fff:5sKd|4dTs|2h2c|2sQc|JdJc|Jh5d:-50|-100|0|0|150|0:Eddie|MrPink|MrOrange|MrBrown|MrBlue|Pluribus
STATE:145:fr225ffff:Ad8h|7hAc|AsTh|KsKd|2h2s|Js5h:-50|-100|0|150|0|0:MrPink|MrOrange|MrBrown|MrBlue|Pluribus|Eddie
STATE:146:ffffr250c/cc/cc/cc:As8h|2d2s|9d4d|6c9h|5hJs|5d4h/5c7s3s/Kh/6s:-250|250|0|0|0|0:MrOrange|MrBrown|MrBlue|Pluribus|Eddie|MrPink
STATE:147:r200ffffc/cr425c/cr1325c/cc:5hKd|9sQs|QhAs|3hQd|3d3c|6dAc/9h8sKh/Js/Ah:-50|-1325|1375|0|0|0:MrBrown|MrBlue|Pluribus|Eddie|MrPink|MrOrange
STATE:148:r200fffff:8c4h|6cTh|KcJh|6sQd|Js5d|Ts6h:-50|-100|150|0|0|0:MrBlue|Pluribus|Eddie|MrPink|MrOrange|MrBrown
STATE:149:fffr225fc/cc/cc/cr525f:Kd3c|Kc2c|9s2d|7s5s|9c4s|7hAc/3h8s7d/5c/5d:-50|-225|0|0|0|275:Pluribus|Eddie|MrPink|MrOrange|MrBrown|MrBlue
STATE:150:r200fffff:8dAh|5dQs|7c7h|2c9c|Ad8s|6sQd:-50|-100|150|0|0|0:Eddie|MrPink|MrOrange|MrBrown|MrBlue|Pluribus
STATE:151:fffr225fc/cr775f:2dJs|AdTc|9dQh|5d3d|8s2c|6sQs/9c2s5c:-50|-225|0|0|0|275:MrPink|MrOrange|MrBrown|MrBlue|Pluribus|Eddie
STATE:152:fr200fr650fff:4dTs|3s2s|2c8d|KcQd|Qh6c|AdKs:-50|-100|0|-200|0|350:MrOrange|MrBrown|MrBlue|Pluribus|Eddie|MrPink
STATE:153:fffff:Qc4s|TcJs|Ad6c|5d9h|7sQd|4cJc:-50|50|0|0|0|0:MrBrown|MrBlue|Pluribus|Eddie|MrPink|MrOrange
STATE:154:r200fffcf/cr550c/cc/cc:5h6h|Kc7s|9hQh|3dKd|Ks7h|Jh3s/2c5sQd/Ad/Jc:-550|-100|650|0|0|0:MrBlue|Pluribus|Eddie|MrPink|MrOrange|MrBrown
STATE:155:fr205fffc/cr355f:3c8h|Jh8c|Ah6d|5d5c|4c9h|Kc7s/2cKhKd:-50|-205|0|255|0|0:Pluribus|Eddie|MrPink|MrOrange|MrBrown|MrBlue
STATE:156:ffr225fff:3h2c|5sKd|6c3c|Ks8c|Ac7c|5h4s:-50|-100|0|0|150|0:Eddie|MrPink|MrOrange|MrBrown|MrBlue|Pluribus
STATE:157:r225ffcff/cc/cc/r525f:9cTd|4c6d|JhKh|Ac6h|6sJs|8h8d/3sJcQd/7c/Qh:-50|-100|375|0|0|-225:MrPink|MrOrange|MrBrown|MrBlue|Pluribus|Eddie
STATE:158:fffr250fc/cr850c/cc/r2162f:2dKs|3d3h|7d5c|As7h|Jd8s|Js6s/3cQdAh/5d/4s:-50|900|0|0|0|-850:MrOrange|MrBrown|MrBlue|Pluribus|Eddie|MrPink
STATE:159:fffr225ff:4hJh|8h4c|9s4d|Jd3s|9c8s|3d3c:-50|-100|0|0|0|150:MrBrown|MrBlue|Pluribus|Eddie|MrPink|MrOrange
STATE:160:ffffr300c/cc/cc/r750c:QcJs|Jc8d|9c6d|Ad5s|2s3s|4d2d/ThJhTd/9h/6c:750|-750|0|0|0|0:MrBlue|Pluribus|Eddie|MrPink|MrOrange|MrBrown
STATE:161:ffffr275f:KdQd|2dTs|3c9s|7c2h|As3h|2cKh:100|-100|0|0|0|0:Pluribus|Eddie|MrPink|MrOrange|MrBrown|MrBlue
STATE:162:fffff:4s5d|8hJh|2h4d|3c6c|3d6s|2s7s:-50|50|0|0|0|0:Eddie|MrPink|MrOrange|MrBrown|MrBlue|Pluribus
STATE:163:ffffcc/cc/cc/r200c:8d6d|Ah7c|7d3s|2s7h|4c2h|6h2d/3c6c8h/3d/4s:200|-200|0|0|0|0:MrPink|MrOrange|MrBrown|MrBlue|Pluribus|Eddie
STATE:164:fffff:9h4s|7d7h|2hKd|Th3s|9sJc|Qd6h:-50|50|0|0|0|0:MrOrange|MrBrown|MrBlue|Pluribus|Eddie|MrPink
STATE:165:ffr210fff:2h8c|3d8h|4s3c|6cKs|TdAs|6d7c:-50|-100|0|0|150|0:MrBrown|MrBlue|Pluribus|Eddie|MrPink|MrOrange
STATE:166:ffffcr250c/cc/cc/r625c:Qc8s|9d7s|8h4s|6s9c|8d5s|3c7d/Qh7cKs/Kh/3h:625|-625|0|0|0|0:MrBlue|Pluribus|Eddie|MrPink|MrOrange|MrBrown
STATE:167:r210fffff:Ks4s|2d9c|9h9s|5cJc|4c5s|ThAd:-50|-100|150|0|0|0:Pluribus|Eddie|MrPink|MrOrange|MrBrown|MrBlue
STATE:168:ffffr235c/r520c/cc/cr1170f:8hAh|Qh8s|7c5s|3d9s|2c4h|Td5h/3sJhTs/6d/9c:-520|520|0|0|0|0:Eddie|MrPink|MrOrange|MrBrown|MrBlue|Pluribus
STATE:169:ffffcc/cc/cc/cc:2cAs|7dJh|2hTc|Td9s|9c3d|7c4h/8cQc6s/3h/Qs:100|-100|0|0|0|0:MrPink|MrOrange|MrBrown|MrBlue|Pluribus|Eddie
STATE:170:fffff:4cJs|KdTd|Jc8h|Jh4s|Ts6c|7hTc:-50|50|0|0|0|0:MrOrange|MrBrown|MrBlue|Pluribus|Eddie|MrPink
STATE:171:ffffr300c/r700f:9sJs|7cAd|3sTs|8h3h|8s5h|3d5c/2cKcTh:300|-300|0|0|0|0:MrBrown|MrBlue|Pluribus|Eddie|MrPink|MrOrange
STATE:172:r200fffcf/cr350c/cr1850f:7h9h|Qd2s|4hAh|TdKc|4c9s|5s3d/Kh8hJd/3s:-350|-100|450|0|0|0:MrBlue|Pluribus|Eddie|MrPink|MrOrange|MrBrown
STATE:173:r210fcfff/cc/cc/r560r1512c:9dJh|4d3c|TdAs|6h7d|TcJc|6s8c/3hJsAc/7c/2c:-50|-100|-1512|0|1662|0:Pluribus|Eddie|MrPink|MrOrange|MrBrown|MrBlue
STATE:174:ffr225ffc/cr475f:8sJc|7c6d|5s7d|Td6s|JsKs|7hKd/AsAc2s:-50|-225|0|0|275|0:Eddie|MrPink|MrOrange|MrBrown|MrBlue|Pluribus
STATE:175:ffffcr375c/cc/cc/cr795c:JdKs|4dAc|3h8h|Ah3s|Qs4h|2cAs/5d9dJh/Ad/9h:-795|795|0|0|0|0:MrPink|MrOrange|MrBrown|MrBlue|Pluribus|Eddie
STATE:176:ffr210fff:5d4s|Th3c|7h9s|9d5c|Ad8d|7dJh:-50|-100|0|0|150|0:MrOrange|MrBrown|MrBlue|Pluribus|Eddie|MrPink
STATE:177:ffr210fcc/ccc/r682r1750fc/cr4900f:7c7h|KsJs|KdTc|5hAc|Kh8h|QcJd/9s8d7s/3h/4s:-1750|1960|0|0|-210|0:MrBrown|MrBlue|Pluribus|Eddie|MrPink|MrOrange
STATE:178:fffr250ff:2c7s|6c8h|6d3s|7hAc|3h7d|JhKd:-50|-100|0|0|0|150:MrBlue|Pluribus|Eddie|MrPink|MrOrange|MrBrown
STATE:179:ffr250r800fff:7c8d|4hJs|4d8c|8hTs|9dAd|8s9s:-50|-100|0|0|-250|400:Pluribus|Eddie|MrPink|MrOrange|MrBrown|MrBlue
STATE:180:ffr225fr1250fc/r3100c/cc/r4650r10000f:KcJc|Jh3h|JsKh|Ts5c|9c9h|3sTh/5s8c8s/9s/Ad:-4650|-100|0|0|4750|0:Eddie|MrPink|MrOrange|MrBrown|MrBlue|Pluribus
STATE:181:fffr225fc/cr325c/cr1725f:5d3d|2cAd|KdJs|6c8c|3hTh|6s9s/Ah7sKc/4s:-50|-325|0|0|0|375:MrPink|MrOrange|MrBrown|MrBlue|Pluribus|Eddie
STATE:182:ffffr250f:7hAh|8s2d|3sTd|3hKs|6d5c|Kc5h:100|-100|0|0|0|0:MrOrange|MrBrown|MrBlue|Pluribus|Eddie|MrPink
STATE:183:fr200ffff:Ts6c|8d2h|7c5s|JdTh|Kh7h|Ah2s:-50|-100|0|150|0|0:MrBrown|MrBlue|Pluribus|Eddie|MrPink|MrOrange
STATE:184:r200ffcfr1500cf/cr2700f:3sQd|7hKh|6s5s|6c8s|5dKs|8h8c/TcJh2d:-50|-1500|1750|0|0|-200:MrBlue|Pluribus|Eddie|MrPink|MrOrange|MrBrown
STATE:185:ffffcc/cr200f:7cJc|3cTd|Ts4c|JsTc|2d6s|Kh6c/3d2s3h:-100|100|0|0|0|0:Pluribus|Eddie|MrPink|MrOrange|MrBrown|MrBlue
STATE:186:ffffr235c/cc/cc/cr470f:7dKd|3dAd|ThQs|3hQc|2sKc|9d7c/Ks6hQd/As/Tc:-235|235|0|0|0|0:Eddie|MrPink|MrOrange|MrBrown|MrBlue|Pluribus
STATE:187:ffr287fff:8c7c|6s3c|5s9h|Kd3d|KcKh|3h5c:-50|-100|0|0|150|0:MrPink|MrOrange|MrBrown|MrBlue|Pluribus|Eddie
STATE:188:ffr210ffc/cc/cr410c/cc:4cAh|4dJd|2s3d|6dQh|AsQc|2cKd/Js6s3s/5d/Kh:-50|460|0|0|-410|0:MrOrange|MrBrown|MrBlue|Pluribus|Eddie|MrPink
STATE:189:ffr210r700fff:2c9h|Kd4s|4h6c|Js7c|8cAs|JcKc:-50|-100|0|0|-210|360:MrBrown|MrBlue|Pluribus|Eddie|MrPink|MrOrange
STATE:190:fffr250ff:Qd4c|6h9d|7s5c|2d6d|6sKc|9s5s:-50|-100|0|0|0|150:MrBlue|Pluribus|Eddie|MrPink|MrOrange|MrBrown
STATE:191:ffr250fff:4hTh|Qc3h|7h9s|7cJh|KdKh|2dKc:-50|-100|0|0|150|0:Pluribus|Eddie|MrPink|MrOrange|MrBrown|MrBlue
STATE:192:fr250ffcf/cr550r1350f:JcAh|3s7d|2s5c|QsJs|Jh4h|8c2c/Kc7h2h:650|-100|0|-550|0|0:Eddie|MrPink|MrOrange|MrBrown|MrBlue|Pluribus
STATE:193:r250fffff:6h5c|8d3c|TdJd|Kh4h|3h4s|Qh2s:-50|-100|150|0|0|0:MrPink|MrOrange|MrBrown|MrBlue|Pluribus|Eddie
STATE:194:fffff:5dTh|TsAh|7hAd|7d6c|9hQc|Kc2s:-50|50|0|0|0|0:MrOrange|MrBrown|MrBlue|Pluribus|Eddie|MrPink
STATE:195:ffr210fff:3cJc|9d3s|Qd7s|Qc8h|JdJh|7hKd:-50|-100|0|0|150|0:MrBrown|MrBlue|Pluribus|Eddie|MrPink|MrOrange
STATE:196:fffr250fc/cc/r387f:4sKs|7sQs|5hJd|3h6c|Td8d|Ac2d/8c5dJs/Th:-50|300|0|0|0|-250:MrBlue|Pluribus|Eddie|MrPink|MrOrange|MrBrown
STATE:197:fffr225ff:2dQd|8h5s|7s9s|Kh5d|8d3s|6cQc:-50|-100|0|0|0|150:Pluribus|Eddie|MrPink|MrOrange|MrBrown|MrBlue
STATE:198:ffr225fff:Jd2c|2h6c|Tc9h|Qh6d|QcJh|5hQs:-50|-100|0|0|150|0:Eddie|MrPink|MrOrange|MrBrown|MrBlue|Pluribus
STATE:199:ffffcc/r200c/r400c/cc:7s8d|TcQs|8cQd|Qc7d|4d3d|Js2d/2c5sKd/Kc/Ks:-400|400|0|0|0|0:MrPink|MrOrange|MrBrown|MrBlue|Pluribus|Eddie
STATE:200:ffr210fff:Ks8c|3h8d|3cAd|Kd4d|KcQh|9c5h:-50|-100|0|0|150|0:MrOrange|MrBrown|MrBlue|Pluribus|Eddie|MrPink
STATE:201:ffr210ffr1050f:TdJs|8s7s|5c4c|6hTc|Kh5h|5s3h:-50|260|0|0|-210|0:MrBrown|MrBlue|Pluribus|Eddie|MrPink|MrOrange
STATE:202:fr210fr650ffc/cr1250f:Kh4h|7d6c|4d2c|TsJs|3d9s|AsTc/8s3c5h:-50|-100|0|-650|0|800:MrBlue|Pluribus|Eddie|MrPink|MrOrange|MrBrown
STATE:203:ffffr200c/r1000f:7s8c|AsTc|9hQs|5cQh|5hTh|Jd7c/9s6h2d:200|-200|0|0|0|0:Pluribus|Eddie|MrPink|MrOrange|MrBrown|MrBlue
STATE:204:fffr225fc/cc/cr350c/cc:4c8d|Tc8h|2s9c|Qd8c|6c5s|9sKd/Qs9h6s/Ac/Jh:-50|400|0|0|0|-350:Eddie|MrPink|MrOrange|MrBrown|MrBlue|Pluribus
STATE:205:fffff:6h4c|7c2h|Qh7d|Ac8h|Jc4s|5h3c:-50|50|0|0|0|0:MrPink|MrOrange|MrBrown|MrBlue|Pluribus|Eddie
STATE:206:fffr250ff:Jh3c|Jd3s|2c5c|9d7h|9c6s|QdAs:-50|-100|0|0|0|150:MrOrange|MrBrown|MrBlue|Pluribus|Eddie|MrPink
STATE:207:fr200fffc/cr335f:2d3h|4s8s|7d3d|Ks5s|5cJd|TcQc/5h5d9s:-50|-200|0|250|0|0:MrBrown|MrBlue|Pluribus|Eddie|MrPink|MrOrange
STATE:208:fffr250cc/ccr625cf/cc/cr1125f:9c9s|2dQd|Qh2h|2c8s|Kh3d|KcKd/5cKs5s/3h/7h:-625|-250|0|0|0|875:MrBlue|Pluribus|Eddie|MrPink|MrOrange|MrBrown
