STATE:71:fffff:4d5h|Jh8d|4c2c|JsTd|Tc2h|3s2s:-50|50|0|0|0|0:Pluribus|MrBlue|MrBlonde|MrWhite|MrPink|MrOrange
STATE:72:ffr200fff:7h2c|9c4d|6hJs|8c4s|Ts8s|Ad4c:-50|-100|0|0|150|0:MrBlue|MrBlonde|MrWhite|MrPink|MrOrange|Pluribus
STATE:73:fr200fffc/cr450f:6hAh|Jc5c|Td4h|JhJd|8d7d|5dQd/3c2h8s:-50|-200|0|250|0|0:MrBlonde|MrWhite|MrPink|MrOrange|Pluribus|MrBlue
STATE:74:fr225cfff/cr525f:4cAh|7d2h|9dKh|5dAd|JdQd|2dJh/9s8dQc:-50|-100|0|-225|375|0:MrWhite|MrPink|MrOrange|Pluribus|MrBlue|MrBlonde
STATE:75:fffr225fr1100r2558r6655r10000c///:4s6d|KsKh|Jh5h|9dQc|4hJs|QsQh/5dKdTh/Ac/7d:-50|10050|0|0|0|-10000:MrPink|MrOrange|Pluribus|MrBlue|MrBlonde|MrWhite
STATE:76:fr250ffff:4h5c|6h4s|8s6d|AhTd|2dJc|Ts4d:-50|-100|0|150|0|0:MrOrange|Pluribus|MrBlue|MrBlonde|MrWhite|MrPink
STATE:77:fffr200ff:2s9d|Td2h|Ks7h|5s3s|6sJd|AdQc:-50|-100|0|0|0|150:Pluribus|MrBlue|MrBlonde|MrWhite|MrPink|MrOrange
STATE:78:r225fffff:6h4d|9h6d|KcQd|5hKd|3s6c|JhTs:-50|-100|150|0|0|0:MrBlue|MrBlonde|MrWhite|MrPink|MrOrange|Pluribus
STATE:79:fffff:8h5d|QhAd|7sJh|TcQd|8c9s|8d2h:-50|50|0|0|0|0:MrBlonde|MrWhite|MrPink|MrOrange|Pluribus|MrBlue
STATE:80:fr200ffff:Js3h|5sKc|6dQh|9d9c|8d2d|7d5d:-50|-100|0|150|0|0:MrWhite|MrPink|MrOrange|Pluribus|MrBlue|MrBlonde
STATE:81:fr225fcff/cr525c/cr1125c/cc:QsJd|2h8c|5c9h|AdQc|6sKs|JsAh/ThTsAs/3s/4c:-50|-100|0|1275|0|-1125:MrPink|MrOrange|Pluribus|MrBlue|MrBlonde|MrWhite
STATE:82:ffffr350r1050r2850f:KdKc|Ah6s|KsTd|8s3h|7h3c|Tc3d:1050|-1050|0|0|0|0:MrOrange|Pluribus|MrBlue|MrBlonde|MrWhite|MrPink
STATE:83:fr225r700ffr1700fc/r3200f:KdJd|KcAd|8c7h|JhQs|ThTd|6d4c/3h6cAh:-50|1975|0|-225|-1700|0:Pluribus|MrBlue|MrBlonde|MrWhite|MrPink|MrOrange
STATE:84:r225ffffr925f:5d4c|QcQs|2h2c|6h5c|9cAh|ThQd:-50|275|-225|0|0|0:MrBlue|MrBlonde|MrWhite|MrPink|MrOrange|Pluribus
STATE:85:fr200fffc/cr400c/cc/r1037f:2h9c|9dTd|6h3d|JdJs|Qh3s|6dTh/Ad7d7s/5h/Qd:-50|450|0|-400|0|0:MrBlonde|MrWhite|MrPink|MrOrange|Pluribus|MrBlue
STATE:86:fr200r800ffff:5c4s|8d2d|Kh5d|9c8c|AcJd|8hTd:-50|-100|0|-200|350|0:MrWhite|MrPink|MrOrange|Pluribus|MrBlue|MrBlonde
STATE:87:fr225fr675fff:3s8c|3h7s|6cQc|9c7c|9sJh|AhAs:-50|-100|0|-225|0|375:MrPink|MrOrange|Pluribus|MrBlue|MrBlonde|MrWhite
STATE:88:fffff:2s4s|JhJs|Qd5s|Ts9h|6s2d|Jd7c:-50|50|0|0|0|0:MrOrange|Pluribus|MrBlue|MrBlonde|MrWhite|MrPink
STATE:89:fffr200fc/cc/r400f:3cTs|5h7h|5d7d|5c2h|3s9d|3hAc/2c6sJd/9h:-50|250|0|0|0|-200:Pluribus|MrBlue|MrBlonde|MrWhite|MrPink|MrOrange
STATE:90:fr210fffc/cr360r885c/cr1785c/cc:Jh9c|Ts8d|Td9h|5c5s|9sQd|8c7h/TcTh8s/Ah/Ad:-50|1835|0|-1785|0|0:MrBlue|MrBlonde|MrWhite|MrPink|MrOrange|Pluribus
STATE:91:fffff:3sQc|Kc9d|7d5s|Kh9s|9cJh|Ks6h:-50|50|0|0|0|0:MrBlonde|MrWhite|MrPink|MrOrange|Pluribus|MrBlue
STATE:92:fffr250fc/cc/cc/r650c:3hTd|2hAs|Js6h|3c5c|9d4h|Ac4s/Kh3sAh/6d/5d:-50|25|0|0|0|25:MrWhite|MrPink|MrOrange|Pluribus|MrBlue|MrBlonde
STATE:93:fffr225ff:3c9c|3s4d|Qc2c|6cTd|9h8s|JsAc:-50|-100|0|0|0|150:MrPink|MrOrange|Pluribus|MrBlue|MrBlonde|MrWhite
STATE:94:ffffr400f:7sKd|Qs3c|2h6h|3h7h|8sKc|2d4h:100|-100|0|0|0|0:MrOrange|Pluribus|MrBlue|MrBlonde|MrWhite|MrPink
STATE:95:fr225fffr1000f:Kc4c|5d6d|8hKd|KsQc|2d5s|Tc9s:-50|275|0|-225|0|0:Pluribus|MrBlue|MrBlonde|MrWhite|MrPink|MrOrange
STATE:96:fffr250ff:2d6c|4c8s|As2c|3sKc|6d4d|QsTd:-50|-100|0|0|0|150:MrBlue|MrBlonde|MrWhite|MrPink|MrOrange|Pluribus
STATE:97:fr200fffc/cr435f:5dAh|3h2h|5c8s|KdJd|9cTh|4hAc/8c4d4s:-50|-200|0|250|0|0:MrBlonde|MrWhite|MrPink|MrOrange|Pluribus|MrBlue
STATE:98:fr250fffc/cc/cr525f:TdKc|6sQs|6cJs|AsKd|7s2h|8h7h/4c4hAd/Th:-50|-250|0|300|0|0:MrWhite|MrPink|MrOrange|Pluribus|MrBlue|MrBlonde
STATE:99:ffffcr450f:Ks6c|KdAs|7sJs|9cQd|4sQc|5sKh:-100|100|0|0|0|0:MrPink|MrOrange|Pluribus|MrBlue|MrBlonde|MrWhite
STATE:100:ffffr350f:Qh8s|3dTs|8hKd|Th9d|8d2s|3s4c:100|-100|0|0|0|0:MrOrange|Pluribus|MrBlue|MrBlonde|MrWhite|MrPink
STATE:101:ffffcc/cr250f:KhQs|4cAc|4hKc|Jh5s|7dQc|Ks7h/3d2s4d:-100|100|0|0|0|0:Pluribus|MrBlue|MrBlonde|MrWhite|MrPink|MrOrange
STATE:102:fffr200cc/ccr500cf/cc/r1400f:Ac4c|Jd8s|7h6s|Th8d|2sKs|6h9h/JsKc9c/Qc/5c:700|-200|0|0|0|-500:MrBlue|MrBlonde|MrWhite|MrPink|MrOrange|Pluribus
STATE:103:ffr225fff:AhTd|3sJh|4cAd|4s9h|ThQh|5dTc:-50|-100|0|0|150|0:MrBlonde|MrWhite|MrPink|MrOrange|Pluribus|MrBlue
STATE:104:fffr250ff:3dQh|6c9h|7dQs|3c4s|6d2d|TsJs:-50|-100|0|0|0|150:MrWhite|MrPink|MrOrange|Pluribus|MrBlue|MrBlonde
STATE:105:ffr250cfc/ccr650fc/cr1450c/cc:7cQh|Kh4h|Ad2c|Kc5h|JhKs|Tc9d/7dJc7s/6d/Qs:-50|-250|0|0|1750|-1450:MrPink|MrOrange|Pluribus|MrBlue|MrBlonde|MrWhite
STATE:106:ffffr350f:As3s|2d9c|Ac3d|8c6c|6sJs|4dJc:100|-100|0|0|0|0:MrOrange|Pluribus|MrBlue|MrBlonde|MrWhite|MrPink
STATE:107:ffffr275f:Td9c|4s8c|5sJc|Kc9s|2d7c|Qc4d:100|-100|0|0|0|0:Pluribus|MrBlue|MrBlonde|MrWhite|MrPink|MrOrange
STATE:108:fr210fcfc/ccc/cr910cf/r1435c:3h2c|TcQc|7c2h|QdTd|4sAd|9dJd/4hKc9s/6d/Js:-50|-210|0|1695|0|-1435:MrBlue|MrBlonde|MrWhite|MrPink|MrOrange|Pluribus
STATE:109:fffff:5c3d|Tc7d|6cTh|2h2c|2s5d|5hJd:-50|50|0|0|0|0:MrBlonde|MrWhite|MrPink|MrOrange|Pluribus|MrBlue
STATE:110:ffr225ffc/cc/cr475f:Kd6h|QdTh|Ah4d|7hQs|Ad4c|TcKs/7d6c4h/Ac:-50|-225|0|0|275|0:MrWhite|MrPink|MrOrange|Pluribus|MrBlue|MrBlonde
STATE:111:ffr250ffc/cc/cc/cc:8c7h|KcQs|5cTc|3h4s|ThAc|4h2s/5d6d5s/Ah/3s:-50|-250|0|0|300|0:MrPink|MrOrange|Pluribus|MrBlue|MrBlonde|MrWhite
STATE:112:ffr225ffc/cr475f:Jh7c|5d6h|4d6c|Qc2h|TsQs|5c6s/Ah7hKh:-50|-225|0|0|275|0:MrOrange|Pluribus|MrBlue|MrBlonde|MrWhite|MrPink
STATE:113:ffr210ffc/cc/cr325c/cr1325f:2hTc|9dJs|9sKh|9hAs|JdJc|4hKs/ThAc6d/Jh/8h:-50|-325|0|0|375|0:Pluribus|MrBlue|MrBlonde|MrWhite|MrPink|MrOrange
STATE:114:fr210fffc/cr360c/cr860f:Ad4c|ThTc|7s2d|9hJh|Qd3h|6s2h/4h3sJc/8h:-50|-360|0|410|0|0:MrBlue|MrBlonde|MrWhite|MrPink|MrOrange|Pluribus
STATE:115:fffr225ff:9c3h|5dQh|7s5s|2hJs|Jd6s|KsAc:-50|-100|0|0|0|150:MrBlonde|MrWhite|MrPink|MrOrange|Pluribus|MrBlue
STATE:116:r200ffr750fff:9dAs|9sJs|KdQh|Ah5s|3h9h|AcJd:-50|-100|-200|0|0|350:MrWhite|MrPink|MrOrange|Pluribus|MrBlue|MrBlonde
STATE:117:ffr250cff/cr575f:2h2s|8s2c|3s6c|9h3d|8h8d|AcJh/Qc9cKs:-50|-100|0|0|-250|400:MrPink|MrOrange|Pluribus|MrBlue|MrBlonde|MrWhite
STATE:118:fffff:4c8h|4sKh|4d6c|QhTs|5s9s|7d9h:-50|50|0|0|0|0:MrOrange|Pluribus|MrBlue|MrBlonde|MrWhite|MrPink
STATE:119:r250fffff:Td3c|Th4c|AcJs|Qd2h|8s4h|Jd8d:-50|-100|150|0|0|0:Pluribus|MrBlue|MrBlonde|MrWhite|MrPink|MrOrange
STATE:120:fffr250r902ff:TdQd|7d3h|8s7h|8dQc|7s5h|Ah4c:350|-100|0|0|0|-250:MrBlue|MrBlonde|MrWhite|MrPink|MrOrange|Pluribus
STATE:121:r210fr681fffr2285f:JdQd|9c7c|AsAh|2h9d|JhQh|4d3d:-50|-100|831|0|-681|0:MrBlonde|MrWhite|MrPink|MrOrange|Pluribus|MrBlue
STATE:122:fffr250cf/cr700f:Kd9d|9c2h|7hJh|8c2s|4hTs|Qh9s/Th5d6h:-250|-100|0|0|0|350:MrWhite|MrPink|MrOrange|Pluribus|MrBlue|MrBlonde
STATE:123:fffff:5s4c|7sJd|Ac9h|Td8c|6sKh|Qs7h:-50|50|0|0|0|0:MrPink|MrOrange|Pluribus|MrBlue|MrBlonde|MrWhite
STATE:124:r225fffff:ThTc|9cQs|4c6c|3sQh|Qd2s|Js7h:-50|-100|150|0|0|0:MrOrange|Pluribus|MrBlue|MrBlonde|MrWhite|MrPink
STATE:125:r250fffff:8cTc|6cJd|ThAd|9d6s|Qd2d|3sAc:-50|-100|150|0|0|0:Pluribus|MrBlue|MrBlonde|MrWhite|MrPink|MrOrange
STATE:126:ffffr300r950r2750c/r4825f:AhAs|8s8c|9d3h|4sKc|Ad5s|7s9h/QhJd5h:2750|-2750|0|0|0|0:MrBlue|MrBlonde|MrWhite|MrPink|MrOrange|Pluribus
STATE:127:fr200fffc/cr450c/cc/cc:7c8h|Kd3d|4c9d|As9s|3hTc|2s7d/Kh9h2d/Jh/Ah:-50|-450|0|500|0|0:MrBlonde|MrWhite|MrPink|MrOrange|Pluribus|MrBlue
STATE:128:fffr250fc/cc/r600c/r1000f:9c3d|5s6d|4h3c|8dJc|5d2d|9dTc/Ts7hJh/4d/Qc:-50|650|0|0|0|-600:MrWhite|MrPink|MrOrange|Pluribus|MrBlue|MrBlonde
STATE:129:fr225r750fffr2300f:KcJd|As2h|Tc3d|KhKd|Td9d|Jh9c:-50|-100|0|900|-750|0:MrPink|MrOrange|Pluribus|MrBlue|MrBlonde|MrWhite
STATE:130:fffr250fc/cr650f:7dJc|Ac4d|3cTc|Jd6c|5d2h|JhKh/8cQs3h:-50|-250|0|0|0|300:MrOrange|Pluribus|MrBlue|MrBlonde|MrWhite|MrPink
STATE:131:ffffcc/cc/cr200c/cc:Js9c|Ts5h|Kd8h|9dJc|3c4s|6s3d/9h8s8c/Tc/Ad:-200|200|0|0|0|0:Pluribus|MrBlue|MrBlonde|MrWhite|MrPink|MrOrange
STATE:132:fr210fffc/cr445f:Jd2d|9cKs|Qc3h|Ac5c|8dKc|Ad5s/7cTd4s:-50|-210|0|260|0|0:MrBlue|MrBlonde|MrWhite|MrPink|MrOrange|Pluribus
STATE:133:fffr225ff:4sTc|3h8h|5h7h|4c8s|Qh6d|QsKs:-50|-100|0|0|0|150:MrBlonde|MrWhite|MrPink|MrOrange|Pluribus|MrBlue
STATE:134:fffr250ff:Ks6h|5d3c|5h6d|4cKh|9d7c|9sTh:-50|-100|0|0|0|150:MrWhite|MrPink|MrOrange|Pluribus|MrBlue|MrBlonde
STATE:135:fffff:5d7c|AsTd|4sJs|5h9s|5s8s|Jd3d:-50|50|0|0|0|0:MrPink|MrOrange|Pluribus|MrBlue|MrBlonde|MrWhite
STATE:136:ffffr350f:Kd9h|Qh5s|9sAc|Ah6c|6hKh|Js4d:100|-100|0|0|0|0:MrOrange|Pluribus|MrBlue|MrBlonde|MrWhite|MrPink
STATE:137:fr225fffc/cr600c/cr1537f:9d8h|6s4d|JhTd|JcAd|Qs7h|5s8d/6hJd2h/9h:-50|-600|0|650|0|0:Pluribus|MrBlue|MrBlonde|MrWhite|MrPink|MrOrange
STATE:138:ffffr300c/r750f:JdAd|6d6c|5c4s|Th3h|Kd2c|2hQs/Ts7sQh:300|-300|0|0|0|0:MrBlue|MrBlonde|MrWhite|MrPink|MrOrange|Pluribus
STATE:139:r210ffffc/cr445f:8s6d|AhKd|QcQd|5c3h|4hQs|2sAd/7d4cTd:-50|-210|260|0|0|0:MrBlonde|MrWhite|MrPink|MrOrange|Pluribus|MrBlue
STATE:140:fffff:5c9c|Jc2d|Ts5h|2c7c|8s3d|3h8h:-50|50|0|0|0|0:MrWhite|MrPink|MrOrange|Pluribus|MrBlue|MrBlonde
STATE:141:fr225ffff:5sQc|2d3s|QhTc|9d9s|7c3d|3h8c:-50|-100|0|150|0|0:MrPink|MrOrange|Pluribus|MrBlue|MrBlonde|MrWhite
STATE:142:ffr225ffc/cr475c/cr1225f:7dKd|9h3h|7h4d|8hQd|QhJh|7c2d/Qc3c7s/6h:-50|-475|0|0|525|0:MrOrange|Pluribus|MrBlue|MrBlonde|MrWhite|MrPink
STATE:143:r250cffff/cc/cc/cc:7cTc|2s4c|8s8h|5s5c|3c5d|ThJc/KdAcQd/4h/Qc:-50|-100|400|-250|0|0:Pluribus|MrBlue|MrBlonde|MrWhite|MrPink|MrOrange
STATE:144:ffr200fr850fc/r1655f:9sTs|2c7s|Qs3c|7dTh|AcQc|4c6d/6h4hJs:950|-100|0|0|-850|0:MrBlue|MrBlonde|MrWhite|MrPink|MrOrange|Pluribus
STATE:145:fffff:5h7c|3dQd|6d4s|8h7d|4c9h|Jc2d:-50|50|0|0|0|0:MrBlonde|MrWhite|MrPink|MrOrange|Pluribus|MrBlue
STATE:146:r200fffff:4d2d|2sJh|Ac8c|8d2h|3d5h|Kc3c:-50|-100|150|0|0|0:MrWhite|MrPink|MrOrange|Pluribus|MrBlue|MrBlonde
STATE:147:fr225fcfc/ccr587cf/r1562f:9h4h|6s6h|Th5d|AcQs|Kc8s|JsQd/7s2s4c/3s:-50|862|0|-225|0|-587:MrPink|MrOrange|Pluribus|MrBlue|MrBlonde|MrWhite
STATE:148:ffr225fr1150fc/r2125f:7s7c|6hJs|9d2s|2d7d|QhAd|3hAc/3c4dTs:1250|-100|0|0|-1150|0:MrOrange|Pluribus|MrBlue|MrBlonde|MrWhite|MrPink
STATE:149:r250ffffc/cc/cr425f:6cQd|Kd9d|AhJc|7hJh|Qh9c|8c5s/Ts2sTh/6h:-50|-250|300|0|0|0:Pluribus|MrBlue|MrBlonde|MrWhite|MrPink|MrOrange
STATE:150:fffr250fc/cc/cc/cc:6d2h|7dAh|5cTc|8d4c|6sJc|JhAs/3h4h8s/Qc/Kc:-50|-250|0|0|0|300:MrBlue|MrBlonde|MrWhite|MrPink|MrOrange|Pluribus
STATE:151:fffr225r1025fc/cc/cr2400c/cr6150c:AcJs|6s4c|6c9h|4h7c|5d8h|5c8c/7hJcQs/Qc/4d:6250|-100|0|0|0|-6150:MrBlonde|MrWhite|MrPink|MrOrange|Pluribus|MrBlue
STATE:152:fr200ffff:4d9s|4cKd|3c3s|4sAs|9dQc|Ks8d:-50|-100|0|150|0|0:MrWhite|MrPink|MrOrange|Pluribus|MrBlue|MrBlonde
STATE:153:fffr225fr1400f:3dJs|KcAc|Jd7s|Jh9d|8d2d|7c6c:-50|275|0|0|0|-225:MrPink|MrOrange|Pluribus|MrBlue|MrBlonde|MrWhite
STATE:154:fr250ffr1150fc/r2050c/r3750c/r6250f:KsQc|3c6s|Ah9c|9d9h|7sKc|8c3s/4s7d4d/4c/As:3850|-100|0|-3750|0|0:MrOrange|Pluribus|MrBlue|MrBlonde|MrWhite|MrPink
STATE:155:ffr210ccc/cccc/ccr1050fcf/cr10000f:2c2d|Qh9c|5sTc|9h5c|7cJc|6c6h/AdJdKd/7d/Kh:-1050|-210|0|0|1470|-210:Pluribus|MrBlue|MrBlonde|MrWhite|MrPink|MrOrange
STATE:156:r225fffff:3d2s|6c2d|KhJc|5dTc|8dQh|Ts2c:-50|-100|150|0|0|0:MrBlue|MrBlonde|MrWhite|MrPink|MrOrange|Pluribus
STATE:157:fr200ffff:Qd6h|4d7c|3d2d|QsJc|9h8d|Kh6s:-50|-100|0|150|0|0:MrBlonde|MrWhite|MrPink|MrOrange|Pluribus|MrBlue
STATE:158:fffff:3s4c|7c3d|2h7h|5sAh|8s2d|8hJc:-50|50|0|0|0|0:MrWhite|MrPink|MrOrange|Pluribus|MrBlue|MrBlonde
STATE:159:r225ffcff/r525f:8sQs|8cAd|TdKd|7s9h|4s2c|3c3h/JhTsAs:-50|-100|375|0|0|-225:MrPink|MrOrange|Pluribus|MrBlue|MrBlonde|MrWhite
STATE:160:fr250ffff:6sJd|Qh3d|8c4c|As7s|5c8h|2d3s:-50|-100|0|150|0|0:MrOrange|Pluribus|MrBlue|MrBlonde|MrWhite|MrPink
STATE:161:fffr200fc/cr350c/cc/r1100f:8c4d|9hAc|7s5d|9d2d|Qh3h|AdTs/9sKsKd/9c/Qc:-50|400|0|0|0|-350:Pluribus|MrBlue|MrBlonde|MrWhite|MrPink|MrOrange
STATE:162:ffr200fff:8s2d|4hQc|5sQd|Ad2c|AcTd|4dTc:-50|-100|0|0|150|0:MrBlue|MrBlonde|MrWhite|MrPink|MrOrange|Pluribus
STATE:163:fr200cfff/r400c/r1050c/cr4425f:2hAc|7sQh|3s3h|Td9d|AsKh|4s3d/6d2sQc/7h/Tc:-50|-100|0|-1050|1200|0:MrBlonde|MrWhite|MrPink|MrOrange|Pluribus|MrBlue
STATE:164:ffr225ffc/cc/cc/cr525f:KhTc|Ad4h|7h2d|7cAh|QcJh|As2c/7dJs8c/Kc/5h:-50|-225|0|0|275|0:MrWhite|MrPink|MrOrange|Pluribus|MrBlue|MrBlonde
STATE:165:r200fffff:7cQc|4c7s|KcAc|7d5c|2d8d|Ah5d:-50|-100|150|0|0|0:MrPink|MrOrange|Pluribus|MrBlue|MrBlonde|MrWhite
STATE:166:fffr250r1150fc/r2000c/cc/r7500f:6c6d|Kd5s|4sJc|ThKc|9h3s|JdTd/KsAs3c/8h/5c:2100|-100|0|0|0|-2000:MrOrange|Pluribus|MrBlue|MrBlonde|MrWhite|MrPink
STATE:167:fr225fffc/cc/cr600f:6cKd|Td5d|Jd9s|8dQd|8hAc|3d6s/KhJc3h/2d:-50|-225|0|275|0|0:Pluribus|MrBlue|MrBlonde|MrWhite|MrPink|MrOrange
STATE:168:fr210fffc/cr360c/cc/cc:9sQd|7dTd|Kc6h|9h9d|2h2s|8h5s/Kh5c7c/4d/4s:-50|-360|0|410|0|0:MrBlue|MrBlonde|MrWhite|MrPink|MrOrange|Pluribus
STATE:169:fffff:5sJs|8s6h|2sTs|8hKh|6c3h|4c5h:-50|50|0|0|0|0:MrBlonde|MrWhite|MrPink|MrOrange|Pluribus|MrBlue
STATE:170:fffr250fc/cc/cc/cr550f:9d5h|Js9c|Qd4h|Qh3s|Ts2d|7dJd/Jh8d2s/Ad/Kd:-50|-250|0|0|0|300:MrWhite|MrPink|MrOrange|Pluribus|MrBlue|MrBlonde
STATE:171:r200r700ffffc/cr1350f:8h4c|Jc4h|QsTs|AdAc|Td3s|Js7d/2s2c2d:-50|-100|-700|850|0|0:MrPink|MrOrange|Pluribus|MrBlue|MrBlonde|MrWhite
STATE:172:fffff:8d2d|9d3s|8h4h|9cTd|Kh4d|4s5d:-50|50|0|0|0|0:MrOrange|Pluribus|MrBlue|MrBlonde|MrWhite|MrPink
STATE:173:ffr210fcc/ccc/r525fc/cr1155c:7sAs|8sJd|2c8h|4c2s|9dKd|3sQs/Jh9cTd/Ad/9h:-1155|-210|0|0|1365|0:Pluribus|MrBlue|MrBlonde|MrWhite|MrPink|MrOrange
STATE:174:fffr250fr1100c/r1900c/cc/cr7675f:Qc8s|JdKd|9s4s|5dQh|Kc3c|4h5h/3dKhTh/4c/2h:-50|-1900|0|0|0|1950:MrBlue|MrBlonde|MrWhite|MrPink|MrOrange|Pluribus
STATE:175:fffr225ff:7sQd|3hTc|Kh7h|8c5s|Jd5d|Ks3s:-50|-100|0|0|0|150:MrBlonde|MrWhite|MrPink|MrOrange|Pluribus|MrBlue
STATE:176:fffr250r850fc/r2072f:7d6d|7hQh|2c5d|9c7c|2d9s|3s3d/Jc5h8s:950|-100|0|0|0|-850:MrWhite|MrPink|MrOrange|Pluribus|MrBlue|MrBlonde
STATE:177:ffffcc/cr200f:4c9c|7hJs|6hTh|4h2s|8h7d|3s6c/Jd3h5d:-100|100|0|0|0|0:MrPink|MrOrange|Pluribus|MrBlue|MrBlonde|MrWhite
STATE:178:fffr250fc/cc/r800f:4s2s|3hKh|5d9s|5sTs|7h6c|As9h/7c4hJc/8h:-50|300|0|0|0|-250:MrOrange|Pluribus|MrBlue|MrBlonde|MrWhite|MrPink
STATE:179:ffr210r750ffr2260f:2h3s|Kd9s|5h6s|8dAc|KhJh|7dAd:-50|-100|0|0|900|-750:Pluribus|MrBlue|MrBlonde|MrWhite|MrPink|MrOrange
STATE:180:ffr200fcc/ccc/ccr650fc/cr1850f:4d4h|As8c|ThJc|3h8h|7s7h|Kh5s/QsTsAh/6s/9d:-200|-650|0|0|850|0:MrBlue|MrBlonde|MrWhite|MrPink|MrOrange|Pluribus
STATE:181:ffr225fff:8h9s|Qc3d|2cQd|AcTd|KcQs|Jc3s:-50|-100|0|0|150|0:MrBlonde|MrWhite|MrPink|MrOrange|Pluribus|MrBlue
STATE:182:fffr250fc/cc/cc/cc:8s6d|4c4d|4hJd|5s2d|4s5c|8d8h/JhKdTh/3h/3c:-50|-250|0|0|0|300:MrWhite|MrPink|MrOrange|Pluribus|MrBlue|MrBlonde
STATE:183:fffr225fc/cc/r400c/r700f:3hQc|2sKs|TcJs|6h3s|2c7d|8dKd/4c4d6d/3c/7c:-50|450|0|0|0|-400:MrPink|MrOrange|Pluribus|MrBlue|MrBlonde|MrWhite
