# name/game/hands/seed sample_game_112 ../lib/python-client/acpc_infrastructure/holdem.nolimit.6p.game 10000 112
#--t_response 600000000
#--t_hand 600000000
#--t_per_hand 600000000
STATE:0:r200ffcff/cc/cc/cc:6cJs|2c9h|3c3d|7hJd|8dKd|6h6d/4c7cAd/As/Jh:-50|-100|-200|0|0|350:Eddie|MrPink|MrOrange|MrWhite|MrBlue|Pluribus
STATE:1:ffffcc/cr200c/cc/cr500f:Ah2s|2h8d|2c3s|5h3d|Jd8c|8sJh/5d5s6d/Ts/9h:-200|200|0|0|0|0:MrPink|MrOrange|MrWhite|MrBlue|Pluribus|Eddie
STATE:2:fr200fffc/cc/cr425c/cc:4cKd|7cAd|QhKs|4h4s|Th8d|7d9h/5d6sJs/Ac/6h:-50|475|0|-425|0|0:MrOrange|MrWhite|MrBlue|Pluribus|Eddie|MrPink
STATE:3:ffr210r700ffr2050f:2s8c|2c7d|3sTc|5c9c|8dKd|KsQh:-50|-100|0|0|850|-700:MrWhite|MrBlue|Pluribus|Eddie|MrPink|MrOrange
STATE:4:ffr210fff:Kd8s|9h3d|5s6d|3h4h|7s7h|7d6h:-50|-100|0|0|150|0:MrBlue|Pluribus|Eddie|MrPink|MrOrange|MrWhite
STATE:5:fffr225cf/cc/cr637c/cc:3dAd|8s2h|9h4s|3s8d|6dKc|3cJc/4dQs5c/7s/Kd:737|-100|0|0|0|-637:Pluribus|Eddie|MrPink|MrOrange|MrWhite|MrBlue
STATE:6:fr225ffff:TsJc|2sKd|5s3c|AhTd|3s8s|Ad4h:-50|-100|0|150|0|0:Eddie|MrPink|MrOrange|MrWhite|MrBlue|Pluribus
STATE:7:fffr225fc/cr775c/cc/cc:3sAh|JdAd|7sQd|Jc4d|Ts3d|AsKs/7d9s4s/6c/2d:-50|-775|0|0|0|825:MrPink|MrOrange|MrWhite|MrBlue|Pluribus|Eddie
STATE:8:fffff:Th5c|9h9s|Kc5s|3c2h|3s6h|6c2c:-50|50|0|0|0|0:MrOrange|MrWhite|MrBlue|Pluribus|Eddie|MrPink
STATE:9:r200ffcfc/ccc/ccc/ccc:7sAh|QdTd|QcKc|Ts3h|4h4s|KsAs/2hJh6c/4d/5c:-50|-200|-200|0|0|450:MrWhite|MrBlue|Pluribus|Eddie|MrPink|MrOrange
STATE:10:fffff:8c5d|5h3c|Tc9s|4h5s|8d6h|3h4c:-50|50|0|0|0|0:MrBlue|Pluribus|Eddie|MrPink|MrOrange|MrWhite
STATE:11:r210ffffr1150f:7dQs|AsAc|AhTc|Jd5d|TsAd|5cJs:-50|260|-210|0|0|0:Pluribus|Eddie|MrPink|MrOrange|MrWhite|MrBlue
STATE:12:r200ffffc/cr425c/cc/cr1175r3575f:3h7d|TdTc|Ac7c|9cQs|Qh3s|8c4c/4dKcTs/Jd/Js:-50|1225|-1175|0|0|0:Eddie|MrPink|MrOrange|MrWhite|MrBlue|Pluribus
STATE:13:fr225fffc/cc/cc/r600c:2d6c|Qd8d|4h7c|Jd7d|9s4c|6h4d/5cJcAs/Kc/3s:-50|-600|0|650|0|0:MrPink|MrOrange|MrWhite|MrBlue|Pluribus|Eddie
STATE:14:fffff:2d9c|Jc9h|5dTs|3cQd|4sTc|6c8h:-50|50|0|0|0|0:MrOrange|MrWhite|MrBlue|Pluribus|Eddie|MrPink
STATE:15:fr200fffc/cr335c/cr1775f:Ts2d|As2s|8d5d|KcKs|5s4d|Ad3c/Qh2c3d/7c:-50|-335|0|385|0|0:MrWhite|MrBlue|Pluribus|Eddie|MrPink|MrOrange
STATE:16:r200fffff:Ah2s|2d3s|6s5s|Jc7c|9cTs|6d3d:-50|-100|150|0|0|0:MrBlue|Pluribus|Eddie|MrPink|MrOrange|MrWhite
STATE:17:r210fffff:7c3h|8s4d|6hKh|8d2s|AdTs|Ks5c:-50|-100|150|0|0|0:Pluribus|Eddie|MrPink|MrOrange|MrWhite|MrBlue
STATE:18:ffr225cff/cr525c/cc/cc:Qh2c|Th2h|8dJd|2d3h|6s5s|4cAc/2sKd6d/Jh/Ks:-50|-100|0|0|675|-525:Eddie|MrPink|MrOrange|MrWhite|MrBlue|Pluribus
STATE:19:fr225ffff:4dTh|TcJs|5s7h|JhJc|6c2c|7c8h:-50|-100|0|150|0|0:MrPink|MrOrange|MrWhite|MrBlue|Pluribus|Eddie
STATE:20:ffr210ffc/cr350c/cc/r1550f:Kh8d|6sJs|2s7d|7sAc|8s8c|TdQh/5s6c6d/Ks/Jd:-50|400|0|0|-350|0:MrOrange|MrWhite|MrBlue|Pluribus|Eddie|MrPink
STATE:21:fffr225cc/ccr480ff:TcQs|2h9h|8h7c|Ts2c|7d3h|Js7s/6s4dKd:-225|-225|0|0|0|450:MrWhite|MrBlue|Pluribus|Eddie|MrPink|MrOrange
STATE:22:fffr225cf/cr550c/cr1400r3625f:JsTh|2sJh|2hJd|5s8d|3d9h|AcKs/9s8hAd/7c:1500|-100|0|0|0|-1400:MrBlue|Pluribus|Eddie|MrPink|MrOrange|MrWhite
STATE:23:r210ffffc/cr445r810f:Ts2d|QhTd|KcQs|8s7s|8c3h|6s9c/3d4sTc:-50|495|-445|0|0|0:Pluribus|Eddie|MrPink|MrOrange|MrWhite|MrBlue
STATE:24:fr225ffcf/cr637c/cr1667f:8dAd|6hKc|5h4h|ThAh|9hAs|5d3h/3sTd2s/4c:-637|-100|0|737|0|0:Eddie|MrPink|MrOrange|MrWhite|MrBlue|Pluribus
STATE:25:ffr225ffr1225f:6sTc|KsKh|Th7h|8d6c|JhKd|Qd2d:-50|275|0|0|-225|0:MrPink|MrOrange|MrWhite|MrBlue|Pluribus|Eddie
STATE:26:fr250ffff:8dTd|4d8c|3c5d|AcTc|8s7c|Ts9s:-50|-100|0|150|0|0:MrOrange|MrWhite|MrBlue|Pluribus|Eddie|MrPink
STATE:27:fffff:2d7h|3s9c|2h4s|8dJc|4hAd|6dKh:-50|50|0|0|0|0:MrWhite|MrBlue|Pluribus|Eddie|MrPink|MrOrange
STATE:28:fr210fffc/cr445f:8h3c|Ad9h|Qs4d|KhKs|Qc9d|9cTs/2d5hTh:-50|-210|0|260|0|0:MrBlue|Pluribus|Eddie|MrPink|MrOrange|MrWhite
STATE:29:ffffr200c/cc/r1000f:9hTs|4d7h|2s8c|KhTd|7d5d|Kd4c/8s2cAs/6h:200|-200|0|0|0|0:Pluribus|Eddie|MrPink|MrOrange|MrWhite|MrBlue
STATE:30:fr225fffc/cr475f:JcQs|Qc9h|KhTd|AdQd|6d5c|4dJh/4c2h2s:-50|-225|0|275|0|0:Eddie|MrPink|MrOrange|MrWhite|MrBlue|Pluribus
STATE:31:ffffr300c/cc/r1000f:7s5s|Jc8d|6cAd|2cTs|7d3h|5hQs/8c9c4s/As:300|-300|0|0|0|0:MrPink|MrOrange|MrWhite|MrBlue|Pluribus|Eddie
STATE:32:fr200fffr800c/r1577c/r2577f:3cTd|5h6h|2d3s|QsQd|2cKc|4h7h/7c7dAd/8s:-50|1627|0|-1577|0|0:MrOrange|MrWhite|MrBlue|Pluribus|Eddie|MrPink
STATE:33:r287fffff:3cAs|6cTh|JcQd|3hJd|Kd9d|4d5c:-50|-100|150|0|0|0:MrWhite|MrBlue|Pluribus|Eddie|MrPink|MrOrange
STATE:34:fffff:4d9c|Js2h|7d2d|Ks4c|5sJc|5c6h:-50|50|0|0|0|0:MrBlue|Pluribus|Eddie|MrPink|MrOrange|MrWhite
STATE:35:fr205r625fffc/cr1624f:3h3s|7sAd|Td2s|AhKc|KdKs|QdTc/8d9c5d:-50|-100|0|-625|775|0:Pluribus|Eddie|MrPink|MrOrange|MrWhite|MrBlue
STATE:36:fffr250fc/cc/cc/r800f:3cTc|8c9h|4hKd|Qc2s|2d5h|KsQh/4c5dJc/3s/7c:-50|300|0|0|0|-250:Eddie|MrPink|MrOrange|MrWhite|MrBlue|Pluribus
STATE:37:fffr225ff:2dTd|3h6s|Tc2c|6h3d|7s9c|AsTs:-50|-100|0|0|0|150:MrPink|MrOrange|MrWhite|MrBlue|Pluribus|Eddie
STATE:38:ffr210ffc/cc/cc/r610c:Jc3h|Th7d|Ad7c|3s4h|QcAs|2h5c/4dKd9h/7s/Ts:-50|660|0|0|-610|0:MrOrange|MrWhite|MrBlue|Pluribus|Eddie|MrPink
STATE:39:ffffr300r900r2250r10000f:QhKd|KcAh|Th5s|7dJs|7c6s|Qs4h:-2250|2250|0|0|0|0:MrWhite|MrBlue|Pluribus|Eddie|MrPink|MrOrange
STATE:40:ffr210fcf/cr435c/cc/cr1090c:2s2h|7cQs|3hJh|Ad4h|Ac4c|3dAh/Qh9c9h/6h/Th:1190|-100|0|0|-1090|0:MrBlue|Pluribus|Eddie|MrPink|MrOrange|MrWhite
STATE:41:ffffcc/cr200c/cr900c/cr10000f:4sKh|Qc2d|8cTs|7dJd|6sTh|5s6h/Qh2hKs/8s/2s:-900|900|0|0|0|0:Pluribus|Eddie|MrPink|MrOrange|MrWhite|MrBlue
STATE:42:ffffr235c/cr470f:Ac3s|Qs9c|5dKh|9d7h|7d2c|5s2h/Qh4d7c:-235|235|0|0|0|0:Eddie|MrPink|MrOrange|MrWhite|MrBlue|Pluribus
STATE:43:fffff:Th5d|Kd6s|Ts8d|4sJc|6cQd|2d6h:-50|50|0|0|0|0:MrPink|MrOrange|MrWhite|MrBlue|Pluribus|Eddie
STATE:44:r225ffffc/cc/cc/cc:4s6h|7h4h|Ad3d|Jd6c|TsKc|2sAh/Qs9h8d/9c/Js:-50|-225|275|0|0|0:MrOrange|MrWhite|MrBlue|Pluribus|Eddie|MrPink
STATE:45:r225cfffc/cr587cc/ccc/ccc:Qc3h|2d9d|KdQh|ThAh|2cTc|Kc7s/5dKs2h/3d/4s:-50|-587|-587|1224|0|0:MrWhite|MrBlue|Pluribus|Eddie|MrPink|MrOrange
STATE:46:fr210cfff/cc/r495c/cr920r3905c:5sAc|2c7d|9c6h|KhKd|JdQd|8cQs/QcTs3c/Qh/Kc:-50|-100|0|4055|-3905|0:MrBlue|Pluribus|Eddie|MrPink|MrOrange|MrWhite
STATE:47:ffr225cr1000fr2743fc/cc/cc/cc:KcQc|Kd3c|3h3d|6h9h|AdKh|9dTd/Jh8d7s/7c/Jc:-2743|-100|0|0|3068|-225:Pluribus|Eddie|MrPink|MrOrange|MrWhite|MrBlue
STATE:48:fr225ffff:TcKs|4c7d|3h5h|4d3d|8s9c|Qd7c:-50|-100|0|150|0|0:Eddie|MrPink|MrOrange|MrWhite|MrBlue|Pluribus
STATE:49:fffr225r1050ff:9d8d|Jh5d|9h6d|Qd8s|4h7c|Qc4c:325|-100|0|0|0|-225:MrPink|MrOrange|MrWhite|MrBlue|Pluribus|Eddie
STATE:50:fffff:9d7c|Qh7d|9s2s|Ad5c|Th4c|8s3c:-50|50|0|0|0|0:MrOrange|MrWhite|MrBlue|Pluribus|Eddie|MrPink
STATE:51:fr200ffcc/ccc/r650ff:AhJd|9sTs|9d3c|6h6s|Ac6d|2dJc/8dKd3d/Th:400|-200|0|-200|0|0:MrWhite|MrBlue|Pluribus|Eddie|MrPink|MrOrange
STATE:52:fffr225fr1225f:3hAd|Kd9h|2c8c|5h3c|5s4d|QhTd:-50|275|0|0|0|-225:MrBlue|Pluribus|Eddie|MrPink|MrOrange|MrWhite
STATE:53:fffr225ff:Jd4d|6h2s|7h5s|JhKs|Kh2c|9dTs:-50|-100|0|0|0|150:Pluribus|Eddie|MrPink|MrOrange|MrWhite|MrBlue
STATE:54:fffr250fc/cr800f:8s5h|3d7d|As2c|4c6c|3c9c|6d6s/TdKhJs:-50|-250|0|0|0|300:Eddie|MrPink|MrOrange|MrWhite|MrBlue|Pluribus
STATE:55:fr225cffc/cr587r2036ff:KhTs|JhTh|As8h|6d7d|Ac4c|3hQd/2c5s6h:-50|-225|0|-587|862|0:MrPink|MrOrange|MrWhite|MrBlue|Pluribus|Eddie
STATE:56:r225fffff:Ac9c|4d7c|QdAs|QcTh|8sTd|Js7s:-50|-100|150|0|0|0:MrOrange|MrWhite|MrBlue|Pluribus|Eddie|MrPink
STATE:57:fffff:5d6d|ThAh|2dTs|2h9d|6h3d|8sTd:-50|50|0|0|0|0:MrWhite|MrBlue|Pluribus|Eddie|MrPink|MrOrange
STATE:58:fr210ffff:2c9d|Jd6h|4hJc|8hKh|KdQh|4c7d:-50|-100|0|150|0|0:MrBlue|Pluribus|Eddie|MrPink|MrOrange|MrWhite
STATE:59:r210ffffc/cr680r1310f:JhTc|4c7c|AhQh|Js8h|6cAc|Jd6h/9sJc3c:-50|730|-680|0|0|0:Pluribus|Eddie|MrPink|MrOrange|MrWhite|MrBlue
STATE:60:ffr225fff:5cKh|2c4h|5hJs|7hAs|8dAc|Td9s:-50|-100|0|0|150|0:Eddie|MrPink|MrOrange|MrWhite|MrBlue|Pluribus
STATE:61:fr225cfff/r525c/cr825f:3d4s|7hAs|7s3h|6d6h|TdQd|2d5c/KsJs4d/9d:-50|-100|0|-525|675|0:MrPink|MrOrange|MrWhite|MrBlue|Pluribus|Eddie
STATE:62:fr200ffff:9dAc|Kc3h|2hKh|6h6c|2c4s|8hJc:-50|-100|0|150|0|0:MrOrange|MrWhite|MrBlue|Pluribus|Eddie|MrPink
STATE:63:ffr210fcc/r525ff:9dKd|AcTs|6dJs|2cJh|KsTd|9c2d/Qs5sQh:420|-210|0|0|-210|0:MrWhite|MrBlue|Pluribus|Eddie|MrPink|MrOrange
STATE:64:fffff:Js6d|TcJc|3hTh|5cQs|7dQd|7s3c:-50|50|0|0|0|0:MrBlue|Pluribus|Eddie|MrPink|MrOrange|MrWhite
STATE:65:fr205fffc/cc/r435c/cr1010f:2cJc|6hKh|Ah8d|TsQs|2sAd|Qd4c/5s6s7d/7c/4d:-50|-435|0|485|0|0:Pluribus|Eddie|MrPink|MrOrange|MrWhite|MrBlue
STATE:66:fffr250cf/cc/cr550c/cr1750c:AsQc|Td5s|9c2s|6cKs|7sTh|9dKc/8dJs4s/4c/4d:1850|-100|0|0|0|-1750:Eddie|MrPink|MrOrange|MrWhite|MrBlue|Pluribus
STATE:67:ffr200fff:Ts6s|2d9d|7d3s|3d6c|KcQh|Jc2h:-50|-100|0|0|150|0:MrPink|MrOrange|MrWhite|MrBlue|Pluribus|Eddie
STATE:68:ffffr250c/cc/cc/cc:Ks6h|Qd5s|2cJs|7c6d|2d7d|4dQs/As5hJc/8h/9c:-250|250|0|0|0|0:MrOrange|MrWhite|MrBlue|Pluribus|Eddie|MrPink
STATE:69:fffff:Qh8d|9d5s|Ah2d|3dJd|5h3s|7d4h:-50|50|0|0|0|0:MrWhite|MrBlue|Pluribus|Eddie|MrPink|MrOrange
STATE:70:ffr210cff/cc/cc/cr495f:3hKc|Qd4s|5c9h|6hTh|5d5s|JsAc/JcKs4c/4h/4d:-50|-100|0|0|-210|360:MrBlue|Pluribus|Eddie|MrPink|MrOrange|MrWhite
STATE:71:fffr225ff:9dQh|6d4s|JsKd|9c8s|5hKh|7h6h:-50|-100|0|0|0|150:Pluribus|Eddie|MrPink|MrOrange|MrWhite|MrBlue
STATE:72:ffr225r675ffc/cr1050c/cr3300c/cr8362r10000f:Kc2h|As8c|3c7s|Jh8h|9h9s|JdQs/9c6d2c/3s/Ah:-50|-100|0|0|8512|-8362:Eddie|MrPink|MrOrange|MrWhite|MrBlue|Pluribus
STATE:73:fffr225fc/cr575c/cc/r1025f:2sAh|6hAc|8s6d|9hTd|5sJd|JcJs/8cAs6c/5c/Kd:-50|625|0|0|0|-575:MrPink|MrOrange|MrWhite|MrBlue|Pluribus|Eddie
