STATE:53:ffr225cr1775fff:9cKc|2c8d|Kh3s|Ad7h|KdJc|9dJd:550|-100|0|0|-225|-225:Pluribus|ORen|Hattori|MrBlue|Bill|MrOrange
STATE:54:ffffcc/r250c/r1250f:3h2h|8c3c|4h7s|8s7d|7c9s|Kc2d/3sAh6d/Qh:250|-250|0|0|0|0:ORen|Hattori|MrBlue|Bill|MrOrange|Pluribus
STATE:55:r225ffffc/cc/cc/cc:Ad6h|QdKh|9cAc|7hKc|3c2h|JcKd/Js4d5d/Tc/8c:-50|-225|275|0|0|0:Hattori|MrBlue|Bill|MrOrange|Pluribus|ORen
STATE:56:fr200fccc/ccr600fff:4h4d|8cQs|As2c|9dQd|6c2s|3d3h/Ad9cTd:-200|-200|0|600|0|-200:MrBlue|Bill|MrOrange|Pluribus|ORen|Hattori
STATE:57:r225fffff:3h6d|9s5h|TsJs|6s7d|Qs2c|4h2d:-50|-100|150|0|0|0:Bill|MrOrange|Pluribus|ORen|Hattori|MrBlue
STATE:58:fffff:5h3c|5sQs|4d2c|4h8s|3s5d|7d6c:-50|50|0|0|0|0:MrOrange|Pluribus|ORen|Hattori|MrBlue|Bill
STATE:59:fffr200cc/cr575ff:TdQs|Jd9h|Kh9c|JhKd|2sJc|QhKs/6h7d6d:-200|400|0|0|0|-200:Pluribus|ORen|Hattori|MrBlue|Bill|MrOrange
STATE:60:fffr250fc/cr525f:Kd3c|9dAh|8s4c|7h9s|8hAc|Th8d/4dTd5c:-50|-250|0|0|0|300:ORen|Hattori|MrBlue|Bill|MrOrange|Pluribus
STATE:61:fr200ffcc/r400cf/cr1150c/cr2225f:JdAs|Ac2d|Ts2s|KcAh|7c8h|4h8s/3c5cJh/Tc/8c:-1150|1350|0|-200|0|0:Hattori|MrBlue|Bill|MrOrange|Pluribus|ORen
STATE:62:r200fffr950fc/cr1650f:KdAd|6c8h|ThTs|TdAc|TcJd|QdJh/7c9s8s:-950|-100|1050|0|0|0:MrBlue|Bill|MrOrange|Pluribus|ORen|Hattori
STATE:63:r200cffff/cr600c/cr2000f:Qc3c|7dJh|JsTs|AcKs|8s6c|7cTc/9h8dAd/4s:-50|-100|-600|750|0|0:Bill|MrOrange|Pluribus|ORen|Hattori|MrBlue
STATE:64:ffr225fff:5dQs|5cTs|Td6h|9hKs|Qd4d|Th6d:-50|-100|0|0|150|0:MrOrange|Pluribus|ORen|Hattori|MrBlue|Bill
STATE:65:fffff:4h3c|TsQs|5d7d|6c5s|7c4d|5c9s:-50|50|0|0|0|0:Pluribus|ORen|Hattori|MrBlue|Bill|MrOrange
STATE:66:ffffcc/r300c/r900c/cr2700f:4sAh|As8h|9d6d|5cJs|7cQd|3sKh/7d2cAd/Jc/8s:-900|900|0|0|0|0:ORen|Hattori|MrBlue|Bill|MrOrange|Pluribus
STATE:67:fffr200fc/cr350f:6c2c|Ah5h|JhQs|Jc8h|8s9c|Kc5c/Td6s4c:-50|-200|0|0|0|250:Hattori|MrBlue|Bill|MrOrange|Pluribus|ORen
STATE:68:ffffr300c/r750c/r1980c/r8832c:6c8d|Tc7h|8hKc|7s5h|8s2d|Js6d/AdTh7c/5d/9h:8832|-8832|0|0|0|0:MrBlue|Bill|MrOrange|Pluribus|ORen|Hattori
STATE:69:r225ffffc/cr725c/r1300c/r2300c:9c8h|JdQs|3sAs|Ac2d|7sTh|5sKc/3c3dJc/Jh/5c:-50|2350|-2300|0|0|0:Bill|MrOrange|Pluribus|ORen|Hattori|MrBlue
STATE:70:ffffr300c/r500c/cc/r600c:4d9d|Jc3c|Td9s|Js8h|2h3h|6h3d/4s3sKh/8d/Qh:600|-600|0|0|0|0:MrOrange|Pluribus|ORen|Hattori|MrBlue|Bill
STATE:71:fffr200ff:Kh9s|Jd2s|2c8d|3sTd|5h8h|TcKs:-50|-100|0|0|0|150:Pluribus|ORen|Hattori|MrBlue|Bill|MrOrange
STATE:72:fffr225fc/cc/cc/r375c:4h7c|6s6c|Jh5s|2h7s|Kc8s|3dKd/3s7d5h/Jc/2c:-50|425|0|0|0|-375:ORen|Hattori|MrBlue|Bill|MrOrange|Pluribus
STATE:73:fr200ffcc/ccc/ccc/ccc:TdKd|2dQd|Qc3c|KsTc|Jc4c|Qs6d/Ad8c7c/7h/4d:100|-200|0|100|0|0:Hattori|MrBlue|Bill|MrOrange|Pluribus|ORen
STATE:74:r200ffccc/ccr800fcf/cr2450c/cr5200f:9dQd|8dQh|ThJh|4s9c|AcTs|4c5c/5dKdQs/5h/Ks:-2450|-200|2850|0|0|-200:MrBlue|Bill|MrOrange|Pluribus|ORen|Hattori
STATE:75:fr200ffr850ff:KsQc|Jd7d|6c8c|KhJs|Kd5s|4d2d:300|-100|0|-200|0|0:Bill|MrOrange|Pluribus|ORen|Hattori|MrBlue
STATE:76:fr200ffcc/ccc/r400ff:QdJd|TdAc|8s2h|4h4c|7h9d|7dKc/Qh7s2s/5s:400|-200|0|-200|0|0:MrOrange|Pluribus|ORen|Hattori|MrBlue|Bill
STATE:77:ffffcc/cr200c/cr300c/cr600c:7s6c|8c2c|8hTd|Ac4d|Jc5s|7dTs/2h7cKc/2d/3c:-600|600|0|0|0|0:Pluribus|ORen|Hattori|MrBlue|Bill|MrOrange
STATE:78:ffr200fff:8c2s|3hKs|6s4h|Tc8d|8hTh|Jc8s:-50|-100|0|0|150|0:ORen|Hattori|MrBlue|Bill|MrOrange|Pluribus
STATE:79:r225ffcfc/ccr475fc/cr975c/cr2575f:Jd2s|8dQd|AhJs|Kh3h|Ad6d|TcAc/5cJc3c/Qh/Ks:-50|-225|-975|0|0|1250:Hattori|MrBlue|Bill|MrOrange|Pluribus|ORen
STATE:80:r200fcfcf/ccr700r1852ff:5c5s|Ac9d|TcKc|Th7c|AsQs|8s6s/9s5hAh:1000|-100|-200|0|-700|0:MrBlue|Bill|MrOrange|Pluribus|ORen|Hattori
STATE:81:fffr225fr1100c/r1850c/r3600c/cc:7dTs|QdKd|7s3c|2d6d|Jc3h|8sAs/2h4sKs/Jh/Qh:-50|3650|0|0|0|-3600:Bill|MrOrange|Pluribus|ORen|Hattori|MrBlue
STATE:82:ffffr400f:JcKd|9c7h|Qh6c|2s8s|5d9s|Th3d:100|-100|0|0|0|0:MrOrange|Pluribus|ORen|Hattori|MrBlue|Bill
STATE:83:ffffr200c/cc/r300c/cc:9c8c|Ks7c|Jh4c|Ts2s|4s8s|2c8h/JcJsAd/7s/Kc:-300|300|0|0|0|0:Pluribus|ORen|Hattori|MrBlue|Bill|MrOrange
STATE:84:fffff:6sJh|2c5s|4s6c|3hJc|Qd3c|Qc4h:-50|50|0|0|0|0:ORen|Hattori|MrBlue|Bill|MrOrange|Pluribus
STATE:85:fffff:5d7c|2s7d|TcJd|4h6c|6s9s|5cJs:-50|50|0|0|0|0:Hattori|MrBlue|Bill|MrOrange|Pluribus|ORen
STATE:86:r200fffff:Kc2c|3c6d|JcKd|8c6h|5c7s|Js8s:-50|-100|150|0|0|0:MrBlue|Bill|MrOrange|Pluribus|ORen|Hattori
STATE:87:r200ffcff/cc/cc/cc:7d8h|Qh3c|AsAh|Th3h|6h4c|QcAc/9c9s6c/4h/2s:-50|-100|350|0|0|-200:Bill|MrOrange|Pluribus|ORen|Hattori|MrBlue
STATE:88:fffr250ff:6c7h|Qs2h|6hAs|8s9d|8h4s|ThAd:-50|-100|0|0|0|150:MrOrange|Pluribus|ORen|Hattori|MrBlue|Bill
STATE:89:ffr225ffc/cc/cr475f:8s4d|KsTc|Js7s|Td5h|TsKh|8d3c/4h2hAs/5d:-50|-225|0|0|275|0:Pluribus|ORen|Hattori|MrBlue|Bill|MrOrange
STATE:90:ffffr300c/r750f:8h6h|4s3s|TsQc|6c5h|7s3c|Jd7c/JcQhKh:300|-300|0|0|0|0:ORen|Hattori|MrBlue|Bill|MrOrange|Pluribus
STATE:91:fr200fffc/cr350f:Jc4h|AhQs|Ks7d|8d6d|9dAc|Qc8h/Kd3c6c:-50|-200|0|250|0|0:Hattori|MrBlue|Bill|MrOrange|Pluribus|ORen
STATE:92:fr250ffff:Ks2s|7c4d|6cTh|AsKc|Ts2d|3d5c:-50|-100|0|150|0|0:MrBlue|Bill|MrOrange|Pluribus|ORen|Hattori
STATE:93:ffffr300c/r600c/r1500c/r3750c:8s9c|4cTc|Qh3h|Jc8d|Ks8c|5h9d/3c7dQc/6c/Th:-3750|3750|0|0|0|0:Bill|MrOrange|Pluribus|ORen|Hattori|MrBlue
STATE:94:ffr225ccf/ccc/ccc/ccr806cf:Kd5d|5cAd|2d8h|6sKh|QcTh|As9s/8d7c7d/7s/9d:-806|-100|0|0|-225|1131:MrOrange|Pluribus|ORen|Hattori|MrBlue|Bill
STATE:95:ffr225ffc/cr375f:Ts2s|7h9h|7sQh|Kh2h|6dAd|4cTh/6s2d2c:-50|-225|0|0|275|0:Pluribus|ORen|Hattori|MrBlue|Bill|MrOrange
STATE:96:fffff:Jh4d|Qc4c|8h2d|6sQh|9d4h|7hTd:-50|50|0|0|0|0:ORen|Hattori|MrBlue|Bill|MrOrange|Pluribus
STATE:97:fffff:7dTh|Ad2s|Qd6d|3s2c|4d8s|4c6s:-50|50|0|0|0|0:Hattori|MrBlue|Bill|MrOrange|Pluribus|ORen
STATE:98:fr200ffff:6sTc|7d9c|Th3s|JhAs|8cJs|6c3d:-50|-100|0|150|0|0:MrBlue|Bill|MrOrange|Pluribus|ORen|Hattori
STATE:99:r225ffffc/cc/r325c/cr850f:Qs5s|AdTc|AcQh|Th7d|4dAs|Jc3d/2c2sKs/Qc/4h:-50|-325|375|0|0|0:Bill|MrOrange|Pluribus|ORen|Hattori|MrBlue
STATE:100:fr200fffc/cc/cc/cc:4s9c|QsAh|5h8s|As9s|Qd6d|8dQc/Jh3d2c/8c/Ts:-50|250|0|-200|0|0:MrOrange|Pluribus|ORen|Hattori|MrBlue|Bill
STATE:101:r200fr625fffr1900r10000c///:3h4s|9s6s|KdAd|7sQh|QdQc|5c6h/QsJs3s/8c/2s:-50|-100|-10000|0|10150|0:Pluribus|ORen|Hattori|MrBlue|Bill|MrOrange
STATE:102:fffff:9c4h|7c7h|4cQc|8h5d|Kc5h|2h8d:-50|50|0|0|0|0:ORen|Hattori|MrBlue|Bill|MrOrange|Pluribus
STATE:103:ffr250ffc/cc/r462c/cc:Qd4c|5dJd|5s7d|2dQc|2sAs|Kh4h/Ac6c2c/9c/5c:-50|25|0|0|25|0:Hattori|MrBlue|Bill|MrOrange|Pluribus|ORen
STATE:104:ffr200fff:4dTc|3cTd|6s3d|9cJh|QdAd|2s7d:-50|-100|0|0|150|0:MrBlue|Bill|MrOrange|Pluribus|ORen|Hattori
STATE:105:fffr225fc/cc/r375c/r575f:7h5h|8c9d|3sTd|QdTh|Ks8d|4dJd/4c5s7d/5d/6s:-50|425|0|0|0|-375:Bill|MrOrange|Pluribus|ORen|Hattori|MrBlue
STATE:106:fffr250fc/cc/cr662f:3c2s|2c6c|4h7h|5sTd|7s3s|QdJd/JhAdTs/2d:-50|-250|0|0|0|300:MrOrange|Pluribus|ORen|Hattori|MrBlue|Bill
STATE:107:fffr200fc/cr650f:9sKd|Kc4h|Ac8s|2dAs|4s7d|9dTc/JsQh3s:-50|-200|0|0|0|250:Pluribus|ORen|Hattori|MrBlue|Bill|MrOrange
STATE:108:fffr200fc/cr650f:2dAh|8h7c|7sTd|Th7h|6sKc|9sTc/4d9dQd:-50|-200|0|0|0|250:ORen|Hattori|MrBlue|Bill|MrOrange|Pluribus
STATE:109:fr200fffc/cr350f:8s7d|8hTd|Qd6s|KsKh|8c2c|Tc3h/AcAs7c:-50|-200|0|250|0|0:Hattori|MrBlue|Bill|MrOrange|Pluribus|ORen
STATE:110:fffr225fc/cc/r600c/r1537f:Kc2d|8sJs|TsQh|6h3c|Jh7d|9dKs/8c4cJd/9s/6c:-50|650|0|0|0|-600:MrBlue|Bill|MrOrange|Pluribus|ORen|Hattori
STATE:111:fr200ffff:3cKd|6dQc|Th3d|AcTc|2s9c|Qs3s:-50|-100|0|150|0|0:Bill|MrOrange|Pluribus|ORen|Hattori|MrBlue
STATE:112:ffr225r800ffc/cc/cc/cr1675f:9c5h|9h7h|2dTh|4sQc|8s8h|AcKc/Tc5d4d/Ad/3c:-50|-100|0|0|-800|950:MrOrange|Pluribus|ORen|Hattori|MrBlue|Bill
STATE:113:ffr225r700fr1900ff:5hAh|TdTc|6h8c|2d6c|JhTs|ThAc:-50|975|0|0|-225|-700:Pluribus|ORen|Hattori|MrBlue|Bill|MrOrange
STATE:114:ffffcc/r200c/r600f:JcQh|Ks8h|Ac4d|8c4h|9s2s|Td7h/5hQd7d/Th:200|-200|0|0|0|0:ORen|Hattori|MrBlue|Bill|MrOrange|Pluribus
STATE:115:ffffcr350f:6c7h|7s9s|4hTc|9dKh|4dTh|6d5s:-100|100|0|0|0|0:Hattori|MrBlue|Bill|MrOrange|Pluribus|ORen
STATE:116:ffr200fcf/cr600f:TcQs|5c2s|8s2h|7sTh|8cAh|Kd9c/8d5s3d:-200|-100|0|0|300|0:MrBlue|Bill|MrOrange|Pluribus|ORen|Hattori
STATE:117:fffr225r950fc/r1600c/cr3762c/cr5637f:KhJh|7d8s|Kc2c|Qd2d|3h4c|ThAh/7c4h7h/As/Ad:-3762|-100|0|0|0|3862:Bill|MrOrange|Pluribus|ORen|Hattori|MrBlue
STATE:118:fffr250fr1350f:5s2h|KhKd|Js2d|Jh9d|8hQs|6sKs:-50|300|0|0|0|-250:MrOrange|Pluribus|ORen|Hattori|MrBlue|Bill
STATE:119:ffr225fff:Jh3c|3h8c|Jc6d|4s6c|Ks9s|7sQc:-50|-100|0|0|150|0:Pluribus|ORen|Hattori|MrBlue|Bill|MrOrange
STATE:120:ffffcc/cc/cc/cr200f:KdTs|6d7s|2cQs|8c2d|Kh8s|7d2s/9cQh7c/4h/5h:-100|100|0|0|0|0:ORen|Hattori|MrBlue|Bill|MrOrange|Pluribus
STATE:121:fffr200fc/cc/r400c/cc:Td5s|6s7h|Ks7d|Jh9s|2dKh|9hJs/5dKdJc/4h/Ah:-50|-400|0|0|0|450:Hattori|MrBlue|Bill|MrOrange|Pluribus|ORen
STATE:122:ffffcc/cc/r250f:7hJh|2hTh|8hJc|6cQh|9cTd|3d5c/8s6d6s/5s:100|-100|0|0|0|0:MrBlue|Bill|MrOrange|Pluribus|ORen|Hattori
STATE:123:ffffr300c/r750f:JcAh|Kh4d|8c7h|Kd3c|6d2c|2h6h/9hTd8d:300|-300|0|0|0|0:Bill|MrOrange|Pluribus|ORen|Hattori|MrBlue
STATE:124:fffff:9d3h|3sAd|6c7s|6hQc|7hJc|Qs2d:-50|50|0|0|0|0:MrOrange|Pluribus|ORen|Hattori|MrBlue|Bill
STATE:125:fr225fffc/cr475f:AdTc|Qd9d|2h5c|5d4d|JdKh|3hKd/9hAsKc:-50|-225|0|275|0|0:Pluribus|ORen|Hattori|MrBlue|Bill|MrOrange
STATE:126:fffr200ff:7d2h|7h3d|2c6c|Jd8c|4dJs|Ac4c:-50|-100|0|0|0|150:ORen|Hattori|MrBlue|Bill|MrOrange|Pluribus
STATE:127:fffff:4c3d|9h2h|Jd6h|Th7s|7c9s|5dJh:-50|50|0|0|0|0:Hattori|MrBlue|Bill|MrOrange|Pluribus|ORen
STATE:128:r200ffffc/cr600r1537f:6h2c|3s8s|KdQc|7dJd|8hJc|8c5s/3hThQs:-50|650|-600|0|0|0:MrBlue|Bill|MrOrange|Pluribus|ORen|Hattori
STATE:129:r200cfcfc/cccc/r950ccc/r4450fff:6sQs|9s8h|JsAs|9d8d|3s8s|QhTh/Jh2h7d/5s/4c:-50|2900|-950|-950|0|-950:Bill|MrOrange|Pluribus|ORen|Hattori|MrBlue
STATE:130:ffr225r800fff:2s4s|4d3c|7dAc|Tc7h|TsKc|Ad2d:-50|-100|0|0|-225|375:MrOrange|Pluribus|ORen|Hattori|MrBlue|Bill
STATE:131:r200fffff:3d4h|3s2h|KdAd|7cJh|Th4s|8dJc:-50|-100|150|0|0|0:Pluribus|ORen|Hattori|MrBlue|Bill|MrOrange
STATE:132:r225fcfff/cc/cc/cc:3d2d|2c7s|8sJs|6d4d|ThAh|9hJh/Jd5sKh/Kd/Ad:-50|-100|-225|0|375|0:ORen|Hattori|MrBlue|Bill|MrOrange|Pluribus
STATE:133:fr200cffc/ccc/cr700cc/cr2150r7200ff:3hQd|3sAc|8dKc|7h9h|JhAh|9s4d/5h4sAs/Th/Qh:-50|-700|0|-2150|2900|0:Hattori|MrBlue|Bill|MrOrange|Pluribus|ORen
STATE:134:ffr200fff:Kd5c|2d8h|8c7d|2h5h|8sAh|9dQc:-50|-100|0|0|150|0:MrBlue|Bill|MrOrange|Pluribus|ORen|Hattori
STATE:135:fr200cffc/cr450fc/cc/r1005f:9hQd|5dTd|7sJc|9cTc|2s2h|2d8d/Qc3d5c/7d/6d:-50|700|0|-450|-200|0:Bill|MrOrange|Pluribus|ORen|Hattori|MrBlue
STATE:136:ffffr400f:Qs9d|3hQc|9hAc|5dQd|Th5h|7s3s:100|-100|0|0|0|0:MrOrange|Pluribus|ORen|Hattori|MrBlue|Bill
STATE:137:r200fffcc/ccc/r500fc/cc:JhTh|7dAs|QsTs|2hQh|7c9d|3sQd/8c7s6c/9c/Jc:-500|-200|700|0|0|0:Pluribus|ORen|Hattori|MrBlue|Bill|MrOrange
STATE:138:ffffr300f:6s5s|9s3c|Qd8h|TcKs|9d4h|Jd7s:100|-100|0|0|0|0:ORen|Hattori|MrBlue|Bill|MrOrange|Pluribus
STATE:139:fffr200ff:2h9s|2sQh|8dQs|6sJs|5cJh|Kc9h:-50|-100|0|0|0|150:Hattori|MrBlue|Bill|MrOrange|Pluribus|ORen
STATE:140:fffr225ff:8hJs|2s8d|4c6s|7h2d|7c3s|KdQd:-50|-100|0|0|0|150:MrBlue|Bill|MrOrange|Pluribus|ORen|Hattori
STATE:141:r200fffff:9hKs|6hTd|QcJd|8d2d|Jc9d|9sKd:-50|-100|150|0|0|0:Bill|MrOrange|Pluribus|ORen|Hattori|MrBlue
STATE:142:ffr225fff:TdAh|4c6h|Js7c|8h5s|TcAs|Kc6c:-50|-100|0|0|150|0:MrOrange|Pluribus|ORen|Hattori|MrBlue|Bill
STATE:143:fr225r700fffc/cc/cc/cc:Kh7d|9h5h|2dQd|6h6d|JsQs|4d3d/As8hKs/Jc/Ad:-50|-100|0|-700|850|0:Pluribus|ORen|Hattori|MrBlue|Bill|MrOrange
STATE:144:ffffcr300f:6hJh|9h5h|Td3s|4sKd|9c3h|4dKs:-100|100|0|0|0|0:ORen|Hattori|MrBlue|Bill|MrOrange|Pluribus
STATE:145:ffffr250c/r400c/r1000c/r2600c:Tc8d|2s9s|2c7d|5c4h|Qh4s|7cQs/9d6dQc/2d/Kc:-2600|2600|0|0|0|0:Hattori|MrBlue|Bill|MrOrange|Pluribus|ORen
STATE:146:fr225cfff/cc/cc/cr475c:Jh2h|2s7c|As8c|4c4h|JsTs|6hAh/5d7hKh/2d/7s:-50|-100|0|625|-475|0:MrBlue|Bill|MrOrange|Pluribus|ORen|Hattori
STATE:147:fffr225fc/cc/cr600c/cr1537f:9cKs|5cKh|QdJc|4s8d|5hQc|TsQh/3hKcAc/4d/8s:-50|-600|0|0|0|650:Bill|MrOrange|Pluribus|ORen|Hattori|MrBlue
STATE:148:fffff:7h3s|Ac6c|3h8s|Qd7c|6dQs|2h9s:-50|50|0|0|0|0:MrOrange|Pluribus|ORen|Hattori|MrBlue|Bill
STATE:149:r200fr625ffff:Jc2s|6sTc|AsTh|5h9h|8d8s|3s2d:-50|-100|-200|0|350|0:Pluribus|ORen|Hattori|MrBlue|Bill|MrOrange
STATE:150:ffr200fff:Kh7d|5d8c|Kd7h|5sJh|9h9d|Jd6d:-50|-100|0|0|150|0:ORen|Hattori|MrBlue|Bill|MrOrange|Pluribus
STATE:151:fffff:2cJd|QsKh|Ad9h|3dTd|Th5d|6h3c:-50|50|0|0|0|0:Hattori|MrBlue|Bill|MrOrange|Pluribus|ORen
STATE:152:ffffr300c/r750f:9cQc|6d6c|8c7h|Kd5h|Ks2c|Td3h/AsQh9d:300|-300|0|0|0|0:MrBlue|Bill|MrOrange|Pluribus|ORen|Hattori
STATE:153:ffr200fr850ff:7h6h|Kh5h|7cQd|6sTd|JsTh|JhTs:300|-100|0|0|-200|0:Bill|MrOrange|Pluribus|ORen|Hattori|MrBlue
STATE:154:fffff:2dTc|Kh8d|7s6c|4dKc|Qc3h|Jd4h:-50|50|0|0|0|0:MrOrange|Pluribus|ORen|Hattori|MrBlue|Bill
STATE:155:ffffcr400f:4h9h|ThAh|7h4s|9d2d|As8d|3cQs:-100|100|0|0|0|0:Pluribus|ORen|Hattori|MrBlue|Bill|MrOrange
STATE:156:ffr200cff/r375c/r1030f:7c8h|Ts3h|9hQs|2c5d|KsTd|9dAd/2hJcQd/4c:-50|-100|0|0|525|-375:ORen|Hattori|MrBlue|Bill|MrOrange|Pluribus
STATE:157:fr200ffr1000fc/r2500f:AsKh|9d2c|Js7c|JhJd|4c8c|3c2d/2sQhTc:1100|-100|0|-1000|0|0:Hattori|MrBlue|Bill|MrOrange|Pluribus|ORen
STATE:158:fr225ffff:7cTc|4s2c|9h6d|KhQd|Ks7s|Ac6s:-50|-100|0|150|0|0:MrBlue|Bill|MrOrange|Pluribus|ORen|Hattori
