# name/game/hands/seed sample_game_63 ../lib/python-client/acpc_infrastructure/holdem.nolimit.6p.game 10000 63
#--t_response 600000000
#--t_hand 600000000
#--t_per_hand 600000000
STATE:0:fr200ffcc/ccr350cf/cc/cr1250r4600f:KdJh|7c7s|4c9s|AdKh|JdKs|3s6s/5hAsTs/Jc/7d:1450|-200|0|-1250|0|0:MrBlue|MrPink|Bill|Eddie|Joe|Pluribus
STATE:1:ffffcr350f:3c7c|6h5s|3s5c|4cJd|9d7h|2dQs:-100|100|0|0|0|0:MrPink|Bill|Eddie|Joe|Pluribus|MrBlue
STATE:2:ffffr300c/cr780f:Js8c|5d6d|6cTh|Qs7s|Kh7c|4c3h/Ac4s9d:-300|300|0|0|0|0:Bill|Eddie|Joe|Pluribus|MrBlue|MrPink
STATE:3:fffr250fc/cc/cc/cc:Qh3s|As4c|5cTs|Kd5s|Kh4d|Ah9d/6hTc5d/4s/7d:-50|300|0|0|0|-250:Eddie|Joe|Pluribus|MrBlue|MrPink|Bill
STATE:4:fffr222fc/cc/cr716f:9h3h|JdKh|2d8d|3d4h|6cTc|7sAc/Ad9c4s/6s:-50|-222|0|0|0|272:Joe|Pluribus|MrBlue|MrPink|Bill|Eddie
STATE:5:fr225fr900fff:4c9s|5h8c|Qs7h|QdKs|6h7d|Kd9d:-50|-100|0|-225|0|375:Pluribus|MrBlue|MrPink|Bill|Eddie|Joe
STATE:6:fr200ffff:4c2h|3cJh|Kd4h|JcQc|9h7c|5s9c:-50|-100|0|150|0|0:MrBlue|MrPink|Bill|Eddie|Joe|Pluribus
STATE:7:ffr200fff:8h9c|6c2s|6d7s|7cJd|TsJc|6s9s:-50|-100|0|0|150|0:MrPink|Bill|Eddie|Joe|Pluribus|MrBlue
STATE:8:r250fffff:Qc5h|Kd5s|KcJd|6cAs|4hKs|5dQd:-50|-100|150|0|0|0:Bill|Eddie|Joe|Pluribus|MrBlue|MrPink
STATE:9:r200fffff:7hQh|Th4h|JhKc|3d8d|3sAs|Ts3c:-50|-100|150|0|0|0:Eddie|Joe|Pluribus|MrBlue|MrPink|Bill
STATE:10:fffff:Td2d|2cAd|4sQd|Qs4d|Ks5c|Jd7s:-50|50|0|0|0|0:Joe|Pluribus|MrBlue|MrPink|Bill|Eddie
STATE:11:fffr250fc/cc/cc/cr500f:Qh4h|2d2h|QsTc|Jh5d|Qd8s|9dAd/7h6h8d/9s/6d:-50|-250|0|0|0|300:Pluribus|MrBlue|MrPink|Bill|Eddie|Joe
STATE:12:ffffcr300c/cr490c/cc/r1225c:9dKh|Qs8c|6s3s|6c4h|4sJd|5h3d/5cQd5d/Js/Th:1225|-1225|0|0|0|0:MrBlue|MrPink|Bill|Eddie|Joe|Pluribus
STATE:13:fffr225r1050fc/r1600f:JdJc|4s7c|Kc2h|2d7d|6cKh|9sJs/6hAhQs:1150|-100|0|0|0|-1050:MrPink|Bill|Eddie|Joe|Pluribus|MrBlue
STATE:14:ffr225fff:6s4c|8d5h|3dTs|7c4d|9dJd|Js9c:-50|-100|0|0|150|0:Bill|Eddie|Joe|Pluribus|MrBlue|MrPink
STATE:15:ffr210fcr1200ff:AdJc|9s9h|8dTh|3d6c|QhKd|Td2d:-210|420|0|0|-210|0:Eddie|Joe|Pluribus|MrBlue|MrPink|Bill
STATE:16:fr210ffff:9hJh|8d4h|2c9d|7dKd|Qc3s|3hQd:-50|-100|0|150|0|0:Joe|Pluribus|MrBlue|MrPink|Bill|Eddie
STATE:17:ffffcc/r200c/cr500f:3c4c|Ah6d|2cQd|7c5d|Ks7d|7s3d/TsQhQc/As:-200|200|0|0|0|0:Pluribus|MrBlue|MrPink|Bill|Eddie|Joe
STATE:18:r225ffffc/cc/cc/cr600f:Js4s|AdTs|QdQh|9d7c|3c5d|5c8c/Ks5s6c/5h/Kc:-50|-225|275|0|0|0:MrBlue|MrPink|Bill|Eddie|Joe|Pluribus
STATE:19:fffr225ff:4cTc|Kd4h|9dAs|Qh3h|7sJd|AcTd:-50|-100|0|0|0|150:MrPink|Bill|Eddie|Joe|Pluribus|MrBlue
STATE:20:ffr225ffc/cr475f:7c2d|3sAs|8s5h|6cJh|3c3h|Th9d/5cKd7d:-50|-225|0|0|275|0:Bill|Eddie|Joe|Pluribus|MrBlue|MrPink
STATE:21:r200ffffc/cc/r450c/cc:Ts8h|5hAs|TdTh|2c4s|7d4h|JdKc/5c7s9s/Qs/8d:-50|-450|500|0|0|0:Eddie|Joe|Pluribus|MrBlue|MrPink|Bill
STATE:22:ffr225fff:Td5h|6cQh|4hQc|6s3s|JhAh|8sKh:-50|-100|0|0|150|0:Joe|Pluribus|MrBlue|MrPink|Bill|Eddie
STATE:23:r210ffr875ffc/cr1575c/cr3460c/cc:4sQs|5dAh|QdAd|4hTs|8c2d|JsKs/3sAc5c/Td/7c:-50|-100|3610|0|0|-3460:Pluribus|MrBlue|MrPink|Bill|Eddie|Joe
STATE:24:ffr250ffc/cr500f:Kc4c|8dAd|5d3s|9h7c|QdTs|2h3d/Qs2c7h:-50|-250|0|0|300|0:MrBlue|MrPink|Bill|Eddie|Joe|Pluribus
STATE:25:fr250ffff:JcTd|Qd9c|9h3c|ThTs|Qc7c|Qs7h:-50|-100|0|150|0|0:MrPink|Bill|Eddie|Joe|Pluribus|MrBlue
STATE:26:fr200cfff/r475c/cr1300c/cr2350c:7h4c|3cTh|Ad2c|QhKd|As8s|3d4d/7s7dQs/9s/Ks:-50|-100|0|-2350|2500|0:Bill|Eddie|Joe|Pluribus|MrBlue|MrPink
STATE:27:fffr250fc/cc/r625f:9s4d|3d3h|4hKc|2d3c|4sTs|9h7h/AsTh3s/5d:-50|300|0|0|0|-250:Eddie|Joe|Pluribus|MrBlue|MrPink|Bill
STATE:28:fffr222ff:4sJc|7h3s|2s6c|7s5c|2c3d|7d6d:-50|-100|0|0|0|150:Joe|Pluribus|MrBlue|MrPink|Bill|Eddie
STATE:29:r210ffffc/cc/r400f:6c9d|JhTh|Ad6d|8dKh|3cQh|4hJs/2h7c8s/Td:-50|260|-210|0|0|0:Pluribus|MrBlue|MrPink|Bill|Eddie|Joe
STATE:30:fr200fcff/cr1300f:8cKs|7s4d|Kc8h|TsQc|Ad4h|7h7d/Ah6sTd:-50|-100|0|-200|0|350:MrBlue|MrPink|Bill|Eddie|Joe|Pluribus
STATE:31:fffr225fr1000r2325f:2sKs|Qh9h|7h4d|As9c|Td6s|AhKc:-50|-1000|0|0|0|1050:MrPink|Bill|Eddie|Joe|Pluribus|MrBlue
STATE:32:ffffr300c/cr450c/cr1350c/cc:TsQh|Ah8c|2sTh|6sQd|9cJs|6c8s/As7s3c/Qc/2c:-1350|1350|0|0|0|0:Bill|Eddie|Joe|Pluribus|MrBlue|MrPink
STATE:33:fffff:3d8h|5hTs|8c3c|9c2d|4dQc|9h7d:-50|50|0|0|0|0:Eddie|Joe|Pluribus|MrBlue|MrPink|Bill
STATE:34:r225ffffc/cc/r350f:4dAh|8sTs|5c6c|4cAc|KdJs|TcAd/9d8c2d/Jd:-50|275|-225|0|0|0:Joe|Pluribus|MrBlue|MrPink|Bill|Eddie
STATE:35:r210fcffc/ccc/r720ff:8h9s|QcKc|TsKs|2hTd|9c9h|7sQs/6c5cJs/3h:-50|470|-210|0|-210|0:Pluribus|MrBlue|MrPink|Bill|Eddie|Joe
STATE:36:fffr250cr1300ff:KhJc|AcKs|ThKc|9c2d|4d8h|As6d:-250|500|0|0|0|-250:MrBlue|MrPink|Bill|Eddie|Joe|Pluribus
STATE:37:fffr225cc/ccr562cf/cc/r912f:QhJc|Th8d|6h3s|9d6d|Qd7h|2hAc/TcKd5c/Jh/4d:787|-225|0|0|0|-562:MrPink|Bill|Eddie|Joe|Pluribus|MrBlue
STATE:38:r250ffr750fff:2cTs|5h8s|JhKc|6dQh|3s8d|AdJs:-50|-100|-250|0|0|400:Bill|Eddie|Joe|Pluribus|MrBlue|MrPink
STATE:39:fr225ffff:2d7h|Qc9d|Ts5h|As6s|6hTd|4c9h:-50|-100|0|150|0|0:Eddie|Joe|Pluribus|MrBlue|MrPink|Bill
STATE:40:fffr222ff:3sAh|4d6s|8d4c|7cTs|8h2d|AdJc:-50|-100|0|0|0|150:Joe|Pluribus|MrBlue|MrPink|Bill|Eddie
STATE:41:ffr200ffc/cc/cc/r360c:6d9s|7dJh|5h4d|4s2d|9d9h|5s3c/KcQs7h/6c/Qd:-50|-360|0|0|410|0:Pluribus|MrBlue|MrPink|Bill|Eddie|Joe
STATE:42:ffffcc/cr300r750c/r3250c/r10000f:3dQd|7sJd|8dQc|Ah4c|Ad6h|8c3c/Js7cKd/6d/9h:3250|-3250|0|0|0|0:MrBlue|MrPink|Bill|Eddie|Joe|Pluribus
STATE:43:fffr225ff:8dJc|5hTc|As9d|3d8c|6hTs|QcJs:-50|-100|0|0|0|150:MrPink|Bill|Eddie|Joe|Pluribus|MrBlue
STATE:44:fffr250fc/cr430f:2c8s|Kc8d|Jc7s|Td9c|Qh9d|4h4c/QsJh2s:-50|-250|0|0|0|300:Bill|Eddie|Joe|Pluribus|MrBlue|MrPink
STATE:45:fr225ffcf/cr500c/cc/r2250f:6cAc|Ad3h|TcQs|5h5s|3sAh|9cKd/6hJd2s/As/9h:600|-100|0|-500|0|0:Eddie|Joe|Pluribus|MrBlue|MrPink|Bill
STATE:46:fr210ffr950ff:5cAc|KsQs|9h4s|JhAs|2d3h|Tc8s:310|-100|0|-210|0|0:Joe|Pluribus|MrBlue|MrPink|Bill|Eddie
STATE:47:r210ffffc/cc/cc/cc:6hJh|3d7d|TsTd|AhJs|7s5h|9d5s/8c8d7h/Qc/9c:-50|-210|260|0|0|0:Pluribus|MrBlue|MrPink|Bill|Eddie|Joe
STATE:48:ffffcr300c/cr450f:Th8s|TcAh|8d2h|2sKc|7sJh|2dJc/7hAc4c:-300|300|0|0|0|0:MrBlue|MrPink|Bill|Eddie|Joe|Pluribus
STATE:49:ffr225fff:KsTh|9c6s|4cQs|2s4d|2cAc|Td6h:-50|-100|0|0|150|0:MrPink|Bill|Eddie|Joe|Pluribus|MrBlue
STATE:50:fr200ffff:3c7c|Qc2s|4s2c|9cAc|7h9d|Kc8d:-50|-100|0|150|0|0:Bill|Eddie|Joe|Pluribus|MrBlue|MrPink
STATE:51:ffffr300f:9s9c|3d7s|7cTh|7dJs|9h2c|8h6c:100|-100|0|0|0|0:Eddie|Joe|Pluribus|MrBlue|MrPink|Bill
STATE:52:fffr222ff:Jh2h|9s2c|9d3s|Kd5s|8hAc|JcAd:-50|-100|0|0|0|150:Joe|Pluribus|MrBlue|MrPink|Bill|Eddie
STATE:53:fffr250fc/cc/cr550f:4s3s|2dKd|2hJs|Qs8d|2cTs|5cAd/7hAhTc/6s:-50|-250|0|0|0|300:Pluribus|MrBlue|MrPink|Bill|Eddie|Joe
STATE:54:fffr200ff:5h9h|2s3h|4h9d|8cJs|2c7h|KcAh:-50|-100|0|0|0|150:MrBlue|MrPink|Bill|Eddie|Joe|Pluribus
STATE:55:ffffr300c/cr600r1200c/r2800c/cc:Ac7c|Ts7d|8h3s|Qd2c|8c9s|Kc4d/Th4c6s/Jc/Kd:-2800|2800|0|0|0|0:MrPink|Bill|Eddie|Joe|Pluribus|MrBlue
STATE:56:fr250ffff:Jh4d|9d2c|7c6h|7hAh|TcAs|Jd4c:-50|-100|0|150|0|0:Bill|Eddie|Joe|Pluribus|MrBlue|MrPink
STATE:57:r200fffff:Jd9c|2c3s|JcKc|Js8s|5d7c|Td5c:-50|-100|150|0|0|0:Eddie|Joe|Pluribus|MrBlue|MrPink|Bill
STATE:58:r225ffffc/cc/cc/cc:Ks4c|QdJc|QcAc|7s6c|2s8c|2hJh/7dThTd/4s/Ts:-50|-225|275|0|0|0:Joe|Pluribus|MrBlue|MrPink|Bill|Eddie
STATE:59:fffr250fc/cr475c/cr1275f:6dJh|Ah8d|4hAc|4c3d|8sKc|6hKh/ThAsQc/Ts:-50|-475|0|0|0|525:Pluribus|MrBlue|MrPink|Bill|Eddie|Joe
STATE:60:fffr250fc/cc/cc/r600c:Kh7c|Th9d|Td5c|4hQd|8h5d|6d6h/Jd2cTs/2h/3h:-50|650|0|0|0|-600:MrBlue|MrPink|Bill|Eddie|Joe|Pluribus
STATE:61:ffffr300f:AdJs|3h6s|4cKs|5hJd|8c5d|4h7c:100|-100|0|0|0|0:MrPink|Bill|Eddie|Joe|Pluribus|MrBlue
STATE:62:fffr250ff:7d5d|5hQd|6dJh|8cTh|3hJd|8dKc:-50|-100|0|0|0|150:Bill|Eddie|Joe|Pluribus|MrBlue|MrPink
STATE:63:ffffcr400c/cr800c/cc/r1200f:9cTd|4s3s|8cQh|7dAs|6s4h|2c7c/3cQcJh/9d/Jd:800|-800|0|0|0|0:Eddie|Joe|Pluribus|MrBlue|MrPink|Bill
STATE:64:fffr222fc/cc/r716c/cr2198c:2d9d|5d4s|5h3s|Kc8h|4cTc|QcJs/Ad5cJc/6d/Qs:-50|-2198|0|0|0|2248:Joe|Pluribus|MrBlue|MrPink|Bill|Eddie
STATE:65:ffr200ffc/cr335r695c/cc/r1795c:7s5h|6c5s|3d6s|Qc8d|Kd4d|2c7c/5c4c5d/3s/Kh:-50|1845|0|0|-1795|0:Pluribus|MrBlue|MrPink|Bill|Eddie|Joe
STATE:66:fffr225fc/cc/r350c/r1100f:6s5h|Jh8h|9h3s|4cJs|Kd6h|KsAs/2d3h6c/4d/Qc:-50|400|0|0|0|-350:MrBlue|MrPink|Bill|Eddie|Joe|Pluribus
STATE:67:r200ffcff/r340f:6h6c|Qh8d|Js9s|3d7s|8hKc|Ah5h/KdJdJc:-50|-100|350|0|0|-200:MrPink|Bill|Eddie|Joe|Pluribus|MrBlue
STATE:68:ffffr300c/cc/r750r1500f:5h6h|4s5c|Tc7h|Jh8s|2hTs|Kc7s/4d2sAd/Qs:-750|750|0|0|0|0:Bill|Eddie|Joe|Pluribus|MrBlue|MrPink
STATE:69:ffr210r750ffc/cr1300r2675r5025r10000c//:6h2d|2hTc|9hKc|Qs6d|5c6c|As2s/4s5h8s/Td/6s:-50|-100|0|0|-10000|10150:Eddie|Joe|Pluribus|MrBlue|MrPink|Bill
STATE:70:ffr225cfc/cr475r1025ff:Jd3s|Qd7d|TcAh|5dTs|QsJc|6c6h/9d4c3c:-50|-225|0|0|-475|750:Joe|Pluribus|MrBlue|MrPink|Bill|Eddie
STATE:71:ffffcr350f:2cTc|3h6c|2d6h|4c9d|3s8h|7hTd:-100|100|0|0|0|0:Pluribus|MrBlue|MrPink|Bill|Eddie|Joe
STATE:72:fffr200fc/cr425c/cr1325f:5cAd|2s3s|2h9c|8dAh|3c6d|KcTs/JsKsQh/8c:-50|-425|0|0|0|475:MrBlue|MrPink|Bill|Eddie|Joe|Pluribus
STATE:73:ffr225cr1300ffc/r1600c/cc/cc:AhJc|2h9s|3s5s|6sJh|Qd9d|4h4c/Qh7h6h/Jd/Kd:1925|-100|0|0|-225|-1600:MrPink|Bill|Eddie|Joe|Pluribus|MrBlue
STATE:74:r250fcfff/cr525c/cc/r675r1475c:4h5c|6c5d|8s8d|3dKd|AhAd|Kh3h/4d2dTd/7d/Jh:-50|-100|-1475|0|1625|0:Bill|Eddie|Joe|Pluribus|MrBlue|MrPink
STATE:75:r200cfcr1400ffff:KsAd|9d5d|Ah6h|9sJs|3d5c|6d6c:700|-100|-200|-200|0|-200:Eddie|Joe|Pluribus|MrBlue|MrPink|Bill
STATE:76:r225ffffc/cr475c/cr1225f:Kc2c|8h4h|6c6s|2hQh|Jc6h|JsQc/Td3c4d/Ts:-50|-475|525|0|0|0:Joe|Pluribus|MrBlue|MrPink|Bill|Eddie
STATE:77:ffffr200c/r400c/cr1000f:5h5d|QhKd|9sJc|4d5s|4s7h|Ts7c/Jd4h3s/8s:-400|400|0|0|0|0:Pluribus|MrBlue|MrPink|Bill|Eddie|Joe
STATE:78:fffr250fc/cr1350c/cr4100c/cc:8h4c|Kd9d|Td6d|3c5h|8d2c|Ad4h/6h9c3d/2d/2s:-50|4150|0|0|0|-4100:MrBlue|MrPink|Bill|Eddie|Joe|Pluribus
STATE:79:r200r850ffffr2400c/r4400c/r10000f:2c4c|5h8c|KdKc|KhAd|9hAc|5c3c/2h3dTd/Qs:-50|-100|4550|-4400|0|0:MrPink|Bill|Eddie|Joe|Pluribus|MrBlue
STATE:80:r250ffffc/cr500c/cr1265r2555c/r4055c:Kc9d|3s3d|TsJs|6c7s|5d8d|JhQs/As3h6s/Ks/Ah:-50|4105|-4055|0|0|0:Bill|Eddie|Joe|Pluribus|MrBlue|MrPink
STATE:81:ffffcc/r200c/cr500f:3h6h|Kd9c|7dKc|4s3d|Ks5h|6cQh/ThAsJs/8c:-200|200|0|0|0|0:Eddie|Joe|Pluribus|MrBlue|MrPink|Bill
STATE:82:fr210ffr975fc/r1641f:TcQc|2sJs|6h4s|JdKd|9h3h|3s8d/Ad8sAc:1075|-100|0|-975|0|0:Joe|Pluribus|MrBlue|MrPink|Bill|Eddie
STATE:83:ffffr200r650r1925c/r3850c/cc/r7700c:KcAs|AhAd|8cQh|4cTh|Ac7h|6sQc/8h4sKd/7s/5h:-7700|7700|0|0|0|0:Pluribus|MrBlue|MrPink|Bill|Eddie|Joe
STATE:84:fffff:6c3h|4dQs|9d2h|4hJh|7c6s|3c6d:-50|50|0|0|0|0:MrBlue|MrPink|Bill|Eddie|Joe|Pluribus
STATE:85:fffff:6c8s|6d9d|4d9h|Ts7s|3sKd|5s7h:-50|50|0|0|0|0:MrPink|Bill|Eddie|Joe|Pluribus|MrBlue
STATE:86:fffr250r1050fr2300r10000c///:9s9d|Kd2c|As8d|Jd4c|3c2s|KcAh/5h3dAc/8c/Td:-10000|-100|0|0|0|10100:Bill|Eddie|Joe|Pluribus|MrBlue|MrPink
STATE:87:fffff:4d5c|Kc8c|9c2s|4h6c|Tc7h|Qh2c:-50|50|0|0|0|0:Eddie|Joe|Pluribus|MrBlue|MrPink|Bill
STATE:88:fr210fcff/cr350c/cr2050f:8cQs|As3c|2h5s|6c6s|5h9c|QhKd/5cTs3h/Js:-50|-100|0|-350|0|500:Joe|Pluribus|MrBlue|MrPink|Bill|Eddie
STATE:89:r210ffcff/cc/cc/r495c:Kd5h|4c8s|JhQh|As6h|Kh7c|2h2d/9s6c4d/Jd/5s:-50|-100|645|0|0|-495:Pluribus|MrBlue|MrPink|Bill|Eddie|Joe
STATE:90:r225ffcff/r525c/cc/cc:2c9h|As3c|9d8d|Jd2h|6s7c|8h8s/4sJs2d/Ks/4h:-50|-100|-525|0|0|675:MrBlue|MrPink|Bill|Eddie|Joe|Pluribus
STATE:91:ffr200ffc/cr425f:KcJd|JsTh|6s5s|5c8c|QcAh|Kh3h/2c3cAd:-50|-200|0|0|250|0:MrPink|Bill|Eddie|Joe|Pluribus|MrBlue
STATE:92:fr250ffff:4hJd|7s3s|2cTs|KhJh|2d7h|Kc7c:-50|-100|0|150|0|0:Bill|Eddie|Joe|Pluribus|MrBlue|MrPink
STATE:93:r250ffffc/cr800f:3s9h|6s5s|AcKs|9c3h|Qc5h|6h4d/9dJc2c:-50|-250|300|0|0|0:Eddie|Joe|Pluribus|MrBlue|MrPink|Bill
STATE:94:fr210ffff:Qh3d|6hQd|4h8c|5c4c|7d6s|5dKs:-50|-100|0|150|0|0:Joe|Pluribus|MrBlue|MrPink|Bill|Eddie
STATE:95:fffr250fc/cr550c/cr1275c/cr2975c:Kh7d|9hJh|3hAs|2h8d|4sTs|AhJc/Td5hJs/8s/5d:-50|-2975|0|0|0|3025:Pluribus|MrBlue|MrPink|Bill|Eddie|Joe
STATE:96:fffr225r1075ff:JsAd|Th5c|3cAh|9c6s|8dQc|As7c:325|-100|0|0|0|-225:MrBlue|MrPink|Bill|Eddie|Joe|Pluribus
STATE:97:r200fffr1000fc/r1880c/cc/cr3810f:TdJd|6cTh|AcKc|Kh5s|9s3d|2dQd/8sTc8h/Qc/As:-1880|-100|1980|0|0|0:MrPink|Bill|Eddie|Joe|Pluribus|MrBlue
STATE:98:fr225fffc/cc/r375c/cc:6h9c|5c5s|Ad4h|QdQh|Ks4s|7h3d/8h9s3c/7d/Th:-50|-375|0|425|0|0:Bill|Eddie|Joe|Pluribus|MrBlue|MrPink
STATE:99:fffr287ff:7h2c|5dQh|Jd2s|7cAs|5hKs|Jh3h:-50|-100|0|0|0|150:Eddie|Joe|Pluribus|MrBlue|MrPink|Bill
STATE:100:ffr225r800fff:7cQd|Jc4h|9sQh|6h2c|Qs7s|AsAh:-50|-100|0|0|-225|375:Joe|Pluribus|MrBlue|MrPink|Bill|Eddie
STATE:101:ffr200fff:3s6s|7s4d|8h4s|Ah2d|ThTd|4hQd:-50|-100|0|0|150|0:Pluribus|MrBlue|MrPink|Bill|Eddie|Joe
STATE:102:ffffcr300c/cc/r750c/r1887f:9sKh|4s6s|Ks2s|7hAs|3d5d|Qh7c/8s9c3s/4d/Qd:750|-750|0|0|0|0:MrBlue|MrPink|Bill|Eddie|Joe|Pluribus
STATE:103:fffff:8d3d|QhKh|Jd6h|Td9h|5s4c|6cQd:-50|50|0|0|0|0:MrPink|Bill|Eddie|Joe|Pluribus|MrBlue
STATE:104:ffffr300c/cc/cc/cc:8hJs|Td6d|7c5s|9h7h|3c6c|Qd3h/QcKc7s/7d/9s:300|-300|0|0|0|0:Bill|Eddie|Joe|Pluribus|MrBlue|MrPink
STATE:105:ffr210fff:9s7c|As2c|3hJh|Qh8s|KhAc|JcQd:-50|-100|0|0|150|0:Eddie|Joe|Pluribus|MrBlue|MrPink|Bill
STATE:106:fffr222fc/cr372c/cc/cr769c:Ah9c|7dKd|7sJh|6sQd|Jc5c|Th6h/5hKh3c/8h/Qh:-50|-769|0|0|0|819:Joe|Pluribus|MrBlue|MrPink|Bill|Eddie
STATE:107:fffff:Th6c|9s4h|Jd9c|Jh7c|8hJs|8c3s:-50|50|0|0|0|0:Pluribus|MrBlue|MrPink|Bill|Eddie|Joe
STATE:108:ffr250ffc/cr575f:Td6h|KsJh|As4h|Ah2d|Ts9s|2s3c/2h6c5d:-50|-250|0|0|300|0:MrBlue|MrPink|Bill|Eddie|Joe|Pluribus
STATE:109:fr250ffff:Ts8s|8dKs|Td7h|QhTh|Jd7d|Tc4c:-50|-100|0|150|0|0:MrPink|Bill|Eddie|Joe|Pluribus|MrBlue
STATE:110:ffr225fr950ff:5cAc|8sJc|6dJs|9h3d|Qc8c|Th3h:325|-100|0|0|-225|0:Bill|Eddie|Joe|Pluribus|MrBlue|MrPink
STATE:111:fffr287fc/cr755f:4cQs|7dKc|2hQh|Ts9c|3d9h|AdKd/QcAhTh:-50|-287|0|0|0|337:Eddie|Joe|Pluribus|MrBlue|MrPink|Bill
STATE:112:ffffcc/r200c/r460c/cc:KsQh|As6d|2s9c|8cJh|9s5h|4c5d/4s4dQs/Qd/Ts:460|-460|0|0|0|0:Joe|Pluribus|MrBlue|MrPink|Bill|Eddie
STATE:113:ffr200r825fcf/cr1480c/cc/cc:8sQh|7d7h|7c3s|Ah4c|JcAs|Ac8c/ThTd5c/7s/3c:-50|1730|0|0|-200|-1480:Pluribus|MrBlue|MrPink|Bill|Eddie|Joe
STATE:114:fr200fffc/cr300c/cr820f:4c8c|JdQc|7d2s|5cAc|Ad3d|Jh9c/AhAsTh/5h:-50|-300|0|350|0|0:MrBlue|MrPink|Bill|Eddie|Joe|Pluribus
STATE:115:ffffcc/r200c/cc/r400f:QdQs|As6s|Kc5c|3s6c|7sTd|4d5s/9dQh9h/8c/3h:200|-200|0|0|0|0:MrPink|Bill|Eddie|Joe|Pluribus|MrBlue
STATE:116:ffr225fff:9c3h|6s2d|5d2h|5c9s|AsTc|4hJc:-50|-100|0|0|150|0:Bill|Eddie|Joe|Pluribus|MrBlue|MrPink
STATE:117:fr225ffcr1300ff:QhTh|QcTc|6dKh|3s3h|4d9c|Ks2s:-225|450|0|-225|0|0:Eddie|Joe|Pluribus|MrBlue|MrPink|Bill
STATE:118:fffr222r950ff:QcKc|9sQd|5d4h|5hJh|2s7h|8s9c:322|-100|0|0|0|-222:Joe|Pluribus|MrBlue|MrPink|Bill|Eddie
STATE:119:ffr200ffc/cc/cr380f:3h5d|9dQc|7s5s|9c2s|8c8d|2d4d/4s8h6h/6d:-50|-200|0|0|250|0:Pluribus|MrBlue|MrPink|Bill|Eddie|Joe
STATE:120:r225fffcf/cr500f:AhQs|8hTc|6d6h|5c4d|8cKd|As5h/3h3c6s:-225|-100|325|0|0|0:MrBlue|MrPink|Bill|Eddie|Joe|Pluribus
STATE:121:fffr225fc/cr600c/cr1702f:Th3s|QdKc|9h5c|Ks7h|4h3c|JdJh/8s9sTc/Ac:-50|-600|0|0|0|650:MrPink|Bill|Eddie|Joe|Pluribus|MrBlue
STATE:122:fr200ffff:Js7s|2s8h|4s4h|QhTh|Ad8c|7h8s:-50|-100|0|150|0|0:Bill|Eddie|Joe|Pluribus|MrBlue|MrPink
STATE:123:r225cffff/cc/cr675f:Ks6h|4h2d|9d8d|AhAc|ThJh|4c5c/Ad9sJs/Qc:-50|-100|-225|375|0|0:Eddie|Joe|Pluribus|MrBlue|MrPink|Bill
STATE:124:ffr225ffr1225r2475f:9d3s|6h7h|4d3h|Qd9h|QhQc|9c2c:-50|-1225|0|0|1275|0:Joe|Pluribus|MrBlue|MrPink|Bill|Eddie
STATE:125:fffr250ff:8hJd|Qc7s|9c2h|6h4c|As5d|Qs3s:-50|-100|0|0|0|150:Pluribus|MrBlue|MrPink|Bill|Eddie|Joe
STATE:126:r225fffff:Qc4h|Td6c|5s5d|2cJc|3c4c|7c2s:-50|-100|150|0|0|0:MrBlue|MrPink|Bill|Eddie|Joe|Pluribus
STATE:127:r200ffffc/cc/cr875r2675c/cr10000f:9cTd|6hJh|ThTc|2h5c|3h7h|3c4d/QhAh3s/Ts/Ac:-50|-2675|2725|0|0|0:MrPink|Bill|Eddie|Joe|Pluribus|MrBlue
STATE:128:fffr250fc/cc/cr425f:8sQc|8cJs|3dKc|Jc4d|7cQs|8dJd/9cKh4c/Ks:-50|-250|0|0|0|300:Bill|Eddie|Joe|Pluribus|MrBlue|MrPink
STATE:129:fffr287fc/cc/cr599f:9c5d|AsTc|Jh5c|3cTs|4h7d|3s5s/6d2cQc/3h:-50|-287|0|0|0|337:Eddie|Joe|Pluribus|MrBlue|MrPink|Bill
STATE:130:r225r700r1525fffff:4c3d|9s4h|5s5c|KdQd|AsAc|6sKc:-50|-100|-225|-700|1075|0:Joe|Pluribus|MrBlue|MrPink|Bill|Eddie
STATE:131:fffr250cf/cc/cr850f:8sKs|9h5c|Qh6c|6d9c|8dTh|JhAh/Qd9s4c/Ac:-250|-100|0|0|0|350:Pluribus|MrBlue|MrPink|Bill|Eddie|Joe
STATE:132:ffr250ffr1200r3020f:5sQs|KsJc|TsKd|8s5c|AcKh|Td9h:-50|-1200|0|0|1250|0:MrBlue|MrPink|Bill|Eddie|Joe|Pluribus
STATE:133:r200ffr700ffc/cc/cc/r1150c:7sQs|5hTs|KcAs|Th6c|6h8s|8cTc/8d2c9s/4h/2s:-50|-100|-1150|0|0|1300:MrPink|Bill|Eddie|Joe|Pluribus|MrBlue
STATE:134:fffff:5sKh|Th8s|6hKc|8c6c|Qc5d|6s9d:-50|50|0|0|0|0:Bill|Eddie|Joe|Pluribus|MrBlue|MrPink
STATE:135:r225cffcf/ccc/ccc/ccc:JdJc|As5d|4h4d|7s7c|Ks3c|TsAh/5sQsKc/8d/3s:550|-100|-225|-225|0|0:Eddie|Joe|Pluribus|MrBlue|MrPink|Bill
STATE:136:r225fffff:5c7c|8hTc|6s7s|9h5s|3s4d|AhTd:-50|-100|150|0|0|0:Joe|Pluribus|MrBlue|MrPink|Bill|Eddie
STATE:137:r210fr700fffc/cc/r1750c/r4200f:6h4d|9s9d|AcQc|Ks5d|8sAs|6dTd/9cAd2h/Tc/4s:-50|-100|1900|0|-1750|0:Pluribus|MrBlue|MrPink|Bill|Eddie|Joe
STATE:138:ffr250ffc/cc/cr550f:6s9h|9s7h|3c9d|4d2h|Kd8d|Js5h/6hKc6d/2c:-50|-250|0|0|300|0:MrBlue|MrPink|Bill|Eddie|Joe|Pluribus
STATE:139:fffr225fc/cr425c/cc/cr1100c:2dQs|Kc7d|4h3d|9s3s|4d2c|KhKs/JsKdTc/2s/Jc:-50|-1100|0|0|0|1150:MrPink|Bill|Eddie|Joe|Pluribus|MrBlue
STATE:140:ffr225ffc/cc/cc/cc:8cJc|Th5h|3c4s|3hKc|TcAc|2s5s/KsKh6d/Js/8s:-50|-225|0|0|275|0:Bill|Eddie|Joe|Pluribus|MrBlue|MrPink
STATE:141:fr225fffc/cr425f:3c6s|7sQs|6c3d|JsTs|Tc3s|7dAs/7h9h8h:-50|-225|0|275|0|0:Eddie|Joe|Pluribus|MrBlue|MrPink|Bill
STATE:142:fffr222r950fc/r2050c/r4200r10000c/:QhKs|Qd5h|8s2s|9s7h|4s5d|TcKc/6hQs9c/8c/5c:-10000|-100|0|0|0|10100:Joe|Pluribus|MrBlue|MrPink|Bill|Eddie
STATE:143:ffffr200c/cc/r400f:3sQs|As3d|7sKh|6cTs|7c4d|Qc2h/9d2cTh/8h:200|-200|0|0|0|0:Pluribus|MrBlue|MrPink|Bill|Eddie|Joe
STATE:144:r225ffffr1150f:Jd7s|KhAc|4c5c|QsTc|3s8c|2s7h:-50|275|-225|0|0|0:MrBlue|MrPink|Bill|Eddie|Joe|Pluribus
STATE:145:ffffcr350c/cc/r525c/cr1312c:KcTd|5s3h|Ks4c|7dQd|Kd9c|3s2h/7c8cTs/6s/8d:1312|-1312|0|0|0|0:MrPink|Bill|Eddie|Joe|Pluribus|MrBlue
STATE:146:fr200fffc/cr425f:9d3h|AcTs|Tc6s|TdQd|AdTh|Kc7d/Qh2s9s:-50|-200|0|250|0|0:Bill|Eddie|Joe|Pluribus|MrBlue|MrPink
STATE:147:ffffr300c/cc/cr400c/cc:Ts9d|7cKc|3s6s|4h8d|Qd4d|5d2s/5cTdJh/7h/4s:400|-400|0|0|0|0:Eddie|Joe|Pluribus|MrBlue|MrPink|Bill
STATE:148:ffr225fff:6h7s|4hQc|4sQh|7h2c|9dQd|Jd5c:-50|-100|0|0|150|0:Joe|Pluribus|MrBlue|MrPink|Bill|Eddie
STATE:149:ffffcc/r200f:6sQd|6hKc|2s5h|7hTs|8d4s|6dTh/9c7dAs:100|-100|0|0|0|0:Pluribus|MrBlue|MrPink|Bill|Eddie|Joe
STATE:150:fr200ffcf/cc/cc/cc:TcAd|Qd8s|Ts4c|KcAh|7h8d|6c3h/8h9d4d/5s/2c:-200|-100|0|300|0|0:MrBlue|MrPink|Bill|Eddie|Joe|Pluribus
STATE:151:ffffcc/r200c/cc/cr400r1600f:9d8h|8d2h|AcTs|Kc7h|3h9c|Jh3s/Kh8c4s/5h/9s:400|-400|0|0|0|0:MrPink|Bill|Eddie|Joe|Pluribus|MrBlue
STATE:152:fr225fffc/cr725r1325c/cr2675f:9d4d|5s6h|Kh3c|JdAs|7sQh|7c2d/4hAh6d/9h:-50|-1325|0|1375|0|0:Bill|Eddie|Joe|Pluribus|MrBlue|MrPink
STATE:153:fffr287fc/cr599r1337c/r1587c/cr2662f:Jh4h|3sQs|Jc4s|3cAs|7h6c|AdQh/Ah2sTs/Td/Th:-50|-1587|0|0|0|1637:Eddie|Joe|Pluribus|MrBlue|MrPink|Bill
STATE:154:ffffcr275c/cr550c/cr1100c/cc:5s5h|4dKs|9c6s|Ac9d|4hTs|5dTc/3cQd2d/Qs/4c:1100|-1100|0|0|0|0:Joe|Pluribus|MrBlue|MrPink|Bill|Eddie
STATE:155:ffr200ffc/cr300c/cr750f:4sKd|9h9s|7hQs|3h5s|AdTc|5d5c/JdJsJc/Ah:-50|-300|0|0|350|0:Pluribus|MrBlue|MrPink|Bill|Eddie|Joe
STATE:156:fffr200r950ff:QcAd|8c3c|9sKh|Ah7d|9dJh|Ac7h:300|-100|0|0|0|-200:MrBlue|MrPink|Bill|Eddie|Joe|Pluribus
STATE:157:fffr225ff:Qc6s|7sJd|Td8s|5h3d|9h7c|4hAc:-50|-100|0|0|0|150:MrPink|Bill|Eddie|Joe|Pluribus|MrBlue
STATE:158:ffr225cfc/cr525fc/cc/r1595f:Ad4h|9c8c|Qs5c|2sQd|KdQh|Kh5h/3d8d9d/6s/Js:-50|800|0|0|-525|-225:Bill|Eddie|Joe|Pluribus|MrBlue|MrPink
STATE:159:fffr287r1250fc/cr2100c/cr3600c/cr10000c:TcAs|Jh7s|8sQc|2h6c|Js7d|JcAd/Ts9dKc/Th/6h:10100|-100|0|0|0|-10000:Eddie|Joe|Pluribus|MrBlue|MrPink|Bill
STATE:160:r225ffffc/cr475c/cc/cc:7h7c|As8d|QcKc|Jc5h|2d9h|3hTd/7sKsAh/Ts/6h:-50|525|-475|0|0|0:Joe|Pluribus|MrBlue|MrPink|Bill|Eddie
STATE:161:ffr200ffc/cr335f:5s3h|KdTc|2d7h|TdQh|ThAs|6sAd/9sAh4c:-50|-200|0|0|250|0:Pluribus|MrBlue|MrPink|Bill|Eddie|Joe
STATE:162:ffr250ffc/cc/cr550c/cc:5c4s|QsKd|Tc8h|7s3c|KhJd|2h4h/Ac3d9d/Qh/7h:-50|600|0|0|-550|0:MrBlue|MrPink|Bill|Eddie|Joe|Pluribus
STATE:163:fr250fffc/cr500f:Jh5h|7s5s|4h3s|AsTd|Ad6h|2hQs/2cQc9d:-50|-250|0|300|0|0:MrPink|Bill|Eddie|Joe|Pluribus|MrBlue
STATE:164:fr200cfcf/cr550cf/cc/cr1600c:6h6c|2h6s|Ts5s|AhQd|KhJh|Qc5c/3hAdJd/4h/Ks:-200|-100|0|-1600|1900|0:Bill|Eddie|Joe|Pluribus|MrBlue|MrPink
STATE:165:ffffcr400f:4dKh|QhTd|8c3s|4c8h|7sQd|8d2c:-100|100|0|0|0|0:Eddie|Joe|Pluribus|MrBlue|MrPink|Bill
STATE:166:fffr222r950ff:JcKc|Qh6s|6c2d|3h5s|7sQd|ThQs:322|-100|0|0|0|-222:Joe|Pluribus|MrBlue|MrPink|Bill|Eddie
STATE:167:fr225fffc/cr600c/cc/r1537c:Qc3s|9s7c|Jd4h|TcJc|2d6s|3d5d/8s7hJh/Ts/7s:-50|1587|0|-1537|0|0:Pluribus|MrBlue|MrPink|Bill|Eddie|Joe
