# name/game/hands/seed sample_game_118 ../lib/python-client/acpc_infrastructure/holdem.nolimit.6p.game 10000 118
#--t_response 600000000
#--t_hand 600000000
#--t_per_hand 600000000
STATE:0:fr250ffr1200ff:AcKh|7hTc|3hAd|JsKd|Ts6s|6hTd:350|-100|0|-250|0|0:MrOrange|MrPink|MrBlue|Joe|Bill|Pluribus
STATE:1:r250ffffc/cr475c/cc/r1825f:6cAd|6h5c|9s9d|8d9c|Qd8s|TdJc/8h4sKc/As/Kd:-50|525|-475|0|0|0:MrPink|MrBlue|Joe|Bill|Pluribus|MrOrange
STATE:2:fffr250fc/cc/r575c/cr1175c:3c5s|Ad6h|Ah5c|6c8s|9sJd|9h8d/4s2c8h/6d/Tc:-50|-1175|0|0|0|1225:MrBlue|Joe|Bill|Pluribus|MrOrange|MrPink
STATE:3:r200fffff:5c2c|5sQc|9cTc|7d5d|Ac6s|Kh9h:-50|-100|150|0|0|0:Joe|Bill|Pluribus|MrOrange|MrPink|MrBlue
STATE:4:r200fffff:7h5s|Js6c|KhQh|Kc9s|6sTs|3sTd:-50|-100|150|0|0|0:Bill|Pluribus|MrOrange|MrPink|MrBlue|Joe
STATE:5:ffffr250c/cc/cc/cr475f:6s6c|5hAc|TsKd|5sTc|7sQd|Qh7d/8d9hKh/7h/Jh:-250|250|0|0|0|0:Pluribus|MrOrange|MrPink|MrBlue|Joe|Bill
STATE:6:ffr225fff:5d7c|Qs2h|Ad3c|Js4d|ThJc|Ac3h:-50|-100|0|0|150|0:MrOrange|MrPink|MrBlue|Joe|Bill|Pluribus
STATE:7:fffr267fc/cc/r559c/r1435f:2h6d|5sAd|9h4h|6h8c|Kd7c|9s7s/7h6c8h/4s/Kc:-50|609|0|0|0|-559:MrPink|MrBlue|Joe|Bill|Pluribus|MrOrange
STATE:8:ffffcc/cr200c/cc/r500c:6sKs|Jd7s|7hAd|2cQd|5dTh|6cQh/JcJhKd/Kh/Td:500|-500|0|0|0|0:MrBlue|Joe|Bill|Pluribus|MrOrange|MrPink
STATE:9:fffff:4s2d|AhQs|Tc8d|2c7d|8sJd|6hTd:-50|50|0|0|0|0:Joe|Bill|Pluribus|MrOrange|MrPink|MrBlue
STATE:10:fr210fcff/cr610c/cc/r1060f:3h6d|2c5d|5c3s|QcKd|8dKs|5sAs/ThJc4s/4h/4c:-50|-100|0|760|0|-610:Bill|Pluribus|MrOrange|MrPink|MrBlue|Joe
STATE:11:fffr250fc/cc/cr600f:Qs9c|JhAc|9d6s|Js5h|3dQh|6d4d/9hQdKd/Kh:-50|-250|0|0|0|300:Pluribus|MrOrange|MrPink|MrBlue|Joe|Bill
STATE:12:fffr287ff:Kd7c|4c2h|8d4h|3dAs|Ac7h|5dAh:-50|-100|0|0|0|150:MrOrange|MrPink|MrBlue|Joe|Bill|Pluribus
STATE:13:fffff:7cJd|3c8h|Qd6h|Kh6c|Th3s|Ks6d:-50|50|0|0|0|0:MrPink|MrBlue|Joe|Bill|Pluribus|MrOrange
STATE:14:r225fffcc/ccr725cf/cr1750f:9cAc|5h4h|8c8h|Js4s|QcTc|9h6h/7cTd8d/Qd:-725|-225|950|0|0|0:MrBlue|Joe|Bill|Pluribus|MrOrange|MrPink
STATE:15:fffff:4s7d|Jh6c|5dQd|8s3c|3h2h|Kh7s:-50|50|0|0|0|0:Joe|Bill|Pluribus|MrOrange|MrPink|MrBlue
STATE:16:fr210fffc/cr710f:5c7c|KhJd|3dKs|8s9s|4hJh|8d2s/7dJsAs:-50|-210|0|260|0|0:Bill|Pluribus|MrOrange|MrPink|MrBlue|Joe
STATE:17:ffr250r850fff:2sAs|8h5d|3d6s|Tc5h|TdQc|5cAc:-50|-100|0|0|-250|400:Pluribus|MrOrange|MrPink|MrBlue|Joe|Bill
STATE:18:fffr225fc/cc/cc/cr600c:2hKc|Ad2d|Tc6h|5hAc|3sQc|9sAs/4h4cTh/9h/Ts:-50|-600|0|0|0|650:MrOrange|MrPink|MrBlue|Joe|Bill|Pluribus
STATE:19:ffffr300f:KhAd|Qs5h|Qh6h|8hKs|Ts2d|7sJc:100|-100|0|0|0|0:MrPink|MrBlue|Joe|Bill|Pluribus|MrOrange
STATE:20:fr250ffff:7s8h|3s9h|Jc3c|TcAc|8d9s|5dKd:-50|-100|0|150|0|0:MrBlue|Joe|Bill|Pluribus|MrOrange|MrPink
STATE:21:fffff:4d9h|TsKc|8hJd|5d6s|5c4s|8c6h:-50|50|0|0|0|0:Joe|Bill|Pluribus|MrOrange|MrPink|MrBlue
STATE:22:ffr225fff:2h3s|2dTs|6cKh|5cJs|AcTh|As7h:-50|-100|0|0|150|0:Bill|Pluribus|MrOrange|MrPink|MrBlue|Joe
STATE:23:fr225r900ffff:Jc2h|8h5s|7h5c|2s2c|AdJs|4hQs:-50|-100|0|-225|375|0:Pluribus|MrOrange|MrPink|MrBlue|Joe|Bill
STATE:24:ffffcr300f:9d3d|ThAh|5h4d|6cJh|4cJs|8h2h:-100|100|0|0|0|0:MrOrange|MrPink|MrBlue|Joe|Bill|Pluribus
STATE:25:ffffcc/r200c/r800c/r1200c:8cKs|9s8d|5sKc|4cAh|Js9c|3d8h/3cJcQh/Th/As:1200|-1200|0|0|0|0:MrPink|MrBlue|Joe|Bill|Pluribus|MrOrange
STATE:26:ffffcc/cc/cc/cc:5hKs|2d2s|Ad2h|Td5c|Qh7h|Jd7s/8s4h5d/Ac/9c:100|-100|0|0|0|0:MrBlue|Joe|Bill|Pluribus|MrOrange|MrPink
STATE:27:fr215ffff:Ks6c|7c2d|9sAh|TcTh|4hAs|2hQs:-50|-100|0|150|0|0:Joe|Bill|Pluribus|MrOrange|MrPink|MrBlue
STATE:28:r200ffffc/cr350f:Tc6c|8sTh|JcAs|2hQs|7d9d|3s7c/2sKh7h:-50|-200|250|0|0|0:Bill|Pluribus|MrOrange|MrPink|MrBlue|Joe
STATE:29:fr225fffc/cr600f:6d5h|QhJc|Kd9h|3d3h|Tc8d|7c5d/2s4c6c:-50|-225|0|275|0|0:Pluribus|MrOrange|MrPink|MrBlue|Joe|Bill
STATE:30:fffr250fc/cc/r600c/r1450c:Jh3h|8hQs|Jd4d|Th6c|Ac4h|KhJs/Jc3cAd/Ts/Kc:-50|1500|0|0|0|-1450:MrOrange|MrPink|MrBlue|Joe|Bill|Pluribus
STATE:31:r250r775fffff:6h7h|Qs7s|TcJc|JdKd|ThAc|As9c:-50|-100|-250|400|0|0:MrPink|MrBlue|Joe|Bill|Pluribus|MrOrange
STATE:32:fffff:9s5d|QhKd|9d4h|7c9c|Ks6d|6s9h:-50|50|0|0|0|0:MrBlue|Joe|Bill|Pluribus|MrOrange|MrPink
STATE:33:fffr225fc/cr475c/cr1310f:Ah7d|8dTc|6cKh|8s3d|5cJs|Qh5h/5sQcTd/Ks:-50|-475|0|0|0|525:Joe|Bill|Pluribus|MrOrange|MrPink|MrBlue
STATE:34:r200fffff:Ac3h|4d7c|QcKs|Kd9h|Ts7d|6cJh:-50|-100|150|0|0|0:Bill|Pluribus|MrOrange|MrPink|MrBlue|Joe
STATE:35:ffffr250c/r1250f:JdJh|6h8c|5sJc|8dTh|6c5d|9s2h/3c7hTs:250|-250|0|0|0|0:Pluribus|MrOrange|MrPink|MrBlue|Joe|Bill
STATE:36:ffffcr350c/cr525f:Jc9d|7sKc|5sQc|4s6h|3s4c|4hKd/QhKh5h:-350|350|0|0|0|0:MrOrange|MrPink|MrBlue|Joe|Bill|Pluribus
STATE:37:ffffcc/r200f:Kc5s|Js7h|4c7c|6hTc|6cQd|6d2c/4s8dAc:100|-100|0|0|0|0:MrPink|MrBlue|Joe|Bill|Pluribus|MrOrange
STATE:38:ffr215r700ffc/cr1200f:3dAd|3s2d|4c2c|8hTd|2s2h|QhQc/JsTs6c:-50|-100|0|0|-700|850:MrBlue|Joe|Bill|Pluribus|MrOrange|MrPink
STATE:39:fffff:As2c|7cAd|ThKs|9sTd|4dKh|Qs3h:-50|50|0|0|0|0:Joe|Bill|Pluribus|MrOrange|MrPink|MrBlue
STATE:40:fffr250fc/cr550c/cr1700f:5hQs|9s8s|KdJc|2c8d|6sTs|3d3h/7s3c6h/7h:-50|-550|0|0|0|600:Bill|Pluribus|MrOrange|MrPink|MrBlue|Joe
STATE:41:ffr250ffc/cr500c/cc/cr1150f:3dAc|Ah7h|4c9s|5h7c|JhKh|2d8c/3hTs2s/4d/Ks:-50|-500|0|0|550|0:Pluribus|MrOrange|MrPink|MrBlue|Joe|Bill
STATE:42:fffff:7d4s|3cTc|Kd6s|2c9c|9h4d|2hTs:-50|50|0|0|0|0:MrOrange|MrPink|MrBlue|Joe|Bill|Pluribus
STATE:43:fr225ffff:4c5d|6c3s|2h2s|JsJc|5c8d|Qc2c:-50|-100|0|150|0|0:MrPink|MrBlue|Joe|Bill|Pluribus|MrOrange
STATE:44:fffr250r1000ff:KsAh|4cTc|5sQs|2h5d|6h4s|As5c:350|-100|0|0|0|-250:MrBlue|Joe|Bill|Pluribus|MrOrange|MrPink
STATE:45:ffr210fff:9s7d|5c8d|Jc7c|2c8h|4h4s|2sJh:-50|-100|0|0|150|0:Joe|Bill|Pluribus|MrOrange|MrPink|MrBlue
STATE:46:fffr250r1050ff:QcQd|JhQs|9h6s|Js8c|3hKs|6dAs:350|-100|0|0|0|-250:Bill|Pluribus|MrOrange|MrPink|MrBlue|Joe
STATE:47:fr225cffc/ccr450ff:3h5d|8sKs|6c4c|6s7s|KdQd|Ts2h/TcTh3c:-50|-225|0|-225|500|0:Pluribus|MrOrange|MrPink|MrBlue|Joe|Bill
STATE:48:fffr225ff:4s2h|Qd5c|7h2c|3h8d|7d5h|Kh9h:-50|-100|0|0|0|150:MrOrange|MrPink|MrBlue|Joe|Bill|Pluribus
STATE:49:fffff:4hQs|TcJh|9d8c|2c5h|Th7c|8d7s:-50|50|0|0|0|0:MrPink|MrBlue|Joe|Bill|Pluribus|MrOrange
STATE:50:fffr250ff:4d8c|5d7h|Ah3s|3d4h|9sTc|8s7s:-50|-100|0|0|0|150:MrBlue|Joe|Bill|Pluribus|MrOrange|MrPink
STATE:51:fffff:4s3h|3sTh|7s4h|7dQd|7h2c|Qh2s:-50|50|0|0|0|0:Joe|Bill|Pluribus|MrOrange|MrPink|MrBlue
STATE:52:ffffcc/cr200c/cr1000f:6hJc|3sJs|7s2s|3c4d|5d7c|Td2d/TsQdAc/8d:-200|200|0|0|0|0:Bill|Pluribus|MrOrange|MrPink|MrBlue|Joe
STATE:53:fffff:9c5h|Kh4s|5cKs|6s2d|Jd5s|8dJh:-50|50|0|0|0|0:Pluribus|MrOrange|MrPink|MrBlue|Joe|Bill
STATE:54:r225r950fffff:4dJd|7d8d|JhKh|KsKd|Ac3d|Ah7s:-50|-100|-225|375|0|0:MrOrange|MrPink|MrBlue|Joe|Bill|Pluribus
STATE:55:fr225ffr1050fr2400f:JcKc|Jd8s|4cJs|QcQh|4h3h|5hAs:-1050|-100|0|1150|0|0:MrPink|MrBlue|Joe|Bill|Pluribus|MrOrange
STATE:56:r225fffff:2dTh|Tc3d|9hJh|AcTs|3sAd|3cJc:-50|-100|150|0|0|0:MrBlue|Joe|Bill|Pluribus|MrOrange|MrPink
STATE:57:fr208fffr900c/r1950f:4h6s|KcAh|2dTh|6h7h|4d4s|9hTc/Js4cAs:-50|950|0|-900|0|0:Joe|Bill|Pluribus|MrOrange|MrPink|MrBlue
STATE:58:ffr225fff:Td2c|6h8c|3c7h|Ts4h|QhTh|6s5s:-50|-100|0|0|150|0:Bill|Pluribus|MrOrange|MrPink|MrBlue|Joe
STATE:59:fr225ffff:7hJc|5h8c|Qd2h|6cAc|9h7d|Ks9d:-50|-100|0|150|0|0:Pluribus|MrOrange|MrPink|MrBlue|Joe|Bill
STATE:60:ffffcr350c/cr580f:As3d|Jc7c|3c9c|9sAd|8h2d|5s6h/4cJsKd:-350|350|0|0|0|0:MrOrange|MrPink|MrBlue|Joe|Bill|Pluribus
STATE:61:fffff:8d2d|Th9d|4h8s|4s9s|5s7s|5c2h:-50|50|0|0|0|0:MrPink|MrBlue|Joe|Bill|Pluribus|MrOrange
STATE:62:fffr250ff:3d8h|3hTs|9sJc|7dTd|Tc5d|7sAh:-50|-100|0|0|0|150:MrBlue|Joe|Bill|Pluribus|MrOrange|MrPink
STATE:63:ffffr350c/cc/r805f:JsTc|3h3c|Kh5d|2cQs|2h9d|3s8d/Td6c9c/5s:350|-350|0|0|0|0:Joe|Bill|Pluribus|MrOrange|MrPink|MrBlue
STATE:64:ffr225fff:Qc4s|3c7h|Ac2d|Kh9d|As5h|2c9c:-50|-100|0|0|150|0:Bill|Pluribus|MrOrange|MrPink|MrBlue|Joe
STATE:65:ffffr200c/r400f:QdJd|2s7s|6dTd|3d5h|5d2d|Kd2c/8hJcAh:200|-200|0|0|0|0:Pluribus|MrOrange|MrPink|MrBlue|Joe|Bill
STATE:66:r225fffff:9cKd|Qh2c|9sKs|4c6s|Jc3d|4hAd:-50|-100|150|0|0|0:MrOrange|MrPink|MrBlue|Joe|Bill|Pluribus
STATE:67:r250fffff:Qs8s|Tc5h|JsJd|Kd9s|5s5d|4d3s:-50|-100|150|0|0|0:MrPink|MrBlue|Joe|Bill|Pluribus|MrOrange
STATE:68:ffr222ffc/cc/cc/r522c:2h4h|8dTd|7dKd|9d6d|KhTc|5dQh/5h4s5c/Js/Ks:-50|-522|0|0|572|0:MrBlue|Joe|Bill|Pluribus|MrOrange|MrPink
STATE:69:fr208ffff:7sQs|Jh6s|Jd8h|AdTs|3sKc|5c8s:-50|-100|0|150|0|0:Joe|Bill|Pluribus|MrOrange|MrPink|MrBlue
STATE:70:ffr225fff:9c7d|8c3s|6c2s|9dTs|Ad2c|5hQd:-50|-100|0|0|150|0:Bill|Pluribus|MrOrange|MrPink|MrBlue|Joe
STATE:71:fffr250fc/cc/cc/r675c:Ad3s|2dKd|Jc2s|Qc7h|2h5h|6s8s/Jd6cTs/Kc/5d:-50|725|0|0|0|-675:Pluribus|MrOrange|MrPink|MrBlue|Joe|Bill
STATE:72:fr250ffff:Td4d|5c3h|4s9h|AcQd|9s5d|7cQc:-50|-100|0|150|0|0:MrOrange|MrPink|MrBlue|Joe|Bill|Pluribus
STATE:73:fr225ffff:Ah3d|2sJd|6hQc|AcQh|7sQs|KcTd:-50|-100|0|150|0|0:MrPink|MrBlue|Joe|Bill|Pluribus|MrOrange
STATE:74:r225fcfcf/cr750cf/r2125c/cr4250c:7d7s|9s3s|QsKd|8d6d|JhJc|3d4d/TdJdAd/6h/As:-225|-100|-4250|0|4575|0:MrBlue|Joe|Bill|Pluribus|MrOrange|MrPink
STATE:75:ffr210ffc/cc/r370c/r1870f:7dJc|5d7h|9d6s|8d9c|JsTs|3dQh/7sQs7c/5c/Td:-50|420|0|0|-370|0:Joe|Bill|Pluribus|MrOrange|MrPink|MrBlue
STATE:76:ffr225fff:9hTd|6dKc|Qc7c|6c4h|ThKh|Jh2s:-50|-100|0|0|150|0:Bill|Pluribus|MrOrange|MrPink|MrBlue|Joe
STATE:77:ffr250fff:6s3c|Js6c|Qh9c|Jc2c|Kh7h|5sQd:-50|-100|0|0|150|0:Pluribus|MrOrange|MrPink|MrBlue|Joe|Bill
STATE:78:ffffcc/r225f:2cTc|Jc6d|Jh5h|2h8c|9hTs|5dKc/7h9sKs:100|-100|0|0|0|0:MrOrange|MrPink|MrBlue|Joe|Bill|Pluribus
STATE:79:fffr265fc/cr415f:Td7s|Ah8c|3dJd|5c4s|Qh6s|4h5h/3h7dKc:-50|-265|0|0|0|315:MrPink|MrBlue|Joe|Bill|Pluribus|MrOrange
STATE:80:ffr215fcf/cc/cr390f:AdTc|3d4s|Ts8s|9cKs|KhKc|3sAc/5h7s2s/Js:-215|-100|0|0|315|0:MrBlue|Joe|Bill|Pluribus|MrOrange|MrPink
STATE:81:r200fr650ffff:Qh7h|8dKh|JsKc|6s5s|AdQd|2c7c:-50|-100|-200|0|350|0:Joe|Bill|Pluribus|MrOrange|MrPink|MrBlue
STATE:82:fr210ffff:QhTd|4cKh|TcJh|6d5d|8sAc|Kc8c:-50|-100|0|150|0|0:Bill|Pluribus|MrOrange|MrPink|MrBlue|Joe
STATE:83:ffffcc/r200c/r400f:4cAd|8s6d|2hTh|2cTc|6hKh|Qd5s/9cAc5d/Kc:200|-200|0|0|0|0:Pluribus|MrOrange|MrPink|MrBlue|Joe|Bill
STATE:84:ffr225ffr1150f:4h7s|6c5c|8s2h|7c3c|9dKd|9c3s:-50|275|0|0|-225|0:MrOrange|MrPink|MrBlue|Joe|Bill|Pluribus
STATE:85:ffffcr350f:Qh7d|AhKh|2c3d|Qs8c|4c8h|3sTs:-100|100|0|0|0|0:MrPink|MrBlue|Joe|Bill|Pluribus|MrOrange
STATE:86:r225fffff:Ah3d|2c7d|AdAc|Kh3h|4s8h|5cQd:-50|-100|150|0|0|0:MrBlue|Joe|Bill|Pluribus|MrOrange|MrPink
STATE:87:ffffr300c/r615f:Qh5h|7dTd|5c7c|Th4h|3h9s|9d6h/3c9hKh:300|-300|0|0|0|0:Joe|Bill|Pluribus|MrOrange|MrPink|MrBlue
STATE:88:ffffcr300r1200f:AhJh|8h7c|6h5s|5hKs|QcTs|8d4h:300|-300|0|0|0|0:Bill|Pluribus|MrOrange|MrPink|MrBlue|Joe
STATE:89:ffffcr322c/cr544c/cr1232f:3c3d|JdTd|Jc6c|5h2h|5s9s|Kh8c/QdQc6s/Kc:-544|544|0|0|0|0:Pluribus|MrOrange|MrPink|MrBlue|Joe|Bill
STATE:90:ffr225fr1150fc/r2050c/cc/cc:8c7c|Js6s|TcKs|5c9h|AdQh|9c4c/Jc2sKc/Qc/Jd:2150|-100|0|0|-2050|0:MrOrange|MrPink|MrBlue|Joe|Bill|Pluribus
STATE:91:fffff:4c5d|QcTd|Kc6d|3d8c|4sKd|9s2c:-50|50|0|0|0|0:MrPink|MrBlue|Joe|Bill|Pluribus|MrOrange
STATE:92:fr225fcff/r525c/r2925f:4c9h|4dTh|6d9c|AdTd|Kc6s|8dKd/KsJcQc/9d:-50|-100|0|675|0|-525:MrBlue|Joe|Bill|Pluribus|MrOrange|MrPink
STATE:93:ffffr300f:Ad8h|4h7s|5cJs|TsJc|Kc3c|5d4c:100|-100|0|0|0|0:Joe|Bill|Pluribus|MrOrange|MrPink|MrBlue
STATE:94:fffff:Th2d|5d8h|6hTs|6c3h|7s8d|8s3s:-50|50|0|0|0|0:Bill|Pluribus|MrOrange|MrPink|MrBlue|Joe
STATE:95:r210fffff:9hQs|7d8s|As9s|2dKd|6s5d|4h9d:-50|-100|150|0|0|0:Pluribus|MrOrange|MrPink|MrBlue|Joe|Bill
STATE:96:fffff:7c5s|Td3c|6h4d|2s5d|Jc2c|7h8s:-50|50|0|0|0|0:MrOrange|MrPink|MrBlue|Joe|Bill|Pluribus
STATE:97:fffr257fc/cr707f:Tc3c|2h2s|3sJs|5s6h|5c7s|9h7h/TdKd8s:-50|-257|0|0|0|307:MrPink|MrBlue|Joe|Bill|Pluribus|MrOrange
STATE:98:fr200r700ffff:JdKc|JcQd|TcQh|9sAc|8c7c|9d7s:-50|-100|0|-200|350|0:MrBlue|Joe|Bill|Pluribus|MrOrange|MrPink
STATE:99:fffr225fc/cc/cr600f:9hAs|Qh9c|Kh2h|Td4d|4cJh|KdJs/7c3s2d/5s:-50|-225|0|0|0|275:Joe|Bill|Pluribus|MrOrange|MrPink|MrBlue
STATE:100:ffr225ffc/cr475c/cr1310c/cc:Ks4s|6dAs|3s7c|Kh5s|TdKc|7h4h/Jh3d6s/Ad/Jc:-50|1360|0|0|-1310|0:Bill|Pluribus|MrOrange|MrPink|MrBlue|Joe
STATE:101:r210fffff:AsTd|7sJs|7c8c|Qc8h|Qh4d|5hJh:-50|-100|150|0|0|0:Pluribus|MrOrange|MrPink|MrBlue|Joe|Bill
STATE:102:r225fffff:As7s|3c4s|6d4d|8d6c|2s4h|Ts5c:-50|-100|150|0|0|0:MrOrange|MrPink|MrBlue|Joe|Bill|Pluribus
STATE:103:r250fffff:QsJh|5sKc|AhTd|8d6c|Th7c|6sTs:-50|-100|150|0|0|0:MrPink|MrBlue|Joe|Bill|Pluribus|MrOrange
STATE:104:fr200fcr1250fff:QcQd|4c6s|7c3h|AsTc|9s5h|9cKc:500|-100|0|-200|0|-200:MrBlue|Joe|Bill|Pluribus|MrOrange|MrPink
STATE:105:fffr225fc/cr475c/cr1300f:3hKd|8c2c|TcJh|7h6d|5cQc|AdAh/3c8dKh/Js:-50|-475|0|0|0|525:Joe|Bill|Pluribus|MrOrange|MrPink|MrBlue
STATE:106:r200fffff:2d6s|Ah7s|Ks9s|7h4c|5hJs|8hAd:-50|-100|150|0|0|0:Bill|Pluribus|MrOrange|MrPink|MrBlue|Joe
STATE:107:ffr250fff:TcJd|5c3h|2c2d|TdAh|KsAc|Js9c:-50|-100|0|0|150|0:Pluribus|MrOrange|MrPink|MrBlue|Joe|Bill
STATE:108:fr250ffff:6c8s|8c5d|2hKh|9c9h|7dQd|4c2s:-50|-100|0|150|0|0:MrOrange|MrPink|MrBlue|Joe|Bill|Pluribus
STATE:109:fffff:5d3h|6cTc|6d4c|Qc2s|6hTh|3dKs:-50|50|0|0|0|0:MrPink|MrBlue|Joe|Bill|Pluribus|MrOrange
STATE:110:fr225fffc/cc/r600f:Ac4d|ThKc|JdQc|8sAs|Qs8h|Qh8c/2d3sTd/2h:-50|275|0|-225|0|0:MrBlue|Joe|Bill|Pluribus|MrOrange|MrPink
STATE:111:ffr210ffc/cr360c/cc/cc:3c8d|TdKh|8s9c|8c9d|JsJh|7sTc/4hQd5h/Qs/Ad:-50|-360|0|0|410|0:Joe|Bill|Pluribus|MrOrange|MrPink|MrBlue
STATE:112:ffr225ffr1225f:4s7c|AdAs|9s4d|4cJd|Qs7s|3sKc:-50|275|0|0|-225|0:Bill|Pluribus|MrOrange|MrPink|MrBlue|Joe
STATE:113:fffr250cf/cc/cc/cc:5c5d|Jc3h|JdQh|Ad2h|2c9h|4s4d/3dQsTc/6s/Jh:350|-100|0|0|0|-250:Pluribus|MrOrange|MrPink|MrBlue|Joe|Bill
STATE:114:r225fffff:2s5d|5cJd|Th8h|Qd9d|9hTc|Js7d:-50|-100|150|0|0|0:MrOrange|MrPink|MrBlue|Joe|Bill|Pluribus
STATE:115:r250fffff:2h6d|8dJs|Qs9s|3hKs|4dJh|9d8c:-50|-100|150|0|0|0:MrPink|MrBlue|Joe|Bill|Pluribus|MrOrange
STATE:116:ffffcc/cc/r200f:JhKc|9h7s|As9d|5c7c|4s6d|7h6c/JcQc3c/5d:100|-100|0|0|0|0:MrBlue|Joe|Bill|Pluribus|MrOrange|MrPink
STATE:117:fffr225ff:Jh4c|2hJs|5sTh|4sQc|Td8s|TcJc:-50|-100|0|0|0|150:Joe|Bill|Pluribus|MrOrange|MrPink|MrBlue
STATE:118:ffffcc/cr200r500f:5sJc|3c8s|6s7h|QsTc|8c2s|2d6h/5cJs6c:200|-200|0|0|0|0:Bill|Pluribus|MrOrange|MrPink|MrBlue|Joe
STATE:119:ffffcc/cr200f:3d3s|8d6c|Jh7c|5sTh|Js4d|5c7s/5h4hKh:-100|100|0|0|0|0:Pluribus|MrOrange|MrPink|MrBlue|Joe|Bill
STATE:120:fffff:5s8d|6dKh|Jc9h|Tc5h|2h9d|7c4c:-50|50|0|0|0|0:MrOrange|MrPink|MrBlue|Joe|Bill|Pluribus
STATE:121:fr225r675ffff:8s8c|Jh2h|3c7h|KhJd|6c7c|4cTd:-50|-100|0|-225|375|0:MrPink|MrBlue|Joe|Bill|Pluribus|MrOrange
STATE:122:ffffr300r1050c/cc/cc/cc:JdTd|Ad4c|Tc9h|3c7d|8cAs|5c3s/Th7sAh/8d/Jh:1050|-1050|0|0|0|0:MrBlue|Joe|Bill|Pluribus|MrOrange|MrPink
STATE:123:r200ffffc/cc/cr312f:8h5s|Js2s|6h6s|Qh5d|3d8s|8c3s/5h9c5c/4d:-50|-200|250|0|0|0:Joe|Bill|Pluribus|MrOrange|MrPink|MrBlue
STATE:124:fr210ffff:Jd4h|Jh2d|Kh2s|6c7c|5c7s|2h9c:-50|-100|0|150|0|0:Bill|Pluribus|MrOrange|MrPink|MrBlue|Joe
STATE:125:r210fffcf/cr335f:Tc9c|3hQc|5d4d|6d8c|8h7s|AcTd/As2h4c:-210|-100|310|0|0|0:Pluribus|MrOrange|MrPink|MrBlue|Joe|Bill
STATE:126:fr250fcff/cc/cc/cc:2cKh|7hAc|8hJd|5hAh|3d3s|Ad6d/4d2hAs/Ks/Qs:-50|-100|0|-250|0|400:MrOrange|MrPink|MrBlue|Joe|Bill|Pluribus
STATE:127:fffr254ff:6hJh|2s7c|3c5s|Qd4s|2cJd|4h5h:-50|-100|0|0|0|150:MrPink|MrBlue|Joe|Bill|Pluribus|MrOrange
STATE:128:ffr222r700ffc/cr1200c/cc/cc:QhKs|7h4s|8s6c|5s9h|TcTd|9d9c/4d8dQc/3d/5h:-50|-100|0|0|1350|-1200:MrBlue|Joe|Bill|Pluribus|MrOrange|MrPink
STATE:129:fffr225fc/cr600f:TsKh|KcQd|4dQc|3dAh|6d3h|4hAs/6c3c5s:-50|-225|0|0|0|275:Joe|Bill|Pluribus|MrOrange|MrPink|MrBlue
STATE:130:fffr250ff:Kd4d|5h7d|3hQd|3cKc|8s2c|Ah9h:-50|-100|0|0|0|150:Bill|Pluribus|MrOrange|MrPink|MrBlue|Joe
STATE:131:ffffcc/cc/r300f:9c8d|7d2h|As7h|KhTd|9d8h|5cKs/QcJs6d/2s:100|-100|0|0|0|0:Pluribus|MrOrange|MrPink|MrBlue|Joe|Bill
STATE:132:fffr225r1150fc/cr2350f:AdKh|7c9d|8dTh|Td3d|Qs4s|QhJh/5h6c2c:-1150|-100|0|0|0|1250:MrOrange|MrPink|MrBlue|Joe|Bill|Pluribus
STATE:133:fffff:8h5d|9d2d|3c7c|7h3s|Kh7d|6d3h:-50|50|0|0|0|0:MrPink|MrBlue|Joe|Bill|Pluribus|MrOrange
STATE:134:r225ffffr950f:3sQh|AsQs|8h7h|Jc7d|Ks5h|3hTc:-50|275|-225|0|0|0:MrBlue|Joe|Bill|Pluribus|MrOrange|MrPink
STATE:135:ffr210fff:4c6s|Jd7h|QsJh|8d2c|9c9s|4h6d:-50|-100|0|0|150|0:Joe|Bill|Pluribus|MrOrange|MrPink|MrBlue
STATE:136:fffr250r1050fc/r1800c/r4200f:JcKh|ThJd|3d9s|Ks2c|7hQs|QcAd/2d7s4h/5h:1900|-100|0|0|0|-1800:Bill|Pluribus|MrOrange|MrPink|MrBlue|Joe
STATE:137:fr225fffc/cr475f:6h4d|Td5d|3s4s|JcAd|Ts7h|Qc2d/9sJh4h:-50|-225|0|275|0|0:Pluribus|MrOrange|MrPink|MrBlue|Joe|Bill
STATE:138:ffr225fr1150ff:QhKc|4dTs|3c5h|As4h|JsKh|8sQc:325|-100|0|0|-225|0:MrOrange|MrPink|MrBlue|Joe|Bill|Pluribus
STATE:139:fffr254r1100fc/r1675c/cc/r3875f:JcKh|As2d|2h7d|9h3s|6s9c|ThTc/5sAd8s/7c/Qh:1775|-100|0|0|0|-1675:MrPink|MrBlue|Joe|Bill|Pluribus|MrOrange
STATE:140:ffffcr400c/cr800c/cc/cc:Jc6c|6s4c|Qs5h|8cJs|2c8s|4s7h/5d6dKc/As/5c:0|0|0|0|0|0:MrBlue|Joe|Bill|Pluribus|MrOrange|MrPink
STATE:141:r225ffcfc/ccc/r600cc/cr1525cf:7h3s|9sQs|4h4s|7sQh|Qd2s|JdKd/5d3h5s/6d/Ad:-50|-600|-1525|0|0|2175:Joe|Bill|Pluribus|MrOrange|MrPink|MrBlue
STATE:142:ffffcr300c/cc/cc/r700c:9cTs|QcQd|3dAh|4s7d|2hQh|Qs8h/4d5d8s/3h/Js:-700|700|0|0|0|0:Bill|Pluribus|MrOrange|MrPink|MrBlue|Joe
STATE:143:fffr250fc/cr650c/r1050c/cc:7cAs|Kd6h|5c9s|Qs9h|Jh4s|Ac7s/Ts6cKc/6s/Ks:-50|1100|0|0|0|-1050:Pluribus|MrOrange|MrPink|MrBlue|Joe|Bill
STATE:144:fffff:7sQc|8c5c|As5h|7cQs|4dJh|2d6c:-50|50|0|0|0|0:MrOrange|MrPink|MrBlue|Joe|Bill|Pluribus
STATE:145:r250fffff:6s8s|6cKs|QsKd|TcJh|4d7s|8d5h:-50|-100|150|0|0|0:MrPink|MrBlue|Joe|Bill|Pluribus|MrOrange
STATE:146:ffr222r700fff:Jd6h|6c2d|4d3h|6sJh|Kd9d|QcQh:-50|-100|0|0|-222|372:MrBlue|Joe|Bill|Pluribus|MrOrange|MrPink
STATE:147:ffr210r720ffr2050f:ThJs|6dKh|2h6h|Qh7h|KsAc|2dAd:-50|-100|0|0|870|-720:Joe|Bill|Pluribus|MrOrange|MrPink|MrBlue
STATE:148:ffr225ffc/cr475f:Tc7h|8d7c|Ad4s|3sTs|3d3c|9cAh/Kh4hTd:-50|-225|0|0|275|0:Bill|Pluribus|MrOrange|MrPink|MrBlue|Joe
STATE:149:fr225fffc/cr475c/cr1325f:5cTc|JhAs|7h5s|4h3h|Ad9s|3c8c/6dKcJd/2d:-50|-475|0|525|0|0:Pluribus|MrOrange|MrPink|MrBlue|Joe|Bill
STATE:150:fffff:5hTs|2h9c|Tc6d|3c6h|Kh4s|3s6c:-50|50|0|0|0|0:MrOrange|MrPink|MrBlue|Joe|Bill|Pluribus
STATE:151:ffr250ffc/cr525f:9dQc|7hJh|7dJs|6hAd|Ac9h|Jd5c/Ks5h8s:-50|-250|0|0|300|0:MrPink|MrBlue|Joe|Bill|Pluribus|MrOrange
STATE:152:r225fffff:4cAd|6d2h|KcKh|7sTh|7cKs|6s9c:-50|-100|150|0|0|0:MrBlue|Joe|Bill|Pluribus|MrOrange|MrPink
STATE:153:r200ffffc/cc/cr425f:7h5d|9c8h|KcAh|3dTc|9s8c|6dTh/6cQd2s/Ad:-50|-200|250|0|0|0:Joe|Bill|Pluribus|MrOrange|MrPink|MrBlue
STATE:154:ffffcr300r1200f:AsAc|6sJc|Tc3h|4hJd|2d5d|8d6h:300|-300|0|0|0|0:Bill|Pluribus|MrOrange|MrPink|MrBlue|Joe
STATE:155:fr225r850fffc/cc/r3600f:8dJh|6s7d|4s8h|9s9h|KhQs|Ac2s/3d9c8c/Jd:-50|-100|0|1000|-850|0:Pluribus|MrOrange|MrPink|MrBlue|Joe|Bill
STATE:156:ffffcc/r200c/cc/r375f:TcAc|Ts4d|8s7h|9dTh|6dKs|2s3c/KdQcAs/Td/8d:200|-200|0|0|0|0:MrOrange|MrPink|MrBlue|Joe|Bill|Pluribus
STATE:157:fr225fffc/cr425f:TcJs|As4s|4d5c|JdKc|3d5d|2d6s/9cQhJh:-50|-225|0|275|0|0:MrPink|MrBlue|Joe|Bill|Pluribus|MrOrange
