# name/game/hands/seed sample_game_50 ../lib/python-client/acpc_infrastructure/holdem.nolimit.6p.game 10000 50
#--t_response 600000000
#--t_hand 600000000
#--t_per_hand 600000000
STATE:0:ffr225ffc/cr475c/cc/r975c:3s4d|9hAh|6dTs|6hAd|2d2c|Th7h/7c9d3h/3c/5c:-50|1025|0|0|-975|0:MrOrange|MrWhite|MrBlonde|Eddie|Bill|Pluribus
STATE:1:fr225ffff:9c5c|9s7c|4hKc|9dTd|3dKd|7h8d:-50|-100|0|150|0|0:MrWhite|MrBlonde|Eddie|Bill|Pluribus|MrOrange
STATE:2:fffff:9s2s|6c9h|4c5h|6h4s|6s2d|7dQs:-50|50|0|0|0|0:MrBlonde|Eddie|Bill|Pluribus|MrOrange|MrWhite
STATE:3:ffffcr350f:Qc7h|Ac9d|5c3s|2dTd|Ah8s|2sJh:-100|100|0|0|0|0:Eddie|Bill|Pluribus|MrOrange|MrWhite|MrBlonde
STATE:4:fffff:5c6s|Ac7h|Qd7d|5sTc|3dKc|6h2h:-50|50|0|0|0|0:Bill|Pluribus|MrOrange|MrWhite|MrBlonde|Eddie
STATE:5:r225fffff:7c4s|7hTd|3hAh|2s5d|5cQd|Kc4d:-50|-100|150|0|0|0:Pluribus|MrOrange|MrWhite|MrBlonde|Eddie|Bill
STATE:6:fr200fffc/cr335f:7s5c|8s6c|Qh9c|8d9d|8hTc|Ac2s/3dAsJc:-50|-200|0|250|0|0:MrOrange|MrWhite|MrBlonde|Eddie|Bill|Pluribus
STATE:7:ffr200r650ffc/cc/cc/cc:QdKs|9sTs|7sTc|Kd2s|9hAh|5d5h/Td6dAd/Qc/8h:-50|-100|0|0|800|-650:MrWhite|MrBlonde|Eddie|Bill|Pluribus|MrOrange
STATE:8:fffr225fc/cc/cr600f:4c5h|ThQs|2hKd|8c2c|9cAd|JcTc/6dAc5s/7h:-50|-225|0|0|0|275:MrBlonde|Eddie|Bill|Pluribus|MrOrange|MrWhite
STATE:9:fffr250ff:4dAc|Ks4c|Jd9h|7h5c|5s2h|8hAh:-50|-100|0|0|0|150:Eddie|Bill|Pluribus|MrOrange|MrWhite|MrBlonde
STATE:10:ffr250cff/cc/cr900f:4s9c|8hTc|6hAd|7c3h|6c6s|9d8d/As4c2d/7h:-50|-100|0|0|-250|400:Bill|Pluribus|MrOrange|MrWhite|MrBlonde|Eddie
STATE:11:ffr200fff:Ts4c|Th4d|2c7h|9s7c|6c6d|8cQh:-50|-100|0|0|150|0:Pluribus|MrOrange|MrWhite|MrBlonde|Eddie|Bill
STATE:12:fffr200fc/cr425c/cc/r875f:5c8s|8hAh|3s7d|4cTh|7h4h|KsJc/2hAd2c/6c/4d:-50|475|0|0|0|-425:MrOrange|MrWhite|MrBlonde|Eddie|Bill|Pluribus
STATE:13:fr225fffc/cr375f:Js8c|6c7c|Qs2s|7hAh|3cTs|Kh9s/4hThTc:-50|-225|0|275|0|0:MrWhite|MrBlonde|Eddie|Bill|Pluribus|MrOrange
STATE:14:r225fr700fffc/cr1255c/cc/r2930c:Kd6s|8hKh|JdQd|Ad3h|JsAc|Qh3c/Jh8c8d/2h/2d:-50|-100|-2930|0|3080|0:MrBlonde|Eddie|Bill|Pluribus|MrOrange|MrWhite
STATE:15:ffffcc/r200f:TsKc|2h5c|6sJh|6h8s|Th6d|3dQh/7cKh3s:100|-100|0|0|0|0:Eddie|Bill|Pluribus|MrOrange|MrWhite|MrBlonde
STATE:16:ffffr300c/cc/cc/cc:7sAs|Ah4s|6c2c|5d3h|Ac4h|2hQs/Qh2s3c/Jd/Jc:300|-300|0|0|0|0:Bill|Pluribus|MrOrange|MrWhite|MrBlonde|Eddie
STATE:17:fffr287ff:3hQh|Jc8h|5dJs|8s2h|Kc3d|As6c:-50|-100|0|0|0|150:Pluribus|MrOrange|MrWhite|MrBlonde|Eddie|Bill
STATE:18:fffr250ff:Kc5h|2c6s|Ts5s|3h9s|3sTc|8c6c:-50|-100|0|0|0|150:MrOrange|MrWhite|MrBlonde|Eddie|Bill|Pluribus
STATE:19:ffr250fff:9h4c|2h8s|5h6c|Qd2s|QcJs|5d8d:-50|-100|0|0|150|0:MrWhite|MrBlonde|Eddie|Bill|Pluribus|MrOrange
STATE:20:ffr250fff:4s7s|9sJh|7h4h|4c3c|AdQc|3d2c:-50|-100|0|0|150|0:MrBlonde|Eddie|Bill|Pluribus|MrOrange|MrWhite
STATE:21:r200fffff:Qc7d|2h4c|AdJs|3sJh|8dQs|Ts7s:-50|-100|150|0|0|0:Eddie|Bill|Pluribus|MrOrange|MrWhite|MrBlonde
STATE:22:ffr250r800fff:4hAd|8sQd|4d9d|8cKd|QhTs|KsKc:-50|-100|0|0|-250|400:Bill|Pluribus|MrOrange|MrWhite|MrBlonde|Eddie
STATE:23:fffff:9s6c|JhAh|Jc5d|Kd5h|Tc5c|3dJs:-50|50|0|0|0|0:Pluribus|MrOrange|MrWhite|MrBlonde|Eddie|Bill
STATE:24:fffr200fc/cr425f:8dKs|9h2s|Ah5c|4dAs|6sJc|JdTs/QdTcTd:-50|-200|0|0|0|250:MrOrange|MrWhite|MrBlonde|Eddie|Bill|Pluribus
STATE:25:ffffr300f:4sJs|Qc5s|2dTd|Ah9s|8dJc|Jd8s:100|-100|0|0|0|0:MrWhite|MrBlonde|Eddie|Bill|Pluribus|MrOrange
STATE:26:ffr233cff/cc/r1121f:2d9h|8c9s|6h4d|5hKs|AdKd|5s5c/Jd9dQd/2c:-50|-100|0|0|383|-233:MrBlonde|Eddie|Bill|Pluribus|MrOrange|MrWhite
STATE:27:fffff:9h2s|AsQc|7cKd|8sKh|7s6d|Ks6c:-50|50|0|0|0|0:Eddie|Bill|Pluribus|MrOrange|MrWhite|MrBlonde
STATE:28:fffr222fc/cr372c/cc/cc:8h4c|JdQd|5sKd|9sAd|5h6c|9hJh/3hAcJc/5c/2c:-50|422|0|0|0|-372:Bill|Pluribus|MrOrange|MrWhite|MrBlonde|Eddie
STATE:29:ffffr275c/r825c/cr1702c/cr3147r7867f:QdAd|Kh6c|2cJs|Ks9d|7hAc|Kc5h/3dKd6d/7c/Qh:3147|-3147|0|0|0|0:Pluribus|MrOrange|MrWhite|MrBlonde|Eddie|Bill
STATE:30:ffffr350f:Qh6h|2dJh|6s4s|9s5c|8sKh|4cTd:100|-100|0|0|0|0:MrOrange|MrWhite|MrBlonde|Eddie|Bill|Pluribus
STATE:31:r200ffffc/cr335c/cc/cr695f:7h8d|KsJd|QsKd|5h4s|Tc9s|3d3h/AdQh2c/As/9c:-50|-335|385|0|0|0:MrWhite|MrBlonde|Eddie|Bill|Pluribus|MrOrange
STATE:32:ffr245ffc/cc/r515f:8hJh|Jd9h|5cTs|6sTc|ThAd|2dJs/5h8s7c/2s:-50|295|0|0|-245|0:MrBlonde|Eddie|Bill|Pluribus|MrOrange|MrWhite
STATE:33:fffr250ff:Ts5c|7dQh|6s2h|KsJc|TcQd|8hQc:-50|-100|0|0|0|150:Eddie|Bill|Pluribus|MrOrange|MrWhite|MrBlonde
STATE:34:ffffr300c/cc/r600r1200c/cr2400r5400f:KhKs|Th6h|6c2s|Jd6s|5cJh|2d9d/3h3c6d/5h/3s:2400|-2400|0|0|0|0:Bill|Pluribus|MrOrange|MrWhite|MrBlonde|Eddie
STATE:35:fffr287fr1300c/cr2175c/cr3625f:3hQh|AhKc|8sTh|As2c|4c5d|JhKh/5h7cJc/7h:-50|-2175|0|0|0|2225:Pluribus|MrOrange|MrWhite|MrBlonde|Eddie|Bill
STATE:36:fffr225r1100fc/r1825f:Ah5h|3h8d|3sKd|7c5c|3d9c|6h7h/9dKhAc:1200|-100|0|0|0|-1100:MrOrange|MrWhite|MrBlonde|Eddie|Bill|Pluribus
STATE:37:fffff:3dTs|5c3s|Qs4h|7dTc|Kc8s|Kh2s:-50|50|0|0|0|0:MrWhite|MrBlonde|Eddie|Bill|Pluribus|MrOrange
STATE:38:fffr225r1050fc/cr1850c/cc/r4350f:QcQh|Ad3d|Td3c|Tc3s|7c2c|Ac6c/Qd8h4c/Ts/4s:1950|-100|0|0|0|-1850:MrBlonde|Eddie|Bill|Pluribus|MrOrange|MrWhite
STATE:39:ffffr300c/cr750c/cr2750f:9s8d|7s7d|3s2d|4h2c|Th8c|3dKs/9dQd7c/2s:-750|750|0|0|0|0:Eddie|Bill|Pluribus|MrOrange|MrWhite|MrBlonde
STATE:40:fffff:Qc4d|Kh4c|4sQs|JdTc|9h5c|3h6s:-50|50|0|0|0|0:Bill|Pluribus|MrOrange|MrWhite|MrBlonde|Eddie
STATE:41:fr250fffc/cr525c/cc/cr1275f:9sQs|Kd2d|Qc5d|TcAs|3cJd|Jh7c/2c9c4s/Qd/Td:-50|-525|0|575|0|0:Pluribus|MrOrange|MrWhite|MrBlonde|Eddie|Bill
STATE:42:ffr225cfc/ccr950ff:8h2d|9sTc|6s7s|6c4s|AsJc|ThAd/8dKh4d:-50|-225|0|0|-225|500:MrOrange|MrWhite|MrBlonde|Eddie|Bill|Pluribus
STATE:43:ffr225ffc/cc/cc/cc:4cTd|6sAh|2s3s|Jh4d|ThQh|Kh9c/9sQd2d/Ad/5c:-50|275|0|0|-225|0:MrWhite|MrBlonde|Eddie|Bill|Pluribus|MrOrange
STATE:44:fffr225r1050fc/cr2450f:AhKs|2s3c|Qh9d|Qd8c|9h2d|AcJc/4s5h7c:-1050|-100|0|0|0|1150:MrBlonde|Eddie|Bill|Pluribus|MrOrange|MrWhite
STATE:45:fffff:3s6d|Jc8h|2c2h|7d2s|6h9h|8c5s:-50|50|0|0|0|0:Eddie|Bill|Pluribus|MrOrange|MrWhite|MrBlonde
STATE:46:fffff:2d7h|Kc3s|8h6c|5hAd|2c9h|5d7c:-50|50|0|0|0|0:Bill|Pluribus|MrOrange|MrWhite|MrBlonde|Eddie
STATE:47:fffr287fr1300f:2cQs|Kc3c|Jh5d|Th8h|Td4s|8s5s:-50|337|0|0|0|-287:Pluribus|MrOrange|MrWhite|MrBlonde|Eddie|Bill
STATE:48:fr200fffr875f:7sAd|KsAh|Jd8d|6hKh|Qs6s|8hJs:-50|250|0|-200|0|0:MrOrange|MrWhite|MrBlonde|Eddie|Bill|Pluribus
STATE:49:ffr225fcc/ccc/ccc/ccr562ff:AhTd|Tc7c|2hAd|3c2c|JhTh|4s5c/KcKh2s/3s/Qd:-225|-225|0|0|450|0:MrWhite|MrBlonde|Eddie|Bill|Pluribus|MrOrange
STATE:50:ffr234ffr1300f:7cTd|9dJd|6d5s|Ah3c|As8s|4s9h:-50|284|0|0|-234|0:MrBlonde|Eddie|Bill|Pluribus|MrOrange|MrWhite
STATE:51:ffr225r750fff:9hAd|5cKc|9sJh|9c3c|Qd9d|KhQc:-50|-100|0|0|-225|375:Eddie|Bill|Pluribus|MrOrange|MrWhite|MrBlonde
STATE:52:fffr222r950fc/r1450f:9hJh|4cQh|Ks2s|7s2h|Qs3c|4s5s/2c7h2d:1050|-100|0|0|0|-950:Bill|Pluribus|MrOrange|MrWhite|MrBlonde|Eddie
STATE:53:fr250r800ffff:9d4c|KsJs|8d7s|JcKh|KcAs|4h9c:-50|-100|0|-250|400|0:Pluribus|MrOrange|MrWhite|MrBlonde|Eddie|Bill
STATE:54:fr200r625fffc/cr1100r1825c/cc/r10000f:2dTh|KdQc|9d8c|4d4s|5cAc|TcJh/5d3s3c/7c/4h:-50|-100|0|1975|-1825|0:MrOrange|MrWhite|MrBlonde|Eddie|Bill|Pluribus
STATE:55:r200fffff:3h7s|9h7d|AsKc|6h8s|Td8c|3dAc:-50|-100|150|0|0|0:MrWhite|MrBlonde|Eddie|Bill|Pluribus|MrOrange
STATE:56:fffff:2d9d|4d3c|5dKc|6s2s|Jh8d|Qh5c:-50|50|0|0|0|0:MrBlonde|Eddie|Bill|Pluribus|MrOrange|MrWhite
STATE:57:fffff:Qd5c|QsAh|Ks6h|2d3c|Kd9c|As2c:-50|50|0|0|0|0:Eddie|Bill|Pluribus|MrOrange|MrWhite|MrBlonde
STATE:58:fffr222ff:7cJh|4s3c|7sAd|7hTc|4c8h|KhJs:-50|-100|0|0|0|150:Bill|Pluribus|MrOrange|MrWhite|MrBlonde|Eddie
STATE:59:fr250ffff:7d6c|Kh5c|3h2d|TcTd|JsQd|3s5d:-50|-100|0|150|0|0:Pluribus|MrOrange|MrWhite|MrBlonde|Eddie|Bill
STATE:60:fr200ffff:9c8d|5d4s|Ks2d|QcQd|Ah8c|7sKh:-50|-100|0|150|0|0:MrOrange|MrWhite|MrBlonde|Eddie|Bill|Pluribus
STATE:61:fffr234r802fc/cr1477f:4d5d|8d5h|5sAh|Ac6d|6c8h|KcJc/9d7hTs:-802|-100|0|0|0|902:MrWhite|MrBlonde|Eddie|Bill|Pluribus|MrOrange
STATE:62:ffr234fff:8h4c|2hQc|4hJd|Qh2s|AsQd|JcTs:-50|-100|0|0|150|0:MrBlonde|Eddie|Bill|Pluribus|MrOrange|MrWhite
STATE:63:fr243r720fffc/cr1920f:AsQh|2h8s|9d8d|AdQd|KhKd|3s4h/7c6dJc:-50|-100|0|-720|870|0:Eddie|Bill|Pluribus|MrOrange|MrWhite|MrBlonde
STATE:64:ffr250fr1050fr2675r10000f:9c9s|7hTh|8d4c|6c5h|JdAs|Jc2d:2775|-100|0|0|-2675|0:Bill|Pluribus|MrOrange|MrWhite|MrBlonde|Eddie
STATE:65:fffr287fr1300f:3h6d|4s3s|9sAd|Ah8d|4d5s|JcTs:-50|337|0|0|0|-287:Pluribus|MrOrange|MrWhite|MrBlonde|Eddie|Bill
STATE:66:fffff:4d5c|Ah6s|5hQc|Qs4c|6d8c|4h8h:-50|50|0|0|0|0:MrOrange|MrWhite|MrBlonde|Eddie|Bill|Pluribus
STATE:67:ffr287fff:2c9c|3dQs|Js4s|3hTh|9s9d|Jh5c:-50|-100|0|0|150|0:MrWhite|MrBlonde|Eddie|Bill|Pluribus|MrOrange
STATE:68:ffr232ffc/cr382c/cc/cc:3s7c|5d6c|6dKs|3dAc|KdQd|6hJh/Qh2s5h/3h/7h:-50|-382|0|0|432|0:MrBlonde|Eddie|Bill|Pluribus|MrOrange|MrWhite
STATE:69:ffr225fr1150ff:6h7h|2s9d|5hKc|5d3c|JdQc|6s9h:325|-100|0|0|-225|0:Eddie|Bill|Pluribus|MrOrange|MrWhite|MrBlonde
STATE:70:fffr222fc/cr372c/cr1002c/cc:4cKh|Td9h|8h2h|7s2d|6d7c|TsQc/3h9d9c/Tc/Jh:-50|1052|0|0|0|-1002:Bill|Pluribus|MrOrange|MrWhite|MrBlonde|Eddie
STATE:71:fffr287fc/cr599r1286c/cc/r2285c:3cKs|QhTc|4c8s|Jd4h|5h7s|AhJs/2hJc5c/Qs/2c:-50|2335|0|0|0|-2285:Pluribus|MrOrange|MrWhite|MrBlonde|Eddie|Bill
STATE:72:fffff:Qh3d|7hJc|9d5d|4d2d|8cQs|5cTh:-50|50|0|0|0|0:MrOrange|MrWhite|MrBlonde|Eddie|Bill|Pluribus
STATE:73:ffr287fff:Th5s|8cQs|6s8h|4s7d|KdKc|2sQh:-50|-100|0|0|150|0:MrWhite|MrBlonde|Eddie|Bill|Pluribus|MrOrange
STATE:74:fr225r650fffc/cr1205c/cr2530c/cc:Jc6s|Td5h|7c2s|AhQh|TsQs|Jh3s/4h4c7s/As/9d:-50|-100|0|2680|-2530|0:MrBlonde|Eddie|Bill|Pluribus|MrOrange|MrWhite
STATE:75:r225ffcff/cr625c/cr1625c/cr3625c:2cTc|Td5h|AdQc|3h7s|2hQs|9h9d/9sAsJc/8c/2d:-50|-100|-3625|0|0|3775:Eddie|Bill|Pluribus|MrOrange|MrWhite|MrBlonde
STATE:76:fr225fffc/cr600f:2hTd|5cQc|Jc2c|6c6s|Ad7s|ThAs/6h9h3c:-50|-225|0|275|0|0:Bill|Pluribus|MrOrange|MrWhite|MrBlonde|Eddie
STATE:77:r225ffffc/cc/r925f:AhTs|JdJh|QhKh|4d3c|As7h|2h9h/5dTd4s/9c:-50|275|-225|0|0|0:Pluribus|MrOrange|MrWhite|MrBlonde|Eddie|Bill
STATE:78:fffr225ff:Ac6d|3d6s|Qd4c|7h4s|7cJs|JdTc:-50|-100|0|0|0|150:MrOrange|MrWhite|MrBlonde|Eddie|Bill|Pluribus
STATE:79:r200fffff:Td3s|2cAd|KcJh|5cQd|6hQh|Ts3d:-50|-100|150|0|0|0:MrWhite|MrBlonde|Eddie|Bill|Pluribus|MrOrange
STATE:80:ffr200ffc/cc/r1010f:9sTd|7c9h|2cAs|TcKh|KsJd|4cQh/8c2d6s/5s:-50|250|0|0|-200|0:MrBlonde|Eddie|Bill|Pluribus|MrOrange|MrWhite
STATE:81:ffr225ffc/cr600c/r950c/cc:8d5h|5sAc|2s3s|9d8c|7sAs|7d5c/2h5d6c/6h/Kh:-50|1000|0|0|-950|0:Eddie|Bill|Pluribus|MrOrange|MrWhite|MrBlonde
STATE:82:r200ffffc/cc/cc/r425c:8cJh|Qc2c|KcAd|2d8s|JcAh|2h4s/Th6d9s/4c/Kh:-50|-425|475|0|0|0:Bill|Pluribus|MrOrange|MrWhite|MrBlonde|Eddie
STATE:83:ffffcc/cr200c/cr300c/cc:AdTc|Js4d|4cKd|JdTs|3sTd|8s2d/3c3hJc/2s/Qh:-300|300|0|0|0|0:Pluribus|MrOrange|MrWhite|MrBlonde|Eddie|Bill
STATE:84:fffr200fc/cr650c/cr2675f:Qs5c|Ad9s|3sTd|Qd4c|As8d|8sTh/Ks9h5s/8h:-50|-650|0|0|0|700:MrOrange|MrWhite|MrBlonde|Eddie|Bill|Pluribus
STATE:85:fffff:9c2d|Jd5h|4h7d|3sQd|6d2c|3d4c:-50|50|0|0|0|0:MrWhite|MrBlonde|Eddie|Bill|Pluribus|MrOrange
STATE:86:fr200fffc/cc/cc/cc:Jh2s|7dAh|4s3c|7c7h|5dTh|Qc2d/Ts2c8d/Jc/5c:-50|-200|0|250|0|0:MrBlonde|Eddie|Bill|Pluribus|MrOrange|MrWhite
STATE:87:ffr225fff:7s2s|Qd6c|7d6s|As4c|JhTh|9d8s:-50|-100|0|0|150|0:Eddie|Bill|Pluribus|MrOrange|MrWhite|MrBlonde
STATE:88:ffr250fr1050ff:AdAc|2c6d|7c5s|5c4d|JhQc|7h4s:350|-100|0|0|-250|0:Bill|Pluribus|MrOrange|MrWhite|MrBlonde|Eddie
STATE:89:fr250ffcf/cc/cr850c/cr2050f:QsKs|5c4h|3d5d|JhKc|5h9h|Tc9s/KdJc9d/5s/8s:-850|-100|0|950|0|0:Pluribus|MrOrange|MrWhite|MrBlonde|Eddie|Bill
STATE:90:fffff:4dKh|Ks2c|8s9h|7s5d|8h5c|4h7c:-50|50|0|0|0|0:MrOrange|MrWhite|MrBlonde|Eddie|Bill|Pluribus
STATE:91:r200ffffc/cr335c/cr1055f:4sKd|Kh4h|QdAc|7d3s|Qs2c|5h3h/2sAh3c/7s:-50|-335|385|0|0|0:MrWhite|MrBlonde|Eddie|Bill|Pluribus|MrOrange
STATE:92:fffr225fc/cr475f:Ah3h|2sJs|5hJd|7sAd|Qs9c|KcTs/Tc6h4s:-50|-225|0|0|0|275:MrBlonde|Eddie|Bill|Pluribus|MrOrange|MrWhite
STATE:93:r225fffcf/cc/cr362f:6cAc|Jh5c|4c4s|Tc7c|Kc4h|3sQh/QsJd2c/Kd:-225|-100|325|0|0|0:Eddie|Bill|Pluribus|MrOrange|MrWhite|MrBlonde
STATE:94:ffffr300c/r600f:KcAc|7cKs|Td5s|9h4h|9d3s|Qs3d/Ad3hJs:300|-300|0|0|0|0:Bill|Pluribus|MrOrange|MrWhite|MrBlonde|Eddie
STATE:95:fffr287ff:5h3s|Qs2d|Js4d|5sAh|8c7h|9c5c:-50|-100|0|0|0|150:Pluribus|MrOrange|MrWhite|MrBlonde|Eddie|Bill
STATE:96:fffr250ff:4hQc|Jc3d|Th2s|6dJh|Jd2c|6h6c:-50|-100|0|0|0|150:MrOrange|MrWhite|MrBlonde|Eddie|Bill|Pluribus
STATE:97:fffr244fc/cr419f:7d5c|8d7s|4dKs|7cQh|4h6c|9dJd/2cTsAs:-50|-244|0|0|0|294:MrWhite|MrBlonde|Eddie|Bill|Pluribus|MrOrange
STATE:98:r225fffff:2d3d|6c2c|AhQd|7c5s|8d5h|5c8c:-50|-100|150|0|0|0:MrBlonde|Eddie|Bill|Pluribus|MrOrange|MrWhite
STATE:99:fffr250fc/cr500f:9c4h|4c8c|8dAh|Kd4d|KsTh|JcAd/3hJsKc:-50|-250|0|0|0|300:Eddie|Bill|Pluribus|MrOrange|MrWhite|MrBlonde
STATE:100:fffr222fr850c/r1287f:Th9c|JdAd|Ah3s|5d7d|6d8s|2cAc/JhKd6s:-50|900|0|0|0|-850:Bill|Pluribus|MrOrange|MrWhite|MrBlonde|Eddie
STATE:101:fffr287cc/ccc/ccc/ccr717ff:TcTh|Ah9h|9c3s|2dJd|5sAc|AdQd/QcKs8d/7c/9d:-287|-287|0|0|0|574:Pluribus|MrOrange|MrWhite|MrBlonde|Eddie|Bill
