STATE:81:r250ffffc/cc/cr525c/cc:Th3c|Qs8h|JdKd|Ah3d|9s5s|5c4s/4h5hQc/9h/3s:-50|575|-525|0|0|0:MrBrown|MrBlue|Pluribus|Eddie|MrPink|MrOrange
STATE:82:ffffcc/cc/r250f:QhQs|6s2d|8h9s|4c9h|Jh2c|7c2h/Jd8c3d/5s:100|-100|0|0|0|0:MrBlue|Pluribus|Eddie|MrPink|MrOrange|MrBrown
STATE:83:fffr225fc/cc/cr525c/cr1350f:8h7d|Kd9d|8d3d|4sQs|3h2s|TdAs/Ad6s4d/Qh/Ac:-50|-525|0|0|0|575:Pluribus|Eddie|MrPink|MrOrange|MrBrown|MrBlue
STATE:84:r200ffr681ffc/cc/r1236r2547f:6d3s|Jh5d|9h9d|7d4s|TsQh|AhKc/5h4hKd/2d:-50|-100|-1236|0|0|1386:Eddie|MrPink|MrOrange|MrBrown|MrBlue|Pluribus
STATE:85:ffr200ffc/cr650f:8s5d|9hAc|Jh9s|Js4h|As8h|2s4d/KdTs5s:-50|-200|0|0|250|0:MrPink|MrOrange|MrBrown|MrBlue|Pluribus|Eddie
STATE:86:r225r825ffffc/cr2625f:AsJc|2dAh|8h9h|5cAc|3dTs|Kd7s/Td2h5s:-50|-100|-825|975|0|0:MrOrange|MrBrown|MrBlue|Pluribus|Eddie|MrPink
STATE:87:r225fffff:9hQd|5s8h|Kd6d|9d3h|6s6c|2dKc:-50|-100|150|0|0|0:MrBrown|MrBlue|Pluribus|Eddie|MrPink|MrOrange
STATE:88:fr210fr780fff:8s7c|Jh2c|2s5h|AhTd|KsJc|4s6s:-50|-100|0|-210|0|360:MrBlue|Pluribus|Eddie|MrPink|MrOrange|MrBrown
STATE:89:fffr225fc/cc/cr600c/cc:Ts5c|Kd8s|9h5h|4s9d|3c7c|KsQh/8hJcQc/Jh/Ad:-50|-600|0|0|0|650:Pluribus|Eddie|MrPink|MrOrange|MrBrown|MrBlue
STATE:90:fffr225ff:6s2h|8s5c|5s2s|Ts4s|8d4d|7hAc:-50|-100|0|0|0|150:Eddie|MrPink|MrOrange|MrBrown|MrBlue|Pluribus
STATE:91:fr225ffff:QcTd|3d9h|KcTs|JhQh|3s5s|Kh2s:-50|-100|0|150|0|0:MrPink|MrOrange|MrBrown|MrBlue|Pluribus|Eddie
STATE:92:fffr250fc/cr425f:4c2d|Tc2c|Kh2h|7c6d|5hQc|9d9c/7h5d7s:-50|-250|0|0|0|300:MrOrange|MrBrown|MrBlue|Pluribus|Eddie|MrPink
STATE:93:ffr210ffc/cc/cr445c/cr1045c:Ah5d|4c6d|9c5s|3d9s|Qh8h|Ac8d/6h9d3c/5c/6s:-50|1095|0|0|-1045|0:MrBrown|MrBlue|Pluribus|Eddie|MrPink|MrOrange
STATE:94:fffr275fc/cc/cr575f:As5c|6cQc|Js3h|Kh8c|3d6h|3sAd/8hAc9s/2h:-50|-275|0|0|0|325:MrBlue|Pluribus|Eddie|MrPink|MrOrange|MrBrown
STATE:95:fffff:9s6d|7cQh|4hJd|7dJh|7s3s|5sKh:-50|50|0|0|0|0:Pluribus|Eddie|MrPink|MrOrange|MrBrown|MrBlue
STATE:96:ffr225ccf/cr550ff:6d7c|3sTd|Ks6s|8s6c|JsTh|KcTc/5s5d2c:-225|-100|0|0|550|-225:Eddie|MrPink|MrOrange|MrBrown|MrBlue|Pluribus
STATE:97:fr225ffff:3h5h|Jd2d|5cKd|QdAd|9sJh|Kh8d:-50|-100|0|150|0|0:MrPink|MrOrange|MrBrown|MrBlue|Pluribus|Eddie
STATE:98:fffr250ff:6c7h|5h3d|Ts6d|Qh4d|Kc2d|JsQs:-50|-100|0|0|0|150:MrOrange|MrBrown|MrBlue|Pluribus|Eddie|MrPink
STATE:99:ffffr300c/cr550c/r1650f:QhTs|QdKs|5s3s|9c8s|5d4s|6c3d/Kc6hJs/Jd:550|-550|0|0|0|0:MrBrown|MrBlue|Pluribus|Eddie|MrPink|MrOrange
STATE:100:r200ffffc/cr600f:4h9s|7hKh|JdAd|5hKc|9hJs|3c9d/3sJhTs:-50|-200|250|0|0|0:MrBlue|Pluribus|Eddie|MrPink|MrOrange|MrBrown
STATE:101:ffffr275c/r550c/cc/cc:Kd9c|9s8s|5d8c|9dAc|8h2d|Td3c/Jc6h9h/7h/3h:550|-550|0|0|0|0:Pluribus|Eddie|MrPink|MrOrange|MrBrown|MrBlue
STATE:102:fr250ffff:9sKd|7sAc|Jd4h|AdQc|8hKh|6sKs:-50|-100|0|150|0|0:Eddie|MrPink|MrOrange|MrBrown|MrBlue|Pluribus
STATE:103:fffr225fc/cr375c/cc/cc:Th2s|KcJc|6h8s|Js9h|9dTs|4sQs/3c8h8d/3s/7d:-50|425|0|0|0|-375:MrPink|MrOrange|MrBrown|MrBlue|Pluribus|Eddie
STATE:104:fr200ffff:Jh7c|Ts2h|8hTd|8s9s|7hTc|7dTh:-50|-100|0|150|0|0:MrOrange|MrBrown|MrBlue|Pluribus|Eddie|MrPink
STATE:105:fr200ffcf/cr550f:7c8c|Jc2h|9s2d|2sAs|9hQd|Js3s/5d2cKh:-200|-100|0|300|0|0:MrBrown|MrBlue|Pluribus|Eddie|MrPink|MrOrange
STATE:106:ffr210fr1025fr2560r10000c///:KcAh|5h9h|Kh4c|3sTs|QhQc|Js4h/8d3c9d/Kd/Qs:-10000|-100|0|0|10100|0:MrBlue|Pluribus|Eddie|MrPink|MrOrange|MrBrown
STATE:107:fffr225ff:9h3h|Qc3d|QhJc|4dAh|7h2d|KhQd:-50|-100|0|0|0|150:Pluribus|Eddie|MrPink|MrOrange|MrBrown|MrBlue
STATE:108:fffr250r1150fr2350f:Ad9s|Td8d|6s7h|3h5s|3dJs|QcKs:-1150|-100|0|0|0|1250:Eddie|MrPink|MrOrange|MrBrown|MrBlue|Pluribus
STATE:109:fr225ffff:9dQs|3d2h|2sJh|6d5d|Ah5s|8cQh:-50|-100|0|150|0|0:MrPink|MrOrange|MrBrown|MrBlue|Pluribus|Eddie
STATE:110:fr225cffc/ccr405fc/cr950c/cr10000f:4c3h|8dTh|Kd4h|AhAs|7h7c|7d6s/5h4d3c/7s/3d:-50|-225|0|-950|1225|0:MrOrange|MrBrown|MrBlue|Pluribus|Eddie|MrPink
STATE:111:ffr210ffc/cr360c/cr1360f:Kc4h|8d8s|3h5d|3d8h|8cQc|7hTh/6c7cJd/Ks:-50|-360|0|0|410|0:MrBrown|MrBlue|Pluribus|Eddie|MrPink|MrOrange
STATE:112:fr210fcff/cc/cc/cc:2h6d|9dJs|7h5c|9c9s|6cKc|ThTs/3cKdAd/8h/Ah:-50|-100|0|-210|0|360:MrBlue|Pluribus|Eddie|MrPink|MrOrange|MrBrown
STATE:113:ffr250cff/cr500f:6dJs|Jc7h|9s4s|KcTd|KhTc|4c4h/9d5d5h:-50|-100|0|0|-250|400:Pluribus|Eddie|MrPink|MrOrange|MrBrown|MrBlue
STATE:114:ffr225fff:3sTh|2sKh|JhTd|2hAs|Kd3d|3c5h:-50|-100|0|0|150|0:Eddie|MrPink|MrOrange|MrBrown|MrBlue|Pluribus
STATE:115:ffr225fff:7h2c|4dTd|6h7s|Js3h|QcTh|5s3d:-50|-100|0|0|150|0:MrPink|MrOrange|MrBrown|MrBlue|Pluribus|Eddie
STATE:116:ffffr250f:8s9c|5c2h|3d7s|7c5d|4cKh|Td5s:100|-100|0|0|0|0:MrOrange|MrBrown|MrBlue|Pluribus|Eddie|MrPink
STATE:117:ffr210ffc/cr360f:Kc7d|9h6c|3d4d|5hTs|9dJd|7h3c/Tc5dKh:-50|-210|0|0|260|0:MrBrown|MrBlue|Pluribus|Eddie|MrPink|MrOrange
STATE:118:fffff:9h6s|5dJd|5hAs|KcTd|Ah9d|Qs7c:-50|50|0|0|0|0:MrBlue|Pluribus|Eddie|MrPink|MrOrange|MrBrown
STATE:119:fr205fccc/cccc/cccc/cccc:3s3c|4h7h|Qs8h|QhAs|Jh6d|Ah5h/7dJs9d/Jd/3h:615|-205|0|-205|0|-205:Pluribus|Eddie|MrPink|MrOrange|MrBrown|MrBlue
STATE:120:ffr225fr1200fr2625f:2sAs|6cTh|9cJd|Ts9d|AcKh|9sJc:-1200|-100|0|0|1300|0:Eddie|MrPink|MrOrange|MrBrown|MrBlue|Pluribus
STATE:121:fffr225fc/cr375f:2sTs|7dQd|9dKc|7s3h|Jh2h|JsQs/3s3d5s:-50|-225|0|0|0|275:MrPink|MrOrange|MrBrown|MrBlue|Pluribus|Eddie
STATE:122:ffffr250f:7cKh|8d5s|Td7s|4sJh|7d8s|3sKd:100|-100|0|0|0|0:MrOrange|MrBrown|MrBlue|Pluribus|Eddie|MrPink
STATE:123:ffr210ffc/cr360f:Tc2s|9cJd|5cAh|Ks3c|KcKd|Qh3s/2c8s2h:-50|-210|0|0|260|0:MrBrown|MrBlue|Pluribus|Eddie|MrPink|MrOrange
STATE:124:fffff:Qs4d|3cJd|Kh5s|5d3s|8c4h|2h7s:-50|50|0|0|0|0:MrBlue|Pluribus|Eddie|MrPink|MrOrange|MrBrown
STATE:125:fffr225fr1350f:Jd8h|QhQc|4dQs|Kc7c|3hAc|JhAd:-50|275|0|0|0|-225:Pluribus|Eddie|MrPink|MrOrange|MrBrown|MrBlue
STATE:126:ffr225ffc/cc/r375r975f:9sAh|7c6d|2s8h|TcJs|4h4c|2c7s/6h2d9c/4s:-50|-375|0|0|425|0:Eddie|MrPink|MrOrange|MrBrown|MrBlue|Pluribus
STATE:127:ffffr300c/cc/cc/cc:3h3c|9sJh|5s2h|Jc4c|5h4d|6s4h/2c7c9c/Qh/Kh:-300|300|0|0|0|0:MrPink|MrOrange|MrBrown|MrBlue|Pluribus|Eddie
STATE:128:fffff:7cJd|TdKc|3hAc|5h2s|7h6c|3c8h:-50|50|0|0|0|0:MrOrange|MrBrown|MrBlue|Pluribus|Eddie|MrPink
STATE:129:ffffcr350f:2hAs|3h6c|4cJs|Kc9d|8s5d|Kd3d:-100|100|0|0|0|0:MrBrown|MrBlue|Pluribus|Eddie|MrPink|MrOrange
STATE:130:r200r650fffff:Ts9s|8s8c|9hJh|KcKh|9c7c|7d7h:-50|-100|-200|350|0|0:MrBlue|Pluribus|Eddie|MrPink|MrOrange|MrBrown
STATE:131:fffr225fc/cr600f:Js5d|9sJc|9hTd|6d5h|4dTs|4hAh/2h3d7c:-50|-225|0|0|0|275:Pluribus|Eddie|MrPink|MrOrange|MrBrown|MrBlue
STATE:132:ffr225fff:Td6c|6d3s|7sJh|As9c|8dQd|Qs9d:-50|-100|0|0|150|0:Eddie|MrPink|MrOrange|MrBrown|MrBlue|Pluribus
STATE:133:fffr225ff:8cJh|3h2h|3dQc|7cJs|6sJc|QdTs:-50|-100|0|0|0|150:MrPink|MrOrange|MrBrown|MrBlue|Pluribus|Eddie
STATE:134:ffffr250c/r400c/cr900c/cr2050c:KhQs|5dQd|Ts7c|2h7h|Qc4d|Kc6s/Ks7d4h/3s/Jc:2050|-2050|0|0|0|0:MrOrange|MrBrown|MrBlue|Pluribus|Eddie|MrPink
STATE:135:ffr210r700fff:7c2d|9hJh|7s6h|3s8h|6cAc|KhQc:-50|-100|0|0|-210|360:MrBrown|MrBlue|Pluribus|Eddie|MrPink|MrOrange
STATE:136:fr210ffff:Jd7c|2cJh|Kd9c|KhAs|7d5s|Jc6h:-50|-100|0|150|0|0:MrBlue|Pluribus|Eddie|MrPink|MrOrange|MrBrown
STATE:137:ffr250cff/r575c/r1425c/cr3850f:Td3c|7c9s|Th9c|6s7h|QdJd|2d2c/TcAh2s/9h/Js:-50|-100|0|0|-1425|1575:Pluribus|Eddie|MrPink|MrOrange|MrBrown|MrBlue
STATE:138:ffr225r750fff:7h5c|7sTs|2hTh|3s7c|JhQc|KcKs:-50|-100|0|0|-225|375:Eddie|MrPink|MrOrange|MrBrown|MrBlue|Pluribus
STATE:139:ffr225fff:Qh5c|3dJc|9c8d|3h8c|4d4c|2sQs:-50|-100|0|0|150|0:MrPink|MrOrange|MrBrown|MrBlue|Pluribus|Eddie
STATE:140:ffffr250c/cc/cr500f:JcTs|JsTc|3sKc|6s2c|2h7c|2d6h/As4d5h/Qh:-250|250|0|0|0|0:MrOrange|MrBrown|MrBlue|Pluribus|Eddie|MrPink
STATE:141:ffr210fr950r2350fr10000f:QdAs|5cAc|8s7h|2c3h|8hJh|Td5s:2560|-2350|0|0|-210|0:MrBrown|MrBlue|Pluribus|Eddie|MrPink|MrOrange
STATE:142:fffff:3c9d|Ks4c|5d3s|Qs9c|7dKh|6dQh:-50|50|0|0|0|0:MrBlue|Pluribus|Eddie|MrPink|MrOrange|MrBrown
STATE:143:ffr250fff:4cQs|8h6s|8sQh|4dKd|KhJd|6d3h:-50|-100|0|0|150|0:Pluribus|Eddie|MrPink|MrOrange|MrBrown|MrBlue
STATE:144:ffr225fff:Jc7h|4c2s|Jd2h|Ah6c|TcKs|Js5h:-50|-100|0|0|150|0:Eddie|MrPink|MrOrange|MrBrown|MrBlue|Pluribus
STATE:145:fffr225ff:3d9s|3s5c|Qh8c|2c9d|Jd4h|Qs5s:-50|-100|0|0|0|150:MrPink|MrOrange|MrBrown|MrBlue|Pluribus|Eddie
STATE:146:fffff:9c3d|6c4s|5c2s|8hQc|9s3h|9h7s:-50|50|0|0|0|0:MrOrange|MrBrown|MrBlue|Pluribus|Eddie|MrPink
STATE:147:r200fffff:2d6s|7s4c|8dAd|7c6c|3h5h|QdTs:-50|-100|150|0|0|0:MrBrown|MrBlue|Pluribus|Eddie|MrPink|MrOrange
STATE:148:r200ffcfr525r2200ff:6dJc|TcQc|KhKc|Td2s|3h2d|AdJh:-50|-525|775|0|0|-200:MrBlue|Pluribus|Eddie|MrPink|MrOrange|MrBrown
STATE:149:fr205fffc/cc/r895f:7h6c|8h6h|Kd2d|8cAc|7d2s|4cAd/4s9h3h/6d:-50|255|0|-205|0|0:Pluribus|Eddie|MrPink|MrOrange|MrBrown|MrBlue
STATE:150:fr250fccc/cccc/cccc/cccc:5h5c|9cQs|Js2c|Ac6c|4h5d|As6s/8h2sTd/3h/Ah:-250|-250|0|250|0|250:Eddie|MrPink|MrOrange|MrBrown|MrBlue|Pluribus
STATE:151:r225cffcc/cccc/ccr675fff:Ah8h|5c6c|AdQh|6h6d|8d9d|3s2c/Th4sKd/Ac:-225|-225|675|-225|0|0:MrPink|MrOrange|MrBrown|MrBlue|Pluribus|Eddie
STATE:152:fffr250ff:6hJs|3d9c|6s9d|5d7c|2d8h|3hQh:-50|-100|0|0|0|150:MrOrange|MrBrown|MrBlue|Pluribus|Eddie|MrPink
STATE:153:fr200fcfc/ccr475cr1200fc/cr5200f:9dAh|6sJs|Jh3c|7h8h|Td2s|JcQc/5h8sQs/Kc:-50|-1200|0|1725|0|-475:MrBrown|MrBlue|Pluribus|Eddie|MrPink|MrOrange
STATE:154:r200fffff:5d9d|3c8s|Kc7c|Js4h|9sJh|Ac2h:-50|-100|150|0|0|0:MrBlue|Pluribus|Eddie|MrPink|MrOrange|MrBrown
STATE:155:fffff:2c5s|TdQc|8d7c|Kh8s|6c4c|6s3c:-50|50|0|0|0|0:Pluribus|Eddie|MrPink|MrOrange|MrBrown|MrBlue
STATE:156:ffr225ffc/cr425c/cc/cc:Ts6s|Qs9c|3cJs|5s4s|9h9s|7d4h/AsAhQd/5c/Jd:-50|475|0|0|-425|0:Eddie|MrPink|MrOrange|MrBrown|MrBlue|Pluribus
STATE:157:ffr200fcc/ccr800fc/cc/r1250c:QhKd|Ah2h|4dKh|8c7d|QcAd|Jh9d/8dAc5c/6d/3h:-200|-1250|0|0|1450|0:MrPink|MrOrange|MrBrown|MrBlue|Pluribus|Eddie
STATE:158:ffr210ffc/cr350c/cr950f:Tc5s|Ah5h|Jc2d|4sQc|KdTd|2sQd/Th4d5d/7c:-50|-350|0|0|400|0:MrOrange|MrBrown|MrBlue|Pluribus|Eddie|MrPink
STATE:159:fr200fcfc/ccc/ccc/r687cf:9s2h|9dTs|4dJs|9cAc|Qd8c|7s7h/5h8dAd/5d/Ah:-50|-687|0|937|0|-200:MrBrown|MrBlue|Pluribus|Eddie|MrPink|MrOrange
STATE:160:r200ffffc/cr335c/cr935c/cc:5d7c|JdTh|2d2s|2hAh|Jc9h|Tc4c/6dKsTs/Kc/8s:-50|985|-935|0|0|0:MrBlue|Pluribus|Eddie|MrPink|MrOrange|MrBrown
STATE:161:ffffcc/cr200f:6cQh|Ts9h|3c2d|Qc5s|9dTh|4d8s/9s5c2c:-100|100|0|0|0|0:Pluribus|Eddie|MrPink|MrOrange|MrBrown|MrBlue
STATE:162:ffffr235r705r2035f:AhAc|JcAd|9cKd|3d5h|4c2h|8h2d:705|-705|0|0|0|0:Eddie|MrPink|MrOrange|MrBrown|MrBlue|Pluribus
STATE:163:ffffcc/cc/cc/cc:As5c|7hJs|7dQc|Th3s|Tc9s|Qs5d/8dTd3h/7s/3d:-100|100|0|0|0|0:MrPink|MrOrange|MrBrown|MrBlue|Pluribus|Eddie
STATE:164:ffr210fff:9hQd|3h2d|7c5h|6s8h|4s4c|8sJc:-50|-100|0|0|150|0:MrOrange|MrBrown|MrBlue|Pluribus|Eddie|MrPink
STATE:165:ffr210fr875fc/r1775c/cc/cc:AcTc|3d4s|8sQc|Ah5c|Ad9d|8c6c/QhTdKd/8h/7s:1875|-100|0|0|-1775|0:MrBrown|MrBlue|Pluribus|Eddie|MrPink|MrOrange
STATE:166:ffffr300f:9c9d|2h8c|7s2d|KsTd|9h8s|Qd4s:100|-100|0|0|0|0:MrBlue|Pluribus|Eddie|MrPink|MrOrange|MrBrown
STATE:167:fffr225fc/cc/cc/r1225f:8c9d|2h4h|9s3h|Th5c|7d4d|JhKc/5s6dKd/Ac/3d:-50|275|0|0|0|-225:Pluribus|Eddie|MrPink|MrOrange|MrBrown|MrBlue
STATE:168:fffff:2hTc|3cTh|2cKd|QsJc|3dTd|5h3h:-50|50|0|0|0|0:Eddie|MrPink|MrOrange|MrBrown|MrBlue|Pluribus
STATE:169:fffff:5c7d|2s8d|3c4d|9c3h|Ts7h|2dAh:-50|50|0|0|0|0:MrPink|MrOrange|MrBrown|MrBlue|Pluribus|Eddie
STATE:170:ffr210fr1150cf/cr1850f:7d7h|QsTc|2c9h|Jh9d|3h3c|3s6c/JcAcAd:-1150|1360|0|0|-210|0:MrOrange|MrBrown|MrBlue|Pluribus|Eddie|MrPink
STATE:171:fr200fffc/cr335r875c/r2250c/cc:8hKh|JdAh|Qc2h|AdJs|2cTc|Qh9c/5hJc4h/Th/4c:-50|25|0|25|0|0:MrBrown|MrBlue|Pluribus|Eddie|MrPink|MrOrange
STATE:172:r200fcfr1125ffc/r2125c/cc/cc:KsKh|6c9h|Qs9s|Js3h|AsKc|3d7c/AdQh4d/6s/Ah:-2125|-100|-200|0|2425|0:MrBlue|Pluribus|Eddie|MrPink|MrOrange|MrBrown
STATE:173:fffr225fr1350f:4cTh|Ad9c|7h8d|Jd6c|7cJh|5hAs:-50|275|0|0|0|-225:Pluribus|Eddie|MrPink|MrOrange|MrBrown|MrBlue
STATE:174:fffr250fc/cc/r650f:Ah2c|9d7c|8h3h|8c6s|Kh2s|5s4s/7hTh9c/2h:-50|300|0|0|0|-250:Eddie|MrPink|MrOrange|MrBrown|MrBlue|Pluribus
STATE:175:ffr200ffr1200c/cc/cc/r1950f:6dKc|ThTc|3d2c|2dKh|4d4c|KdJs/8h9sKs/9c/3c:-50|1250|0|0|-1200|0:MrPink|MrOrange|MrBrown|MrBlue|Pluribus|Eddie
STATE:176:ffr210fff:2c7c|6h8c|6d4c|6c7h|TsAh|Jh4d:-50|-100|0|0|150|0:MrOrange|MrBrown|MrBlue|Pluribus|Eddie|MrPink
STATE:177:fffff:5d7s|6dAh|8c3h|Th2h|2c3d|Qc5h:-50|50|0|0|0|0:MrBrown|MrBlue|Pluribus|Eddie|MrPink|MrOrange
STATE:178:fffr250cf/cr500c/cc/cr900f:5s5h|6hAd|4hKd|Ts4c|9h7c|JcKs/JdJh8s/Kh/6d:-500|-100|0|0|0|600:MrBlue|Pluribus|Eddie|MrPink|MrOrange|MrBrown
STATE:179:r210fr650fffr2000f:KhTs|4s5c|KsKd|Td2h|5hAh|8d5s:-50|-100|800|0|-650|0:Pluribus|Eddie|MrPink|MrOrange|MrBrown|MrBlue
STATE:180:ffffr235r705c/cr1155c/cr2655f:4c6c|4h9h|Kh6d|2dAs|2cTs|4d8s/7h3s2h/9c:-1155|1155|0|0|0|0:Eddie|MrPink|MrOrange|MrBrown|MrBlue|Pluribus
STATE:181:ffr200ffc/cr650c/cr2675f:5s4h|6s9s|5d4s|4cJh|AsQc|Kc2s/6hJsQd/Tc:-50|-650|0|0|700|0:MrPink|MrOrange|MrBrown|MrBlue|Pluribus|Eddie
STATE:182:fffr250ff:2d7d|6d9s|Kh4h|Ts5h|7hAs|JhAc:-50|-100|0|0|0|150:MrOrange|MrBrown|MrBlue|Pluribus|Eddie|MrPink
STATE:183:r200ffffc/cr425r1100f:Kc3c|7s6d|QsKs|8s7d|Js2h|3d9d/5dKh4d:-50|475|-425|0|0|0:MrBrown|MrBlue|Pluribus|Eddie|MrPink|MrOrange
STATE:184:fffr250r1100ff:AdQc|TdQh|QdJc|7dKc|Th6h|4h5h:350|-100|0|0|0|-250:MrBlue|Pluribus|Eddie|MrPink|MrOrange|MrBrown
STATE:185:fffff:2d4c|3hTc|Kd6s|5dJc|Ts7c|6d9h:-50|50|0|0|0|0:Pluribus|Eddie|MrPink|MrOrange|MrBrown|MrBlue
STATE:186:r200ffcff/cr475f:As6h|Ah3d|Ad4d|9dTs|2d7d|8cTc/Js8sQh:-50|-100|-200|0|0|350:Eddie|MrPink|MrOrange|MrBrown|MrBlue|Pluribus
STATE:187:fr225fcfc/ccr405fc/cc/r1755f:3d4h|JhQc|8hKd|9c9d|7h6d|8c6c/4d2d8s/As/9s:-50|-225|0|680|0|-405:MrPink|MrOrange|MrBrown|MrBlue|Pluribus|Eddie
STATE:188:r225ffffr950f:8dTd|AcKc|6dAd|QcTs|9d2c|7h2s:-50|275|-225|0|0|0:MrOrange|MrBrown|MrBlue|Pluribus|Eddie|MrPink
STATE:189:ffr210fff:4d6d|8c3d|5cJh|Qs5s|KcAc|Ah7s:-50|-100|0|0|150|0:MrBrown|MrBlue|Pluribus|Eddie|MrPink|MrOrange
STATE:190:fr210ffff:Qs3s|5cJd|3d5d|Ah3h|8dTd|2s4h:-50|-100|0|150|0|0:MrBlue|Pluribus|Eddie|MrPink|MrOrange|MrBrown
STATE:191:r210fr650fffc/cc/r2250c/r10000c:5dAs|8d7c|JhJs|7s2c|KcKd|Tc4d/9h8s3c/5s/2h:-50|-100|-10000|0|10150|0:Pluribus|Eddie|MrPink|MrOrange|MrBrown|MrBlue
STATE:192:ffr225ffc/cr475r1475f:3cKd|QcJs|Kh4c|Ad8c|5s5h|Tc7d/AcTd3s:-50|525|0|0|-475|0:Eddie|MrPink|MrOrange|MrBrown|MrBlue|Pluribus
STATE:193:r250fffff:Ad2d|Kd3h|5d5s|6s4c|QhTd|4dTh:-50|-100|150|0|0|0:MrPink|MrOrange|MrBrown|MrBlue|Pluribus|Eddie
STATE:194:fr200fffc/cc/cc/cc:4d2h|AdQs|Ks7h|JdJh|9s6c|6d8c/8dQc8s/4h/Ah:-50|250|0|-200|0|0:MrOrange|MrBrown|MrBlue|Pluribus|Eddie|MrPink
STATE:195:r200fcffc/cr525cf/r2475f:2sTh|3d8d|QsKs|2d8c|Ah3h|2c9d/6dTcAc/2h:-50|-200|775|0|-525|0:MrBrown|MrBlue|Pluribus|Eddie|MrPink|MrOrange
STATE:196:fffr250cf/cr550c/cc/cc:6s6d|5c8h|Qh4h|Qs9c|2hQc|Kh3h/4d3s2s/Ts/As:650|-100|0|0|0|-550:MrBlue|Pluribus|Eddie|MrPink|MrOrange|MrBrown
STATE:197:ffffcr300f:2cAh|5s2s|Th9d|7s5c|Qh2d|9c5h:-100|100|0|0|0|0:Pluribus|Eddie|MrPink|MrOrange|MrBrown|MrBlue
STATE:198:r200ffcff/cc/cc/cc:Kc4s|As3d|JsJd|7sAc|8s9d|5s5h/Th9cJc/Ts/Qc:-50|-100|350|0|0|-200:Eddie|MrPink|MrOrange|MrBrown|MrBlue|Pluribus
STATE:199:ffr225fff:3sTc|4sTs|Js6d|7hQd|KdAd|2dKh:-50|-100|0|0|150|0:MrPink|MrOrange|MrBrown|MrBlue|Pluribus|Eddie
STATE:200:fr200fffc/cc/cc/cc:8sKs|TdAc|3sQd|Qs9s|6h5s|Ad4h/9c8c2h/4c/Kc:-50|250|0|-200|0|0:MrOrange|MrBrown|MrBlue|Pluribus|Eddie|MrPink
STATE:201:ffr210ffc/cr445c/cc/cr915c:7s2s|5cAh|Kc8s|Js3h|JhAc|3s2h/JcQcAd/7d/6s:-50|-915|0|0|965|0:MrBrown|MrBlue|Pluribus|Eddie|MrPink|MrOrange
STATE:202:fffff:9s5c|8cAd|7dTc|8hTd|Qc4d|9h7c:-50|50|0|0|0|0:MrBlue|Pluribus|Eddie|MrPink|MrOrange|MrBrown
STATE:203:fffff:5h8c|6dQd|Jc5c|9cJh|2d4h|Th7d:-50|50|0|0|0|0:Pluribus|Eddie|MrPink|MrOrange|MrBrown|MrBlue
STATE:204:fffr200fr1100f:As6h|7c6c|Qd4s|3h9d|5s8c|Td9s:-50|250|0|0|0|-200:Eddie|MrPink|MrOrange|MrBrown|MrBlue|Pluribus
STATE:205:ffr200r700ffc/cc/cr1150f:Js7h|5c7d|8cAh|9d3c|AcQc|Qh9h/3dJd2d/Kd:-50|-100|0|0|-700|850:MrPink|MrOrange|MrBrown|MrBlue|Pluribus|Eddie
STATE:206:ffffr250c/r400c/cc/r950c:Qh5h|6h7c|2d3d|7sTs|2sKh|2h5c/Jd6s2c/Th/8d:-950|950|0|0|0|0:MrOrange|MrBrown|MrBlue|Pluribus|Eddie|MrPink
