# name/game/hands/seed sample_game_99 ../lib/python-client/acpc_infrastructure/holdem.nolimit.6p.game 10000 99
#--t_response 600000000
#--t_hand 600000000
#--t_per_hand 600000000
STATE:0:r200r625ffffc/cr1225f:3cQs|Kc3s|AdQh|6c6s|5h7c|Qd2h/6h5dJc:-50|-100|-625|775|0|0:MrPink|Eddie|MrOrange|Bill|MrBlue|Pluribus
STATE:1:fr225ffr1100fc/cr2100c/cr4250f:QhAh|5c5h|3hJd|7c7s|As7d|6s8s/6c9hTd/Ks:-2100|-100|0|2200|0|0:Eddie|MrOrange|Bill|MrBlue|Pluribus|MrPink
STATE:2:r225fr700ffff:5s9s|5h8s|KhJh|9dKd|TsJs|9hTc:-50|-100|-225|0|375|0:MrOrange|Bill|MrBlue|Pluribus|MrPink|Eddie
STATE:3:fffr234ff:3hAd|Qc6d|KcTs|Th9d|4h3d|QdKd:-50|-100|0|0|0|150:Bill|MrBlue|Pluribus|MrPink|Eddie|MrOrange
STATE:4:r210fffff:Ts9h|Kh6s|KsQs|JsAd|3h8c|3sQc:-50|-100|150|0|0|0:MrBlue|Pluribus|MrPink|Eddie|MrOrange|Bill
STATE:5:ffffr200c/cc/r300f:8dQc|6d4d|7dAh|2hKs|4h7s|3h7h/JhThQh/Jc:200|-200|0|0|0|0:Pluribus|MrPink|Eddie|MrOrange|Bill|MrBlue
STATE:6:ffr225r675ffc/cc/cr2175c/cc:7d7s|QdTd|8s5h|Qs3s|9d9h|KhJh/9c2c3h/Jd/Qc:-50|-100|0|0|2325|-2175:MrPink|Eddie|MrOrange|Bill|MrBlue|Pluribus
STATE:7:fffr250ff:Qd8h|5s8c|9cQh|2hKd|As3c|JhTc:-50|-100|0|0|0|150:Eddie|MrOrange|Bill|MrBlue|Pluribus|MrPink
STATE:8:ffr210fff:2cKd|5c4s|KhTc|Td3s|AcTs|6s4h:-50|-100|0|0|150|0:MrOrange|Bill|MrBlue|Pluribus|MrPink|Eddie
STATE:9:ffffcr350c/cc/cr875c/cr2217f:9cTh|KdQc|Js2c|Qh8d|5cKh|7h6s/QdAd6h/Tc/As:-875|875|0|0|0|0:Bill|MrBlue|Pluribus|MrPink|Eddie|MrOrange
STATE:10:fr200fcfr1012fc/r2149c/cr3649f:5s8h|QcAc|7sQh|As8s|Qs2h|KsJs/JhTsTc/8d:-50|-2149|0|-200|0|2399:MrBlue|Pluribus|MrPink|Eddie|MrOrange|Bill
STATE:11:ffr225ffr1150f:Ks5h|AsAh|9sQd|2h4s|JsKh|5s4h:-50|275|0|0|-225|0:Pluribus|MrPink|Eddie|MrOrange|Bill|MrBlue
STATE:12:fr225fffc/cr575c/cr1175f:Jh8d|Jc7c|7sJd|9h9d|5d7d|8sTc/9c5h6d/Qh:-50|-575|0|625|0|0:MrPink|Eddie|MrOrange|Bill|MrBlue|Pluribus
STATE:13:fffr250r1100ff:AhAc|Jh6c|7dJc|7s5h|Qc9d|6sQs:350|-100|0|0|0|-250:Eddie|MrOrange|Bill|MrBlue|Pluribus|MrPink
STATE:14:fr250ffff:5hTs|5d2c|9cKh|JhJd|7hAc|3cTh:-50|-100|0|150|0|0:MrOrange|Bill|MrBlue|Pluribus|MrPink|Eddie
STATE:15:ffffcr350f:Qs4c|3c5d|2hKh|Ks3d|8dJc|6s9c:-100|100|0|0|0|0:Bill|MrBlue|Pluribus|MrPink|Eddie|MrOrange
STATE:16:fr200fffc/cr335c/cc/r695f:7d5s|Ac4c|Ks3d|8h8c|2cAh|AsTh/7h3sAd/Js/Jd:-50|385|0|-335|0|0:MrBlue|Pluribus|MrPink|Eddie|MrOrange|Bill
STATE:17:ffffr250f:TsJd|8c2s|8sKc|5d4d|Kh4s|6sTc:100|-100|0|0|0|0:Pluribus|MrPink|Eddie|MrOrange|Bill|MrBlue
STATE:18:r200fcfff/cc/cr612f:8s4d|Jd7s|AsJs|Qc8h|9s9h|5dQs/3h2c5h/9d:-50|-100|-200|0|350|0:MrPink|Eddie|MrOrange|Bill|MrBlue|Pluribus
STATE:19:r225fffff:3hTh|4c6c|4s4d|9c6h|5dKh|7d9h:-50|-100|150|0|0|0:Eddie|MrOrange|Bill|MrBlue|Pluribus|MrPink
STATE:20:fffr225ff:7sKh|2s4d|9h2c|6dKs|3cAs|8h8d:-50|-100|0|0|0|150:MrOrange|Bill|MrBlue|Pluribus|MrPink|Eddie
STATE:21:cfffr450fc/r1100f:KdJs|4sJh|AcKs|ThQs|3d5s|2dKh/7sQd9c:550|-100|-450|0|0|0:Bill|MrBlue|Pluribus|MrPink|Eddie|MrOrange
STATE:22:fr200ffff:6c2c|Kc6d|6h4d|ThQd|5s9h|4hKh:-50|-100|0|150|0|0:MrBlue|Pluribus|MrPink|Eddie|MrOrange|Bill
STATE:23:fr210ffff:5h2c|Ts3h|9cJs|KdQc|2s4d|7h2h:-50|-100|0|150|0|0:Pluribus|MrPink|Eddie|MrOrange|Bill|MrBlue
STATE:24:fr225fffc/cr375f:6cQs|As7c|Jd6h|7h8h|4c2d|7s8d/QcKhKd:-50|-225|0|275|0|0:MrPink|Eddie|MrOrange|Bill|MrBlue|Pluribus
STATE:25:ffffr235c/cc/cr510c/cr1287c:3hAc|3dQs|6s4c|Kc7d|9d5d|4d5h/Kh8hQh/3c/2s:-1287|1287|0|0|0|0:Eddie|MrOrange|Bill|MrBlue|Pluribus|MrPink
STATE:26:fr225fffc/cr475r975r2475r10000f:Js3d|As2s|9dTc|JdTd|Jh6d|9h6s/8s3s2d:-50|2525|0|-2475|0|0:MrOrange|Bill|MrBlue|Pluribus|MrPink|Eddie
STATE:27:r225fffff:Ac7h|6s9h|KsTd|Kd8c|Qd6d|Kc4s:-50|-100|150|0|0|0:Bill|MrBlue|Pluribus|MrPink|Eddie|MrOrange
STATE:28:fr200fccc/cccr520cff/cr1520f:QsJd|5h6d|5c9s|KdAd|5d6h|8s8c/8h4sTc/7s:-520|-200|0|-200|0|920:MrBlue|Pluribus|MrPink|Eddie|MrOrange|Bill
STATE:29:fffff:Qc3d|Kc3s|Jd5h|6hJs|4h7h|Td8h:-50|50|0|0|0|0:Pluribus|MrPink|Eddie|MrOrange|Bill|MrBlue
STATE:30:ffr225fr1050fc/r2150f:6d7d|AcQs|3s6h|9cJh|3h3d|Js4s/Td9h2c:1150|-100|0|0|-1050|0:MrPink|Eddie|MrOrange|Bill|MrBlue|Pluribus
STATE:31:fffff:7s3c|Qs2s|Qc8c|Kh9s|Kd5s|6s2h:-50|50|0|0|0|0:Eddie|MrOrange|Bill|MrBlue|Pluribus|MrPink
STATE:32:fr200fffr900c/cc/cc/cc:7d8s|QcQh|7h5d|6c6s|9h7c|8cKs/JcKhJs/Qs/Ts:-50|950|0|-900|0|0:MrOrange|Bill|MrBlue|Pluribus|MrPink|Eddie
STATE:33:r287ffffc/cr599f:TsJd|QhTd|5c5s|Tc7s|Th9s|8d7c/6cKcKs:-50|-287|337|0|0|0:Bill|MrBlue|Pluribus|MrPink|Eddie|MrOrange
STATE:34:fr200ffr925ff:KdKs|9c6s|4d7c|Kh5h|3h9h|7hAc:300|-100|0|-200|0|0:MrBlue|Pluribus|MrPink|Eddie|MrOrange|Bill
STATE:35:ffr225ffr1150f:7cTd|8s7s|Qc5s|4sAc|8dQd|As8h:-50|275|0|0|-225|0:Pluribus|MrPink|Eddie|MrOrange|Bill|MrBlue
STATE:36:ffffcr300c/cr750f:Ts5s|JhAd|6hJs|5h9s|6s7h|8dQc/Qh9d4h:-300|300|0|0|0|0:MrPink|Eddie|MrOrange|Bill|MrBlue|Pluribus
STATE:37:ffr200ffc/cr425f:8s2c|Qs9h|4dTd|6c2d|QdJh|As9d/5d3h7c:-50|-200|0|0|250|0:Eddie|MrOrange|Bill|MrBlue|Pluribus|MrPink
STATE:38:ffr210cfc/ccr380r760ff:Qh2h|Ad9c|Qs6h|6s9h|7h7s|5s5d/AsAhAc:-50|640|0|0|-210|-380:MrOrange|Bill|MrBlue|Pluribus|MrPink|Eddie
STATE:39:ffffcr350c/cr750f:9d8h|3h4s|Qs6h|5cJc|3dTs|7hTh/2h6cAs:-350|350|0|0|0|0:Bill|MrBlue|Pluribus|MrPink|Eddie|MrOrange
STATE:40:ffr215fr1050ff:Ks9s|7sTd|4c7d|Kd2c|Ad5d|6dAh:315|-100|0|0|-215|0:MrBlue|Pluribus|MrPink|Eddie|MrOrange|Bill
STATE:41:fffff:9c2s|Kc4c|2d7c|5dJc|8d7h|Kd5s:-50|50|0|0|0|0:Pluribus|MrPink|Eddie|MrOrange|Bill|MrBlue
STATE:42:ffr225fr1050ff:9s9c|4c3d|6cJd|6dTd|Ac8d|9d4s:325|-100|0|0|-225|0:MrPink|Eddie|MrOrange|Bill|MrBlue|Pluribus
STATE:43:ffr225fff:2d7s|3sTd|2h9d|Qc8d|KhAh|Qs4h:-50|-100|0|0|150|0:Eddie|MrOrange|Bill|MrBlue|Pluribus|MrPink
STATE:44:fr200ffff:ThQs|Qd8s|JsTc|4h4c|Kc4s|7s3d:-50|-100|0|150|0|0:MrOrange|Bill|MrBlue|Pluribus|MrPink|Eddie
STATE:45:r200fffff:4hTs|5hQd|AdJh|Qh6d|Kh8c|9h7c:-50|-100|150|0|0|0:Bill|MrBlue|Pluribus|MrPink|Eddie|MrOrange
STATE:46:ffffcc/r200f:Ah8c|Qd4h|2h7h|2d8s|Ad4c|2c6s/6d7sAs:100|-100|0|0|0|0:MrBlue|Pluribus|MrPink|Eddie|MrOrange|Bill
STATE:47:r200fr625ffff:8h6h|Tc3d|Kh7h|9cTh|AsKd|5d7d:-50|-100|-200|0|350|0:Pluribus|MrPink|Eddie|MrOrange|Bill|MrBlue
STATE:48:fffff:Jc4d|9d8c|Js8s|2c7c|8d5c|Jd6s:-50|50|0|0|0|0:MrPink|Eddie|MrOrange|Bill|MrBlue|Pluribus
STATE:49:r225ffffc/cr475c/cc/cc:7c3h|AsTs|8s8c|2s6c|9s2h|5d3d/4d6dAh/Jd/4h:-50|525|-475|0|0|0:Eddie|MrOrange|Bill|MrBlue|Pluribus|MrPink
STATE:50:fr225ffff:8h9s|6s5h|4c2h|AsAc|3c8s|Jh7d:-50|-100|0|150|0|0:MrOrange|Bill|MrBlue|Pluribus|MrPink|Eddie
STATE:51:ffffcc/r200f:4c4s|8s6c|8c2h|5d8d|2s3s|Jh3h/2dJsJc:100|-100|0|0|0|0:Bill|MrBlue|Pluribus|MrPink|Eddie|MrOrange
STATE:52:ffr215fff:4sKc|3sTd|Qc6h|9h5s|8hAh|Qd6c:-50|-100|0|0|150|0:MrBlue|Pluribus|MrPink|Eddie|MrOrange|Bill
STATE:53:fr205fcff/cc/cc/r549f:7sQc|Jd6h|2sKc|Jc9c|Th7d|KhAd/2dJs6s/2h/3h:-50|-100|0|355|0|-205:Pluribus|MrPink|Eddie|MrOrange|Bill|MrBlue
STATE:54:ffr225fff:7hJs|Tc6s|Ad5c|7s5s|8d7d|3h6d:-50|-100|0|0|150|0:MrPink|Eddie|MrOrange|Bill|MrBlue|Pluribus
STATE:55:fr225fffc/cr475f:6s4s|8s9d|Kc5s|Ah8h|4d5h|Js5d/Qh4c2d:-50|-225|0|275|0|0:Eddie|MrOrange|Bill|MrBlue|Pluribus|MrPink
STATE:56:fffr222fr999c/r1511f:9sTd|KdAs|6c4d|2cTh|7d8h|QhKh/5sAd2d:-50|1049|0|0|0|-999:MrOrange|Bill|MrBlue|Pluribus|MrPink|Eddie
STATE:57:fffr234ff:Qd5d|Jh5c|7h9s|Td8h|8s9h|6s6h:-50|-100|0|0|0|150:Bill|MrBlue|Pluribus|MrPink|Eddie|MrOrange
STATE:58:fr200ffff:5h2h|6d3h|4d7c|AcTs|2d7h|KsTh:-50|-100|0|150|0|0:MrBlue|Pluribus|MrPink|Eddie|MrOrange|Bill
STATE:59:r200ffffc/cr425f:Ad7h|6s5c|5h4h|5s6h|Ks2c|Jd7c/Ts8d9s:-50|-200|250|0|0|0:Pluribus|MrPink|Eddie|MrOrange|Bill|MrBlue
STATE:60:ffffr300f:QhKd|6sJd|JcQs|Kc9h|3c7d|7h6c:100|-100|0|0|0|0:MrPink|Eddie|MrOrange|Bill|MrBlue|Pluribus
STATE:61:ffffr300f:7d7h|4cTh|Kh4s|7cTd|Ah3c|9s4h:100|-100|0|0|0|0:Eddie|MrOrange|Bill|MrBlue|Pluribus|MrPink
STATE:62:fr225ffff:8hQs|4d3s|Ts7d|JdQc|Ac6h|5dJs:-50|-100|0|150|0|0:MrOrange|Bill|MrBlue|Pluribus|MrPink|Eddie
STATE:63:ffffcr350f:6d9c|3h4s|7d3d|5sJh|2cTh|8s5c:-100|100|0|0|0|0:Bill|MrBlue|Pluribus|MrPink|Eddie|MrOrange
STATE:64:fffr250cf/cr550c/cr1150f:QsTc|2d9h|4cTs|9d2s|8sTh|Js9c/4s8cQd/As:-550|-100|0|0|0|650:MrBlue|Pluribus|MrPink|Eddie|MrOrange|Bill
STATE:65:ffffr250c/r750f:5c9c|5hKh|3hJh|Ks3d|Js7h|Th3s/Jc4s8c:250|-250|0|0|0|0:Pluribus|MrPink|Eddie|MrOrange|Bill|MrBlue
STATE:66:ffr225ffc/cr475r1075c/cr1875c/cr8633f:Jc8c|QdAs|3s4h|5h4d|4s5s|5cQc/Ks2s6h/3d/7h:-50|-1875|0|0|1925|0:MrPink|Eddie|MrOrange|Bill|MrBlue|Pluribus
STATE:67:r225ffffc/cc/r975f:6dQs|TsKh|8s8c|2s9h|3hAs|4dTh/Qh4sJc/6c:-50|275|-225|0|0|0:Eddie|MrOrange|Bill|MrBlue|Pluribus|MrPink
STATE:68:ffr210fff:7dKh|Td6s|8c5c|2d7s|QcAh|7cTs:-50|-100|0|0|150|0:MrOrange|Bill|MrBlue|Pluribus|MrPink|Eddie
STATE:69:r225ffffc/cr725f:9d2s|6s9c|Ad4d|TdKd|3c9s|8dQs/3s2dQd:-50|-225|275|0|0|0:Bill|MrBlue|Pluribus|MrPink|Eddie|MrOrange
STATE:70:ffr215fff:2s8d|4cTs|4dTh|Ks2d|QhKd|9h5s:-50|-100|0|0|150|0:MrBlue|Pluribus|MrPink|Eddie|MrOrange|Bill
STATE:71:fffr225r1325ff:7cKc|4hJh|7s2h|6c9d|7d2s|6sAh:325|-100|0|0|0|-225:Pluribus|MrPink|Eddie|MrOrange|Bill|MrBlue
STATE:72:ffffcr300r1400r10000f:8sKs|KcAd|3hTd|7c3d|7s9h|8cJh:-1400|1400|0|0|0|0:MrPink|Eddie|MrOrange|Bill|MrBlue|Pluribus
STATE:73:ffffr300c/r450f:KdJd|Ah3s|As7h|6d4h|Qh2h|6s8d/5c6cJc:300|-300|0|0|0|0:Eddie|MrOrange|Bill|MrBlue|Pluribus|MrPink
STATE:74:r225fr700fffr2250c/r4000f:Qd7s|6c3h|QsQc|9c3c|AcTc|As6d/5hQh8s:-50|-100|2400|0|-2250|0:MrOrange|Bill|MrBlue|Pluribus|MrPink|Eddie
STATE:75:ffr200r700fr1800ff:2h3c|QdAc|Qc5s|3d2d|JdKh|9hAh:-50|950|0|0|-200|-700:Bill|MrBlue|Pluribus|MrPink|Eddie|MrOrange
STATE:76:fffr250fc/cr525f:3dJc|9dAs|2c6c|Qs4h|8d3h|Tc9c/QcKd2h:-50|-250|0|0|0|300:MrBlue|Pluribus|MrPink|Eddie|MrOrange|Bill
STATE:77:r200cfffc/ccc/ccc/ccc:Kc9h|5h5c|AsKd|JhAh|Jc8h|7d6h/Tc4h7s/7c/4d:-50|450|-200|-200|0|0:Pluribus|MrPink|Eddie|MrOrange|Bill|MrBlue
STATE:78:ffr225fff:9h8s|4s8c|Tc4h|6dQc|7dKd|2d7h:-50|-100|0|0|150|0:MrPink|Eddie|MrOrange|Bill|MrBlue|Pluribus
STATE:79:fffr250fc/cr430f:3s4c|5cAs|5dQd|3c9d|Kc4s|9cKd/TcTs4h:-50|-250|0|0|0|300:Eddie|MrOrange|Bill|MrBlue|Pluribus|MrPink
STATE:80:fffr222fc/cr672c/cc/cc:4cQc|8hTc|KcTd|6d2c|Qd6s|7c7h/9cAdTh/4h/Jc:-50|722|0|0|0|-672:MrOrange|Bill|MrBlue|Pluribus|MrPink|Eddie
STATE:81:ffr200fr850fc/r1750f:9c9h|ThKd|2d5h|TdKh|AsJc|6hQd/Ks9d8c:950|-100|0|0|-850|0:Bill|MrBlue|Pluribus|MrPink|Eddie|MrOrange
STATE:82:r210fffff:6s2d|9h5c|QhAh|Kh6c|Jc5d|7c2s:-50|-100|150|0|0|0:MrBlue|Pluribus|MrPink|Eddie|MrOrange|Bill
STATE:83:fr210ffff:4c5s|Ks5d|Kc4d|QcJc|Th9d|JsQh:-50|-100|0|150|0|0:Pluribus|MrPink|Eddie|MrOrange|Bill|MrBlue
STATE:84:ffr225fr1050ff:JsAh|8s7s|2sQd|9dAs|Kd4d|2h8d:325|-100|0|0|-225|0:MrPink|Eddie|MrOrange|Bill|MrBlue|Pluribus
STATE:85:ffffcc/cc/cc/r200f:7c8d|Jh5d|7h5s|3sKc|9sQc|7s3d/9hQh3c/2d/6h:100|-100|0|0|0|0:Eddie|MrOrange|Bill|MrBlue|Pluribus|MrPink
STATE:86:fffff:3sTh|Td5h|Qd4d|Ac6s|3hTc|Kh5s:-50|50|0|0|0|0:MrOrange|Bill|MrBlue|Pluribus|MrPink|Eddie
STATE:87:fffff:5hTc|8c7d|Qs2s|ThJc|9sKd|8dQh:-50|50|0|0|0|0:Bill|MrBlue|Pluribus|MrPink|Eddie|MrOrange
STATE:88:ffffr300f:3d2d|3cQs|9h5d|Ad2s|6cJs|4s2h:100|-100|0|0|0|0:MrBlue|Pluribus|MrPink|Eddie|MrOrange|Bill
STATE:89:r200ffcfc/ccr450fc/cr2300c/cc:Tc7h|8s7d|QcKc|5c3h|8cAs|AdQh/2d3dQd/Kh/Jh:-50|-200|2550|0|0|-2300:Pluribus|MrPink|Eddie|MrOrange|Bill|MrBlue
STATE:90:fffr225r1050fc/r1930r3910f:KdAs|2dAh|Jh8s|4h5c|2sTh|QcKs/4c9s6d:-1930|-100|0|0|0|2030:MrPink|Eddie|MrOrange|Bill|MrBlue|Pluribus
STATE:91:fr225ffcf/cr500r975c/cc/r4475f:7d8d|6s2d|Tc4s|2h3h|8h2s|Jh7c/5h3dTs/Jc/4h:1075|-100|0|-975|0|0:Eddie|MrOrange|Bill|MrBlue|Pluribus|MrPink
STATE:92:ffffr250c/r525f:AhTd|6dTs|JdQs|Ad6s|6c8d|Tc2d/AcQh9c:250|-250|0|0|0|0:MrOrange|Bill|MrBlue|Pluribus|MrPink|Eddie
STATE:93:fr210cffc/ccc/ccc/cr550ff:7sJs|TcTd|8s9d|AdQd|5h5d|5sJd/KhQs4d/6h/4s:-50|-210|0|470|-210|0:Bill|MrBlue|Pluribus|MrPink|Eddie|MrOrange
STATE:94:fffr250fc/cc/r1350c/cc:5cJd|Kh3h|Td4c|Ts2s|5d8c|AhJs/6c2h9h/As/7c:-50|-1350|0|0|0|1400:MrBlue|Pluribus|MrPink|Eddie|MrOrange|Bill
STATE:95:ffr225fff:9d6d|Qc4s|9h2d|6sKh|TdJc|4dAs:-50|-100|0|0|150|0:Pluribus|MrPink|Eddie|MrOrange|Bill|MrBlue
STATE:96:fr225fr675fff:4dQs|7sQh|Kh4h|Ad6d|8d6c|Ks9s:-50|-100|0|-225|0|375:MrPink|Eddie|MrOrange|Bill|MrBlue|Pluribus
STATE:97:fffr250ff:TcJh|2sKd|3c7d|5d7c|2h9d|6d6h:-50|-100|0|0|0|150:Eddie|MrOrange|Bill|MrBlue|Pluribus|MrPink
STATE:98:fr225fffc/cc/cc/r725c:AhTs|QhJs|4dQc|As5s|Td2h|6c9s/7h7s6d/Qs/Jd:-50|775|0|-725|0|0:MrOrange|Bill|MrBlue|Pluribus|MrPink|Eddie
STATE:99:fr210fffc/cc/cc/cr445f:2c8h|Kd4d|Qh9d|JhJc|Kh4c|As6d/3c9cQs/7s/5d:-50|-210|0|260|0|0:Bill|MrBlue|Pluribus|MrPink|Eddie|MrOrange
STATE:100:fffr250fc/cc/cc/cc:Qh6c|QcKh|Jc2d|8c7s|5dJh|Kc9d/Ad8d5c/6h/4c:-50|300|0|0|0|-250:MrBlue|Pluribus|MrPink|Eddie|MrOrange|Bill
STATE:101:r200ffcfc/cr363fc/cr1563f:8s5s|5h9h|QdAd|9cKh|7cKd|6d6s/Qh4s7h/2c:-50|-363|613|0|0|-200:Pluribus|MrPink|Eddie|MrOrange|Bill|MrBlue
STATE:102:fffr200r1000ff:KhJh|2d7s|6h7d|6c3h|4cKs|Tc8h:300|-100|0|0|0|-200:MrPink|Eddie|MrOrange|Bill|MrBlue|Pluribus
STATE:103:fr225fr700ffc/cr1200c/cr2900f:5sTs|2dQh|4cJc|8h8d|4s5c|AsAc/Qc6s9h/6c:-50|-100|0|-1200|0|1350:Eddie|MrOrange|Bill|MrBlue|Pluribus|MrPink
STATE:104:ffr210fff:9s3h|5c8s|3s6c|7hAc|KcTd|Qd4s:-50|-100|0|0|150|0:MrOrange|Bill|MrBlue|Pluribus|MrPink|Eddie
STATE:105:r250ffcfc/ccc/r1370ff:3c5s|Jh9h|TcTs|4d3s|3h2d|KcQc/2s8s2h/Kh:-50|550|-250|0|0|-250:Bill|MrBlue|Pluribus|MrPink|Eddie|MrOrange
STATE:106:fr200fffr1100f:4cKc|QsJs|3c3h|JcKh|9sQc|3s5d:-50|250|0|-200|0|0:MrBlue|Pluribus|MrPink|Eddie|MrOrange|Bill
STATE:107:ffr225ffc/cr475f:4c5s|2h6h|6c4h|5c2c|7c9c|Ks9d/7dTd3h:-50|-225|0|0|275|0:Pluribus|MrPink|Eddie|MrOrange|Bill|MrBlue
STATE:108:r200fffff:8dKc|9h3d|KsKd|4s4d|Tc5d|Qd5s:-50|-100|150|0|0|0:MrPink|Eddie|MrOrange|Bill|MrBlue|Pluribus
STATE:109:fffr250ff:Jh5c|Td5h|Jd5d|2hTc|4cQc|9sJc:-50|-100|0|0|0|150:Eddie|MrOrange|Bill|MrBlue|Pluribus|MrPink
STATE:110:r225fffff:7c5s|8hJc|7sAs|Ts2c|Th2d|Jd7h:-50|-100|150|0|0|0:MrOrange|Bill|MrBlue|Pluribus|MrPink|Eddie
STATE:111:ffffcr350f:3s8s|JsKc|Ts4s|Qc4c|As4h|8hTc:-100|100|0|0|0|0:Bill|MrBlue|Pluribus|MrPink|Eddie|MrOrange
STATE:112:fffff:4sJd|6cAh|Kh3s|7s9d|4dAc|7h8c:-50|50|0|0|0|0:MrBlue|Pluribus|MrPink|Eddie|MrOrange|Bill
STATE:113:fffff:2hKd|9h3c|4dTh|2s7h|5dTc|5c2c:-50|50|0|0|0|0:Pluribus|MrPink|Eddie|MrOrange|Bill|MrBlue
STATE:114:ffr225cfc/ccr587ff:TcQh|7d9s|3dTd|7hQd|AdJh|TsJc/2s4s6c:-50|-225|0|0|-225|500:MrPink|Eddie|MrOrange|Bill|MrBlue|Pluribus
STATE:115:fr225fcff/cc/r625c/cc:Qs6d|2s6c|5cKd|5h3h|2hKs|9dJd/6h6s9c/7c/7s:-50|-100|0|-625|0|775:Eddie|MrOrange|Bill|MrBlue|Pluribus|MrPink
STATE:116:ffr210fff:9c4d|5d3h|ThKc|2h6s|TsAh|3c5h:-50|-100|0|0|150|0:MrOrange|Bill|MrBlue|Pluribus|MrPink|Eddie
STATE:117:r200ffffc/cr425f:Qc4d|Ah2s|JcAs|3d9h|6sKs|7d6h/9s5sQd:-50|-200|250|0|0|0:Bill|MrBlue|Pluribus|MrPink|Eddie|MrOrange
STATE:118:ffffr300f:KdQc|3h6s|4dJc|3d5h|2cQs|Qd8c:100|-100|0|0|0|0:MrBlue|Pluribus|MrPink|Eddie|MrOrange|Bill
STATE:119:ffr225r780ffr2225f:Ks8h|2c4h|Tc6d|Qh9d|AsKd|9sQs:-50|-100|0|0|930|-780:Pluribus|MrPink|Eddie|MrOrange|Bill|MrBlue
STATE:120:fffff:4h3s|Jd8h|7d5h|5cQc|8cKh|9h6s:-50|50|0|0|0|0:MrPink|Eddie|MrOrange|Bill|MrBlue|Pluribus
STATE:121:fr225ffff:9c5c|8c4s|3hJh|TcAd|8dJs|3d2c:-50|-100|0|150|0|0:Eddie|MrOrange|Bill|MrBlue|Pluribus|MrPink
STATE:122:fffr222fc/cr322c/cc/cr669c:Qc2s|7c9s|TdAc|9d4s|4h3d|QhKs/9hKcAd/3c/2d:-50|-669|0|0|0|719:MrOrange|Bill|MrBlue|Pluribus|MrPink|Eddie
STATE:123:ffr200fr850cf/cr1665f:Ad2d|AsQs|7s2c|Td7c|Ks9s|4h6s/Kc4c9h:-850|1050|0|0|-200|0:Bill|MrBlue|Pluribus|MrPink|Eddie|MrOrange
STATE:124:fffr250ff:3hKc|3c8h|JsQh|2cQs|7h9d|Ad9h:-50|-100|0|0|0|150:MrBlue|Pluribus|MrPink|Eddie|MrOrange|Bill
STATE:125:fffr225fc/cc/cc/cr537f:2cKs|3dQd|6c9c|Kc8c|3c6h|TdQs/7s6sTc/3h/9s:-50|-225|0|0|0|275:Pluribus|MrPink|Eddie|MrOrange|Bill|MrBlue
STATE:126:ffr225fr1050ff:JhAh|Kh2s|9hAs|5d7h|4dJd|9c5c:325|-100|0|0|-225|0:MrPink|Eddie|MrOrange|Bill|MrBlue|Pluribus
STATE:127:ffr225ffc/cr475f:5c4d|JdKs|TdQs|4sKc|AsQc|6hKd/2hTc8s:-50|-225|0|0|275|0:Eddie|MrOrange|Bill|MrBlue|Pluribus|MrPink
STATE:128:r225fffff:4h5h|Tc4s|AdJd|2c2s|6d9h|Qc7d:-50|-100|150|0|0|0:MrOrange|Bill|MrBlue|Pluribus|MrPink|Eddie
STATE:129:fr210fffc/cr510f:4s3h|6s8c|Kc4c|3s3c|6d4h|Qs6c/TsJsKd:-50|-210|0|260|0|0:Bill|MrBlue|Pluribus|MrPink|Eddie|MrOrange
STATE:130:fffff:6dTc|8s3h|Ac8h|9h8c|Th2d|Kh4c:-50|50|0|0|0|0:MrBlue|Pluribus|MrPink|Eddie|MrOrange|Bill
STATE:131:ffffcc/cc/r200f:Ah2s|3h6d|7h4c|9d8c|3d6s|2c9c/QhJcTh/8h:100|-100|0|0|0|0:Pluribus|MrPink|Eddie|MrOrange|Bill|MrBlue
STATE:132:ffffcc/r200f:Ad4h|3d2h|5cJs|6cTs|Tc2c|3cTd/Th4sKs:100|-100|0|0|0|0:MrPink|Eddie|MrOrange|Bill|MrBlue|Pluribus
STATE:133:r225fr750fffc/cr1575c/cc/cc:2dKs|AsTc|QdQh|4c8s|8c8h|Ac7s/6s2s4d/2c/Ah:-50|-100|1725|0|-1575|0:Eddie|MrOrange|Bill|MrBlue|Pluribus|MrPink
STATE:134:fffr222fc/cr372f:3dJh|2d2s|Ad7h|8c3h|5cKd|Js4s/Qd6hKh:-50|-222|0|0|0|272:MrOrange|Bill|MrBlue|Pluribus|MrPink|Eddie
STATE:135:ffr200ffc/cr605f:8s6h|Ac7c|Ts4c|6d3s|JsKc|Jd5h/6c9s3d:-50|-200|0|0|250|0:Bill|MrBlue|Pluribus|MrPink|Eddie|MrOrange
STATE:136:ffr210fcc/ccc/r682ff:QdJd|5s4d|7s9h|3c2s|3h3d|9cTs/8dKc6d/Kh:420|-210|0|0|-210|0:MrBlue|Pluribus|MrPink|Eddie|MrOrange|Bill
STATE:137:r200fffff:8hKs|2sTh|KdQh|2hTs|7d3s|4hKc:-50|-100|150|0|0|0:Pluribus|MrPink|Eddie|MrOrange|Bill|MrBlue
STATE:138:fffff:Kc4d|KdAd|8hJd|3sQd|5s2h|6c3c:-50|50|0|0|0|0:MrPink|Eddie|MrOrange|Bill|MrBlue|Pluribus
STATE:139:r225cffff/r525r1125f:5hTs|6s3d|Ac7c|QcQs|2s2c|Kc2h/Qd8h8c:-50|-100|-525|675|0|0:Eddie|MrOrange|Bill|MrBlue|Pluribus|MrPink
STATE:140:fffr222fc/cr372f:Ks9d|9s4s|Kc3h|5s9h|Jc8s|Ad4c/TcKh5c:-50|-222|0|0|0|272:MrOrange|Bill|MrBlue|Pluribus|MrPink|Eddie
STATE:141:ffr200fff:2h9s|4cJs|6s4d|3cKs|3dAd|7hKc:-50|-100|0|0|150|0:Bill|MrBlue|Pluribus|MrPink|Eddie|MrOrange
STATE:142:ffffr300c/cc/cr600c/cr2400f:8cAc|3d9d|2h5h|3h2s|2c9h|Qd8h/Qc7c7d/Qh/4d:-600|600|0|0|0|0:MrBlue|Pluribus|MrPink|Eddie|MrOrange|Bill
STATE:143:fffff:Th6d|8c2c|Kh8s|3c4d|5s9h|4hQs:-50|50|0|0|0|0:Pluribus|MrPink|Eddie|MrOrange|Bill|MrBlue
STATE:144:ffffr300r900c/cr1350r2300c/r3450c/r10000f:8dTd|JhQh|3s9h|5c6s|2s8h|Jd4h/QsJs5s/4s/6c:3450|-3450|0|0|0|0:MrPink|Eddie|MrOrange|Bill|MrBlue|Pluribus
STATE:145:fffff:3h8h|4s5h|2d4c|Ts5d|7d9s|5sTd:-50|50|0|0|0|0:Eddie|MrOrange|Bill|MrBlue|Pluribus|MrPink
STATE:146:fffff:4cKd|6h3d|2s8c|5hJh|Ts6s|2dQh:-50|50|0|0|0|0:MrOrange|Bill|MrBlue|Pluribus|MrPink|Eddie
STATE:147:fr210ffff:7c9s|Qc6h|8c3c|AhAd|Jc2c|KsJd:-50|-100|0|150|0|0:Bill|MrBlue|Pluribus|MrPink|Eddie|MrOrange
STATE:148:fffff:Kh2d|6cJh|6dAc|3c5c|Ad7c|Js5h:-50|50|0|0|0|0:MrBlue|Pluribus|MrPink|Eddie|MrOrange|Bill
STATE:149:ffffr275c/cc/cc/cc:KdJd|9hKc|5d9s|2dTh|3h5c|3c7c/Ac2sQh/5s/8c:275|-275|0|0|0|0:Pluribus|MrPink|Eddie|MrOrange|Bill|MrBlue
STATE:150:fr225fffc/cc/r975f:Ts3d|As6d|Th3h|JsJd|7sQd|8d6h/QsAc3s/9h:-50|275|0|-225|0|0:MrPink|Eddie|MrOrange|Bill|MrBlue|Pluribus
STATE:151:r225fffff:Jc4d|Qh5h|6h6c|3cKc|6sAc|3d4s:-50|-100|150|0|0|0:Eddie|MrOrange|Bill|MrBlue|Pluribus|MrPink
STATE:152:r225fffff:QsKd|4c7c|5c6c|Qc2s|2c7d|4h3c:-50|-100|150|0|0|0:MrOrange|Bill|MrBlue|Pluribus|MrPink|Eddie
STATE:153:ffr200ffc/cc/r537f:7hAd|6sJh|8cJd|7s2h|5h5s|3hKc/Js9h6d/4d:-50|250|0|0|-200|0:Bill|MrBlue|Pluribus|MrPink|Eddie|MrOrange
STATE:154:r210fffff:Qc3c|2d6c|5c5s|Qs3s|8d5h|4hJh:-50|-100|150|0|0|0:MrBlue|Pluribus|MrPink|Eddie|MrOrange|Bill
STATE:155:ffr225ffc/cr475c/cc/r775c:Td3h|7dAc|Kh4h|5dQc|TcQs|4s2h/AhJc9d/Qh/4c:-50|825|0|0|-775|0:Pluribus|MrPink|Eddie|MrOrange|Bill|MrBlue
STATE:156:fffr250ff:Qh5h|4h8d|2d5d|Jc7c|3sQc|8h9h:-50|-100|0|0|0|150:MrPink|Eddie|MrOrange|Bill|MrBlue|Pluribus
STATE:157:fr225fffr1200c/cc/cc/r3088f:7cJs|6c5c|3cQd|5d4d|8s7h|2h3h/8h8dJh/9s/9d:-50|1250|0|-1200|0|0:Eddie|MrOrange|Bill|MrBlue|Pluribus|MrPink
STATE:158:fffr222ff:2c8h|6s3h|4d6h|4cKs|5s6c|JsQd:-50|-100|0|0|0|150:MrOrange|Bill|MrBlue|Pluribus|MrPink|Eddie
STATE:159:ffffcr350c/cc/r800f:AsTd|3s4h|6d2d|Tc4d|4s6h|5c2h/QdAd9s/8h:350|-350|0|0|0|0:Bill|MrBlue|Pluribus|MrPink|Eddie|MrOrange
STATE:160:ffffr300c/cr900f:AcQh|6cAd|3sQd|8cTh|3h2c|Kh7d/5sJh6s:-300|300|0|0|0|0:MrBlue|Pluribus|MrPink|Eddie|MrOrange|Bill
STATE:161:ffr225fff:3h2c|6hJs|3d8h|Kd4s|2s2h|JcQd:-50|-100|0|0|150|0:Pluribus|MrPink|Eddie|MrOrange|Bill|MrBlue
STATE:162:fr225ffff:6hJc|3sTd|JhKs|KhTh|6s8c|8h4c:-50|-100|0|150|0|0:MrPink|Eddie|MrOrange|Bill|MrBlue|Pluribus
STATE:163:ffffcc/cc/cc/cc:As2d|Jc2s|8s6s|5c9c|Tc4c|3h6d/7s2c8h/4d/Kh:100|-100|0|0|0|0:Eddie|MrOrange|Bill|MrBlue|Pluribus|MrPink
STATE:164:fffff:2c9s|5d9d|7dTh|Tc2s|8c5c|7s6c:-50|50|0|0|0|0:MrOrange|Bill|MrBlue|Pluribus|MrPink|Eddie
STATE:165:ffr200ffc/cr300c/cc/cc:Jc3d|Jh6h|8hQc|Js6c|Td7d|Ks9h/AhAcKh/3s/7c:-50|-300|0|0|350|0:Bill|MrBlue|Pluribus|MrPink|Eddie|MrOrange
STATE:166:fr200fffc/cr605c/cr1865c/cc:4c3h|Jc3c|Jd9s|As7s|Ac9d|5c6h/7c6sJs/6d/5d:-50|1915|0|-1865|0|0:MrBlue|Pluribus|MrPink|Eddie|MrOrange|Bill
STATE:167:ffr225ffc/cr475c/cc/cc:Ad6c|5d5s|Qs2s|Js8c|Ts8s|Th6d/2h3sTc/Kh/6s:-50|-475|0|0|525|0:Pluribus|MrPink|Eddie|MrOrange|Bill|MrBlue
STATE:168:fffr225fc/cr475c/cr1975c/cr5975f:Td2s|6s7h|Ad9h|4c5h|8s5c|JsQh/4s8d6h/3s/Kh:-50|-1975|0|0|0|2025:MrPink|Eddie|MrOrange|Bill|MrBlue|Pluribus
STATE:169:fr225fcff/r675f:8cQh|4sJd|4c6d|Ah4h|9d5d|QdAs/Js2c3d:-50|-100|0|375|0|-225:Eddie|MrOrange|Bill|MrBlue|Pluribus|MrPink
STATE:170:fr225r700fffr1800r10000c///:6sTc|Js4c|Jd7s|AdAs|AcKd|Td7c/3d8dTh/6h/Ts:-50|-100|0|10150|-10000|0:MrOrange|Bill|MrBlue|Pluribus|MrPink|Eddie
STATE:171:fffr234ff:6d3c|6sJd|2h9d|4s8h|7d9s|Kc6c:-50|-100|0|0|0|150:Bill|MrBlue|Pluribus|MrPink|Eddie|MrOrange
STATE:172:fffr250r1100fc/cr1950c/cr4350c/r10000f:6s6c|9c7c|9s5h|8h2s|9d4h|JhQh/5s3h4d/Jc/6h:4450|-100|0|0|0|-4350:MrBlue|Pluribus|MrPink|Eddie|MrOrange|Bill
STATE:173:r200cfr700ffcc/ccr1525fc/cc/r4675f:8h6c|3s2s|JhJd|QdAd|JsQc|7s7d/KdKsTs/9s/4c:-50|-100|-700|2375|0|-1525:Pluribus|MrPink|Eddie|MrOrange|Bill|MrBlue
STATE:174:ffr225cff/r525r1125c/cc/cc:6c3h|4hKd|Qc2h|Th8d|5hKh|7s7c/3cTd5c/2s/9h:-50|-100|0|0|-1125|1275:MrPink|Eddie|MrOrange|Bill|MrBlue|Pluribus
STATE:175:ffffcr325f:7sQc|5d6s|TcQh|6cAh|Qd2d|Td7c:-100|100|0|0|0|0:Eddie|MrOrange|Bill|MrBlue|Pluribus|MrPink
STATE:176:r225cfffc/cr525cf/cr2512f:Ah4c|As6s|8dTd|AcKh|Jh9d|9c2c/Th3s2h/6c:-50|-225|-525|800|0|0:MrOrange|Bill|MrBlue|Pluribus|MrPink|Eddie
STATE:177:fffr234ff:Jc8c|3sTh|2h8d|9dJs|2dQd|8hAs:-50|-100|0|0|0|150:Bill|MrBlue|Pluribus|MrPink|Eddie|MrOrange
STATE:178:r210fffff:4d6h|8hKc|AsQh|3sKs|2dAd|8s7h:-50|-100|150|0|0|0:MrBlue|Pluribus|MrPink|Eddie|MrOrange|Bill
STATE:179:ffr225cfr1350fc/r3150f:4hJh|AdQc|8sTd|6c9d|JsKh|6h7h/2sKcJc:-50|1625|0|0|-225|-1350:Pluribus|MrPink|Eddie|MrOrange|Bill|MrBlue
STATE:180:ffr225ffc/cc/r1025c/r4625c:Jd5s|ThTd|Jc6c|Qh4c|QcAc|2hKh/QsTcAd/9d/7h:-50|4675|0|0|-4625|0:MrPink|Eddie|MrOrange|Bill|MrBlue|Pluribus
STATE:181:r225fcr850ffff:2c9h|2d5d|4cAc|7d8h|AhQd|QhQs:-50|-100|-225|0|-225|600:Eddie|MrOrange|Bill|MrBlue|Pluribus|MrPink
STATE:182:ffr210fff:Jc3h|8d3s|5sAh|6c3d|JhAs|6h4h:-50|-100|0|0|150|0:MrOrange|Bill|MrBlue|Pluribus|MrPink|Eddie
STATE:183:r200fffff:4d5s|2cTh|AdAs|Td8s|JcQh|9dKd:-50|-100|150|0|0|0:Bill|MrBlue|Pluribus|MrPink|Eddie|MrOrange
STATE:184:r210ffcfc/ccr460ff:2d8d|3d3c|QsKs|TsAh|2c5c|ThJh/7d4dTc:-50|-210|-210|0|0|470:MrBlue|Pluribus|MrPink|Eddie|MrOrange|Bill
STATE:185:ffffr300f:4s4h|2cTd|9sQh|AcTs|5c9h|Jh5s:100|-100|0|0|0|0:Pluribus|MrPink|Eddie|MrOrange|Bill|MrBlue
STATE:186:ffr225ffc/cc/cc/r725f:Qc3s|4dAc|Jd6c|2s6h|Qd3d|5dKc/As8h9c/3h/Ts:-50|275|0|0|-225|0:MrPink|Eddie|MrOrange|Bill|MrBlue|Pluribus
STATE:187:ffffcr325c/cc/cc/cc:6d9d|4d4c|Tc6h|As5h|4hTh|7s2c/Qd8h5d/Kh/3h:-325|325|0|0|0|0:Eddie|MrOrange|Bill|MrBlue|Pluribus|MrPink
STATE:188:r225ffcfc/ccr405cf/cr1285f:Js8s|6hKh|4c4h|9h8h|3h8d|Kc9c/Qd9dTh/5c:-50|-405|-225|0|0|680:MrOrange|Bill|MrBlue|Pluribus|MrPink|Eddie
STATE:189:fffff:3h6c|8sJh|7hQh|9s8d|3dQc|5hQs:-50|50|0|0|0|0:Bill|MrBlue|Pluribus|MrPink|Eddie|MrOrange
STATE:190:r210ffffc/cr445f:7h8s|6s9s|6c7c|3sKc|2h5s|Js6h/2d4c7d:-50|-210|260|0|0|0:MrBlue|Pluribus|MrPink|Eddie|MrOrange|Bill
STATE:191:fr210fffc/cr435c/cr1135c/cr2885f:5cKh|AcTd|9d6s|KsJh|3c2c|4d8h/4sQhTc/4h/5h:-50|-1135|0|1185|0|0:Pluribus|MrPink|Eddie|MrOrange|Bill|MrBlue
STATE:192:ffr225fcc/ccc/ccc/r900ff:6cKc|8s7h|5s3s|JdTc|As4h|2d3h/8cTsKd/Th/Ks:450|-225|0|0|-225|0:MrPink|Eddie|MrOrange|Bill|MrBlue|Pluribus
STATE:193:r225fcffc/ccc/ccc/ccc:2s7d|7c9c|KcQs|2dQh|9h9s|Ac8d/5cKhJh/As/7s:-50|-225|500|0|-225|0:Eddie|MrOrange|Bill|MrBlue|Pluribus|MrPink
