# name/game/hands/seed sample_game_62 ../lib/python-client/acpc_infrastructure/holdem.nolimit.6p.game 10000 62
#--t_response 600000000
#--t_hand 600000000
#--t_per_hand 600000000
STATE:0:fffr225fc/cr475c/cr975c/cr1975c:4c2h|5c6d|QsTc|9dTs|7cJh|KdKh/3sKc5h/6h/8h:-50|-1975|0|0|0|2025:MrBlue|MrPink|Bill|Eddie|Joe|Pluribus
STATE:1:ffffcr350r1450c/r2600c/r5200c/r10000c:QdQs|AsJh|2hJd|9dTh|Qc6h|6s3d/5hJs5s/2c/3s:10000|-10000|0|0|0|0:MrPink|Bill|Eddie|Joe|Pluribus|MrBlue
STATE:2:fr200r715ffff:7cAc|4dQs|Qd8h|Kd9d|JhKh|3d8d:-50|-100|0|-200|350|0:Bill|Eddie|Joe|Pluribus|MrBlue|MrPink
STATE:3:ffr210fff:Ks2h|5h9c|5c3s|6dQd|8d9d|2d7c:-50|-100|0|0|150|0:Eddie|Joe|Pluribus|MrBlue|MrPink|Bill
STATE:4:r225fffff:Tc3d|Kd9s|KsAc|8d2c|3h3s|9d2s:-50|-100|150|0|0|0:Joe|Pluribus|MrBlue|MrPink|Bill|Eddie
STATE:5:ffr200ffc/cc/cc/cr425f:2c5d|3d5s|4hJh|6c2s|9s9d|7dTh/3s2hAs/8h/Qs:-50|-200|0|0|250|0:Pluribus|MrBlue|MrPink|Bill|Eddie|Joe
STATE:6:ffffcr300c/cr600c/cc/r1500f:Qc9d|5d3s|8dAc|Qh4h|3hKc|Jd6s/9h2c2h/6c/Ts:600|-600|0|0|0|0:MrBlue|MrPink|Bill|Eddie|Joe|Pluribus
STATE:7:r200fffff:Ad6s|Tc4s|9dJd|AhTs|Qs3s|8d5h:-50|-100|150|0|0|0:MrPink|Bill|Eddie|Joe|Pluribus|MrBlue
STATE:8:ffr225cfc/ccc/ccc/ccr587ff:3dKs|7d7h|6sJh|Kd2s|Td9d|Ac6c/9hAh5h/Kc/Ad:-50|-225|0|0|-225|500:Bill|Eddie|Joe|Pluribus|MrBlue|MrPink
STATE:9:fffr250fc/cc/cc/r500f:3c5c|2c2s|5h3d|2d3h|8c9h|AsJs/5d7h4h/Qh/2h:-50|300|0|0|0|-250:Eddie|Joe|Pluribus|MrBlue|MrPink|Bill
STATE:10:fffff:8h2h|6hKd|9sAd|7sJc|2dAh|8s5c:-50|50|0|0|0|0:Joe|Pluribus|MrBlue|MrPink|Bill|Eddie
STATE:11:ffr200fff:4sKc|5sTd|Jh3c|3s6c|9s9h|JsTh:-50|-100|0|0|150|0:Pluribus|MrBlue|MrPink|Bill|Eddie|Joe
STATE:12:ffffr300c/cc/r750c/r1875c:8dQs|6dAh|3h7d|4c9c|7h2s|5dKc/Ad9h9d/Th/9s:-1875|1875|0|0|0|0:MrBlue|MrPink|Bill|Eddie|Joe|Pluribus
STATE:13:ffffcc/r200f:9cTs|7s3s|2h4s|Jc5c|8sKd|9s7c/QdJh4d:100|-100|0|0|0|0:MrPink|Bill|Eddie|Joe|Pluribus|MrBlue
STATE:14:ffffr300c/r600f:6d8d|9cJd|KdTs|7h4s|8sQh|Tc2c/5c4d4h:300|-300|0|0|0|0:Bill|Eddie|Joe|Pluribus|MrBlue|MrPink
STATE:15:fr225fcfr1300ff:3dQc|KdKh|7d2d|4c3c|6cAd|Qh9h:-50|500|0|-225|0|-225:Eddie|Joe|Pluribus|MrBlue|MrPink|Bill
STATE:16:fffff:Kd2s|KsKh|6h3h|5h3c|3s7d|3dJs:-50|50|0|0|0|0:Joe|Pluribus|MrBlue|MrPink|Bill|Eddie
STATE:17:fffff:Jh3s|AdAs|9c7h|Ts6s|7d9s|2c9h:-50|50|0|0|0|0:Pluribus|MrBlue|MrPink|Bill|Eddie|Joe
STATE:18:ffffr300r900c/cc/r2050c/cr4100f:5s6s|ThQh|Kd8s|5hKc|3sTs|7h3h/7sAdQs/Tc/5c:-2050|2050|0|0|0|0:MrBlue|MrPink|Bill|Eddie|Joe|Pluribus
STATE:19:r200fffff:KcJs|Td2s|9s9c|Tc2d|Qh4s|2h4c:-50|-100|150|0|0|0:MrPink|Bill|Eddie|Joe|Pluribus|MrBlue
STATE:20:ffr225fff:Qh3s|5cTh|9cJh|6hQs|2c2h|3dAh:-50|-100|0|0|150|0:Bill|Eddie|Joe|Pluribus|MrBlue|MrPink
STATE:21:ffr210ffr950r2100f:JhTc|8sTs|Ah8c|6dKd|AsAc|4s7s:-50|-950|0|0|1000|0:Eddie|Joe|Pluribus|MrBlue|MrPink|Bill
STATE:22:fffr222fc/cr372r769f:Jc7d|Qd7s|Js5c|Qc3s|6sTc|Ah9c/3cTdQh:-50|422|0|0|0|-372:Joe|Pluribus|MrBlue|MrPink|Bill|Eddie
STATE:23:ffffr250c/r1250f:AsQh|ThKc|2hTs|2c3h|Ah2d|Td7h/AdQd9s:250|-250|0|0|0|0:Pluribus|MrBlue|MrPink|Bill|Eddie|Joe
STATE:24:ffr250r737ffr2400f:Qs5h|7s8c|4hTh|Ad3s|AcKc|AsJh:-50|-100|0|0|887|-737:MrBlue|MrPink|Bill|Eddie|Joe|Pluribus
STATE:25:ffffcr350c/cr700c/cr2450f:Jh9s|JsQc|6dQd|5c8d|2c6s|8h6c/4d5sJd/7c:-700|700|0|0|0|0:MrPink|Bill|Eddie|Joe|Pluribus|MrBlue
STATE:26:ffr225fff:2s5h|Qs3c|3s2d|9c4d|6dQd|6sJs:-50|-100|0|0|150|0:Bill|Eddie|Joe|Pluribus|MrBlue|MrPink
STATE:27:ffffcr400c/cc/cc/cr1200f:JdQs|4d2c|8sJh|Qd9c|4hTd|3h5c/6s6d7c/Kd/7s:-400|400|0|0|0|0:Eddie|Joe|Pluribus|MrBlue|MrPink|Bill
STATE:28:ffr225ffc/cr475c/cc/r975c:Jc7s|9dTc|5hAd|5sTh|2sAs|7c5d/Kc2c9h/3d/6s:-50|1025|0|0|-975|0:Joe|Pluribus|MrBlue|MrPink|Bill|Eddie
STATE:29:r210ffr850ffr2450f:3d3s|4cJh|AhAc|4d5d|5c6d|KhQc:-50|-100|1000|0|0|-850:Pluribus|MrBlue|MrPink|Bill|Eddie|Joe
STATE:30:fr200ffcc/ccr350cf/cc/r1025f:TdJc|8h6h|Qh4c|KsAh|Qd7h|7d4d/9c4hJs/3c/5h:550|-200|0|-350|0|0:MrBlue|MrPink|Bill|Eddie|Joe|Pluribus
STATE:31:fffr225cr1225ff:4h4c|AhQc|Kh6c|8c2s|Ks3d|Ac7h:-225|450|0|0|0|-225:MrPink|Bill|Eddie|Joe|Pluribus|MrBlue
STATE:32:fffr250fr1300c/r3000c/r5850c/r10000c:9hQc|AdKc|Qh4h|Ts5h|Kd7c|KsQs/QdAh2s/Kh/8d:-50|10050|0|0|0|-10000:Bill|Eddie|Joe|Pluribus|MrBlue|MrPink
STATE:33:ffffr300c/r780c/cc/r2030f:Ah8c|5hKh|Qc7s|5s9s|Tc2h|6h2s/QhKdAs/4d/9c:780|-780|0|0|0|0:Eddie|Joe|Pluribus|MrBlue|MrPink|Bill
STATE:34:fffff:6c3h|7s4d|6s7h|9d5c|3sJd|4h5d:-50|50|0|0|0|0:Joe|Pluribus|MrBlue|MrPink|Bill|Eddie
STATE:35:ffr200ffc/cr300f:TsQh|TdJd|7h8d|Jh7s|2hAh|3h4s/AsQs2s:-50|-200|0|0|250|0:Pluribus|MrBlue|MrPink|Bill|Eddie|Joe
STATE:36:ffffcc/cr200f:Td3d|7h2d|4s2s|Qs9d|5s3c|2cAd/4h8c2h:-100|100|0|0|0|0:MrBlue|MrPink|Bill|Eddie|Joe|Pluribus
STATE:37:fffr225fc/cc/cr600f:Jd4s|2c2s|7cKs|9dTh|Qs3s|7sJs/5d8cTd/8s:-50|-225|0|0|0|275:MrPink|Bill|Eddie|Joe|Pluribus|MrBlue
STATE:38:r250fcfff/cr550f:4h3h|Th5d|AcQh|Jc2h|QcAs|2s6c/8dTs9d:-50|-100|-250|0|400|0:Bill|Eddie|Joe|Pluribus|MrBlue|MrPink
STATE:39:fr225ffcf/cr500f:2d2s|8s7h|7sAh|9c7c|6sKc|6hJd/Kd8c3s:-225|-100|0|325|0|0:Eddie|Joe|Pluribus|MrBlue|MrPink|Bill
STATE:40:fffr222ff:Ts3s|9h5d|9s6d|7c3c|Qd8c|Ah4c:-50|-100|0|0|0|150:Joe|Pluribus|MrBlue|MrPink|Bill|Eddie
STATE:41:ffr200fff:Jd2s|4d9c|8dQc|7h4c|JhAs|8c5d:-50|-100|0|0|150|0:Pluribus|MrBlue|MrPink|Bill|Eddie|Joe
STATE:42:ffffcc/cc/cc/cc:3d3h|5c8h|2cTs|7cTc|Jd8s|3s6h/QdQc7s/Qh/Ks:100|-100|0|0|0|0:MrBlue|MrPink|Bill|Eddie|Joe|Pluribus
STATE:43:fffff:3h6d|5c8h|Jd9h|6sQc|Ts7d|Td7s:-50|50|0|0|0|0:MrPink|Bill|Eddie|Joe|Pluribus|MrBlue
STATE:44:ffr225ffc/cc/cr600r1537f:5dAs|4dQd|Jc6d|2c4s|QsQc|Td6c/Ad2h7d/3d:-50|650|0|0|-600|0:Bill|Eddie|Joe|Pluribus|MrBlue|MrPink
STATE:45:ffffcc/r200c/r500c/r800c:7cKd|As6c|4cQs|8hJd|Ad5c|8c2s/7s3dKc/4d/5h:-800|800|0|0|0|0:Eddie|Joe|Pluribus|MrBlue|MrPink|Bill
STATE:46:fffr222ff:6c5s|8d5c|3cJc|Qs2h|8s4d|QcAc:-50|-100|0|0|0|150:Joe|Pluribus|MrBlue|MrPink|Bill|Eddie
STATE:47:ffffcr350f:5cQs|Ts2d|9dKh|8h7d|Jc9h|7sJd:-100|100|0|0|0|0:Pluribus|MrBlue|MrPink|Bill|Eddie|Joe
STATE:48:fffff:Jc6d|2h9d|KsTc|2cQh|2dQs|8d6h:-50|50|0|0|0|0:MrBlue|MrPink|Bill|Eddie|Joe|Pluribus
STATE:49:fffr225ff:As6h|6c3d|4cKs|8h2c|2d7d|8cAc:-50|-100|0|0|0|150:MrPink|Bill|Eddie|Joe|Pluribus|MrBlue
STATE:50:ffr225cff/cr525f:Td3h|6dQs|2h4c|7h8c|6sAh|Qd9d/Jd8sTc:-50|-100|0|0|-225|375:Bill|Eddie|Joe|Pluribus|MrBlue|MrPink
STATE:51:fffr287fc/cc/cr687c/cr1755f:9dKs|8sQd|Ah8d|4c3s|6h2d|Js4s/QcAcTh/6d/4h:-50|-687|0|0|0|737:Eddie|Joe|Pluribus|MrBlue|MrPink|Bill
STATE:52:ffffcc/cr200r455f:9d9s|Ad2h|Jh5h|5s3s|7c2s|6d4c/6c6s8d:200|-200|0|0|0|0:Joe|Pluribus|MrBlue|MrPink|Bill|Eddie
STATE:53:ffr200ffc/cr335f:2sKs|Th7d|7s9c|3s5d|Ad9d|Jc4h/6cKhQs:-50|-200|0|0|250|0:Pluribus|MrBlue|MrPink|Bill|Eddie|Joe
STATE:54:r225fffcc/ccr450fc/cr1012f:Kc8c|9d9s|8d8s|JsTc|KhTs|Kd2s/Jh3s4d/6d:-225|-450|675|0|0|0:MrBlue|MrPink|Bill|Eddie|Joe|Pluribus
STATE:55:fffff:4s3c|Kc9c|Tc7d|2c9h|5cQd|8d6c:-50|50|0|0|0|0:MrPink|Bill|Eddie|Joe|Pluribus|MrBlue
STATE:56:r250fffff:Jc6s|Td5h|QcAd|JhTc|7cQh|8c7d:-50|-100|150|0|0|0:Bill|Eddie|Joe|Pluribus|MrBlue|MrPink
STATE:57:fffr287ff:6sTc|Jc7h|Ad2s|8d6c|Qc3s|Kc2c:-50|-100|0|0|0|150:Eddie|Joe|Pluribus|MrBlue|MrPink|Bill
STATE:58:r225fr700ffff:TdJc|3h2c|Ks9s|9c4h|AhQc|3d8d:-50|-100|-225|0|375|0:Joe|Pluribus|MrBlue|MrPink|Bill|Eddie
STATE:59:ffffr200c/cc/r400c/r800r2400f:8s8h|2hKs|Tc3s|9cKd|3hJh|4h3d/Th3c2s/5d/2c:-800|800|0|0|0|0:Pluribus|MrBlue|MrPink|Bill|Eddie|Joe
STATE:60:ffffcr300c/cr960f:4h4d|4sAs|Ah4c|9h2d|9cKs|2sTh/Kc7cQd:-300|300|0|0|0|0:MrBlue|MrPink|Bill|Eddie|Joe|Pluribus
STATE:61:ffffcr350c/cr700c/r1150r3075f:4dJd|8s5c|7s9s|Qc4h|2d3d|6s2h/6d9d2c/7h:-1150|1150|0|0|0|0:MrPink|Bill|Eddie|Joe|Pluribus|MrBlue
STATE:62:r250ffffc/cr800c/cr2250f:Jd5h|4hKh|Kd7d|3h3c|2cTc|4d5s/JhTsQc/3s:-50|-800|850|0|0|0:Bill|Eddie|Joe|Pluribus|MrBlue|MrPink
STATE:63:r250fr750ffff:4d4s|9c3s|JcAs|8sJd|QdQh|Qc5c:-50|-100|-250|0|400|0:Eddie|Joe|Pluribus|MrBlue|MrPink|Bill
STATE:64:ffr225fff:Ks7d|3c8d|2d5d|3s4h|QhTc|8sAd:-50|-100|0|0|150|0:Joe|Pluribus|MrBlue|MrPink|Bill|Eddie
STATE:65:fffr250ff:4s8h|6sTd|Kc7d|Tc3d|Qc5h|Qh9c:-50|-100|0|0|0|150:Pluribus|MrBlue|MrPink|Bill|Eddie|Joe
STATE:66:fr200ffcf/cc/r1000c/r4100f:KcJd|2d8c|2hAc|9hAh|8h7c|As8d/4d9sQs/3d/6h:1100|-100|0|-1000|0|0:MrBlue|MrPink|Bill|Eddie|Joe|Pluribus
STATE:67:ffr225fff:8d3c|9d3s|3hJs|5hJh|QsTs|Ks5c:-50|-100|0|0|150|0:MrPink|Bill|Eddie|Joe|Pluribus|MrBlue
STATE:68:fffff:Tc6d|4sAs|7hTh|6h2d|4dKh|3s8s:-50|50|0|0|0|0:Bill|Eddie|Joe|Pluribus|MrBlue|MrPink
STATE:69:fr225ffff:8cQd|9h2h|As7h|7dAd|5d2d|4h3c:-50|-100|0|150|0|0:Eddie|Joe|Pluribus|MrBlue|MrPink|Bill
STATE:70:fffr222fc/cr472c/cr1272f:5h2c|JcAh|4sTs|As4h|Jh3c|QhQs/Qc8c4c/8d:-50|-472|0|0|0|522:Joe|Pluribus|MrBlue|MrPink|Bill|Eddie
STATE:71:fffr250fc/cc/r1125c/r4875f:Kh5d|4s4c|JhKs|9c3c|8d3d|TdQd/8h4hKd/Js/Kc:-50|1175|0|0|0|-1125:Pluribus|MrBlue|MrPink|Bill|Eddie|Joe
STATE:72:fffr225ff:6hTs|3c7d|Ac4h|2s8h|7hAd|3hKh:-50|-100|0|0|0|150:MrBlue|MrPink|Bill|Eddie|Joe|Pluribus
STATE:73:ffr200fcc/ccc/r500ff:6h7h|9s7c|Td3d|As2h|JdQh|Qs6s/4cKhKs/3s:400|-200|0|0|-200|0:MrPink|Bill|Eddie|Joe|Pluribus|MrBlue
STATE:74:fr287fffc/cr599c/cr3095f:8c3c|JdAs|9d2h|QsAc|5sTd|6sTh/TsQcQh/9s:-50|-599|0|649|0|0:Bill|Eddie|Joe|Pluribus|MrBlue|MrPink
STATE:75:ffffcr400c/cc/cc/r1040f:9dQs|9s2h|5sAd|Qc7d|2sTd|2c7c/4hTc5d/Qd/3s:400|-400|0|0|0|0:Eddie|Joe|Pluribus|MrBlue|MrPink|Bill
STATE:76:fffr222fc/cc/cr972f:2c4d|Ac4s|2s9c|QdTc|5c8s|AdJh/3hQsTh/Kd:-50|-222|0|0|0|272:Joe|Pluribus|MrBlue|MrPink|Bill|Eddie
STATE:77:fffr250fc/cr550c/cc/r2150c:3sJh|8sTh|2d4d|9s5s|6c2h|KhKd/Qh7c8d/7h/Jd:-50|-2150|0|0|0|2200:Pluribus|MrBlue|MrPink|Bill|Eddie|Joe
STATE:78:ffr250fcr1400ff:7dAd|KhAh|7h9s|4s2h|8cKc|Jh6s:-250|500|0|0|-250|0:MrBlue|MrPink|Bill|Eddie|Joe|Pluribus
STATE:79:fffr225fr1000c/cr1800c/cc/cr3525f:8cAs|AdAh|Kd5s|Kh3c|3sTd|5h5c/8hJs6d/9s/7s:-50|-1800|0|0|0|1850:MrPink|Bill|Eddie|Joe|Pluribus|MrBlue
STATE:80:r250ffffc/cr475r900c/r3150f:8cJs|4cAc|6d6c|7dKh|Ad2s|Qs6h/7c2c3s/Jh:-50|950|-900|0|0|0:Bill|Eddie|Joe|Pluribus|MrBlue|MrPink
STATE:81:fffr287ff:3s7d|3hKs|8hTc|8cAh|Qh2d|8d6d:-50|-100|0|0|0|150:Eddie|Joe|Pluribus|MrBlue|MrPink|Bill
STATE:82:fr210fffr1100r2300c/cr3450r6925c/r10000c/:9d5h|AcAs|2sKc|AdKd|Qs7s|4d6c/Tc3dKs/8d/9h:-50|10050|0|-10000|0|0:Joe|Pluribus|MrBlue|MrPink|Bill|Eddie
STATE:83:ffffcr350r1400f:AcJh|8sTs|9cJs|4s7d|Ks2d|3c6h:350|-350|0|0|0|0:Pluribus|MrBlue|MrPink|Bill|Eddie|Joe
STATE:84:fffff:5cTd|Tc4d|3s2c|9dTh|Jh7d|Ts3d:-50|50|0|0|0|0:MrBlue|MrPink|Bill|Eddie|Joe|Pluribus
STATE:85:ffffcr350f:6hQd|JsJc|9hTd|Ks5h|Ts3s|4c2d:-100|100|0|0|0|0:MrPink|Bill|Eddie|Joe|Pluribus|MrBlue
STATE:86:ffffr300c/cc/r750c/r1875c:9hKs|Qc6c|9d7s|Jc8s|Kh5c|4c3h/Qh9c8d/5d/2c:-1875|1875|0|0|0|0:Bill|Eddie|Joe|Pluribus|MrBlue|MrPink
STATE:87:fffff:5d9c|8s3h|Tc6s|6h3c|6cQh|5s7c:-50|50|0|0|0|0:Eddie|Joe|Pluribus|MrBlue|MrPink|Bill
STATE:88:ffr225ffc/cc/cr600f:3h8c|7c7s|Jd9h|3d6d|Ks8s|8dTh/8hQcTs/Kd:-50|-225|0|0|275|0:Joe|Pluribus|MrBlue|MrPink|Bill|Eddie
STATE:89:fr225fffc/cc/cr475c/cr825f:Kh2s|4d6s|2c9c|QdAd|7c8s|Qc9s/3c6d9d/3d/2d:-50|-475|0|525|0|0:Pluribus|MrBlue|MrPink|Bill|Eddie|Joe
STATE:90:ffffcc/cc/cc/cc:3dAh|3s7c|JsTc|2hAd|Ks9d|Ts3c/2dJh7h/8d/Td:-100|100|0|0|0|0:MrBlue|MrPink|Bill|Eddie|Joe|Pluribus
STATE:91:fr250ffff:3dJs|8c4s|Qd2s|QsKd|Ks7c|2h4d:-50|-100|0|150|0|0:MrPink|Bill|Eddie|Joe|Pluribus|MrBlue
STATE:92:ffr225ffc/cc/r625c/cr2525f:2d2h|JcQc|6cJs|7dTh|Ac8h|9hKs/4s8d9d/3c/Ah:-50|-625|0|0|675|0:Bill|Eddie|Joe|Pluribus|MrBlue|MrPink
STATE:93:r200fffff:4s9s|8sKh|AhTc|8hTs|2s2h|3cJs:-50|-100|150|0|0|0:Eddie|Joe|Pluribus|MrBlue|MrPink|Bill
STATE:94:r225fffff:Js4s|2s8c|9dJd|AsTh|Kh8s|3h7s:-50|-100|150|0|0|0:Joe|Pluribus|MrBlue|MrPink|Bill|Eddie
STATE:95:fffr250fc/cc/r460f:5h9s|4d9d|Js6h|Jh8s|7c3c|Qc9c/6sKh3s/2d:-50|300|0|0|0|-250:Pluribus|MrBlue|MrPink|Bill|Eddie|Joe
STATE:96:fr200ffcf/cr350r950f:Ad7c|3d4c|2s3h|QsKc|8c6c|9d5h/4dJd2d:450|-100|0|-350|0|0:MrBlue|MrPink|Bill|Eddie|Joe|Pluribus
STATE:97:ffr225fcc/ccr562fc/cc/cc:5s5d|8d8c|Kh9c|Qc4h|JsJh|3dJd/Ts3s6s/2c/Kc:-225|-562|0|0|787|0:MrPink|Bill|Eddie|Joe|Pluribus|MrBlue
STATE:98:r250r818ffffc/cc/r1818c/cc:7s4h|2d9s|AhTh|KdAd|Qc4d|6hJd/5d9c8s/Td/Kh:-50|-100|-1818|1968|0|0:Bill|Eddie|Joe|Pluribus|MrBlue|MrPink
STATE:99:fffr287fr1235f:3hKc|4d5d|Kd9c|5s4c|Jh9d|Ac8h:-50|337|0|0|0|-287:Eddie|Joe|Pluribus|MrBlue|MrPink|Bill
STATE:100:ffr225fff:6c5c|7d2h|4d8h|Qc2d|KcJh|Ad9s:-50|-100|0|0|150|0:Joe|Pluribus|MrBlue|MrPink|Bill|Eddie
STATE:101:fr225fffc/cr475c/cc/r1800f:4c3d|7c2c|8h6c|7d7s|Ts3s|8dKh/4s2dAs/3h/8s:-50|525|0|-475|0|0:Pluribus|MrBlue|MrPink|Bill|Eddie|Joe
STATE:102:fffr250fr1200c/r3650c/cr9162f:Jc6s|JhTs|3c2c|6h7d|4sKc|JdTd/9sQsAc/6c:-50|-3650|0|0|0|3700:MrBlue|MrPink|Bill|Eddie|Joe|Pluribus
STATE:103:fr250r818fffc/cr1264c/cc/cc:7c8d|9c4c|Td4s|TsTh|KdJd|8sQh/KhAhAd/9s/8h:-50|-100|0|-1264|1414|0:MrPink|Bill|Eddie|Joe|Pluribus|MrBlue
STATE:104:fr225cfff/cr500f:3h4h|5h7d|Qs6c|AhKs|KdAs|3cKh/8cQcJd:-50|-100|0|-225|375|0:Bill|Eddie|Joe|Pluribus|MrBlue|MrPink
STATE:105:fr225ffff:5h9d|2dKs|4c6h|ThKh|7d3h|9hQs:-50|-100|0|150|0|0:Eddie|Joe|Pluribus|MrBlue|MrPink|Bill
STATE:106:fffr222fc/cr372c/cc/cc:8cKs|Kh7h|3d7c|Ad6s|2d3s|TsQd/7d5sJd/Th/8h:-50|-372|0|0|0|422:Joe|Pluribus|MrBlue|MrPink|Bill|Eddie
STATE:107:fr225ffff:5s2c|Ts6d|3h6c|JhQs|8d9s|JdKh:-50|-100|0|150|0|0:Pluribus|MrBlue|MrPink|Bill|Eddie|Joe
STATE:108:r225r700ffffc/cc/cc/cr1475f:6d2s|Qd7s|4d4c|Ac5c|Js8d|Td2d/TsThQs/9d/Kc:-50|-100|-700|850|0|0:MrBlue|MrPink|Bill|Eddie|Joe|Pluribus
STATE:109:r200r800fffff:9c6h|KdJd|Ad9d|As5s|3hQc|6c7h:-50|-100|-200|350|0|0:MrPink|Bill|Eddie|Joe|Pluribus|MrBlue
STATE:110:r250fffff:2dAd|9h2s|QhJh|4dQd|3dQc|4sKh:-50|-100|150|0|0|0:Bill|Eddie|Joe|Pluribus|MrBlue|MrPink
STATE:111:ffr210ffc/cc/r460f:Kc3h|JdQc|As5c|2d6d|Ah5h|6hAc/7sTsKs/6s:-50|260|0|0|-210|0:Eddie|Joe|Pluribus|MrBlue|MrPink|Bill
STATE:112:fr210ffff:TsJc|8hQs|3cQd|AdAs|5h2c|7dAh:-50|-100|0|150|0|0:Joe|Pluribus|MrBlue|MrPink|Bill|Eddie
STATE:113:r200ffffr925f:5hJc|QhQs|Qd8d|4c6d|4sTd|Qc3h:-50|250|-200|0|0|0:Pluribus|MrBlue|MrPink|Bill|Eddie|Joe
STATE:114:ffr250ffc/cr500c/cc/r1200f:Tc7s|QsAh|9dTs|Js6s|JhTd|8s4c/Qh2d8c/Th/6d:-50|550|0|0|-500|0:MrBlue|MrPink|Bill|Eddie|Joe|Pluribus
STATE:115:fffff:6c5s|9d3s|Jc9s|5cTd|Kh5d|Jd2h:-50|50|0|0|0|0:MrPink|Bill|Eddie|Joe|Pluribus|MrBlue
STATE:116:r250ffcff/cc/r650f:4d7c|4c8d|As7s|6dAh|5sKd|KhQh/5cTc7h/3c:-50|-100|400|0|0|-250:Bill|Eddie|Joe|Pluribus|MrBlue|MrPink
STATE:117:r200fffff:6sJc|Ts8h|KdJd|Ks2c|7d6c|QdJs:-50|-100|150|0|0|0:Eddie|Joe|Pluribus|MrBlue|MrPink|Bill
STATE:118:ffffr300c/cr900f:4c6c|ThJh|6h4d|2c3h|As9d|4hKs/Ah8d8c:-300|300|0|0|0|0:Joe|Pluribus|MrBlue|MrPink|Bill|Eddie
STATE:119:ffr200ffc/cr335f:3d7s|Th3h|3c4c|Jh8d|7cQc|7h9s/6cQsJd:-50|-200|0|0|250|0:Pluribus|MrBlue|MrPink|Bill|Eddie|Joe
STATE:120:fr200ffff:Qh2d|2h7s|Ad7h|Jc9c|Jd8d|3s2c:-50|-100|0|150|0|0:MrBlue|MrPink|Bill|Eddie|Joe|Pluribus
STATE:121:ffffcr350c/cr700r1400f:2s2d|5c7h|KhTs|Qs5h|6cJd|3cKd/3h8s2h:700|-700|0|0|0|0:MrPink|Bill|Eddie|Joe|Pluribus|MrBlue
STATE:122:fr200ffr850fc/r1450f:9s9d|8h3d|6s3c|KsTs|6c4d|7c9c/5h5c7h:950|-100|0|-850|0|0:Bill|Eddie|Joe|Pluribus|MrBlue|MrPink
STATE:123:fffff:2d3c|JcJs|6h5d|6sJd|6c8d|2c5s:-50|50|0|0|0|0:Eddie|Joe|Pluribus|MrBlue|MrPink|Bill
STATE:124:ffr225fr950ff:5dAd|5cQc|2c4c|5hAs|Ac9d|4s9h:325|-100|0|0|-225|0:Joe|Pluribus|MrBlue|MrPink|Bill|Eddie
STATE:125:fffff:6s9d|5s6c|2d9c|Tc5h|6d9h|8dQs:-50|50|0|0|0|0:Pluribus|MrBlue|MrPink|Bill|Eddie|Joe
STATE:126:ffr250ffr1200f:2dQs|AdJd|4d6c|8dJc|8sAh|3d2c:-50|300|0|0|-250|0:MrBlue|MrPink|Bill|Eddie|Joe|Pluribus
STATE:127:r200r805fffff:4c8c|6cQd|9sTs|AcKd|4s3d|7dTc:-50|-100|-200|350|0|0:MrPink|Bill|Eddie|Joe|Pluribus|MrBlue
STATE:128:r250fffff:5h3s|2cQd|KcJd|Qs5d|Ks6c|8s4d:-50|-100|150|0|0|0:Bill|Eddie|Joe|Pluribus|MrBlue|MrPink
STATE:129:fr225r700fffc/cc/cc/cc:Td3s|4d9d|9h2s|7s7h|Kh6h|4cKs/AcKc2h/Tc/Js:-50|-100|0|-700|850|0:Eddie|Joe|Pluribus|MrBlue|MrPink|Bill
STATE:130:fr210fcr1300fff:JcJh|9c4c|Th9d|QcJd|4sQs|5s5c:520|-100|0|-210|0|-210:Joe|Pluribus|MrBlue|MrPink|Bill|Eddie
STATE:131:r210fcfff/cc/r860c/r2960f:7h2s|9s2c|AhAd|8d3s|QsAc|Ts5s/4hTd4s/Kd/8s:-50|-100|1010|0|-860|0:Pluribus|MrBlue|MrPink|Bill|Eddie|Joe
STATE:132:fr200r825ffff:7dAh|Td8d|3s7c|Js7s|KdKh|9s9c:-50|-100|0|-200|350|0:MrBlue|MrPink|Bill|Eddie|Joe|Pluribus
STATE:133:ffffcr350c/cr550r1100c/cr1700c/cr5100c:QdJs|JhKc|8d6d|Th5c|9d5h|4c7s/2sKsKd/Qh/Td:-5100|5100|0|0|0|0:MrPink|Bill|Eddie|Joe|Pluribus|MrBlue
STATE:134:ffr225fr950ff:ThKh|2c7d|2h9c|8c7s|JsAc|8d4h:325|-100|0|0|-225|0:Bill|Eddie|Joe|Pluribus|MrBlue|MrPink
STATE:135:r225ffcff/cr525f:7cQh|7dAh|QsKd|Qd3s|5c2d|JsKs/4cTd6h:-50|-100|-225|0|0|375:Eddie|Joe|Pluribus|MrBlue|MrPink|Bill
STATE:136:r225ffffr1225c/cc/cr2225f:Qd7s|KdTd|TcTs|3cTh|2d8s|8c6s/8dJh6c/2c:-50|-1225|1275|0|0|0:Joe|Pluribus|MrBlue|MrPink|Bill|Eddie
STATE:137:fr225ffff:Tc7s|4d8c|8sQs|AcAs|JdTs|4h9d:-50|-100|0|150|0|0:Pluribus|MrBlue|MrPink|Bill|Eddie|Joe
STATE:138:ffr250fff:6sKs|5s2h|4s9d|3s7h|AhJh|3d8c:-50|-100|0|0|150|0:MrBlue|MrPink|Bill|Eddie|Joe|Pluribus
STATE:139:ffr200ffc/cc/r425c/cr1100c:6s2h|8sTd|Ah7s|7h6c|QsKd|7cJd/5c5s9s/2s/8h:-50|1150|0|0|-1100|0:MrPink|Bill|Eddie|Joe|Pluribus|MrBlue
STATE:140:fr200ffff:9cTh|5c7h|Qd4h|TsAs|TdJh|6d3c:-50|-100|0|150|0|0:Bill|Eddie|Joe|Pluribus|MrBlue|MrPink
STATE:141:fffr287r1250ff:AdKh|QhJc|3s2d|7c4h|5h8s|Tc6c:387|-100|0|0|0|-287:Eddie|Joe|Pluribus|MrBlue|MrPink|Bill
STATE:142:fr210cffc/ccc/cr550fr1230c/cc:7d9c|3h6h|4hKc|AhJs|As9s|JdQc/Kh8hQh/3s/Qs:-50|1490|0|-1230|-210|0:Joe|Pluribus|MrBlue|MrPink|Bill|Eddie
STATE:143:r210ffcfc/cr550cf/cr975f:8s6h|JhJs|5d5c|3sQc|6s2d|TcJc/6c2cAh/Ac:-50|-210|-550|0|0|810:Pluribus|MrBlue|MrPink|Bill|Eddie|Joe
STATE:144:fffr225fc/cc/cr350r1475c/cc:8hQs|8d2d|6c4s|6sTh|2s4d|KsTc/Qd2cTd/3h/Jc:-50|-1475|0|0|0|1525:MrBlue|MrPink|Bill|Eddie|Joe|Pluribus
STATE:145:fffff:Qh6s|8d3h|Td5d|Qd5h|6c4s|Qs6h:-50|50|0|0|0|0:MrPink|Bill|Eddie|Joe|Pluribus|MrBlue
STATE:146:ffffr300c/cc/cr900c/cc:TsKd|Ah7s|6s8h|4h8s|8c5c|Qs3h/9sAs4d/7h/9c:-900|900|0|0|0|0:Bill|Eddie|Joe|Pluribus|MrBlue|MrPink
STATE:147:fr225fffc/cc/cr600r1625f:7s9s|KsTh|QcTs|KcAc|4s7c|3sQh/5cTd3h/Kh:-50|650|0|-600|0|0:Eddie|Joe|Pluribus|MrBlue|MrPink|Bill
STATE:148:ffr225ffr1225f:Kd6h|6d5d|8dTs|Qd2s|ThAc|3c7s:-50|275|0|0|-225|0:Joe|Pluribus|MrBlue|MrPink|Bill|Eddie
STATE:149:fffff:6d2s|KdTs|8cQs|As6h|9c2d|7d6c:-50|50|0|0|0|0:Pluribus|MrBlue|MrPink|Bill|Eddie|Joe
STATE:150:ffffcc/cc/cc/cr300f:5cAs|Qc2d|8d6d|7s5h|7d4d|9h2c/8h6s2s/Qh/Js:-100|100|0|0|0|0:MrBlue|MrPink|Bill|Eddie|Joe|Pluribus
STATE:151:ffr225fff:Jd5d|6c9h|9c5c|2sKc|TdJs|4d3c:-50|-100|0|0|150|0:MrPink|Bill|Eddie|Joe|Pluribus|MrBlue
STATE:152:fffr250ff:9s6s|4c3s|3d2d|5dJs|Jh7c|8hAc:-50|-100|0|0|0|150:Bill|Eddie|Joe|Pluribus|MrBlue|MrPink
STATE:153:fffr287ff:9c7d|3hJh|Ac4d|7s8c|4sJs|5h7h:-50|-100|0|0|0|150:Eddie|Joe|Pluribus|MrBlue|MrPink|Bill
STATE:154:r225ffffc/cr475c/cr1325c/cr3575c:7d8h|JdKc|4d4s|3dTh|Ah6d|5cAs/Qc4hKd/Ts/6h:-50|-3575|3625|0|0|0:Joe|Pluribus|MrBlue|MrPink|Bill|Eddie
